<?xml version="1.0" encoding="UTF-8" ?>
<runList       name="test-250409_"       seed="0" sequence ="PPPPPPHPHHPPPPPHHHPHHHHHPHPPPPHHPPHHPHHHHHPHHHHHHHHHHPHHPHHHHHHHPPPPPPPPPPPHHHHHHHPPHPHHHPPPPPPHPHH" dimensions="TWO">
<run              number="0" numberOfGenerations="400001"      populationSize="10000">
	<trajectory sample="0" generation="0" 
bestEnergy="-25.0" averageEnergy="-10.6714" worstEnergy="0.0" bestConformation="Conformation 12.0 -12.0 Ffrffrfrllflrffrllfrlrrlffrlfrlrrffrllrrlfllrlfrrllrflrrfflrrflrllrrffflflrlfrlrlrllfrfrllflffrfflr"/>
	<trajectory sample="1" generation="1000" 
bestEnergy="-25.0" averageEnergy="-10.6699" worstEnergy="0.0" bestConformation="Conformation 12.0 -12.0 Ffrffrfrllflrffrllfrlrrlffrlfrlrrffrllrrlfllrlfrrllrflrrfflrrflrllrrffflflrlfrlrlrllfrfrllflffrfflr"/>
	<trajectory sample="2" generation="2000" 
bestEnergy="-25.0" averageEnergy="-10.6807" worstEnergy="0.0" bestConformation="Conformation 12.0 -12.0 Ffrffrfrllflrffrllfrlrrlffrlfrlrrffrllrrlfllrlfrrllrflrrfflrrflrllrrffflflrlfrlrlrllfrfrllflffrfflr"/>
	<trajectory sample="3" generation="3000" 
bestEnergy="-25.0" averageEnergy="-10.6765" worstEnergy="0.0" bestConformation="Conformation 12.0 -12.0 Ffrffrfrllflrffrllfrlrrlffrlfrlrrffrllrrlfllrlfrrllrflrrfflrrflrllrrffflflrlfrlrlrllfrfrllflffrfflr"/>
	<trajectory sample="4" generation="4000" 
bestEnergy="-25.0" averageEnergy="-10.6839" worstEnergy="0.0" bestConformation="Conformation 12.0 -12.0 Ffrffrfrllflrffrllfrlrrlffrlfrlrrffrllrrlfllrlfrrllrflrrfflrrflrllrrffflflrlfrlrlrllfrfrllflffrfflr"/>
	<trajectory sample="5" generation="5000" 
bestEnergy="-25.0" averageEnergy="-10.6977" worstEnergy="0.0" bestConformation="Conformation 12.0 -12.0 Ffrffrfrllflrffrllfrlrrlffrlfrlrrffrllrrlfllrlfrrllrflrrfflrrflrllrrffflflrlfrlrlrllfrfrllflffrfflr"/>
	<trajectory sample="6" generation="6000" 
bestEnergy="-25.0" averageEnergy="-10.72" worstEnergy="0.0" bestConformation="Conformation 12.0 -12.0 Ffrffrfrllflrffrllfrlrrlffrlfrlrrffrllrrlfllrlfrrllrflrrfflrrflrllrrffflflrlfrlrlrllfrfrllflffrfflr"/>
	<trajectory sample="7" generation="7000" 
bestEnergy="-25.0" averageEnergy="-10.7249" worstEnergy="0.0" bestConformation="Conformation 12.0 -12.0 Ffrffrfrllflrffrllfrlrrlffrlfrlrrffrllrrlfllrlfrrllrflrrfflrrflrllrrffflflrlfrlrlrllfrfrllflffrfflr"/>
	<trajectory sample="8" generation="8000" 
bestEnergy="-25.0" averageEnergy="-10.7414" worstEnergy="0.0" bestConformation="Conformation 12.0 -12.0 Ffrffrfrllflrffrllfrlrrlffrlfrlrrffrllrrlfllrlfrrllrflrrfflrrflrllrrffflflrlfrlrlrllfrfrllflffrfflr"/>
	<trajectory sample="9" generation="9000" 
bestEnergy="-25.0" averageEnergy="-10.7369" worstEnergy="0.0" bestConformation="Conformation 12.0 -12.0 Ffrffrfrllflrffrllfrlrrlffrlfrlrrffrllrrlfllrlfrrllrflrrfflrrflrllrrffflflrlfrlrlrllfrfrllflffrfflr"/>
	<trajectory sample="10" generation="10000" 
bestEnergy="-25.0" averageEnergy="-10.7788" worstEnergy="0.0" bestConformation="Conformation 12.0 -12.0 Ffrffrfrllflrffrllfrlrrlffrlfrlrrffrllrrlfllrlfrrllrflrrfflrrflrllrrffflflrlfrlrlrllfrfrllflffrfflr"/>
	<trajectory sample="11" generation="11000" 
bestEnergy="-25.0" averageEnergy="-10.786" worstEnergy="0.0" bestConformation="Conformation 12.0 -12.0 Ffrffrfrllflrffrllfrlrrlffrlfrlrrffrllrrlfllrlfrrllrflrrfflrrflrllrrffflflrlfrlrlrllfrfrllflffrfflr"/>
	<trajectory sample="12" generation="12000" 
bestEnergy="-25.0" averageEnergy="-10.7856" worstEnergy="0.0" bestConformation="Conformation 12.0 -12.0 Ffrffrfrllflrffrllfrlrrlffrlfrlrrffrllrrlfllrlfrrllrflrrfflrrflrllrrffflflrlfrlrlrllfrfrllflffrfflr"/>
	<trajectory sample="13" generation="13000" 
bestEnergy="-25.0" averageEnergy="-10.797" worstEnergy="0.0" bestConformation="Conformation 12.0 -12.0 Ffrffrfrllflrffrllfrlrrlffrlfrlrrffrllrrlfllrlfrrllrflrrfflrrflrllrrffflflrlfrlrlrllfrfrllflffrfflr"/>
	<trajectory sample="14" generation="14000" 
bestEnergy="-25.0" averageEnergy="-10.8097" worstEnergy="0.0" bestConformation="Conformation 12.0 -12.0 Ffrffrfrllflrffrllfrlrrlffrlfrlrrffrllrrlfllrlfrrllrflrrfflrrflrllrrffflflrlfrlrlrllfrfrllflffrfflr"/>
	<trajectory sample="15" generation="15000" 
bestEnergy="-25.0" averageEnergy="-10.8311" worstEnergy="0.0" bestConformation="Conformation 12.0 -12.0 Ffrffrfrllflrffrllfrlrrlffrlfrlrrffrllrrlfllrlfrrllrflrrfflrrflrllrrffflflrlfrlrlrllfrfrllflffrfflr"/>
	<trajectory sample="16" generation="16000" 
bestEnergy="-25.0" averageEnergy="-10.8409" worstEnergy="0.0" bestConformation="Conformation 12.0 -12.0 Ffrffrfrllflrffrllfrlrrlffrlfrlrrffrllrrlfllrlfrrllrflrrfflrrflrllrrffflflrlfrlrlrllfrfrllflffrfflr"/>
	<trajectory sample="17" generation="17000" 
bestEnergy="-25.0" averageEnergy="-10.8572" worstEnergy="0.0" bestConformation="Conformation 12.0 -12.0 Ffrffrfrllflrffrllfrlrrlffrlfrlrrffrllrrlfllrlfrrllrflrrfflrrflrllrrffflflrlfrlrlrllfrfrllflffrfflr"/>
	<trajectory sample="18" generation="18000" 
bestEnergy="-25.0" averageEnergy="-10.8617" worstEnergy="0.0" bestConformation="Conformation 12.0 -12.0 Ffrffrfrllflrffrllfrlrrlffrlfrlrrffrllrrlfllrlfrrllrflrrfflrrflrllrrffflflrlfrlrlrllfrfrllflffrfflr"/>
	<trajectory sample="19" generation="19000" 
bestEnergy="-25.0" averageEnergy="-10.8676" worstEnergy="0.0" bestConformation="Conformation 12.0 -12.0 Ffrffrfrllflrffrllfrlrrlffrlfrlrrffrllrrlfllrlfrrllrflrrfflrrflrllrrffflflrlfrlrlrllfrfrllflffrfflr"/>
	<trajectory sample="20" generation="20000" 
bestEnergy="-25.0" averageEnergy="-10.8881" worstEnergy="0.0" bestConformation="Conformation 12.0 -12.0 Ffrffrfrllflrffrllfrlrrlffrlfrlrrffrllrrlfllrlfrrllrflrrfflrrflrllrrffflflrlfrlrlrllfrfrllflffrfflr"/>
	<trajectory sample="21" generation="21000" 
bestEnergy="-25.0" averageEnergy="-10.8901" worstEnergy="0.0" bestConformation="Conformation 12.0 -12.0 Ffrffrfrllflrffrllfrlrrlffrlfrlrrffrllrrlfllrlfrrllrflrrfflrrflrllrrffflflrlfrlrlrllfrfrllflffrfflr"/>
	<trajectory sample="22" generation="22000" 
bestEnergy="-23.0" averageEnergy="-10.887" worstEnergy="0.0" bestConformation="Conformation 12.0 -12.0 Ffrffrfrllflrffrllfrlrrlffrlfrlrrffrllrrlfllrlfrrllrflrrfflrrflrllrrffflflrlfrlrlrllfrfrllflffrfflr"/>
	<trajectory sample="23" generation="23000" 
bestEnergy="-23.0" averageEnergy="-10.9102" worstEnergy="0.0" bestConformation="Conformation 12.0 -12.0 Ffrffrfrllflrffrllfrlrrlffrlfrlrrffrllrrlfllrlfrrllrflrrfflrrflrllrrffflflrlfrlrlrllfrfrllflffrfflr"/>
	<trajectory sample="24" generation="24000" 
bestEnergy="-23.0" averageEnergy="-10.9196" worstEnergy="0.0" bestConformation="Conformation 12.0 -12.0 Ffrffrfrllflrffrllfrlrrlffrlfrlrrffrllrrlfllrlfrrllrflrrfflrrflrllrrffflflrlfrlrlrllfrfrllflffrfflr"/>
	<trajectory sample="25" generation="25000" 
bestEnergy="-23.0" averageEnergy="-10.9307" worstEnergy="0.0" bestConformation="Conformation 12.0 -12.0 Ffrffrfrllflrffrllfrlrrlffrlfrlrrffrllrrlfllrlfrrllrflrrfflrrflrllrrffflflrlfrlrlrllfrfrllflffrfflr"/>
	<trajectory sample="26" generation="26000" 
bestEnergy="-23.0" averageEnergy="-10.929" worstEnergy="0.0" bestConformation="Conformation 12.0 -12.0 Ffrffrfrllflrffrllfrlrrlffrlfrlrrffrllrrlfllrlfrrllrflrrfflrrflrllrrffflflrlfrlrlrllfrfrllflffrfflr"/>
	<trajectory sample="27" generation="27000" 
bestEnergy="-23.0" averageEnergy="-10.9315" worstEnergy="0.0" bestConformation="Conformation 12.0 -12.0 Ffrffrfrllflrffrllfrlrrlffrlfrlrrffrllrrlfllrlfrrllrflrrfflrrflrllrrffflflrlfrlrlrllfrfrllflffrfflr"/>
	<trajectory sample="28" generation="28000" 
bestEnergy="-23.0" averageEnergy="-10.9437" worstEnergy="0.0" bestConformation="Conformation 12.0 -12.0 Ffrffrfrllflrffrllfrlrrlffrlfrlrrffrllrrlfllrlfrrllrflrrfflrrflrllrrffflflrlfrlrlrllfrfrllflffrfflr"/>
	<trajectory sample="29" generation="29000" 
bestEnergy="-22.0" averageEnergy="-10.9475" worstEnergy="0.0" bestConformation="Conformation 12.0 -12.0 Ffrffrfrllflrffrllfrlrrlffrlfrlrrffrllrrlfllrlfrrllrflrrfflrrflrllrrffflflrlfrlrlrllfrfrllflffrfflr"/>
	<trajectory sample="30" generation="30000" 
bestEnergy="-22.0" averageEnergy="-10.9594" worstEnergy="0.0" bestConformation="Conformation 12.0 -12.0 Ffrffrfrllflrffrllfrlrrlffrlfrlrrffrllrrlfllrlfrrllrflrrfflrrflrllrrffflflrlfrlrlrllfrfrllflffrfflr"/>
	<trajectory sample="31" generation="31000" 
bestEnergy="-22.0" averageEnergy="-10.9668" worstEnergy="0.0" bestConformation="Conformation 12.0 -12.0 Ffrffrfrllflrffrllfrlrrlffrlfrlrrffrllrrlfllrlfrrllrflrrfflrrflrllrrffflflrlfrlrlrllfrfrllflffrfflr"/>
	<trajectory sample="32" generation="32000" 
bestEnergy="-22.0" averageEnergy="-10.9798" worstEnergy="0.0" bestConformation="Conformation 12.0 -12.0 Ffrffrfrllflrffrllfrlrrlffrlfrlrrffrllrrlfllrlfrrllrflrrfflrrflrllrrffflflrlfrlrlrllfrfrllflffrfflr"/>
	<trajectory sample="33" generation="33000" 
bestEnergy="-22.0" averageEnergy="-10.9872" worstEnergy="0.0" bestConformation="Conformation 12.0 -12.0 Ffrffrfrllflrffrllfrlrrlffrlfrlrrffrllrrlfllrlfrrllrflrrfflrrflrllrrffflflrlfrlrlrllfrfrllflffrfflr"/>
	<trajectory sample="34" generation="34000" 
bestEnergy="-22.0" averageEnergy="-11.0045" worstEnergy="0.0" bestConformation="Conformation 12.0 -12.0 Ffrffrfrllflrffrllfrlrrlffrlfrlrrffrllrrlfllrlfrrllrflrrfflrrflrllrrffflflrlfrlrlrllfrfrllflffrfflr"/>
	<trajectory sample="35" generation="35000" 
bestEnergy="-22.0" averageEnergy="-11.0096" worstEnergy="0.0" bestConformation="Conformation 12.0 -12.0 Ffrffrfrllflrffrllfrlrrlffrlfrlrrffrllrrlfllrlfrrllrflrrfflrrflrllrrffflflrlfrlrlrllfrfrllflffrfflr"/>
	<trajectory sample="36" generation="36000" 
bestEnergy="-22.0" averageEnergy="-11.0234" worstEnergy="0.0" bestConformation="Conformation 12.0 -12.0 Ffrffrfrllflrffrllfrlrrlffrlfrlrrffrllrrlfllrlfrrllrflrrfflrrflrllrrffflflrlfrlrlrllfrfrllflffrfflr"/>
	<trajectory sample="37" generation="37000" 
bestEnergy="-22.0" averageEnergy="-11.0329" worstEnergy="0.0" bestConformation="Conformation 12.0 -12.0 Ffrffrfrllflrffrllfrlrrlffrlfrlrrffrllrrlfllrlfrrllrflrrfflrrflrllrrffflflrlfrlrlrllfrfrllflffrfflr"/>
	<trajectory sample="38" generation="38000" 
bestEnergy="-22.0" averageEnergy="-11.0426" worstEnergy="-1.0" bestConformation="Conformation 12.0 -12.0 Ffrffrfrllflrffrllfrlrrlffrlfrlrrffrllrrlfllrlfrrllrflrrfflrrflrllrrffflflrlfrlrlrllfrfrllflffrfflr"/>
	<trajectory sample="39" generation="39000" 
bestEnergy="-22.0" averageEnergy="-11.0493" worstEnergy="-1.0" bestConformation="Conformation 12.0 -12.0 Ffrffrfrllflrffrllfrlrrlffrlfrlrrffrllrrlfllrlfrrllrflrrfflrrflrllrrffflflrlfrlrlrllfrfrllflffrfflr"/>
	<trajectory sample="40" generation="40000" 
bestEnergy="-21.0" averageEnergy="-11.0505" worstEnergy="-1.0" bestConformation="Conformation 12.0 -12.0 Ffrffrfrllflrffrllfrlrrlffrlfrlrrffrllrrlfllrlfrrllrflrrfflrrflrllrrffflflrlfrlrlrllfrfrllflffrfflr"/>
	<trajectory sample="41" generation="41000" 
bestEnergy="-21.0" averageEnergy="-11.0609" worstEnergy="-1.0" bestConformation="Conformation 12.0 -12.0 Ffrffrfrllflrffrllfrlrrlffrlfrlrrffrllrrlfllrlfrrllrflrrfflrrflrllrrffflflrlfrlrlrllfrfrllflffrfflr"/>
	<trajectory sample="42" generation="42000" 
bestEnergy="-21.0" averageEnergy="-11.0693" worstEnergy="-1.0" bestConformation="Conformation 12.0 -12.0 Ffrffrfrllflrffrllfrlrrlffrlfrlrrffrllrrlfllrlfrrllrflrrfflrrflrllrrffflflrlfrlrlrllfrfrllflffrfflr"/>
	<trajectory sample="43" generation="43000" 
bestEnergy="-21.0" averageEnergy="-11.0816" worstEnergy="-1.0" bestConformation="Conformation 12.0 -12.0 Ffrffrfrllflrffrllfrlrrlffrlfrlrrffrllrrlfllrlfrrllrflrrfflrrflrllrrffflflrlfrlrlrllfrfrllflffrfflr"/>
	<trajectory sample="44" generation="44000" 
bestEnergy="-21.0" averageEnergy="-11.0931" worstEnergy="-1.0" bestConformation="Conformation 12.0 -12.0 Ffrffrfrllflrffrllfrlrrlffrlfrlrrffrllrrlfllrlfrrllrflrrfflrrflrllrrffflflrlfrlrlrllfrfrllflffrfflr"/>
	<trajectory sample="45" generation="45000" 
bestEnergy="-21.0" averageEnergy="-11.0978" worstEnergy="-1.0" bestConformation="Conformation 12.0 -12.0 Ffrffrfrllflrffrllfrlrrlffrlfrlrrffrllrrlfllrlfrrllrflrrfflrrflrllrrffflflrlfrlrlrllfrfrllflffrfflr"/>
	<trajectory sample="46" generation="46000" 
bestEnergy="-21.0" averageEnergy="-11.1028" worstEnergy="-1.0" bestConformation="Conformation 12.0 -12.0 Ffrffrfrllflrffrllfrlrrlffrlfrlrrffrllrrlfllrlfrrllrflrrfflrrflrllrrffflflrlfrlrlrllfrfrllflffrfflr"/>
	<trajectory sample="47" generation="47000" 
bestEnergy="-21.0" averageEnergy="-11.109" worstEnergy="-1.0" bestConformation="Conformation 12.0 -12.0 Ffrffrfrllflrffrllfrlrrlffrlfrlrrffrllrrlfllrlfrrllrflrrfflrrflrllrrffflflrlfrlrlrllfrfrllflffrfflr"/>
	<trajectory sample="48" generation="48000" 
bestEnergy="-21.0" averageEnergy="-11.1139" worstEnergy="-1.0" bestConformation="Conformation 12.0 -12.0 Ffrffrfrllflrffrllfrlrrlffrlfrlrrffrllrrlfllrlfrrllrflrrfflrrflrllrrffflflrlfrlrlrllfrfrllflffrfflr"/>
	<trajectory sample="49" generation="49000" 
bestEnergy="-21.0" averageEnergy="-11.12" worstEnergy="-1.0" bestConformation="Conformation 12.0 -12.0 Ffrffrfrllflrffrllfrlrrlffrlfrlrrffrllrrlfllrlfrrllrflrrfflrrflrllrrffflflrlfrlrlrllfrfrllflffrfflr"/>
	<trajectory sample="50" generation="50000" 
bestEnergy="-19.0" averageEnergy="-11.1237" worstEnergy="-1.0" bestConformation="Conformation 12.0 -12.0 Ffrffrfrllflrffrllfrlrrlffrlfrlrrffrllrrlfllrlfrrllrflrrfflrrflrllrrffflflrlfrlrlrllfrfrllflffrfflr"/>
	<trajectory sample="51" generation="51000" 
bestEnergy="-19.0" averageEnergy="-11.1279" worstEnergy="-1.0" bestConformation="Conformation 12.0 -12.0 Ffrffrfrllflrffrllfrlrrlffrlfrlrrffrllrrlfllrlfrrllrflrrfflrrflrllrrffflflrlfrlrlrllfrfrllflffrfflr"/>
	<trajectory sample="52" generation="52000" 
bestEnergy="-19.0" averageEnergy="-11.1317" worstEnergy="-1.0" bestConformation="Conformation 12.0 -12.0 Ffrffrfrllflrffrllfrlrrlffrlfrlrrffrllrrlfllrlfrrllrflrrfflrrflrllrrffflflrlfrlrlrllfrfrllflffrfflr"/>
	<trajectory sample="53" generation="53000" 
bestEnergy="-19.0" averageEnergy="-11.1367" worstEnergy="-1.0" bestConformation="Conformation 12.0 -12.0 Ffrffrfrllflrffrllfrlrrlffrlfrlrrffrllrrlfllrlfrrllrflrrfflrrflrllrrffflflrlfrlrlrllfrfrllflffrfflr"/>
	<trajectory sample="54" generation="54000" 
bestEnergy="-19.0" averageEnergy="-11.14" worstEnergy="-1.0" bestConformation="Conformation 12.0 -12.0 Ffrffrfrllflrffrllfrlrrlffrlfrlrrffrllrrlfllrlfrrllrflrrfflrrflrllrrffflflrlfrlrlrllfrfrllflffrfflr"/>
	<trajectory sample="55" generation="55000" 
bestEnergy="-19.0" averageEnergy="-11.14" worstEnergy="-1.0" bestConformation="Conformation 12.0 -12.0 Ffrffrfrllflrffrllfrlrrlffrlfrlrrffrllrrlfllrlfrrllrflrrfflrrflrllrrffflflrlfrlrlrllfrfrllflffrfflr"/>
	<trajectory sample="56" generation="56000" 
bestEnergy="-19.0" averageEnergy="-11.1421" worstEnergy="-1.0" bestConformation="Conformation 12.0 -12.0 Ffrffrfrllflrffrllfrlrrlffrlfrlrrffrllrrlfllrlfrrllrflrrfflrrflrllrrffflflrlfrlrlrllfrfrllflffrfflr"/>
	<trajectory sample="57" generation="57000" 
bestEnergy="-19.0" averageEnergy="-11.1444" worstEnergy="-1.0" bestConformation="Conformation 12.0 -12.0 Ffrffrfrllflrffrllfrlrrlffrlfrlrrffrllrrlfllrlfrrllrflrrfflrrflrllrrffflflrlfrlrlrllfrfrllflffrfflr"/>
	<trajectory sample="58" generation="58000" 
bestEnergy="-19.0" averageEnergy="-11.1461" worstEnergy="-1.0" bestConformation="Conformation 12.0 -12.0 Ffrffrfrllflrffrllfrlrrlffrlfrlrrffrllrrlfllrlfrrllrflrrfflrrflrllrrffflflrlfrlrlrllfrfrllflffrfflr"/>
	<trajectory sample="59" generation="59000" 
bestEnergy="-19.0" averageEnergy="-11.1469" worstEnergy="-1.0" bestConformation="Conformation 12.0 -12.0 Ffrffrfrllflrffrllfrlrrlffrlfrlrrffrllrrlfllrlfrrllrflrrfflrrflrllrrffflflrlfrlrlrllfrfrllflffrfflr"/>
	<trajectory sample="60" generation="60000" 
bestEnergy="-19.0" averageEnergy="-11.1501" worstEnergy="-1.0" bestConformation="Conformation 12.0 -12.0 Ffrffrfrllflrffrllfrlrrlffrlfrlrrffrllrrlfllrlfrrllrflrrfflrrflrllrrffflflrlfrlrlrllfrfrllflffrfflr"/>
	<trajectory sample="61" generation="61000" 
bestEnergy="-19.0" averageEnergy="-11.15" worstEnergy="-1.0" bestConformation="Conformation 12.0 -12.0 Ffrffrfrllflrffrllfrlrrlffrlfrlrrffrllrrlfllrlfrrllrflrrfflrrflrllrrffflflrlfrlrlrllfrfrllflffrfflr"/>
	<trajectory sample="62" generation="62000" 
bestEnergy="-19.0" averageEnergy="-11.1538" worstEnergy="-1.0" bestConformation="Conformation 12.0 -12.0 Ffrffrfrllflrffrllfrlrrlffrlfrlrrffrllrrlfllrlfrrllrflrrfflrrflrllrrffflflrlfrlrlrllfrfrllflffrfflr"/>
	<trajectory sample="63" generation="63000" 
bestEnergy="-19.0" averageEnergy="-11.1546" worstEnergy="-1.0" bestConformation="Conformation 12.0 -12.0 Ffrffrfrllflrffrllfrlrrlffrlfrlrrffrllrrlfllrlfrrllrflrrfflrrflrllrrffflflrlfrlrlrllfrfrllflffrfflr"/>
	<trajectory sample="64" generation="64000" 
bestEnergy="-19.0" averageEnergy="-11.1542" worstEnergy="-1.0" bestConformation="Conformation 12.0 -12.0 Ffrffrfrllflrffrllfrlrrlffrlfrlrrffrllrrlfllrlfrrllrflrrfflrrflrllrrffflflrlfrlrlrllfrfrllflffrfflr"/>
	<trajectory sample="65" generation="65000" 
bestEnergy="-19.0" averageEnergy="-11.1557" worstEnergy="-1.0" bestConformation="Conformation 12.0 -12.0 Ffrffrfrllflrffrllfrlrrlffrlfrlrrffrllrrlfllrlfrrllrflrrfflrrflrllrrffflflrlfrlrlrllfrfrllflffrfflr"/>
	<trajectory sample="66" generation="66000" 
bestEnergy="-19.0" averageEnergy="-11.1562" worstEnergy="-1.0" bestConformation="Conformation 12.0 -12.0 Ffrffrfrllflrffrllfrlrrlffrlfrlrrffrllrrlfllrlfrrllrflrrfflrrflrllrrffflflrlfrlrlrllfrfrllflffrfflr"/>
	<trajectory sample="67" generation="67000" 
bestEnergy="-19.0" averageEnergy="-11.1556" worstEnergy="-1.0" bestConformation="Conformation 12.0 -12.0 Ffrffrfrllflrffrllfrlrrlffrlfrlrrffrllrrlfllrlfrrllrflrrfflrrflrllrrffflflrlfrlrlrllfrfrllflffrfflr"/>
	<trajectory sample="68" generation="68000" 
bestEnergy="-19.0" averageEnergy="-11.1557" worstEnergy="-1.0" bestConformation="Conformation 12.0 -12.0 Ffrffrfrllflrffrllfrlrrlffrlfrlrrffrllrrlfllrlfrrllrflrrfflrrflrllrrffflflrlfrlrlrllfrfrllflffrfflr"/>
	<trajectory sample="69" generation="69000" 
bestEnergy="-19.0" averageEnergy="-11.1573" worstEnergy="-1.0" bestConformation="Conformation 12.0 -12.0 Ffrffrfrllflrffrllfrlrrlffrlfrlrrffrllrrlfllrlfrrllrflrrfflrrflrllrrffflflrlfrlrlrllfrfrllflffrfflr"/>
	<trajectory sample="70" generation="70000" 
bestEnergy="-18.0" averageEnergy="-11.1564" worstEnergy="-1.0" bestConformation="Conformation 12.0 -12.0 Ffrffrfrllflrffrllfrlrrlffrlfrlrrffrllrrlfllrlfrrllrflrrfflrrflrllrrffflflrlfrlrlrllfrfrllflffrfflr"/>
	<trajectory sample="71" generation="71000" 
bestEnergy="-18.0" averageEnergy="-11.1573" worstEnergy="-1.0" bestConformation="Conformation 12.0 -12.0 Ffrffrfrllflrffrllfrlrrlffrlfrlrrffrllrrlfllrlfrrllrflrrfflrrflrllrrffflflrlfrlrlrllfrfrllflffrfflr"/>
	<trajectory sample="72" generation="72000" 
bestEnergy="-18.0" averageEnergy="-11.1576" worstEnergy="-1.0" bestConformation="Conformation 12.0 -12.0 Ffrffrfrllflrffrllfrlrrlffrlfrlrrffrllrrlfllrlfrrllrflrrfflrrflrllrrffflflrlfrlrlrllfrfrllflffrfflr"/>
	<trajectory sample="73" generation="73000" 
bestEnergy="-18.0" averageEnergy="-11.1598" worstEnergy="-1.0" bestConformation="Conformation 12.0 -12.0 Ffrffrfrllflrffrllfrlrrlffrlfrlrrffrllrrlfllrlfrrllrflrrfflrrflrllrrffflflrlfrlrlrllfrfrllflffrfflr"/>
	<trajectory sample="74" generation="74000" 
bestEnergy="-18.0" averageEnergy="-11.1605" worstEnergy="-1.0" bestConformation="Conformation 12.0 -12.0 Ffrffrfrllflrffrllfrlrrlffrlfrlrrffrllrrlfllrlfrrllrflrrfflrrflrllrrffflflrlfrlrlrllfrfrllflffrfflr"/>
	<trajectory sample="75" generation="75000" 
bestEnergy="-18.0" averageEnergy="-11.1612" worstEnergy="-1.0" bestConformation="Conformation 12.0 -12.0 Ffrffrfrllflrffrllfrlrrlffrlfrlrrffrllrrlfllrlfrrllrflrrfflrrflrllrrffflflrlfrlrlrllfrfrllflffrfflr"/>
	<trajectory sample="76" generation="76000" 
bestEnergy="-18.0" averageEnergy="-11.1625" worstEnergy="-1.0" bestConformation="Conformation 12.0 -12.0 Ffrffrfrllflrffrllfrlrrlffrlfrlrrffrllrrlfllrlfrrllrflrrfflrrflrllrrffflflrlfrlrlrllfrfrllflffrfflr"/>
	<trajectory sample="77" generation="77000" 
bestEnergy="-18.0" averageEnergy="-11.1633" worstEnergy="-1.0" bestConformation="Conformation 12.0 -12.0 Ffrffrfrllflrffrllfrlrrlffrlfrlrrffrllrrlfllrlfrrllrflrrfflrrflrllrrffflflrlfrlrlrllfrfrllflffrfflr"/>
	<trajectory sample="78" generation="78000" 
bestEnergy="-18.0" averageEnergy="-11.162" worstEnergy="-1.0" bestConformation="Conformation 12.0 -12.0 Ffrffrfrllflrffrllfrlrrlffrlfrlrrffrllrrlfllrlfrrllrflrrfflrrflrllrrffflflrlfrlrlrllfrfrllflffrfflr"/>
	<trajectory sample="79" generation="79000" 
bestEnergy="-18.0" averageEnergy="-11.1623" worstEnergy="-1.0" bestConformation="Conformation 12.0 -12.0 Ffrffrfrllflrffrllfrlrrlffrlfrlrrffrllrrlfllrlfrrllrflrrfflrrflrllrrffflflrlfrlrlrllfrfrllflffrfflr"/>
	<trajectory sample="80" generation="80000" 
bestEnergy="-18.0" averageEnergy="-11.1623" worstEnergy="-1.0" bestConformation="Conformation 12.0 -12.0 Ffrffrfrllflrffrllfrlrrlffrlfrlrrffrllrrlfllrlfrrllrflrrfflrrflrllrrffflflrlfrlrlrllfrfrllflffrfflr"/>
	<trajectory sample="81" generation="81000" 
bestEnergy="-18.0" averageEnergy="-11.1631" worstEnergy="-1.0" bestConformation="Conformation 12.0 -12.0 Ffrffrfrllflrffrllfrlrrlffrlfrlrrffrllrrlfllrlfrrllrflrrfflrrflrllrrffflflrlfrlrlrllfrfrllflffrfflr"/>
	<trajectory sample="82" generation="82000" 
bestEnergy="-18.0" averageEnergy="-11.1639" worstEnergy="-1.0" bestConformation="Conformation 12.0 -12.0 Ffrffrfrllflrffrllfrlrrlffrlfrlrrffrllrrlfllrlfrrllrflrrfflrrflrllrrffflflrlfrlrlrllfrfrllflffrfflr"/>
	<trajectory sample="83" generation="83000" 
bestEnergy="-18.0" averageEnergy="-11.1637" worstEnergy="-1.0" bestConformation="Conformation 12.0 -12.0 Ffrffrfrllflrffrllfrlrrlffrlfrlrrffrllrrlfllrlfrrllrflrrfflrrflrllrrffflflrlfrlrlrllfrfrllflffrfflr"/>
	<trajectory sample="84" generation="84000" 
bestEnergy="-18.0" averageEnergy="-11.1637" worstEnergy="-1.0" bestConformation="Conformation 12.0 -12.0 Ffrffrfrllflrffrllfrlrrlffrlfrlrrffrllrrlfllrlfrrllrflrrfflrrflrllrrffflflrlfrlrlrllfrfrllflffrfflr"/>
	<trajectory sample="85" generation="85000" 
bestEnergy="-18.0" averageEnergy="-11.1644" worstEnergy="-1.0" bestConformation="Conformation 12.0 -12.0 Ffrffrfrllflrffrllfrlrrlffrlfrlrrffrllrrlfllrlfrrllrflrrfflrrflrllrrffflflrlfrlrlrllfrfrllflffrfflr"/>
	<trajectory sample="86" generation="86000" 
bestEnergy="-18.0" averageEnergy="-11.1656" worstEnergy="-1.0" bestConformation="Conformation 12.0 -12.0 Ffrffrfrllflrffrllfrlrrlffrlfrlrrffrllrrlfllrlfrrllrflrrfflrrflrllrrffflflrlfrlrlrllfrfrllflffrfflr"/>
	<trajectory sample="87" generation="87000" 
bestEnergy="-18.0" averageEnergy="-11.165" worstEnergy="-1.0" bestConformation="Conformation 12.0 -12.0 Ffrffrfrllflrffrllfrlrrlffrlfrlrrffrllrrlfllrlfrrllrflrrfflrrflrllrrffflflrlfrlrlrllfrfrllflffrfflr"/>
	<trajectory sample="88" generation="88000" 
bestEnergy="-18.0" averageEnergy="-11.1643" worstEnergy="-1.0" bestConformation="Conformation 12.0 -12.0 Ffrffrfrllflrffrllfrlrrlffrlfrlrrffrllrrlfllrlfrrllrflrrfflrrflrllrrffflflrlfrlrlrllfrfrllflffrfflr"/>
	<trajectory sample="89" generation="89000" 
bestEnergy="-18.0" averageEnergy="-11.1649" worstEnergy="-1.0" bestConformation="Conformation 12.0 -12.0 Ffrffrfrllflrffrllfrlrrlffrlfrlrrffrllrrlfllrlfrrllrflrrfflrrflrllrrffflflrlfrlrlrllfrfrllflffrfflr"/>
	<trajectory sample="90" generation="90000" 
bestEnergy="-18.0" averageEnergy="-11.1657" worstEnergy="-1.0" bestConformation="Conformation 12.0 -12.0 Ffrffrfrllflrffrllfrlrrlffrlfrlrrffrllrrlfllrlfrrllrflrrfflrrflrllrrffflflrlfrlrlrllfrfrllflffrfflr"/>
	<trajectory sample="91" generation="91000" 
bestEnergy="-18.0" averageEnergy="-11.1656" worstEnergy="-1.0" bestConformation="Conformation 12.0 -12.0 Ffrffrfrllflrffrllfrlrrlffrlfrlrrffrllrrlfllrlfrrllrflrrfflrrflrllrrffflflrlfrlrlrllfrfrllflffrfflr"/>
	<trajectory sample="92" generation="92000" 
bestEnergy="-18.0" averageEnergy="-11.1656" worstEnergy="-1.0" bestConformation="Conformation 12.0 -12.0 Ffrffrfrllflrffrllfrlrrlffrlfrlrrffrllrrlfllrlfrrllrflrrfflrrflrllrrffflflrlfrlrlrllfrfrllflffrfflr"/>
	<trajectory sample="93" generation="93000" 
bestEnergy="-18.0" averageEnergy="-11.1657" worstEnergy="-1.0" bestConformation="Conformation 12.0 -12.0 Ffrffrfrllflrffrllfrlrrlffrlfrlrrffrllrrlfllrlfrrllrflrrfflrrflrllrrffflflrlfrlrlrllfrfrllflffrfflr"/>
	<trajectory sample="94" generation="94000" 
bestEnergy="-18.0" averageEnergy="-11.1664" worstEnergy="-1.0" bestConformation="Conformation 12.0 -12.0 Ffrffrfrllflrffrllfrlrrlffrlfrlrrffrllrrlfllrlfrrllrflrrfflrrflrllrrffflflrlfrlrlrllfrfrllflffrfflr"/>
	<trajectory sample="95" generation="95000" 
bestEnergy="-18.0" averageEnergy="-11.168" worstEnergy="-1.0" bestConformation="Conformation 12.0 -12.0 Ffrffrfrllflrffrllfrlrrlffrlfrlrrffrllrrlfllrlfrrllrflrrfflrrflrllrrffflflrlfrlrlrllfrfrllflffrfflr"/>
	<trajectory sample="96" generation="96000" 
bestEnergy="-18.0" averageEnergy="-11.168" worstEnergy="-1.0" bestConformation="Conformation 12.0 -12.0 Ffrffrfrllflrffrllfrlrrlffrlfrlrrffrllrrlfllrlfrrllrflrrfflrrflrllrrffflflrlfrlrlrllfrfrllflffrfflr"/>
	<trajectory sample="97" generation="97000" 
bestEnergy="-18.0" averageEnergy="-11.1681" worstEnergy="-1.0" bestConformation="Conformation 12.0 -12.0 Ffrffrfrllflrffrllfrlrrlffrlfrlrrffrllrrlfllrlfrrllrflrrfflrrflrllrrffflflrlfrlrlrllfrfrllflffrfflr"/>
	<trajectory sample="98" generation="98000" 
bestEnergy="-18.0" averageEnergy="-11.1684" worstEnergy="-1.0" bestConformation="Conformation 12.0 -12.0 Ffrffrfrllflrffrllfrlrrlffrlfrlrrffrllrrlfllrlfrrllrflrrfflrrflrllrrffflflrlfrlrlrllfrfrllflffrfflr"/>
	<trajectory sample="99" generation="99000" 
bestEnergy="-18.0" averageEnergy="-11.1684" worstEnergy="-1.0" bestConformation="Conformation 12.0 -12.0 Ffrffrfrllflrffrllfrlrrlffrlfrlrrffrllrrlfllrlfrrllrflrrfflrrflrllrrffflflrlfrlrlrllfrfrllflffrfflr"/>
	<trajectory sample="100" generation="100000" 
bestEnergy="-18.0" averageEnergy="-11.1684" worstEnergy="-1.0" bestConformation="Conformation 12.0 -12.0 Ffrffrfrllflrffrllfrlrrlffrlfrlrrffrllrrlfllrlfrrllrflrrfflrrflrllrrffflflrlfrlrlrllfrfrllflffrfflr"/>
	<trajectory sample="101" generation="101000" 
bestEnergy="-18.0" averageEnergy="-11.1688" worstEnergy="-1.0" bestConformation="Conformation 12.0 -12.0 Ffrffrfrllflrffrllfrlrrlffrlfrlrrffrllrrlfllrlfrrllrflrrfflrrflrllrrffflflrlfrlrlrllfrfrllflffrfflr"/>
	<trajectory sample="102" generation="102000" 
bestEnergy="-18.0" averageEnergy="-11.1704" worstEnergy="-1.0" bestConformation="Conformation 12.0 -12.0 Ffrffrfrllflrffrllfrlrrlffrlfrlrrffrllrrlfllrlfrrllrflrrfflrrflrllrrffflflrlfrlrlrllfrfrllflffrfflr"/>
	<trajectory sample="103" generation="103000" 
bestEnergy="-18.0" averageEnergy="-11.1704" worstEnergy="-1.0" bestConformation="Conformation 12.0 -12.0 Ffrffrfrllflrffrllfrlrrlffrlfrlrrffrllrrlfllrlfrrllrflrrfflrrflrllrrffflflrlfrlrlrllfrfrllflffrfflr"/>
	<trajectory sample="104" generation="104000" 
bestEnergy="-18.0" averageEnergy="-11.1708" worstEnergy="-1.0" bestConformation="Conformation 12.0 -12.0 Ffrffrfrllflrffrllfrlrrlffrlfrlrrffrllrrlfllrlfrrllrflrrfflrrflrllrrffflflrlfrlrlrllfrfrllflffrfflr"/>
	<trajectory sample="105" generation="105000" 
bestEnergy="-18.0" averageEnergy="-11.1708" worstEnergy="-1.0" bestConformation="Conformation 12.0 -12.0 Ffrffrfrllflrffrllfrlrrlffrlfrlrrffrllrrlfllrlfrrllrflrrfflrrflrllrrffflflrlfrlrlrllfrfrllflffrfflr"/>
	<trajectory sample="106" generation="106000" 
bestEnergy="-18.0" averageEnergy="-11.1708" worstEnergy="-1.0" bestConformation="Conformation 12.0 -12.0 Ffrffrfrllflrffrllfrlrrlffrlfrlrrffrllrrlfllrlfrrllrflrrfflrrflrllrrffflflrlfrlrlrllfrfrllflffrfflr"/>
	<trajectory sample="107" generation="107000" 
bestEnergy="-18.0" averageEnergy="-11.1708" worstEnergy="-1.0" bestConformation="Conformation 12.0 -12.0 Ffrffrfrllflrffrllfrlrrlffrlfrlrrffrllrrlfllrlfrrllrflrrfflrrflrllrrffflflrlfrlrlrllfrfrllflffrfflr"/>
	<trajectory sample="108" generation="108000" 
bestEnergy="-18.0" averageEnergy="-11.1708" worstEnergy="-1.0" bestConformation="Conformation 12.0 -12.0 Ffrffrfrllflrffrllfrlrrlffrlfrlrrffrllrrlfllrlfrrllrflrrfflrrflrllrrffflflrlfrlrlrllfrfrllflffrfflr"/>
	<trajectory sample="109" generation="109000" 
bestEnergy="-18.0" averageEnergy="-11.1708" worstEnergy="-1.0" bestConformation="Conformation 12.0 -12.0 Ffrffrfrllflrffrllfrlrrlffrlfrlrrffrllrrlfllrlfrrllrflrrfflrrflrllrrffflflrlfrlrlrllfrfrllflffrfflr"/>
	<trajectory sample="110" generation="110000" 
bestEnergy="-18.0" averageEnergy="-11.1708" worstEnergy="-1.0" bestConformation="Conformation 12.0 -12.0 Ffrffrfrllflrffrllfrlrrlffrlfrlrrffrllrrlfllrlfrrllrflrrfflrrflrllrrffflflrlfrlrlrllfrfrllflffrfflr"/>
	<trajectory sample="111" generation="111000" 
bestEnergy="-18.0" averageEnergy="-11.1711" worstEnergy="-1.0" bestConformation="Conformation 12.0 -12.0 Ffrffrfrllflrffrllfrlrrlffrlfrlrrffrllrrlfllrlfrrllrflrrfflrrflrllrrffflflrlfrlrlrllfrfrllflffrfflr"/>
	<trajectory sample="112" generation="112000" 
bestEnergy="-18.0" averageEnergy="-11.1711" worstEnergy="-1.0" bestConformation="Conformation 12.0 -12.0 Ffrffrfrllflrffrllfrlrrlffrlfrlrrffrllrrlfllrlfrrllrflrrfflrrflrllrrffflflrlfrlrlrllfrfrllflffrfflr"/>
	<trajectory sample="113" generation="113000" 
bestEnergy="-18.0" averageEnergy="-11.1711" worstEnergy="-1.0" bestConformation="Conformation 12.0 -12.0 Ffrffrfrllflrffrllfrlrrlffrlfrlrrffrllrrlfllrlfrrllrflrrfflrrflrllrrffflflrlfrlrlrllfrfrllflffrfflr"/>
	<trajectory sample="114" generation="114000" 
bestEnergy="-18.0" averageEnergy="-11.1712" worstEnergy="-1.0" bestConformation="Conformation 12.0 -12.0 Ffrffrfrllflrffrllfrlrrlffrlfrlrrffrllrrlfllrlfrrllrflrrfflrrflrllrrffflflrlfrlrlrllfrfrllflffrfflr"/>
	<trajectory sample="115" generation="115000" 
bestEnergy="-18.0" averageEnergy="-11.1716" worstEnergy="-1.0" bestConformation="Conformation 12.0 -12.0 Ffrffrfrllflrffrllfrlrrlffrlfrlrrffrllrrlfllrlfrrllrflrrfflrrflrllrrffflflrlfrlrlrllfrfrllflffrfflr"/>
	<trajectory sample="116" generation="116000" 
bestEnergy="-18.0" averageEnergy="-11.1716" worstEnergy="-1.0" bestConformation="Conformation 12.0 -12.0 Ffrffrfrllflrffrllfrlrrlffrlfrlrrffrllrrlfllrlfrrllrflrrfflrrflrllrrffflflrlfrlrlrllfrfrllflffrfflr"/>
	<trajectory sample="117" generation="117000" 
bestEnergy="-18.0" averageEnergy="-11.1716" worstEnergy="-1.0" bestConformation="Conformation 12.0 -12.0 Ffrffrfrllflrffrllfrlrrlffrlfrlrrffrllrrlfllrlfrrllrflrrfflrrflrllrrffflflrlfrlrlrllfrfrllflffrfflr"/>
	<trajectory sample="118" generation="118000" 
bestEnergy="-18.0" averageEnergy="-11.1716" worstEnergy="-1.0" bestConformation="Conformation 12.0 -12.0 Ffrffrfrllflrffrllfrlrrlffrlfrlrrffrllrrlfllrlfrrllrflrrfflrrflrllrrffflflrlfrlrlrllfrfrllflffrfflr"/>
	<trajectory sample="119" generation="119000" 
bestEnergy="-18.0" averageEnergy="-11.1714" worstEnergy="-1.0" bestConformation="Conformation 12.0 -12.0 Ffrffrfrllflrffrllfrlrrlffrlfrlrrffrllrrlfllrlfrrllrflrrfflrrflrllrrffflflrlfrlrlrllfrfrllflffrfflr"/>
	<trajectory sample="120" generation="120000" 
bestEnergy="-18.0" averageEnergy="-11.172" worstEnergy="-1.0" bestConformation="Conformation 12.0 -12.0 Ffrffrfrllflrffrllfrlrrlffrlfrlrrffrllrrlfllrlfrrllrflrrfflrrflrllrrffflflrlfrlrlrllfrfrllflffrfflr"/>
	<trajectory sample="121" generation="121000" 
bestEnergy="-18.0" averageEnergy="-11.172" worstEnergy="-1.0" bestConformation="Conformation 12.0 -12.0 Ffrffrfrllflrffrllfrlrrlffrlfrlrrffrllrrlfllrlfrrllrflrrfflrrflrllrrffflflrlfrlrlrllfrfrllflffrfflr"/>
	<trajectory sample="122" generation="122000" 
bestEnergy="-18.0" averageEnergy="-11.172" worstEnergy="-1.0" bestConformation="Conformation 12.0 -12.0 Ffrffrfrllflrffrllfrlrrlffrlfrlrrffrllrrlfllrlfrrllrflrrfflrrflrllrrffflflrlfrlrlrllfrfrllflffrfflr"/>
	<trajectory sample="123" generation="123000" 
bestEnergy="-18.0" averageEnergy="-11.172" worstEnergy="-1.0" bestConformation="Conformation 12.0 -12.0 Ffrffrfrllflrffrllfrlrrlffrlfrlrrffrllrrlfllrlfrrllrflrrfflrrflrllrrffflflrlfrlrlrllfrfrllflffrfflr"/>
	<trajectory sample="124" generation="124000" 
bestEnergy="-18.0" averageEnergy="-11.1721" worstEnergy="-1.0" bestConformation="Conformation 12.0 -12.0 Ffrffrfrllflrffrllfrlrrlffrlfrlrrffrllrrlfllrlfrrllrflrrfflrrflrllrrffflflrlfrlrlrllfrfrllflffrfflr"/>
	<trajectory sample="125" generation="125000" 
bestEnergy="-18.0" averageEnergy="-11.1721" worstEnergy="-1.0" bestConformation="Conformation 12.0 -12.0 Ffrffrfrllflrffrllfrlrrlffrlfrlrrffrllrrlfllrlfrrllrflrrfflrrflrllrrffflflrlfrlrlrllfrfrllflffrfflr"/>
	<trajectory sample="126" generation="126000" 
bestEnergy="-18.0" averageEnergy="-11.1725" worstEnergy="-1.0" bestConformation="Conformation 12.0 -12.0 Ffrffrfrllflrffrllfrlrrlffrlfrlrrffrllrrlfllrlfrrllrflrrfflrrflrllrrffflflrlfrlrlrllfrfrllflffrfflr"/>
	<trajectory sample="127" generation="127000" 
bestEnergy="-18.0" averageEnergy="-11.1725" worstEnergy="-1.0" bestConformation="Conformation 12.0 -12.0 Ffrffrfrllflrffrllfrlrrlffrlfrlrrffrllrrlfllrlfrrllrflrrfflrrflrllrrffflflrlfrlrlrllfrfrllflffrfflr"/>
	<trajectory sample="128" generation="128000" 
bestEnergy="-18.0" averageEnergy="-11.1725" worstEnergy="-1.0" bestConformation="Conformation 12.0 -12.0 Ffrffrfrllflrffrllfrlrrlffrlfrlrrffrllrrlfllrlfrrllrflrrfflrrflrllrrffflflrlfrlrlrllfrfrllflffrfflr"/>
	<trajectory sample="129" generation="129000" 
bestEnergy="-18.0" averageEnergy="-11.1725" worstEnergy="-1.0" bestConformation="Conformation 12.0 -12.0 Ffrffrfrllflrffrllfrlrrlffrlfrlrrffrllrrlfllrlfrrllrflrrfflrrflrllrrffflflrlfrlrlrllfrfrllflffrfflr"/>
	<trajectory sample="130" generation="130000" 
bestEnergy="-18.0" averageEnergy="-11.1725" worstEnergy="-1.0" bestConformation="Conformation 12.0 -12.0 Ffrffrfrllflrffrllfrlrrlffrlfrlrrffrllrrlfllrlfrrllrflrrfflrrflrllrrffflflrlfrlrlrllfrfrllflffrfflr"/>
	<trajectory sample="131" generation="131000" 
bestEnergy="-18.0" averageEnergy="-11.1725" worstEnergy="-1.0" bestConformation="Conformation 12.0 -12.0 Ffrffrfrllflrffrllfrlrrlffrlfrlrrffrllrrlfllrlfrrllrflrrfflrrflrllrrffflflrlfrlrlrllfrfrllflffrfflr"/>
	<trajectory sample="132" generation="132000" 
bestEnergy="-18.0" averageEnergy="-11.1725" worstEnergy="-1.0" bestConformation="Conformation 12.0 -12.0 Ffrffrfrllflrffrllfrlrrlffrlfrlrrffrllrrlfllrlfrrllrflrrfflrrflrllrrffflflrlfrlrlrllfrfrllflffrfflr"/>
	<trajectory sample="133" generation="133000" 
bestEnergy="-18.0" averageEnergy="-11.1725" worstEnergy="-1.0" bestConformation="Conformation 12.0 -12.0 Ffrffrfrllflrffrllfrlrrlffrlfrlrrffrllrrlfllrlfrrllrflrrfflrrflrllrrffflflrlfrlrlrllfrfrllflffrfflr"/>
	<trajectory sample="134" generation="134000" 
bestEnergy="-18.0" averageEnergy="-11.1725" worstEnergy="-1.0" bestConformation="Conformation 12.0 -12.0 Ffrffrfrllflrffrllfrlrrlffrlfrlrrffrllrrlfllrlfrrllrflrrfflrrflrllrrffflflrlfrlrlrllfrfrllflffrfflr"/>
	<trajectory sample="135" generation="135000" 
bestEnergy="-18.0" averageEnergy="-11.1725" worstEnergy="-1.0" bestConformation="Conformation 12.0 -12.0 Ffrffrfrllflrffrllfrlrrlffrlfrlrrffrllrrlfllrlfrrllrflrrfflrrflrllrrffflflrlfrlrlrllfrfrllflffrfflr"/>
	<trajectory sample="136" generation="136000" 
bestEnergy="-18.0" averageEnergy="-11.1725" worstEnergy="-1.0" bestConformation="Conformation 12.0 -12.0 Ffrffrfrllflrffrllfrlrrlffrlfrlrrffrllrrlfllrlfrrllrflrrfflrrflrllrrffflflrlfrlrlrllfrfrllflffrfflr"/>
	<trajectory sample="137" generation="137000" 
bestEnergy="-18.0" averageEnergy="-11.1725" worstEnergy="-1.0" bestConformation="Conformation 12.0 -12.0 Ffrffrfrllflrffrllfrlrrlffrlfrlrrffrllrrlfllrlfrrllrflrrfflrrflrllrrffflflrlfrlrlrllfrfrllflffrfflr"/>
	<trajectory sample="138" generation="138000" 
bestEnergy="-18.0" averageEnergy="-11.1725" worstEnergy="-1.0" bestConformation="Conformation 12.0 -12.0 Ffrffrfrllflrffrllfrlrrlffrlfrlrrffrllrrlfllrlfrrllrflrrfflrrflrllrrffflflrlfrlrlrllfrfrllflffrfflr"/>
	<trajectory sample="139" generation="139000" 
bestEnergy="-18.0" averageEnergy="-11.1725" worstEnergy="-1.0" bestConformation="Conformation 12.0 -12.0 Ffrffrfrllflrffrllfrlrrlffrlfrlrrffrllrrlfllrlfrrllrflrrfflrrflrllrrffflflrlfrlrlrllfrfrllflffrfflr"/>
	<trajectory sample="140" generation="140000" 
bestEnergy="-18.0" averageEnergy="-11.1725" worstEnergy="-1.0" bestConformation="Conformation 12.0 -12.0 Ffrffrfrllflrffrllfrlrrlffrlfrlrrffrllrrlfllrlfrrllrflrrfflrrflrllrrffflflrlfrlrlrllfrfrllflffrfflr"/>
	<trajectory sample="141" generation="141000" 
bestEnergy="-18.0" averageEnergy="-11.1725" worstEnergy="-1.0" bestConformation="Conformation 12.0 -12.0 Ffrffrfrllflrffrllfrlrrlffrlfrlrrffrllrrlfllrlfrrllrflrrfflrrflrllrrffflflrlfrlrlrllfrfrllflffrfflr"/>
	<trajectory sample="142" generation="142000" 
bestEnergy="-18.0" averageEnergy="-11.1725" worstEnergy="-1.0" bestConformation="Conformation 12.0 -12.0 Ffrffrfrllflrffrllfrlrrlffrlfrlrrffrllrrlfllrlfrrllrflrrfflrrflrllrrffflflrlfrlrlrllfrfrllflffrfflr"/>
	<trajectory sample="143" generation="143000" 
bestEnergy="-18.0" averageEnergy="-11.1725" worstEnergy="-1.0" bestConformation="Conformation 12.0 -12.0 Ffrffrfrllflrffrllfrlrrlffrlfrlrrffrllrrlfllrlfrrllrflrrfflrrflrllrrffflflrlfrlrlrllfrfrllflffrfflr"/>
	<trajectory sample="144" generation="144000" 
bestEnergy="-18.0" averageEnergy="-11.1725" worstEnergy="-1.0" bestConformation="Conformation 12.0 -12.0 Ffrffrfrllflrffrllfrlrrlffrlfrlrrffrllrrlfllrlfrrllrflrrfflrrflrllrrffflflrlfrlrlrllfrfrllflffrfflr"/>
	<trajectory sample="145" generation="145000" 
bestEnergy="-18.0" averageEnergy="-11.1725" worstEnergy="-1.0" bestConformation="Conformation 12.0 -12.0 Ffrffrfrllflrffrllfrlrrlffrlfrlrrffrllrrlfllrlfrrllrflrrfflrrflrllrrffflflrlfrlrlrllfrfrllflffrfflr"/>
	<trajectory sample="146" generation="146000" 
bestEnergy="-18.0" averageEnergy="-11.1725" worstEnergy="-1.0" bestConformation="Conformation 12.0 -12.0 Ffrffrfrllflrffrllfrlrrlffrlfrlrrffrllrrlfllrlfrrllrflrrfflrrflrllrrffflflrlfrlrlrllfrfrllflffrfflr"/>
	<trajectory sample="147" generation="147000" 
bestEnergy="-18.0" averageEnergy="-11.1725" worstEnergy="-1.0" bestConformation="Conformation 12.0 -12.0 Ffrffrfrllflrffrllfrlrrlffrlfrlrrffrllrrlfllrlfrrllrflrrfflrrflrllrrffflflrlfrlrlrllfrfrllflffrfflr"/>
	<trajectory sample="148" generation="148000" 
bestEnergy="-18.0" averageEnergy="-11.1725" worstEnergy="-1.0" bestConformation="Conformation 12.0 -12.0 Ffrffrfrllflrffrllfrlrrlffrlfrlrrffrllrrlfllrlfrrllrflrrfflrrflrllrrffflflrlfrlrlrllfrfrllflffrfflr"/>
	<trajectory sample="149" generation="149000" 
bestEnergy="-18.0" averageEnergy="-11.1725" worstEnergy="-1.0" bestConformation="Conformation 12.0 -12.0 Ffrffrfrllflrffrllfrlrrlffrlfrlrrffrllrrlfllrlfrrllrflrrfflrrflrllrrffflflrlfrlrlrllfrfrllflffrfflr"/>
	<trajectory sample="150" generation="150000" 
bestEnergy="-18.0" averageEnergy="-11.1728" worstEnergy="-1.0" bestConformation="Conformation 12.0 -12.0 Ffrffrfrllflrffrllfrlrrlffrlfrlrrffrllrrlfllrlfrrllrflrrfflrrflrllrrffflflrlfrlrlrllfrfrllflffrfflr"/>
	<trajectory sample="151" generation="151000" 
bestEnergy="-18.0" averageEnergy="-11.1728" worstEnergy="-1.0" bestConformation="Conformation 12.0 -12.0 Ffrffrfrllflrffrllfrlrrlffrlfrlrrffrllrrlfllrlfrrllrflrrfflrrflrllrrffflflrlfrlrlrllfrfrllflffrfflr"/>
	<trajectory sample="152" generation="152000" 
bestEnergy="-18.0" averageEnergy="-11.1728" worstEnergy="-1.0" bestConformation="Conformation 12.0 -12.0 Ffrffrfrllflrffrllfrlrrlffrlfrlrrffrllrrlfllrlfrrllrflrrfflrrflrllrrffflflrlfrlrlrllfrfrllflffrfflr"/>
	<trajectory sample="153" generation="153000" 
bestEnergy="-18.0" averageEnergy="-11.1728" worstEnergy="-1.0" bestConformation="Conformation 12.0 -12.0 Ffrffrfrllflrffrllfrlrrlffrlfrlrrffrllrrlfllrlfrrllrflrrfflrrflrllrrffflflrlfrlrlrllfrfrllflffrfflr"/>
	<trajectory sample="154" generation="154000" 
bestEnergy="-18.0" averageEnergy="-11.1728" worstEnergy="-1.0" bestConformation="Conformation 12.0 -12.0 Ffrffrfrllflrffrllfrlrrlffrlfrlrrffrllrrlfllrlfrrllrflrrfflrrflrllrrffflflrlfrlrlrllfrfrllflffrfflr"/>
	<trajectory sample="155" generation="155000" 
bestEnergy="-18.0" averageEnergy="-11.1728" worstEnergy="-1.0" bestConformation="Conformation 12.0 -12.0 Ffrffrfrllflrffrllfrlrrlffrlfrlrrffrllrrlfllrlfrrllrflrrfflrrflrllrrffflflrlfrlrlrllfrfrllflffrfflr"/>
	<trajectory sample="156" generation="156000" 
bestEnergy="-18.0" averageEnergy="-11.1728" worstEnergy="-1.0" bestConformation="Conformation 12.0 -12.0 Ffrffrfrllflrffrllfrlrrlffrlfrlrrffrllrrlfllrlfrrllrflrrfflrrflrllrrffflflrlfrlrlrllfrfrllflffrfflr"/>
	<trajectory sample="157" generation="157000" 
bestEnergy="-18.0" averageEnergy="-11.1728" worstEnergy="-1.0" bestConformation="Conformation 12.0 -12.0 Ffrffrfrllflrffrllfrlrrlffrlfrlrrffrllrrlfllrlfrrllrflrrfflrrflrllrrffflflrlfrlrlrllfrfrllflffrfflr"/>
	<trajectory sample="158" generation="158000" 
bestEnergy="-18.0" averageEnergy="-11.1728" worstEnergy="-1.0" bestConformation="Conformation 12.0 -12.0 Ffrffrfrllflrffrllfrlrrlffrlfrlrrffrllrrlfllrlfrrllrflrrfflrrflrllrrffflflrlfrlrlrllfrfrllflffrfflr"/>
	<trajectory sample="159" generation="159000" 
bestEnergy="-18.0" averageEnergy="-11.1728" worstEnergy="-1.0" bestConformation="Conformation 12.0 -12.0 Ffrffrfrllflrffrllfrlrrlffrlfrlrrffrllrrlfllrlfrrllrflrrfflrrflrllrrffflflrlfrlrlrllfrfrllflffrfflr"/>
	<trajectory sample="160" generation="160000" 
bestEnergy="-18.0" averageEnergy="-11.1728" worstEnergy="-1.0" bestConformation="Conformation 12.0 -12.0 Ffrffrfrllflrffrllfrlrrlffrlfrlrrffrllrrlfllrlfrrllrflrrfflrrflrllrrffflflrlfrlrlrllfrfrllflffrfflr"/>
	<trajectory sample="161" generation="161000" 
bestEnergy="-18.0" averageEnergy="-11.1728" worstEnergy="-1.0" bestConformation="Conformation 12.0 -12.0 Ffrffrfrllflrffrllfrlrrlffrlfrlrrffrllrrlfllrlfrrllrflrrfflrrflrllrrffflflrlfrlrlrllfrfrllflffrfflr"/>
	<trajectory sample="162" generation="162000" 
bestEnergy="-18.0" averageEnergy="-11.1728" worstEnergy="-1.0" bestConformation="Conformation 12.0 -12.0 Ffrffrfrllflrffrllfrlrrlffrlfrlrrffrllrrlfllrlfrrllrflrrfflrrflrllrrffflflrlfrlrlrllfrfrllflffrfflr"/>
	<trajectory sample="163" generation="163000" 
bestEnergy="-18.0" averageEnergy="-11.1728" worstEnergy="-1.0" bestConformation="Conformation 12.0 -12.0 Ffrffrfrllflrffrllfrlrrlffrlfrlrrffrllrrlfllrlfrrllrflrrfflrrflrllrrffflflrlfrlrlrllfrfrllflffrfflr"/>
	<trajectory sample="164" generation="164000" 
bestEnergy="-18.0" averageEnergy="-11.1728" worstEnergy="-1.0" bestConformation="Conformation 12.0 -12.0 Ffrffrfrllflrffrllfrlrrlffrlfrlrrffrllrrlfllrlfrrllrflrrfflrrflrllrrffflflrlfrlrlrllfrfrllflffrfflr"/>
	<trajectory sample="165" generation="165000" 
bestEnergy="-18.0" averageEnergy="-11.1728" worstEnergy="-1.0" bestConformation="Conformation 12.0 -12.0 Ffrffrfrllflrffrllfrlrrlffrlfrlrrffrllrrlfllrlfrrllrflrrfflrrflrllrrffflflrlfrlrlrllfrfrllflffrfflr"/>
	<trajectory sample="166" generation="166000" 
bestEnergy="-18.0" averageEnergy="-11.1728" worstEnergy="-1.0" bestConformation="Conformation 12.0 -12.0 Ffrffrfrllflrffrllfrlrrlffrlfrlrrffrllrrlfllrlfrrllrflrrfflrrflrllrrffflflrlfrlrlrllfrfrllflffrfflr"/>
	<trajectory sample="167" generation="167000" 
bestEnergy="-18.0" averageEnergy="-11.1728" worstEnergy="-1.0" bestConformation="Conformation 12.0 -12.0 Ffrffrfrllflrffrllfrlrrlffrlfrlrrffrllrrlfllrlfrrllrflrrfflrrflrllrrffflflrlfrlrlrllfrfrllflffrfflr"/>
	<trajectory sample="168" generation="168000" 
bestEnergy="-18.0" averageEnergy="-11.1728" worstEnergy="-1.0" bestConformation="Conformation 12.0 -12.0 Ffrffrfrllflrffrllfrlrrlffrlfrlrrffrllrrlfllrlfrrllrflrrfflrrflrllrrffflflrlfrlrlrllfrfrllflffrfflr"/>
	<trajectory sample="169" generation="169000" 
bestEnergy="-18.0" averageEnergy="-11.1728" worstEnergy="-1.0" bestConformation="Conformation 12.0 -12.0 Ffrffrfrllflrffrllfrlrrlffrlfrlrrffrllrrlfllrlfrrllrflrrfflrrflrllrrffflflrlfrlrlrllfrfrllflffrfflr"/>
	<trajectory sample="170" generation="170000" 
bestEnergy="-18.0" averageEnergy="-11.1728" worstEnergy="-1.0" bestConformation="Conformation 12.0 -12.0 Ffrffrfrllflrffrllfrlrrlffrlfrlrrffrllrrlfllrlfrrllrflrrfflrrflrllrrffflflrlfrlrlrllfrfrllflffrfflr"/>
	<trajectory sample="171" generation="171000" 
bestEnergy="-18.0" averageEnergy="-11.1728" worstEnergy="-1.0" bestConformation="Conformation 12.0 -12.0 Ffrffrfrllflrffrllfrlrrlffrlfrlrrffrllrrlfllrlfrrllrflrrfflrrflrllrrffflflrlfrlrlrllfrfrllflffrfflr"/>
	<trajectory sample="172" generation="172000" 
bestEnergy="-18.0" averageEnergy="-11.1728" worstEnergy="-1.0" bestConformation="Conformation 12.0 -12.0 Ffrffrfrllflrffrllfrlrrlffrlfrlrrffrllrrlfllrlfrrllrflrrfflrrflrllrrffflflrlfrlrlrllfrfrllflffrfflr"/>
	<trajectory sample="173" generation="173000" 
bestEnergy="-18.0" averageEnergy="-11.1728" worstEnergy="-1.0" bestConformation="Conformation 12.0 -12.0 Ffrffrfrllflrffrllfrlrrlffrlfrlrrffrllrrlfllrlfrrllrflrrfflrrflrllrrffflflrlfrlrlrllfrfrllflffrfflr"/>
	<trajectory sample="174" generation="174000" 
bestEnergy="-18.0" averageEnergy="-11.1728" worstEnergy="-1.0" bestConformation="Conformation 12.0 -12.0 Ffrffrfrllflrffrllfrlrrlffrlfrlrrffrllrrlfllrlfrrllrflrrfflrrflrllrrffflflrlfrlrlrllfrfrllflffrfflr"/>
	<trajectory sample="175" generation="175000" 
bestEnergy="-18.0" averageEnergy="-11.1728" worstEnergy="-1.0" bestConformation="Conformation 12.0 -12.0 Ffrffrfrllflrffrllfrlrrlffrlfrlrrffrllrrlfllrlfrrllrflrrfflrrflrllrrffflflrlfrlrlrllfrfrllflffrfflr"/>
	<trajectory sample="176" generation="176000" 
bestEnergy="-18.0" averageEnergy="-11.1728" worstEnergy="-1.0" bestConformation="Conformation 12.0 -12.0 Ffrffrfrllflrffrllfrlrrlffrlfrlrrffrllrrlfllrlfrrllrflrrfflrrflrllrrffflflrlfrlrlrllfrfrllflffrfflr"/>
	<trajectory sample="177" generation="177000" 
bestEnergy="-18.0" averageEnergy="-11.1728" worstEnergy="-1.0" bestConformation="Conformation 12.0 -12.0 Ffrffrfrllflrffrllfrlrrlffrlfrlrrffrllrrlfllrlfrrllrflrrfflrrflrllrrffflflrlfrlrlrllfrfrllflffrfflr"/>
	<trajectory sample="178" generation="178000" 
bestEnergy="-18.0" averageEnergy="-11.1728" worstEnergy="-1.0" bestConformation="Conformation 12.0 -12.0 Ffrffrfrllflrffrllfrlrrlffrlfrlrrffrllrrlfllrlfrrllrflrrfflrrflrllrrffflflrlfrlrlrllfrfrllflffrfflr"/>
	<trajectory sample="179" generation="179000" 
bestEnergy="-18.0" averageEnergy="-11.1728" worstEnergy="-1.0" bestConformation="Conformation 12.0 -12.0 Ffrffrfrllflrffrllfrlrrlffrlfrlrrffrllrrlfllrlfrrllrflrrfflrrflrllrrffflflrlfrlrlrllfrfrllflffrfflr"/>
	<trajectory sample="180" generation="180000" 
bestEnergy="-18.0" averageEnergy="-11.1728" worstEnergy="-1.0" bestConformation="Conformation 12.0 -12.0 Ffrffrfrllflrffrllfrlrrlffrlfrlrrffrllrrlfllrlfrrllrflrrfflrrflrllrrffflflrlfrlrlrllfrfrllflffrfflr"/>
	<trajectory sample="181" generation="181000" 
bestEnergy="-18.0" averageEnergy="-11.1728" worstEnergy="-1.0" bestConformation="Conformation 12.0 -12.0 Ffrffrfrllflrffrllfrlrrlffrlfrlrrffrllrrlfllrlfrrllrflrrfflrrflrllrrffflflrlfrlrlrllfrfrllflffrfflr"/>
	<trajectory sample="182" generation="182000" 
bestEnergy="-18.0" averageEnergy="-11.1728" worstEnergy="-1.0" bestConformation="Conformation 12.0 -12.0 Ffrffrfrllflrffrllfrlrrlffrlfrlrrffrllrrlfllrlfrrllrflrrfflrrflrllrrffflflrlfrlrlrllfrfrllflffrfflr"/>
	<trajectory sample="183" generation="183000" 
bestEnergy="-18.0" averageEnergy="-11.1728" worstEnergy="-1.0" bestConformation="Conformation 12.0 -12.0 Ffrffrfrllflrffrllfrlrrlffrlfrlrrffrllrrlfllrlfrrllrflrrfflrrflrllrrffflflrlfrlrlrllfrfrllflffrfflr"/>
	<trajectory sample="184" generation="184000" 
bestEnergy="-18.0" averageEnergy="-11.1729" worstEnergy="-1.0" bestConformation="Conformation 12.0 -12.0 Ffrffrfrllflrffrllfrlrrlffrlfrlrrffrllrrlfllrlfrrllrflrrfflrrflrllrrffflflrlfrlrlrllfrfrllflffrfflr"/>
	<trajectory sample="185" generation="185000" 
bestEnergy="-18.0" averageEnergy="-11.1729" worstEnergy="-1.0" bestConformation="Conformation 12.0 -12.0 Ffrffrfrllflrffrllfrlrrlffrlfrlrrffrllrrlfllrlfrrllrflrrfflrrflrllrrffflflrlfrlrlrllfrfrllflffrfflr"/>
	<trajectory sample="186" generation="186000" 
bestEnergy="-18.0" averageEnergy="-11.1729" worstEnergy="-1.0" bestConformation="Conformation 12.0 -12.0 Ffrffrfrllflrffrllfrlrrlffrlfrlrrffrllrrlfllrlfrrllrflrrfflrrflrllrrffflflrlfrlrlrllfrfrllflffrfflr"/>
	<trajectory sample="187" generation="187000" 
bestEnergy="-18.0" averageEnergy="-11.1729" worstEnergy="-1.0" bestConformation="Conformation 12.0 -12.0 Ffrffrfrllflrffrllfrlrrlffrlfrlrrffrllrrlfllrlfrrllrflrrfflrrflrllrrffflflrlfrlrlrllfrfrllflffrfflr"/>
	<trajectory sample="188" generation="188000" 
bestEnergy="-18.0" averageEnergy="-11.1729" worstEnergy="-1.0" bestConformation="Conformation 12.0 -12.0 Ffrffrfrllflrffrllfrlrrlffrlfrlrrffrllrrlfllrlfrrllrflrrfflrrflrllrrffflflrlfrlrlrllfrfrllflffrfflr"/>
	<trajectory sample="189" generation="189000" 
bestEnergy="-18.0" averageEnergy="-11.1741" worstEnergy="-1.0" bestConformation="Conformation 12.0 -12.0 Ffrffrfrllflrffrllfrlrrlffrlfrlrrffrllrrlfllrlfrrllrflrrfflrrflrllrrffflflrlfrlrlrllfrfrllflffrfflr"/>
	<trajectory sample="190" generation="190000" 
bestEnergy="-18.0" averageEnergy="-11.1741" worstEnergy="-1.0" bestConformation="Conformation 12.0 -12.0 Ffrffrfrllflrffrllfrlrrlffrlfrlrrffrllrrlfllrlfrrllrflrrfflrrflrllrrffflflrlfrlrlrllfrfrllflffrfflr"/>
	<trajectory sample="191" generation="191000" 
bestEnergy="-18.0" averageEnergy="-11.1741" worstEnergy="-1.0" bestConformation="Conformation 12.0 -12.0 Ffrffrfrllflrffrllfrlrrlffrlfrlrrffrllrrlfllrlfrrllrflrrfflrrflrllrrffflflrlfrlrlrllfrfrllflffrfflr"/>
	<trajectory sample="192" generation="192000" 
bestEnergy="-18.0" averageEnergy="-11.1741" worstEnergy="-1.0" bestConformation="Conformation 12.0 -12.0 Ffrffrfrllflrffrllfrlrrlffrlfrlrrffrllrrlfllrlfrrllrflrrfflrrflrllrrffflflrlfrlrlrllfrfrllflffrfflr"/>
	<trajectory sample="193" generation="193000" 
bestEnergy="-18.0" averageEnergy="-11.1741" worstEnergy="-1.0" bestConformation="Conformation 12.0 -12.0 Ffrffrfrllflrffrllfrlrrlffrlfrlrrffrllrrlfllrlfrrllrflrrfflrrflrllrrffflflrlfrlrlrllfrfrllflffrfflr"/>
	<trajectory sample="194" generation="194000" 
bestEnergy="-18.0" averageEnergy="-11.1741" worstEnergy="-1.0" bestConformation="Conformation 12.0 -12.0 Ffrffrfrllflrffrllfrlrrlffrlfrlrrffrllrrlfllrlfrrllrflrrfflrrflrllrrffflflrlfrlrlrllfrfrllflffrfflr"/>
	<trajectory sample="195" generation="195000" 
bestEnergy="-18.0" averageEnergy="-11.1741" worstEnergy="-1.0" bestConformation="Conformation 12.0 -12.0 Ffrffrfrllflrffrllfrlrrlffrlfrlrrffrllrrlfllrlfrrllrflrrfflrrflrllrrffflflrlfrlrlrllfrfrllflffrfflr"/>
	<trajectory sample="196" generation="196000" 
bestEnergy="-18.0" averageEnergy="-11.1741" worstEnergy="-1.0" bestConformation="Conformation 12.0 -12.0 Ffrffrfrllflrffrllfrlrrlffrlfrlrrffrllrrlfllrlfrrllrflrrfflrrflrllrrffflflrlfrlrlrllfrfrllflffrfflr"/>
	<trajectory sample="197" generation="197000" 
bestEnergy="-18.0" averageEnergy="-11.1741" worstEnergy="-1.0" bestConformation="Conformation 12.0 -12.0 Ffrffrfrllflrffrllfrlrrlffrlfrlrrffrllrrlfllrlfrrllrflrrfflrrflrllrrffflflrlfrlrlrllfrfrllflffrfflr"/>
	<trajectory sample="198" generation="198000" 
bestEnergy="-18.0" averageEnergy="-11.1741" worstEnergy="-1.0" bestConformation="Conformation 12.0 -12.0 Ffrffrfrllflrffrllfrlrrlffrlfrlrrffrllrrlfllrlfrrllrflrrfflrrflrllrrffflflrlfrlrlrllfrfrllflffrfflr"/>
	<trajectory sample="199" generation="199000" 
bestEnergy="-18.0" averageEnergy="-11.1741" worstEnergy="-1.0" bestConformation="Conformation 12.0 -12.0 Ffrffrfrllflrffrllfrlrrlffrlfrlrrffrllrrlfllrlfrrllrflrrfflrrflrllrrffflflrlfrlrlrllfrfrllflffrfflr"/>
	<trajectory sample="200" generation="200000" 
bestEnergy="-18.0" averageEnergy="-11.1741" worstEnergy="-1.0" bestConformation="Conformation 12.0 -12.0 Ffrffrfrllflrffrllfrlrrlffrlfrlrrffrllrrlfllrlfrrllrflrrfflrrflrllrrffflflrlfrlrlrllfrfrllflffrfflr"/>
	<trajectory sample="201" generation="201000" 
bestEnergy="-18.0" averageEnergy="-11.1741" worstEnergy="-1.0" bestConformation="Conformation 12.0 -12.0 Ffrffrfrllflrffrllfrlrrlffrlfrlrrffrllrrlfllrlfrrllrflrrfflrrflrllrrffflflrlfrlrlrllfrfrllflffrfflr"/>
	<trajectory sample="202" generation="202000" 
bestEnergy="-18.0" averageEnergy="-11.1741" worstEnergy="-1.0" bestConformation="Conformation 12.0 -12.0 Ffrffrfrllflrffrllfrlrrlffrlfrlrrffrllrrlfllrlfrrllrflrrfflrrflrllrrffflflrlfrlrlrllfrfrllflffrfflr"/>
	<trajectory sample="203" generation="203000" 
bestEnergy="-18.0" averageEnergy="-11.1741" worstEnergy="-1.0" bestConformation="Conformation 12.0 -12.0 Ffrffrfrllflrffrllfrlrrlffrlfrlrrffrllrrlfllrlfrrllrflrrfflrrflrllrrffflflrlfrlrlrllfrfrllflffrfflr"/>
	<trajectory sample="204" generation="204000" 
bestEnergy="-18.0" averageEnergy="-11.1741" worstEnergy="-1.0" bestConformation="Conformation 12.0 -12.0 Ffrffrfrllflrffrllfrlrrlffrlfrlrrffrllrrlfllrlfrrllrflrrfflrrflrllrrffflflrlfrlrlrllfrfrllflffrfflr"/>
	<trajectory sample="205" generation="205000" 
bestEnergy="-18.0" averageEnergy="-11.1741" worstEnergy="-1.0" bestConformation="Conformation 12.0 -12.0 Ffrffrfrllflrffrllfrlrrlffrlfrlrrffrllrrlfllrlfrrllrflrrfflrrflrllrrffflflrlfrlrlrllfrfrllflffrfflr"/>
	<trajectory sample="206" generation="206000" 
bestEnergy="-18.0" averageEnergy="-11.1741" worstEnergy="-1.0" bestConformation="Conformation 12.0 -12.0 Ffrffrfrllflrffrllfrlrrlffrlfrlrrffrllrrlfllrlfrrllrflrrfflrrflrllrrffflflrlfrlrlrllfrfrllflffrfflr"/>
	<trajectory sample="207" generation="207000" 
bestEnergy="-18.0" averageEnergy="-11.1741" worstEnergy="-1.0" bestConformation="Conformation 12.0 -12.0 Ffrffrfrllflrffrllfrlrrlffrlfrlrrffrllrrlfllrlfrrllrflrrfflrrflrllrrffflflrlfrlrlrllfrfrllflffrfflr"/>
	<trajectory sample="208" generation="208000" 
bestEnergy="-18.0" averageEnergy="-11.1741" worstEnergy="-1.0" bestConformation="Conformation 12.0 -12.0 Ffrffrfrllflrffrllfrlrrlffrlfrlrrffrllrrlfllrlfrrllrflrrfflrrflrllrrffflflrlfrlrlrllfrfrllflffrfflr"/>
	<trajectory sample="209" generation="209000" 
bestEnergy="-18.0" averageEnergy="-11.1741" worstEnergy="-1.0" bestConformation="Conformation 12.0 -12.0 Ffrffrfrllflrffrllfrlrrlffrlfrlrrffrllrrlfllrlfrrllrflrrfflrrflrllrrffflflrlfrlrlrllfrfrllflffrfflr"/>
	<trajectory sample="210" generation="210000" 
bestEnergy="-18.0" averageEnergy="-11.1741" worstEnergy="-1.0" bestConformation="Conformation 12.0 -12.0 Ffrffrfrllflrffrllfrlrrlffrlfrlrrffrllrrlfllrlfrrllrflrrfflrrflrllrrffflflrlfrlrlrllfrfrllflffrfflr"/>
	<trajectory sample="211" generation="211000" 
bestEnergy="-18.0" averageEnergy="-11.1741" worstEnergy="-1.0" bestConformation="Conformation 12.0 -12.0 Ffrffrfrllflrffrllfrlrrlffrlfrlrrffrllrrlfllrlfrrllrflrrfflrrflrllrrffflflrlfrlrlrllfrfrllflffrfflr"/>
	<trajectory sample="212" generation="212000" 
bestEnergy="-18.0" averageEnergy="-11.1745" worstEnergy="-1.0" bestConformation="Conformation 12.0 -12.0 Ffrffrfrllflrffrllfrlrrlffrlfrlrrffrllrrlfllrlfrrllrflrrfflrrflrllrrffflflrlfrlrlrllfrfrllflffrfflr"/>
	<trajectory sample="213" generation="213000" 
bestEnergy="-18.0" averageEnergy="-11.1745" worstEnergy="-1.0" bestConformation="Conformation 12.0 -12.0 Ffrffrfrllflrffrllfrlrrlffrlfrlrrffrllrrlfllrlfrrllrflrrfflrrflrllrrffflflrlfrlrlrllfrfrllflffrfflr"/>
	<trajectory sample="214" generation="214000" 
bestEnergy="-18.0" averageEnergy="-11.1745" worstEnergy="-1.0" bestConformation="Conformation 12.0 -12.0 Ffrffrfrllflrffrllfrlrrlffrlfrlrrffrllrrlfllrlfrrllrflrrfflrrflrllrrffflflrlfrlrlrllfrfrllflffrfflr"/>
	<trajectory sample="215" generation="215000" 
bestEnergy="-18.0" averageEnergy="-11.1745" worstEnergy="-1.0" bestConformation="Conformation 12.0 -12.0 Ffrffrfrllflrffrllfrlrrlffrlfrlrrffrllrrlfllrlfrrllrflrrfflrrflrllrrffflflrlfrlrlrllfrfrllflffrfflr"/>
	<trajectory sample="216" generation="216000" 
bestEnergy="-18.0" averageEnergy="-11.1745" worstEnergy="-1.0" bestConformation="Conformation 12.0 -12.0 Ffrffrfrllflrffrllfrlrrlffrlfrlrrffrllrrlfllrlfrrllrflrrfflrrflrllrrffflflrlfrlrlrllfrfrllflffrfflr"/>
	<trajectory sample="217" generation="217000" 
bestEnergy="-18.0" averageEnergy="-11.1745" worstEnergy="-1.0" bestConformation="Conformation 12.0 -12.0 Ffrffrfrllflrffrllfrlrrlffrlfrlrrffrllrrlfllrlfrrllrflrrfflrrflrllrrffflflrlfrlrlrllfrfrllflffrfflr"/>
	<trajectory sample="218" generation="218000" 
bestEnergy="-18.0" averageEnergy="-11.1745" worstEnergy="-1.0" bestConformation="Conformation 12.0 -12.0 Ffrffrfrllflrffrllfrlrrlffrlfrlrrffrllrrlfllrlfrrllrflrrfflrrflrllrrffflflrlfrlrlrllfrfrllflffrfflr"/>
	<trajectory sample="219" generation="219000" 
bestEnergy="-18.0" averageEnergy="-11.1745" worstEnergy="-1.0" bestConformation="Conformation 12.0 -12.0 Ffrffrfrllflrffrllfrlrrlffrlfrlrrffrllrrlfllrlfrrllrflrrfflrrflrllrrffflflrlfrlrlrllfrfrllflffrfflr"/>
	<trajectory sample="220" generation="220000" 
bestEnergy="-18.0" averageEnergy="-11.1745" worstEnergy="-1.0" bestConformation="Conformation 12.0 -12.0 Ffrffrfrllflrffrllfrlrrlffrlfrlrrffrllrrlfllrlfrrllrflrrfflrrflrllrrffflflrlfrlrlrllfrfrllflffrfflr"/>
	<trajectory sample="221" generation="221000" 
bestEnergy="-18.0" averageEnergy="-11.1745" worstEnergy="-1.0" bestConformation="Conformation 12.0 -12.0 Ffrffrfrllflrffrllfrlrrlffrlfrlrrffrllrrlfllrlfrrllrflrrfflrrflrllrrffflflrlfrlrlrllfrfrllflffrfflr"/>
	<trajectory sample="222" generation="222000" 
bestEnergy="-18.0" averageEnergy="-11.1745" worstEnergy="-1.0" bestConformation="Conformation 12.0 -12.0 Ffrffrfrllflrffrllfrlrrlffrlfrlrrffrllrrlfllrlfrrllrflrrfflrrflrllrrffflflrlfrlrlrllfrfrllflffrfflr"/>
	<trajectory sample="223" generation="223000" 
bestEnergy="-18.0" averageEnergy="-11.1745" worstEnergy="-1.0" bestConformation="Conformation 12.0 -12.0 Ffrffrfrllflrffrllfrlrrlffrlfrlrrffrllrrlfllrlfrrllrflrrfflrrflrllrrffflflrlfrlrlrllfrfrllflffrfflr"/>
	<trajectory sample="224" generation="224000" 
bestEnergy="-18.0" averageEnergy="-11.1745" worstEnergy="-1.0" bestConformation="Conformation 12.0 -12.0 Ffrffrfrllflrffrllfrlrrlffrlfrlrrffrllrrlfllrlfrrllrflrrfflrrflrllrrffflflrlfrlrlrllfrfrllflffrfflr"/>
	<trajectory sample="225" generation="225000" 
bestEnergy="-18.0" averageEnergy="-11.1745" worstEnergy="-1.0" bestConformation="Conformation 12.0 -12.0 Ffrffrfrllflrffrllfrlrrlffrlfrlrrffrllrrlfllrlfrrllrflrrfflrrflrllrrffflflrlfrlrlrllfrfrllflffrfflr"/>
	<trajectory sample="226" generation="226000" 
bestEnergy="-18.0" averageEnergy="-11.1745" worstEnergy="-1.0" bestConformation="Conformation 12.0 -12.0 Ffrffrfrllflrffrllfrlrrlffrlfrlrrffrllrrlfllrlfrrllrflrrfflrrflrllrrffflflrlfrlrlrllfrfrllflffrfflr"/>
	<trajectory sample="227" generation="227000" 
bestEnergy="-18.0" averageEnergy="-11.1751" worstEnergy="-1.0" bestConformation="Conformation 12.0 -12.0 Ffrffrfrllflrffrllfrlrrlffrlfrlrrffrllrrlfllrlfrrllrflrrfflrrflrllrrffflflrlfrlrlrllfrfrllflffrfflr"/>
	<trajectory sample="228" generation="228000" 
bestEnergy="-18.0" averageEnergy="-11.1751" worstEnergy="-1.0" bestConformation="Conformation 12.0 -12.0 Ffrffrfrllflrffrllfrlrrlffrlfrlrrffrllrrlfllrlfrrllrflrrfflrrflrllrrffflflrlfrlrlrllfrfrllflffrfflr"/>
	<trajectory sample="229" generation="229000" 
bestEnergy="-18.0" averageEnergy="-11.1751" worstEnergy="-1.0" bestConformation="Conformation 12.0 -12.0 Ffrffrfrllflrffrllfrlrrlffrlfrlrrffrllrrlfllrlfrrllrflrrfflrrflrllrrffflflrlfrlrlrllfrfrllflffrfflr"/>
	<trajectory sample="230" generation="230000" 
bestEnergy="-18.0" averageEnergy="-11.1751" worstEnergy="-1.0" bestConformation="Conformation 12.0 -12.0 Ffrffrfrllflrffrllfrlrrlffrlfrlrrffrllrrlfllrlfrrllrflrrfflrrflrllrrffflflrlfrlrlrllfrfrllflffrfflr"/>
	<trajectory sample="231" generation="231000" 
bestEnergy="-18.0" averageEnergy="-11.1751" worstEnergy="-1.0" bestConformation="Conformation 12.0 -12.0 Ffrffrfrllflrffrllfrlrrlffrlfrlrrffrllrrlfllrlfrrllrflrrfflrrflrllrrffflflrlfrlrlrllfrfrllflffrfflr"/>
	<trajectory sample="232" generation="232000" 
bestEnergy="-18.0" averageEnergy="-11.1751" worstEnergy="-1.0" bestConformation="Conformation 12.0 -12.0 Ffrffrfrllflrffrllfrlrrlffrlfrlrrffrllrrlfllrlfrrllrflrrfflrrflrllrrffflflrlfrlrlrllfrfrllflffrfflr"/>
	<trajectory sample="233" generation="233000" 
bestEnergy="-18.0" averageEnergy="-11.1751" worstEnergy="-1.0" bestConformation="Conformation 12.0 -12.0 Ffrffrfrllflrffrllfrlrrlffrlfrlrrffrllrrlfllrlfrrllrflrrfflrrflrllrrffflflrlfrlrlrllfrfrllflffrfflr"/>
	<trajectory sample="234" generation="234000" 
bestEnergy="-18.0" averageEnergy="-11.1751" worstEnergy="-1.0" bestConformation="Conformation 12.0 -12.0 Ffrffrfrllflrffrllfrlrrlffrlfrlrrffrllrrlfllrlfrrllrflrrfflrrflrllrrffflflrlfrlrlrllfrfrllflffrfflr"/>
	<trajectory sample="235" generation="235000" 
bestEnergy="-18.0" averageEnergy="-11.1751" worstEnergy="-1.0" bestConformation="Conformation 12.0 -12.0 Ffrffrfrllflrffrllfrlrrlffrlfrlrrffrllrrlfllrlfrrllrflrrfflrrflrllrrffflflrlfrlrlrllfrfrllflffrfflr"/>
	<trajectory sample="236" generation="236000" 
bestEnergy="-18.0" averageEnergy="-11.1751" worstEnergy="-1.0" bestConformation="Conformation 12.0 -12.0 Ffrffrfrllflrffrllfrlrrlffrlfrlrrffrllrrlfllrlfrrllrflrrfflrrflrllrrffflflrlfrlrlrllfrfrllflffrfflr"/>
	<trajectory sample="237" generation="237000" 
bestEnergy="-18.0" averageEnergy="-11.1751" worstEnergy="-1.0" bestConformation="Conformation 12.0 -12.0 Ffrffrfrllflrffrllfrlrrlffrlfrlrrffrllrrlfllrlfrrllrflrrfflrrflrllrrffflflrlfrlrlrllfrfrllflffrfflr"/>
	<trajectory sample="238" generation="238000" 
bestEnergy="-18.0" averageEnergy="-11.1751" worstEnergy="-1.0" bestConformation="Conformation 12.0 -12.0 Ffrffrfrllflrffrllfrlrrlffrlfrlrrffrllrrlfllrlfrrllrflrrfflrrflrllrrffflflrlfrlrlrllfrfrllflffrfflr"/>
	<trajectory sample="239" generation="239000" 
bestEnergy="-18.0" averageEnergy="-11.1751" worstEnergy="-1.0" bestConformation="Conformation 12.0 -12.0 Ffrffrfrllflrffrllfrlrrlffrlfrlrrffrllrrlfllrlfrrllrflrrfflrrflrllrrffflflrlfrlrlrllfrfrllflffrfflr"/>
	<trajectory sample="240" generation="240000" 
bestEnergy="-18.0" averageEnergy="-11.1751" worstEnergy="-1.0" bestConformation="Conformation 12.0 -12.0 Ffrffrfrllflrffrllfrlrrlffrlfrlrrffrllrrlfllrlfrrllrflrrfflrrflrllrrffflflrlfrlrlrllfrfrllflffrfflr"/>
	<trajectory sample="241" generation="241000" 
bestEnergy="-18.0" averageEnergy="-11.1751" worstEnergy="-1.0" bestConformation="Conformation 12.0 -12.0 Ffrffrfrllflrffrllfrlrrlffrlfrlrrffrllrrlfllrlfrrllrflrrfflrrflrllrrffflflrlfrlrlrllfrfrllflffrfflr"/>
	<trajectory sample="242" generation="242000" 
bestEnergy="-18.0" averageEnergy="-11.1751" worstEnergy="-1.0" bestConformation="Conformation 12.0 -12.0 Ffrffrfrllflrffrllfrlrrlffrlfrlrrffrllrrlfllrlfrrllrflrrfflrrflrllrrffflflrlfrlrlrllfrfrllflffrfflr"/>
	<trajectory sample="243" generation="243000" 
bestEnergy="-18.0" averageEnergy="-11.1751" worstEnergy="-1.0" bestConformation="Conformation 12.0 -12.0 Ffrffrfrllflrffrllfrlrrlffrlfrlrrffrllrrlfllrlfrrllrflrrfflrrflrllrrffflflrlfrlrlrllfrfrllflffrfflr"/>
	<trajectory sample="244" generation="244000" 
bestEnergy="-18.0" averageEnergy="-11.1751" worstEnergy="-1.0" bestConformation="Conformation 12.0 -12.0 Ffrffrfrllflrffrllfrlrrlffrlfrlrrffrllrrlfllrlfrrllrflrrfflrrflrllrrffflflrlfrlrlrllfrfrllflffrfflr"/>
	<trajectory sample="245" generation="245000" 
bestEnergy="-18.0" averageEnergy="-11.1751" worstEnergy="-1.0" bestConformation="Conformation 12.0 -12.0 Ffrffrfrllflrffrllfrlrrlffrlfrlrrffrllrrlfllrlfrrllrflrrfflrrflrllrrffflflrlfrlrlrllfrfrllflffrfflr"/>
	<trajectory sample="246" generation="246000" 
bestEnergy="-18.0" averageEnergy="-11.1751" worstEnergy="-1.0" bestConformation="Conformation 12.0 -12.0 Ffrffrfrllflrffrllfrlrrlffrlfrlrrffrllrrlfllrlfrrllrflrrfflrrflrllrrffflflrlfrlrlrllfrfrllflffrfflr"/>
	<trajectory sample="247" generation="247000" 
bestEnergy="-18.0" averageEnergy="-11.1751" worstEnergy="-1.0" bestConformation="Conformation 12.0 -12.0 Ffrffrfrllflrffrllfrlrrlffrlfrlrrffrllrrlfllrlfrrllrflrrfflrrflrllrrffflflrlfrlrlrllfrfrllflffrfflr"/>
	<trajectory sample="248" generation="248000" 
bestEnergy="-18.0" averageEnergy="-11.1751" worstEnergy="-1.0" bestConformation="Conformation 12.0 -12.0 Ffrffrfrllflrffrllfrlrrlffrlfrlrrffrllrrlfllrlfrrllrflrrfflrrflrllrrffflflrlfrlrlrllfrfrllflffrfflr"/>
	<trajectory sample="249" generation="249000" 
bestEnergy="-18.0" averageEnergy="-11.1751" worstEnergy="-1.0" bestConformation="Conformation 12.0 -12.0 Ffrffrfrllflrffrllfrlrrlffrlfrlrrffrllrrlfllrlfrrllrflrrfflrrflrllrrffflflrlfrlrlrllfrfrllflffrfflr"/>
	<trajectory sample="250" generation="250000" 
bestEnergy="-18.0" averageEnergy="-11.1751" worstEnergy="-1.0" bestConformation="Conformation 12.0 -12.0 Ffrffrfrllflrffrllfrlrrlffrlfrlrrffrllrrlfllrlfrrllrflrrfflrrflrllrrffflflrlfrlrlrllfrfrllflffrfflr"/>
	<trajectory sample="251" generation="251000" 
bestEnergy="-18.0" averageEnergy="-11.1751" worstEnergy="-1.0" bestConformation="Conformation 12.0 -12.0 Ffrffrfrllflrffrllfrlrrlffrlfrlrrffrllrrlfllrlfrrllrflrrfflrrflrllrrffflflrlfrlrlrllfrfrllflffrfflr"/>
	<trajectory sample="252" generation="252000" 
bestEnergy="-18.0" averageEnergy="-11.1751" worstEnergy="-1.0" bestConformation="Conformation 12.0 -12.0 Ffrffrfrllflrffrllfrlrrlffrlfrlrrffrllrrlfllrlfrrllrflrrfflrrflrllrrffflflrlfrlrlrllfrfrllflffrfflr"/>
	<trajectory sample="253" generation="253000" 
bestEnergy="-18.0" averageEnergy="-11.1751" worstEnergy="-1.0" bestConformation="Conformation 12.0 -12.0 Ffrffrfrllflrffrllfrlrrlffrlfrlrrffrllrrlfllrlfrrllrflrrfflrrflrllrrffflflrlfrlrlrllfrfrllflffrfflr"/>
	<trajectory sample="254" generation="254000" 
bestEnergy="-18.0" averageEnergy="-11.1751" worstEnergy="-1.0" bestConformation="Conformation 12.0 -12.0 Ffrffrfrllflrffrllfrlrrlffrlfrlrrffrllrrlfllrlfrrllrflrrfflrrflrllrrffflflrlfrlrlrllfrfrllflffrfflr"/>
	<trajectory sample="255" generation="255000" 
bestEnergy="-18.0" averageEnergy="-11.1751" worstEnergy="-1.0" bestConformation="Conformation 12.0 -12.0 Ffrffrfrllflrffrllfrlrrlffrlfrlrrffrllrrlfllrlfrrllrflrrfflrrflrllrrffflflrlfrlrlrllfrfrllflffrfflr"/>
	<trajectory sample="256" generation="256000" 
bestEnergy="-18.0" averageEnergy="-11.1751" worstEnergy="-1.0" bestConformation="Conformation 12.0 -12.0 Ffrffrfrllflrffrllfrlrrlffrlfrlrrffrllrrlfllrlfrrllrflrrfflrrflrllrrffflflrlfrlrlrllfrfrllflffrfflr"/>
	<trajectory sample="257" generation="257000" 
bestEnergy="-18.0" averageEnergy="-11.1751" worstEnergy="-1.0" bestConformation="Conformation 12.0 -12.0 Ffrffrfrllflrffrllfrlrrlffrlfrlrrffrllrrlfllrlfrrllrflrrfflrrflrllrrffflflrlfrlrlrllfrfrllflffrfflr"/>
	<trajectory sample="258" generation="258000" 
bestEnergy="-18.0" averageEnergy="-11.1751" worstEnergy="-1.0" bestConformation="Conformation 12.0 -12.0 Ffrffrfrllflrffrllfrlrrlffrlfrlrrffrllrrlfllrlfrrllrflrrfflrrflrllrrffflflrlfrlrlrllfrfrllflffrfflr"/>
	<trajectory sample="259" generation="259000" 
bestEnergy="-18.0" averageEnergy="-11.1751" worstEnergy="-1.0" bestConformation="Conformation 12.0 -12.0 Ffrffrfrllflrffrllfrlrrlffrlfrlrrffrllrrlfllrlfrrllrflrrfflrrflrllrrffflflrlfrlrlrllfrfrllflffrfflr"/>
	<trajectory sample="260" generation="260000" 
bestEnergy="-18.0" averageEnergy="-11.1751" worstEnergy="-1.0" bestConformation="Conformation 12.0 -12.0 Ffrffrfrllflrffrllfrlrrlffrlfrlrrffrllrrlfllrlfrrllrflrrfflrrflrllrrffflflrlfrlrlrllfrfrllflffrfflr"/>
	<trajectory sample="261" generation="261000" 
bestEnergy="-18.0" averageEnergy="-11.1751" worstEnergy="-1.0" bestConformation="Conformation 12.0 -12.0 Ffrffrfrllflrffrllfrlrrlffrlfrlrrffrllrrlfllrlfrrllrflrrfflrrflrllrrffflflrlfrlrlrllfrfrllflffrfflr"/>
	<trajectory sample="262" generation="262000" 
bestEnergy="-18.0" averageEnergy="-11.1751" worstEnergy="-1.0" bestConformation="Conformation 12.0 -12.0 Ffrffrfrllflrffrllfrlrrlffrlfrlrrffrllrrlfllrlfrrllrflrrfflrrflrllrrffflflrlfrlrlrllfrfrllflffrfflr"/>
	<trajectory sample="263" generation="263000" 
bestEnergy="-18.0" averageEnergy="-11.1751" worstEnergy="-1.0" bestConformation="Conformation 12.0 -12.0 Ffrffrfrllflrffrllfrlrrlffrlfrlrrffrllrrlfllrlfrrllrflrrfflrrflrllrrffflflrlfrlrlrllfrfrllflffrfflr"/>
	<trajectory sample="264" generation="264000" 
bestEnergy="-18.0" averageEnergy="-11.1751" worstEnergy="-1.0" bestConformation="Conformation 12.0 -12.0 Ffrffrfrllflrffrllfrlrrlffrlfrlrrffrllrrlfllrlfrrllrflrrfflrrflrllrrffflflrlfrlrlrllfrfrllflffrfflr"/>
	<trajectory sample="265" generation="265000" 
bestEnergy="-18.0" averageEnergy="-11.1751" worstEnergy="-1.0" bestConformation="Conformation 12.0 -12.0 Ffrffrfrllflrffrllfrlrrlffrlfrlrrffrllrrlfllrlfrrllrflrrfflrrflrllrrffflflrlfrlrlrllfrfrllflffrfflr"/>
	<trajectory sample="266" generation="266000" 
bestEnergy="-18.0" averageEnergy="-11.1751" worstEnergy="-1.0" bestConformation="Conformation 12.0 -12.0 Ffrffrfrllflrffrllfrlrrlffrlfrlrrffrllrrlfllrlfrrllrflrrfflrrflrllrrffflflrlfrlrlrllfrfrllflffrfflr"/>
	<trajectory sample="267" generation="267000" 
bestEnergy="-18.0" averageEnergy="-11.1751" worstEnergy="-1.0" bestConformation="Conformation 12.0 -12.0 Ffrffrfrllflrffrllfrlrrlffrlfrlrrffrllrrlfllrlfrrllrflrrfflrrflrllrrffflflrlfrlrlrllfrfrllflffrfflr"/>
	<trajectory sample="268" generation="268000" 
bestEnergy="-18.0" averageEnergy="-11.1751" worstEnergy="-1.0" bestConformation="Conformation 12.0 -12.0 Ffrffrfrllflrffrllfrlrrlffrlfrlrrffrllrrlfllrlfrrllrflrrfflrrflrllrrffflflrlfrlrlrllfrfrllflffrfflr"/>
	<trajectory sample="269" generation="269000" 
bestEnergy="-18.0" averageEnergy="-11.1751" worstEnergy="-1.0" bestConformation="Conformation 12.0 -12.0 Ffrffrfrllflrffrllfrlrrlffrlfrlrrffrllrrlfllrlfrrllrflrrfflrrflrllrrffflflrlfrlrlrllfrfrllflffrfflr"/>
	<trajectory sample="270" generation="270000" 
bestEnergy="-18.0" averageEnergy="-11.1751" worstEnergy="-1.0" bestConformation="Conformation 12.0 -12.0 Ffrffrfrllflrffrllfrlrrlffrlfrlrrffrllrrlfllrlfrrllrflrrfflrrflrllrrffflflrlfrlrlrllfrfrllflffrfflr"/>
	<trajectory sample="271" generation="271000" 
bestEnergy="-18.0" averageEnergy="-11.1751" worstEnergy="-1.0" bestConformation="Conformation 12.0 -12.0 Ffrffrfrllflrffrllfrlrrlffrlfrlrrffrllrrlfllrlfrrllrflrrfflrrflrllrrffflflrlfrlrlrllfrfrllflffrfflr"/>
	<trajectory sample="272" generation="272000" 
bestEnergy="-18.0" averageEnergy="-11.1751" worstEnergy="-1.0" bestConformation="Conformation 12.0 -12.0 Ffrffrfrllflrffrllfrlrrlffrlfrlrrffrllrrlfllrlfrrllrflrrfflrrflrllrrffflflrlfrlrlrllfrfrllflffrfflr"/>
	<trajectory sample="273" generation="273000" 
bestEnergy="-18.0" averageEnergy="-11.1753" worstEnergy="-1.0" bestConformation="Conformation 12.0 -12.0 Ffrffrfrllflrffrllfrlrrlffrlfrlrrffrllrrlfllrlfrrllrflrrfflrrflrllrrffflflrlfrlrlrllfrfrllflffrfflr"/>
	<trajectory sample="274" generation="274000" 
bestEnergy="-18.0" averageEnergy="-11.1753" worstEnergy="-1.0" bestConformation="Conformation 12.0 -12.0 Ffrffrfrllflrffrllfrlrrlffrlfrlrrffrllrrlfllrlfrrllrflrrfflrrflrllrrffflflrlfrlrlrllfrfrllflffrfflr"/>
	<trajectory sample="275" generation="275000" 
bestEnergy="-18.0" averageEnergy="-11.1753" worstEnergy="-1.0" bestConformation="Conformation 12.0 -12.0 Ffrffrfrllflrffrllfrlrrlffrlfrlrrffrllrrlfllrlfrrllrflrrfflrrflrllrrffflflrlfrlrlrllfrfrllflffrfflr"/>
	<trajectory sample="276" generation="276000" 
bestEnergy="-18.0" averageEnergy="-11.1753" worstEnergy="-1.0" bestConformation="Conformation 12.0 -12.0 Ffrffrfrllflrffrllfrlrrlffrlfrlrrffrllrrlfllrlfrrllrflrrfflrrflrllrrffflflrlfrlrlrllfrfrllflffrfflr"/>
	<trajectory sample="277" generation="277000" 
bestEnergy="-18.0" averageEnergy="-11.1753" worstEnergy="-1.0" bestConformation="Conformation 12.0 -12.0 Ffrffrfrllflrffrllfrlrrlffrlfrlrrffrllrrlfllrlfrrllrflrrfflrrflrllrrffflflrlfrlrlrllfrfrllflffrfflr"/>
	<trajectory sample="278" generation="278000" 
bestEnergy="-18.0" averageEnergy="-11.1753" worstEnergy="-1.0" bestConformation="Conformation 12.0 -12.0 Ffrffrfrllflrffrllfrlrrlffrlfrlrrffrllrrlfllrlfrrllrflrrfflrrflrllrrffflflrlfrlrlrllfrfrllflffrfflr"/>
	<trajectory sample="279" generation="279000" 
bestEnergy="-18.0" averageEnergy="-11.1753" worstEnergy="-1.0" bestConformation="Conformation 12.0 -12.0 Ffrffrfrllflrffrllfrlrrlffrlfrlrrffrllrrlfllrlfrrllrflrrfflrrflrllrrffflflrlfrlrlrllfrfrllflffrfflr"/>
	<trajectory sample="280" generation="280000" 
bestEnergy="-18.0" averageEnergy="-11.1753" worstEnergy="-1.0" bestConformation="Conformation 12.0 -12.0 Ffrffrfrllflrffrllfrlrrlffrlfrlrrffrllrrlfllrlfrrllrflrrfflrrflrllrrffflflrlfrlrlrllfrfrllflffrfflr"/>
	<trajectory sample="281" generation="281000" 
bestEnergy="-18.0" averageEnergy="-11.1753" worstEnergy="-1.0" bestConformation="Conformation 12.0 -12.0 Ffrffrfrllflrffrllfrlrrlffrlfrlrrffrllrrlfllrlfrrllrflrrfflrrflrllrrffflflrlfrlrlrllfrfrllflffrfflr"/>
	<trajectory sample="282" generation="282000" 
bestEnergy="-18.0" averageEnergy="-11.1753" worstEnergy="-1.0" bestConformation="Conformation 12.0 -12.0 Ffrffrfrllflrffrllfrlrrlffrlfrlrrffrllrrlfllrlfrrllrflrrfflrrflrllrrffflflrlfrlrlrllfrfrllflffrfflr"/>
	<trajectory sample="283" generation="283000" 
bestEnergy="-18.0" averageEnergy="-11.1753" worstEnergy="-1.0" bestConformation="Conformation 12.0 -12.0 Ffrffrfrllflrffrllfrlrrlffrlfrlrrffrllrrlfllrlfrrllrflrrfflrrflrllrrffflflrlfrlrlrllfrfrllflffrfflr"/>
	<trajectory sample="284" generation="284000" 
bestEnergy="-18.0" averageEnergy="-11.1753" worstEnergy="-1.0" bestConformation="Conformation 12.0 -12.0 Ffrffrfrllflrffrllfrlrrlffrlfrlrrffrllrrlfllrlfrrllrflrrfflrrflrllrrffflflrlfrlrlrllfrfrllflffrfflr"/>
	<trajectory sample="285" generation="285000" 
bestEnergy="-18.0" averageEnergy="-11.1756" worstEnergy="-1.0" bestConformation="Conformation 12.0 -12.0 Ffrffrfrllflrffrllfrlrrlffrlfrlrrffrllrrlfllrlfrrllrflrrfflrrflrllrrffflflrlfrlrlrllfrfrllflffrfflr"/>
	<trajectory sample="286" generation="286000" 
bestEnergy="-18.0" averageEnergy="-11.1756" worstEnergy="-1.0" bestConformation="Conformation 12.0 -12.0 Ffrffrfrllflrffrllfrlrrlffrlfrlrrffrllrrlfllrlfrrllrflrrfflrrflrllrrffflflrlfrlrlrllfrfrllflffrfflr"/>
	<trajectory sample="287" generation="287000" 
bestEnergy="-18.0" averageEnergy="-11.1756" worstEnergy="-1.0" bestConformation="Conformation 12.0 -12.0 Ffrffrfrllflrffrllfrlrrlffrlfrlrrffrllrrlfllrlfrrllrflrrfflrrflrllrrffflflrlfrlrlrllfrfrllflffrfflr"/>
	<trajectory sample="288" generation="288000" 
bestEnergy="-18.0" averageEnergy="-11.1756" worstEnergy="-1.0" bestConformation="Conformation 12.0 -12.0 Ffrffrfrllflrffrllfrlrrlffrlfrlrrffrllrrlfllrlfrrllrflrrfflrrflrllrrffflflrlfrlrlrllfrfrllflffrfflr"/>
	<trajectory sample="289" generation="289000" 
bestEnergy="-18.0" averageEnergy="-11.1756" worstEnergy="-1.0" bestConformation="Conformation 12.0 -12.0 Ffrffrfrllflrffrllfrlrrlffrlfrlrrffrllrrlfllrlfrrllrflrrfflrrflrllrrffflflrlfrlrlrllfrfrllflffrfflr"/>
	<trajectory sample="290" generation="290000" 
bestEnergy="-18.0" averageEnergy="-11.1756" worstEnergy="-1.0" bestConformation="Conformation 12.0 -12.0 Ffrffrfrllflrffrllfrlrrlffrlfrlrrffrllrrlfllrlfrrllrflrrfflrrflrllrrffflflrlfrlrlrllfrfrllflffrfflr"/>
	<trajectory sample="291" generation="291000" 
bestEnergy="-18.0" averageEnergy="-11.1756" worstEnergy="-1.0" bestConformation="Conformation 12.0 -12.0 Ffrffrfrllflrffrllfrlrrlffrlfrlrrffrllrrlfllrlfrrllrflrrfflrrflrllrrffflflrlfrlrlrllfrfrllflffrfflr"/>
	<trajectory sample="292" generation="292000" 
bestEnergy="-18.0" averageEnergy="-11.1756" worstEnergy="-1.0" bestConformation="Conformation 12.0 -12.0 Ffrffrfrllflrffrllfrlrrlffrlfrlrrffrllrrlfllrlfrrllrflrrfflrrflrllrrffflflrlfrlrlrllfrfrllflffrfflr"/>
	<trajectory sample="293" generation="293000" 
bestEnergy="-18.0" averageEnergy="-11.1756" worstEnergy="-1.0" bestConformation="Conformation 12.0 -12.0 Ffrffrfrllflrffrllfrlrrlffrlfrlrrffrllrrlfllrlfrrllrflrrfflrrflrllrrffflflrlfrlrlrllfrfrllflffrfflr"/>
	<trajectory sample="294" generation="294000" 
bestEnergy="-18.0" averageEnergy="-11.1757" worstEnergy="-1.0" bestConformation="Conformation 12.0 -12.0 Ffrffrfrllflrffrllfrlrrlffrlfrlrrffrllrrlfllrlfrrllrflrrfflrrflrllrrffflflrlfrlrlrllfrfrllflffrfflr"/>
	<trajectory sample="295" generation="295000" 
bestEnergy="-18.0" averageEnergy="-11.1757" worstEnergy="-1.0" bestConformation="Conformation 12.0 -12.0 Ffrffrfrllflrffrllfrlrrlffrlfrlrrffrllrrlfllrlfrrllrflrrfflrrflrllrrffflflrlfrlrlrllfrfrllflffrfflr"/>
	<trajectory sample="296" generation="296000" 
bestEnergy="-18.0" averageEnergy="-11.1757" worstEnergy="-1.0" bestConformation="Conformation 12.0 -12.0 Ffrffrfrllflrffrllfrlrrlffrlfrlrrffrllrrlfllrlfrrllrflrrfflrrflrllrrffflflrlfrlrlrllfrfrllflffrfflr"/>
	<trajectory sample="297" generation="297000" 
bestEnergy="-18.0" averageEnergy="-11.1757" worstEnergy="-1.0" bestConformation="Conformation 12.0 -12.0 Ffrffrfrllflrffrllfrlrrlffrlfrlrrffrllrrlfllrlfrrllrflrrfflrrflrllrrffflflrlfrlrlrllfrfrllflffrfflr"/>
	<trajectory sample="298" generation="298000" 
bestEnergy="-18.0" averageEnergy="-11.1757" worstEnergy="-1.0" bestConformation="Conformation 12.0 -12.0 Ffrffrfrllflrffrllfrlrrlffrlfrlrrffrllrrlfllrlfrrllrflrrfflrrflrllrrffflflrlfrlrlrllfrfrllflffrfflr"/>
	<trajectory sample="299" generation="299000" 
bestEnergy="-18.0" averageEnergy="-11.1757" worstEnergy="-1.0" bestConformation="Conformation 12.0 -12.0 Ffrffrfrllflrffrllfrlrrlffrlfrlrrffrllrrlfllrlfrrllrflrrfflrrflrllrrffflflrlfrlrlrllfrfrllflffrfflr"/>
	<trajectory sample="300" generation="300000" 
bestEnergy="-18.0" averageEnergy="-11.1757" worstEnergy="-1.0" bestConformation="Conformation 12.0 -12.0 Ffrffrfrllflrffrllfrlrrlffrlfrlrrffrllrrlfllrlfrrllrflrrfflrrflrllrrffflflrlfrlrlrllfrfrllflffrfflr"/>
	<trajectory sample="301" generation="301000" 
bestEnergy="-18.0" averageEnergy="-11.1757" worstEnergy="-1.0" bestConformation="Conformation 12.0 -12.0 Ffrffrfrllflrffrllfrlrrlffrlfrlrrffrllrrlfllrlfrrllrflrrfflrrflrllrrffflflrlfrlrlrllfrfrllflffrfflr"/>
	<trajectory sample="302" generation="302000" 
bestEnergy="-18.0" averageEnergy="-11.1757" worstEnergy="-1.0" bestConformation="Conformation 12.0 -12.0 Ffrffrfrllflrffrllfrlrrlffrlfrlrrffrllrrlfllrlfrrllrflrrfflrrflrllrrffflflrlfrlrlrllfrfrllflffrfflr"/>
	<trajectory sample="303" generation="303000" 
bestEnergy="-18.0" averageEnergy="-11.1759" worstEnergy="-1.0" bestConformation="Conformation 12.0 -12.0 Ffrffrfrllflrffrllfrlrrlffrlfrlrrffrllrrlfllrlfrrllrflrrfflrrflrllrrffflflrlfrlrlrllfrfrllflffrfflr"/>
	<trajectory sample="304" generation="304000" 
bestEnergy="-18.0" averageEnergy="-11.1759" worstEnergy="-1.0" bestConformation="Conformation 12.0 -12.0 Ffrffrfrllflrffrllfrlrrlffrlfrlrrffrllrrlfllrlfrrllrflrrfflrrflrllrrffflflrlfrlrlrllfrfrllflffrfflr"/>
	<trajectory sample="305" generation="305000" 
bestEnergy="-18.0" averageEnergy="-11.1759" worstEnergy="-1.0" bestConformation="Conformation 12.0 -12.0 Ffrffrfrllflrffrllfrlrrlffrlfrlrrffrllrrlfllrlfrrllrflrrfflrrflrllrrffflflrlfrlrlrllfrfrllflffrfflr"/>
	<trajectory sample="306" generation="306000" 
bestEnergy="-18.0" averageEnergy="-11.1759" worstEnergy="-1.0" bestConformation="Conformation 12.0 -12.0 Ffrffrfrllflrffrllfrlrrlffrlfrlrrffrllrrlfllrlfrrllrflrrfflrrflrllrrffflflrlfrlrlrllfrfrllflffrfflr"/>
	<trajectory sample="307" generation="307000" 
bestEnergy="-18.0" averageEnergy="-11.1759" worstEnergy="-1.0" bestConformation="Conformation 12.0 -12.0 Ffrffrfrllflrffrllfrlrrlffrlfrlrrffrllrrlfllrlfrrllrflrrfflrrflrllrrffflflrlfrlrlrllfrfrllflffrfflr"/>
	<trajectory sample="308" generation="308000" 
bestEnergy="-18.0" averageEnergy="-11.1759" worstEnergy="-1.0" bestConformation="Conformation 12.0 -12.0 Ffrffrfrllflrffrllfrlrrlffrlfrlrrffrllrrlfllrlfrrllrflrrfflrrflrllrrffflflrlfrlrlrllfrfrllflffrfflr"/>
	<trajectory sample="309" generation="309000" 
bestEnergy="-18.0" averageEnergy="-11.1759" worstEnergy="-1.0" bestConformation="Conformation 12.0 -12.0 Ffrffrfrllflrffrllfrlrrlffrlfrlrrffrllrrlfllrlfrrllrflrrfflrrflrllrrffflflrlfrlrlrllfrfrllflffrfflr"/>
	<trajectory sample="310" generation="310000" 
bestEnergy="-18.0" averageEnergy="-11.1759" worstEnergy="-1.0" bestConformation="Conformation 12.0 -12.0 Ffrffrfrllflrffrllfrlrrlffrlfrlrrffrllrrlfllrlfrrllrflrrfflrrflrllrrffflflrlfrlrlrllfrfrllflffrfflr"/>
	<trajectory sample="311" generation="311000" 
bestEnergy="-18.0" averageEnergy="-11.1759" worstEnergy="-1.0" bestConformation="Conformation 12.0 -12.0 Ffrffrfrllflrffrllfrlrrlffrlfrlrrffrllrrlfllrlfrrllrflrrfflrrflrllrrffflflrlfrlrlrllfrfrllflffrfflr"/>
	<trajectory sample="312" generation="312000" 
bestEnergy="-18.0" averageEnergy="-11.1759" worstEnergy="-1.0" bestConformation="Conformation 12.0 -12.0 Ffrffrfrllflrffrllfrlrrlffrlfrlrrffrllrrlfllrlfrrllrflrrfflrrflrllrrffflflrlfrlrlrllfrfrllflffrfflr"/>
	<trajectory sample="313" generation="313000" 
bestEnergy="-18.0" averageEnergy="-11.1759" worstEnergy="-1.0" bestConformation="Conformation 12.0 -12.0 Ffrffrfrllflrffrllfrlrrlffrlfrlrrffrllrrlfllrlfrrllrflrrfflrrflrllrrffflflrlfrlrlrllfrfrllflffrfflr"/>
	<trajectory sample="314" generation="314000" 
bestEnergy="-18.0" averageEnergy="-11.1759" worstEnergy="-1.0" bestConformation="Conformation 12.0 -12.0 Ffrffrfrllflrffrllfrlrrlffrlfrlrrffrllrrlfllrlfrrllrflrrfflrrflrllrrffflflrlfrlrlrllfrfrllflffrfflr"/>
	<trajectory sample="315" generation="315000" 
bestEnergy="-18.0" averageEnergy="-11.1759" worstEnergy="-1.0" bestConformation="Conformation 12.0 -12.0 Ffrffrfrllflrffrllfrlrrlffrlfrlrrffrllrrlfllrlfrrllrflrrfflrrflrllrrffflflrlfrlrlrllfrfrllflffrfflr"/>
	<trajectory sample="316" generation="316000" 
bestEnergy="-18.0" averageEnergy="-11.1759" worstEnergy="-1.0" bestConformation="Conformation 12.0 -12.0 Ffrffrfrllflrffrllfrlrrlffrlfrlrrffrllrrlfllrlfrrllrflrrfflrrflrllrrffflflrlfrlrlrllfrfrllflffrfflr"/>
	<trajectory sample="317" generation="317000" 
bestEnergy="-18.0" averageEnergy="-11.1759" worstEnergy="-1.0" bestConformation="Conformation 12.0 -12.0 Ffrffrfrllflrffrllfrlrrlffrlfrlrrffrllrrlfllrlfrrllrflrrfflrrflrllrrffflflrlfrlrlrllfrfrllflffrfflr"/>
	<trajectory sample="318" generation="318000" 
bestEnergy="-18.0" averageEnergy="-11.1762" worstEnergy="-1.0" bestConformation="Conformation 12.0 -12.0 Ffrffrfrllflrffrllfrlrrlffrlfrlrrffrllrrlfllrlfrrllrflrrfflrrflrllrrffflflrlfrlrlrllfrfrllflffrfflr"/>
	<trajectory sample="319" generation="319000" 
bestEnergy="-18.0" averageEnergy="-11.1762" worstEnergy="-1.0" bestConformation="Conformation 12.0 -12.0 Ffrffrfrllflrffrllfrlrrlffrlfrlrrffrllrrlfllrlfrrllrflrrfflrrflrllrrffflflrlfrlrlrllfrfrllflffrfflr"/>
	<trajectory sample="320" generation="320000" 
bestEnergy="-18.0" averageEnergy="-11.1762" worstEnergy="-1.0" bestConformation="Conformation 12.0 -12.0 Ffrffrfrllflrffrllfrlrrlffrlfrlrrffrllrrlfllrlfrrllrflrrfflrrflrllrrffflflrlfrlrlrllfrfrllflffrfflr"/>
	<trajectory sample="321" generation="321000" 
bestEnergy="-18.0" averageEnergy="-11.1762" worstEnergy="-1.0" bestConformation="Conformation 12.0 -12.0 Ffrffrfrllflrffrllfrlrrlffrlfrlrrffrllrrlfllrlfrrllrflrrfflrrflrllrrffflflrlfrlrlrllfrfrllflffrfflr"/>
	<trajectory sample="322" generation="322000" 
bestEnergy="-18.0" averageEnergy="-11.1762" worstEnergy="-1.0" bestConformation="Conformation 12.0 -12.0 Ffrffrfrllflrffrllfrlrrlffrlfrlrrffrllrrlfllrlfrrllrflrrfflrrflrllrrffflflrlfrlrlrllfrfrllflffrfflr"/>
	<trajectory sample="323" generation="323000" 
bestEnergy="-18.0" averageEnergy="-11.1762" worstEnergy="-1.0" bestConformation="Conformation 12.0 -12.0 Ffrffrfrllflrffrllfrlrrlffrlfrlrrffrllrrlfllrlfrrllrflrrfflrrflrllrrffflflrlfrlrlrllfrfrllflffrfflr"/>
	<trajectory sample="324" generation="324000" 
bestEnergy="-18.0" averageEnergy="-11.1762" worstEnergy="-1.0" bestConformation="Conformation 12.0 -12.0 Ffrffrfrllflrffrllfrlrrlffrlfrlrrffrllrrlfllrlfrrllrflrrfflrrflrllrrffflflrlfrlrlrllfrfrllflffrfflr"/>
	<trajectory sample="325" generation="325000" 
bestEnergy="-18.0" averageEnergy="-11.1762" worstEnergy="-1.0" bestConformation="Conformation 12.0 -12.0 Ffrffrfrllflrffrllfrlrrlffrlfrlrrffrllrrlfllrlfrrllrflrrfflrrflrllrrffflflrlfrlrlrllfrfrllflffrfflr"/>
	<trajectory sample="326" generation="326000" 
bestEnergy="-18.0" averageEnergy="-11.1762" worstEnergy="-1.0" bestConformation="Conformation 12.0 -12.0 Ffrffrfrllflrffrllfrlrrlffrlfrlrrffrllrrlfllrlfrrllrflrrfflrrflrllrrffflflrlfrlrlrllfrfrllflffrfflr"/>
	<trajectory sample="327" generation="327000" 
bestEnergy="-18.0" averageEnergy="-11.1762" worstEnergy="-1.0" bestConformation="Conformation 12.0 -12.0 Ffrffrfrllflrffrllfrlrrlffrlfrlrrffrllrrlfllrlfrrllrflrrfflrrflrllrrffflflrlfrlrlrllfrfrllflffrfflr"/>
	<trajectory sample="328" generation="328000" 
bestEnergy="-18.0" averageEnergy="-11.1762" worstEnergy="-1.0" bestConformation="Conformation 12.0 -12.0 Ffrffrfrllflrffrllfrlrrlffrlfrlrrffrllrrlfllrlfrrllrflrrfflrrflrllrrffflflrlfrlrlrllfrfrllflffrfflr"/>
	<trajectory sample="329" generation="329000" 
bestEnergy="-18.0" averageEnergy="-11.1762" worstEnergy="-1.0" bestConformation="Conformation 12.0 -12.0 Ffrffrfrllflrffrllfrlrrlffrlfrlrrffrllrrlfllrlfrrllrflrrfflrrflrllrrffflflrlfrlrlrllfrfrllflffrfflr"/>
	<trajectory sample="330" generation="330000" 
bestEnergy="-18.0" averageEnergy="-11.1762" worstEnergy="-1.0" bestConformation="Conformation 12.0 -12.0 Ffrffrfrllflrffrllfrlrrlffrlfrlrrffrllrrlfllrlfrrllrflrrfflrrflrllrrffflflrlfrlrlrllfrfrllflffrfflr"/>
	<trajectory sample="331" generation="331000" 
bestEnergy="-18.0" averageEnergy="-11.1762" worstEnergy="-1.0" bestConformation="Conformation 12.0 -12.0 Ffrffrfrllflrffrllfrlrrlffrlfrlrrffrllrrlfllrlfrrllrflrrfflrrflrllrrffflflrlfrlrlrllfrfrllflffrfflr"/>
	<trajectory sample="332" generation="332000" 
bestEnergy="-18.0" averageEnergy="-11.1762" worstEnergy="-1.0" bestConformation="Conformation 12.0 -12.0 Ffrffrfrllflrffrllfrlrrlffrlfrlrrffrllrrlfllrlfrrllrflrrfflrrflrllrrffflflrlfrlrlrllfrfrllflffrfflr"/>
	<trajectory sample="333" generation="333000" 
bestEnergy="-18.0" averageEnergy="-11.1762" worstEnergy="-1.0" bestConformation="Conformation 12.0 -12.0 Ffrffrfrllflrffrllfrlrrlffrlfrlrrffrllrrlfllrlfrrllrflrrfflrrflrllrrffflflrlfrlrlrllfrfrllflffrfflr"/>
	<trajectory sample="334" generation="334000" 
bestEnergy="-18.0" averageEnergy="-11.1762" worstEnergy="-1.0" bestConformation="Conformation 12.0 -12.0 Ffrffrfrllflrffrllfrlrrlffrlfrlrrffrllrrlfllrlfrrllrflrrfflrrflrllrrffflflrlfrlrlrllfrfrllflffrfflr"/>
	<trajectory sample="335" generation="335000" 
bestEnergy="-18.0" averageEnergy="-11.1762" worstEnergy="-1.0" bestConformation="Conformation 12.0 -12.0 Ffrffrfrllflrffrllfrlrrlffrlfrlrrffrllrrlfllrlfrrllrflrrfflrrflrllrrffflflrlfrlrlrllfrfrllflffrfflr"/>
	<trajectory sample="336" generation="336000" 
bestEnergy="-18.0" averageEnergy="-11.1762" worstEnergy="-1.0" bestConformation="Conformation 12.0 -12.0 Ffrffrfrllflrffrllfrlrrlffrlfrlrrffrllrrlfllrlfrrllrflrrfflrrflrllrrffflflrlfrlrlrllfrfrllflffrfflr"/>
	<trajectory sample="337" generation="337000" 
bestEnergy="-18.0" averageEnergy="-11.1762" worstEnergy="-1.0" bestConformation="Conformation 12.0 -12.0 Ffrffrfrllflrffrllfrlrrlffrlfrlrrffrllrrlfllrlfrrllrflrrfflrrflrllrrffflflrlfrlrlrllfrfrllflffrfflr"/>
	<trajectory sample="338" generation="338000" 
bestEnergy="-18.0" averageEnergy="-11.1762" worstEnergy="-1.0" bestConformation="Conformation 12.0 -12.0 Ffrffrfrllflrffrllfrlrrlffrlfrlrrffrllrrlfllrlfrrllrflrrfflrrflrllrrffflflrlfrlrlrllfrfrllflffrfflr"/>
	<trajectory sample="339" generation="339000" 
bestEnergy="-18.0" averageEnergy="-11.1762" worstEnergy="-1.0" bestConformation="Conformation 12.0 -12.0 Ffrffrfrllflrffrllfrlrrlffrlfrlrrffrllrrlfllrlfrrllrflrrfflrrflrllrrffflflrlfrlrlrllfrfrllflffrfflr"/>
	<trajectory sample="340" generation="340000" 
bestEnergy="-18.0" averageEnergy="-11.1762" worstEnergy="-1.0" bestConformation="Conformation 12.0 -12.0 Ffrffrfrllflrffrllfrlrrlffrlfrlrrffrllrrlfllrlfrrllrflrrfflrrflrllrrffflflrlfrlrlrllfrfrllflffrfflr"/>
	<trajectory sample="341" generation="341000" 
bestEnergy="-18.0" averageEnergy="-11.1762" worstEnergy="-1.0" bestConformation="Conformation 12.0 -12.0 Ffrffrfrllflrffrllfrlrrlffrlfrlrrffrllrrlfllrlfrrllrflrrfflrrflrllrrffflflrlfrlrlrllfrfrllflffrfflr"/>
	<trajectory sample="342" generation="342000" 
bestEnergy="-18.0" averageEnergy="-11.1762" worstEnergy="-1.0" bestConformation="Conformation 12.0 -12.0 Ffrffrfrllflrffrllfrlrrlffrlfrlrrffrllrrlfllrlfrrllrflrrfflrrflrllrrffflflrlfrlrlrllfrfrllflffrfflr"/>
	<trajectory sample="343" generation="343000" 
bestEnergy="-18.0" averageEnergy="-11.1762" worstEnergy="-1.0" bestConformation="Conformation 12.0 -12.0 Ffrffrfrllflrffrllfrlrrlffrlfrlrrffrllrrlfllrlfrrllrflrrfflrrflrllrrffflflrlfrlrlrllfrfrllflffrfflr"/>
	<trajectory sample="344" generation="344000" 
bestEnergy="-18.0" averageEnergy="-11.1762" worstEnergy="-1.0" bestConformation="Conformation 12.0 -12.0 Ffrffrfrllflrffrllfrlrrlffrlfrlrrffrllrrlfllrlfrrllrflrrfflrrflrllrrffflflrlfrlrlrllfrfrllflffrfflr"/>
	<trajectory sample="345" generation="345000" 
bestEnergy="-18.0" averageEnergy="-11.1762" worstEnergy="-1.0" bestConformation="Conformation 12.0 -12.0 Ffrffrfrllflrffrllfrlrrlffrlfrlrrffrllrrlfllrlfrrllrflrrfflrrflrllrrffflflrlfrlrlrllfrfrllflffrfflr"/>
	<trajectory sample="346" generation="346000" 
bestEnergy="-18.0" averageEnergy="-11.1762" worstEnergy="-1.0" bestConformation="Conformation 12.0 -12.0 Ffrffrfrllflrffrllfrlrrlffrlfrlrrffrllrrlfllrlfrrllrflrrfflrrflrllrrffflflrlfrlrlrllfrfrllflffrfflr"/>
	<trajectory sample="347" generation="347000" 
bestEnergy="-18.0" averageEnergy="-11.1762" worstEnergy="-1.0" bestConformation="Conformation 12.0 -12.0 Ffrffrfrllflrffrllfrlrrlffrlfrlrrffrllrrlfllrlfrrllrflrrfflrrflrllrrffflflrlfrlrlrllfrfrllflffrfflr"/>
	<trajectory sample="348" generation="348000" 
bestEnergy="-18.0" averageEnergy="-11.1762" worstEnergy="-1.0" bestConformation="Conformation 12.0 -12.0 Ffrffrfrllflrffrllfrlrrlffrlfrlrrffrllrrlfllrlfrrllrflrrfflrrflrllrrffflflrlfrlrlrllfrfrllflffrfflr"/>
	<trajectory sample="349" generation="349000" 
bestEnergy="-18.0" averageEnergy="-11.1762" worstEnergy="-1.0" bestConformation="Conformation 12.0 -12.0 Ffrffrfrllflrffrllfrlrrlffrlfrlrrffrllrrlfllrlfrrllrflrrfflrrflrllrrffflflrlfrlrlrllfrfrllflffrfflr"/>
	<trajectory sample="350" generation="350000" 
bestEnergy="-18.0" averageEnergy="-11.1762" worstEnergy="-1.0" bestConformation="Conformation 12.0 -12.0 Ffrffrfrllflrffrllfrlrrlffrlfrlrrffrllrrlfllrlfrrllrflrrfflrrflrllrrffflflrlfrlrlrllfrfrllflffrfflr"/>
	<trajectory sample="351" generation="351000" 
bestEnergy="-18.0" averageEnergy="-11.1762" worstEnergy="-1.0" bestConformation="Conformation 12.0 -12.0 Ffrffrfrllflrffrllfrlrrlffrlfrlrrffrllrrlfllrlfrrllrflrrfflrrflrllrrffflflrlfrlrlrllfrfrllflffrfflr"/>
	<trajectory sample="352" generation="352000" 
bestEnergy="-18.0" averageEnergy="-11.1762" worstEnergy="-1.0" bestConformation="Conformation 12.0 -12.0 Ffrffrfrllflrffrllfrlrrlffrlfrlrrffrllrrlfllrlfrrllrflrrfflrrflrllrrffflflrlfrlrlrllfrfrllflffrfflr"/>
	<trajectory sample="353" generation="353000" 
bestEnergy="-18.0" averageEnergy="-11.1762" worstEnergy="-1.0" bestConformation="Conformation 12.0 -12.0 Ffrffrfrllflrffrllfrlrrlffrlfrlrrffrllrrlfllrlfrrllrflrrfflrrflrllrrffflflrlfrlrlrllfrfrllflffrfflr"/>
	<trajectory sample="354" generation="354000" 
bestEnergy="-18.0" averageEnergy="-11.1762" worstEnergy="-1.0" bestConformation="Conformation 12.0 -12.0 Ffrffrfrllflrffrllfrlrrlffrlfrlrrffrllrrlfllrlfrrllrflrrfflrrflrllrrffflflrlfrlrlrllfrfrllflffrfflr"/>
	<trajectory sample="355" generation="355000" 
bestEnergy="-18.0" averageEnergy="-11.1762" worstEnergy="-1.0" bestConformation="Conformation 12.0 -12.0 Ffrffrfrllflrffrllfrlrrlffrlfrlrrffrllrrlfllrlfrrllrflrrfflrrflrllrrffflflrlfrlrlrllfrfrllflffrfflr"/>
	<trajectory sample="356" generation="356000" 
bestEnergy="-18.0" averageEnergy="-11.1762" worstEnergy="-1.0" bestConformation="Conformation 12.0 -12.0 Ffrffrfrllflrffrllfrlrrlffrlfrlrrffrllrrlfllrlfrrllrflrrfflrrflrllrrffflflrlfrlrlrllfrfrllflffrfflr"/>
	<trajectory sample="357" generation="357000" 
bestEnergy="-18.0" averageEnergy="-11.1762" worstEnergy="-1.0" bestConformation="Conformation 12.0 -12.0 Ffrffrfrllflrffrllfrlrrlffrlfrlrrffrllrrlfllrlfrrllrflrrfflrrflrllrrffflflrlfrlrlrllfrfrllflffrfflr"/>
	<trajectory sample="358" generation="358000" 
bestEnergy="-18.0" averageEnergy="-11.1762" worstEnergy="-1.0" bestConformation="Conformation 12.0 -12.0 Ffrffrfrllflrffrllfrlrrlffrlfrlrrffrllrrlfllrlfrrllrflrrfflrrflrllrrffflflrlfrlrlrllfrfrllflffrfflr"/>
	<trajectory sample="359" generation="359000" 
bestEnergy="-18.0" averageEnergy="-11.1762" worstEnergy="-1.0" bestConformation="Conformation 12.0 -12.0 Ffrffrfrllflrffrllfrlrrlffrlfrlrrffrllrrlfllrlfrrllrflrrfflrrflrllrrffflflrlfrlrlrllfrfrllflffrfflr"/>
	<trajectory sample="360" generation="360000" 
bestEnergy="-18.0" averageEnergy="-11.1762" worstEnergy="-1.0" bestConformation="Conformation 12.0 -12.0 Ffrffrfrllflrffrllfrlrrlffrlfrlrrffrllrrlfllrlfrrllrflrrfflrrflrllrrffflflrlfrlrlrllfrfrllflffrfflr"/>
	<trajectory sample="361" generation="361000" 
bestEnergy="-18.0" averageEnergy="-11.1762" worstEnergy="-1.0" bestConformation="Conformation 12.0 -12.0 Ffrffrfrllflrffrllfrlrrlffrlfrlrrffrllrrlfllrlfrrllrflrrfflrrflrllrrffflflrlfrlrlrllfrfrllflffrfflr"/>
	<trajectory sample="362" generation="362000" 
bestEnergy="-18.0" averageEnergy="-11.1762" worstEnergy="-1.0" bestConformation="Conformation 12.0 -12.0 Ffrffrfrllflrffrllfrlrrlffrlfrlrrffrllrrlfllrlfrrllrflrrfflrrflrllrrffflflrlfrlrlrllfrfrllflffrfflr"/>
	<trajectory sample="363" generation="363000" 
bestEnergy="-18.0" averageEnergy="-11.1764" worstEnergy="-1.0" bestConformation="Conformation 12.0 -12.0 Ffrffrfrllflrffrllfrlrrlffrlfrlrrffrllrrlfllrlfrrllrflrrfflrrflrllrrffflflrlfrlrlrllfrfrllflffrfflr"/>
	<trajectory sample="364" generation="364000" 
bestEnergy="-18.0" averageEnergy="-11.1764" worstEnergy="-1.0" bestConformation="Conformation 12.0 -12.0 Ffrffrfrllflrffrllfrlrrlffrlfrlrrffrllrrlfllrlfrrllrflrrfflrrflrllrrffflflrlfrlrlrllfrfrllflffrfflr"/>
	<trajectory sample="365" generation="365000" 
bestEnergy="-18.0" averageEnergy="-11.1764" worstEnergy="-1.0" bestConformation="Conformation 12.0 -12.0 Ffrffrfrllflrffrllfrlrrlffrlfrlrrffrllrrlfllrlfrrllrflrrfflrrflrllrrffflflrlfrlrlrllfrfrllflffrfflr"/>
	<trajectory sample="366" generation="366000" 
bestEnergy="-18.0" averageEnergy="-11.1769" worstEnergy="-1.0" bestConformation="Conformation 12.0 -12.0 Ffrffrfrllflrffrllfrlrrlffrlfrlrrffrllrrlfllrlfrrllrflrrfflrrflrllrrffflflrlfrlrlrllfrfrllflffrfflr"/>
	<trajectory sample="367" generation="367000" 
bestEnergy="-18.0" averageEnergy="-11.1769" worstEnergy="-1.0" bestConformation="Conformation 12.0 -12.0 Ffrffrfrllflrffrllfrlrrlffrlfrlrrffrllrrlfllrlfrrllrflrrfflrrflrllrrffflflrlfrlrlrllfrfrllflffrfflr"/>
	<trajectory sample="368" generation="368000" 
bestEnergy="-18.0" averageEnergy="-11.1769" worstEnergy="-1.0" bestConformation="Conformation 12.0 -12.0 Ffrffrfrllflrffrllfrlrrlffrlfrlrrffrllrrlfllrlfrrllrflrrfflrrflrllrrffflflrlfrlrlrllfrfrllflffrfflr"/>
	<trajectory sample="369" generation="369000" 
bestEnergy="-18.0" averageEnergy="-11.1769" worstEnergy="-1.0" bestConformation="Conformation 12.0 -12.0 Ffrffrfrllflrffrllfrlrrlffrlfrlrrffrllrrlfllrlfrrllrflrrfflrrflrllrrffflflrlfrlrlrllfrfrllflffrfflr"/>
	<trajectory sample="370" generation="370000" 
bestEnergy="-18.0" averageEnergy="-11.1769" worstEnergy="-1.0" bestConformation="Conformation 12.0 -12.0 Ffrffrfrllflrffrllfrlrrlffrlfrlrrffrllrrlfllrlfrrllrflrrfflrrflrllrrffflflrlfrlrlrllfrfrllflffrfflr"/>
	<trajectory sample="371" generation="371000" 
bestEnergy="-18.0" averageEnergy="-11.1769" worstEnergy="-1.0" bestConformation="Conformation 12.0 -12.0 Ffrffrfrllflrffrllfrlrrlffrlfrlrrffrllrrlfllrlfrrllrflrrfflrrflrllrrffflflrlfrlrlrllfrfrllflffrfflr"/>
	<trajectory sample="372" generation="372000" 
bestEnergy="-18.0" averageEnergy="-11.1769" worstEnergy="-1.0" bestConformation="Conformation 12.0 -12.0 Ffrffrfrllflrffrllfrlrrlffrlfrlrrffrllrrlfllrlfrrllrflrrfflrrflrllrrffflflrlfrlrlrllfrfrllflffrfflr"/>
	<trajectory sample="373" generation="373000" 
bestEnergy="-18.0" averageEnergy="-11.1769" worstEnergy="-1.0" bestConformation="Conformation 12.0 -12.0 Ffrffrfrllflrffrllfrlrrlffrlfrlrrffrllrrlfllrlfrrllrflrrfflrrflrllrrffflflrlfrlrlrllfrfrllflffrfflr"/>
	<trajectory sample="374" generation="374000" 
bestEnergy="-18.0" averageEnergy="-11.1769" worstEnergy="-1.0" bestConformation="Conformation 12.0 -12.0 Ffrffrfrllflrffrllfrlrrlffrlfrlrrffrllrrlfllrlfrrllrflrrfflrrflrllrrffflflrlfrlrlrllfrfrllflffrfflr"/>
	<trajectory sample="375" generation="375000" 
bestEnergy="-18.0" averageEnergy="-11.1769" worstEnergy="-1.0" bestConformation="Conformation 12.0 -12.0 Ffrffrfrllflrffrllfrlrrlffrlfrlrrffrllrrlfllrlfrrllrflrrfflrrflrllrrffflflrlfrlrlrllfrfrllflffrfflr"/>
	<trajectory sample="376" generation="376000" 
bestEnergy="-18.0" averageEnergy="-11.1769" worstEnergy="-1.0" bestConformation="Conformation 12.0 -12.0 Ffrffrfrllflrffrllfrlrrlffrlfrlrrffrllrrlfllrlfrrllrflrrfflrrflrllrrffflflrlfrlrlrllfrfrllflffrfflr"/>
	<trajectory sample="377" generation="377000" 
bestEnergy="-18.0" averageEnergy="-11.1769" worstEnergy="-1.0" bestConformation="Conformation 12.0 -12.0 Ffrffrfrllflrffrllfrlrrlffrlfrlrrffrllrrlfllrlfrrllrflrrfflrrflrllrrffflflrlfrlrlrllfrfrllflffrfflr"/>
	<trajectory sample="378" generation="378000" 
bestEnergy="-18.0" averageEnergy="-11.1769" worstEnergy="-1.0" bestConformation="Conformation 12.0 -12.0 Ffrffrfrllflrffrllfrlrrlffrlfrlrrffrllrrlfllrlfrrllrflrrfflrrflrllrrffflflrlfrlrlrllfrfrllflffrfflr"/>
	<trajectory sample="379" generation="379000" 
bestEnergy="-18.0" averageEnergy="-11.1769" worstEnergy="-1.0" bestConformation="Conformation 12.0 -12.0 Ffrffrfrllflrffrllfrlrrlffrlfrlrrffrllrrlfllrlfrrllrflrrfflrrflrllrrffflflrlfrlrlrllfrfrllflffrfflr"/>
	<trajectory sample="380" generation="380000" 
bestEnergy="-18.0" averageEnergy="-11.1769" worstEnergy="-1.0" bestConformation="Conformation 12.0 -12.0 Ffrffrfrllflrffrllfrlrrlffrlfrlrrffrllrrlfllrlfrrllrflrrfflrrflrllrrffflflrlfrlrlrllfrfrllflffrfflr"/>
	<trajectory sample="381" generation="381000" 
bestEnergy="-18.0" averageEnergy="-11.1769" worstEnergy="-1.0" bestConformation="Conformation 12.0 -12.0 Ffrffrfrllflrffrllfrlrrlffrlfrlrrffrllrrlfllrlfrrllrflrrfflrrflrllrrffflflrlfrlrlrllfrfrllflffrfflr"/>
	<trajectory sample="382" generation="382000" 
bestEnergy="-18.0" averageEnergy="-11.1769" worstEnergy="-1.0" bestConformation="Conformation 12.0 -12.0 Ffrffrfrllflrffrllfrlrrlffrlfrlrrffrllrrlfllrlfrrllrflrrfflrrflrllrrffflflrlfrlrlrllfrfrllflffrfflr"/>
	<trajectory sample="383" generation="383000" 
bestEnergy="-18.0" averageEnergy="-11.1769" worstEnergy="-1.0" bestConformation="Conformation 12.0 -12.0 Ffrffrfrllflrffrllfrlrrlffrlfrlrrffrllrrlfllrlfrrllrflrrfflrrflrllrrffflflrlfrlrlrllfrfrllflffrfflr"/>
	<trajectory sample="384" generation="384000" 
bestEnergy="-18.0" averageEnergy="-11.1769" worstEnergy="-1.0" bestConformation="Conformation 12.0 -12.0 Ffrffrfrllflrffrllfrlrrlffrlfrlrrffrllrrlfllrlfrrllrflrrfflrrflrllrrffflflrlfrlrlrllfrfrllflffrfflr"/>
	<trajectory sample="385" generation="385000" 
bestEnergy="-18.0" averageEnergy="-11.1769" worstEnergy="-1.0" bestConformation="Conformation 12.0 -12.0 Ffrffrfrllflrffrllfrlrrlffrlfrlrrffrllrrlfllrlfrrllrflrrfflrrflrllrrffflflrlfrlrlrllfrfrllflffrfflr"/>
	<trajectory sample="386" generation="386000" 
bestEnergy="-18.0" averageEnergy="-11.1769" worstEnergy="-1.0" bestConformation="Conformation 12.0 -12.0 Ffrffrfrllflrffrllfrlrrlffrlfrlrrffrllrrlfllrlfrrllrflrrfflrrflrllrrffflflrlfrlrlrllfrfrllflffrfflr"/>
	<trajectory sample="387" generation="387000" 
bestEnergy="-18.0" averageEnergy="-11.1769" worstEnergy="-1.0" bestConformation="Conformation 12.0 -12.0 Ffrffrfrllflrffrllfrlrrlffrlfrlrrffrllrrlfllrlfrrllrflrrfflrrflrllrrffflflrlfrlrlrllfrfrllflffrfflr"/>
	<trajectory sample="388" generation="388000" 
bestEnergy="-18.0" averageEnergy="-11.1769" worstEnergy="-1.0" bestConformation="Conformation 12.0 -12.0 Ffrffrfrllflrffrllfrlrrlffrlfrlrrffrllrrlfllrlfrrllrflrrfflrrflrllrrffflflrlfrlrlrllfrfrllflffrfflr"/>
	<trajectory sample="389" generation="389000" 
bestEnergy="-18.0" averageEnergy="-11.1769" worstEnergy="-1.0" bestConformation="Conformation 12.0 -12.0 Ffrffrfrllflrffrllfrlrrlffrlfrlrrffrllrrlfllrlfrrllrflrrfflrrflrllrrffflflrlfrlrlrllfrfrllflffrfflr"/>
	<trajectory sample="390" generation="390000" 
bestEnergy="-18.0" averageEnergy="-11.1769" worstEnergy="-1.0" bestConformation="Conformation 12.0 -12.0 Ffrffrfrllflrffrllfrlrrlffrlfrlrrffrllrrlfllrlfrrllrflrrfflrrflrllrrffflflrlfrlrlrllfrfrllflffrfflr"/>
	<trajectory sample="391" generation="391000" 
bestEnergy="-18.0" averageEnergy="-11.1769" worstEnergy="-1.0" bestConformation="Conformation 12.0 -12.0 Ffrffrfrllflrffrllfrlrrlffrlfrlrrffrllrrlfllrlfrrllrflrrfflrrflrllrrffflflrlfrlrlrllfrfrllflffrfflr"/>
	<trajectory sample="392" generation="392000" 
bestEnergy="-18.0" averageEnergy="-11.1769" worstEnergy="-1.0" bestConformation="Conformation 12.0 -12.0 Ffrffrfrllflrffrllfrlrrlffrlfrlrrffrllrrlfllrlfrrllrflrrfflrrflrllrrffflflrlfrlrlrllfrfrllflffrfflr"/>
	<trajectory sample="393" generation="393000" 
bestEnergy="-18.0" averageEnergy="-11.1769" worstEnergy="-1.0" bestConformation="Conformation 12.0 -12.0 Ffrffrfrllflrffrllfrlrrlffrlfrlrrffrllrrlfllrlfrrllrflrrfflrrflrllrrffflflrlfrlrlrllfrfrllflffrfflr"/>
	<trajectory sample="394" generation="394000" 
bestEnergy="-18.0" averageEnergy="-11.1769" worstEnergy="-1.0" bestConformation="Conformation 12.0 -12.0 Ffrffrfrllflrffrllfrlrrlffrlfrlrrffrllrrlfllrlfrrllrflrrfflrrflrllrrffflflrlfrlrlrllfrfrllflffrfflr"/>
	<trajectory sample="395" generation="395000" 
bestEnergy="-18.0" averageEnergy="-11.1772" worstEnergy="-1.0" bestConformation="Conformation 12.0 -12.0 Ffrffrfrllflrffrllfrlrrlffrlfrlrrffrllrrlfllrlfrrllrflrrfflrrflrllrrffflflrlfrlrlrllfrfrllflffrfflr"/>
	<trajectory sample="396" generation="396000" 
bestEnergy="-18.0" averageEnergy="-11.1772" worstEnergy="-1.0" bestConformation="Conformation 12.0 -12.0 Ffrffrfrllflrffrllfrlrrlffrlfrlrrffrllrrlfllrlfrrllrflrrfflrrflrllrrffflflrlfrlrlrllfrfrllflffrfflr"/>
	<trajectory sample="397" generation="397000" 
bestEnergy="-18.0" averageEnergy="-11.1772" worstEnergy="-1.0" bestConformation="Conformation 12.0 -12.0 Ffrffrfrllflrffrllfrlrrlffrlfrlrrffrllrrlfllrlfrrllrflrrfflrrflrllrrffflflrlfrlrlrllfrfrllflffrfflr"/>
	<trajectory sample="398" generation="398000" 
bestEnergy="-18.0" averageEnergy="-11.1772" worstEnergy="-1.0" bestConformation="Conformation 12.0 -12.0 Ffrffrfrllflrffrllfrlrrlffrlfrlrrffrllrrlfllrlfrrllrflrrfflrrflrllrrffflflrlfrlrlrllfrfrllflffrfflr"/>
	<trajectory sample="399" generation="399000" 
bestEnergy="-18.0" averageEnergy="-11.1772" worstEnergy="-1.0" bestConformation="Conformation 12.0 -12.0 Ffrffrfrllflrffrllfrlrrlffrlfrlrrffrllrrlfllrlfrrllrflrrfflrrflrllrrffflflrlfrlrlrllfrfrllflffrfflr"/>
	<trajectory sample="400" generation="400000" 
bestEnergy="-18.0" averageEnergy="-11.1772" worstEnergy="-1.0" bestConformation="Conformation 12.0 -12.0 Ffrffrfrllflrffrllfrlrrlffrlfrlrrffrllrrlfllrlfrrllrflrrfflrrflrllrrffflflrlfrlrlrllfrfrllflffrfflr"/>
</run>
<run              number="1" numberOfGenerations="400001"      populationSize="10000">
	<trajectory sample="0" generation="0" 
bestEnergy="-25.0" averageEnergy="-10.7473" worstEnergy="-1.0" bestConformation="Conformation 10.0 -10.0 Frrrlrfflrlflrrffrfffrlrlflffrlrfrrllffffflflrfrrlrfllrrfrflrflrllrllfrrlflrfrflrfllrlfflrrlrffffff"/>
	<trajectory sample="1" generation="1000" 
bestEnergy="-25.0" averageEnergy="-10.7346" worstEnergy="-1.0" bestConformation="Conformation 10.0 -10.0 Frrrlrfflrlflrrffrfffrlrlflffrlrfrrllffffflflrfrrlrfllrrfrflrflrllrllfrrlflrfrflrfllrlfflrrlrffffff"/>
	<trajectory sample="2" generation="2000" 
bestEnergy="-25.0" averageEnergy="-10.7411" worstEnergy="-1.0" bestConformation="Conformation 10.0 -10.0 Frrrlrfflrlflrrffrfffrlrlflffrlrfrrllffffflflrfrrlrfllrrfrflrflrllrllfrrlflrfrflrfllrlfflrrlrffffff"/>
	<trajectory sample="3" generation="3000" 
bestEnergy="-25.0" averageEnergy="-10.7397" worstEnergy="-1.0" bestConformation="Conformation 10.0 -10.0 Frrrlrfflrlflrrffrfffrlrlflffrlrfrrllffffflflrfrrlrfllrrfrflrflrllrllfrrlflrfrflrfllrlfflrrlrffffff"/>
	<trajectory sample="4" generation="4000" 
bestEnergy="-25.0" averageEnergy="-10.7145" worstEnergy="-1.0" bestConformation="Conformation 10.0 -10.0 Frrrlrfflrlflrrffrfffrlrlflffrlrfrrllffffflflrfrrlrfllrrfrflrflrllrllfrrlflrfrflrfllrlfflrrlrffffff"/>
	<trajectory sample="5" generation="5000" 
bestEnergy="-25.0" averageEnergy="-10.6997" worstEnergy="-1.0" bestConformation="Conformation 10.0 -10.0 Frrrlrfflrlflrrffrfffrlrlflffrlrfrrllffffflflrfrrlrfllrrfrflrflrllrllfrrlflrfrflrfllrlfflrrlrffffff"/>
	<trajectory sample="6" generation="6000" 
bestEnergy="-25.0" averageEnergy="-10.6601" worstEnergy="-1.0" bestConformation="Conformation 10.0 -10.0 Frrrlrfflrlflrrffrfffrlrlflffrlrfrrllffffflflrfrrlrfllrrfrflrflrllrllfrrlflrfrflrfllrlfflrrlrffffff"/>
	<trajectory sample="7" generation="7000" 
bestEnergy="-25.0" averageEnergy="-10.6515" worstEnergy="-1.0" bestConformation="Conformation 10.0 -10.0 Frrrlrfflrlflrrffrfffrlrlflffrlrfrrllffffflflrfrrlrfllrrfrflrflrllrllfrrlflrfrflrfllrlfflrrlrffffff"/>
	<trajectory sample="8" generation="8000" 
bestEnergy="-25.0" averageEnergy="-10.6117" worstEnergy="-1.0" bestConformation="Conformation 10.0 -10.0 Frrrlrfflrlflrrffrfffrlrlflffrlrfrrllffffflflrfrrlrfllrrfrflrflrllrllfrrlflrfrflrfllrlfflrrlrffffff"/>
	<trajectory sample="9" generation="9000" 
bestEnergy="-25.0" averageEnergy="-10.5742" worstEnergy="-1.0" bestConformation="Conformation 10.0 -10.0 Frrrlrfflrlflrrffrfffrlrlflffrlrfrrllffffflflrfrrlrfllrrfrflrflrllrllfrrlflrfrflrfllrlfflrrlrffffff"/>
	<trajectory sample="10" generation="10000" 
bestEnergy="-25.0" averageEnergy="-10.5342" worstEnergy="-1.0" bestConformation="Conformation 10.0 -10.0 Frrrlrfflrlflrrffrfffrlrlflffrlrfrrllffffflflrfrrlrfllrrfrflrflrllrllfrrlflrfrflrfllrlfflrrlrffffff"/>
	<trajectory sample="11" generation="11000" 
bestEnergy="-24.0" averageEnergy="-10.4941" worstEnergy="-1.0" bestConformation="Conformation 10.0 -10.0 Frrrlrfflrlflrrffrfffrlrlflffrlrfrrllffffflflrfrrlrfllrrfrflrflrllrllfrrlflrfrflrfllrlfflrrlrffffff"/>
	<trajectory sample="12" generation="12000" 
bestEnergy="-24.0" averageEnergy="-10.448" worstEnergy="-1.0" bestConformation="Conformation 10.0 -10.0 Frrrlrfflrlflrrffrfffrlrlflffrlrfrrllffffflflrfrrlrfllrrfrflrflrllrllfrrlflrfrflrfllrlfflrrlrffffff"/>
	<trajectory sample="13" generation="13000" 
bestEnergy="-24.0" averageEnergy="-10.3939" worstEnergy="-1.0" bestConformation="Conformation 10.0 -10.0 Frrrlrfflrlflrrffrfffrlrlflffrlrfrrllffffflflrfrrlrfllrrfrflrflrllrllfrrlflrfrflrfllrlfflrrlrffffff"/>
	<trajectory sample="14" generation="14000" 
bestEnergy="-24.0" averageEnergy="-10.3447" worstEnergy="-1.0" bestConformation="Conformation 10.0 -10.0 Frrrlrfflrlflrrffrfffrlrlflffrlrfrrllffffflflrfrrlrfllrrfrflrflrllrllfrrlflrfrflrfllrlfflrrlrffffff"/>
	<trajectory sample="15" generation="15000" 
bestEnergy="-24.0" averageEnergy="-10.3017" worstEnergy="-1.0" bestConformation="Conformation 10.0 -10.0 Frrrlrfflrlflrrffrfffrlrlflffrlrfrrllffffflflrfrrlrfllrrfrflrflrllrllfrrlflrfrflrfllrlfflrrlrffffff"/>
	<trajectory sample="16" generation="16000" 
bestEnergy="-24.0" averageEnergy="-10.2436" worstEnergy="-1.0" bestConformation="Conformation 10.0 -10.0 Frrrlrfflrlflrrffrfffrlrlflffrlrfrrllffffflflrfrrlrfllrrfrflrflrllrllfrrlflrfrflrfllrlfflrrlrffffff"/>
	<trajectory sample="17" generation="17000" 
bestEnergy="-24.0" averageEnergy="-10.2085" worstEnergy="-1.0" bestConformation="Conformation 10.0 -10.0 Frrrlrfflrlflrrffrfffrlrlflffrlrfrrllffffflflrfrrlrfllrrfrflrflrllrllfrrlflrfrflrfllrlfflrrlrffffff"/>
	<trajectory sample="18" generation="18000" 
bestEnergy="-24.0" averageEnergy="-10.1588" worstEnergy="-1.0" bestConformation="Conformation 10.0 -10.0 Frrrlrfflrlflrrffrfffrlrlflffrlrfrrllffffflflrfrrlrfllrrfrflrflrllrllfrrlflrfrflrfllrlfflrrlrffffff"/>
	<trajectory sample="19" generation="19000" 
bestEnergy="-24.0" averageEnergy="-10.1126" worstEnergy="-1.0" bestConformation="Conformation 10.0 -10.0 Frrrlrfflrlflrrffrfffrlrlflffrlrfrrllffffflflrfrrlrfllrrfrflrflrllrllfrrlflrfrflrfllrlfflrrlrffffff"/>
	<trajectory sample="20" generation="20000" 
bestEnergy="-24.0" averageEnergy="-10.0692" worstEnergy="-1.0" bestConformation="Conformation 10.0 -10.0 Frrrlrfflrlflrrffrfffrlrlflffrlrfrrllffffflflrfrrlrfllrrfrflrflrllrllfrrlflrfrflrfllrlfflrrlrffffff"/>
	<trajectory sample="21" generation="21000" 
bestEnergy="-24.0" averageEnergy="-10.0303" worstEnergy="-1.0" bestConformation="Conformation 10.0 -10.0 Frrrlrfflrlflrrffrfffrlrlflffrlrfrrllffffflflrfrrlrfllrrfrflrflrllrllfrrlflrfrflrfllrlfflrrlrffffff"/>
	<trajectory sample="22" generation="22000" 
bestEnergy="-24.0" averageEnergy="-9.9904" worstEnergy="-1.0" bestConformation="Conformation 10.0 -10.0 Frrrlrfflrlflrrffrfffrlrlflffrlrfrrllffffflflrfrrlrfllrrfrflrflrllrllfrrlflrfrflrfllrlfflrrlrffffff"/>
	<trajectory sample="23" generation="23000" 
bestEnergy="-24.0" averageEnergy="-9.9606" worstEnergy="-1.0" bestConformation="Conformation 10.0 -10.0 Frrrlrfflrlflrrffrfffrlrlflffrlrfrrllffffflflrfrrlrfllrrfrflrflrllrllfrrlflrfrflrfllrlfflrrlrffffff"/>
	<trajectory sample="24" generation="24000" 
bestEnergy="-24.0" averageEnergy="-9.9288" worstEnergy="-1.0" bestConformation="Conformation 10.0 -10.0 Frrrlrfflrlflrrffrfffrlrlflffrlrfrrllffffflflrfrrlrfllrrfrflrflrllrllfrrlflrfrflrfllrlfflrrlrffffff"/>
	<trajectory sample="25" generation="25000" 
bestEnergy="-24.0" averageEnergy="-9.9057" worstEnergy="-2.0" bestConformation="Conformation 10.0 -10.0 Frrrlrfflrlflrrffrfffrlrlflffrlrfrrllffffflflrfrrlrfllrrfrflrflrllrllfrrlflrfrflrfllrlfflrrlrffffff"/>
	<trajectory sample="26" generation="26000" 
bestEnergy="-24.0" averageEnergy="-9.8661" worstEnergy="-2.0" bestConformation="Conformation 10.0 -10.0 Frrrlrfflrlflrrffrfffrlrlflffrlrfrrllffffflflrfrrlrfllrrfrflrflrllrllfrrlflrfrflrfllrlfflrrlrffffff"/>
	<trajectory sample="27" generation="27000" 
bestEnergy="-24.0" averageEnergy="-9.8323" worstEnergy="-2.0" bestConformation="Conformation 10.0 -10.0 Frrrlrfflrlflrrffrfffrlrlflffrlrfrrllffffflflrfrrlrfllrrfrflrflrllrllfrrlflrfrflrfllrlfflrrlrffffff"/>
	<trajectory sample="28" generation="28000" 
bestEnergy="-24.0" averageEnergy="-9.8147" worstEnergy="-2.0" bestConformation="Conformation 10.0 -10.0 Frrrlrfflrlflrrffrfffrlrlflffrlrfrrllffffflflrfrrlrfllrrfrflrflrllrllfrrlflrfrflrfllrlfflrrlrffffff"/>
	<trajectory sample="29" generation="29000" 
bestEnergy="-24.0" averageEnergy="-9.7853" worstEnergy="-2.0" bestConformation="Conformation 10.0 -10.0 Frrrlrfflrlflrrffrfffrlrlflffrlrfrrllffffflflrfrrlrfllrrfrflrflrllrllfrrlflrfrflrfllrlfflrrlrffffff"/>
	<trajectory sample="30" generation="30000" 
bestEnergy="-24.0" averageEnergy="-9.772" worstEnergy="-2.0" bestConformation="Conformation 10.0 -10.0 Frrrlrfflrlflrrffrfffrlrlflffrlrfrrllffffflflrfrrlrfllrrfrflrflrllrllfrrlflrfrflrfllrlfflrrlrffffff"/>
	<trajectory sample="31" generation="31000" 
bestEnergy="-24.0" averageEnergy="-9.7543" worstEnergy="-2.0" bestConformation="Conformation 10.0 -10.0 Frrrlrfflrlflrrffrfffrlrlflffrlrfrrllffffflflrfrrlrfllrrfrflrflrllrllfrrlflrfrflrfllrlfflrrlrffffff"/>
	<trajectory sample="32" generation="32000" 
bestEnergy="-24.0" averageEnergy="-9.7431" worstEnergy="-2.0" bestConformation="Conformation 10.0 -10.0 Frrrlrfflrlflrrffrfffrlrlflffrlrfrrllffffflflrfrrlrfllrrfrflrflrllrllfrrlflrfrflrfllrlfflrrlrffffff"/>
	<trajectory sample="33" generation="33000" 
bestEnergy="-24.0" averageEnergy="-9.7258" worstEnergy="-2.0" bestConformation="Conformation 10.0 -10.0 Frrrlrfflrlflrrffrfffrlrlflffrlrfrrllffffflflrfrrlrfllrrfrflrflrllrllfrrlflrfrflrfllrlfflrrlrffffff"/>
	<trajectory sample="34" generation="34000" 
bestEnergy="-24.0" averageEnergy="-9.7121" worstEnergy="-2.0" bestConformation="Conformation 10.0 -10.0 Frrrlrfflrlflrrffrfffrlrlflffrlrfrrllffffflflrfrrlrfllrrfrflrflrllrllfrrlflrfrflrfllrlfflrrlrffffff"/>
	<trajectory sample="35" generation="35000" 
bestEnergy="-24.0" averageEnergy="-9.7045" worstEnergy="-2.0" bestConformation="Conformation 10.0 -10.0 Frrrlrfflrlflrrffrfffrlrlflffrlrfrrllffffflflrfrrlrfllrrfrflrflrllrllfrrlflrfrflrfllrlfflrrlrffffff"/>
	<trajectory sample="36" generation="36000" 
bestEnergy="-24.0" averageEnergy="-9.6919" worstEnergy="-2.0" bestConformation="Conformation 10.0 -10.0 Frrrlrfflrlflrrffrfffrlrlflffrlrfrrllffffflflrfrrlrfllrrfrflrflrllrllfrrlflrfrflrfllrlfflrrlrffffff"/>
	<trajectory sample="37" generation="37000" 
bestEnergy="-24.0" averageEnergy="-9.6739" worstEnergy="-2.0" bestConformation="Conformation 10.0 -10.0 Frrrlrfflrlflrrffrfffrlrlflffrlrfrrllffffflflrfrrlrfllrrfrflrflrllrllfrrlflrfrflrfllrlfflrrlrffffff"/>
	<trajectory sample="38" generation="38000" 
bestEnergy="-24.0" averageEnergy="-9.667" worstEnergy="-2.0" bestConformation="Conformation 10.0 -10.0 Frrrlrfflrlflrrffrfffrlrlflffrlrfrrllffffflflrfrrlrfllrrfrflrflrllrllfrrlflrfrflrfllrlfflrrlrffffff"/>
	<trajectory sample="39" generation="39000" 
bestEnergy="-24.0" averageEnergy="-9.6598" worstEnergy="-2.0" bestConformation="Conformation 10.0 -10.0 Frrrlrfflrlflrrffrfffrlrlflffrlrfrrllffffflflrfrrlrfllrrfrflrflrllrllfrrlflrfrflrfllrlfflrrlrffffff"/>
	<trajectory sample="40" generation="40000" 
bestEnergy="-24.0" averageEnergy="-9.652" worstEnergy="-2.0" bestConformation="Conformation 10.0 -10.0 Frrrlrfflrlflrrffrfffrlrlflffrlrfrrllffffflflrfrrlrfllrrfrflrflrllrllfrrlflrfrflrfllrlfflrrlrffffff"/>
	<trajectory sample="41" generation="41000" 
bestEnergy="-24.0" averageEnergy="-9.6464" worstEnergy="-2.0" bestConformation="Conformation 10.0 -10.0 Frrrlrfflrlflrrffrfffrlrlflffrlrfrrllffffflflrfrrlrfllrrfrflrflrllrllfrrlflrfrflrfllrlfflrrlrffffff"/>
	<trajectory sample="42" generation="42000" 
bestEnergy="-24.0" averageEnergy="-9.6385" worstEnergy="-2.0" bestConformation="Conformation 10.0 -10.0 Frrrlrfflrlflrrffrfffrlrlflffrlrfrrllffffflflrfrrlrfllrrfrflrflrllrllfrrlflrfrflrfllrlfflrrlrffffff"/>
	<trajectory sample="43" generation="43000" 
bestEnergy="-24.0" averageEnergy="-9.6378" worstEnergy="-2.0" bestConformation="Conformation 10.0 -10.0 Frrrlrfflrlflrrffrfffrlrlflffrlrfrrllffffflflrfrrlrfllrrfrflrflrllrllfrrlflrfrflrfllrlfflrrlrffffff"/>
	<trajectory sample="44" generation="44000" 
bestEnergy="-24.0" averageEnergy="-9.6393" worstEnergy="-2.0" bestConformation="Conformation 10.0 -10.0 Frrrlrfflrlflrrffrfffrlrlflffrlrfrrllffffflflrfrrlrfllrrfrflrflrllrllfrrlflrfrflrfllrlfflrrlrffffff"/>
	<trajectory sample="45" generation="45000" 
bestEnergy="-22.0" averageEnergy="-9.635" worstEnergy="-2.0" bestConformation="Conformation 10.0 -10.0 Frrrlrfflrlflrrffrfffrlrlflffrlrfrrllffffflflrfrrlrfllrrfrflrflrllrllfrrlflrfrflrfllrlfflrrlrffffff"/>
	<trajectory sample="46" generation="46000" 
bestEnergy="-22.0" averageEnergy="-9.6314" worstEnergy="-2.0" bestConformation="Conformation 10.0 -10.0 Frrrlrfflrlflrrffrfffrlrlflffrlrfrrllffffflflrfrrlrfllrrfrflrflrllrllfrrlflrfrflrfllrlfflrrlrffffff"/>
	<trajectory sample="47" generation="47000" 
bestEnergy="-22.0" averageEnergy="-9.6261" worstEnergy="-2.0" bestConformation="Conformation 10.0 -10.0 Frrrlrfflrlflrrffrfffrlrlflffrlrfrrllffffflflrfrrlrfllrrfrflrflrllrllfrrlflrfrflrfllrlfflrrlrffffff"/>
	<trajectory sample="48" generation="48000" 
bestEnergy="-22.0" averageEnergy="-9.6268" worstEnergy="-2.0" bestConformation="Conformation 10.0 -10.0 Frrrlrfflrlflrrffrfffrlrlflffrlrfrrllffffflflrfrrlrfllrrfrflrflrllrllfrrlflrfrflrfllrlfflrrlrffffff"/>
	<trajectory sample="49" generation="49000" 
bestEnergy="-22.0" averageEnergy="-9.6269" worstEnergy="-2.0" bestConformation="Conformation 10.0 -10.0 Frrrlrfflrlflrrffrfffrlrlflffrlrfrrllffffflflrfrrlrfllrrfrflrflrllrllfrrlflrfrflrfllrlfflrrlrffffff"/>
	<trajectory sample="50" generation="50000" 
bestEnergy="-22.0" averageEnergy="-9.6241" worstEnergy="-2.0" bestConformation="Conformation 10.0 -10.0 Frrrlrfflrlflrrffrfffrlrlflffrlrfrrllffffflflrfrrlrfllrrfrflrflrllrllfrrlflrfrflrfllrlfflrrlrffffff"/>
	<trajectory sample="51" generation="51000" 
bestEnergy="-22.0" averageEnergy="-9.6218" worstEnergy="-2.0" bestConformation="Conformation 10.0 -10.0 Frrrlrfflrlflrrffrfffrlrlflffrlrfrrllffffflflrfrrlrfllrrfrflrflrllrllfrrlflrfrflrfllrlfflrrlrffffff"/>
	<trajectory sample="52" generation="52000" 
bestEnergy="-22.0" averageEnergy="-9.6214" worstEnergy="-2.0" bestConformation="Conformation 10.0 -10.0 Frrrlrfflrlflrrffrfffrlrlflffrlrfrrllffffflflrfrrlrfllrrfrflrflrllrllfrrlflrfrflrfllrlfflrrlrffffff"/>
	<trajectory sample="53" generation="53000" 
bestEnergy="-22.0" averageEnergy="-9.6191" worstEnergy="-2.0" bestConformation="Conformation 10.0 -10.0 Frrrlrfflrlflrrffrfffrlrlflffrlrfrrllffffflflrfrrlrfllrrfrflrflrllrllfrrlflrfrflrfllrlfflrrlrffffff"/>
	<trajectory sample="54" generation="54000" 
bestEnergy="-22.0" averageEnergy="-9.6181" worstEnergy="-2.0" bestConformation="Conformation 10.0 -10.0 Frrrlrfflrlflrrffrfffrlrlflffrlrfrrllffffflflrfrrlrfllrrfrflrflrllrllfrrlflrfrflrfllrlfflrrlrffffff"/>
	<trajectory sample="55" generation="55000" 
bestEnergy="-19.0" averageEnergy="-9.6153" worstEnergy="-2.0" bestConformation="Conformation 10.0 -10.0 Frrrlrfflrlflrrffrfffrlrlflffrlrfrrllffffflflrfrrlrfllrrfrflrflrllrllfrrlflrfrflrfllrlfflrrlrffffff"/>
	<trajectory sample="56" generation="56000" 
bestEnergy="-19.0" averageEnergy="-9.6156" worstEnergy="-2.0" bestConformation="Conformation 10.0 -10.0 Frrrlrfflrlflrrffrfffrlrlflffrlrfrrllffffflflrfrrlrfllrrfrflrflrllrllfrrlflrfrflrfllrlfflrrlrffffff"/>
	<trajectory sample="57" generation="57000" 
bestEnergy="-19.0" averageEnergy="-9.6154" worstEnergy="-2.0" bestConformation="Conformation 10.0 -10.0 Frrrlrfflrlflrrffrfffrlrlflffrlrfrrllffffflflrfrrlrfllrrfrflrflrllrllfrrlflrfrflrfllrlfflrrlrffffff"/>
	<trajectory sample="58" generation="58000" 
bestEnergy="-19.0" averageEnergy="-9.6153" worstEnergy="-2.0" bestConformation="Conformation 10.0 -10.0 Frrrlrfflrlflrrffrfffrlrlflffrlrfrrllffffflflrfrrlrfllrrfrflrflrllrllfrrlflrfrflrfllrlfflrrlrffffff"/>
	<trajectory sample="59" generation="59000" 
bestEnergy="-19.0" averageEnergy="-9.6137" worstEnergy="-2.0" bestConformation="Conformation 10.0 -10.0 Frrrlrfflrlflrrffrfffrlrlflffrlrfrrllffffflflrfrrlrfllrrfrflrflrllrllfrrlflrfrflrfllrlfflrrlrffffff"/>
	<trajectory sample="60" generation="60000" 
bestEnergy="-19.0" averageEnergy="-9.6133" worstEnergy="-2.0" bestConformation="Conformation 10.0 -10.0 Frrrlrfflrlflrrffrfffrlrlflffrlrfrrllffffflflrfrrlrfllrrfrflrflrllrllfrrlflrfrflrfllrlfflrrlrffffff"/>
	<trajectory sample="61" generation="61000" 
bestEnergy="-19.0" averageEnergy="-9.6141" worstEnergy="-2.0" bestConformation="Conformation 10.0 -10.0 Frrrlrfflrlflrrffrfffrlrlflffrlrfrrllffffflflrfrrlrfllrrfrflrflrllrllfrrlflrfrflrfllrlfflrrlrffffff"/>
	<trajectory sample="62" generation="62000" 
bestEnergy="-18.0" averageEnergy="-9.614" worstEnergy="-2.0" bestConformation="Conformation 10.0 -10.0 Frrrlrfflrlflrrffrfffrlrlflffrlrfrrllffffflflrfrrlrfllrrfrflrflrllrllfrrlflrfrflrfllrlfflrrlrffffff"/>
	<trajectory sample="63" generation="63000" 
bestEnergy="-18.0" averageEnergy="-9.6142" worstEnergy="-2.0" bestConformation="Conformation 10.0 -10.0 Frrrlrfflrlflrrffrfffrlrlflffrlrfrrllffffflflrfrrlrfllrrfrflrflrllrllfrrlflrfrflrfllrlfflrrlrffffff"/>
	<trajectory sample="64" generation="64000" 
bestEnergy="-18.0" averageEnergy="-9.6136" worstEnergy="-2.0" bestConformation="Conformation 10.0 -10.0 Frrrlrfflrlflrrffrfffrlrlflffrlrfrrllffffflflrfrrlrfllrrfrflrflrllrllfrrlflrfrflrfllrlfflrrlrffffff"/>
	<trajectory sample="65" generation="65000" 
bestEnergy="-18.0" averageEnergy="-9.6143" worstEnergy="-2.0" bestConformation="Conformation 10.0 -10.0 Frrrlrfflrlflrrffrfffrlrlflffrlrfrrllffffflflrfrrlrfllrrfrflrflrllrllfrrlflrfrflrfllrlfflrrlrffffff"/>
	<trajectory sample="66" generation="66000" 
bestEnergy="-18.0" averageEnergy="-9.6145" worstEnergy="-2.0" bestConformation="Conformation 10.0 -10.0 Frrrlrfflrlflrrffrfffrlrlflffrlrfrrllffffflflrfrrlrfllrrfrflrflrllrllfrrlflrfrflrfllrlfflrrlrffffff"/>
	<trajectory sample="67" generation="67000" 
bestEnergy="-18.0" averageEnergy="-9.6132" worstEnergy="-2.0" bestConformation="Conformation 10.0 -10.0 Frrrlrfflrlflrrffrfffrlrlflffrlrfrrllffffflflrfrrlrfllrrfrflrflrllrllfrrlflrfrflrfllrlfflrrlrffffff"/>
	<trajectory sample="68" generation="68000" 
bestEnergy="-18.0" averageEnergy="-9.6126" worstEnergy="-2.0" bestConformation="Conformation 10.0 -10.0 Frrrlrfflrlflrrffrfffrlrlflffrlrfrrllffffflflrfrrlrfllrrfrflrflrllrllfrrlflrfrflrfllrlfflrrlrffffff"/>
	<trajectory sample="69" generation="69000" 
bestEnergy="-18.0" averageEnergy="-9.6134" worstEnergy="-2.0" bestConformation="Conformation 10.0 -10.0 Frrrlrfflrlflrrffrfffrlrlflffrlrfrrllffffflflrfrrlrfllrrfrflrflrllrllfrrlflrfrflrfllrlfflrrlrffffff"/>
	<trajectory sample="70" generation="70000" 
bestEnergy="-18.0" averageEnergy="-9.6134" worstEnergy="-2.0" bestConformation="Conformation 10.0 -10.0 Frrrlrfflrlflrrffrfffrlrlflffrlrfrrllffffflflrfrrlrfllrrfrflrflrllrllfrrlflrfrflrfllrlfflrrlrffffff"/>
	<trajectory sample="71" generation="71000" 
bestEnergy="-18.0" averageEnergy="-9.6134" worstEnergy="-2.0" bestConformation="Conformation 10.0 -10.0 Frrrlrfflrlflrrffrfffrlrlflffrlrfrrllffffflflrfrrlrfllrrfrflrflrllrllfrrlflrfrflrfllrlfflrrlrffffff"/>
	<trajectory sample="72" generation="72000" 
bestEnergy="-18.0" averageEnergy="-9.6136" worstEnergy="-2.0" bestConformation="Conformation 10.0 -10.0 Frrrlrfflrlflrrffrfffrlrlflffrlrfrrllffffflflrfrrlrfllrrfrflrflrllrllfrrlflrfrflrfllrlfflrrlrffffff"/>
	<trajectory sample="73" generation="73000" 
bestEnergy="-18.0" averageEnergy="-9.6136" worstEnergy="-2.0" bestConformation="Conformation 10.0 -10.0 Frrrlrfflrlflrrffrfffrlrlflffrlrfrrllffffflflrfrrlrfllrrfrflrflrllrllfrrlflrfrflrfllrlfflrrlrffffff"/>
	<trajectory sample="74" generation="74000" 
bestEnergy="-18.0" averageEnergy="-9.614" worstEnergy="-2.0" bestConformation="Conformation 10.0 -10.0 Frrrlrfflrlflrrffrfffrlrlflffrlrfrrllffffflflrfrrlrfllrrfrflrflrllrllfrrlflrfrflrfllrlfflrrlrffffff"/>
	<trajectory sample="75" generation="75000" 
bestEnergy="-18.0" averageEnergy="-9.614" worstEnergy="-2.0" bestConformation="Conformation 10.0 -10.0 Frrrlrfflrlflrrffrfffrlrlflffrlrfrrllffffflflrfrrlrfllrrfrflrflrllrllfrrlflrfrflrfllrlfflrrlrffffff"/>
	<trajectory sample="76" generation="76000" 
bestEnergy="-18.0" averageEnergy="-9.6144" worstEnergy="-2.0" bestConformation="Conformation 10.0 -10.0 Frrrlrfflrlflrrffrfffrlrlflffrlrfrrllffffflflrfrrlrfllrrfrflrflrllrllfrrlflrfrflrfllrlfflrrlrffffff"/>
	<trajectory sample="77" generation="77000" 
bestEnergy="-18.0" averageEnergy="-9.6147" worstEnergy="-2.0" bestConformation="Conformation 10.0 -10.0 Frrrlrfflrlflrrffrfffrlrlflffrlrfrrllffffflflrfrrlrfllrrfrflrflrllrllfrrlflrfrflrfllrlfflrrlrffffff"/>
	<trajectory sample="78" generation="78000" 
bestEnergy="-18.0" averageEnergy="-9.6142" worstEnergy="-2.0" bestConformation="Conformation 10.0 -10.0 Frrrlrfflrlflrrffrfffrlrlflffrlrfrrllffffflflrfrrlrfllrrfrflrflrllrllfrrlflrfrflrfllrlfflrrlrffffff"/>
	<trajectory sample="79" generation="79000" 
bestEnergy="-18.0" averageEnergy="-9.6147" worstEnergy="-2.0" bestConformation="Conformation 10.0 -10.0 Frrrlrfflrlflrrffrfffrlrlflffrlrfrrllffffflflrfrrlrfllrrfrflrflrllrllfrrlflrfrflrfllrlfflrrlrffffff"/>
	<trajectory sample="80" generation="80000" 
bestEnergy="-18.0" averageEnergy="-9.6147" worstEnergy="-2.0" bestConformation="Conformation 10.0 -10.0 Frrrlrfflrlflrrffrfffrlrlflffrlrfrrllffffflflrfrrlrfllrrfrflrflrllrllfrrlflrfrflrfllrlfflrrlrffffff"/>
	<trajectory sample="81" generation="81000" 
bestEnergy="-18.0" averageEnergy="-9.6153" worstEnergy="-2.0" bestConformation="Conformation 10.0 -10.0 Frrrlrfflrlflrrffrfffrlrlflffrlrfrrllffffflflrfrrlrfllrrfrflrflrllrllfrrlflrfrflrfllrlfflrrlrffffff"/>
	<trajectory sample="82" generation="82000" 
bestEnergy="-18.0" averageEnergy="-9.6154" worstEnergy="-2.0" bestConformation="Conformation 10.0 -10.0 Frrrlrfflrlflrrffrfffrlrlflffrlrfrrllffffflflrfrrlrfllrrfrflrflrllrllfrrlflrfrflrfllrlfflrrlrffffff"/>
	<trajectory sample="83" generation="83000" 
bestEnergy="-18.0" averageEnergy="-9.6167" worstEnergy="-2.0" bestConformation="Conformation 10.0 -10.0 Frrrlrfflrlflrrffrfffrlrlflffrlrfrrllffffflflrfrrlrfllrrfrflrflrllrllfrrlflrfrflrfllrlfflrrlrffffff"/>
	<trajectory sample="84" generation="84000" 
bestEnergy="-18.0" averageEnergy="-9.6167" worstEnergy="-2.0" bestConformation="Conformation 10.0 -10.0 Frrrlrfflrlflrrffrfffrlrlflffrlrfrrllffffflflrfrrlrfllrrfrflrflrllrllfrrlflrfrflrfllrlfflrrlrffffff"/>
	<trajectory sample="85" generation="85000" 
bestEnergy="-18.0" averageEnergy="-9.6167" worstEnergy="-2.0" bestConformation="Conformation 10.0 -10.0 Frrrlrfflrlflrrffrfffrlrlflffrlrfrrllffffflflrfrrlrfllrrfrflrflrllrllfrrlflrfrflrfllrlfflrrlrffffff"/>
	<trajectory sample="86" generation="86000" 
bestEnergy="-18.0" averageEnergy="-9.6163" worstEnergy="-2.0" bestConformation="Conformation 10.0 -10.0 Frrrlrfflrlflrrffrfffrlrlflffrlrfrrllffffflflrfrrlrfllrrfrflrflrllrllfrrlflrfrflrfllrlfflrrlrffffff"/>
	<trajectory sample="87" generation="87000" 
bestEnergy="-18.0" averageEnergy="-9.6173" worstEnergy="-2.0" bestConformation="Conformation 10.0 -10.0 Frrrlrfflrlflrrffrfffrlrlflffrlrfrrllffffflflrfrrlrfllrrfrflrflrllrllfrrlflrfrflrfllrlfflrrlrffffff"/>
	<trajectory sample="88" generation="88000" 
bestEnergy="-18.0" averageEnergy="-9.6179" worstEnergy="-2.0" bestConformation="Conformation 10.0 -10.0 Frrrlrfflrlflrrffrfffrlrlflffrlrfrrllffffflflrfrrlrfllrrfrflrflrllrllfrrlflrfrflrfllrlfflrrlrffffff"/>
	<trajectory sample="89" generation="89000" 
bestEnergy="-18.0" averageEnergy="-9.6179" worstEnergy="-2.0" bestConformation="Conformation 10.0 -10.0 Frrrlrfflrlflrrffrfffrlrlflffrlrfrrllffffflflrfrrlrfllrrfrflrflrllrllfrrlflrfrflrfllrlfflrrlrffffff"/>
	<trajectory sample="90" generation="90000" 
bestEnergy="-18.0" averageEnergy="-9.6179" worstEnergy="-2.0" bestConformation="Conformation 10.0 -10.0 Frrrlrfflrlflrrffrfffrlrlflffrlrfrrllffffflflrfrrlrfllrrfrflrflrllrllfrrlflrfrflrfllrlfflrrlrffffff"/>
	<trajectory sample="91" generation="91000" 
bestEnergy="-18.0" averageEnergy="-9.6179" worstEnergy="-2.0" bestConformation="Conformation 10.0 -10.0 Frrrlrfflrlflrrffrfffrlrlflffrlrfrrllffffflflrfrrlrfllrrfrflrflrllrllfrrlflrfrflrfllrlfflrrlrffffff"/>
	<trajectory sample="92" generation="92000" 
bestEnergy="-18.0" averageEnergy="-9.6179" worstEnergy="-2.0" bestConformation="Conformation 10.0 -10.0 Frrrlrfflrlflrrffrfffrlrlflffrlrfrrllffffflflrfrrlrfllrrfrflrflrllrllfrrlflrfrflrfllrlfflrrlrffffff"/>
	<trajectory sample="93" generation="93000" 
bestEnergy="-18.0" averageEnergy="-9.6179" worstEnergy="-2.0" bestConformation="Conformation 10.0 -10.0 Frrrlrfflrlflrrffrfffrlrlflffrlrfrrllffffflflrfrrlrfllrrfrflrflrllrllfrrlflrfrflrfllrlfflrrlrffffff"/>
	<trajectory sample="94" generation="94000" 
bestEnergy="-18.0" averageEnergy="-9.6179" worstEnergy="-2.0" bestConformation="Conformation 10.0 -10.0 Frrrlrfflrlflrrffrfffrlrlflffrlrfrrllffffflflrfrrlrfllrrfrflrflrllrllfrrlflrfrflrfllrlfflrrlrffffff"/>
	<trajectory sample="95" generation="95000" 
bestEnergy="-18.0" averageEnergy="-9.6179" worstEnergy="-2.0" bestConformation="Conformation 10.0 -10.0 Frrrlrfflrlflrrffrfffrlrlflffrlrfrrllffffflflrfrrlrfllrrfrflrflrllrllfrrlflrfrflrfllrlfflrrlrffffff"/>
	<trajectory sample="96" generation="96000" 
bestEnergy="-18.0" averageEnergy="-9.6179" worstEnergy="-2.0" bestConformation="Conformation 10.0 -10.0 Frrrlrfflrlflrrffrfffrlrlflffrlrfrrllffffflflrfrrlrfllrrfrflrflrllrllfrrlflrfrflrfllrlfflrrlrffffff"/>
	<trajectory sample="97" generation="97000" 
bestEnergy="-18.0" averageEnergy="-9.6179" worstEnergy="-2.0" bestConformation="Conformation 10.0 -10.0 Frrrlrfflrlflrrffrfffrlrlflffrlrfrrllffffflflrfrrlrfllrrfrflrflrllrllfrrlflrfrflrfllrlfflrrlrffffff"/>
	<trajectory sample="98" generation="98000" 
bestEnergy="-18.0" averageEnergy="-9.6179" worstEnergy="-2.0" bestConformation="Conformation 10.0 -10.0 Frrrlrfflrlflrrffrfffrlrlflffrlrfrrllffffflflrfrrlrfllrrfrflrflrllrllfrrlflrfrflrfllrlfflrrlrffffff"/>
	<trajectory sample="99" generation="99000" 
bestEnergy="-18.0" averageEnergy="-9.6182" worstEnergy="-2.0" bestConformation="Conformation 10.0 -10.0 Frrrlrfflrlflrrffrfffrlrlflffrlrfrrllffffflflrfrrlrfllrrfrflrflrllrllfrrlflrfrflrfllrlfflrrlrffffff"/>
	<trajectory sample="100" generation="100000" 
bestEnergy="-18.0" averageEnergy="-9.6182" worstEnergy="-2.0" bestConformation="Conformation 10.0 -10.0 Frrrlrfflrlflrrffrfffrlrlflffrlrfrrllffffflflrfrrlrfllrrfrflrflrllrllfrrlflrfrflrfllrlfflrrlrffffff"/>
	<trajectory sample="101" generation="101000" 
bestEnergy="-18.0" averageEnergy="-9.6182" worstEnergy="-2.0" bestConformation="Conformation 10.0 -10.0 Frrrlrfflrlflrrffrfffrlrlflffrlrfrrllffffflflrfrrlrfllrrfrflrflrllrllfrrlflrfrflrfllrlfflrrlrffffff"/>
	<trajectory sample="102" generation="102000" 
bestEnergy="-18.0" averageEnergy="-9.6182" worstEnergy="-2.0" bestConformation="Conformation 10.0 -10.0 Frrrlrfflrlflrrffrfffrlrlflffrlrfrrllffffflflrfrrlrfllrrfrflrflrllrllfrrlflrfrflrfllrlfflrrlrffffff"/>
	<trajectory sample="103" generation="103000" 
bestEnergy="-18.0" averageEnergy="-9.6182" worstEnergy="-2.0" bestConformation="Conformation 10.0 -10.0 Frrrlrfflrlflrrffrfffrlrlflffrlrfrrllffffflflrfrrlrfllrrfrflrflrllrllfrrlflrfrflrfllrlfflrrlrffffff"/>
	<trajectory sample="104" generation="104000" 
bestEnergy="-18.0" averageEnergy="-9.6182" worstEnergy="-2.0" bestConformation="Conformation 10.0 -10.0 Frrrlrfflrlflrrffrfffrlrlflffrlrfrrllffffflflrfrrlrfllrrfrflrflrllrllfrrlflrfrflrfllrlfflrrlrffffff"/>
	<trajectory sample="105" generation="105000" 
bestEnergy="-18.0" averageEnergy="-9.6182" worstEnergy="-2.0" bestConformation="Conformation 10.0 -10.0 Frrrlrfflrlflrrffrfffrlrlflffrlrfrrllffffflflrfrrlrfllrrfrflrflrllrllfrrlflrfrflrfllrlfflrrlrffffff"/>
	<trajectory sample="106" generation="106000" 
bestEnergy="-18.0" averageEnergy="-9.6182" worstEnergy="-2.0" bestConformation="Conformation 10.0 -10.0 Frrrlrfflrlflrrffrfffrlrlflffrlrfrrllffffflflrfrrlrfllrrfrflrflrllrllfrrlflrfrflrfllrlfflrrlrffffff"/>
	<trajectory sample="107" generation="107000" 
bestEnergy="-18.0" averageEnergy="-9.6182" worstEnergy="-2.0" bestConformation="Conformation 10.0 -10.0 Frrrlrfflrlflrrffrfffrlrlflffrlrfrrllffffflflrfrrlrfllrrfrflrflrllrllfrrlflrfrflrfllrlfflrrlrffffff"/>
	<trajectory sample="108" generation="108000" 
bestEnergy="-18.0" averageEnergy="-9.6182" worstEnergy="-2.0" bestConformation="Conformation 10.0 -10.0 Frrrlrfflrlflrrffrfffrlrlflffrlrfrrllffffflflrfrrlrfllrrfrflrflrllrllfrrlflrfrflrfllrlfflrrlrffffff"/>
	<trajectory sample="109" generation="109000" 
bestEnergy="-18.0" averageEnergy="-9.6182" worstEnergy="-2.0" bestConformation="Conformation 10.0 -10.0 Frrrlrfflrlflrrffrfffrlrlflffrlrfrrllffffflflrfrrlrfllrrfrflrflrllrllfrrlflrfrflrfllrlfflrrlrffffff"/>
	<trajectory sample="110" generation="110000" 
bestEnergy="-18.0" averageEnergy="-9.6182" worstEnergy="-2.0" bestConformation="Conformation 10.0 -10.0 Frrrlrfflrlflrrffrfffrlrlflffrlrfrrllffffflflrfrrlrfllrrfrflrflrllrllfrrlflrfrflrfllrlfflrrlrffffff"/>
	<trajectory sample="111" generation="111000" 
bestEnergy="-18.0" averageEnergy="-9.6182" worstEnergy="-2.0" bestConformation="Conformation 10.0 -10.0 Frrrlrfflrlflrrffrfffrlrlflffrlrfrrllffffflflrfrrlrfllrrfrflrflrllrllfrrlflrfrflrfllrlfflrrlrffffff"/>
	<trajectory sample="112" generation="112000" 
bestEnergy="-18.0" averageEnergy="-9.6182" worstEnergy="-2.0" bestConformation="Conformation 10.0 -10.0 Frrrlrfflrlflrrffrfffrlrlflffrlrfrrllffffflflrfrrlrfllrrfrflrflrllrllfrrlflrfrflrfllrlfflrrlrffffff"/>
	<trajectory sample="113" generation="113000" 
bestEnergy="-18.0" averageEnergy="-9.6184" worstEnergy="-2.0" bestConformation="Conformation 10.0 -10.0 Frrrlrfflrlflrrffrfffrlrlflffrlrfrrllffffflflrfrrlrfllrrfrflrflrllrllfrrlflrfrflrfllrlfflrrlrffffff"/>
	<trajectory sample="114" generation="114000" 
bestEnergy="-18.0" averageEnergy="-9.6184" worstEnergy="-2.0" bestConformation="Conformation 10.0 -10.0 Frrrlrfflrlflrrffrfffrlrlflffrlrfrrllffffflflrfrrlrfllrrfrflrflrllrllfrrlflrfrflrfllrlfflrrlrffffff"/>
	<trajectory sample="115" generation="115000" 
bestEnergy="-18.0" averageEnergy="-9.6184" worstEnergy="-2.0" bestConformation="Conformation 10.0 -10.0 Frrrlrfflrlflrrffrfffrlrlflffrlrfrrllffffflflrfrrlrfllrrfrflrflrllrllfrrlflrfrflrfllrlfflrrlrffffff"/>
	<trajectory sample="116" generation="116000" 
bestEnergy="-18.0" averageEnergy="-9.6184" worstEnergy="-2.0" bestConformation="Conformation 10.0 -10.0 Frrrlrfflrlflrrffrfffrlrlflffrlrfrrllffffflflrfrrlrfllrrfrflrflrllrllfrrlflrfrflrfllrlfflrrlrffffff"/>
	<trajectory sample="117" generation="117000" 
bestEnergy="-18.0" averageEnergy="-9.6184" worstEnergy="-2.0" bestConformation="Conformation 10.0 -10.0 Frrrlrfflrlflrrffrfffrlrlflffrlrfrrllffffflflrfrrlrfllrrfrflrflrllrllfrrlflrfrflrfllrlfflrrlrffffff"/>
	<trajectory sample="118" generation="118000" 
bestEnergy="-18.0" averageEnergy="-9.6184" worstEnergy="-2.0" bestConformation="Conformation 10.0 -10.0 Frrrlrfflrlflrrffrfffrlrlflffrlrfrrllffffflflrfrrlrfllrrfrflrflrllrllfrrlflrfrflrfllrlfflrrlrffffff"/>
	<trajectory sample="119" generation="119000" 
bestEnergy="-18.0" averageEnergy="-9.6184" worstEnergy="-2.0" bestConformation="Conformation 10.0 -10.0 Frrrlrfflrlflrrffrfffrlrlflffrlrfrrllffffflflrfrrlrfllrrfrflrflrllrllfrrlflrfrflrfllrlfflrrlrffffff"/>
	<trajectory sample="120" generation="120000" 
bestEnergy="-18.0" averageEnergy="-9.6184" worstEnergy="-2.0" bestConformation="Conformation 10.0 -10.0 Frrrlrfflrlflrrffrfffrlrlflffrlrfrrllffffflflrfrrlrfllrrfrflrflrllrllfrrlflrfrflrfllrlfflrrlrffffff"/>
	<trajectory sample="121" generation="121000" 
bestEnergy="-18.0" averageEnergy="-9.6184" worstEnergy="-2.0" bestConformation="Conformation 10.0 -10.0 Frrrlrfflrlflrrffrfffrlrlflffrlrfrrllffffflflrfrrlrfllrrfrflrflrllrllfrrlflrfrflrfllrlfflrrlrffffff"/>
	<trajectory sample="122" generation="122000" 
bestEnergy="-18.0" averageEnergy="-9.6188" worstEnergy="-2.0" bestConformation="Conformation 10.0 -10.0 Frrrlrfflrlflrrffrfffrlrlflffrlrfrrllffffflflrfrrlrfllrrfrflrflrllrllfrrlflrfrflrfllrlfflrrlrffffff"/>
	<trajectory sample="123" generation="123000" 
bestEnergy="-18.0" averageEnergy="-9.6188" worstEnergy="-2.0" bestConformation="Conformation 10.0 -10.0 Frrrlrfflrlflrrffrfffrlrlflffrlrfrrllffffflflrfrrlrfllrrfrflrflrllrllfrrlflrfrflrfllrlfflrrlrffffff"/>
	<trajectory sample="124" generation="124000" 
bestEnergy="-18.0" averageEnergy="-9.6188" worstEnergy="-2.0" bestConformation="Conformation 10.0 -10.0 Frrrlrfflrlflrrffrfffrlrlflffrlrfrrllffffflflrfrrlrfllrrfrflrflrllrllfrrlflrfrflrfllrlfflrrlrffffff"/>
	<trajectory sample="125" generation="125000" 
bestEnergy="-18.0" averageEnergy="-9.6188" worstEnergy="-2.0" bestConformation="Conformation 10.0 -10.0 Frrrlrfflrlflrrffrfffrlrlflffrlrfrrllffffflflrfrrlrfllrrfrflrflrllrllfrrlflrfrflrfllrlfflrrlrffffff"/>
	<trajectory sample="126" generation="126000" 
bestEnergy="-18.0" averageEnergy="-9.619" worstEnergy="-2.0" bestConformation="Conformation 10.0 -10.0 Frrrlrfflrlflrrffrfffrlrlflffrlrfrrllffffflflrfrrlrfllrrfrflrflrllrllfrrlflrfrflrfllrlfflrrlrffffff"/>
	<trajectory sample="127" generation="127000" 
bestEnergy="-18.0" averageEnergy="-9.619" worstEnergy="-2.0" bestConformation="Conformation 10.0 -10.0 Frrrlrfflrlflrrffrfffrlrlflffrlrfrrllffffflflrfrrlrfllrrfrflrflrllrllfrrlflrfrflrfllrlfflrrlrffffff"/>
	<trajectory sample="128" generation="128000" 
bestEnergy="-18.0" averageEnergy="-9.619" worstEnergy="-2.0" bestConformation="Conformation 10.0 -10.0 Frrrlrfflrlflrrffrfffrlrlflffrlrfrrllffffflflrfrrlrfllrrfrflrflrllrllfrrlflrfrflrfllrlfflrrlrffffff"/>
	<trajectory sample="129" generation="129000" 
bestEnergy="-18.0" averageEnergy="-9.619" worstEnergy="-2.0" bestConformation="Conformation 10.0 -10.0 Frrrlrfflrlflrrffrfffrlrlflffrlrfrrllffffflflrfrrlrfllrrfrflrflrllrllfrrlflrfrflrfllrlfflrrlrffffff"/>
	<trajectory sample="130" generation="130000" 
bestEnergy="-18.0" averageEnergy="-9.619" worstEnergy="-2.0" bestConformation="Conformation 10.0 -10.0 Frrrlrfflrlflrrffrfffrlrlflffrlrfrrllffffflflrfrrlrfllrrfrflrflrllrllfrrlflrfrflrfllrlfflrrlrffffff"/>
	<trajectory sample="131" generation="131000" 
bestEnergy="-18.0" averageEnergy="-9.619" worstEnergy="-2.0" bestConformation="Conformation 10.0 -10.0 Frrrlrfflrlflrrffrfffrlrlflffrlrfrrllffffflflrfrrlrfllrrfrflrflrllrllfrrlflrfrflrfllrlfflrrlrffffff"/>
	<trajectory sample="132" generation="132000" 
bestEnergy="-18.0" averageEnergy="-9.619" worstEnergy="-2.0" bestConformation="Conformation 10.0 -10.0 Frrrlrfflrlflrrffrfffrlrlflffrlrfrrllffffflflrfrrlrfllrrfrflrflrllrllfrrlflrfrflrfllrlfflrrlrffffff"/>
	<trajectory sample="133" generation="133000" 
bestEnergy="-18.0" averageEnergy="-9.619" worstEnergy="-2.0" bestConformation="Conformation 10.0 -10.0 Frrrlrfflrlflrrffrfffrlrlflffrlrfrrllffffflflrfrrlrfllrrfrflrflrllrllfrrlflrfrflrfllrlfflrrlrffffff"/>
	<trajectory sample="134" generation="134000" 
bestEnergy="-18.0" averageEnergy="-9.619" worstEnergy="-2.0" bestConformation="Conformation 10.0 -10.0 Frrrlrfflrlflrrffrfffrlrlflffrlrfrrllffffflflrfrrlrfllrrfrflrflrllrllfrrlflrfrflrfllrlfflrrlrffffff"/>
	<trajectory sample="135" generation="135000" 
bestEnergy="-18.0" averageEnergy="-9.619" worstEnergy="-2.0" bestConformation="Conformation 10.0 -10.0 Frrrlrfflrlflrrffrfffrlrlflffrlrfrrllffffflflrfrrlrfllrrfrflrflrllrllfrrlflrfrflrfllrlfflrrlrffffff"/>
	<trajectory sample="136" generation="136000" 
bestEnergy="-18.0" averageEnergy="-9.619" worstEnergy="-2.0" bestConformation="Conformation 10.0 -10.0 Frrrlrfflrlflrrffrfffrlrlflffrlrfrrllffffflflrfrrlrfllrrfrflrflrllrllfrrlflrfrflrfllrlfflrrlrffffff"/>
	<trajectory sample="137" generation="137000" 
bestEnergy="-18.0" averageEnergy="-9.619" worstEnergy="-2.0" bestConformation="Conformation 10.0 -10.0 Frrrlrfflrlflrrffrfffrlrlflffrlrfrrllffffflflrfrrlrfllrrfrflrflrllrllfrrlflrfrflrfllrlfflrrlrffffff"/>
	<trajectory sample="138" generation="138000" 
bestEnergy="-18.0" averageEnergy="-9.619" worstEnergy="-2.0" bestConformation="Conformation 10.0 -10.0 Frrrlrfflrlflrrffrfffrlrlflffrlrfrrllffffflflrfrrlrfllrrfrflrflrllrllfrrlflrfrflrfllrlfflrrlrffffff"/>
	<trajectory sample="139" generation="139000" 
bestEnergy="-18.0" averageEnergy="-9.619" worstEnergy="-2.0" bestConformation="Conformation 10.0 -10.0 Frrrlrfflrlflrrffrfffrlrlflffrlrfrrllffffflflrfrrlrfllrrfrflrflrllrllfrrlflrfrflrfllrlfflrrlrffffff"/>
	<trajectory sample="140" generation="140000" 
bestEnergy="-18.0" averageEnergy="-9.619" worstEnergy="-2.0" bestConformation="Conformation 10.0 -10.0 Frrrlrfflrlflrrffrfffrlrlflffrlrfrrllffffflflrfrrlrfllrrfrflrflrllrllfrrlflrfrflrfllrlfflrrlrffffff"/>
	<trajectory sample="141" generation="141000" 
bestEnergy="-18.0" averageEnergy="-9.619" worstEnergy="-2.0" bestConformation="Conformation 10.0 -10.0 Frrrlrfflrlflrrffrfffrlrlflffrlrfrrllffffflflrfrrlrfllrrfrflrflrllrllfrrlflrfrflrfllrlfflrrlrffffff"/>
	<trajectory sample="142" generation="142000" 
bestEnergy="-18.0" averageEnergy="-9.619" worstEnergy="-2.0" bestConformation="Conformation 10.0 -10.0 Frrrlrfflrlflrrffrfffrlrlflffrlrfrrllffffflflrfrrlrfllrrfrflrflrllrllfrrlflrfrflrfllrlfflrrlrffffff"/>
	<trajectory sample="143" generation="143000" 
bestEnergy="-18.0" averageEnergy="-9.619" worstEnergy="-2.0" bestConformation="Conformation 10.0 -10.0 Frrrlrfflrlflrrffrfffrlrlflffrlrfrrllffffflflrfrrlrfllrrfrflrflrllrllfrrlflrfrflrfllrlfflrrlrffffff"/>
	<trajectory sample="144" generation="144000" 
bestEnergy="-18.0" averageEnergy="-9.619" worstEnergy="-2.0" bestConformation="Conformation 10.0 -10.0 Frrrlrfflrlflrrffrfffrlrlflffrlrfrrllffffflflrfrrlrfllrrfrflrflrllrllfrrlflrfrflrfllrlfflrrlrffffff"/>
	<trajectory sample="145" generation="145000" 
bestEnergy="-18.0" averageEnergy="-9.619" worstEnergy="-2.0" bestConformation="Conformation 10.0 -10.0 Frrrlrfflrlflrrffrfffrlrlflffrlrfrrllffffflflrfrrlrfllrrfrflrflrllrllfrrlflrfrflrfllrlfflrrlrffffff"/>
	<trajectory sample="146" generation="146000" 
bestEnergy="-18.0" averageEnergy="-9.619" worstEnergy="-2.0" bestConformation="Conformation 10.0 -10.0 Frrrlrfflrlflrrffrfffrlrlflffrlrfrrllffffflflrfrrlrfllrrfrflrflrllrllfrrlflrfrflrfllrlfflrrlrffffff"/>
	<trajectory sample="147" generation="147000" 
bestEnergy="-18.0" averageEnergy="-9.619" worstEnergy="-2.0" bestConformation="Conformation 10.0 -10.0 Frrrlrfflrlflrrffrfffrlrlflffrlrfrrllffffflflrfrrlrfllrrfrflrflrllrllfrrlflrfrflrfllrlfflrrlrffffff"/>
	<trajectory sample="148" generation="148000" 
bestEnergy="-18.0" averageEnergy="-9.619" worstEnergy="-2.0" bestConformation="Conformation 10.0 -10.0 Frrrlrfflrlflrrffrfffrlrlflffrlrfrrllffffflflrfrrlrfllrrfrflrflrllrllfrrlflrfrflrfllrlfflrrlrffffff"/>
	<trajectory sample="149" generation="149000" 
bestEnergy="-18.0" averageEnergy="-9.619" worstEnergy="-2.0" bestConformation="Conformation 10.0 -10.0 Frrrlrfflrlflrrffrfffrlrlflffrlrfrrllffffflflrfrrlrfllrrfrflrflrllrllfrrlflrfrflrfllrlfflrrlrffffff"/>
	<trajectory sample="150" generation="150000" 
bestEnergy="-18.0" averageEnergy="-9.619" worstEnergy="-2.0" bestConformation="Conformation 10.0 -10.0 Frrrlrfflrlflrrffrfffrlrlflffrlrfrrllffffflflrfrrlrfllrrfrflrflrllrllfrrlflrfrflrfllrlfflrrlrffffff"/>
	<trajectory sample="151" generation="151000" 
bestEnergy="-18.0" averageEnergy="-9.6195" worstEnergy="-2.0" bestConformation="Conformation 10.0 -10.0 Frrrlrfflrlflrrffrfffrlrlflffrlrfrrllffffflflrfrrlrfllrrfrflrflrllrllfrrlflrfrflrfllrlfflrrlrffffff"/>
	<trajectory sample="152" generation="152000" 
bestEnergy="-18.0" averageEnergy="-9.6195" worstEnergy="-2.0" bestConformation="Conformation 10.0 -10.0 Frrrlrfflrlflrrffrfffrlrlflffrlrfrrllffffflflrfrrlrfllrrfrflrflrllrllfrrlflrfrflrfllrlfflrrlrffffff"/>
	<trajectory sample="153" generation="153000" 
bestEnergy="-18.0" averageEnergy="-9.6195" worstEnergy="-2.0" bestConformation="Conformation 10.0 -10.0 Frrrlrfflrlflrrffrfffrlrlflffrlrfrrllffffflflrfrrlrfllrrfrflrflrllrllfrrlflrfrflrfllrlfflrrlrffffff"/>
	<trajectory sample="154" generation="154000" 
bestEnergy="-18.0" averageEnergy="-9.6195" worstEnergy="-2.0" bestConformation="Conformation 10.0 -10.0 Frrrlrfflrlflrrffrfffrlrlflffrlrfrrllffffflflrfrrlrfllrrfrflrflrllrllfrrlflrfrflrfllrlfflrrlrffffff"/>
	<trajectory sample="155" generation="155000" 
bestEnergy="-18.0" averageEnergy="-9.6195" worstEnergy="-2.0" bestConformation="Conformation 10.0 -10.0 Frrrlrfflrlflrrffrfffrlrlflffrlrfrrllffffflflrfrrlrfllrrfrflrflrllrllfrrlflrfrflrfllrlfflrrlrffffff"/>
	<trajectory sample="156" generation="156000" 
bestEnergy="-18.0" averageEnergy="-9.6195" worstEnergy="-2.0" bestConformation="Conformation 10.0 -10.0 Frrrlrfflrlflrrffrfffrlrlflffrlrfrrllffffflflrfrrlrfllrrfrflrflrllrllfrrlflrfrflrfllrlfflrrlrffffff"/>
	<trajectory sample="157" generation="157000" 
bestEnergy="-18.0" averageEnergy="-9.6195" worstEnergy="-2.0" bestConformation="Conformation 10.0 -10.0 Frrrlrfflrlflrrffrfffrlrlflffrlrfrrllffffflflrfrrlrfllrrfrflrflrllrllfrrlflrfrflrfllrlfflrrlrffffff"/>
	<trajectory sample="158" generation="158000" 
bestEnergy="-18.0" averageEnergy="-9.6195" worstEnergy="-2.0" bestConformation="Conformation 10.0 -10.0 Frrrlrfflrlflrrffrfffrlrlflffrlrfrrllffffflflrfrrlrfllrrfrflrflrllrllfrrlflrfrflrfllrlfflrrlrffffff"/>
	<trajectory sample="159" generation="159000" 
bestEnergy="-18.0" averageEnergy="-9.6195" worstEnergy="-2.0" bestConformation="Conformation 10.0 -10.0 Frrrlrfflrlflrrffrfffrlrlflffrlrfrrllffffflflrfrrlrfllrrfrflrflrllrllfrrlflrfrflrfllrlfflrrlrffffff"/>
	<trajectory sample="160" generation="160000" 
bestEnergy="-18.0" averageEnergy="-9.6195" worstEnergy="-2.0" bestConformation="Conformation 10.0 -10.0 Frrrlrfflrlflrrffrfffrlrlflffrlrfrrllffffflflrfrrlrfllrrfrflrflrllrllfrrlflrfrflrfllrlfflrrlrffffff"/>
	<trajectory sample="161" generation="161000" 
bestEnergy="-18.0" averageEnergy="-9.6195" worstEnergy="-2.0" bestConformation="Conformation 10.0 -10.0 Frrrlrfflrlflrrffrfffrlrlflffrlrfrrllffffflflrfrrlrfllrrfrflrflrllrllfrrlflrfrflrfllrlfflrrlrffffff"/>
	<trajectory sample="162" generation="162000" 
bestEnergy="-18.0" averageEnergy="-9.6195" worstEnergy="-2.0" bestConformation="Conformation 10.0 -10.0 Frrrlrfflrlflrrffrfffrlrlflffrlrfrrllffffflflrfrrlrfllrrfrflrflrllrllfrrlflrfrflrfllrlfflrrlrffffff"/>
	<trajectory sample="163" generation="163000" 
bestEnergy="-18.0" averageEnergy="-9.6195" worstEnergy="-2.0" bestConformation="Conformation 10.0 -10.0 Frrrlrfflrlflrrffrfffrlrlflffrlrfrrllffffflflrfrrlrfllrrfrflrflrllrllfrrlflrfrflrfllrlfflrrlrffffff"/>
	<trajectory sample="164" generation="164000" 
bestEnergy="-18.0" averageEnergy="-9.6195" worstEnergy="-2.0" bestConformation="Conformation 10.0 -10.0 Frrrlrfflrlflrrffrfffrlrlflffrlrfrrllffffflflrfrrlrfllrrfrflrflrllrllfrrlflrfrflrfllrlfflrrlrffffff"/>
	<trajectory sample="165" generation="165000" 
bestEnergy="-18.0" averageEnergy="-9.6195" worstEnergy="-2.0" bestConformation="Conformation 10.0 -10.0 Frrrlrfflrlflrrffrfffrlrlflffrlrfrrllffffflflrfrrlrfllrrfrflrflrllrllfrrlflrfrflrfllrlfflrrlrffffff"/>
	<trajectory sample="166" generation="166000" 
bestEnergy="-18.0" averageEnergy="-9.6195" worstEnergy="-2.0" bestConformation="Conformation 10.0 -10.0 Frrrlrfflrlflrrffrfffrlrlflffrlrfrrllffffflflrfrrlrfllrrfrflrflrllrllfrrlflrfrflrfllrlfflrrlrffffff"/>
	<trajectory sample="167" generation="167000" 
bestEnergy="-18.0" averageEnergy="-9.6195" worstEnergy="-2.0" bestConformation="Conformation 10.0 -10.0 Frrrlrfflrlflrrffrfffrlrlflffrlrfrrllffffflflrfrrlrfllrrfrflrflrllrllfrrlflrfrflrfllrlfflrrlrffffff"/>
	<trajectory sample="168" generation="168000" 
bestEnergy="-18.0" averageEnergy="-9.6195" worstEnergy="-2.0" bestConformation="Conformation 10.0 -10.0 Frrrlrfflrlflrrffrfffrlrlflffrlrfrrllffffflflrfrrlrfllrrfrflrflrllrllfrrlflrfrflrfllrlfflrrlrffffff"/>
	<trajectory sample="169" generation="169000" 
bestEnergy="-18.0" averageEnergy="-9.6195" worstEnergy="-2.0" bestConformation="Conformation 10.0 -10.0 Frrrlrfflrlflrrffrfffrlrlflffrlrfrrllffffflflrfrrlrfllrrfrflrflrllrllfrrlflrfrflrfllrlfflrrlrffffff"/>
	<trajectory sample="170" generation="170000" 
bestEnergy="-18.0" averageEnergy="-9.6195" worstEnergy="-2.0" bestConformation="Conformation 10.0 -10.0 Frrrlrfflrlflrrffrfffrlrlflffrlrfrrllffffflflrfrrlrfllrrfrflrflrllrllfrrlflrfrflrfllrlfflrrlrffffff"/>
	<trajectory sample="171" generation="171000" 
bestEnergy="-18.0" averageEnergy="-9.6195" worstEnergy="-2.0" bestConformation="Conformation 10.0 -10.0 Frrrlrfflrlflrrffrfffrlrlflffrlrfrrllffffflflrfrrlrfllrrfrflrflrllrllfrrlflrfrflrfllrlfflrrlrffffff"/>
	<trajectory sample="172" generation="172000" 
bestEnergy="-18.0" averageEnergy="-9.6195" worstEnergy="-2.0" bestConformation="Conformation 10.0 -10.0 Frrrlrfflrlflrrffrfffrlrlflffrlrfrrllffffflflrfrrlrfllrrfrflrflrllrllfrrlflrfrflrfllrlfflrrlrffffff"/>
	<trajectory sample="173" generation="173000" 
bestEnergy="-18.0" averageEnergy="-9.6195" worstEnergy="-2.0" bestConformation="Conformation 10.0 -10.0 Frrrlrfflrlflrrffrfffrlrlflffrlrfrrllffffflflrfrrlrfllrrfrflrflrllrllfrrlflrfrflrfllrlfflrrlrffffff"/>
	<trajectory sample="174" generation="174000" 
bestEnergy="-18.0" averageEnergy="-9.6195" worstEnergy="-2.0" bestConformation="Conformation 10.0 -10.0 Frrrlrfflrlflrrffrfffrlrlflffrlrfrrllffffflflrfrrlrfllrrfrflrflrllrllfrrlflrfrflrfllrlfflrrlrffffff"/>
	<trajectory sample="175" generation="175000" 
bestEnergy="-18.0" averageEnergy="-9.6195" worstEnergy="-2.0" bestConformation="Conformation 10.0 -10.0 Frrrlrfflrlflrrffrfffrlrlflffrlrfrrllffffflflrfrrlrfllrrfrflrflrllrllfrrlflrfrflrfllrlfflrrlrffffff"/>
	<trajectory sample="176" generation="176000" 
bestEnergy="-18.0" averageEnergy="-9.6195" worstEnergy="-2.0" bestConformation="Conformation 10.0 -10.0 Frrrlrfflrlflrrffrfffrlrlflffrlrfrrllffffflflrfrrlrfllrrfrflrflrllrllfrrlflrfrflrfllrlfflrrlrffffff"/>
	<trajectory sample="177" generation="177000" 
bestEnergy="-18.0" averageEnergy="-9.6195" worstEnergy="-2.0" bestConformation="Conformation 10.0 -10.0 Frrrlrfflrlflrrffrfffrlrlflffrlrfrrllffffflflrfrrlrfllrrfrflrflrllrllfrrlflrfrflrfllrlfflrrlrffffff"/>
	<trajectory sample="178" generation="178000" 
bestEnergy="-18.0" averageEnergy="-9.6195" worstEnergy="-2.0" bestConformation="Conformation 10.0 -10.0 Frrrlrfflrlflrrffrfffrlrlflffrlrfrrllffffflflrfrrlrfllrrfrflrflrllrllfrrlflrfrflrfllrlfflrrlrffffff"/>
	<trajectory sample="179" generation="179000" 
bestEnergy="-18.0" averageEnergy="-9.6195" worstEnergy="-2.0" bestConformation="Conformation 10.0 -10.0 Frrrlrfflrlflrrffrfffrlrlflffrlrfrrllffffflflrfrrlrfllrrfrflrflrllrllfrrlflrfrflrfllrlfflrrlrffffff"/>
	<trajectory sample="180" generation="180000" 
bestEnergy="-18.0" averageEnergy="-9.6195" worstEnergy="-2.0" bestConformation="Conformation 10.0 -10.0 Frrrlrfflrlflrrffrfffrlrlflffrlrfrrllffffflflrfrrlrfllrrfrflrflrllrllfrrlflrfrflrfllrlfflrrlrffffff"/>
	<trajectory sample="181" generation="181000" 
bestEnergy="-18.0" averageEnergy="-9.6195" worstEnergy="-2.0" bestConformation="Conformation 10.0 -10.0 Frrrlrfflrlflrrffrfffrlrlflffrlrfrrllffffflflrfrrlrfllrrfrflrflrllrllfrrlflrfrflrfllrlfflrrlrffffff"/>
	<trajectory sample="182" generation="182000" 
bestEnergy="-18.0" averageEnergy="-9.6195" worstEnergy="-2.0" bestConformation="Conformation 10.0 -10.0 Frrrlrfflrlflrrffrfffrlrlflffrlrfrrllffffflflrfrrlrfllrrfrflrflrllrllfrrlflrfrflrfllrlfflrrlrffffff"/>
	<trajectory sample="183" generation="183000" 
bestEnergy="-18.0" averageEnergy="-9.6195" worstEnergy="-2.0" bestConformation="Conformation 10.0 -10.0 Frrrlrfflrlflrrffrfffrlrlflffrlrfrrllffffflflrfrrlrfllrrfrflrflrllrllfrrlflrfrflrfllrlfflrrlrffffff"/>
	<trajectory sample="184" generation="184000" 
bestEnergy="-18.0" averageEnergy="-9.6195" worstEnergy="-2.0" bestConformation="Conformation 10.0 -10.0 Frrrlrfflrlflrrffrfffrlrlflffrlrfrrllffffflflrfrrlrfllrrfrflrflrllrllfrrlflrfrflrfllrlfflrrlrffffff"/>
	<trajectory sample="185" generation="185000" 
bestEnergy="-18.0" averageEnergy="-9.6195" worstEnergy="-2.0" bestConformation="Conformation 10.0 -10.0 Frrrlrfflrlflrrffrfffrlrlflffrlrfrrllffffflflrfrrlrfllrrfrflrflrllrllfrrlflrfrflrfllrlfflrrlrffffff"/>
	<trajectory sample="186" generation="186000" 
bestEnergy="-18.0" averageEnergy="-9.6195" worstEnergy="-2.0" bestConformation="Conformation 10.0 -10.0 Frrrlrfflrlflrrffrfffrlrlflffrlrfrrllffffflflrfrrlrfllrrfrflrflrllrllfrrlflrfrflrfllrlfflrrlrffffff"/>
	<trajectory sample="187" generation="187000" 
bestEnergy="-18.0" averageEnergy="-9.6195" worstEnergy="-2.0" bestConformation="Conformation 10.0 -10.0 Frrrlrfflrlflrrffrfffrlrlflffrlrfrrllffffflflrfrrlrfllrrfrflrflrllrllfrrlflrfrflrfllrlfflrrlrffffff"/>
	<trajectory sample="188" generation="188000" 
bestEnergy="-18.0" averageEnergy="-9.6195" worstEnergy="-2.0" bestConformation="Conformation 10.0 -10.0 Frrrlrfflrlflrrffrfffrlrlflffrlrfrrllffffflflrfrrlrfllrrfrflrflrllrllfrrlflrfrflrfllrlfflrrlrffffff"/>
	<trajectory sample="189" generation="189000" 
bestEnergy="-18.0" averageEnergy="-9.6195" worstEnergy="-2.0" bestConformation="Conformation 10.0 -10.0 Frrrlrfflrlflrrffrfffrlrlflffrlrfrrllffffflflrfrrlrfllrrfrflrflrllrllfrrlflrfrflrfllrlfflrrlrffffff"/>
	<trajectory sample="190" generation="190000" 
bestEnergy="-18.0" averageEnergy="-9.6195" worstEnergy="-2.0" bestConformation="Conformation 10.0 -10.0 Frrrlrfflrlflrrffrfffrlrlflffrlrfrrllffffflflrfrrlrfllrrfrflrflrllrllfrrlflrfrflrfllrlfflrrlrffffff"/>
	<trajectory sample="191" generation="191000" 
bestEnergy="-18.0" averageEnergy="-9.6195" worstEnergy="-2.0" bestConformation="Conformation 10.0 -10.0 Frrrlrfflrlflrrffrfffrlrlflffrlrfrrllffffflflrfrrlrfllrrfrflrflrllrllfrrlflrfrflrfllrlfflrrlrffffff"/>
	<trajectory sample="192" generation="192000" 
bestEnergy="-18.0" averageEnergy="-9.6195" worstEnergy="-2.0" bestConformation="Conformation 10.0 -10.0 Frrrlrfflrlflrrffrfffrlrlflffrlrfrrllffffflflrfrrlrfllrrfrflrflrllrllfrrlflrfrflrfllrlfflrrlrffffff"/>
	<trajectory sample="193" generation="193000" 
bestEnergy="-18.0" averageEnergy="-9.6195" worstEnergy="-2.0" bestConformation="Conformation 10.0 -10.0 Frrrlrfflrlflrrffrfffrlrlflffrlrfrrllffffflflrfrrlrfllrrfrflrflrllrllfrrlflrfrflrfllrlfflrrlrffffff"/>
	<trajectory sample="194" generation="194000" 
bestEnergy="-18.0" averageEnergy="-9.6195" worstEnergy="-2.0" bestConformation="Conformation 10.0 -10.0 Frrrlrfflrlflrrffrfffrlrlflffrlrfrrllffffflflrfrrlrfllrrfrflrflrllrllfrrlflrfrflrfllrlfflrrlrffffff"/>
	<trajectory sample="195" generation="195000" 
bestEnergy="-18.0" averageEnergy="-9.6195" worstEnergy="-2.0" bestConformation="Conformation 10.0 -10.0 Frrrlrfflrlflrrffrfffrlrlflffrlrfrrllffffflflrfrrlrfllrrfrflrflrllrllfrrlflrfrflrfllrlfflrrlrffffff"/>
	<trajectory sample="196" generation="196000" 
bestEnergy="-18.0" averageEnergy="-9.6195" worstEnergy="-2.0" bestConformation="Conformation 10.0 -10.0 Frrrlrfflrlflrrffrfffrlrlflffrlrfrrllffffflflrfrrlrfllrrfrflrflrllrllfrrlflrfrflrfllrlfflrrlrffffff"/>
	<trajectory sample="197" generation="197000" 
bestEnergy="-18.0" averageEnergy="-9.6195" worstEnergy="-2.0" bestConformation="Conformation 10.0 -10.0 Frrrlrfflrlflrrffrfffrlrlflffrlrfrrllffffflflrfrrlrfllrrfrflrflrllrllfrrlflrfrflrfllrlfflrrlrffffff"/>
	<trajectory sample="198" generation="198000" 
bestEnergy="-18.0" averageEnergy="-9.6195" worstEnergy="-2.0" bestConformation="Conformation 10.0 -10.0 Frrrlrfflrlflrrffrfffrlrlflffrlrfrrllffffflflrfrrlrfllrrfrflrflrllrllfrrlflrfrflrfllrlfflrrlrffffff"/>
	<trajectory sample="199" generation="199000" 
bestEnergy="-18.0" averageEnergy="-9.6195" worstEnergy="-2.0" bestConformation="Conformation 10.0 -10.0 Frrrlrfflrlflrrffrfffrlrlflffrlrfrrllffffflflrfrrlrfllrrfrflrflrllrllfrrlflrfrflrfllrlfflrrlrffffff"/>
	<trajectory sample="200" generation="200000" 
bestEnergy="-18.0" averageEnergy="-9.6195" worstEnergy="-2.0" bestConformation="Conformation 10.0 -10.0 Frrrlrfflrlflrrffrfffrlrlflffrlrfrrllffffflflrfrrlrfllrrfrflrflrllrllfrrlflrfrflrfllrlfflrrlrffffff"/>
	<trajectory sample="201" generation="201000" 
bestEnergy="-18.0" averageEnergy="-9.6197" worstEnergy="-2.0" bestConformation="Conformation 10.0 -10.0 Frrrlrfflrlflrrffrfffrlrlflffrlrfrrllffffflflrfrrlrfllrrfrflrflrllrllfrrlflrfrflrfllrlfflrrlrffffff"/>
	<trajectory sample="202" generation="202000" 
bestEnergy="-18.0" averageEnergy="-9.6197" worstEnergy="-2.0" bestConformation="Conformation 10.0 -10.0 Frrrlrfflrlflrrffrfffrlrlflffrlrfrrllffffflflrfrrlrfllrrfrflrflrllrllfrrlflrfrflrfllrlfflrrlrffffff"/>
	<trajectory sample="203" generation="203000" 
bestEnergy="-18.0" averageEnergy="-9.6197" worstEnergy="-2.0" bestConformation="Conformation 10.0 -10.0 Frrrlrfflrlflrrffrfffrlrlflffrlrfrrllffffflflrfrrlrfllrrfrflrflrllrllfrrlflrfrflrfllrlfflrrlrffffff"/>
	<trajectory sample="204" generation="204000" 
bestEnergy="-18.0" averageEnergy="-9.6197" worstEnergy="-2.0" bestConformation="Conformation 10.0 -10.0 Frrrlrfflrlflrrffrfffrlrlflffrlrfrrllffffflflrfrrlrfllrrfrflrflrllrllfrrlflrfrflrfllrlfflrrlrffffff"/>
	<trajectory sample="205" generation="205000" 
bestEnergy="-18.0" averageEnergy="-9.6197" worstEnergy="-2.0" bestConformation="Conformation 10.0 -10.0 Frrrlrfflrlflrrffrfffrlrlflffrlrfrrllffffflflrfrrlrfllrrfrflrflrllrllfrrlflrfrflrfllrlfflrrlrffffff"/>
	<trajectory sample="206" generation="206000" 
bestEnergy="-18.0" averageEnergy="-9.6197" worstEnergy="-2.0" bestConformation="Conformation 10.0 -10.0 Frrrlrfflrlflrrffrfffrlrlflffrlrfrrllffffflflrfrrlrfllrrfrflrflrllrllfrrlflrfrflrfllrlfflrrlrffffff"/>
	<trajectory sample="207" generation="207000" 
bestEnergy="-18.0" averageEnergy="-9.6197" worstEnergy="-2.0" bestConformation="Conformation 10.0 -10.0 Frrrlrfflrlflrrffrfffrlrlflffrlrfrrllffffflflrfrrlrfllrrfrflrflrllrllfrrlflrfrflrfllrlfflrrlrffffff"/>
	<trajectory sample="208" generation="208000" 
bestEnergy="-18.0" averageEnergy="-9.6197" worstEnergy="-2.0" bestConformation="Conformation 10.0 -10.0 Frrrlrfflrlflrrffrfffrlrlflffrlrfrrllffffflflrfrrlrfllrrfrflrflrllrllfrrlflrfrflrfllrlfflrrlrffffff"/>
	<trajectory sample="209" generation="209000" 
bestEnergy="-18.0" averageEnergy="-9.6197" worstEnergy="-2.0" bestConformation="Conformation 10.0 -10.0 Frrrlrfflrlflrrffrfffrlrlflffrlrfrrllffffflflrfrrlrfllrrfrflrflrllrllfrrlflrfrflrfllrlfflrrlrffffff"/>
	<trajectory sample="210" generation="210000" 
bestEnergy="-18.0" averageEnergy="-9.6197" worstEnergy="-2.0" bestConformation="Conformation 10.0 -10.0 Frrrlrfflrlflrrffrfffrlrlflffrlrfrrllffffflflrfrrlrfllrrfrflrflrllrllfrrlflrfrflrfllrlfflrrlrffffff"/>
	<trajectory sample="211" generation="211000" 
bestEnergy="-18.0" averageEnergy="-9.6197" worstEnergy="-2.0" bestConformation="Conformation 10.0 -10.0 Frrrlrfflrlflrrffrfffrlrlflffrlrfrrllffffflflrfrrlrfllrrfrflrflrllrllfrrlflrfrflrfllrlfflrrlrffffff"/>
	<trajectory sample="212" generation="212000" 
bestEnergy="-18.0" averageEnergy="-9.6197" worstEnergy="-2.0" bestConformation="Conformation 10.0 -10.0 Frrrlrfflrlflrrffrfffrlrlflffrlrfrrllffffflflrfrrlrfllrrfrflrflrllrllfrrlflrfrflrfllrlfflrrlrffffff"/>
	<trajectory sample="213" generation="213000" 
bestEnergy="-18.0" averageEnergy="-9.6197" worstEnergy="-2.0" bestConformation="Conformation 10.0 -10.0 Frrrlrfflrlflrrffrfffrlrlflffrlrfrrllffffflflrfrrlrfllrrfrflrflrllrllfrrlflrfrflrfllrlfflrrlrffffff"/>
	<trajectory sample="214" generation="214000" 
bestEnergy="-18.0" averageEnergy="-9.6197" worstEnergy="-2.0" bestConformation="Conformation 10.0 -10.0 Frrrlrfflrlflrrffrfffrlrlflffrlrfrrllffffflflrfrrlrfllrrfrflrflrllrllfrrlflrfrflrfllrlfflrrlrffffff"/>
	<trajectory sample="215" generation="215000" 
bestEnergy="-18.0" averageEnergy="-9.6197" worstEnergy="-2.0" bestConformation="Conformation 10.0 -10.0 Frrrlrfflrlflrrffrfffrlrlflffrlrfrrllffffflflrfrrlrfllrrfrflrflrllrllfrrlflrfrflrfllrlfflrrlrffffff"/>
	<trajectory sample="216" generation="216000" 
bestEnergy="-18.0" averageEnergy="-9.6197" worstEnergy="-2.0" bestConformation="Conformation 10.0 -10.0 Frrrlrfflrlflrrffrfffrlrlflffrlrfrrllffffflflrfrrlrfllrrfrflrflrllrllfrrlflrfrflrfllrlfflrrlrffffff"/>
	<trajectory sample="217" generation="217000" 
bestEnergy="-18.0" averageEnergy="-9.6197" worstEnergy="-2.0" bestConformation="Conformation 10.0 -10.0 Frrrlrfflrlflrrffrfffrlrlflffrlrfrrllffffflflrfrrlrfllrrfrflrflrllrllfrrlflrfrflrfllrlfflrrlrffffff"/>
	<trajectory sample="218" generation="218000" 
bestEnergy="-18.0" averageEnergy="-9.6197" worstEnergy="-2.0" bestConformation="Conformation 10.0 -10.0 Frrrlrfflrlflrrffrfffrlrlflffrlrfrrllffffflflrfrrlrfllrrfrflrflrllrllfrrlflrfrflrfllrlfflrrlrffffff"/>
	<trajectory sample="219" generation="219000" 
bestEnergy="-18.0" averageEnergy="-9.6197" worstEnergy="-2.0" bestConformation="Conformation 10.0 -10.0 Frrrlrfflrlflrrffrfffrlrlflffrlrfrrllffffflflrfrrlrfllrrfrflrflrllrllfrrlflrfrflrfllrlfflrrlrffffff"/>
	<trajectory sample="220" generation="220000" 
bestEnergy="-18.0" averageEnergy="-9.6197" worstEnergy="-2.0" bestConformation="Conformation 10.0 -10.0 Frrrlrfflrlflrrffrfffrlrlflffrlrfrrllffffflflrfrrlrfllrrfrflrflrllrllfrrlflrfrflrfllrlfflrrlrffffff"/>
	<trajectory sample="221" generation="221000" 
bestEnergy="-18.0" averageEnergy="-9.6197" worstEnergy="-2.0" bestConformation="Conformation 10.0 -10.0 Frrrlrfflrlflrrffrfffrlrlflffrlrfrrllffffflflrfrrlrfllrrfrflrflrllrllfrrlflrfrflrfllrlfflrrlrffffff"/>
	<trajectory sample="222" generation="222000" 
bestEnergy="-18.0" averageEnergy="-9.6197" worstEnergy="-2.0" bestConformation="Conformation 10.0 -10.0 Frrrlrfflrlflrrffrfffrlrlflffrlrfrrllffffflflrfrrlrfllrrfrflrflrllrllfrrlflrfrflrfllrlfflrrlrffffff"/>
	<trajectory sample="223" generation="223000" 
bestEnergy="-18.0" averageEnergy="-9.6197" worstEnergy="-2.0" bestConformation="Conformation 10.0 -10.0 Frrrlrfflrlflrrffrfffrlrlflffrlrfrrllffffflflrfrrlrfllrrfrflrflrllrllfrrlflrfrflrfllrlfflrrlrffffff"/>
	<trajectory sample="224" generation="224000" 
bestEnergy="-18.0" averageEnergy="-9.6197" worstEnergy="-2.0" bestConformation="Conformation 10.0 -10.0 Frrrlrfflrlflrrffrfffrlrlflffrlrfrrllffffflflrfrrlrfllrrfrflrflrllrllfrrlflrfrflrfllrlfflrrlrffffff"/>
	<trajectory sample="225" generation="225000" 
bestEnergy="-18.0" averageEnergy="-9.6197" worstEnergy="-2.0" bestConformation="Conformation 10.0 -10.0 Frrrlrfflrlflrrffrfffrlrlflffrlrfrrllffffflflrfrrlrfllrrfrflrflrllrllfrrlflrfrflrfllrlfflrrlrffffff"/>
	<trajectory sample="226" generation="226000" 
bestEnergy="-18.0" averageEnergy="-9.6197" worstEnergy="-2.0" bestConformation="Conformation 10.0 -10.0 Frrrlrfflrlflrrffrfffrlrlflffrlrfrrllffffflflrfrrlrfllrrfrflrflrllrllfrrlflrfrflrfllrlfflrrlrffffff"/>
	<trajectory sample="227" generation="227000" 
bestEnergy="-18.0" averageEnergy="-9.6197" worstEnergy="-2.0" bestConformation="Conformation 10.0 -10.0 Frrrlrfflrlflrrffrfffrlrlflffrlrfrrllffffflflrfrrlrfllrrfrflrflrllrllfrrlflrfrflrfllrlfflrrlrffffff"/>
	<trajectory sample="228" generation="228000" 
bestEnergy="-18.0" averageEnergy="-9.6197" worstEnergy="-2.0" bestConformation="Conformation 10.0 -10.0 Frrrlrfflrlflrrffrfffrlrlflffrlrfrrllffffflflrfrrlrfllrrfrflrflrllrllfrrlflrfrflrfllrlfflrrlrffffff"/>
	<trajectory sample="229" generation="229000" 
bestEnergy="-18.0" averageEnergy="-9.6197" worstEnergy="-2.0" bestConformation="Conformation 10.0 -10.0 Frrrlrfflrlflrrffrfffrlrlflffrlrfrrllffffflflrfrrlrfllrrfrflrflrllrllfrrlflrfrflrfllrlfflrrlrffffff"/>
	<trajectory sample="230" generation="230000" 
bestEnergy="-18.0" averageEnergy="-9.6197" worstEnergy="-2.0" bestConformation="Conformation 10.0 -10.0 Frrrlrfflrlflrrffrfffrlrlflffrlrfrrllffffflflrfrrlrfllrrfrflrflrllrllfrrlflrfrflrfllrlfflrrlrffffff"/>
	<trajectory sample="231" generation="231000" 
bestEnergy="-18.0" averageEnergy="-9.6197" worstEnergy="-2.0" bestConformation="Conformation 10.0 -10.0 Frrrlrfflrlflrrffrfffrlrlflffrlrfrrllffffflflrfrrlrfllrrfrflrflrllrllfrrlflrfrflrfllrlfflrrlrffffff"/>
	<trajectory sample="232" generation="232000" 
bestEnergy="-18.0" averageEnergy="-9.6197" worstEnergy="-2.0" bestConformation="Conformation 10.0 -10.0 Frrrlrfflrlflrrffrfffrlrlflffrlrfrrllffffflflrfrrlrfllrrfrflrflrllrllfrrlflrfrflrfllrlfflrrlrffffff"/>
	<trajectory sample="233" generation="233000" 
bestEnergy="-18.0" averageEnergy="-9.6197" worstEnergy="-2.0" bestConformation="Conformation 10.0 -10.0 Frrrlrfflrlflrrffrfffrlrlflffrlrfrrllffffflflrfrrlrfllrrfrflrflrllrllfrrlflrfrflrfllrlfflrrlrffffff"/>
	<trajectory sample="234" generation="234000" 
bestEnergy="-18.0" averageEnergy="-9.6197" worstEnergy="-2.0" bestConformation="Conformation 10.0 -10.0 Frrrlrfflrlflrrffrfffrlrlflffrlrfrrllffffflflrfrrlrfllrrfrflrflrllrllfrrlflrfrflrfllrlfflrrlrffffff"/>
	<trajectory sample="235" generation="235000" 
bestEnergy="-18.0" averageEnergy="-9.6197" worstEnergy="-2.0" bestConformation="Conformation 10.0 -10.0 Frrrlrfflrlflrrffrfffrlrlflffrlrfrrllffffflflrfrrlrfllrrfrflrflrllrllfrrlflrfrflrfllrlfflrrlrffffff"/>
	<trajectory sample="236" generation="236000" 
bestEnergy="-18.0" averageEnergy="-9.6197" worstEnergy="-2.0" bestConformation="Conformation 10.0 -10.0 Frrrlrfflrlflrrffrfffrlrlflffrlrfrrllffffflflrfrrlrfllrrfrflrflrllrllfrrlflrfrflrfllrlfflrrlrffffff"/>
	<trajectory sample="237" generation="237000" 
bestEnergy="-18.0" averageEnergy="-9.6197" worstEnergy="-2.0" bestConformation="Conformation 10.0 -10.0 Frrrlrfflrlflrrffrfffrlrlflffrlrfrrllffffflflrfrrlrfllrrfrflrflrllrllfrrlflrfrflrfllrlfflrrlrffffff"/>
	<trajectory sample="238" generation="238000" 
bestEnergy="-18.0" averageEnergy="-9.6197" worstEnergy="-2.0" bestConformation="Conformation 10.0 -10.0 Frrrlrfflrlflrrffrfffrlrlflffrlrfrrllffffflflrfrrlrfllrrfrflrflrllrllfrrlflrfrflrfllrlfflrrlrffffff"/>
	<trajectory sample="239" generation="239000" 
bestEnergy="-18.0" averageEnergy="-9.6197" worstEnergy="-2.0" bestConformation="Conformation 10.0 -10.0 Frrrlrfflrlflrrffrfffrlrlflffrlrfrrllffffflflrfrrlrfllrrfrflrflrllrllfrrlflrfrflrfllrlfflrrlrffffff"/>
	<trajectory sample="240" generation="240000" 
bestEnergy="-18.0" averageEnergy="-9.6197" worstEnergy="-2.0" bestConformation="Conformation 10.0 -10.0 Frrrlrfflrlflrrffrfffrlrlflffrlrfrrllffffflflrfrrlrfllrrfrflrflrllrllfrrlflrfrflrfllrlfflrrlrffffff"/>
	<trajectory sample="241" generation="241000" 
bestEnergy="-18.0" averageEnergy="-9.6197" worstEnergy="-2.0" bestConformation="Conformation 10.0 -10.0 Frrrlrfflrlflrrffrfffrlrlflffrlrfrrllffffflflrfrrlrfllrrfrflrflrllrllfrrlflrfrflrfllrlfflrrlrffffff"/>
	<trajectory sample="242" generation="242000" 
bestEnergy="-18.0" averageEnergy="-9.6197" worstEnergy="-2.0" bestConformation="Conformation 10.0 -10.0 Frrrlrfflrlflrrffrfffrlrlflffrlrfrrllffffflflrfrrlrfllrrfrflrflrllrllfrrlflrfrflrfllrlfflrrlrffffff"/>
	<trajectory sample="243" generation="243000" 
bestEnergy="-18.0" averageEnergy="-9.6197" worstEnergy="-2.0" bestConformation="Conformation 10.0 -10.0 Frrrlrfflrlflrrffrfffrlrlflffrlrfrrllffffflflrfrrlrfllrrfrflrflrllrllfrrlflrfrflrfllrlfflrrlrffffff"/>
	<trajectory sample="244" generation="244000" 
bestEnergy="-18.0" averageEnergy="-9.6191" worstEnergy="-2.0" bestConformation="Conformation 10.0 -10.0 Frrrlrfflrlflrrffrfffrlrlflffrlrfrrllffffflflrfrrlrfllrrfrflrflrllrllfrrlflrfrflrfllrlfflrrlrffffff"/>
	<trajectory sample="245" generation="245000" 
bestEnergy="-18.0" averageEnergy="-9.6191" worstEnergy="-2.0" bestConformation="Conformation 10.0 -10.0 Frrrlrfflrlflrrffrfffrlrlflffrlrfrrllffffflflrfrrlrfllrrfrflrflrllrllfrrlflrfrflrfllrlfflrrlrffffff"/>
	<trajectory sample="246" generation="246000" 
bestEnergy="-18.0" averageEnergy="-9.6191" worstEnergy="-2.0" bestConformation="Conformation 10.0 -10.0 Frrrlrfflrlflrrffrfffrlrlflffrlrfrrllffffflflrfrrlrfllrrfrflrflrllrllfrrlflrfrflrfllrlfflrrlrffffff"/>
	<trajectory sample="247" generation="247000" 
bestEnergy="-18.0" averageEnergy="-9.6191" worstEnergy="-2.0" bestConformation="Conformation 10.0 -10.0 Frrrlrfflrlflrrffrfffrlrlflffrlrfrrllffffflflrfrrlrfllrrfrflrflrllrllfrrlflrfrflrfllrlfflrrlrffffff"/>
	<trajectory sample="248" generation="248000" 
bestEnergy="-18.0" averageEnergy="-9.6191" worstEnergy="-2.0" bestConformation="Conformation 10.0 -10.0 Frrrlrfflrlflrrffrfffrlrlflffrlrfrrllffffflflrfrrlrfllrrfrflrflrllrllfrrlflrfrflrfllrlfflrrlrffffff"/>
	<trajectory sample="249" generation="249000" 
bestEnergy="-18.0" averageEnergy="-9.6191" worstEnergy="-2.0" bestConformation="Conformation 10.0 -10.0 Frrrlrfflrlflrrffrfffrlrlflffrlrfrrllffffflflrfrrlrfllrrfrflrflrllrllfrrlflrfrflrfllrlfflrrlrffffff"/>
	<trajectory sample="250" generation="250000" 
bestEnergy="-18.0" averageEnergy="-9.6191" worstEnergy="-2.0" bestConformation="Conformation 10.0 -10.0 Frrrlrfflrlflrrffrfffrlrlflffrlrfrrllffffflflrfrrlrfllrrfrflrflrllrllfrrlflrfrflrfllrlfflrrlrffffff"/>
	<trajectory sample="251" generation="251000" 
bestEnergy="-18.0" averageEnergy="-9.6191" worstEnergy="-2.0" bestConformation="Conformation 10.0 -10.0 Frrrlrfflrlflrrffrfffrlrlflffrlrfrrllffffflflrfrrlrfllrrfrflrflrllrllfrrlflrfrflrfllrlfflrrlrffffff"/>
	<trajectory sample="252" generation="252000" 
bestEnergy="-18.0" averageEnergy="-9.6191" worstEnergy="-2.0" bestConformation="Conformation 10.0 -10.0 Frrrlrfflrlflrrffrfffrlrlflffrlrfrrllffffflflrfrrlrfllrrfrflrflrllrllfrrlflrfrflrfllrlfflrrlrffffff"/>
	<trajectory sample="253" generation="253000" 
bestEnergy="-18.0" averageEnergy="-9.6191" worstEnergy="-2.0" bestConformation="Conformation 10.0 -10.0 Frrrlrfflrlflrrffrfffrlrlflffrlrfrrllffffflflrfrrlrfllrrfrflrflrllrllfrrlflrfrflrfllrlfflrrlrffffff"/>
	<trajectory sample="254" generation="254000" 
bestEnergy="-18.0" averageEnergy="-9.6191" worstEnergy="-2.0" bestConformation="Conformation 10.0 -10.0 Frrrlrfflrlflrrffrfffrlrlflffrlrfrrllffffflflrfrrlrfllrrfrflrflrllrllfrrlflrfrflrfllrlfflrrlrffffff"/>
	<trajectory sample="255" generation="255000" 
bestEnergy="-18.0" averageEnergy="-9.6191" worstEnergy="-2.0" bestConformation="Conformation 10.0 -10.0 Frrrlrfflrlflrrffrfffrlrlflffrlrfrrllffffflflrfrrlrfllrrfrflrflrllrllfrrlflrfrflrfllrlfflrrlrffffff"/>
	<trajectory sample="256" generation="256000" 
bestEnergy="-18.0" averageEnergy="-9.6191" worstEnergy="-2.0" bestConformation="Conformation 10.0 -10.0 Frrrlrfflrlflrrffrfffrlrlflffrlrfrrllffffflflrfrrlrfllrrfrflrflrllrllfrrlflrfrflrfllrlfflrrlrffffff"/>
	<trajectory sample="257" generation="257000" 
bestEnergy="-18.0" averageEnergy="-9.6191" worstEnergy="-2.0" bestConformation="Conformation 10.0 -10.0 Frrrlrfflrlflrrffrfffrlrlflffrlrfrrllffffflflrfrrlrfllrrfrflrflrllrllfrrlflrfrflrfllrlfflrrlrffffff"/>
	<trajectory sample="258" generation="258000" 
bestEnergy="-18.0" averageEnergy="-9.6191" worstEnergy="-2.0" bestConformation="Conformation 10.0 -10.0 Frrrlrfflrlflrrffrfffrlrlflffrlrfrrllffffflflrfrrlrfllrrfrflrflrllrllfrrlflrfrflrfllrlfflrrlrffffff"/>
	<trajectory sample="259" generation="259000" 
bestEnergy="-18.0" averageEnergy="-9.6191" worstEnergy="-2.0" bestConformation="Conformation 10.0 -10.0 Frrrlrfflrlflrrffrfffrlrlflffrlrfrrllffffflflrfrrlrfllrrfrflrflrllrllfrrlflrfrflrfllrlfflrrlrffffff"/>
	<trajectory sample="260" generation="260000" 
bestEnergy="-18.0" averageEnergy="-9.6191" worstEnergy="-2.0" bestConformation="Conformation 10.0 -10.0 Frrrlrfflrlflrrffrfffrlrlflffrlrfrrllffffflflrfrrlrfllrrfrflrflrllrllfrrlflrfrflrfllrlfflrrlrffffff"/>
	<trajectory sample="261" generation="261000" 
bestEnergy="-18.0" averageEnergy="-9.6191" worstEnergy="-2.0" bestConformation="Conformation 10.0 -10.0 Frrrlrfflrlflrrffrfffrlrlflffrlrfrrllffffflflrfrrlrfllrrfrflrflrllrllfrrlflrfrflrfllrlfflrrlrffffff"/>
	<trajectory sample="262" generation="262000" 
bestEnergy="-18.0" averageEnergy="-9.6191" worstEnergy="-2.0" bestConformation="Conformation 10.0 -10.0 Frrrlrfflrlflrrffrfffrlrlflffrlrfrrllffffflflrfrrlrfllrrfrflrflrllrllfrrlflrfrflrfllrlfflrrlrffffff"/>
	<trajectory sample="263" generation="263000" 
bestEnergy="-18.0" averageEnergy="-9.6191" worstEnergy="-2.0" bestConformation="Conformation 10.0 -10.0 Frrrlrfflrlflrrffrfffrlrlflffrlrfrrllffffflflrfrrlrfllrrfrflrflrllrllfrrlflrfrflrfllrlfflrrlrffffff"/>
	<trajectory sample="264" generation="264000" 
bestEnergy="-18.0" averageEnergy="-9.6191" worstEnergy="-2.0" bestConformation="Conformation 10.0 -10.0 Frrrlrfflrlflrrffrfffrlrlflffrlrfrrllffffflflrfrrlrfllrrfrflrflrllrllfrrlflrfrflrfllrlfflrrlrffffff"/>
	<trajectory sample="265" generation="265000" 
bestEnergy="-18.0" averageEnergy="-9.6191" worstEnergy="-2.0" bestConformation="Conformation 10.0 -10.0 Frrrlrfflrlflrrffrfffrlrlflffrlrfrrllffffflflrfrrlrfllrrfrflrflrllrllfrrlflrfrflrfllrlfflrrlrffffff"/>
	<trajectory sample="266" generation="266000" 
bestEnergy="-18.0" averageEnergy="-9.6191" worstEnergy="-2.0" bestConformation="Conformation 10.0 -10.0 Frrrlrfflrlflrrffrfffrlrlflffrlrfrrllffffflflrfrrlrfllrrfrflrflrllrllfrrlflrfrflrfllrlfflrrlrffffff"/>
	<trajectory sample="267" generation="267000" 
bestEnergy="-18.0" averageEnergy="-9.6191" worstEnergy="-2.0" bestConformation="Conformation 10.0 -10.0 Frrrlrfflrlflrrffrfffrlrlflffrlrfrrllffffflflrfrrlrfllrrfrflrflrllrllfrrlflrfrflrfllrlfflrrlrffffff"/>
	<trajectory sample="268" generation="268000" 
bestEnergy="-18.0" averageEnergy="-9.6191" worstEnergy="-2.0" bestConformation="Conformation 10.0 -10.0 Frrrlrfflrlflrrffrfffrlrlflffrlrfrrllffffflflrfrrlrfllrrfrflrflrllrllfrrlflrfrflrfllrlfflrrlrffffff"/>
	<trajectory sample="269" generation="269000" 
bestEnergy="-18.0" averageEnergy="-9.6191" worstEnergy="-2.0" bestConformation="Conformation 10.0 -10.0 Frrrlrfflrlflrrffrfffrlrlflffrlrfrrllffffflflrfrrlrfllrrfrflrflrllrllfrrlflrfrflrfllrlfflrrlrffffff"/>
	<trajectory sample="270" generation="270000" 
bestEnergy="-18.0" averageEnergy="-9.6192" worstEnergy="-2.0" bestConformation="Conformation 10.0 -10.0 Frrrlrfflrlflrrffrfffrlrlflffrlrfrrllffffflflrfrrlrfllrrfrflrflrllrllfrrlflrfrflrfllrlfflrrlrffffff"/>
	<trajectory sample="271" generation="271000" 
bestEnergy="-18.0" averageEnergy="-9.6192" worstEnergy="-2.0" bestConformation="Conformation 10.0 -10.0 Frrrlrfflrlflrrffrfffrlrlflffrlrfrrllffffflflrfrrlrfllrrfrflrflrllrllfrrlflrfrflrfllrlfflrrlrffffff"/>
	<trajectory sample="272" generation="272000" 
bestEnergy="-18.0" averageEnergy="-9.6192" worstEnergy="-2.0" bestConformation="Conformation 10.0 -10.0 Frrrlrfflrlflrrffrfffrlrlflffrlrfrrllffffflflrfrrlrfllrrfrflrflrllrllfrrlflrfrflrfllrlfflrrlrffffff"/>
	<trajectory sample="273" generation="273000" 
bestEnergy="-18.0" averageEnergy="-9.6192" worstEnergy="-2.0" bestConformation="Conformation 10.0 -10.0 Frrrlrfflrlflrrffrfffrlrlflffrlrfrrllffffflflrfrrlrfllrrfrflrflrllrllfrrlflrfrflrfllrlfflrrlrffffff"/>
	<trajectory sample="274" generation="274000" 
bestEnergy="-18.0" averageEnergy="-9.6192" worstEnergy="-2.0" bestConformation="Conformation 10.0 -10.0 Frrrlrfflrlflrrffrfffrlrlflffrlrfrrllffffflflrfrrlrfllrrfrflrflrllrllfrrlflrfrflrfllrlfflrrlrffffff"/>
	<trajectory sample="275" generation="275000" 
bestEnergy="-18.0" averageEnergy="-9.6192" worstEnergy="-2.0" bestConformation="Conformation 10.0 -10.0 Frrrlrfflrlflrrffrfffrlrlflffrlrfrrllffffflflrfrrlrfllrrfrflrflrllrllfrrlflrfrflrfllrlfflrrlrffffff"/>
	<trajectory sample="276" generation="276000" 
bestEnergy="-18.0" averageEnergy="-9.6192" worstEnergy="-2.0" bestConformation="Conformation 10.0 -10.0 Frrrlrfflrlflrrffrfffrlrlflffrlrfrrllffffflflrfrrlrfllrrfrflrflrllrllfrrlflrfrflrfllrlfflrrlrffffff"/>
	<trajectory sample="277" generation="277000" 
bestEnergy="-18.0" averageEnergy="-9.6192" worstEnergy="-2.0" bestConformation="Conformation 10.0 -10.0 Frrrlrfflrlflrrffrfffrlrlflffrlrfrrllffffflflrfrrlrfllrrfrflrflrllrllfrrlflrfrflrfllrlfflrrlrffffff"/>
	<trajectory sample="278" generation="278000" 
bestEnergy="-18.0" averageEnergy="-9.6197" worstEnergy="-2.0" bestConformation="Conformation 10.0 -10.0 Frrrlrfflrlflrrffrfffrlrlflffrlrfrrllffffflflrfrrlrfllrrfrflrflrllrllfrrlflrfrflrfllrlfflrrlrffffff"/>
	<trajectory sample="279" generation="279000" 
bestEnergy="-18.0" averageEnergy="-9.6197" worstEnergy="-2.0" bestConformation="Conformation 10.0 -10.0 Frrrlrfflrlflrrffrfffrlrlflffrlrfrrllffffflflrfrrlrfllrrfrflrflrllrllfrrlflrfrflrfllrlfflrrlrffffff"/>
	<trajectory sample="280" generation="280000" 
bestEnergy="-18.0" averageEnergy="-9.6197" worstEnergy="-2.0" bestConformation="Conformation 10.0 -10.0 Frrrlrfflrlflrrffrfffrlrlflffrlrfrrllffffflflrfrrlrfllrrfrflrflrllrllfrrlflrfrflrfllrlfflrrlrffffff"/>
	<trajectory sample="281" generation="281000" 
bestEnergy="-18.0" averageEnergy="-9.6197" worstEnergy="-2.0" bestConformation="Conformation 10.0 -10.0 Frrrlrfflrlflrrffrfffrlrlflffrlrfrrllffffflflrfrrlrfllrrfrflrflrllrllfrrlflrfrflrfllrlfflrrlrffffff"/>
	<trajectory sample="282" generation="282000" 
bestEnergy="-18.0" averageEnergy="-9.6197" worstEnergy="-2.0" bestConformation="Conformation 10.0 -10.0 Frrrlrfflrlflrrffrfffrlrlflffrlrfrrllffffflflrfrrlrfllrrfrflrflrllrllfrrlflrfrflrfllrlfflrrlrffffff"/>
	<trajectory sample="283" generation="283000" 
bestEnergy="-18.0" averageEnergy="-9.6197" worstEnergy="-2.0" bestConformation="Conformation 10.0 -10.0 Frrrlrfflrlflrrffrfffrlrlflffrlrfrrllffffflflrfrrlrfllrrfrflrflrllrllfrrlflrfrflrfllrlfflrrlrffffff"/>
	<trajectory sample="284" generation="284000" 
bestEnergy="-18.0" averageEnergy="-9.6197" worstEnergy="-2.0" bestConformation="Conformation 10.0 -10.0 Frrrlrfflrlflrrffrfffrlrlflffrlrfrrllffffflflrfrrlrfllrrfrflrflrllrllfrrlflrfrflrfllrlfflrrlrffffff"/>
	<trajectory sample="285" generation="285000" 
bestEnergy="-18.0" averageEnergy="-9.6197" worstEnergy="-2.0" bestConformation="Conformation 10.0 -10.0 Frrrlrfflrlflrrffrfffrlrlflffrlrfrrllffffflflrfrrlrfllrrfrflrflrllrllfrrlflrfrflrfllrlfflrrlrffffff"/>
	<trajectory sample="286" generation="286000" 
bestEnergy="-18.0" averageEnergy="-9.6197" worstEnergy="-2.0" bestConformation="Conformation 10.0 -10.0 Frrrlrfflrlflrrffrfffrlrlflffrlrfrrllffffflflrfrrlrfllrrfrflrflrllrllfrrlflrfrflrfllrlfflrrlrffffff"/>
	<trajectory sample="287" generation="287000" 
bestEnergy="-18.0" averageEnergy="-9.6197" worstEnergy="-2.0" bestConformation="Conformation 10.0 -10.0 Frrrlrfflrlflrrffrfffrlrlflffrlrfrrllffffflflrfrrlrfllrrfrflrflrllrllfrrlflrfrflrfllrlfflrrlrffffff"/>
	<trajectory sample="288" generation="288000" 
bestEnergy="-18.0" averageEnergy="-9.6197" worstEnergy="-2.0" bestConformation="Conformation 10.0 -10.0 Frrrlrfflrlflrrffrfffrlrlflffrlrfrrllffffflflrfrrlrfllrrfrflrflrllrllfrrlflrfrflrfllrlfflrrlrffffff"/>
	<trajectory sample="289" generation="289000" 
bestEnergy="-18.0" averageEnergy="-9.6197" worstEnergy="-2.0" bestConformation="Conformation 10.0 -10.0 Frrrlrfflrlflrrffrfffrlrlflffrlrfrrllffffflflrfrrlrfllrrfrflrflrllrllfrrlflrfrflrfllrlfflrrlrffffff"/>
	<trajectory sample="290" generation="290000" 
bestEnergy="-18.0" averageEnergy="-9.6197" worstEnergy="-2.0" bestConformation="Conformation 10.0 -10.0 Frrrlrfflrlflrrffrfffrlrlflffrlrfrrllffffflflrfrrlrfllrrfrflrflrllrllfrrlflrfrflrfllrlfflrrlrffffff"/>
	<trajectory sample="291" generation="291000" 
bestEnergy="-18.0" averageEnergy="-9.6197" worstEnergy="-2.0" bestConformation="Conformation 10.0 -10.0 Frrrlrfflrlflrrffrfffrlrlflffrlrfrrllffffflflrfrrlrfllrrfrflrflrllrllfrrlflrfrflrfllrlfflrrlrffffff"/>
	<trajectory sample="292" generation="292000" 
bestEnergy="-18.0" averageEnergy="-9.6197" worstEnergy="-2.0" bestConformation="Conformation 10.0 -10.0 Frrrlrfflrlflrrffrfffrlrlflffrlrfrrllffffflflrfrrlrfllrrfrflrflrllrllfrrlflrfrflrfllrlfflrrlrffffff"/>
	<trajectory sample="293" generation="293000" 
bestEnergy="-18.0" averageEnergy="-9.6197" worstEnergy="-2.0" bestConformation="Conformation 10.0 -10.0 Frrrlrfflrlflrrffrfffrlrlflffrlrfrrllffffflflrfrrlrfllrrfrflrflrllrllfrrlflrfrflrfllrlfflrrlrffffff"/>
	<trajectory sample="294" generation="294000" 
bestEnergy="-18.0" averageEnergy="-9.6197" worstEnergy="-2.0" bestConformation="Conformation 10.0 -10.0 Frrrlrfflrlflrrffrfffrlrlflffrlrfrrllffffflflrfrrlrfllrrfrflrflrllrllfrrlflrfrflrfllrlfflrrlrffffff"/>
	<trajectory sample="295" generation="295000" 
bestEnergy="-18.0" averageEnergy="-9.6197" worstEnergy="-2.0" bestConformation="Conformation 10.0 -10.0 Frrrlrfflrlflrrffrfffrlrlflffrlrfrrllffffflflrfrrlrfllrrfrflrflrllrllfrrlflrfrflrfllrlfflrrlrffffff"/>
	<trajectory sample="296" generation="296000" 
bestEnergy="-18.0" averageEnergy="-9.6197" worstEnergy="-2.0" bestConformation="Conformation 10.0 -10.0 Frrrlrfflrlflrrffrfffrlrlflffrlrfrrllffffflflrfrrlrfllrrfrflrflrllrllfrrlflrfrflrfllrlfflrrlrffffff"/>
	<trajectory sample="297" generation="297000" 
bestEnergy="-18.0" averageEnergy="-9.6197" worstEnergy="-2.0" bestConformation="Conformation 10.0 -10.0 Frrrlrfflrlflrrffrfffrlrlflffrlrfrrllffffflflrfrrlrfllrrfrflrflrllrllfrrlflrfrflrfllrlfflrrlrffffff"/>
	<trajectory sample="298" generation="298000" 
bestEnergy="-18.0" averageEnergy="-9.6197" worstEnergy="-2.0" bestConformation="Conformation 10.0 -10.0 Frrrlrfflrlflrrffrfffrlrlflffrlrfrrllffffflflrfrrlrfllrrfrflrflrllrllfrrlflrfrflrfllrlfflrrlrffffff"/>
	<trajectory sample="299" generation="299000" 
bestEnergy="-18.0" averageEnergy="-9.6197" worstEnergy="-2.0" bestConformation="Conformation 10.0 -10.0 Frrrlrfflrlflrrffrfffrlrlflffrlrfrrllffffflflrfrrlrfllrrfrflrflrllrllfrrlflrfrflrfllrlfflrrlrffffff"/>
	<trajectory sample="300" generation="300000" 
bestEnergy="-18.0" averageEnergy="-9.6197" worstEnergy="-2.0" bestConformation="Conformation 10.0 -10.0 Frrrlrfflrlflrrffrfffrlrlflffrlrfrrllffffflflrfrrlrfllrrfrflrflrllrllfrrlflrfrflrfllrlfflrrlrffffff"/>
	<trajectory sample="301" generation="301000" 
bestEnergy="-18.0" averageEnergy="-9.6197" worstEnergy="-2.0" bestConformation="Conformation 10.0 -10.0 Frrrlrfflrlflrrffrfffrlrlflffrlrfrrllffffflflrfrrlrfllrrfrflrflrllrllfrrlflrfrflrfllrlfflrrlrffffff"/>
	<trajectory sample="302" generation="302000" 
bestEnergy="-18.0" averageEnergy="-9.6197" worstEnergy="-2.0" bestConformation="Conformation 10.0 -10.0 Frrrlrfflrlflrrffrfffrlrlflffrlrfrrllffffflflrfrrlrfllrrfrflrflrllrllfrrlflrfrflrfllrlfflrrlrffffff"/>
	<trajectory sample="303" generation="303000" 
bestEnergy="-18.0" averageEnergy="-9.6197" worstEnergy="-2.0" bestConformation="Conformation 10.0 -10.0 Frrrlrfflrlflrrffrfffrlrlflffrlrfrrllffffflflrfrrlrfllrrfrflrflrllrllfrrlflrfrflrfllrlfflrrlrffffff"/>
	<trajectory sample="304" generation="304000" 
bestEnergy="-18.0" averageEnergy="-9.6197" worstEnergy="-2.0" bestConformation="Conformation 10.0 -10.0 Frrrlrfflrlflrrffrfffrlrlflffrlrfrrllffffflflrfrrlrfllrrfrflrflrllrllfrrlflrfrflrfllrlfflrrlrffffff"/>
	<trajectory sample="305" generation="305000" 
bestEnergy="-18.0" averageEnergy="-9.6197" worstEnergy="-2.0" bestConformation="Conformation 10.0 -10.0 Frrrlrfflrlflrrffrfffrlrlflffrlrfrrllffffflflrfrrlrfllrrfrflrflrllrllfrrlflrfrflrfllrlfflrrlrffffff"/>
	<trajectory sample="306" generation="306000" 
bestEnergy="-18.0" averageEnergy="-9.6197" worstEnergy="-2.0" bestConformation="Conformation 10.0 -10.0 Frrrlrfflrlflrrffrfffrlrlflffrlrfrrllffffflflrfrrlrfllrrfrflrflrllrllfrrlflrfrflrfllrlfflrrlrffffff"/>
	<trajectory sample="307" generation="307000" 
bestEnergy="-18.0" averageEnergy="-9.6197" worstEnergy="-2.0" bestConformation="Conformation 10.0 -10.0 Frrrlrfflrlflrrffrfffrlrlflffrlrfrrllffffflflrfrrlrfllrrfrflrflrllrllfrrlflrfrflrfllrlfflrrlrffffff"/>
	<trajectory sample="308" generation="308000" 
bestEnergy="-18.0" averageEnergy="-9.6197" worstEnergy="-2.0" bestConformation="Conformation 10.0 -10.0 Frrrlrfflrlflrrffrfffrlrlflffrlrfrrllffffflflrfrrlrfllrrfrflrflrllrllfrrlflrfrflrfllrlfflrrlrffffff"/>
	<trajectory sample="309" generation="309000" 
bestEnergy="-18.0" averageEnergy="-9.6197" worstEnergy="-2.0" bestConformation="Conformation 10.0 -10.0 Frrrlrfflrlflrrffrfffrlrlflffrlrfrrllffffflflrfrrlrfllrrfrflrflrllrllfrrlflrfrflrfllrlfflrrlrffffff"/>
	<trajectory sample="310" generation="310000" 
bestEnergy="-18.0" averageEnergy="-9.6197" worstEnergy="-2.0" bestConformation="Conformation 10.0 -10.0 Frrrlrfflrlflrrffrfffrlrlflffrlrfrrllffffflflrfrrlrfllrrfrflrflrllrllfrrlflrfrflrfllrlfflrrlrffffff"/>
	<trajectory sample="311" generation="311000" 
bestEnergy="-18.0" averageEnergy="-9.6197" worstEnergy="-2.0" bestConformation="Conformation 10.0 -10.0 Frrrlrfflrlflrrffrfffrlrlflffrlrfrrllffffflflrfrrlrfllrrfrflrflrllrllfrrlflrfrflrfllrlfflrrlrffffff"/>
	<trajectory sample="312" generation="312000" 
bestEnergy="-18.0" averageEnergy="-9.6197" worstEnergy="-2.0" bestConformation="Conformation 10.0 -10.0 Frrrlrfflrlflrrffrfffrlrlflffrlrfrrllffffflflrfrrlrfllrrfrflrflrllrllfrrlflrfrflrfllrlfflrrlrffffff"/>
	<trajectory sample="313" generation="313000" 
bestEnergy="-18.0" averageEnergy="-9.6197" worstEnergy="-2.0" bestConformation="Conformation 10.0 -10.0 Frrrlrfflrlflrrffrfffrlrlflffrlrfrrllffffflflrfrrlrfllrrfrflrflrllrllfrrlflrfrflrfllrlfflrrlrffffff"/>
	<trajectory sample="314" generation="314000" 
bestEnergy="-18.0" averageEnergy="-9.6197" worstEnergy="-2.0" bestConformation="Conformation 10.0 -10.0 Frrrlrfflrlflrrffrfffrlrlflffrlrfrrllffffflflrfrrlrfllrrfrflrflrllrllfrrlflrfrflrfllrlfflrrlrffffff"/>
	<trajectory sample="315" generation="315000" 
bestEnergy="-18.0" averageEnergy="-9.6197" worstEnergy="-2.0" bestConformation="Conformation 10.0 -10.0 Frrrlrfflrlflrrffrfffrlrlflffrlrfrrllffffflflrfrrlrfllrrfrflrflrllrllfrrlflrfrflrfllrlfflrrlrffffff"/>
	<trajectory sample="316" generation="316000" 
bestEnergy="-18.0" averageEnergy="-9.6197" worstEnergy="-2.0" bestConformation="Conformation 10.0 -10.0 Frrrlrfflrlflrrffrfffrlrlflffrlrfrrllffffflflrfrrlrfllrrfrflrflrllrllfrrlflrfrflrfllrlfflrrlrffffff"/>
	<trajectory sample="317" generation="317000" 
bestEnergy="-18.0" averageEnergy="-9.6197" worstEnergy="-2.0" bestConformation="Conformation 10.0 -10.0 Frrrlrfflrlflrrffrfffrlrlflffrlrfrrllffffflflrfrrlrfllrrfrflrflrllrllfrrlflrfrflrfllrlfflrrlrffffff"/>
	<trajectory sample="318" generation="318000" 
bestEnergy="-18.0" averageEnergy="-9.6197" worstEnergy="-2.0" bestConformation="Conformation 10.0 -10.0 Frrrlrfflrlflrrffrfffrlrlflffrlrfrrllffffflflrfrrlrfllrrfrflrflrllrllfrrlflrfrflrfllrlfflrrlrffffff"/>
	<trajectory sample="319" generation="319000" 
bestEnergy="-18.0" averageEnergy="-9.6197" worstEnergy="-2.0" bestConformation="Conformation 10.0 -10.0 Frrrlrfflrlflrrffrfffrlrlflffrlrfrrllffffflflrfrrlrfllrrfrflrflrllrllfrrlflrfrflrfllrlfflrrlrffffff"/>
	<trajectory sample="320" generation="320000" 
bestEnergy="-18.0" averageEnergy="-9.6197" worstEnergy="-2.0" bestConformation="Conformation 10.0 -10.0 Frrrlrfflrlflrrffrfffrlrlflffrlrfrrllffffflflrfrrlrfllrrfrflrflrllrllfrrlflrfrflrfllrlfflrrlrffffff"/>
	<trajectory sample="321" generation="321000" 
bestEnergy="-18.0" averageEnergy="-9.6197" worstEnergy="-2.0" bestConformation="Conformation 10.0 -10.0 Frrrlrfflrlflrrffrfffrlrlflffrlrfrrllffffflflrfrrlrfllrrfrflrflrllrllfrrlflrfrflrfllrlfflrrlrffffff"/>
	<trajectory sample="322" generation="322000" 
bestEnergy="-18.0" averageEnergy="-9.6197" worstEnergy="-2.0" bestConformation="Conformation 10.0 -10.0 Frrrlrfflrlflrrffrfffrlrlflffrlrfrrllffffflflrfrrlrfllrrfrflrflrllrllfrrlflrfrflrfllrlfflrrlrffffff"/>
	<trajectory sample="323" generation="323000" 
bestEnergy="-18.0" averageEnergy="-9.6197" worstEnergy="-2.0" bestConformation="Conformation 10.0 -10.0 Frrrlrfflrlflrrffrfffrlrlflffrlrfrrllffffflflrfrrlrfllrrfrflrflrllrllfrrlflrfrflrfllrlfflrrlrffffff"/>
	<trajectory sample="324" generation="324000" 
bestEnergy="-18.0" averageEnergy="-9.6197" worstEnergy="-2.0" bestConformation="Conformation 10.0 -10.0 Frrrlrfflrlflrrffrfffrlrlflffrlrfrrllffffflflrfrrlrfllrrfrflrflrllrllfrrlflrfrflrfllrlfflrrlrffffff"/>
	<trajectory sample="325" generation="325000" 
bestEnergy="-18.0" averageEnergy="-9.6197" worstEnergy="-2.0" bestConformation="Conformation 10.0 -10.0 Frrrlrfflrlflrrffrfffrlrlflffrlrfrrllffffflflrfrrlrfllrrfrflrflrllrllfrrlflrfrflrfllrlfflrrlrffffff"/>
	<trajectory sample="326" generation="326000" 
bestEnergy="-18.0" averageEnergy="-9.6197" worstEnergy="-2.0" bestConformation="Conformation 10.0 -10.0 Frrrlrfflrlflrrffrfffrlrlflffrlrfrrllffffflflrfrrlrfllrrfrflrflrllrllfrrlflrfrflrfllrlfflrrlrffffff"/>
	<trajectory sample="327" generation="327000" 
bestEnergy="-18.0" averageEnergy="-9.6197" worstEnergy="-2.0" bestConformation="Conformation 10.0 -10.0 Frrrlrfflrlflrrffrfffrlrlflffrlrfrrllffffflflrfrrlrfllrrfrflrflrllrllfrrlflrfrflrfllrlfflrrlrffffff"/>
	<trajectory sample="328" generation="328000" 
bestEnergy="-18.0" averageEnergy="-9.6197" worstEnergy="-2.0" bestConformation="Conformation 10.0 -10.0 Frrrlrfflrlflrrffrfffrlrlflffrlrfrrllffffflflrfrrlrfllrrfrflrflrllrllfrrlflrfrflrfllrlfflrrlrffffff"/>
	<trajectory sample="329" generation="329000" 
bestEnergy="-18.0" averageEnergy="-9.6197" worstEnergy="-2.0" bestConformation="Conformation 10.0 -10.0 Frrrlrfflrlflrrffrfffrlrlflffrlrfrrllffffflflrfrrlrfllrrfrflrflrllrllfrrlflrfrflrfllrlfflrrlrffffff"/>
	<trajectory sample="330" generation="330000" 
bestEnergy="-18.0" averageEnergy="-9.6197" worstEnergy="-2.0" bestConformation="Conformation 10.0 -10.0 Frrrlrfflrlflrrffrfffrlrlflffrlrfrrllffffflflrfrrlrfllrrfrflrflrllrllfrrlflrfrflrfllrlfflrrlrffffff"/>
	<trajectory sample="331" generation="331000" 
bestEnergy="-18.0" averageEnergy="-9.6197" worstEnergy="-2.0" bestConformation="Conformation 10.0 -10.0 Frrrlrfflrlflrrffrfffrlrlflffrlrfrrllffffflflrfrrlrfllrrfrflrflrllrllfrrlflrfrflrfllrlfflrrlrffffff"/>
	<trajectory sample="332" generation="332000" 
bestEnergy="-18.0" averageEnergy="-9.6203" worstEnergy="-2.0" bestConformation="Conformation 10.0 -10.0 Frrrlrfflrlflrrffrfffrlrlflffrlrfrrllffffflflrfrrlrfllrrfrflrflrllrllfrrlflrfrflrfllrlfflrrlrffffff"/>
	<trajectory sample="333" generation="333000" 
bestEnergy="-18.0" averageEnergy="-9.6203" worstEnergy="-2.0" bestConformation="Conformation 10.0 -10.0 Frrrlrfflrlflrrffrfffrlrlflffrlrfrrllffffflflrfrrlrfllrrfrflrflrllrllfrrlflrfrflrfllrlfflrrlrffffff"/>
	<trajectory sample="334" generation="334000" 
bestEnergy="-18.0" averageEnergy="-9.6203" worstEnergy="-2.0" bestConformation="Conformation 10.0 -10.0 Frrrlrfflrlflrrffrfffrlrlflffrlrfrrllffffflflrfrrlrfllrrfrflrflrllrllfrrlflrfrflrfllrlfflrrlrffffff"/>
	<trajectory sample="335" generation="335000" 
bestEnergy="-18.0" averageEnergy="-9.6203" worstEnergy="-2.0" bestConformation="Conformation 10.0 -10.0 Frrrlrfflrlflrrffrfffrlrlflffrlrfrrllffffflflrfrrlrfllrrfrflrflrllrllfrrlflrfrflrfllrlfflrrlrffffff"/>
	<trajectory sample="336" generation="336000" 
bestEnergy="-18.0" averageEnergy="-9.6203" worstEnergy="-2.0" bestConformation="Conformation 10.0 -10.0 Frrrlrfflrlflrrffrfffrlrlflffrlrfrrllffffflflrfrrlrfllrrfrflrflrllrllfrrlflrfrflrfllrlfflrrlrffffff"/>
	<trajectory sample="337" generation="337000" 
bestEnergy="-18.0" averageEnergy="-9.6203" worstEnergy="-2.0" bestConformation="Conformation 10.0 -10.0 Frrrlrfflrlflrrffrfffrlrlflffrlrfrrllffffflflrfrrlrfllrrfrflrflrllrllfrrlflrfrflrfllrlfflrrlrffffff"/>
	<trajectory sample="338" generation="338000" 
bestEnergy="-18.0" averageEnergy="-9.6203" worstEnergy="-2.0" bestConformation="Conformation 10.0 -10.0 Frrrlrfflrlflrrffrfffrlrlflffrlrfrrllffffflflrfrrlrfllrrfrflrflrllrllfrrlflrfrflrfllrlfflrrlrffffff"/>
	<trajectory sample="339" generation="339000" 
bestEnergy="-18.0" averageEnergy="-9.6203" worstEnergy="-2.0" bestConformation="Conformation 10.0 -10.0 Frrrlrfflrlflrrffrfffrlrlflffrlrfrrllffffflflrfrrlrfllrrfrflrflrllrllfrrlflrfrflrfllrlfflrrlrffffff"/>
	<trajectory sample="340" generation="340000" 
bestEnergy="-18.0" averageEnergy="-9.6203" worstEnergy="-2.0" bestConformation="Conformation 10.0 -10.0 Frrrlrfflrlflrrffrfffrlrlflffrlrfrrllffffflflrfrrlrfllrrfrflrflrllrllfrrlflrfrflrfllrlfflrrlrffffff"/>
	<trajectory sample="341" generation="341000" 
bestEnergy="-18.0" averageEnergy="-9.6203" worstEnergy="-2.0" bestConformation="Conformation 10.0 -10.0 Frrrlrfflrlflrrffrfffrlrlflffrlrfrrllffffflflrfrrlrfllrrfrflrflrllrllfrrlflrfrflrfllrlfflrrlrffffff"/>
	<trajectory sample="342" generation="342000" 
bestEnergy="-18.0" averageEnergy="-9.6203" worstEnergy="-2.0" bestConformation="Conformation 10.0 -10.0 Frrrlrfflrlflrrffrfffrlrlflffrlrfrrllffffflflrfrrlrfllrrfrflrflrllrllfrrlflrfrflrfllrlfflrrlrffffff"/>
	<trajectory sample="343" generation="343000" 
bestEnergy="-18.0" averageEnergy="-9.6203" worstEnergy="-2.0" bestConformation="Conformation 10.0 -10.0 Frrrlrfflrlflrrffrfffrlrlflffrlrfrrllffffflflrfrrlrfllrrfrflrflrllrllfrrlflrfrflrfllrlfflrrlrffffff"/>
	<trajectory sample="344" generation="344000" 
bestEnergy="-18.0" averageEnergy="-9.6203" worstEnergy="-2.0" bestConformation="Conformation 10.0 -10.0 Frrrlrfflrlflrrffrfffrlrlflffrlrfrrllffffflflrfrrlrfllrrfrflrflrllrllfrrlflrfrflrfllrlfflrrlrffffff"/>
	<trajectory sample="345" generation="345000" 
bestEnergy="-18.0" averageEnergy="-9.6203" worstEnergy="-2.0" bestConformation="Conformation 10.0 -10.0 Frrrlrfflrlflrrffrfffrlrlflffrlrfrrllffffflflrfrrlrfllrrfrflrflrllrllfrrlflrfrflrfllrlfflrrlrffffff"/>
	<trajectory sample="346" generation="346000" 
bestEnergy="-18.0" averageEnergy="-9.6203" worstEnergy="-2.0" bestConformation="Conformation 10.0 -10.0 Frrrlrfflrlflrrffrfffrlrlflffrlrfrrllffffflflrfrrlrfllrrfrflrflrllrllfrrlflrfrflrfllrlfflrrlrffffff"/>
	<trajectory sample="347" generation="347000" 
bestEnergy="-18.0" averageEnergy="-9.6203" worstEnergy="-2.0" bestConformation="Conformation 10.0 -10.0 Frrrlrfflrlflrrffrfffrlrlflffrlrfrrllffffflflrfrrlrfllrrfrflrflrllrllfrrlflrfrflrfllrlfflrrlrffffff"/>
	<trajectory sample="348" generation="348000" 
bestEnergy="-18.0" averageEnergy="-9.6203" worstEnergy="-2.0" bestConformation="Conformation 10.0 -10.0 Frrrlrfflrlflrrffrfffrlrlflffrlrfrrllffffflflrfrrlrfllrrfrflrflrllrllfrrlflrfrflrfllrlfflrrlrffffff"/>
	<trajectory sample="349" generation="349000" 
bestEnergy="-18.0" averageEnergy="-9.6206" worstEnergy="-2.0" bestConformation="Conformation 10.0 -10.0 Frrrlrfflrlflrrffrfffrlrlflffrlrfrrllffffflflrfrrlrfllrrfrflrflrllrllfrrlflrfrflrfllrlfflrrlrffffff"/>
	<trajectory sample="350" generation="350000" 
bestEnergy="-18.0" averageEnergy="-9.6206" worstEnergy="-2.0" bestConformation="Conformation 10.0 -10.0 Frrrlrfflrlflrrffrfffrlrlflffrlrfrrllffffflflrfrrlrfllrrfrflrflrllrllfrrlflrfrflrfllrlfflrrlrffffff"/>
	<trajectory sample="351" generation="351000" 
bestEnergy="-18.0" averageEnergy="-9.6206" worstEnergy="-2.0" bestConformation="Conformation 10.0 -10.0 Frrrlrfflrlflrrffrfffrlrlflffrlrfrrllffffflflrfrrlrfllrrfrflrflrllrllfrrlflrfrflrfllrlfflrrlrffffff"/>
	<trajectory sample="352" generation="352000" 
bestEnergy="-18.0" averageEnergy="-9.6206" worstEnergy="-2.0" bestConformation="Conformation 10.0 -10.0 Frrrlrfflrlflrrffrfffrlrlflffrlrfrrllffffflflrfrrlrfllrrfrflrflrllrllfrrlflrfrflrfllrlfflrrlrffffff"/>
	<trajectory sample="353" generation="353000" 
bestEnergy="-18.0" averageEnergy="-9.6206" worstEnergy="-2.0" bestConformation="Conformation 10.0 -10.0 Frrrlrfflrlflrrffrfffrlrlflffrlrfrrllffffflflrfrrlrfllrrfrflrflrllrllfrrlflrfrflrfllrlfflrrlrffffff"/>
	<trajectory sample="354" generation="354000" 
bestEnergy="-18.0" averageEnergy="-9.6206" worstEnergy="-2.0" bestConformation="Conformation 10.0 -10.0 Frrrlrfflrlflrrffrfffrlrlflffrlrfrrllffffflflrfrrlrfllrrfrflrflrllrllfrrlflrfrflrfllrlfflrrlrffffff"/>
	<trajectory sample="355" generation="355000" 
bestEnergy="-18.0" averageEnergy="-9.6206" worstEnergy="-2.0" bestConformation="Conformation 10.0 -10.0 Frrrlrfflrlflrrffrfffrlrlflffrlrfrrllffffflflrfrrlrfllrrfrflrflrllrllfrrlflrfrflrfllrlfflrrlrffffff"/>
	<trajectory sample="356" generation="356000" 
bestEnergy="-18.0" averageEnergy="-9.6206" worstEnergy="-2.0" bestConformation="Conformation 10.0 -10.0 Frrrlrfflrlflrrffrfffrlrlflffrlrfrrllffffflflrfrrlrfllrrfrflrflrllrllfrrlflrfrflrfllrlfflrrlrffffff"/>
	<trajectory sample="357" generation="357000" 
bestEnergy="-18.0" averageEnergy="-9.6206" worstEnergy="-2.0" bestConformation="Conformation 10.0 -10.0 Frrrlrfflrlflrrffrfffrlrlflffrlrfrrllffffflflrfrrlrfllrrfrflrflrllrllfrrlflrfrflrfllrlfflrrlrffffff"/>
	<trajectory sample="358" generation="358000" 
bestEnergy="-18.0" averageEnergy="-9.6206" worstEnergy="-2.0" bestConformation="Conformation 10.0 -10.0 Frrrlrfflrlflrrffrfffrlrlflffrlrfrrllffffflflrfrrlrfllrrfrflrflrllrllfrrlflrfrflrfllrlfflrrlrffffff"/>
	<trajectory sample="359" generation="359000" 
bestEnergy="-18.0" averageEnergy="-9.6206" worstEnergy="-2.0" bestConformation="Conformation 10.0 -10.0 Frrrlrfflrlflrrffrfffrlrlflffrlrfrrllffffflflrfrrlrfllrrfrflrflrllrllfrrlflrfrflrfllrlfflrrlrffffff"/>
	<trajectory sample="360" generation="360000" 
bestEnergy="-18.0" averageEnergy="-9.6206" worstEnergy="-2.0" bestConformation="Conformation 10.0 -10.0 Frrrlrfflrlflrrffrfffrlrlflffrlrfrrllffffflflrfrrlrfllrrfrflrflrllrllfrrlflrfrflrfllrlfflrrlrffffff"/>
	<trajectory sample="361" generation="361000" 
bestEnergy="-18.0" averageEnergy="-9.6206" worstEnergy="-2.0" bestConformation="Conformation 10.0 -10.0 Frrrlrfflrlflrrffrfffrlrlflffrlrfrrllffffflflrfrrlrfllrrfrflrflrllrllfrrlflrfrflrfllrlfflrrlrffffff"/>
	<trajectory sample="362" generation="362000" 
bestEnergy="-18.0" averageEnergy="-9.6211" worstEnergy="-2.0" bestConformation="Conformation 10.0 -10.0 Frrrlrfflrlflrrffrfffrlrlflffrlrfrrllffffflflrfrrlrfllrrfrflrflrllrllfrrlflrfrflrfllrlfflrrlrffffff"/>
	<trajectory sample="363" generation="363000" 
bestEnergy="-18.0" averageEnergy="-9.6211" worstEnergy="-2.0" bestConformation="Conformation 10.0 -10.0 Frrrlrfflrlflrrffrfffrlrlflffrlrfrrllffffflflrfrrlrfllrrfrflrflrllrllfrrlflrfrflrfllrlfflrrlrffffff"/>
	<trajectory sample="364" generation="364000" 
bestEnergy="-18.0" averageEnergy="-9.6211" worstEnergy="-2.0" bestConformation="Conformation 10.0 -10.0 Frrrlrfflrlflrrffrfffrlrlflffrlrfrrllffffflflrfrrlrfllrrfrflrflrllrllfrrlflrfrflrfllrlfflrrlrffffff"/>
	<trajectory sample="365" generation="365000" 
bestEnergy="-18.0" averageEnergy="-9.6211" worstEnergy="-2.0" bestConformation="Conformation 10.0 -10.0 Frrrlrfflrlflrrffrfffrlrlflffrlrfrrllffffflflrfrrlrfllrrfrflrflrllrllfrrlflrfrflrfllrlfflrrlrffffff"/>
	<trajectory sample="366" generation="366000" 
bestEnergy="-18.0" averageEnergy="-9.6211" worstEnergy="-2.0" bestConformation="Conformation 10.0 -10.0 Frrrlrfflrlflrrffrfffrlrlflffrlrfrrllffffflflrfrrlrfllrrfrflrflrllrllfrrlflrfrflrfllrlfflrrlrffffff"/>
	<trajectory sample="367" generation="367000" 
bestEnergy="-18.0" averageEnergy="-9.6211" worstEnergy="-2.0" bestConformation="Conformation 10.0 -10.0 Frrrlrfflrlflrrffrfffrlrlflffrlrfrrllffffflflrfrrlrfllrrfrflrflrllrllfrrlflrfrflrfllrlfflrrlrffffff"/>
	<trajectory sample="368" generation="368000" 
bestEnergy="-18.0" averageEnergy="-9.6211" worstEnergy="-2.0" bestConformation="Conformation 10.0 -10.0 Frrrlrfflrlflrrffrfffrlrlflffrlrfrrllffffflflrfrrlrfllrrfrflrflrllrllfrrlflrfrflrfllrlfflrrlrffffff"/>
	<trajectory sample="369" generation="369000" 
bestEnergy="-18.0" averageEnergy="-9.6211" worstEnergy="-2.0" bestConformation="Conformation 10.0 -10.0 Frrrlrfflrlflrrffrfffrlrlflffrlrfrrllffffflflrfrrlrfllrrfrflrflrllrllfrrlflrfrflrfllrlfflrrlrffffff"/>
	<trajectory sample="370" generation="370000" 
bestEnergy="-18.0" averageEnergy="-9.6212" worstEnergy="-2.0" bestConformation="Conformation 10.0 -10.0 Frrrlrfflrlflrrffrfffrlrlflffrlrfrrllffffflflrfrrlrfllrrfrflrflrllrllfrrlflrfrflrfllrlfflrrlrffffff"/>
	<trajectory sample="371" generation="371000" 
bestEnergy="-18.0" averageEnergy="-9.6212" worstEnergy="-2.0" bestConformation="Conformation 10.0 -10.0 Frrrlrfflrlflrrffrfffrlrlflffrlrfrrllffffflflrfrrlrfllrrfrflrflrllrllfrrlflrfrflrfllrlfflrrlrffffff"/>
	<trajectory sample="372" generation="372000" 
bestEnergy="-18.0" averageEnergy="-9.6212" worstEnergy="-2.0" bestConformation="Conformation 10.0 -10.0 Frrrlrfflrlflrrffrfffrlrlflffrlrfrrllffffflflrfrrlrfllrrfrflrflrllrllfrrlflrfrflrfllrlfflrrlrffffff"/>
	<trajectory sample="373" generation="373000" 
bestEnergy="-18.0" averageEnergy="-9.6212" worstEnergy="-2.0" bestConformation="Conformation 10.0 -10.0 Frrrlrfflrlflrrffrfffrlrlflffrlrfrrllffffflflrfrrlrfllrrfrflrflrllrllfrrlflrfrflrfllrlfflrrlrffffff"/>
	<trajectory sample="374" generation="374000" 
bestEnergy="-18.0" averageEnergy="-9.6212" worstEnergy="-2.0" bestConformation="Conformation 10.0 -10.0 Frrrlrfflrlflrrffrfffrlrlflffrlrfrrllffffflflrfrrlrfllrrfrflrflrllrllfrrlflrfrflrfllrlfflrrlrffffff"/>
	<trajectory sample="375" generation="375000" 
bestEnergy="-18.0" averageEnergy="-9.6212" worstEnergy="-2.0" bestConformation="Conformation 10.0 -10.0 Frrrlrfflrlflrrffrfffrlrlflffrlrfrrllffffflflrfrrlrfllrrfrflrflrllrllfrrlflrfrflrfllrlfflrrlrffffff"/>
	<trajectory sample="376" generation="376000" 
bestEnergy="-18.0" averageEnergy="-9.6212" worstEnergy="-2.0" bestConformation="Conformation 10.0 -10.0 Frrrlrfflrlflrrffrfffrlrlflffrlrfrrllffffflflrfrrlrfllrrfrflrflrllrllfrrlflrfrflrfllrlfflrrlrffffff"/>
	<trajectory sample="377" generation="377000" 
bestEnergy="-18.0" averageEnergy="-9.6212" worstEnergy="-2.0" bestConformation="Conformation 10.0 -10.0 Frrrlrfflrlflrrffrfffrlrlflffrlrfrrllffffflflrfrrlrfllrrfrflrflrllrllfrrlflrfrflrfllrlfflrrlrffffff"/>
	<trajectory sample="378" generation="378000" 
bestEnergy="-18.0" averageEnergy="-9.6212" worstEnergy="-2.0" bestConformation="Conformation 10.0 -10.0 Frrrlrfflrlflrrffrfffrlrlflffrlrfrrllffffflflrfrrlrfllrrfrflrflrllrllfrrlflrfrflrfllrlfflrrlrffffff"/>
	<trajectory sample="379" generation="379000" 
bestEnergy="-18.0" averageEnergy="-9.6212" worstEnergy="-2.0" bestConformation="Conformation 10.0 -10.0 Frrrlrfflrlflrrffrfffrlrlflffrlrfrrllffffflflrfrrlrfllrrfrflrflrllrllfrrlflrfrflrfllrlfflrrlrffffff"/>
	<trajectory sample="380" generation="380000" 
bestEnergy="-18.0" averageEnergy="-9.6212" worstEnergy="-2.0" bestConformation="Conformation 10.0 -10.0 Frrrlrfflrlflrrffrfffrlrlflffrlrfrrllffffflflrfrrlrfllrrfrflrflrllrllfrrlflrfrflrfllrlfflrrlrffffff"/>
	<trajectory sample="381" generation="381000" 
bestEnergy="-18.0" averageEnergy="-9.6212" worstEnergy="-2.0" bestConformation="Conformation 10.0 -10.0 Frrrlrfflrlflrrffrfffrlrlflffrlrfrrllffffflflrfrrlrfllrrfrflrflrllrllfrrlflrfrflrfllrlfflrrlrffffff"/>
	<trajectory sample="382" generation="382000" 
bestEnergy="-18.0" averageEnergy="-9.6212" worstEnergy="-2.0" bestConformation="Conformation 10.0 -10.0 Frrrlrfflrlflrrffrfffrlrlflffrlrfrrllffffflflrfrrlrfllrrfrflrflrllrllfrrlflrfrflrfllrlfflrrlrffffff"/>
	<trajectory sample="383" generation="383000" 
bestEnergy="-18.0" averageEnergy="-9.6212" worstEnergy="-2.0" bestConformation="Conformation 10.0 -10.0 Frrrlrfflrlflrrffrfffrlrlflffrlrfrrllffffflflrfrrlrfllrrfrflrflrllrllfrrlflrfrflrfllrlfflrrlrffffff"/>
	<trajectory sample="384" generation="384000" 
bestEnergy="-18.0" averageEnergy="-9.6212" worstEnergy="-2.0" bestConformation="Conformation 10.0 -10.0 Frrrlrfflrlflrrffrfffrlrlflffrlrfrrllffffflflrfrrlrfllrrfrflrflrllrllfrrlflrfrflrfllrlfflrrlrffffff"/>
	<trajectory sample="385" generation="385000" 
bestEnergy="-18.0" averageEnergy="-9.6212" worstEnergy="-2.0" bestConformation="Conformation 10.0 -10.0 Frrrlrfflrlflrrffrfffrlrlflffrlrfrrllffffflflrfrrlrfllrrfrflrflrllrllfrrlflrfrflrfllrlfflrrlrffffff"/>
	<trajectory sample="386" generation="386000" 
bestEnergy="-18.0" averageEnergy="-9.6212" worstEnergy="-2.0" bestConformation="Conformation 10.0 -10.0 Frrrlrfflrlflrrffrfffrlrlflffrlrfrrllffffflflrfrrlrfllrrfrflrflrllrllfrrlflrfrflrfllrlfflrrlrffffff"/>
	<trajectory sample="387" generation="387000" 
bestEnergy="-18.0" averageEnergy="-9.6212" worstEnergy="-2.0" bestConformation="Conformation 10.0 -10.0 Frrrlrfflrlflrrffrfffrlrlflffrlrfrrllffffflflrfrrlrfllrrfrflrflrllrllfrrlflrfrflrfllrlfflrrlrffffff"/>
	<trajectory sample="388" generation="388000" 
bestEnergy="-18.0" averageEnergy="-9.6212" worstEnergy="-2.0" bestConformation="Conformation 10.0 -10.0 Frrrlrfflrlflrrffrfffrlrlflffrlrfrrllffffflflrfrrlrfllrrfrflrflrllrllfrrlflrfrflrfllrlfflrrlrffffff"/>
	<trajectory sample="389" generation="389000" 
bestEnergy="-18.0" averageEnergy="-9.6212" worstEnergy="-2.0" bestConformation="Conformation 10.0 -10.0 Frrrlrfflrlflrrffrfffrlrlflffrlrfrrllffffflflrfrrlrfllrrfrflrflrllrllfrrlflrfrflrfllrlfflrrlrffffff"/>
	<trajectory sample="390" generation="390000" 
bestEnergy="-18.0" averageEnergy="-9.6212" worstEnergy="-2.0" bestConformation="Conformation 10.0 -10.0 Frrrlrfflrlflrrffrfffrlrlflffrlrfrrllffffflflrfrrlrfllrrfrflrflrllrllfrrlflrfrflrfllrlfflrrlrffffff"/>
	<trajectory sample="391" generation="391000" 
bestEnergy="-18.0" averageEnergy="-9.6212" worstEnergy="-2.0" bestConformation="Conformation 10.0 -10.0 Frrrlrfflrlflrrffrfffrlrlflffrlrfrrllffffflflrfrrlrfllrrfrflrflrllrllfrrlflrfrflrfllrlfflrrlrffffff"/>
	<trajectory sample="392" generation="392000" 
bestEnergy="-18.0" averageEnergy="-9.6212" worstEnergy="-2.0" bestConformation="Conformation 10.0 -10.0 Frrrlrfflrlflrrffrfffrlrlflffrlrfrrllffffflflrfrrlrfllrrfrflrflrllrllfrrlflrfrflrfllrlfflrrlrffffff"/>
	<trajectory sample="393" generation="393000" 
bestEnergy="-18.0" averageEnergy="-9.6212" worstEnergy="-2.0" bestConformation="Conformation 10.0 -10.0 Frrrlrfflrlflrrffrfffrlrlflffrlrfrrllffffflflrfrrlrfllrrfrflrflrllrllfrrlflrfrflrfllrlfflrrlrffffff"/>
	<trajectory sample="394" generation="394000" 
bestEnergy="-18.0" averageEnergy="-9.6217" worstEnergy="-2.0" bestConformation="Conformation 10.0 -10.0 Frrrlrfflrlflrrffrfffrlrlflffrlrfrrllffffflflrfrrlrfllrrfrflrflrllrllfrrlflrfrflrfllrlfflrrlrffffff"/>
	<trajectory sample="395" generation="395000" 
bestEnergy="-18.0" averageEnergy="-9.6217" worstEnergy="-2.0" bestConformation="Conformation 10.0 -10.0 Frrrlrfflrlflrrffrfffrlrlflffrlrfrrllffffflflrfrrlrfllrrfrflrflrllrllfrrlflrfrflrfllrlfflrrlrffffff"/>
	<trajectory sample="396" generation="396000" 
bestEnergy="-18.0" averageEnergy="-9.6217" worstEnergy="-2.0" bestConformation="Conformation 10.0 -10.0 Frrrlrfflrlflrrffrfffrlrlflffrlrfrrllffffflflrfrrlrfllrrfrflrflrllrllfrrlflrfrflrfllrlfflrrlrffffff"/>
	<trajectory sample="397" generation="397000" 
bestEnergy="-18.0" averageEnergy="-9.6217" worstEnergy="-2.0" bestConformation="Conformation 10.0 -10.0 Frrrlrfflrlflrrffrfffrlrlflffrlrfrrllffffflflrfrrlrfllrrfrflrflrllrllfrrlflrfrflrfllrlfflrrlrffffff"/>
	<trajectory sample="398" generation="398000" 
bestEnergy="-18.0" averageEnergy="-9.6217" worstEnergy="-2.0" bestConformation="Conformation 10.0 -10.0 Frrrlrfflrlflrrffrfffrlrlflffrlrfrrllffffflflrfrrlrfllrrfrflrflrllrllfrrlflrfrflrfllrlfflrrlrffffff"/>
	<trajectory sample="399" generation="399000" 
bestEnergy="-18.0" averageEnergy="-9.6217" worstEnergy="-2.0" bestConformation="Conformation 10.0 -10.0 Frrrlrfflrlflrrffrfffrlrlflffrlrfrrllffffflflrfrrlrfllrrfrflrflrllrllfrrlflrfrflrfllrlfflrrlrffffff"/>
	<trajectory sample="400" generation="400000" 
bestEnergy="-18.0" averageEnergy="-9.6217" worstEnergy="-2.0" bestConformation="Conformation 10.0 -10.0 Frrrlrfflrlflrrffrfffrlrlflffrlrfrrllffffflflrfrrlrfllrrfrflrflrllrllfrrlflrfrflrfllrlfflrrlrffffff"/>
</run>
<run              number="2" numberOfGenerations="400001"      populationSize="10000">
	<trajectory sample="0" generation="0" 
bestEnergy="-27.0" averageEnergy="-10.721" worstEnergy="-1.0" bestConformation="Conformation 5.0 -5.0 Flllfrrlrrlrfffrfffffrlffrrflffrlffffffflrlrfflffrlrfrlffllrlrlrrfllrfrflfrflrrfrflflfrrffllfrfrllr"/>
	<trajectory sample="1" generation="1000" 
bestEnergy="-27.0" averageEnergy="-10.7151" worstEnergy="-1.0" bestConformation="Conformation 5.0 -5.0 Flllfrrlrrlrfffrfffffrlffrrflffrlffffffflrlrfflffrlrfrlffllrlrlrrfllrfrflfrflrrfrflflfrrffllfrfrllr"/>
	<trajectory sample="2" generation="2000" 
bestEnergy="-27.0" averageEnergy="-10.6867" worstEnergy="-1.0" bestConformation="Conformation 5.0 -5.0 Flllfrrlrrlrfffrfffffrlffrrflffrlffffffflrlrfflffrlrfrlffllrlrlrrfllrfrflfrflrrfrflflfrrffllfrfrllr"/>
	<trajectory sample="3" generation="3000" 
bestEnergy="-27.0" averageEnergy="-10.6497" worstEnergy="-1.0" bestConformation="Conformation 5.0 -5.0 Flllfrrlrrlrfffrfffffrlffrrflffrlffffffflrlrfflffrlrfrlffllrlrlrrfllrfrflfrflrrfrflflfrrffllfrfrllr"/>
	<trajectory sample="4" generation="4000" 
bestEnergy="-27.0" averageEnergy="-10.5693" worstEnergy="-1.0" bestConformation="Conformation 5.0 -5.0 Flllfrrlrrlrfffrfffffrlffrrflffrlffffffflrlrfflffrlrfrlffllrlrlrrfllrfrflfrflrrfrflflfrrffllfrfrllr"/>
	<trajectory sample="5" generation="5000" 
bestEnergy="-27.0" averageEnergy="-10.4747" worstEnergy="-1.0" bestConformation="Conformation 5.0 -5.0 Flllfrrlrrlrfffrfffffrlffrrflffrlffffffflrlrfflffrlrfrlffllrlrlrrfllrfrflfrflrrfrflflfrrffllfrfrllr"/>
	<trajectory sample="6" generation="6000" 
bestEnergy="-27.0" averageEnergy="-10.3503" worstEnergy="-1.0" bestConformation="Conformation 5.0 -5.0 Flllfrrlrrlrfffrfffffrlffrrflffrlffffffflrlrfflffrlrfrlffllrlrlrrfllrfrflfrflrrfrflflfrrffllfrfrllr"/>
	<trajectory sample="7" generation="7000" 
bestEnergy="-27.0" averageEnergy="-10.2224" worstEnergy="-1.0" bestConformation="Conformation 5.0 -5.0 Flllfrrlrrlrfffrfffffrlffrrflffrlffffffflrlrfflffrlrfrlffllrlrlrrfllrfrflfrflrrfrflflfrrffllfrfrllr"/>
	<trajectory sample="8" generation="8000" 
bestEnergy="-27.0" averageEnergy="-10.0747" worstEnergy="-1.0" bestConformation="Conformation 5.0 -5.0 Flllfrrlrrlrfffrfffffrlffrrflffrlffffffflrlrfflffrlrfrlffllrlrlrrfllrfrflfrflrrfrflflfrrffllfrfrllr"/>
	<trajectory sample="9" generation="9000" 
bestEnergy="-27.0" averageEnergy="-9.8916" worstEnergy="-1.0" bestConformation="Conformation 5.0 -5.0 Flllfrrlrrlrfffrfffffrlffrrflffrlffffffflrlrfflffrlrfrlffllrlrlrrfllrfrflfrflrrfrflflfrrffllfrfrllr"/>
	<trajectory sample="10" generation="10000" 
bestEnergy="-27.0" averageEnergy="-9.7046" worstEnergy="-1.0" bestConformation="Conformation 5.0 -5.0 Flllfrrlrrlrfffrfffffrlffrrflffrlffffffflrlrfflffrlrfrlffllrlrlrrfllrfrflfrflrrfrflflfrrffllfrfrllr"/>
	<trajectory sample="11" generation="11000" 
bestEnergy="-27.0" averageEnergy="-9.4903" worstEnergy="-1.0" bestConformation="Conformation 5.0 -5.0 Flllfrrlrrlrfffrfffffrlffrrflffrlffffffflrlrfflffrlrfrlffllrlrlrrfllrfrflfrflrrfrflflfrrffllfrfrllr"/>
	<trajectory sample="12" generation="12000" 
bestEnergy="-27.0" averageEnergy="-9.2698" worstEnergy="-1.0" bestConformation="Conformation 5.0 -5.0 Flllfrrlrrlrfffrfffffrlffrrflffrlffffffflrlrfflffrlrfrlffllrlrlrrfllrfrflfrflrrfrflflfrrffllfrfrllr"/>
	<trajectory sample="13" generation="13000" 
bestEnergy="-26.0" averageEnergy="-9.0293" worstEnergy="-1.0" bestConformation="Conformation 5.0 -5.0 Flllfrrlrrlrfffrfffffrlffrrflffrlffffffflrlrfflffrlrfrlffllrlrlrrfllrfrflfrflrrfrflflfrrffllfrfrllr"/>
	<trajectory sample="14" generation="14000" 
bestEnergy="-26.0" averageEnergy="-8.8108" worstEnergy="-1.0" bestConformation="Conformation 5.0 -5.0 Flllfrrlrrlrfffrfffffrlffrrflffrlffffffflrlrfflffrlrfrlffllrlrlrrfllrfrflfrflrrfrflflfrrffllfrfrllr"/>
	<trajectory sample="15" generation="15000" 
bestEnergy="-26.0" averageEnergy="-8.6052" worstEnergy="-1.0" bestConformation="Conformation 5.0 -5.0 Flllfrrlrrlrfffrfffffrlffrrflffrlffffffflrlrfflffrlrfrlffllrlrlrrfllrfrflfrflrrfrflflfrrffllfrfrllr"/>
	<trajectory sample="16" generation="16000" 
bestEnergy="-26.0" averageEnergy="-8.3749" worstEnergy="-2.0" bestConformation="Conformation 5.0 -5.0 Flllfrrlrrlrfffrfffffrlffrrflffrlffffffflrlrfflffrlrfrlffllrlrlrrfllrfrflfrflrrfrflflfrrffllfrfrllr"/>
	<trajectory sample="17" generation="17000" 
bestEnergy="-26.0" averageEnergy="-8.1518" worstEnergy="-2.0" bestConformation="Conformation 5.0 -5.0 Flllfrrlrrlrfffrfffffrlffrrflffrlffffffflrlrfflffrlrfrlffllrlrlrrfllrfrflfrflrrfrflflfrrffllfrfrllr"/>
	<trajectory sample="18" generation="18000" 
bestEnergy="-26.0" averageEnergy="-7.9277" worstEnergy="-2.0" bestConformation="Conformation 5.0 -5.0 Flllfrrlrrlrfffrfffffrlffrrflffrlffffffflrlrfflffrlrfrlffllrlrlrrfllrfrflfrflrrfrflflfrrffllfrfrllr"/>
	<trajectory sample="19" generation="19000" 
bestEnergy="-26.0" averageEnergy="-7.7264" worstEnergy="-2.0" bestConformation="Conformation 5.0 -5.0 Flllfrrlrrlrfffrfffffrlffrrflffrlffffffflrlrfflffrlrfrlffllrlrlrrfllrfrflfrflrrfrflflfrrffllfrfrllr"/>
	<trajectory sample="20" generation="20000" 
bestEnergy="-26.0" averageEnergy="-7.5109" worstEnergy="-2.0" bestConformation="Conformation 5.0 -5.0 Flllfrrlrrlrfffrfffffrlffrrflffrlffffffflrlrfflffrlrfrlffllrlrlrrfllrfrflfrflrrfrflflfrrffllfrfrllr"/>
	<trajectory sample="21" generation="21000" 
bestEnergy="-26.0" averageEnergy="-7.299" worstEnergy="-2.0" bestConformation="Conformation 5.0 -5.0 Flllfrrlrrlrfffrfffffrlffrrflffrlffffffflrlrfflffrlrfrlffllrlrlrrfllrfrflfrflrrfrflflfrrffllfrfrllr"/>
	<trajectory sample="22" generation="22000" 
bestEnergy="-26.0" averageEnergy="-7.1253" worstEnergy="-2.0" bestConformation="Conformation 5.0 -5.0 Flllfrrlrrlrfffrfffffrlffrrflffrlffffffflrlrfflffrlrfrlffllrlrlrrfllrfrflfrflrrfrflflfrrffllfrfrllr"/>
	<trajectory sample="23" generation="23000" 
bestEnergy="-26.0" averageEnergy="-6.9389" worstEnergy="-2.0" bestConformation="Conformation 5.0 -5.0 Flllfrrlrrlrfffrfffffrlffrrflffrlffffffflrlrfflffrlrfrlffllrlrlrrfllrfrflfrflrrfrflflfrrffllfrfrllr"/>
	<trajectory sample="24" generation="24000" 
bestEnergy="-26.0" averageEnergy="-6.7803" worstEnergy="-2.0" bestConformation="Conformation 5.0 -5.0 Flllfrrlrrlrfffrfffffrlffrrflffrlffffffflrlrfflffrlrfrlffllrlrlrrfllrfrflfrflrrfrflflfrrffllfrfrllr"/>
	<trajectory sample="25" generation="25000" 
bestEnergy="-26.0" averageEnergy="-6.6278" worstEnergy="-2.0" bestConformation="Conformation 5.0 -5.0 Flllfrrlrrlrfffrfffffrlffrrflffrlffffffflrlrfflffrlrfrlffllrlrlrrfllrfrflfrflrrfrflflfrrffllfrfrllr"/>
	<trajectory sample="26" generation="26000" 
bestEnergy="-26.0" averageEnergy="-6.4709" worstEnergy="-2.0" bestConformation="Conformation 5.0 -5.0 Flllfrrlrrlrfffrfffffrlffrrflffrlffffffflrlrfflffrlrfrlffllrlrlrrfllrfrflfrflrrfrflflfrrffllfrfrllr"/>
	<trajectory sample="27" generation="27000" 
bestEnergy="-26.0" averageEnergy="-6.341" worstEnergy="-2.0" bestConformation="Conformation 5.0 -5.0 Flllfrrlrrlrfffrfffffrlffrrflffrlffffffflrlrfflffrlrfrlffllrlrlrrfllrfrflfrflrrfrflflfrrffllfrfrllr"/>
	<trajectory sample="28" generation="28000" 
bestEnergy="-26.0" averageEnergy="-6.2278" worstEnergy="-2.0" bestConformation="Conformation 5.0 -5.0 Flllfrrlrrlrfffrfffffrlffrrflffrlffffffflrlrfflffrlrfrlffllrlrlrrfllrfrflfrflrrfrflflfrrffllfrfrllr"/>
	<trajectory sample="29" generation="29000" 
bestEnergy="-26.0" averageEnergy="-6.1301" worstEnergy="-2.0" bestConformation="Conformation 5.0 -5.0 Flllfrrlrrlrfffrfffffrlffrrflffrlffffffflrlrfflffrlrfrlffllrlrlrrfllrfrflfrflrrfrflflfrrffllfrfrllr"/>
	<trajectory sample="30" generation="30000" 
bestEnergy="-26.0" averageEnergy="-6.0172" worstEnergy="-2.0" bestConformation="Conformation 5.0 -5.0 Flllfrrlrrlrfffrfffffrlffrrflffrlffffffflrlrfflffrlrfrlffllrlrlrrfllrfrflfrflrrfrflflfrrffllfrfrllr"/>
	<trajectory sample="31" generation="31000" 
bestEnergy="-26.0" averageEnergy="-5.9148" worstEnergy="-2.0" bestConformation="Conformation 5.0 -5.0 Flllfrrlrrlrfffrfffffrlffrrflffrlffffffflrlrfflffrlrfrlffllrlrlrrfllrfrflfrflrrfrflflfrrffllfrfrllr"/>
	<trajectory sample="32" generation="32000" 
bestEnergy="-26.0" averageEnergy="-5.8211" worstEnergy="-2.0" bestConformation="Conformation 5.0 -5.0 Flllfrrlrrlrfffrfffffrlffrrflffrlffffffflrlrfflffrlrfrlffllrlrlrrfllrfrflfrflrrfrflflfrrffllfrfrllr"/>
	<trajectory sample="33" generation="33000" 
bestEnergy="-26.0" averageEnergy="-5.7334" worstEnergy="-2.0" bestConformation="Conformation 5.0 -5.0 Flllfrrlrrlrfffrfffffrlffrrflffrlffffffflrlrfflffrlrfrlffllrlrlrrfllrfrflfrflrrfrflflfrrffllfrfrllr"/>
	<trajectory sample="34" generation="34000" 
bestEnergy="-26.0" averageEnergy="-5.6602" worstEnergy="-2.0" bestConformation="Conformation 5.0 -5.0 Flllfrrlrrlrfffrfffffrlffrrflffrlffffffflrlrfflffrlrfrlffllrlrlrrfllrfrflfrflrrfrflflfrrffllfrfrllr"/>
	<trajectory sample="35" generation="35000" 
bestEnergy="-26.0" averageEnergy="-5.5879" worstEnergy="-2.0" bestConformation="Conformation 5.0 -5.0 Flllfrrlrrlrfffrfffffrlffrrflffrlffffffflrlrfflffrlrfrlffllrlrlrrfllrfrflfrflrrfrflflfrrffllfrfrllr"/>
	<trajectory sample="36" generation="36000" 
bestEnergy="-26.0" averageEnergy="-5.526" worstEnergy="-2.0" bestConformation="Conformation 5.0 -5.0 Flllfrrlrrlrfffrfffffrlffrrflffrlffffffflrlrfflffrlrfrlffllrlrlrrfllrfrflfrflrrfrflflfrrffllfrfrllr"/>
	<trajectory sample="37" generation="37000" 
bestEnergy="-26.0" averageEnergy="-5.4515" worstEnergy="-2.0" bestConformation="Conformation 5.0 -5.0 Flllfrrlrrlrfffrfffffrlffrrflffrlffffffflrlrfflffrlrfrlffllrlrlrrfllrfrflfrflrrfrflflfrrffllfrfrllr"/>
	<trajectory sample="38" generation="38000" 
bestEnergy="-26.0" averageEnergy="-5.3939" worstEnergy="-2.0" bestConformation="Conformation 5.0 -5.0 Flllfrrlrrlrfffrfffffrlffrrflffrlffffffflrlrfflffrlrfrlffllrlrlrrfllrfrflfrflrrfrflflfrrffllfrfrllr"/>
	<trajectory sample="39" generation="39000" 
bestEnergy="-26.0" averageEnergy="-5.3476" worstEnergy="-2.0" bestConformation="Conformation 5.0 -5.0 Flllfrrlrrlrfffrfffffrlffrrflffrlffffffflrlrfflffrlrfrlffllrlrlrrfllrfrflfrflrrfrflflfrrffllfrfrllr"/>
	<trajectory sample="40" generation="40000" 
bestEnergy="-26.0" averageEnergy="-5.3067" worstEnergy="-2.0" bestConformation="Conformation 5.0 -5.0 Flllfrrlrrlrfffrfffffrlffrrflffrlffffffflrlrfflffrlrfrlffllrlrlrrfllrfrflfrflrrfrflflfrrffllfrfrllr"/>
	<trajectory sample="41" generation="41000" 
bestEnergy="-26.0" averageEnergy="-5.2726" worstEnergy="-2.0" bestConformation="Conformation 5.0 -5.0 Flllfrrlrrlrfffrfffffrlffrrflffrlffffffflrlrfflffrlrfrlffllrlrlrrfllrfrflfrflrrfrflflfrrffllfrfrllr"/>
	<trajectory sample="42" generation="42000" 
bestEnergy="-26.0" averageEnergy="-5.2422" worstEnergy="-2.0" bestConformation="Conformation 5.0 -5.0 Flllfrrlrrlrfffrfffffrlffrrflffrlffffffflrlrfflffrlrfrlffllrlrlrrfllrfrflfrflrrfrflflfrrffllfrfrllr"/>
	<trajectory sample="43" generation="43000" 
bestEnergy="-26.0" averageEnergy="-5.2207" worstEnergy="-2.0" bestConformation="Conformation 5.0 -5.0 Flllfrrlrrlrfffrfffffrlffrrflffrlffffffflrlrfflffrlrfrlffllrlrlrrfllrfrflfrflrrfrflflfrrffllfrfrllr"/>
	<trajectory sample="44" generation="44000" 
bestEnergy="-26.0" averageEnergy="-5.1989" worstEnergy="-2.0" bestConformation="Conformation 5.0 -5.0 Flllfrrlrrlrfffrfffffrlffrrflffrlffffffflrlrfflffrlrfrlffllrlrlrrfllrfrflfrflrrfrflflfrrffllfrfrllr"/>
	<trajectory sample="45" generation="45000" 
bestEnergy="-26.0" averageEnergy="-5.1638" worstEnergy="-2.0" bestConformation="Conformation 5.0 -5.0 Flllfrrlrrlrfffrfffffrlffrrflffrlffffffflrlrfflffrlrfrlffllrlrlrrfllrfrflfrflrrfrflflfrrffllfrfrllr"/>
	<trajectory sample="46" generation="46000" 
bestEnergy="-26.0" averageEnergy="-5.1515" worstEnergy="-2.0" bestConformation="Conformation 5.0 -5.0 Flllfrrlrrlrfffrfffffrlffrrflffrlffffffflrlrfflffrlrfrlffllrlrlrrfllrfrflfrflrrfrflflfrrffllfrfrllr"/>
	<trajectory sample="47" generation="47000" 
bestEnergy="-26.0" averageEnergy="-5.1374" worstEnergy="-2.0" bestConformation="Conformation 5.0 -5.0 Flllfrrlrrlrfffrfffffrlffrrflffrlffffffflrlrfflffrlrfrlffllrlrlrrfllrfrflfrflrrfrflflfrrffllfrfrllr"/>
	<trajectory sample="48" generation="48000" 
bestEnergy="-26.0" averageEnergy="-5.1184" worstEnergy="-2.0" bestConformation="Conformation 5.0 -5.0 Flllfrrlrrlrfffrfffffrlffrrflffrlffffffflrlrfflffrlrfrlffllrlrlrrfllrfrflfrflrrfrflflfrrffllfrfrllr"/>
	<trajectory sample="49" generation="49000" 
bestEnergy="-23.0" averageEnergy="-5.1009" worstEnergy="-2.0" bestConformation="Conformation 5.0 -5.0 Flllfrrlrrlrfffrfffffrlffrrflffrlffffffflrlrfflffrlrfrlffllrlrlrrfllrfrflfrflrrfrflflfrrffllfrfrllr"/>
	<trajectory sample="50" generation="50000" 
bestEnergy="-23.0" averageEnergy="-5.0869" worstEnergy="-2.0" bestConformation="Conformation 5.0 -5.0 Flllfrrlrrlrfffrfffffrlffrrflffrlffffffflrlrfflffrlrfrlffllrlrlrrfllrfrflfrflrrfrflflfrrffllfrfrllr"/>
	<trajectory sample="51" generation="51000" 
bestEnergy="-23.0" averageEnergy="-5.0725" worstEnergy="-2.0" bestConformation="Conformation 5.0 -5.0 Flllfrrlrrlrfffrfffffrlffrrflffrlffffffflrlrfflffrlrfrlffllrlrlrrfllrfrflfrflrrfrflflfrrffllfrfrllr"/>
	<trajectory sample="52" generation="52000" 
bestEnergy="-23.0" averageEnergy="-5.0651" worstEnergy="-2.0" bestConformation="Conformation 5.0 -5.0 Flllfrrlrrlrfffrfffffrlffrrflffrlffffffflrlrfflffrlrfrlffllrlrlrrfllrfrflfrflrrfrflflfrrffllfrfrllr"/>
	<trajectory sample="53" generation="53000" 
bestEnergy="-23.0" averageEnergy="-5.0509" worstEnergy="-2.0" bestConformation="Conformation 5.0 -5.0 Flllfrrlrrlrfffrfffffrlffrrflffrlffffffflrlrfflffrlrfrlffllrlrlrrfllrfrflfrflrrfrflflfrrffllfrfrllr"/>
	<trajectory sample="54" generation="54000" 
bestEnergy="-23.0" averageEnergy="-5.0437" worstEnergy="-2.0" bestConformation="Conformation 5.0 -5.0 Flllfrrlrrlrfffrfffffrlffrrflffrlffffffflrlrfflffrlrfrlffllrlrlrrfllrfrflfrflrrfrflflfrrffllfrfrllr"/>
	<trajectory sample="55" generation="55000" 
bestEnergy="-23.0" averageEnergy="-5.0387" worstEnergy="-2.0" bestConformation="Conformation 5.0 -5.0 Flllfrrlrrlrfffrfffffrlffrrflffrlffffffflrlrfflffrlrfrlffllrlrlrrfllrfrflfrflrrfrflflfrrffllfrfrllr"/>
	<trajectory sample="56" generation="56000" 
bestEnergy="-23.0" averageEnergy="-5.0362" worstEnergy="-2.0" bestConformation="Conformation 5.0 -5.0 Flllfrrlrrlrfffrfffffrlffrrflffrlffffffflrlrfflffrlrfrlffllrlrlrrfllrfrflfrflrrfrflflfrrffllfrfrllr"/>
	<trajectory sample="57" generation="57000" 
bestEnergy="-23.0" averageEnergy="-5.0311" worstEnergy="-2.0" bestConformation="Conformation 5.0 -5.0 Flllfrrlrrlrfffrfffffrlffrrflffrlffffffflrlrfflffrlrfrlffllrlrlrrfllrfrflfrflrrfrflflfrrffllfrfrllr"/>
	<trajectory sample="58" generation="58000" 
bestEnergy="-23.0" averageEnergy="-5.0244" worstEnergy="-2.0" bestConformation="Conformation 5.0 -5.0 Flllfrrlrrlrfffrfffffrlffrrflffrlffffffflrlrfflffrlrfrlffllrlrlrrfllrfrflfrflrrfrflflfrrffllfrfrllr"/>
	<trajectory sample="59" generation="59000" 
bestEnergy="-23.0" averageEnergy="-5.0207" worstEnergy="-2.0" bestConformation="Conformation 5.0 -5.0 Flllfrrlrrlrfffrfffffrlffrrflffrlffffffflrlrfflffrlrfrlffllrlrlrrfllrfrflfrflrrfrflflfrrffllfrfrllr"/>
	<trajectory sample="60" generation="60000" 
bestEnergy="-23.0" averageEnergy="-5.0181" worstEnergy="-2.0" bestConformation="Conformation 5.0 -5.0 Flllfrrlrrlrfffrfffffrlffrrflffrlffffffflrlrfflffrlrfrlffllrlrlrrfllrfrflfrflrrfrflflfrrffllfrfrllr"/>
	<trajectory sample="61" generation="61000" 
bestEnergy="-23.0" averageEnergy="-5.0146" worstEnergy="-2.0" bestConformation="Conformation 5.0 -5.0 Flllfrrlrrlrfffrfffffrlffrrflffrlffffffflrlrfflffrlrfrlffllrlrlrrfllrfrflfrflrrfrflflfrrffllfrfrllr"/>
	<trajectory sample="62" generation="62000" 
bestEnergy="-23.0" averageEnergy="-5.0124" worstEnergy="-2.0" bestConformation="Conformation 5.0 -5.0 Flllfrrlrrlrfffrfffffrlffrrflffrlffffffflrlrfflffrlrfrlffllrlrlrrfllrfrflfrflrrfrflflfrrffllfrfrllr"/>
	<trajectory sample="63" generation="63000" 
bestEnergy="-23.0" averageEnergy="-5.0085" worstEnergy="-2.0" bestConformation="Conformation 5.0 -5.0 Flllfrrlrrlrfffrfffffrlffrrflffrlffffffflrlrfflffrlrfrlffllrlrlrrfllrfrflfrflrrfrflflfrrffllfrfrllr"/>
	<trajectory sample="64" generation="64000" 
bestEnergy="-23.0" averageEnergy="-5.0038" worstEnergy="-2.0" bestConformation="Conformation 5.0 -5.0 Flllfrrlrrlrfffrfffffrlffrrflffrlffffffflrlrfflffrlrfrlffllrlrlrrfllrfrflfrflrrfrflflfrrffllfrfrllr"/>
	<trajectory sample="65" generation="65000" 
bestEnergy="-23.0" averageEnergy="-5.0028" worstEnergy="-2.0" bestConformation="Conformation 5.0 -5.0 Flllfrrlrrlrfffrfffffrlffrrflffrlffffffflrlrfflffrlrfrlffllrlrlrrfllrfrflfrflrrfrflflfrrffllfrfrllr"/>
	<trajectory sample="66" generation="66000" 
bestEnergy="-19.0" averageEnergy="-5.001" worstEnergy="-2.0" bestConformation="Conformation 5.0 -5.0 Flllfrrlrrlrfffrfffffrlffrrflffrlffffffflrlrfflffrlrfrlffllrlrlrrfllrfrflfrflrrfrflflfrrffllfrfrllr"/>
	<trajectory sample="67" generation="67000" 
bestEnergy="-16.0" averageEnergy="-4.9977" worstEnergy="-2.0" bestConformation="Conformation 5.0 -5.0 Flllfrrlrrlrfffrfffffrlffrrflffrlffffffflrlrfflffrlrfrlffllrlrlrrfllrfrflfrflrrfrflflfrrffllfrfrllr"/>
	<trajectory sample="68" generation="68000" 
bestEnergy="-14.0" averageEnergy="-4.9938" worstEnergy="-2.0" bestConformation="Conformation 5.0 -5.0 Flllfrrlrrlrfffrfffffrlffrrflffrlffffffflrlrfflffrlrfrlffllrlrlrrfllrfrflfrflrrfrflflfrrffllfrfrllr"/>
	<trajectory sample="69" generation="69000" 
bestEnergy="-14.0" averageEnergy="-4.9938" worstEnergy="-2.0" bestConformation="Conformation 5.0 -5.0 Flllfrrlrrlrfffrfffffrlffrrflffrlffffffflrlrfflffrlrfrlffllrlrlrrfllrfrflfrflrrfrflflfrrffllfrfrllr"/>
	<trajectory sample="70" generation="70000" 
bestEnergy="-14.0" averageEnergy="-4.9928" worstEnergy="-2.0" bestConformation="Conformation 5.0 -5.0 Flllfrrlrrlrfffrfffffrlffrrflffrlffffffflrlrfflffrlrfrlffllrlrlrrfllrfrflfrflrrfrflflfrrffllfrfrllr"/>
	<trajectory sample="71" generation="71000" 
bestEnergy="-14.0" averageEnergy="-4.9921" worstEnergy="-2.0" bestConformation="Conformation 5.0 -5.0 Flllfrrlrrlrfffrfffffrlffrrflffrlffffffflrlrfflffrlrfrlffllrlrlrrfllrfrflfrflrrfrflflfrrffllfrfrllr"/>
	<trajectory sample="72" generation="72000" 
bestEnergy="-14.0" averageEnergy="-4.991" worstEnergy="-2.0" bestConformation="Conformation 5.0 -5.0 Flllfrrlrrlrfffrfffffrlffrrflffrlffffffflrlrfflffrlrfrlffllrlrlrrfllrfrflfrflrrfrflflfrrffllfrfrllr"/>
	<trajectory sample="73" generation="73000" 
bestEnergy="-14.0" averageEnergy="-4.991" worstEnergy="-2.0" bestConformation="Conformation 5.0 -5.0 Flllfrrlrrlrfffrfffffrlffrrflffrlffffffflrlrfflffrlrfrlffllrlrlrrfllrfrflfrflrrfrflflfrrffllfrfrllr"/>
	<trajectory sample="74" generation="74000" 
bestEnergy="-14.0" averageEnergy="-4.991" worstEnergy="-2.0" bestConformation="Conformation 5.0 -5.0 Flllfrrlrrlrfffrfffffrlffrrflffrlffffffflrlrfflffrlrfrlffllrlrlrrfllrfrflfrflrrfrflflfrrffllfrfrllr"/>
	<trajectory sample="75" generation="75000" 
bestEnergy="-14.0" averageEnergy="-4.991" worstEnergy="-2.0" bestConformation="Conformation 5.0 -5.0 Flllfrrlrrlrfffrfffffrlffrrflffrlffffffflrlrfflffrlrfrlffllrlrlrrfllrfrflfrflrrfrflflfrrffllfrfrllr"/>
	<trajectory sample="76" generation="76000" 
bestEnergy="-14.0" averageEnergy="-4.9906" worstEnergy="-2.0" bestConformation="Conformation 5.0 -5.0 Flllfrrlrrlrfffrfffffrlffrrflffrlffffffflrlrfflffrlrfrlffllrlrlrrfllrfrflfrflrrfrflflfrrffllfrfrllr"/>
	<trajectory sample="77" generation="77000" 
bestEnergy="-14.0" averageEnergy="-4.9906" worstEnergy="-2.0" bestConformation="Conformation 5.0 -5.0 Flllfrrlrrlrfffrfffffrlffrrflffrlffffffflrlrfflffrlrfrlffllrlrlrrfllrfrflfrflrrfrflflfrrffllfrfrllr"/>
	<trajectory sample="78" generation="78000" 
bestEnergy="-14.0" averageEnergy="-4.9906" worstEnergy="-2.0" bestConformation="Conformation 5.0 -5.0 Flllfrrlrrlrfffrfffffrlffrrflffrlffffffflrlrfflffrlrfrlffllrlrlrrfllrfrflfrflrrfrflflfrrffllfrfrllr"/>
	<trajectory sample="79" generation="79000" 
bestEnergy="-14.0" averageEnergy="-4.9906" worstEnergy="-2.0" bestConformation="Conformation 5.0 -5.0 Flllfrrlrrlrfffrfffffrlffrrflffrlffffffflrlrfflffrlrfrlffllrlrlrrfllrfrflfrflrrfrflflfrrffllfrfrllr"/>
	<trajectory sample="80" generation="80000" 
bestEnergy="-14.0" averageEnergy="-4.9904" worstEnergy="-2.0" bestConformation="Conformation 5.0 -5.0 Flllfrrlrrlrfffrfffffrlffrrflffrlffffffflrlrfflffrlrfrlffllrlrlrrfllrfrflfrflrrfrflflfrrffllfrfrllr"/>
	<trajectory sample="81" generation="81000" 
bestEnergy="-14.0" averageEnergy="-4.9902" worstEnergy="-2.0" bestConformation="Conformation 5.0 -5.0 Flllfrrlrrlrfffrfffffrlffrrflffrlffffffflrlrfflffrlrfrlffllrlrlrrfllrfrflfrflrrfrflflfrrffllfrfrllr"/>
	<trajectory sample="82" generation="82000" 
bestEnergy="-14.0" averageEnergy="-4.9897" worstEnergy="-2.0" bestConformation="Conformation 5.0 -5.0 Flllfrrlrrlrfffrfffffrlffrrflffrlffffffflrlrfflffrlrfrlffllrlrlrrfllrfrflfrflrrfrflflfrrffllfrfrllr"/>
	<trajectory sample="83" generation="83000" 
bestEnergy="-14.0" averageEnergy="-4.9897" worstEnergy="-2.0" bestConformation="Conformation 5.0 -5.0 Flllfrrlrrlrfffrfffffrlffrrflffrlffffffflrlrfflffrlrfrlffllrlrlrrfllrfrflfrflrrfrflflfrrffllfrfrllr"/>
	<trajectory sample="84" generation="84000" 
bestEnergy="-14.0" averageEnergy="-4.9893" worstEnergy="-2.0" bestConformation="Conformation 5.0 -5.0 Flllfrrlrrlrfffrfffffrlffrrflffrlffffffflrlrfflffrlrfrlffllrlrlrrfllrfrflfrflrrfrflflfrrffllfrfrllr"/>
	<trajectory sample="85" generation="85000" 
bestEnergy="-14.0" averageEnergy="-4.9889" worstEnergy="-2.0" bestConformation="Conformation 5.0 -5.0 Flllfrrlrrlrfffrfffffrlffrrflffrlffffffflrlrfflffrlrfrlffllrlrlrrfllrfrflfrflrrfrflflfrrffllfrfrllr"/>
	<trajectory sample="86" generation="86000" 
bestEnergy="-14.0" averageEnergy="-4.9887" worstEnergy="-2.0" bestConformation="Conformation 5.0 -5.0 Flllfrrlrrlrfffrfffffrlffrrflffrlffffffflrlrfflffrlrfrlffllrlrlrrfllrfrflfrflrrfrflflfrrffllfrfrllr"/>
	<trajectory sample="87" generation="87000" 
bestEnergy="-14.0" averageEnergy="-4.9887" worstEnergy="-2.0" bestConformation="Conformation 5.0 -5.0 Flllfrrlrrlrfffrfffffrlffrrflffrlffffffflrlrfflffrlrfrlffllrlrlrrfllrfrflfrflrrfrflflfrrffllfrfrllr"/>
	<trajectory sample="88" generation="88000" 
bestEnergy="-14.0" averageEnergy="-4.9887" worstEnergy="-2.0" bestConformation="Conformation 5.0 -5.0 Flllfrrlrrlrfffrfffffrlffrrflffrlffffffflrlrfflffrlrfrlffllrlrlrrfllrfrflfrflrrfrflflfrrffllfrfrllr"/>
	<trajectory sample="89" generation="89000" 
bestEnergy="-14.0" averageEnergy="-4.9887" worstEnergy="-2.0" bestConformation="Conformation 5.0 -5.0 Flllfrrlrrlrfffrfffffrlffrrflffrlffffffflrlrfflffrlrfrlffllrlrlrrfllrfrflfrflrrfrflflfrrffllfrfrllr"/>
	<trajectory sample="90" generation="90000" 
bestEnergy="-14.0" averageEnergy="-4.9887" worstEnergy="-2.0" bestConformation="Conformation 5.0 -5.0 Flllfrrlrrlrfffrfffffrlffrrflffrlffffffflrlrfflffrlrfrlffllrlrlrrfllrfrflfrflrrfrflflfrrffllfrfrllr"/>
	<trajectory sample="91" generation="91000" 
bestEnergy="-14.0" averageEnergy="-4.9887" worstEnergy="-2.0" bestConformation="Conformation 5.0 -5.0 Flllfrrlrrlrfffrfffffrlffrrflffrlffffffflrlrfflffrlrfrlffllrlrlrrfllrfrflfrflrrfrflflfrrffllfrfrllr"/>
	<trajectory sample="92" generation="92000" 
bestEnergy="-14.0" averageEnergy="-4.9887" worstEnergy="-2.0" bestConformation="Conformation 5.0 -5.0 Flllfrrlrrlrfffrfffffrlffrrflffrlffffffflrlrfflffrlrfrlffllrlrlrrfllrfrflfrflrrfrflflfrrffllfrfrllr"/>
	<trajectory sample="93" generation="93000" 
bestEnergy="-14.0" averageEnergy="-4.9887" worstEnergy="-2.0" bestConformation="Conformation 5.0 -5.0 Flllfrrlrrlrfffrfffffrlffrrflffrlffffffflrlrfflffrlrfrlffllrlrlrrfllrfrflfrflrrfrflflfrrffllfrfrllr"/>
	<trajectory sample="94" generation="94000" 
bestEnergy="0.0" averageEnergy="-4.9878" worstEnergy="-2.0" bestConformation="Conformation 5.0 -5.0 Flllfrrlrrlrfffrfffffrlffrrflffrlffffffflrlrfflffrlrfrlffllrlrlrrfllrfrflfrflrrfrflflfrrffllfrfrllr"/>
	<trajectory sample="95" generation="95000" 
bestEnergy="0.0" averageEnergy="-4.9878" worstEnergy="-2.0" bestConformation="Conformation 5.0 -5.0 Flllfrrlrrlrfffrfffffrlffrrflffrlffffffflrlrfflffrlrfrlffllrlrlrrfllrfrflfrflrrfrflflfrrffllfrfrllr"/>
	<trajectory sample="96" generation="96000" 
bestEnergy="0.0" averageEnergy="-4.9878" worstEnergy="-2.0" bestConformation="Conformation 5.0 -5.0 Flllfrrlrrlrfffrfffffrlffrrflffrlffffffflrlrfflffrlrfrlffllrlrlrrfllrfrflfrflrrfrflflfrrffllfrfrllr"/>
	<trajectory sample="97" generation="97000" 
bestEnergy="0.0" averageEnergy="-4.9878" worstEnergy="-2.0" bestConformation="Conformation 5.0 -5.0 Flllfrrlrrlrfffrfffffrlffrrflffrlffffffflrlrfflffrlrfrlffllrlrlrrfllrfrflfrflrrfrflflfrrffllfrfrllr"/>
	<trajectory sample="98" generation="98000" 
bestEnergy="0.0" averageEnergy="-4.9878" worstEnergy="-2.0" bestConformation="Conformation 5.0 -5.0 Flllfrrlrrlrfffrfffffrlffrrflffrlffffffflrlrfflffrlrfrlffllrlrlrrfllrfrflfrflrrfrflflfrrffllfrfrllr"/>
	<trajectory sample="99" generation="99000" 
bestEnergy="0.0" averageEnergy="-4.9878" worstEnergy="-2.0" bestConformation="Conformation 5.0 -5.0 Flllfrrlrrlrfffrfffffrlffrrflffrlffffffflrlrfflffrlrfrlffllrlrlrrfllrfrflfrflrrfrflflfrrffllfrfrllr"/>
	<trajectory sample="100" generation="100000" 
bestEnergy="0.0" averageEnergy="-4.9878" worstEnergy="-2.0" bestConformation="Conformation 5.0 -5.0 Flllfrrlrrlrfffrfffffrlffrrflffrlffffffflrlrfflffrlrfrlffllrlrlrrfllrfrflfrflrrfrflflfrrffllfrfrllr"/>
	<trajectory sample="101" generation="101000" 
bestEnergy="0.0" averageEnergy="-4.9878" worstEnergy="-2.0" bestConformation="Conformation 5.0 -5.0 Flllfrrlrrlrfffrfffffrlffrrflffrlffffffflrlrfflffrlrfrlffllrlrlrrfllrfrflfrflrrfrflflfrrffllfrfrllr"/>
	<trajectory sample="102" generation="102000" 
bestEnergy="0.0" averageEnergy="-4.9878" worstEnergy="-2.0" bestConformation="Conformation 5.0 -5.0 Flllfrrlrrlrfffrfffffrlffrrflffrlffffffflrlrfflffrlrfrlffllrlrlrrfllrfrflfrflrrfrflflfrrffllfrfrllr"/>
	<trajectory sample="103" generation="103000" 
bestEnergy="0.0" averageEnergy="-4.9878" worstEnergy="-2.0" bestConformation="Conformation 5.0 -5.0 Flllfrrlrrlrfffrfffffrlffrrflffrlffffffflrlrfflffrlrfrlffllrlrlrrfllrfrflfrflrrfrflflfrrffllfrfrllr"/>
	<trajectory sample="104" generation="104000" 
bestEnergy="0.0" averageEnergy="-4.9878" worstEnergy="-2.0" bestConformation="Conformation 5.0 -5.0 Flllfrrlrrlrfffrfffffrlffrrflffrlffffffflrlrfflffrlrfrlffllrlrlrrfllrfrflfrflrrfrflflfrrffllfrfrllr"/>
	<trajectory sample="105" generation="105000" 
bestEnergy="0.0" averageEnergy="-4.9878" worstEnergy="-2.0" bestConformation="Conformation 5.0 -5.0 Flllfrrlrrlrfffrfffffrlffrrflffrlffffffflrlrfflffrlrfrlffllrlrlrrfllrfrflfrflrrfrflflfrrffllfrfrllr"/>
	<trajectory sample="106" generation="106000" 
bestEnergy="0.0" averageEnergy="-4.9878" worstEnergy="-2.0" bestConformation="Conformation 5.0 -5.0 Flllfrrlrrlrfffrfffffrlffrrflffrlffffffflrlrfflffrlrfrlffllrlrlrrfllrfrflfrflrrfrflflfrrffllfrfrllr"/>
	<trajectory sample="107" generation="107000" 
bestEnergy="0.0" averageEnergy="-4.9878" worstEnergy="-2.0" bestConformation="Conformation 5.0 -5.0 Flllfrrlrrlrfffrfffffrlffrrflffrlffffffflrlrfflffrlrfrlffllrlrlrrfllrfrflfrflrrfrflflfrrffllfrfrllr"/>
	<trajectory sample="108" generation="108000" 
bestEnergy="0.0" averageEnergy="-4.9878" worstEnergy="-2.0" bestConformation="Conformation 5.0 -5.0 Flllfrrlrrlrfffrfffffrlffrrflffrlffffffflrlrfflffrlrfrlffllrlrlrrfllrfrflfrflrrfrflflfrrffllfrfrllr"/>
	<trajectory sample="109" generation="109000" 
bestEnergy="0.0" averageEnergy="-4.9878" worstEnergy="-2.0" bestConformation="Conformation 5.0 -5.0 Flllfrrlrrlrfffrfffffrlffrrflffrlffffffflrlrfflffrlrfrlffllrlrlrrfllrfrflfrflrrfrflflfrrffllfrfrllr"/>
	<trajectory sample="110" generation="110000" 
bestEnergy="0.0" averageEnergy="-4.9878" worstEnergy="-2.0" bestConformation="Conformation 5.0 -5.0 Flllfrrlrrlrfffrfffffrlffrrflffrlffffffflrlrfflffrlrfrlffllrlrlrrfllrfrflfrflrrfrflflfrrffllfrfrllr"/>
	<trajectory sample="111" generation="111000" 
bestEnergy="0.0" averageEnergy="-4.9878" worstEnergy="-2.0" bestConformation="Conformation 5.0 -5.0 Flllfrrlrrlrfffrfffffrlffrrflffrlffffffflrlrfflffrlrfrlffllrlrlrrfllrfrflfrflrrfrflflfrrffllfrfrllr"/>
	<trajectory sample="112" generation="112000" 
bestEnergy="0.0" averageEnergy="-4.9878" worstEnergy="-2.0" bestConformation="Conformation 5.0 -5.0 Flllfrrlrrlrfffrfffffrlffrrflffrlffffffflrlrfflffrlrfrlffllrlrlrrfllrfrflfrflrrfrflflfrrffllfrfrllr"/>
	<trajectory sample="113" generation="113000" 
bestEnergy="0.0" averageEnergy="-4.9878" worstEnergy="-2.0" bestConformation="Conformation 5.0 -5.0 Flllfrrlrrlrfffrfffffrlffrrflffrlffffffflrlrfflffrlrfrlffllrlrlrrfllrfrflfrflrrfrflflfrrffllfrfrllr"/>
	<trajectory sample="114" generation="114000" 
bestEnergy="0.0" averageEnergy="-4.9878" worstEnergy="-2.0" bestConformation="Conformation 5.0 -5.0 Flllfrrlrrlrfffrfffffrlffrrflffrlffffffflrlrfflffrlrfrlffllrlrlrrfllrfrflfrflrrfrflflfrrffllfrfrllr"/>
	<trajectory sample="115" generation="115000" 
bestEnergy="0.0" averageEnergy="-4.9878" worstEnergy="-2.0" bestConformation="Conformation 5.0 -5.0 Flllfrrlrrlrfffrfffffrlffrrflffrlffffffflrlrfflffrlrfrlffllrlrlrrfllrfrflfrflrrfrflflfrrffllfrfrllr"/>
	<trajectory sample="116" generation="116000" 
bestEnergy="0.0" averageEnergy="-4.9878" worstEnergy="-2.0" bestConformation="Conformation 5.0 -5.0 Flllfrrlrrlrfffrfffffrlffrrflffrlffffffflrlrfflffrlrfrlffllrlrlrrfllrfrflfrflrrfrflflfrrffllfrfrllr"/>
	<trajectory sample="117" generation="117000" 
bestEnergy="0.0" averageEnergy="-4.9878" worstEnergy="-2.0" bestConformation="Conformation 5.0 -5.0 Flllfrrlrrlrfffrfffffrlffrrflffrlffffffflrlrfflffrlrfrlffllrlrlrrfllrfrflfrflrrfrflflfrrffllfrfrllr"/>
	<trajectory sample="118" generation="118000" 
bestEnergy="0.0" averageEnergy="-4.9878" worstEnergy="-2.0" bestConformation="Conformation 5.0 -5.0 Flllfrrlrrlrfffrfffffrlffrrflffrlffffffflrlrfflffrlrfrlffllrlrlrrfllrfrflfrflrrfrflflfrrffllfrfrllr"/>
	<trajectory sample="119" generation="119000" 
bestEnergy="0.0" averageEnergy="-4.9878" worstEnergy="-2.0" bestConformation="Conformation 5.0 -5.0 Flllfrrlrrlrfffrfffffrlffrrflffrlffffffflrlrfflffrlrfrlffllrlrlrrfllrfrflfrflrrfrflflfrrffllfrfrllr"/>
	<trajectory sample="120" generation="120000" 
bestEnergy="0.0" averageEnergy="-4.9878" worstEnergy="-2.0" bestConformation="Conformation 5.0 -5.0 Flllfrrlrrlrfffrfffffrlffrrflffrlffffffflrlrfflffrlrfrlffllrlrlrrfllrfrflfrflrrfrflflfrrffllfrfrllr"/>
	<trajectory sample="121" generation="121000" 
bestEnergy="0.0" averageEnergy="-4.9878" worstEnergy="-2.0" bestConformation="Conformation 5.0 -5.0 Flllfrrlrrlrfffrfffffrlffrrflffrlffffffflrlrfflffrlrfrlffllrlrlrrfllrfrflfrflrrfrflflfrrffllfrfrllr"/>
	<trajectory sample="122" generation="122000" 
bestEnergy="0.0" averageEnergy="-4.9878" worstEnergy="-2.0" bestConformation="Conformation 5.0 -5.0 Flllfrrlrrlrfffrfffffrlffrrflffrlffffffflrlrfflffrlrfrlffllrlrlrrfllrfrflfrflrrfrflflfrrffllfrfrllr"/>
	<trajectory sample="123" generation="123000" 
bestEnergy="0.0" averageEnergy="-4.9878" worstEnergy="-2.0" bestConformation="Conformation 5.0 -5.0 Flllfrrlrrlrfffrfffffrlffrrflffrlffffffflrlrfflffrlrfrlffllrlrlrrfllrfrflfrflrrfrflflfrrffllfrfrllr"/>
	<trajectory sample="124" generation="124000" 
bestEnergy="0.0" averageEnergy="-4.9878" worstEnergy="-2.0" bestConformation="Conformation 5.0 -5.0 Flllfrrlrrlrfffrfffffrlffrrflffrlffffffflrlrfflffrlrfrlffllrlrlrrfllrfrflfrflrrfrflflfrrffllfrfrllr"/>
	<trajectory sample="125" generation="125000" 
bestEnergy="0.0" averageEnergy="-4.9878" worstEnergy="-2.0" bestConformation="Conformation 5.0 -5.0 Flllfrrlrrlrfffrfffffrlffrrflffrlffffffflrlrfflffrlrfrlffllrlrlrrfllrfrflfrflrrfrflflfrrffllfrfrllr"/>
	<trajectory sample="126" generation="126000" 
bestEnergy="0.0" averageEnergy="-4.9878" worstEnergy="-2.0" bestConformation="Conformation 5.0 -5.0 Flllfrrlrrlrfffrfffffrlffrrflffrlffffffflrlrfflffrlrfrlffllrlrlrrfllrfrflfrflrrfrflflfrrffllfrfrllr"/>
	<trajectory sample="127" generation="127000" 
bestEnergy="0.0" averageEnergy="-4.9878" worstEnergy="-2.0" bestConformation="Conformation 5.0 -5.0 Flllfrrlrrlrfffrfffffrlffrrflffrlffffffflrlrfflffrlrfrlffllrlrlrrfllrfrflfrflrrfrflflfrrffllfrfrllr"/>
	<trajectory sample="128" generation="128000" 
bestEnergy="0.0" averageEnergy="-4.9878" worstEnergy="-2.0" bestConformation="Conformation 5.0 -5.0 Flllfrrlrrlrfffrfffffrlffrrflffrlffffffflrlrfflffrlrfrlffllrlrlrrfllrfrflfrflrrfrflflfrrffllfrfrllr"/>
	<trajectory sample="129" generation="129000" 
bestEnergy="0.0" averageEnergy="-4.9878" worstEnergy="-2.0" bestConformation="Conformation 5.0 -5.0 Flllfrrlrrlrfffrfffffrlffrrflffrlffffffflrlrfflffrlrfrlffllrlrlrrfllrfrflfrflrrfrflflfrrffllfrfrllr"/>
	<trajectory sample="130" generation="130000" 
bestEnergy="0.0" averageEnergy="-4.9878" worstEnergy="-2.0" bestConformation="Conformation 5.0 -5.0 Flllfrrlrrlrfffrfffffrlffrrflffrlffffffflrlrfflffrlrfrlffllrlrlrrfllrfrflfrflrrfrflflfrrffllfrfrllr"/>
	<trajectory sample="131" generation="131000" 
bestEnergy="0.0" averageEnergy="-4.9878" worstEnergy="-2.0" bestConformation="Conformation 5.0 -5.0 Flllfrrlrrlrfffrfffffrlffrrflffrlffffffflrlrfflffrlrfrlffllrlrlrrfllrfrflfrflrrfrflflfrrffllfrfrllr"/>
	<trajectory sample="132" generation="132000" 
bestEnergy="0.0" averageEnergy="-4.9878" worstEnergy="-2.0" bestConformation="Conformation 5.0 -5.0 Flllfrrlrrlrfffrfffffrlffrrflffrlffffffflrlrfflffrlrfrlffllrlrlrrfllrfrflfrflrrfrflflfrrffllfrfrllr"/>
	<trajectory sample="133" generation="133000" 
bestEnergy="0.0" averageEnergy="-4.9878" worstEnergy="-2.0" bestConformation="Conformation 5.0 -5.0 Flllfrrlrrlrfffrfffffrlffrrflffrlffffffflrlrfflffrlrfrlffllrlrlrrfllrfrflfrflrrfrflflfrrffllfrfrllr"/>
	<trajectory sample="134" generation="134000" 
bestEnergy="0.0" averageEnergy="-4.9878" worstEnergy="-2.0" bestConformation="Conformation 5.0 -5.0 Flllfrrlrrlrfffrfffffrlffrrflffrlffffffflrlrfflffrlrfrlffllrlrlrrfllrfrflfrflrrfrflflfrrffllfrfrllr"/>
	<trajectory sample="135" generation="135000" 
bestEnergy="0.0" averageEnergy="-4.9878" worstEnergy="-2.0" bestConformation="Conformation 5.0 -5.0 Flllfrrlrrlrfffrfffffrlffrrflffrlffffffflrlrfflffrlrfrlffllrlrlrrfllrfrflfrflrrfrflflfrrffllfrfrllr"/>
	<trajectory sample="136" generation="136000" 
bestEnergy="0.0" averageEnergy="-4.9878" worstEnergy="-2.0" bestConformation="Conformation 5.0 -5.0 Flllfrrlrrlrfffrfffffrlffrrflffrlffffffflrlrfflffrlrfrlffllrlrlrrfllrfrflfrflrrfrflflfrrffllfrfrllr"/>
	<trajectory sample="137" generation="137000" 
bestEnergy="0.0" averageEnergy="-4.9878" worstEnergy="-2.0" bestConformation="Conformation 5.0 -5.0 Flllfrrlrrlrfffrfffffrlffrrflffrlffffffflrlrfflffrlrfrlffllrlrlrrfllrfrflfrflrrfrflflfrrffllfrfrllr"/>
	<trajectory sample="138" generation="138000" 
bestEnergy="0.0" averageEnergy="-4.9878" worstEnergy="-2.0" bestConformation="Conformation 5.0 -5.0 Flllfrrlrrlrfffrfffffrlffrrflffrlffffffflrlrfflffrlrfrlffllrlrlrrfllrfrflfrflrrfrflflfrrffllfrfrllr"/>
	<trajectory sample="139" generation="139000" 
bestEnergy="0.0" averageEnergy="-4.9878" worstEnergy="-2.0" bestConformation="Conformation 5.0 -5.0 Flllfrrlrrlrfffrfffffrlffrrflffrlffffffflrlrfflffrlrfrlffllrlrlrrfllrfrflfrflrrfrflflfrrffllfrfrllr"/>
	<trajectory sample="140" generation="140000" 
bestEnergy="0.0" averageEnergy="-4.9878" worstEnergy="-2.0" bestConformation="Conformation 5.0 -5.0 Flllfrrlrrlrfffrfffffrlffrrflffrlffffffflrlrfflffrlrfrlffllrlrlrrfllrfrflfrflrrfrflflfrrffllfrfrllr"/>
	<trajectory sample="141" generation="141000" 
bestEnergy="0.0" averageEnergy="-4.9878" worstEnergy="-2.0" bestConformation="Conformation 5.0 -5.0 Flllfrrlrrlrfffrfffffrlffrrflffrlffffffflrlrfflffrlrfrlffllrlrlrrfllrfrflfrflrrfrflflfrrffllfrfrllr"/>
	<trajectory sample="142" generation="142000" 
bestEnergy="0.0" averageEnergy="-4.9878" worstEnergy="-2.0" bestConformation="Conformation 5.0 -5.0 Flllfrrlrrlrfffrfffffrlffrrflffrlffffffflrlrfflffrlrfrlffllrlrlrrfllrfrflfrflrrfrflflfrrffllfrfrllr"/>
	<trajectory sample="143" generation="143000" 
bestEnergy="0.0" averageEnergy="-4.9878" worstEnergy="-2.0" bestConformation="Conformation 5.0 -5.0 Flllfrrlrrlrfffrfffffrlffrrflffrlffffffflrlrfflffrlrfrlffllrlrlrrfllrfrflfrflrrfrflflfrrffllfrfrllr"/>
	<trajectory sample="144" generation="144000" 
bestEnergy="0.0" averageEnergy="-4.9878" worstEnergy="-2.0" bestConformation="Conformation 5.0 -5.0 Flllfrrlrrlrfffrfffffrlffrrflffrlffffffflrlrfflffrlrfrlffllrlrlrrfllrfrflfrflrrfrflflfrrffllfrfrllr"/>
	<trajectory sample="145" generation="145000" 
bestEnergy="0.0" averageEnergy="-4.9878" worstEnergy="-2.0" bestConformation="Conformation 5.0 -5.0 Flllfrrlrrlrfffrfffffrlffrrflffrlffffffflrlrfflffrlrfrlffllrlrlrrfllrfrflfrflrrfrflflfrrffllfrfrllr"/>
	<trajectory sample="146" generation="146000" 
bestEnergy="0.0" averageEnergy="-4.9878" worstEnergy="-2.0" bestConformation="Conformation 5.0 -5.0 Flllfrrlrrlrfffrfffffrlffrrflffrlffffffflrlrfflffrlrfrlffllrlrlrrfllrfrflfrflrrfrflflfrrffllfrfrllr"/>
	<trajectory sample="147" generation="147000" 
bestEnergy="0.0" averageEnergy="-4.9878" worstEnergy="-2.0" bestConformation="Conformation 5.0 -5.0 Flllfrrlrrlrfffrfffffrlffrrflffrlffffffflrlrfflffrlrfrlffllrlrlrrfllrfrflfrflrrfrflflfrrffllfrfrllr"/>
	<trajectory sample="148" generation="148000" 
bestEnergy="0.0" averageEnergy="-4.9878" worstEnergy="-2.0" bestConformation="Conformation 5.0 -5.0 Flllfrrlrrlrfffrfffffrlffrrflffrlffffffflrlrfflffrlrfrlffllrlrlrrfllrfrflfrflrrfrflflfrrffllfrfrllr"/>
	<trajectory sample="149" generation="149000" 
bestEnergy="0.0" averageEnergy="-4.9878" worstEnergy="-2.0" bestConformation="Conformation 5.0 -5.0 Flllfrrlrrlrfffrfffffrlffrrflffrlffffffflrlrfflffrlrfrlffllrlrlrrfllrfrflfrflrrfrflflfrrffllfrfrllr"/>
	<trajectory sample="150" generation="150000" 
bestEnergy="0.0" averageEnergy="-4.9878" worstEnergy="-2.0" bestConformation="Conformation 5.0 -5.0 Flllfrrlrrlrfffrfffffrlffrrflffrlffffffflrlrfflffrlrfrlffllrlrlrrfllrfrflfrflrrfrflflfrrffllfrfrllr"/>
	<trajectory sample="151" generation="151000" 
bestEnergy="0.0" averageEnergy="-4.9878" worstEnergy="-2.0" bestConformation="Conformation 5.0 -5.0 Flllfrrlrrlrfffrfffffrlffrrflffrlffffffflrlrfflffrlrfrlffllrlrlrrfllrfrflfrflrrfrflflfrrffllfrfrllr"/>
	<trajectory sample="152" generation="152000" 
bestEnergy="0.0" averageEnergy="-4.9878" worstEnergy="-2.0" bestConformation="Conformation 5.0 -5.0 Flllfrrlrrlrfffrfffffrlffrrflffrlffffffflrlrfflffrlrfrlffllrlrlrrfllrfrflfrflrrfrflflfrrffllfrfrllr"/>
	<trajectory sample="153" generation="153000" 
bestEnergy="0.0" averageEnergy="-4.9878" worstEnergy="-2.0" bestConformation="Conformation 5.0 -5.0 Flllfrrlrrlrfffrfffffrlffrrflffrlffffffflrlrfflffrlrfrlffllrlrlrrfllrfrflfrflrrfrflflfrrffllfrfrllr"/>
	<trajectory sample="154" generation="154000" 
bestEnergy="0.0" averageEnergy="-4.9878" worstEnergy="-2.0" bestConformation="Conformation 5.0 -5.0 Flllfrrlrrlrfffrfffffrlffrrflffrlffffffflrlrfflffrlrfrlffllrlrlrrfllrfrflfrflrrfrflflfrrffllfrfrllr"/>
	<trajectory sample="155" generation="155000" 
bestEnergy="0.0" averageEnergy="-4.9878" worstEnergy="-2.0" bestConformation="Conformation 5.0 -5.0 Flllfrrlrrlrfffrfffffrlffrrflffrlffffffflrlrfflffrlrfrlffllrlrlrrfllrfrflfrflrrfrflflfrrffllfrfrllr"/>
	<trajectory sample="156" generation="156000" 
bestEnergy="0.0" averageEnergy="-4.9878" worstEnergy="-2.0" bestConformation="Conformation 5.0 -5.0 Flllfrrlrrlrfffrfffffrlffrrflffrlffffffflrlrfflffrlrfrlffllrlrlrrfllrfrflfrflrrfrflflfrrffllfrfrllr"/>
	<trajectory sample="157" generation="157000" 
bestEnergy="0.0" averageEnergy="-4.9878" worstEnergy="-2.0" bestConformation="Conformation 5.0 -5.0 Flllfrrlrrlrfffrfffffrlffrrflffrlffffffflrlrfflffrlrfrlffllrlrlrrfllrfrflfrflrrfrflflfrrffllfrfrllr"/>
	<trajectory sample="158" generation="158000" 
bestEnergy="0.0" averageEnergy="-4.9878" worstEnergy="-2.0" bestConformation="Conformation 5.0 -5.0 Flllfrrlrrlrfffrfffffrlffrrflffrlffffffflrlrfflffrlrfrlffllrlrlrrfllrfrflfrflrrfrflflfrrffllfrfrllr"/>
	<trajectory sample="159" generation="159000" 
bestEnergy="0.0" averageEnergy="-4.9878" worstEnergy="-2.0" bestConformation="Conformation 5.0 -5.0 Flllfrrlrrlrfffrfffffrlffrrflffrlffffffflrlrfflffrlrfrlffllrlrlrrfllrfrflfrflrrfrflflfrrffllfrfrllr"/>
	<trajectory sample="160" generation="160000" 
bestEnergy="0.0" averageEnergy="-4.9878" worstEnergy="-2.0" bestConformation="Conformation 5.0 -5.0 Flllfrrlrrlrfffrfffffrlffrrflffrlffffffflrlrfflffrlrfrlffllrlrlrrfllrfrflfrflrrfrflflfrrffllfrfrllr"/>
	<trajectory sample="161" generation="161000" 
bestEnergy="0.0" averageEnergy="-4.9878" worstEnergy="-2.0" bestConformation="Conformation 5.0 -5.0 Flllfrrlrrlrfffrfffffrlffrrflffrlffffffflrlrfflffrlrfrlffllrlrlrrfllrfrflfrflrrfrflflfrrffllfrfrllr"/>
	<trajectory sample="162" generation="162000" 
bestEnergy="0.0" averageEnergy="-4.9878" worstEnergy="-2.0" bestConformation="Conformation 5.0 -5.0 Flllfrrlrrlrfffrfffffrlffrrflffrlffffffflrlrfflffrlrfrlffllrlrlrrfllrfrflfrflrrfrflflfrrffllfrfrllr"/>
	<trajectory sample="163" generation="163000" 
bestEnergy="0.0" averageEnergy="-4.9878" worstEnergy="-2.0" bestConformation="Conformation 5.0 -5.0 Flllfrrlrrlrfffrfffffrlffrrflffrlffffffflrlrfflffrlrfrlffllrlrlrrfllrfrflfrflrrfrflflfrrffllfrfrllr"/>
	<trajectory sample="164" generation="164000" 
bestEnergy="0.0" averageEnergy="-4.9878" worstEnergy="-2.0" bestConformation="Conformation 5.0 -5.0 Flllfrrlrrlrfffrfffffrlffrrflffrlffffffflrlrfflffrlrfrlffllrlrlrrfllrfrflfrflrrfrflflfrrffllfrfrllr"/>
	<trajectory sample="165" generation="165000" 
bestEnergy="0.0" averageEnergy="-4.9878" worstEnergy="-2.0" bestConformation="Conformation 5.0 -5.0 Flllfrrlrrlrfffrfffffrlffrrflffrlffffffflrlrfflffrlrfrlffllrlrlrrfllrfrflfrflrrfrflflfrrffllfrfrllr"/>
	<trajectory sample="166" generation="166000" 
bestEnergy="0.0" averageEnergy="-4.9878" worstEnergy="-2.0" bestConformation="Conformation 5.0 -5.0 Flllfrrlrrlrfffrfffffrlffrrflffrlffffffflrlrfflffrlrfrlffllrlrlrrfllrfrflfrflrrfrflflfrrffllfrfrllr"/>
	<trajectory sample="167" generation="167000" 
bestEnergy="0.0" averageEnergy="-4.9878" worstEnergy="-2.0" bestConformation="Conformation 5.0 -5.0 Flllfrrlrrlrfffrfffffrlffrrflffrlffffffflrlrfflffrlrfrlffllrlrlrrfllrfrflfrflrrfrflflfrrffllfrfrllr"/>
	<trajectory sample="168" generation="168000" 
bestEnergy="0.0" averageEnergy="-4.9878" worstEnergy="-2.0" bestConformation="Conformation 5.0 -5.0 Flllfrrlrrlrfffrfffffrlffrrflffrlffffffflrlrfflffrlrfrlffllrlrlrrfllrfrflfrflrrfrflflfrrffllfrfrllr"/>
	<trajectory sample="169" generation="169000" 
bestEnergy="0.0" averageEnergy="-4.9878" worstEnergy="-2.0" bestConformation="Conformation 5.0 -5.0 Flllfrrlrrlrfffrfffffrlffrrflffrlffffffflrlrfflffrlrfrlffllrlrlrrfllrfrflfrflrrfrflflfrrffllfrfrllr"/>
	<trajectory sample="170" generation="170000" 
bestEnergy="0.0" averageEnergy="-4.9878" worstEnergy="-2.0" bestConformation="Conformation 5.0 -5.0 Flllfrrlrrlrfffrfffffrlffrrflffrlffffffflrlrfflffrlrfrlffllrlrlrrfllrfrflfrflrrfrflflfrrffllfrfrllr"/>
	<trajectory sample="171" generation="171000" 
bestEnergy="0.0" averageEnergy="-4.9878" worstEnergy="-2.0" bestConformation="Conformation 5.0 -5.0 Flllfrrlrrlrfffrfffffrlffrrflffrlffffffflrlrfflffrlrfrlffllrlrlrrfllrfrflfrflrrfrflflfrrffllfrfrllr"/>
	<trajectory sample="172" generation="172000" 
bestEnergy="0.0" averageEnergy="-4.9878" worstEnergy="-2.0" bestConformation="Conformation 5.0 -5.0 Flllfrrlrrlrfffrfffffrlffrrflffrlffffffflrlrfflffrlrfrlffllrlrlrrfllrfrflfrflrrfrflflfrrffllfrfrllr"/>
	<trajectory sample="173" generation="173000" 
bestEnergy="0.0" averageEnergy="-4.9878" worstEnergy="-2.0" bestConformation="Conformation 5.0 -5.0 Flllfrrlrrlrfffrfffffrlffrrflffrlffffffflrlrfflffrlrfrlffllrlrlrrfllrfrflfrflrrfrflflfrrffllfrfrllr"/>
	<trajectory sample="174" generation="174000" 
bestEnergy="0.0" averageEnergy="-4.9878" worstEnergy="-2.0" bestConformation="Conformation 5.0 -5.0 Flllfrrlrrlrfffrfffffrlffrrflffrlffffffflrlrfflffrlrfrlffllrlrlrrfllrfrflfrflrrfrflflfrrffllfrfrllr"/>
	<trajectory sample="175" generation="175000" 
bestEnergy="0.0" averageEnergy="-4.9878" worstEnergy="-2.0" bestConformation="Conformation 5.0 -5.0 Flllfrrlrrlrfffrfffffrlffrrflffrlffffffflrlrfflffrlrfrlffllrlrlrrfllrfrflfrflrrfrflflfrrffllfrfrllr"/>
	<trajectory sample="176" generation="176000" 
bestEnergy="0.0" averageEnergy="-4.9878" worstEnergy="-2.0" bestConformation="Conformation 5.0 -5.0 Flllfrrlrrlrfffrfffffrlffrrflffrlffffffflrlrfflffrlrfrlffllrlrlrrfllrfrflfrflrrfrflflfrrffllfrfrllr"/>
	<trajectory sample="177" generation="177000" 
bestEnergy="0.0" averageEnergy="-4.9878" worstEnergy="-2.0" bestConformation="Conformation 5.0 -5.0 Flllfrrlrrlrfffrfffffrlffrrflffrlffffffflrlrfflffrlrfrlffllrlrlrrfllrfrflfrflrrfrflflfrrffllfrfrllr"/>
	<trajectory sample="178" generation="178000" 
bestEnergy="0.0" averageEnergy="-4.9878" worstEnergy="-2.0" bestConformation="Conformation 5.0 -5.0 Flllfrrlrrlrfffrfffffrlffrrflffrlffffffflrlrfflffrlrfrlffllrlrlrrfllrfrflfrflrrfrflflfrrffllfrfrllr"/>
	<trajectory sample="179" generation="179000" 
bestEnergy="0.0" averageEnergy="-4.9878" worstEnergy="-2.0" bestConformation="Conformation 5.0 -5.0 Flllfrrlrrlrfffrfffffrlffrrflffrlffffffflrlrfflffrlrfrlffllrlrlrrfllrfrflfrflrrfrflflfrrffllfrfrllr"/>
	<trajectory sample="180" generation="180000" 
bestEnergy="0.0" averageEnergy="-4.9878" worstEnergy="-2.0" bestConformation="Conformation 5.0 -5.0 Flllfrrlrrlrfffrfffffrlffrrflffrlffffffflrlrfflffrlrfrlffllrlrlrrfllrfrflfrflrrfrflflfrrffllfrfrllr"/>
	<trajectory sample="181" generation="181000" 
bestEnergy="0.0" averageEnergy="-4.9878" worstEnergy="-2.0" bestConformation="Conformation 5.0 -5.0 Flllfrrlrrlrfffrfffffrlffrrflffrlffffffflrlrfflffrlrfrlffllrlrlrrfllrfrflfrflrrfrflflfrrffllfrfrllr"/>
	<trajectory sample="182" generation="182000" 
bestEnergy="0.0" averageEnergy="-4.9878" worstEnergy="-2.0" bestConformation="Conformation 5.0 -5.0 Flllfrrlrrlrfffrfffffrlffrrflffrlffffffflrlrfflffrlrfrlffllrlrlrrfllrfrflfrflrrfrflflfrrffllfrfrllr"/>
	<trajectory sample="183" generation="183000" 
bestEnergy="0.0" averageEnergy="-4.9878" worstEnergy="-2.0" bestConformation="Conformation 5.0 -5.0 Flllfrrlrrlrfffrfffffrlffrrflffrlffffffflrlrfflffrlrfrlffllrlrlrrfllrfrflfrflrrfrflflfrrffllfrfrllr"/>
	<trajectory sample="184" generation="184000" 
bestEnergy="0.0" averageEnergy="-4.9878" worstEnergy="-2.0" bestConformation="Conformation 5.0 -5.0 Flllfrrlrrlrfffrfffffrlffrrflffrlffffffflrlrfflffrlrfrlffllrlrlrrfllrfrflfrflrrfrflflfrrffllfrfrllr"/>
	<trajectory sample="185" generation="185000" 
bestEnergy="0.0" averageEnergy="-4.9878" worstEnergy="-2.0" bestConformation="Conformation 5.0 -5.0 Flllfrrlrrlrfffrfffffrlffrrflffrlffffffflrlrfflffrlrfrlffllrlrlrrfllrfrflfrflrrfrflflfrrffllfrfrllr"/>
	<trajectory sample="186" generation="186000" 
bestEnergy="0.0" averageEnergy="-4.9878" worstEnergy="-2.0" bestConformation="Conformation 5.0 -5.0 Flllfrrlrrlrfffrfffffrlffrrflffrlffffffflrlrfflffrlrfrlffllrlrlrrfllrfrflfrflrrfrflflfrrffllfrfrllr"/>
	<trajectory sample="187" generation="187000" 
bestEnergy="0.0" averageEnergy="-4.9878" worstEnergy="-2.0" bestConformation="Conformation 5.0 -5.0 Flllfrrlrrlrfffrfffffrlffrrflffrlffffffflrlrfflffrlrfrlffllrlrlrrfllrfrflfrflrrfrflflfrrffllfrfrllr"/>
	<trajectory sample="188" generation="188000" 
bestEnergy="0.0" averageEnergy="-4.9878" worstEnergy="-2.0" bestConformation="Conformation 5.0 -5.0 Flllfrrlrrlrfffrfffffrlffrrflffrlffffffflrlrfflffrlrfrlffllrlrlrrfllrfrflfrflrrfrflflfrrffllfrfrllr"/>
	<trajectory sample="189" generation="189000" 
bestEnergy="0.0" averageEnergy="-4.9878" worstEnergy="-2.0" bestConformation="Conformation 5.0 -5.0 Flllfrrlrrlrfffrfffffrlffrrflffrlffffffflrlrfflffrlrfrlffllrlrlrrfllrfrflfrflrrfrflflfrrffllfrfrllr"/>
	<trajectory sample="190" generation="190000" 
bestEnergy="0.0" averageEnergy="-4.9878" worstEnergy="-2.0" bestConformation="Conformation 5.0 -5.0 Flllfrrlrrlrfffrfffffrlffrrflffrlffffffflrlrfflffrlrfrlffllrlrlrrfllrfrflfrflrrfrflflfrrffllfrfrllr"/>
	<trajectory sample="191" generation="191000" 
bestEnergy="0.0" averageEnergy="-4.9878" worstEnergy="-2.0" bestConformation="Conformation 5.0 -5.0 Flllfrrlrrlrfffrfffffrlffrrflffrlffffffflrlrfflffrlrfrlffllrlrlrrfllrfrflfrflrrfrflflfrrffllfrfrllr"/>
	<trajectory sample="192" generation="192000" 
bestEnergy="0.0" averageEnergy="-4.9878" worstEnergy="-2.0" bestConformation="Conformation 5.0 -5.0 Flllfrrlrrlrfffrfffffrlffrrflffrlffffffflrlrfflffrlrfrlffllrlrlrrfllrfrflfrflrrfrflflfrrffllfrfrllr"/>
	<trajectory sample="193" generation="193000" 
bestEnergy="0.0" averageEnergy="-4.9878" worstEnergy="-2.0" bestConformation="Conformation 5.0 -5.0 Flllfrrlrrlrfffrfffffrlffrrflffrlffffffflrlrfflffrlrfrlffllrlrlrrfllrfrflfrflrrfrflflfrrffllfrfrllr"/>
	<trajectory sample="194" generation="194000" 
bestEnergy="0.0" averageEnergy="-4.9878" worstEnergy="-2.0" bestConformation="Conformation 5.0 -5.0 Flllfrrlrrlrfffrfffffrlffrrflffrlffffffflrlrfflffrlrfrlffllrlrlrrfllrfrflfrflrrfrflflfrrffllfrfrllr"/>
	<trajectory sample="195" generation="195000" 
bestEnergy="0.0" averageEnergy="-4.9878" worstEnergy="-2.0" bestConformation="Conformation 5.0 -5.0 Flllfrrlrrlrfffrfffffrlffrrflffrlffffffflrlrfflffrlrfrlffllrlrlrrfllrfrflfrflrrfrflflfrrffllfrfrllr"/>
	<trajectory sample="196" generation="196000" 
bestEnergy="0.0" averageEnergy="-4.9878" worstEnergy="-2.0" bestConformation="Conformation 5.0 -5.0 Flllfrrlrrlrfffrfffffrlffrrflffrlffffffflrlrfflffrlrfrlffllrlrlrrfllrfrflfrflrrfrflflfrrffllfrfrllr"/>
	<trajectory sample="197" generation="197000" 
bestEnergy="0.0" averageEnergy="-4.9878" worstEnergy="-2.0" bestConformation="Conformation 5.0 -5.0 Flllfrrlrrlrfffrfffffrlffrrflffrlffffffflrlrfflffrlrfrlffllrlrlrrfllrfrflfrflrrfrflflfrrffllfrfrllr"/>
	<trajectory sample="198" generation="198000" 
bestEnergy="0.0" averageEnergy="-4.9878" worstEnergy="-2.0" bestConformation="Conformation 5.0 -5.0 Flllfrrlrrlrfffrfffffrlffrrflffrlffffffflrlrfflffrlrfrlffllrlrlrrfllrfrflfrflrrfrflflfrrffllfrfrllr"/>
	<trajectory sample="199" generation="199000" 
bestEnergy="0.0" averageEnergy="-4.9878" worstEnergy="-2.0" bestConformation="Conformation 5.0 -5.0 Flllfrrlrrlrfffrfffffrlffrrflffrlffffffflrlrfflffrlrfrlffllrlrlrrfllrfrflfrflrrfrflflfrrffllfrfrllr"/>
	<trajectory sample="200" generation="200000" 
bestEnergy="0.0" averageEnergy="-4.9878" worstEnergy="-2.0" bestConformation="Conformation 5.0 -5.0 Flllfrrlrrlrfffrfffffrlffrrflffrlffffffflrlrfflffrlrfrlffllrlrlrrfllrfrflfrflrrfrflflfrrffllfrfrllr"/>
	<trajectory sample="201" generation="201000" 
bestEnergy="0.0" averageEnergy="-4.9878" worstEnergy="-2.0" bestConformation="Conformation 5.0 -5.0 Flllfrrlrrlrfffrfffffrlffrrflffrlffffffflrlrfflffrlrfrlffllrlrlrrfllrfrflfrflrrfrflflfrrffllfrfrllr"/>
	<trajectory sample="202" generation="202000" 
bestEnergy="0.0" averageEnergy="-4.9878" worstEnergy="-2.0" bestConformation="Conformation 5.0 -5.0 Flllfrrlrrlrfffrfffffrlffrrflffrlffffffflrlrfflffrlrfrlffllrlrlrrfllrfrflfrflrrfrflflfrrffllfrfrllr"/>
	<trajectory sample="203" generation="203000" 
bestEnergy="0.0" averageEnergy="-4.9878" worstEnergy="-2.0" bestConformation="Conformation 5.0 -5.0 Flllfrrlrrlrfffrfffffrlffrrflffrlffffffflrlrfflffrlrfrlffllrlrlrrfllrfrflfrflrrfrflflfrrffllfrfrllr"/>
	<trajectory sample="204" generation="204000" 
bestEnergy="0.0" averageEnergy="-4.9878" worstEnergy="-2.0" bestConformation="Conformation 5.0 -5.0 Flllfrrlrrlrfffrfffffrlffrrflffrlffffffflrlrfflffrlrfrlffllrlrlrrfllrfrflfrflrrfrflflfrrffllfrfrllr"/>
	<trajectory sample="205" generation="205000" 
bestEnergy="0.0" averageEnergy="-4.9878" worstEnergy="-2.0" bestConformation="Conformation 5.0 -5.0 Flllfrrlrrlrfffrfffffrlffrrflffrlffffffflrlrfflffrlrfrlffllrlrlrrfllrfrflfrflrrfrflflfrrffllfrfrllr"/>
	<trajectory sample="206" generation="206000" 
bestEnergy="0.0" averageEnergy="-4.9878" worstEnergy="-2.0" bestConformation="Conformation 5.0 -5.0 Flllfrrlrrlrfffrfffffrlffrrflffrlffffffflrlrfflffrlrfrlffllrlrlrrfllrfrflfrflrrfrflflfrrffllfrfrllr"/>
	<trajectory sample="207" generation="207000" 
bestEnergy="0.0" averageEnergy="-4.9878" worstEnergy="-2.0" bestConformation="Conformation 5.0 -5.0 Flllfrrlrrlrfffrfffffrlffrrflffrlffffffflrlrfflffrlrfrlffllrlrlrrfllrfrflfrflrrfrflflfrrffllfrfrllr"/>
	<trajectory sample="208" generation="208000" 
bestEnergy="0.0" averageEnergy="-4.9878" worstEnergy="-2.0" bestConformation="Conformation 5.0 -5.0 Flllfrrlrrlrfffrfffffrlffrrflffrlffffffflrlrfflffrlrfrlffllrlrlrrfllrfrflfrflrrfrflflfrrffllfrfrllr"/>
	<trajectory sample="209" generation="209000" 
bestEnergy="0.0" averageEnergy="-4.9878" worstEnergy="-2.0" bestConformation="Conformation 5.0 -5.0 Flllfrrlrrlrfffrfffffrlffrrflffrlffffffflrlrfflffrlrfrlffllrlrlrrfllrfrflfrflrrfrflflfrrffllfrfrllr"/>
	<trajectory sample="210" generation="210000" 
bestEnergy="0.0" averageEnergy="-4.9878" worstEnergy="-2.0" bestConformation="Conformation 5.0 -5.0 Flllfrrlrrlrfffrfffffrlffrrflffrlffffffflrlrfflffrlrfrlffllrlrlrrfllrfrflfrflrrfrflflfrrffllfrfrllr"/>
	<trajectory sample="211" generation="211000" 
bestEnergy="0.0" averageEnergy="-4.9878" worstEnergy="-2.0" bestConformation="Conformation 5.0 -5.0 Flllfrrlrrlrfffrfffffrlffrrflffrlffffffflrlrfflffrlrfrlffllrlrlrrfllrfrflfrflrrfrflflfrrffllfrfrllr"/>
	<trajectory sample="212" generation="212000" 
bestEnergy="0.0" averageEnergy="-4.9878" worstEnergy="-2.0" bestConformation="Conformation 5.0 -5.0 Flllfrrlrrlrfffrfffffrlffrrflffrlffffffflrlrfflffrlrfrlffllrlrlrrfllrfrflfrflrrfrflflfrrffllfrfrllr"/>
	<trajectory sample="213" generation="213000" 
bestEnergy="0.0" averageEnergy="-4.9878" worstEnergy="-2.0" bestConformation="Conformation 5.0 -5.0 Flllfrrlrrlrfffrfffffrlffrrflffrlffffffflrlrfflffrlrfrlffllrlrlrrfllrfrflfrflrrfrflflfrrffllfrfrllr"/>
	<trajectory sample="214" generation="214000" 
bestEnergy="0.0" averageEnergy="-4.9878" worstEnergy="-2.0" bestConformation="Conformation 5.0 -5.0 Flllfrrlrrlrfffrfffffrlffrrflffrlffffffflrlrfflffrlrfrlffllrlrlrrfllrfrflfrflrrfrflflfrrffllfrfrllr"/>
	<trajectory sample="215" generation="215000" 
bestEnergy="0.0" averageEnergy="-4.9878" worstEnergy="-2.0" bestConformation="Conformation 5.0 -5.0 Flllfrrlrrlrfffrfffffrlffrrflffrlffffffflrlrfflffrlrfrlffllrlrlrrfllrfrflfrflrrfrflflfrrffllfrfrllr"/>
	<trajectory sample="216" generation="216000" 
bestEnergy="0.0" averageEnergy="-4.9878" worstEnergy="-2.0" bestConformation="Conformation 5.0 -5.0 Flllfrrlrrlrfffrfffffrlffrrflffrlffffffflrlrfflffrlrfrlffllrlrlrrfllrfrflfrflrrfrflflfrrffllfrfrllr"/>
	<trajectory sample="217" generation="217000" 
bestEnergy="0.0" averageEnergy="-4.9878" worstEnergy="-2.0" bestConformation="Conformation 5.0 -5.0 Flllfrrlrrlrfffrfffffrlffrrflffrlffffffflrlrfflffrlrfrlffllrlrlrrfllrfrflfrflrrfrflflfrrffllfrfrllr"/>
	<trajectory sample="218" generation="218000" 
bestEnergy="0.0" averageEnergy="-4.9878" worstEnergy="-2.0" bestConformation="Conformation 5.0 -5.0 Flllfrrlrrlrfffrfffffrlffrrflffrlffffffflrlrfflffrlrfrlffllrlrlrrfllrfrflfrflrrfrflflfrrffllfrfrllr"/>
	<trajectory sample="219" generation="219000" 
bestEnergy="0.0" averageEnergy="-4.9878" worstEnergy="-2.0" bestConformation="Conformation 5.0 -5.0 Flllfrrlrrlrfffrfffffrlffrrflffrlffffffflrlrfflffrlrfrlffllrlrlrrfllrfrflfrflrrfrflflfrrffllfrfrllr"/>
	<trajectory sample="220" generation="220000" 
bestEnergy="0.0" averageEnergy="-4.9878" worstEnergy="-2.0" bestConformation="Conformation 5.0 -5.0 Flllfrrlrrlrfffrfffffrlffrrflffrlffffffflrlrfflffrlrfrlffllrlrlrrfllrfrflfrflrrfrflflfrrffllfrfrllr"/>
	<trajectory sample="221" generation="221000" 
bestEnergy="0.0" averageEnergy="-4.9878" worstEnergy="-2.0" bestConformation="Conformation 5.0 -5.0 Flllfrrlrrlrfffrfffffrlffrrflffrlffffffflrlrfflffrlrfrlffllrlrlrrfllrfrflfrflrrfrflflfrrffllfrfrllr"/>
	<trajectory sample="222" generation="222000" 
bestEnergy="0.0" averageEnergy="-4.9878" worstEnergy="-2.0" bestConformation="Conformation 5.0 -5.0 Flllfrrlrrlrfffrfffffrlffrrflffrlffffffflrlrfflffrlrfrlffllrlrlrrfllrfrflfrflrrfrflflfrrffllfrfrllr"/>
	<trajectory sample="223" generation="223000" 
bestEnergy="0.0" averageEnergy="-4.9878" worstEnergy="-2.0" bestConformation="Conformation 5.0 -5.0 Flllfrrlrrlrfffrfffffrlffrrflffrlffffffflrlrfflffrlrfrlffllrlrlrrfllrfrflfrflrrfrflflfrrffllfrfrllr"/>
	<trajectory sample="224" generation="224000" 
bestEnergy="0.0" averageEnergy="-4.9878" worstEnergy="-2.0" bestConformation="Conformation 5.0 -5.0 Flllfrrlrrlrfffrfffffrlffrrflffrlffffffflrlrfflffrlrfrlffllrlrlrrfllrfrflfrflrrfrflflfrrffllfrfrllr"/>
	<trajectory sample="225" generation="225000" 
bestEnergy="0.0" averageEnergy="-4.9878" worstEnergy="-2.0" bestConformation="Conformation 5.0 -5.0 Flllfrrlrrlrfffrfffffrlffrrflffrlffffffflrlrfflffrlrfrlffllrlrlrrfllrfrflfrflrrfrflflfrrffllfrfrllr"/>
	<trajectory sample="226" generation="226000" 
bestEnergy="0.0" averageEnergy="-4.9878" worstEnergy="-2.0" bestConformation="Conformation 5.0 -5.0 Flllfrrlrrlrfffrfffffrlffrrflffrlffffffflrlrfflffrlrfrlffllrlrlrrfllrfrflfrflrrfrflflfrrffllfrfrllr"/>
	<trajectory sample="227" generation="227000" 
bestEnergy="0.0" averageEnergy="-4.9878" worstEnergy="-2.0" bestConformation="Conformation 5.0 -5.0 Flllfrrlrrlrfffrfffffrlffrrflffrlffffffflrlrfflffrlrfrlffllrlrlrrfllrfrflfrflrrfrflflfrrffllfrfrllr"/>
	<trajectory sample="228" generation="228000" 
bestEnergy="0.0" averageEnergy="-4.9878" worstEnergy="-2.0" bestConformation="Conformation 5.0 -5.0 Flllfrrlrrlrfffrfffffrlffrrflffrlffffffflrlrfflffrlrfrlffllrlrlrrfllrfrflfrflrrfrflflfrrffllfrfrllr"/>
	<trajectory sample="229" generation="229000" 
bestEnergy="0.0" averageEnergy="-4.9878" worstEnergy="-2.0" bestConformation="Conformation 5.0 -5.0 Flllfrrlrrlrfffrfffffrlffrrflffrlffffffflrlrfflffrlrfrlffllrlrlrrfllrfrflfrflrrfrflflfrrffllfrfrllr"/>
	<trajectory sample="230" generation="230000" 
bestEnergy="0.0" averageEnergy="-4.9878" worstEnergy="-2.0" bestConformation="Conformation 5.0 -5.0 Flllfrrlrrlrfffrfffffrlffrrflffrlffffffflrlrfflffrlrfrlffllrlrlrrfllrfrflfrflrrfrflflfrrffllfrfrllr"/>
	<trajectory sample="231" generation="231000" 
bestEnergy="0.0" averageEnergy="-4.9878" worstEnergy="-2.0" bestConformation="Conformation 5.0 -5.0 Flllfrrlrrlrfffrfffffrlffrrflffrlffffffflrlrfflffrlrfrlffllrlrlrrfllrfrflfrflrrfrflflfrrffllfrfrllr"/>
	<trajectory sample="232" generation="232000" 
bestEnergy="0.0" averageEnergy="-4.9878" worstEnergy="-2.0" bestConformation="Conformation 5.0 -5.0 Flllfrrlrrlrfffrfffffrlffrrflffrlffffffflrlrfflffrlrfrlffllrlrlrrfllrfrflfrflrrfrflflfrrffllfrfrllr"/>
	<trajectory sample="233" generation="233000" 
bestEnergy="0.0" averageEnergy="-4.9878" worstEnergy="-2.0" bestConformation="Conformation 5.0 -5.0 Flllfrrlrrlrfffrfffffrlffrrflffrlffffffflrlrfflffrlrfrlffllrlrlrrfllrfrflfrflrrfrflflfrrffllfrfrllr"/>
	<trajectory sample="234" generation="234000" 
bestEnergy="0.0" averageEnergy="-4.9878" worstEnergy="-2.0" bestConformation="Conformation 5.0 -5.0 Flllfrrlrrlrfffrfffffrlffrrflffrlffffffflrlrfflffrlrfrlffllrlrlrrfllrfrflfrflrrfrflflfrrffllfrfrllr"/>
	<trajectory sample="235" generation="235000" 
bestEnergy="0.0" averageEnergy="-4.9878" worstEnergy="-2.0" bestConformation="Conformation 5.0 -5.0 Flllfrrlrrlrfffrfffffrlffrrflffrlffffffflrlrfflffrlrfrlffllrlrlrrfllrfrflfrflrrfrflflfrrffllfrfrllr"/>
	<trajectory sample="236" generation="236000" 
bestEnergy="0.0" averageEnergy="-4.9878" worstEnergy="-2.0" bestConformation="Conformation 5.0 -5.0 Flllfrrlrrlrfffrfffffrlffrrflffrlffffffflrlrfflffrlrfrlffllrlrlrrfllrfrflfrflrrfrflflfrrffllfrfrllr"/>
	<trajectory sample="237" generation="237000" 
bestEnergy="0.0" averageEnergy="-4.9878" worstEnergy="-2.0" bestConformation="Conformation 5.0 -5.0 Flllfrrlrrlrfffrfffffrlffrrflffrlffffffflrlrfflffrlrfrlffllrlrlrrfllrfrflfrflrrfrflflfrrffllfrfrllr"/>
	<trajectory sample="238" generation="238000" 
bestEnergy="0.0" averageEnergy="-4.9878" worstEnergy="-2.0" bestConformation="Conformation 5.0 -5.0 Flllfrrlrrlrfffrfffffrlffrrflffrlffffffflrlrfflffrlrfrlffllrlrlrrfllrfrflfrflrrfrflflfrrffllfrfrllr"/>
	<trajectory sample="239" generation="239000" 
bestEnergy="0.0" averageEnergy="-4.9878" worstEnergy="-2.0" bestConformation="Conformation 5.0 -5.0 Flllfrrlrrlrfffrfffffrlffrrflffrlffffffflrlrfflffrlrfrlffllrlrlrrfllrfrflfrflrrfrflflfrrffllfrfrllr"/>
	<trajectory sample="240" generation="240000" 
bestEnergy="0.0" averageEnergy="-4.9878" worstEnergy="-2.0" bestConformation="Conformation 5.0 -5.0 Flllfrrlrrlrfffrfffffrlffrrflffrlffffffflrlrfflffrlrfrlffllrlrlrrfllrfrflfrflrrfrflflfrrffllfrfrllr"/>
	<trajectory sample="241" generation="241000" 
bestEnergy="0.0" averageEnergy="-4.9878" worstEnergy="-2.0" bestConformation="Conformation 5.0 -5.0 Flllfrrlrrlrfffrfffffrlffrrflffrlffffffflrlrfflffrlrfrlffllrlrlrrfllrfrflfrflrrfrflflfrrffllfrfrllr"/>
	<trajectory sample="242" generation="242000" 
bestEnergy="0.0" averageEnergy="-4.9878" worstEnergy="-2.0" bestConformation="Conformation 5.0 -5.0 Flllfrrlrrlrfffrfffffrlffrrflffrlffffffflrlrfflffrlrfrlffllrlrlrrfllrfrflfrflrrfrflflfrrffllfrfrllr"/>
	<trajectory sample="243" generation="243000" 
bestEnergy="0.0" averageEnergy="-4.9878" worstEnergy="-2.0" bestConformation="Conformation 5.0 -5.0 Flllfrrlrrlrfffrfffffrlffrrflffrlffffffflrlrfflffrlrfrlffllrlrlrrfllrfrflfrflrrfrflflfrrffllfrfrllr"/>
	<trajectory sample="244" generation="244000" 
bestEnergy="0.0" averageEnergy="-4.9878" worstEnergy="-2.0" bestConformation="Conformation 5.0 -5.0 Flllfrrlrrlrfffrfffffrlffrrflffrlffffffflrlrfflffrlrfrlffllrlrlrrfllrfrflfrflrrfrflflfrrffllfrfrllr"/>
	<trajectory sample="245" generation="245000" 
bestEnergy="0.0" averageEnergy="-4.9878" worstEnergy="-2.0" bestConformation="Conformation 5.0 -5.0 Flllfrrlrrlrfffrfffffrlffrrflffrlffffffflrlrfflffrlrfrlffllrlrlrrfllrfrflfrflrrfrflflfrrffllfrfrllr"/>
	<trajectory sample="246" generation="246000" 
bestEnergy="0.0" averageEnergy="-4.9878" worstEnergy="-2.0" bestConformation="Conformation 5.0 -5.0 Flllfrrlrrlrfffrfffffrlffrrflffrlffffffflrlrfflffrlrfrlffllrlrlrrfllrfrflfrflrrfrflflfrrffllfrfrllr"/>
	<trajectory sample="247" generation="247000" 
bestEnergy="0.0" averageEnergy="-4.9878" worstEnergy="-2.0" bestConformation="Conformation 5.0 -5.0 Flllfrrlrrlrfffrfffffrlffrrflffrlffffffflrlrfflffrlrfrlffllrlrlrrfllrfrflfrflrrfrflflfrrffllfrfrllr"/>
	<trajectory sample="248" generation="248000" 
bestEnergy="0.0" averageEnergy="-4.9878" worstEnergy="-2.0" bestConformation="Conformation 5.0 -5.0 Flllfrrlrrlrfffrfffffrlffrrflffrlffffffflrlrfflffrlrfrlffllrlrlrrfllrfrflfrflrrfrflflfrrffllfrfrllr"/>
	<trajectory sample="249" generation="249000" 
bestEnergy="0.0" averageEnergy="-4.9878" worstEnergy="-2.0" bestConformation="Conformation 5.0 -5.0 Flllfrrlrrlrfffrfffffrlffrrflffrlffffffflrlrfflffrlrfrlffllrlrlrrfllrfrflfrflrrfrflflfrrffllfrfrllr"/>
	<trajectory sample="250" generation="250000" 
bestEnergy="0.0" averageEnergy="-4.9878" worstEnergy="-2.0" bestConformation="Conformation 5.0 -5.0 Flllfrrlrrlrfffrfffffrlffrrflffrlffffffflrlrfflffrlrfrlffllrlrlrrfllrfrflfrflrrfrflflfrrffllfrfrllr"/>
	<trajectory sample="251" generation="251000" 
bestEnergy="0.0" averageEnergy="-4.9878" worstEnergy="-2.0" bestConformation="Conformation 5.0 -5.0 Flllfrrlrrlrfffrfffffrlffrrflffrlffffffflrlrfflffrlrfrlffllrlrlrrfllrfrflfrflrrfrflflfrrffllfrfrllr"/>
	<trajectory sample="252" generation="252000" 
bestEnergy="0.0" averageEnergy="-4.9878" worstEnergy="-2.0" bestConformation="Conformation 5.0 -5.0 Flllfrrlrrlrfffrfffffrlffrrflffrlffffffflrlrfflffrlrfrlffllrlrlrrfllrfrflfrflrrfrflflfrrffllfrfrllr"/>
	<trajectory sample="253" generation="253000" 
bestEnergy="0.0" averageEnergy="-4.9878" worstEnergy="-2.0" bestConformation="Conformation 5.0 -5.0 Flllfrrlrrlrfffrfffffrlffrrflffrlffffffflrlrfflffrlrfrlffllrlrlrrfllrfrflfrflrrfrflflfrrffllfrfrllr"/>
	<trajectory sample="254" generation="254000" 
bestEnergy="0.0" averageEnergy="-4.9878" worstEnergy="-2.0" bestConformation="Conformation 5.0 -5.0 Flllfrrlrrlrfffrfffffrlffrrflffrlffffffflrlrfflffrlrfrlffllrlrlrrfllrfrflfrflrrfrflflfrrffllfrfrllr"/>
	<trajectory sample="255" generation="255000" 
bestEnergy="0.0" averageEnergy="-4.9878" worstEnergy="-2.0" bestConformation="Conformation 5.0 -5.0 Flllfrrlrrlrfffrfffffrlffrrflffrlffffffflrlrfflffrlrfrlffllrlrlrrfllrfrflfrflrrfrflflfrrffllfrfrllr"/>
	<trajectory sample="256" generation="256000" 
bestEnergy="0.0" averageEnergy="-4.9878" worstEnergy="-2.0" bestConformation="Conformation 5.0 -5.0 Flllfrrlrrlrfffrfffffrlffrrflffrlffffffflrlrfflffrlrfrlffllrlrlrrfllrfrflfrflrrfrflflfrrffllfrfrllr"/>
	<trajectory sample="257" generation="257000" 
bestEnergy="0.0" averageEnergy="-4.9878" worstEnergy="-2.0" bestConformation="Conformation 5.0 -5.0 Flllfrrlrrlrfffrfffffrlffrrflffrlffffffflrlrfflffrlrfrlffllrlrlrrfllrfrflfrflrrfrflflfrrffllfrfrllr"/>
	<trajectory sample="258" generation="258000" 
bestEnergy="0.0" averageEnergy="-4.9878" worstEnergy="-2.0" bestConformation="Conformation 5.0 -5.0 Flllfrrlrrlrfffrfffffrlffrrflffrlffffffflrlrfflffrlrfrlffllrlrlrrfllrfrflfrflrrfrflflfrrffllfrfrllr"/>
	<trajectory sample="259" generation="259000" 
bestEnergy="0.0" averageEnergy="-4.9878" worstEnergy="-2.0" bestConformation="Conformation 5.0 -5.0 Flllfrrlrrlrfffrfffffrlffrrflffrlffffffflrlrfflffrlrfrlffllrlrlrrfllrfrflfrflrrfrflflfrrffllfrfrllr"/>
	<trajectory sample="260" generation="260000" 
bestEnergy="0.0" averageEnergy="-4.9878" worstEnergy="-2.0" bestConformation="Conformation 5.0 -5.0 Flllfrrlrrlrfffrfffffrlffrrflffrlffffffflrlrfflffrlrfrlffllrlrlrrfllrfrflfrflrrfrflflfrrffllfrfrllr"/>
	<trajectory sample="261" generation="261000" 
bestEnergy="0.0" averageEnergy="-4.9878" worstEnergy="-2.0" bestConformation="Conformation 5.0 -5.0 Flllfrrlrrlrfffrfffffrlffrrflffrlffffffflrlrfflffrlrfrlffllrlrlrrfllrfrflfrflrrfrflflfrrffllfrfrllr"/>
	<trajectory sample="262" generation="262000" 
bestEnergy="0.0" averageEnergy="-4.9878" worstEnergy="-2.0" bestConformation="Conformation 5.0 -5.0 Flllfrrlrrlrfffrfffffrlffrrflffrlffffffflrlrfflffrlrfrlffllrlrlrrfllrfrflfrflrrfrflflfrrffllfrfrllr"/>
	<trajectory sample="263" generation="263000" 
bestEnergy="0.0" averageEnergy="-4.9878" worstEnergy="-2.0" bestConformation="Conformation 5.0 -5.0 Flllfrrlrrlrfffrfffffrlffrrflffrlffffffflrlrfflffrlrfrlffllrlrlrrfllrfrflfrflrrfrflflfrrffllfrfrllr"/>
	<trajectory sample="264" generation="264000" 
bestEnergy="0.0" averageEnergy="-4.9878" worstEnergy="-2.0" bestConformation="Conformation 5.0 -5.0 Flllfrrlrrlrfffrfffffrlffrrflffrlffffffflrlrfflffrlrfrlffllrlrlrrfllrfrflfrflrrfrflflfrrffllfrfrllr"/>
	<trajectory sample="265" generation="265000" 
bestEnergy="0.0" averageEnergy="-4.9878" worstEnergy="-2.0" bestConformation="Conformation 5.0 -5.0 Flllfrrlrrlrfffrfffffrlffrrflffrlffffffflrlrfflffrlrfrlffllrlrlrrfllrfrflfrflrrfrflflfrrffllfrfrllr"/>
	<trajectory sample="266" generation="266000" 
bestEnergy="0.0" averageEnergy="-4.9878" worstEnergy="-2.0" bestConformation="Conformation 5.0 -5.0 Flllfrrlrrlrfffrfffffrlffrrflffrlffffffflrlrfflffrlrfrlffllrlrlrrfllrfrflfrflrrfrflflfrrffllfrfrllr"/>
	<trajectory sample="267" generation="267000" 
bestEnergy="0.0" averageEnergy="-4.9878" worstEnergy="-2.0" bestConformation="Conformation 5.0 -5.0 Flllfrrlrrlrfffrfffffrlffrrflffrlffffffflrlrfflffrlrfrlffllrlrlrrfllrfrflfrflrrfrflflfrrffllfrfrllr"/>
	<trajectory sample="268" generation="268000" 
bestEnergy="0.0" averageEnergy="-4.9878" worstEnergy="-2.0" bestConformation="Conformation 5.0 -5.0 Flllfrrlrrlrfffrfffffrlffrrflffrlffffffflrlrfflffrlrfrlffllrlrlrrfllrfrflfrflrrfrflflfrrffllfrfrllr"/>
	<trajectory sample="269" generation="269000" 
bestEnergy="0.0" averageEnergy="-4.9878" worstEnergy="-2.0" bestConformation="Conformation 5.0 -5.0 Flllfrrlrrlrfffrfffffrlffrrflffrlffffffflrlrfflffrlrfrlffllrlrlrrfllrfrflfrflrrfrflflfrrffllfrfrllr"/>
	<trajectory sample="270" generation="270000" 
bestEnergy="0.0" averageEnergy="-4.9878" worstEnergy="-2.0" bestConformation="Conformation 5.0 -5.0 Flllfrrlrrlrfffrfffffrlffrrflffrlffffffflrlrfflffrlrfrlffllrlrlrrfllrfrflfrflrrfrflflfrrffllfrfrllr"/>
	<trajectory sample="271" generation="271000" 
bestEnergy="0.0" averageEnergy="-4.9878" worstEnergy="-2.0" bestConformation="Conformation 5.0 -5.0 Flllfrrlrrlrfffrfffffrlffrrflffrlffffffflrlrfflffrlrfrlffllrlrlrrfllrfrflfrflrrfrflflfrrffllfrfrllr"/>
	<trajectory sample="272" generation="272000" 
bestEnergy="0.0" averageEnergy="-4.9878" worstEnergy="-2.0" bestConformation="Conformation 5.0 -5.0 Flllfrrlrrlrfffrfffffrlffrrflffrlffffffflrlrfflffrlrfrlffllrlrlrrfllrfrflfrflrrfrflflfrrffllfrfrllr"/>
	<trajectory sample="273" generation="273000" 
bestEnergy="0.0" averageEnergy="-4.9878" worstEnergy="-2.0" bestConformation="Conformation 5.0 -5.0 Flllfrrlrrlrfffrfffffrlffrrflffrlffffffflrlrfflffrlrfrlffllrlrlrrfllrfrflfrflrrfrflflfrrffllfrfrllr"/>
	<trajectory sample="274" generation="274000" 
bestEnergy="0.0" averageEnergy="-4.9878" worstEnergy="-2.0" bestConformation="Conformation 5.0 -5.0 Flllfrrlrrlrfffrfffffrlffrrflffrlffffffflrlrfflffrlrfrlffllrlrlrrfllrfrflfrflrrfrflflfrrffllfrfrllr"/>
	<trajectory sample="275" generation="275000" 
bestEnergy="0.0" averageEnergy="-4.9878" worstEnergy="-2.0" bestConformation="Conformation 5.0 -5.0 Flllfrrlrrlrfffrfffffrlffrrflffrlffffffflrlrfflffrlrfrlffllrlrlrrfllrfrflfrflrrfrflflfrrffllfrfrllr"/>
	<trajectory sample="276" generation="276000" 
bestEnergy="0.0" averageEnergy="-4.9878" worstEnergy="-2.0" bestConformation="Conformation 5.0 -5.0 Flllfrrlrrlrfffrfffffrlffrrflffrlffffffflrlrfflffrlrfrlffllrlrlrrfllrfrflfrflrrfrflflfrrffllfrfrllr"/>
	<trajectory sample="277" generation="277000" 
bestEnergy="0.0" averageEnergy="-4.9878" worstEnergy="-2.0" bestConformation="Conformation 5.0 -5.0 Flllfrrlrrlrfffrfffffrlffrrflffrlffffffflrlrfflffrlrfrlffllrlrlrrfllrfrflfrflrrfrflflfrrffllfrfrllr"/>
	<trajectory sample="278" generation="278000" 
bestEnergy="0.0" averageEnergy="-4.9878" worstEnergy="-2.0" bestConformation="Conformation 5.0 -5.0 Flllfrrlrrlrfffrfffffrlffrrflffrlffffffflrlrfflffrlrfrlffllrlrlrrfllrfrflfrflrrfrflflfrrffllfrfrllr"/>
	<trajectory sample="279" generation="279000" 
bestEnergy="0.0" averageEnergy="-4.9878" worstEnergy="-2.0" bestConformation="Conformation 5.0 -5.0 Flllfrrlrrlrfffrfffffrlffrrflffrlffffffflrlrfflffrlrfrlffllrlrlrrfllrfrflfrflrrfrflflfrrffllfrfrllr"/>
	<trajectory sample="280" generation="280000" 
bestEnergy="0.0" averageEnergy="-4.9878" worstEnergy="-2.0" bestConformation="Conformation 5.0 -5.0 Flllfrrlrrlrfffrfffffrlffrrflffrlffffffflrlrfflffrlrfrlffllrlrlrrfllrfrflfrflrrfrflflfrrffllfrfrllr"/>
	<trajectory sample="281" generation="281000" 
bestEnergy="0.0" averageEnergy="-4.9878" worstEnergy="-2.0" bestConformation="Conformation 5.0 -5.0 Flllfrrlrrlrfffrfffffrlffrrflffrlffffffflrlrfflffrlrfrlffllrlrlrrfllrfrflfrflrrfrflflfrrffllfrfrllr"/>
	<trajectory sample="282" generation="282000" 
bestEnergy="0.0" averageEnergy="-4.9878" worstEnergy="-2.0" bestConformation="Conformation 5.0 -5.0 Flllfrrlrrlrfffrfffffrlffrrflffrlffffffflrlrfflffrlrfrlffllrlrlrrfllrfrflfrflrrfrflflfrrffllfrfrllr"/>
	<trajectory sample="283" generation="283000" 
bestEnergy="0.0" averageEnergy="-4.9878" worstEnergy="-2.0" bestConformation="Conformation 5.0 -5.0 Flllfrrlrrlrfffrfffffrlffrrflffrlffffffflrlrfflffrlrfrlffllrlrlrrfllrfrflfrflrrfrflflfrrffllfrfrllr"/>
	<trajectory sample="284" generation="284000" 
bestEnergy="0.0" averageEnergy="-4.9878" worstEnergy="-2.0" bestConformation="Conformation 5.0 -5.0 Flllfrrlrrlrfffrfffffrlffrrflffrlffffffflrlrfflffrlrfrlffllrlrlrrfllrfrflfrflrrfrflflfrrffllfrfrllr"/>
	<trajectory sample="285" generation="285000" 
bestEnergy="0.0" averageEnergy="-4.9878" worstEnergy="-2.0" bestConformation="Conformation 5.0 -5.0 Flllfrrlrrlrfffrfffffrlffrrflffrlffffffflrlrfflffrlrfrlffllrlrlrrfllrfrflfrflrrfrflflfrrffllfrfrllr"/>
	<trajectory sample="286" generation="286000" 
bestEnergy="0.0" averageEnergy="-4.9878" worstEnergy="-2.0" bestConformation="Conformation 5.0 -5.0 Flllfrrlrrlrfffrfffffrlffrrflffrlffffffflrlrfflffrlrfrlffllrlrlrrfllrfrflfrflrrfrflflfrrffllfrfrllr"/>
	<trajectory sample="287" generation="287000" 
bestEnergy="0.0" averageEnergy="-4.9878" worstEnergy="-2.0" bestConformation="Conformation 5.0 -5.0 Flllfrrlrrlrfffrfffffrlffrrflffrlffffffflrlrfflffrlrfrlffllrlrlrrfllrfrflfrflrrfrflflfrrffllfrfrllr"/>
	<trajectory sample="288" generation="288000" 
bestEnergy="0.0" averageEnergy="-4.9878" worstEnergy="-2.0" bestConformation="Conformation 5.0 -5.0 Flllfrrlrrlrfffrfffffrlffrrflffrlffffffflrlrfflffrlrfrlffllrlrlrrfllrfrflfrflrrfrflflfrrffllfrfrllr"/>
	<trajectory sample="289" generation="289000" 
bestEnergy="0.0" averageEnergy="-4.9878" worstEnergy="-2.0" bestConformation="Conformation 5.0 -5.0 Flllfrrlrrlrfffrfffffrlffrrflffrlffffffflrlrfflffrlrfrlffllrlrlrrfllrfrflfrflrrfrflflfrrffllfrfrllr"/>
	<trajectory sample="290" generation="290000" 
bestEnergy="0.0" averageEnergy="-4.9878" worstEnergy="-2.0" bestConformation="Conformation 5.0 -5.0 Flllfrrlrrlrfffrfffffrlffrrflffrlffffffflrlrfflffrlrfrlffllrlrlrrfllrfrflfrflrrfrflflfrrffllfrfrllr"/>
	<trajectory sample="291" generation="291000" 
bestEnergy="0.0" averageEnergy="-4.9878" worstEnergy="-2.0" bestConformation="Conformation 5.0 -5.0 Flllfrrlrrlrfffrfffffrlffrrflffrlffffffflrlrfflffrlrfrlffllrlrlrrfllrfrflfrflrrfrflflfrrffllfrfrllr"/>
	<trajectory sample="292" generation="292000" 
bestEnergy="0.0" averageEnergy="-4.9878" worstEnergy="-2.0" bestConformation="Conformation 5.0 -5.0 Flllfrrlrrlrfffrfffffrlffrrflffrlffffffflrlrfflffrlrfrlffllrlrlrrfllrfrflfrflrrfrflflfrrffllfrfrllr"/>
	<trajectory sample="293" generation="293000" 
bestEnergy="0.0" averageEnergy="-4.9878" worstEnergy="-2.0" bestConformation="Conformation 5.0 -5.0 Flllfrrlrrlrfffrfffffrlffrrflffrlffffffflrlrfflffrlrfrlffllrlrlrrfllrfrflfrflrrfrflflfrrffllfrfrllr"/>
	<trajectory sample="294" generation="294000" 
bestEnergy="0.0" averageEnergy="-4.9878" worstEnergy="-2.0" bestConformation="Conformation 5.0 -5.0 Flllfrrlrrlrfffrfffffrlffrrflffrlffffffflrlrfflffrlrfrlffllrlrlrrfllrfrflfrflrrfrflflfrrffllfrfrllr"/>
	<trajectory sample="295" generation="295000" 
bestEnergy="0.0" averageEnergy="-4.9878" worstEnergy="-2.0" bestConformation="Conformation 5.0 -5.0 Flllfrrlrrlrfffrfffffrlffrrflffrlffffffflrlrfflffrlrfrlffllrlrlrrfllrfrflfrflrrfrflflfrrffllfrfrllr"/>
	<trajectory sample="296" generation="296000" 
bestEnergy="0.0" averageEnergy="-4.9878" worstEnergy="-2.0" bestConformation="Conformation 5.0 -5.0 Flllfrrlrrlrfffrfffffrlffrrflffrlffffffflrlrfflffrlrfrlffllrlrlrrfllrfrflfrflrrfrflflfrrffllfrfrllr"/>
	<trajectory sample="297" generation="297000" 
bestEnergy="0.0" averageEnergy="-4.9878" worstEnergy="-2.0" bestConformation="Conformation 5.0 -5.0 Flllfrrlrrlrfffrfffffrlffrrflffrlffffffflrlrfflffrlrfrlffllrlrlrrfllrfrflfrflrrfrflflfrrffllfrfrllr"/>
	<trajectory sample="298" generation="298000" 
bestEnergy="0.0" averageEnergy="-4.9878" worstEnergy="-2.0" bestConformation="Conformation 5.0 -5.0 Flllfrrlrrlrfffrfffffrlffrrflffrlffffffflrlrfflffrlrfrlffllrlrlrrfllrfrflfrflrrfrflflfrrffllfrfrllr"/>
	<trajectory sample="299" generation="299000" 
bestEnergy="0.0" averageEnergy="-4.9878" worstEnergy="-2.0" bestConformation="Conformation 5.0 -5.0 Flllfrrlrrlrfffrfffffrlffrrflffrlffffffflrlrfflffrlrfrlffllrlrlrrfllrfrflfrflrrfrflflfrrffllfrfrllr"/>
	<trajectory sample="300" generation="300000" 
bestEnergy="0.0" averageEnergy="-4.9878" worstEnergy="-2.0" bestConformation="Conformation 5.0 -5.0 Flllfrrlrrlrfffrfffffrlffrrflffrlffffffflrlrfflffrlrfrlffllrlrlrrfllrfrflfrflrrfrflflfrrffllfrfrllr"/>
	<trajectory sample="301" generation="301000" 
bestEnergy="0.0" averageEnergy="-4.9878" worstEnergy="-2.0" bestConformation="Conformation 5.0 -5.0 Flllfrrlrrlrfffrfffffrlffrrflffrlffffffflrlrfflffrlrfrlffllrlrlrrfllrfrflfrflrrfrflflfrrffllfrfrllr"/>
	<trajectory sample="302" generation="302000" 
bestEnergy="0.0" averageEnergy="-4.9878" worstEnergy="-2.0" bestConformation="Conformation 5.0 -5.0 Flllfrrlrrlrfffrfffffrlffrrflffrlffffffflrlrfflffrlrfrlffllrlrlrrfllrfrflfrflrrfrflflfrrffllfrfrllr"/>
	<trajectory sample="303" generation="303000" 
bestEnergy="0.0" averageEnergy="-4.9878" worstEnergy="-2.0" bestConformation="Conformation 5.0 -5.0 Flllfrrlrrlrfffrfffffrlffrrflffrlffffffflrlrfflffrlrfrlffllrlrlrrfllrfrflfrflrrfrflflfrrffllfrfrllr"/>
	<trajectory sample="304" generation="304000" 
bestEnergy="0.0" averageEnergy="-4.9878" worstEnergy="-2.0" bestConformation="Conformation 5.0 -5.0 Flllfrrlrrlrfffrfffffrlffrrflffrlffffffflrlrfflffrlrfrlffllrlrlrrfllrfrflfrflrrfrflflfrrffllfrfrllr"/>
	<trajectory sample="305" generation="305000" 
bestEnergy="0.0" averageEnergy="-4.9878" worstEnergy="-2.0" bestConformation="Conformation 5.0 -5.0 Flllfrrlrrlrfffrfffffrlffrrflffrlffffffflrlrfflffrlrfrlffllrlrlrrfllrfrflfrflrrfrflflfrrffllfrfrllr"/>
	<trajectory sample="306" generation="306000" 
bestEnergy="0.0" averageEnergy="-4.9878" worstEnergy="-2.0" bestConformation="Conformation 5.0 -5.0 Flllfrrlrrlrfffrfffffrlffrrflffrlffffffflrlrfflffrlrfrlffllrlrlrrfllrfrflfrflrrfrflflfrrffllfrfrllr"/>
	<trajectory sample="307" generation="307000" 
bestEnergy="0.0" averageEnergy="-4.9878" worstEnergy="-2.0" bestConformation="Conformation 5.0 -5.0 Flllfrrlrrlrfffrfffffrlffrrflffrlffffffflrlrfflffrlrfrlffllrlrlrrfllrfrflfrflrrfrflflfrrffllfrfrllr"/>
	<trajectory sample="308" generation="308000" 
bestEnergy="0.0" averageEnergy="-4.9878" worstEnergy="-2.0" bestConformation="Conformation 5.0 -5.0 Flllfrrlrrlrfffrfffffrlffrrflffrlffffffflrlrfflffrlrfrlffllrlrlrrfllrfrflfrflrrfrflflfrrffllfrfrllr"/>
	<trajectory sample="309" generation="309000" 
bestEnergy="0.0" averageEnergy="-4.9878" worstEnergy="-2.0" bestConformation="Conformation 5.0 -5.0 Flllfrrlrrlrfffrfffffrlffrrflffrlffffffflrlrfflffrlrfrlffllrlrlrrfllrfrflfrflrrfrflflfrrffllfrfrllr"/>
	<trajectory sample="310" generation="310000" 
bestEnergy="0.0" averageEnergy="-4.9878" worstEnergy="-2.0" bestConformation="Conformation 5.0 -5.0 Flllfrrlrrlrfffrfffffrlffrrflffrlffffffflrlrfflffrlrfrlffllrlrlrrfllrfrflfrflrrfrflflfrrffllfrfrllr"/>
	<trajectory sample="311" generation="311000" 
bestEnergy="0.0" averageEnergy="-4.9878" worstEnergy="-2.0" bestConformation="Conformation 5.0 -5.0 Flllfrrlrrlrfffrfffffrlffrrflffrlffffffflrlrfflffrlrfrlffllrlrlrrfllrfrflfrflrrfrflflfrrffllfrfrllr"/>
	<trajectory sample="312" generation="312000" 
bestEnergy="0.0" averageEnergy="-4.9878" worstEnergy="-2.0" bestConformation="Conformation 5.0 -5.0 Flllfrrlrrlrfffrfffffrlffrrflffrlffffffflrlrfflffrlrfrlffllrlrlrrfllrfrflfrflrrfrflflfrrffllfrfrllr"/>
	<trajectory sample="313" generation="313000" 
bestEnergy="0.0" averageEnergy="-4.9878" worstEnergy="-2.0" bestConformation="Conformation 5.0 -5.0 Flllfrrlrrlrfffrfffffrlffrrflffrlffffffflrlrfflffrlrfrlffllrlrlrrfllrfrflfrflrrfrflflfrrffllfrfrllr"/>
	<trajectory sample="314" generation="314000" 
bestEnergy="0.0" averageEnergy="-4.9878" worstEnergy="-2.0" bestConformation="Conformation 5.0 -5.0 Flllfrrlrrlrfffrfffffrlffrrflffrlffffffflrlrfflffrlrfrlffllrlrlrrfllrfrflfrflrrfrflflfrrffllfrfrllr"/>
	<trajectory sample="315" generation="315000" 
bestEnergy="0.0" averageEnergy="-4.9878" worstEnergy="-2.0" bestConformation="Conformation 5.0 -5.0 Flllfrrlrrlrfffrfffffrlffrrflffrlffffffflrlrfflffrlrfrlffllrlrlrrfllrfrflfrflrrfrflflfrrffllfrfrllr"/>
	<trajectory sample="316" generation="316000" 
bestEnergy="0.0" averageEnergy="-4.9878" worstEnergy="-2.0" bestConformation="Conformation 5.0 -5.0 Flllfrrlrrlrfffrfffffrlffrrflffrlffffffflrlrfflffrlrfrlffllrlrlrrfllrfrflfrflrrfrflflfrrffllfrfrllr"/>
	<trajectory sample="317" generation="317000" 
bestEnergy="0.0" averageEnergy="-4.9878" worstEnergy="-2.0" bestConformation="Conformation 5.0 -5.0 Flllfrrlrrlrfffrfffffrlffrrflffrlffffffflrlrfflffrlrfrlffllrlrlrrfllrfrflfrflrrfrflflfrrffllfrfrllr"/>
	<trajectory sample="318" generation="318000" 
bestEnergy="0.0" averageEnergy="-4.9878" worstEnergy="-2.0" bestConformation="Conformation 5.0 -5.0 Flllfrrlrrlrfffrfffffrlffrrflffrlffffffflrlrfflffrlrfrlffllrlrlrrfllrfrflfrflrrfrflflfrrffllfrfrllr"/>
	<trajectory sample="319" generation="319000" 
bestEnergy="0.0" averageEnergy="-4.9878" worstEnergy="-2.0" bestConformation="Conformation 5.0 -5.0 Flllfrrlrrlrfffrfffffrlffrrflffrlffffffflrlrfflffrlrfrlffllrlrlrrfllrfrflfrflrrfrflflfrrffllfrfrllr"/>
	<trajectory sample="320" generation="320000" 
bestEnergy="0.0" averageEnergy="-4.9878" worstEnergy="-2.0" bestConformation="Conformation 5.0 -5.0 Flllfrrlrrlrfffrfffffrlffrrflffrlffffffflrlrfflffrlrfrlffllrlrlrrfllrfrflfrflrrfrflflfrrffllfrfrllr"/>
	<trajectory sample="321" generation="321000" 
bestEnergy="0.0" averageEnergy="-4.9878" worstEnergy="-2.0" bestConformation="Conformation 5.0 -5.0 Flllfrrlrrlrfffrfffffrlffrrflffrlffffffflrlrfflffrlrfrlffllrlrlrrfllrfrflfrflrrfrflflfrrffllfrfrllr"/>
	<trajectory sample="322" generation="322000" 
bestEnergy="0.0" averageEnergy="-4.9878" worstEnergy="-2.0" bestConformation="Conformation 5.0 -5.0 Flllfrrlrrlrfffrfffffrlffrrflffrlffffffflrlrfflffrlrfrlffllrlrlrrfllrfrflfrflrrfrflflfrrffllfrfrllr"/>
	<trajectory sample="323" generation="323000" 
bestEnergy="0.0" averageEnergy="-4.9878" worstEnergy="-2.0" bestConformation="Conformation 5.0 -5.0 Flllfrrlrrlrfffrfffffrlffrrflffrlffffffflrlrfflffrlrfrlffllrlrlrrfllrfrflfrflrrfrflflfrrffllfrfrllr"/>
	<trajectory sample="324" generation="324000" 
bestEnergy="0.0" averageEnergy="-4.9878" worstEnergy="-2.0" bestConformation="Conformation 5.0 -5.0 Flllfrrlrrlrfffrfffffrlffrrflffrlffffffflrlrfflffrlrfrlffllrlrlrrfllrfrflfrflrrfrflflfrrffllfrfrllr"/>
	<trajectory sample="325" generation="325000" 
bestEnergy="0.0" averageEnergy="-4.9878" worstEnergy="-2.0" bestConformation="Conformation 5.0 -5.0 Flllfrrlrrlrfffrfffffrlffrrflffrlffffffflrlrfflffrlrfrlffllrlrlrrfllrfrflfrflrrfrflflfrrffllfrfrllr"/>
	<trajectory sample="326" generation="326000" 
bestEnergy="0.0" averageEnergy="-4.9878" worstEnergy="-2.0" bestConformation="Conformation 5.0 -5.0 Flllfrrlrrlrfffrfffffrlffrrflffrlffffffflrlrfflffrlrfrlffllrlrlrrfllrfrflfrflrrfrflflfrrffllfrfrllr"/>
	<trajectory sample="327" generation="327000" 
bestEnergy="0.0" averageEnergy="-4.9878" worstEnergy="-2.0" bestConformation="Conformation 5.0 -5.0 Flllfrrlrrlrfffrfffffrlffrrflffrlffffffflrlrfflffrlrfrlffllrlrlrrfllrfrflfrflrrfrflflfrrffllfrfrllr"/>
	<trajectory sample="328" generation="328000" 
bestEnergy="0.0" averageEnergy="-4.9878" worstEnergy="-2.0" bestConformation="Conformation 5.0 -5.0 Flllfrrlrrlrfffrfffffrlffrrflffrlffffffflrlrfflffrlrfrlffllrlrlrrfllrfrflfrflrrfrflflfrrffllfrfrllr"/>
	<trajectory sample="329" generation="329000" 
bestEnergy="0.0" averageEnergy="-4.9878" worstEnergy="-2.0" bestConformation="Conformation 5.0 -5.0 Flllfrrlrrlrfffrfffffrlffrrflffrlffffffflrlrfflffrlrfrlffllrlrlrrfllrfrflfrflrrfrflflfrrffllfrfrllr"/>
	<trajectory sample="330" generation="330000" 
bestEnergy="0.0" averageEnergy="-4.9878" worstEnergy="-2.0" bestConformation="Conformation 5.0 -5.0 Flllfrrlrrlrfffrfffffrlffrrflffrlffffffflrlrfflffrlrfrlffllrlrlrrfllrfrflfrflrrfrflflfrrffllfrfrllr"/>
	<trajectory sample="331" generation="331000" 
bestEnergy="0.0" averageEnergy="-4.9878" worstEnergy="-2.0" bestConformation="Conformation 5.0 -5.0 Flllfrrlrrlrfffrfffffrlffrrflffrlffffffflrlrfflffrlrfrlffllrlrlrrfllrfrflfrflrrfrflflfrrffllfrfrllr"/>
	<trajectory sample="332" generation="332000" 
bestEnergy="0.0" averageEnergy="-4.9878" worstEnergy="-2.0" bestConformation="Conformation 5.0 -5.0 Flllfrrlrrlrfffrfffffrlffrrflffrlffffffflrlrfflffrlrfrlffllrlrlrrfllrfrflfrflrrfrflflfrrffllfrfrllr"/>
	<trajectory sample="333" generation="333000" 
bestEnergy="0.0" averageEnergy="-4.9878" worstEnergy="-2.0" bestConformation="Conformation 5.0 -5.0 Flllfrrlrrlrfffrfffffrlffrrflffrlffffffflrlrfflffrlrfrlffllrlrlrrfllrfrflfrflrrfrflflfrrffllfrfrllr"/>
	<trajectory sample="334" generation="334000" 
bestEnergy="0.0" averageEnergy="-4.9878" worstEnergy="-2.0" bestConformation="Conformation 5.0 -5.0 Flllfrrlrrlrfffrfffffrlffrrflffrlffffffflrlrfflffrlrfrlffllrlrlrrfllrfrflfrflrrfrflflfrrffllfrfrllr"/>
	<trajectory sample="335" generation="335000" 
bestEnergy="0.0" averageEnergy="-4.9878" worstEnergy="-2.0" bestConformation="Conformation 5.0 -5.0 Flllfrrlrrlrfffrfffffrlffrrflffrlffffffflrlrfflffrlrfrlffllrlrlrrfllrfrflfrflrrfrflflfrrffllfrfrllr"/>
	<trajectory sample="336" generation="336000" 
bestEnergy="0.0" averageEnergy="-4.9878" worstEnergy="-2.0" bestConformation="Conformation 5.0 -5.0 Flllfrrlrrlrfffrfffffrlffrrflffrlffffffflrlrfflffrlrfrlffllrlrlrrfllrfrflfrflrrfrflflfrrffllfrfrllr"/>
	<trajectory sample="337" generation="337000" 
bestEnergy="0.0" averageEnergy="-4.9878" worstEnergy="-2.0" bestConformation="Conformation 5.0 -5.0 Flllfrrlrrlrfffrfffffrlffrrflffrlffffffflrlrfflffrlrfrlffllrlrlrrfllrfrflfrflrrfrflflfrrffllfrfrllr"/>
	<trajectory sample="338" generation="338000" 
bestEnergy="0.0" averageEnergy="-4.9878" worstEnergy="-2.0" bestConformation="Conformation 5.0 -5.0 Flllfrrlrrlrfffrfffffrlffrrflffrlffffffflrlrfflffrlrfrlffllrlrlrrfllrfrflfrflrrfrflflfrrffllfrfrllr"/>
	<trajectory sample="339" generation="339000" 
bestEnergy="0.0" averageEnergy="-4.9878" worstEnergy="-2.0" bestConformation="Conformation 5.0 -5.0 Flllfrrlrrlrfffrfffffrlffrrflffrlffffffflrlrfflffrlrfrlffllrlrlrrfllrfrflfrflrrfrflflfrrffllfrfrllr"/>
	<trajectory sample="340" generation="340000" 
bestEnergy="0.0" averageEnergy="-4.9878" worstEnergy="-2.0" bestConformation="Conformation 5.0 -5.0 Flllfrrlrrlrfffrfffffrlffrrflffrlffffffflrlrfflffrlrfrlffllrlrlrrfllrfrflfrflrrfrflflfrrffllfrfrllr"/>
	<trajectory sample="341" generation="341000" 
bestEnergy="0.0" averageEnergy="-4.9878" worstEnergy="-2.0" bestConformation="Conformation 5.0 -5.0 Flllfrrlrrlrfffrfffffrlffrrflffrlffffffflrlrfflffrlrfrlffllrlrlrrfllrfrflfrflrrfrflflfrrffllfrfrllr"/>
	<trajectory sample="342" generation="342000" 
bestEnergy="0.0" averageEnergy="-4.9878" worstEnergy="-2.0" bestConformation="Conformation 5.0 -5.0 Flllfrrlrrlrfffrfffffrlffrrflffrlffffffflrlrfflffrlrfrlffllrlrlrrfllrfrflfrflrrfrflflfrrffllfrfrllr"/>
	<trajectory sample="343" generation="343000" 
bestEnergy="0.0" averageEnergy="-4.9878" worstEnergy="-2.0" bestConformation="Conformation 5.0 -5.0 Flllfrrlrrlrfffrfffffrlffrrflffrlffffffflrlrfflffrlrfrlffllrlrlrrfllrfrflfrflrrfrflflfrrffllfrfrllr"/>
	<trajectory sample="344" generation="344000" 
bestEnergy="0.0" averageEnergy="-4.9878" worstEnergy="-2.0" bestConformation="Conformation 5.0 -5.0 Flllfrrlrrlrfffrfffffrlffrrflffrlffffffflrlrfflffrlrfrlffllrlrlrrfllrfrflfrflrrfrflflfrrffllfrfrllr"/>
	<trajectory sample="345" generation="345000" 
bestEnergy="0.0" averageEnergy="-4.9878" worstEnergy="-2.0" bestConformation="Conformation 5.0 -5.0 Flllfrrlrrlrfffrfffffrlffrrflffrlffffffflrlrfflffrlrfrlffllrlrlrrfllrfrflfrflrrfrflflfrrffllfrfrllr"/>
	<trajectory sample="346" generation="346000" 
bestEnergy="0.0" averageEnergy="-4.9878" worstEnergy="-2.0" bestConformation="Conformation 5.0 -5.0 Flllfrrlrrlrfffrfffffrlffrrflffrlffffffflrlrfflffrlrfrlffllrlrlrrfllrfrflfrflrrfrflflfrrffllfrfrllr"/>
	<trajectory sample="347" generation="347000" 
bestEnergy="0.0" averageEnergy="-4.9878" worstEnergy="-2.0" bestConformation="Conformation 5.0 -5.0 Flllfrrlrrlrfffrfffffrlffrrflffrlffffffflrlrfflffrlrfrlffllrlrlrrfllrfrflfrflrrfrflflfrrffllfrfrllr"/>
	<trajectory sample="348" generation="348000" 
bestEnergy="0.0" averageEnergy="-4.9878" worstEnergy="-2.0" bestConformation="Conformation 5.0 -5.0 Flllfrrlrrlrfffrfffffrlffrrflffrlffffffflrlrfflffrlrfrlffllrlrlrrfllrfrflfrflrrfrflflfrrffllfrfrllr"/>
	<trajectory sample="349" generation="349000" 
bestEnergy="0.0" averageEnergy="-4.9878" worstEnergy="-2.0" bestConformation="Conformation 5.0 -5.0 Flllfrrlrrlrfffrfffffrlffrrflffrlffffffflrlrfflffrlrfrlffllrlrlrrfllrfrflfrflrrfrflflfrrffllfrfrllr"/>
	<trajectory sample="350" generation="350000" 
bestEnergy="0.0" averageEnergy="-4.9878" worstEnergy="-2.0" bestConformation="Conformation 5.0 -5.0 Flllfrrlrrlrfffrfffffrlffrrflffrlffffffflrlrfflffrlrfrlffllrlrlrrfllrfrflfrflrrfrflflfrrffllfrfrllr"/>
	<trajectory sample="351" generation="351000" 
bestEnergy="0.0" averageEnergy="-4.9878" worstEnergy="-2.0" bestConformation="Conformation 5.0 -5.0 Flllfrrlrrlrfffrfffffrlffrrflffrlffffffflrlrfflffrlrfrlffllrlrlrrfllrfrflfrflrrfrflflfrrffllfrfrllr"/>
	<trajectory sample="352" generation="352000" 
bestEnergy="0.0" averageEnergy="-4.9878" worstEnergy="-2.0" bestConformation="Conformation 5.0 -5.0 Flllfrrlrrlrfffrfffffrlffrrflffrlffffffflrlrfflffrlrfrlffllrlrlrrfllrfrflfrflrrfrflflfrrffllfrfrllr"/>
	<trajectory sample="353" generation="353000" 
bestEnergy="0.0" averageEnergy="-4.9878" worstEnergy="-2.0" bestConformation="Conformation 5.0 -5.0 Flllfrrlrrlrfffrfffffrlffrrflffrlffffffflrlrfflffrlrfrlffllrlrlrrfllrfrflfrflrrfrflflfrrffllfrfrllr"/>
	<trajectory sample="354" generation="354000" 
bestEnergy="0.0" averageEnergy="-4.9878" worstEnergy="-2.0" bestConformation="Conformation 5.0 -5.0 Flllfrrlrrlrfffrfffffrlffrrflffrlffffffflrlrfflffrlrfrlffllrlrlrrfllrfrflfrflrrfrflflfrrffllfrfrllr"/>
	<trajectory sample="355" generation="355000" 
bestEnergy="0.0" averageEnergy="-4.9878" worstEnergy="-2.0" bestConformation="Conformation 5.0 -5.0 Flllfrrlrrlrfffrfffffrlffrrflffrlffffffflrlrfflffrlrfrlffllrlrlrrfllrfrflfrflrrfrflflfrrffllfrfrllr"/>
	<trajectory sample="356" generation="356000" 
bestEnergy="0.0" averageEnergy="-4.9878" worstEnergy="-2.0" bestConformation="Conformation 5.0 -5.0 Flllfrrlrrlrfffrfffffrlffrrflffrlffffffflrlrfflffrlrfrlffllrlrlrrfllrfrflfrflrrfrflflfrrffllfrfrllr"/>
	<trajectory sample="357" generation="357000" 
bestEnergy="0.0" averageEnergy="-4.9878" worstEnergy="-2.0" bestConformation="Conformation 5.0 -5.0 Flllfrrlrrlrfffrfffffrlffrrflffrlffffffflrlrfflffrlrfrlffllrlrlrrfllrfrflfrflrrfrflflfrrffllfrfrllr"/>
	<trajectory sample="358" generation="358000" 
bestEnergy="0.0" averageEnergy="-4.9878" worstEnergy="-2.0" bestConformation="Conformation 5.0 -5.0 Flllfrrlrrlrfffrfffffrlffrrflffrlffffffflrlrfflffrlrfrlffllrlrlrrfllrfrflfrflrrfrflflfrrffllfrfrllr"/>
	<trajectory sample="359" generation="359000" 
bestEnergy="0.0" averageEnergy="-4.9878" worstEnergy="-2.0" bestConformation="Conformation 5.0 -5.0 Flllfrrlrrlrfffrfffffrlffrrflffrlffffffflrlrfflffrlrfrlffllrlrlrrfllrfrflfrflrrfrflflfrrffllfrfrllr"/>
	<trajectory sample="360" generation="360000" 
bestEnergy="0.0" averageEnergy="-4.9878" worstEnergy="-2.0" bestConformation="Conformation 5.0 -5.0 Flllfrrlrrlrfffrfffffrlffrrflffrlffffffflrlrfflffrlrfrlffllrlrlrrfllrfrflfrflrrfrflflfrrffllfrfrllr"/>
	<trajectory sample="361" generation="361000" 
bestEnergy="0.0" averageEnergy="-4.9878" worstEnergy="-2.0" bestConformation="Conformation 5.0 -5.0 Flllfrrlrrlrfffrfffffrlffrrflffrlffffffflrlrfflffrlrfrlffllrlrlrrfllrfrflfrflrrfrflflfrrffllfrfrllr"/>
	<trajectory sample="362" generation="362000" 
bestEnergy="0.0" averageEnergy="-4.9878" worstEnergy="-2.0" bestConformation="Conformation 5.0 -5.0 Flllfrrlrrlrfffrfffffrlffrrflffrlffffffflrlrfflffrlrfrlffllrlrlrrfllrfrflfrflrrfrflflfrrffllfrfrllr"/>
	<trajectory sample="363" generation="363000" 
bestEnergy="0.0" averageEnergy="-4.9878" worstEnergy="-2.0" bestConformation="Conformation 5.0 -5.0 Flllfrrlrrlrfffrfffffrlffrrflffrlffffffflrlrfflffrlrfrlffllrlrlrrfllrfrflfrflrrfrflflfrrffllfrfrllr"/>
	<trajectory sample="364" generation="364000" 
bestEnergy="0.0" averageEnergy="-4.9878" worstEnergy="-2.0" bestConformation="Conformation 5.0 -5.0 Flllfrrlrrlrfffrfffffrlffrrflffrlffffffflrlrfflffrlrfrlffllrlrlrrfllrfrflfrflrrfrflflfrrffllfrfrllr"/>
	<trajectory sample="365" generation="365000" 
bestEnergy="0.0" averageEnergy="-4.9878" worstEnergy="-2.0" bestConformation="Conformation 5.0 -5.0 Flllfrrlrrlrfffrfffffrlffrrflffrlffffffflrlrfflffrlrfrlffllrlrlrrfllrfrflfrflrrfrflflfrrffllfrfrllr"/>
	<trajectory sample="366" generation="366000" 
bestEnergy="0.0" averageEnergy="-4.9878" worstEnergy="-2.0" bestConformation="Conformation 5.0 -5.0 Flllfrrlrrlrfffrfffffrlffrrflffrlffffffflrlrfflffrlrfrlffllrlrlrrfllrfrflfrflrrfrflflfrrffllfrfrllr"/>
	<trajectory sample="367" generation="367000" 
bestEnergy="0.0" averageEnergy="-4.9878" worstEnergy="-2.0" bestConformation="Conformation 5.0 -5.0 Flllfrrlrrlrfffrfffffrlffrrflffrlffffffflrlrfflffrlrfrlffllrlrlrrfllrfrflfrflrrfrflflfrrffllfrfrllr"/>
	<trajectory sample="368" generation="368000" 
bestEnergy="0.0" averageEnergy="-4.9878" worstEnergy="-2.0" bestConformation="Conformation 5.0 -5.0 Flllfrrlrrlrfffrfffffrlffrrflffrlffffffflrlrfflffrlrfrlffllrlrlrrfllrfrflfrflrrfrflflfrrffllfrfrllr"/>
	<trajectory sample="369" generation="369000" 
bestEnergy="0.0" averageEnergy="-4.9878" worstEnergy="-2.0" bestConformation="Conformation 5.0 -5.0 Flllfrrlrrlrfffrfffffrlffrrflffrlffffffflrlrfflffrlrfrlffllrlrlrrfllrfrflfrflrrfrflflfrrffllfrfrllr"/>
	<trajectory sample="370" generation="370000" 
bestEnergy="0.0" averageEnergy="-4.9878" worstEnergy="-2.0" bestConformation="Conformation 5.0 -5.0 Flllfrrlrrlrfffrfffffrlffrrflffrlffffffflrlrfflffrlrfrlffllrlrlrrfllrfrflfrflrrfrflflfrrffllfrfrllr"/>
	<trajectory sample="371" generation="371000" 
bestEnergy="0.0" averageEnergy="-4.9878" worstEnergy="-2.0" bestConformation="Conformation 5.0 -5.0 Flllfrrlrrlrfffrfffffrlffrrflffrlffffffflrlrfflffrlrfrlffllrlrlrrfllrfrflfrflrrfrflflfrrffllfrfrllr"/>
	<trajectory sample="372" generation="372000" 
bestEnergy="0.0" averageEnergy="-4.9878" worstEnergy="-2.0" bestConformation="Conformation 5.0 -5.0 Flllfrrlrrlrfffrfffffrlffrrflffrlffffffflrlrfflffrlrfrlffllrlrlrrfllrfrflfrflrrfrflflfrrffllfrfrllr"/>
	<trajectory sample="373" generation="373000" 
bestEnergy="0.0" averageEnergy="-4.9878" worstEnergy="-2.0" bestConformation="Conformation 5.0 -5.0 Flllfrrlrrlrfffrfffffrlffrrflffrlffffffflrlrfflffrlrfrlffllrlrlrrfllrfrflfrflrrfrflflfrrffllfrfrllr"/>
	<trajectory sample="374" generation="374000" 
bestEnergy="0.0" averageEnergy="-4.9878" worstEnergy="-2.0" bestConformation="Conformation 5.0 -5.0 Flllfrrlrrlrfffrfffffrlffrrflffrlffffffflrlrfflffrlrfrlffllrlrlrrfllrfrflfrflrrfrflflfrrffllfrfrllr"/>
	<trajectory sample="375" generation="375000" 
bestEnergy="0.0" averageEnergy="-4.9878" worstEnergy="-2.0" bestConformation="Conformation 5.0 -5.0 Flllfrrlrrlrfffrfffffrlffrrflffrlffffffflrlrfflffrlrfrlffllrlrlrrfllrfrflfrflrrfrflflfrrffllfrfrllr"/>
	<trajectory sample="376" generation="376000" 
bestEnergy="0.0" averageEnergy="-4.9878" worstEnergy="-2.0" bestConformation="Conformation 5.0 -5.0 Flllfrrlrrlrfffrfffffrlffrrflffrlffffffflrlrfflffrlrfrlffllrlrlrrfllrfrflfrflrrfrflflfrrffllfrfrllr"/>
	<trajectory sample="377" generation="377000" 
bestEnergy="0.0" averageEnergy="-4.9878" worstEnergy="-2.0" bestConformation="Conformation 5.0 -5.0 Flllfrrlrrlrfffrfffffrlffrrflffrlffffffflrlrfflffrlrfrlffllrlrlrrfllrfrflfrflrrfrflflfrrffllfrfrllr"/>
	<trajectory sample="378" generation="378000" 
bestEnergy="0.0" averageEnergy="-4.9878" worstEnergy="-2.0" bestConformation="Conformation 5.0 -5.0 Flllfrrlrrlrfffrfffffrlffrrflffrlffffffflrlrfflffrlrfrlffllrlrlrrfllrfrflfrflrrfrflflfrrffllfrfrllr"/>
	<trajectory sample="379" generation="379000" 
bestEnergy="0.0" averageEnergy="-4.9878" worstEnergy="-2.0" bestConformation="Conformation 5.0 -5.0 Flllfrrlrrlrfffrfffffrlffrrflffrlffffffflrlrfflffrlrfrlffllrlrlrrfllrfrflfrflrrfrflflfrrffllfrfrllr"/>
	<trajectory sample="380" generation="380000" 
bestEnergy="0.0" averageEnergy="-4.9878" worstEnergy="-2.0" bestConformation="Conformation 5.0 -5.0 Flllfrrlrrlrfffrfffffrlffrrflffrlffffffflrlrfflffrlrfrlffllrlrlrrfllrfrflfrflrrfrflflfrrffllfrfrllr"/>
	<trajectory sample="381" generation="381000" 
bestEnergy="0.0" averageEnergy="-4.9878" worstEnergy="-2.0" bestConformation="Conformation 5.0 -5.0 Flllfrrlrrlrfffrfffffrlffrrflffrlffffffflrlrfflffrlrfrlffllrlrlrrfllrfrflfrflrrfrflflfrrffllfrfrllr"/>
	<trajectory sample="382" generation="382000" 
bestEnergy="0.0" averageEnergy="-4.9878" worstEnergy="-2.0" bestConformation="Conformation 5.0 -5.0 Flllfrrlrrlrfffrfffffrlffrrflffrlffffffflrlrfflffrlrfrlffllrlrlrrfllrfrflfrflrrfrflflfrrffllfrfrllr"/>
	<trajectory sample="383" generation="383000" 
bestEnergy="0.0" averageEnergy="-4.9878" worstEnergy="-2.0" bestConformation="Conformation 5.0 -5.0 Flllfrrlrrlrfffrfffffrlffrrflffrlffffffflrlrfflffrlrfrlffllrlrlrrfllrfrflfrflrrfrflflfrrffllfrfrllr"/>
	<trajectory sample="384" generation="384000" 
bestEnergy="0.0" averageEnergy="-4.9878" worstEnergy="-2.0" bestConformation="Conformation 5.0 -5.0 Flllfrrlrrlrfffrfffffrlffrrflffrlffffffflrlrfflffrlrfrlffllrlrlrrfllrfrflfrflrrfrflflfrrffllfrfrllr"/>
	<trajectory sample="385" generation="385000" 
bestEnergy="0.0" averageEnergy="-4.9878" worstEnergy="-2.0" bestConformation="Conformation 5.0 -5.0 Flllfrrlrrlrfffrfffffrlffrrflffrlffffffflrlrfflffrlrfrlffllrlrlrrfllrfrflfrflrrfrflflfrrffllfrfrllr"/>
	<trajectory sample="386" generation="386000" 
bestEnergy="0.0" averageEnergy="-4.9878" worstEnergy="-2.0" bestConformation="Conformation 5.0 -5.0 Flllfrrlrrlrfffrfffffrlffrrflffrlffffffflrlrfflffrlrfrlffllrlrlrrfllrfrflfrflrrfrflflfrrffllfrfrllr"/>
	<trajectory sample="387" generation="387000" 
bestEnergy="0.0" averageEnergy="-4.9878" worstEnergy="-2.0" bestConformation="Conformation 5.0 -5.0 Flllfrrlrrlrfffrfffffrlffrrflffrlffffffflrlrfflffrlrfrlffllrlrlrrfllrfrflfrflrrfrflflfrrffllfrfrllr"/>
	<trajectory sample="388" generation="388000" 
bestEnergy="0.0" averageEnergy="-4.9878" worstEnergy="-2.0" bestConformation="Conformation 5.0 -5.0 Flllfrrlrrlrfffrfffffrlffrrflffrlffffffflrlrfflffrlrfrlffllrlrlrrfllrfrflfrflrrfrflflfrrffllfrfrllr"/>
	<trajectory sample="389" generation="389000" 
bestEnergy="0.0" averageEnergy="-4.9878" worstEnergy="-2.0" bestConformation="Conformation 5.0 -5.0 Flllfrrlrrlrfffrfffffrlffrrflffrlffffffflrlrfflffrlrfrlffllrlrlrrfllrfrflfrflrrfrflflfrrffllfrfrllr"/>
	<trajectory sample="390" generation="390000" 
bestEnergy="0.0" averageEnergy="-4.9878" worstEnergy="-2.0" bestConformation="Conformation 5.0 -5.0 Flllfrrlrrlrfffrfffffrlffrrflffrlffffffflrlrfflffrlrfrlffllrlrlrrfllrfrflfrflrrfrflflfrrffllfrfrllr"/>
	<trajectory sample="391" generation="391000" 
bestEnergy="0.0" averageEnergy="-4.9878" worstEnergy="-2.0" bestConformation="Conformation 5.0 -5.0 Flllfrrlrrlrfffrfffffrlffrrflffrlffffffflrlrfflffrlrfrlffllrlrlrrfllrfrflfrflrrfrflflfrrffllfrfrllr"/>
	<trajectory sample="392" generation="392000" 
bestEnergy="0.0" averageEnergy="-4.9878" worstEnergy="-2.0" bestConformation="Conformation 5.0 -5.0 Flllfrrlrrlrfffrfffffrlffrrflffrlffffffflrlrfflffrlrfrlffllrlrlrrfllrfrflfrflrrfrflflfrrffllfrfrllr"/>
	<trajectory sample="393" generation="393000" 
bestEnergy="0.0" averageEnergy="-4.9878" worstEnergy="-2.0" bestConformation="Conformation 5.0 -5.0 Flllfrrlrrlrfffrfffffrlffrrflffrlffffffflrlrfflffrlrfrlffllrlrlrrfllrfrflfrflrrfrflflfrrffllfrfrllr"/>
	<trajectory sample="394" generation="394000" 
bestEnergy="0.0" averageEnergy="-4.9878" worstEnergy="-2.0" bestConformation="Conformation 5.0 -5.0 Flllfrrlrrlrfffrfffffrlffrrflffrlffffffflrlrfflffrlrfrlffllrlrlrrfllrfrflfrflrrfrflflfrrffllfrfrllr"/>
	<trajectory sample="395" generation="395000" 
bestEnergy="0.0" averageEnergy="-4.9878" worstEnergy="-2.0" bestConformation="Conformation 5.0 -5.0 Flllfrrlrrlrfffrfffffrlffrrflffrlffffffflrlrfflffrlrfrlffllrlrlrrfllrfrflfrflrrfrflflfrrffllfrfrllr"/>
	<trajectory sample="396" generation="396000" 
bestEnergy="0.0" averageEnergy="-4.9878" worstEnergy="-2.0" bestConformation="Conformation 5.0 -5.0 Flllfrrlrrlrfffrfffffrlffrrflffrlffffffflrlrfflffrlrfrlffllrlrlrrfllrfrflfrflrrfrflflfrrffllfrfrllr"/>
	<trajectory sample="397" generation="397000" 
bestEnergy="0.0" averageEnergy="-4.9878" worstEnergy="-2.0" bestConformation="Conformation 5.0 -5.0 Flllfrrlrrlrfffrfffffrlffrrflffrlffffffflrlrfflffrlrfrlffllrlrlrrfllrfrflfrflrrfrflflfrrffllfrfrllr"/>
	<trajectory sample="398" generation="398000" 
bestEnergy="0.0" averageEnergy="-4.9878" worstEnergy="-2.0" bestConformation="Conformation 5.0 -5.0 Flllfrrlrrlrfffrfffffrlffrrflffrlffffffflrlrfflffrlrfrlffllrlrlrrfllrfrflfrflrrfrflflfrrffllfrfrllr"/>
	<trajectory sample="399" generation="399000" 
bestEnergy="0.0" averageEnergy="-4.9878" worstEnergy="-2.0" bestConformation="Conformation 5.0 -5.0 Flllfrrlrrlrfffrfffffrlffrrflffrlffffffflrlrfflffrlrfrlffllrlrlrrfllrfrflfrflrrfrflflfrrffllfrfrllr"/>
	<trajectory sample="400" generation="400000" 
bestEnergy="0.0" averageEnergy="-4.9878" worstEnergy="-2.0" bestConformation="Conformation 5.0 -5.0 Flllfrrlrrlrfffrfffffrlffrrflffrlffffffflrlrfflffrlrfrlffllrlrlrrfllrfrflfrflrrfrflflfrrffllfrfrllr"/>
</run>
<run              number="3" numberOfGenerations="400001"      populationSize="10000">
	<trajectory sample="0" generation="0" 
bestEnergy="-27.0" averageEnergy="-10.692" worstEnergy="0.0" bestConformation="Conformation 5.0 -5.0 Frllflrfrfrffflfrffrllfrllrfrrllrrlrrflfllrfrflfrfrflfrrflflfrlffrflflrllfrfflrlfrffrfrlflrflrllfrf"/>
	<trajectory sample="1" generation="1000" 
bestEnergy="-27.0" averageEnergy="-10.6829" worstEnergy="0.0" bestConformation="Conformation 5.0 -5.0 Frllflrfrfrffflfrffrllfrllrfrrllrrlrrflfllrfrflfrfrflfrrflflfrlffrflflrllfrfflrlfrffrfrlflrflrllfrf"/>
	<trajectory sample="2" generation="2000" 
bestEnergy="-27.0" averageEnergy="-10.6674" worstEnergy="0.0" bestConformation="Conformation 5.0 -5.0 Frllflrfrfrffflfrffrllfrllrfrrllrrlrrflfllrfrflfrfrflfrrflflfrlffrflflrllfrfflrlfrffrfrlflrflrllfrf"/>
	<trajectory sample="3" generation="3000" 
bestEnergy="-27.0" averageEnergy="-10.6331" worstEnergy="0.0" bestConformation="Conformation 5.0 -5.0 Frllflrfrfrffflfrffrllfrllrfrrllrrlrrflfllrfrflfrfrflfrrflflfrlffrflflrllfrfflrlfrffrfrlflrflrllfrf"/>
	<trajectory sample="4" generation="4000" 
bestEnergy="-27.0" averageEnergy="-10.5715" worstEnergy="0.0" bestConformation="Conformation 5.0 -5.0 Frllflrfrfrffflfrffrllfrllrfrrllrrlrrflfllrfrflfrfrflfrrflflfrlffrflflrllfrfflrlfrffrfrlflrflrllfrf"/>
	<trajectory sample="5" generation="5000" 
bestEnergy="-27.0" averageEnergy="-10.481" worstEnergy="0.0" bestConformation="Conformation 5.0 -5.0 Frllflrfrfrffflfrffrllfrllrfrrllrrlrrflfllrfrflfrfrflfrrflflfrlffrflflrllfrfflrlfrffrfrlflrflrllfrf"/>
	<trajectory sample="6" generation="6000" 
bestEnergy="-27.0" averageEnergy="-10.4005" worstEnergy="0.0" bestConformation="Conformation 5.0 -5.0 Frllflrfrfrffflfrffrllfrllrfrrllrrlrrflfllrfrflfrfrflfrrflflfrlffrflflrllfrfflrlfrffrfrlflrflrllfrf"/>
	<trajectory sample="7" generation="7000" 
bestEnergy="-27.0" averageEnergy="-10.2575" worstEnergy="0.0" bestConformation="Conformation 5.0 -5.0 Frllflrfrfrffflfrffrllfrllrfrrllrrlrrflfllrfrflfrfrflfrrflflfrlffrflflrllfrfflrlfrffrfrlflrflrllfrf"/>
	<trajectory sample="8" generation="8000" 
bestEnergy="-27.0" averageEnergy="-10.0934" worstEnergy="0.0" bestConformation="Conformation 5.0 -5.0 Frllflrfrfrffflfrffrllfrllrfrrllrrlrrflfllrfrflfrfrflfrrflflfrlffrflflrllfrfflrlfrffrfrlflrflrllfrf"/>
	<trajectory sample="9" generation="9000" 
bestEnergy="-27.0" averageEnergy="-9.8815" worstEnergy="0.0" bestConformation="Conformation 5.0 -5.0 Frllflrfrfrffflfrffrllfrllrfrrllrrlrrflfllrfrflfrfrflfrrflflfrlffrflflrllfrfflrlfrffrfrlflrflrllfrf"/>
	<trajectory sample="10" generation="10000" 
bestEnergy="-27.0" averageEnergy="-9.7209" worstEnergy="0.0" bestConformation="Conformation 5.0 -5.0 Frllflrfrfrffflfrffrllfrllrfrrllrrlrrflfllrfrflfrfrflfrrflflfrlffrflflrllfrfflrlfrffrfrlflrflrllfrf"/>
	<trajectory sample="11" generation="11000" 
bestEnergy="-27.0" averageEnergy="-9.5107" worstEnergy="0.0" bestConformation="Conformation 5.0 -5.0 Frllflrfrfrffflfrffrllfrllrfrrllrrlrrflfllrfrflfrfrflfrrflflfrlffrflflrllfrfflrlfrffrfrlflrflrllfrf"/>
	<trajectory sample="12" generation="12000" 
bestEnergy="-27.0" averageEnergy="-9.3069" worstEnergy="0.0" bestConformation="Conformation 5.0 -5.0 Frllflrfrfrffflfrffrllfrllrfrrllrrlrrflfllrfrflfrfrflfrrflflfrlffrflflrllfrfflrlfrffrfrlflrflrllfrf"/>
	<trajectory sample="13" generation="13000" 
bestEnergy="-27.0" averageEnergy="-9.0994" worstEnergy="0.0" bestConformation="Conformation 5.0 -5.0 Frllflrfrfrffflfrffrllfrllrfrrllrrlrrflfllrfrflfrfrflfrrflflfrlffrflflrllfrfflrlfrffrfrlflrflrllfrf"/>
	<trajectory sample="14" generation="14000" 
bestEnergy="-27.0" averageEnergy="-8.8888" worstEnergy="0.0" bestConformation="Conformation 5.0 -5.0 Frllflrfrfrffflfrffrllfrllrfrrllrrlrrflfllrfrflfrfrflfrrflflfrlffrflflrllfrfflrlfrffrfrlflrflrllfrf"/>
	<trajectory sample="15" generation="15000" 
bestEnergy="-27.0" averageEnergy="-8.6685" worstEnergy="0.0" bestConformation="Conformation 5.0 -5.0 Frllflrfrfrffflfrffrllfrllrfrrllrrlrrflfllrfrflfrfrflfrrflflfrlffrflflrllfrfflrlfrffrfrlflrflrllfrf"/>
	<trajectory sample="16" generation="16000" 
bestEnergy="-27.0" averageEnergy="-8.4526" worstEnergy="0.0" bestConformation="Conformation 5.0 -5.0 Frllflrfrfrffflfrffrllfrllrfrrllrrlrrflfllrfrflfrfrflfrrflflfrlffrflflrllfrfflrlfrffrfrlflrflrllfrf"/>
	<trajectory sample="17" generation="17000" 
bestEnergy="-27.0" averageEnergy="-8.2271" worstEnergy="0.0" bestConformation="Conformation 5.0 -5.0 Frllflrfrfrffflfrffrllfrllrfrrllrrlrrflfllrfrflfrfrflfrrflflfrlffrflflrllfrfflrlfrffrfrlflrflrllfrf"/>
	<trajectory sample="18" generation="18000" 
bestEnergy="-27.0" averageEnergy="-7.9929" worstEnergy="0.0" bestConformation="Conformation 5.0 -5.0 Frllflrfrfrffflfrffrllfrllrfrrllrrlrrflfllrfrflfrfrflfrrflflfrlffrflflrllfrfflrlfrffrfrlflrflrllfrf"/>
	<trajectory sample="19" generation="19000" 
bestEnergy="-27.0" averageEnergy="-7.7716" worstEnergy="0.0" bestConformation="Conformation 5.0 -5.0 Frllflrfrfrffflfrffrllfrllrfrrllrrlrrflfllrfrflfrfrflfrrflflfrlffrflflrllfrfflrlfrffrfrlflrflrllfrf"/>
	<trajectory sample="20" generation="20000" 
bestEnergy="-27.0" averageEnergy="-7.581" worstEnergy="0.0" bestConformation="Conformation 5.0 -5.0 Frllflrfrfrffflfrffrllfrllrfrrllrrlrrflfllrfrflfrfrflfrrflflfrlffrflflrllfrfflrlfrffrfrlflrflrllfrf"/>
	<trajectory sample="21" generation="21000" 
bestEnergy="-27.0" averageEnergy="-7.3871" worstEnergy="-2.0" bestConformation="Conformation 5.0 -5.0 Frllflrfrfrffflfrffrllfrllrfrrllrrlrrflfllrfrflfrfrflfrrflflfrlffrflflrllfrfflrlfrffrfrlflrflrllfrf"/>
	<trajectory sample="22" generation="22000" 
bestEnergy="-27.0" averageEnergy="-7.1904" worstEnergy="-2.0" bestConformation="Conformation 5.0 -5.0 Frllflrfrfrffflfrffrllfrllrfrrllrrlrrflfllrfrflfrfrflfrrflflfrlffrflflrllfrfflrlfrffrfrlflrflrllfrf"/>
	<trajectory sample="23" generation="23000" 
bestEnergy="-27.0" averageEnergy="-7.0231" worstEnergy="-2.0" bestConformation="Conformation 5.0 -5.0 Frllflrfrfrffflfrffrllfrllrfrrllrrlrrflfllrfrflfrfrflfrrflflfrlffrflflrllfrfflrlfrffrfrlflrflrllfrf"/>
	<trajectory sample="24" generation="24000" 
bestEnergy="-24.0" averageEnergy="-6.8424" worstEnergy="-2.0" bestConformation="Conformation 5.0 -5.0 Frllflrfrfrffflfrffrllfrllrfrrllrrlrrflfllrfrflfrfrflfrrflflfrlffrflflrllfrfflrlfrffrfrlflrflrllfrf"/>
	<trajectory sample="25" generation="25000" 
bestEnergy="-24.0" averageEnergy="-6.6639" worstEnergy="-2.0" bestConformation="Conformation 5.0 -5.0 Frllflrfrfrffflfrffrllfrllrfrrllrrlrrflfllrfrflfrfrflfrrflflfrlffrflflrllfrfflrlfrffrfrlflrflrllfrf"/>
	<trajectory sample="26" generation="26000" 
bestEnergy="-24.0" averageEnergy="-6.5066" worstEnergy="-2.0" bestConformation="Conformation 5.0 -5.0 Frllflrfrfrffflfrffrllfrllrfrrllrrlrrflfllrfrflfrfrflfrrflflfrlffrflflrllfrfflrlfrffrfrlflrflrllfrf"/>
	<trajectory sample="27" generation="27000" 
bestEnergy="-24.0" averageEnergy="-6.3676" worstEnergy="-2.0" bestConformation="Conformation 5.0 -5.0 Frllflrfrfrffflfrffrllfrllrfrrllrrlrrflfllrfrflfrfrflfrrflflfrlffrflflrllfrfflrlfrffrfrlflrflrllfrf"/>
	<trajectory sample="28" generation="28000" 
bestEnergy="-24.0" averageEnergy="-6.2174" worstEnergy="-2.0" bestConformation="Conformation 5.0 -5.0 Frllflrfrfrffflfrffrllfrllrfrrllrrlrrflfllrfrflfrfrflfrrflflfrlffrflflrllfrfflrlfrffrfrlflrflrllfrf"/>
	<trajectory sample="29" generation="29000" 
bestEnergy="-24.0" averageEnergy="-6.1021" worstEnergy="-2.0" bestConformation="Conformation 5.0 -5.0 Frllflrfrfrffflfrffrllfrllrfrrllrrlrrflfllrfrflfrfrflfrrflflfrlffrflflrllfrfflrlfrffrfrlflrflrllfrf"/>
	<trajectory sample="30" generation="30000" 
bestEnergy="-24.0" averageEnergy="-5.99" worstEnergy="-2.0" bestConformation="Conformation 5.0 -5.0 Frllflrfrfrffflfrffrllfrllrfrrllrrlrrflfllrfrflfrfrflfrrflflfrlffrflflrllfrfflrlfrffrfrlflrflrllfrf"/>
	<trajectory sample="31" generation="31000" 
bestEnergy="-24.0" averageEnergy="-5.8751" worstEnergy="-2.0" bestConformation="Conformation 5.0 -5.0 Frllflrfrfrffflfrffrllfrllrfrrllrrlrrflfllrfrflfrfrflfrrflflfrlffrflflrllfrfflrlfrffrfrlflrflrllfrf"/>
	<trajectory sample="32" generation="32000" 
bestEnergy="-24.0" averageEnergy="-5.7889" worstEnergy="-2.0" bestConformation="Conformation 5.0 -5.0 Frllflrfrfrffflfrffrllfrllrfrrllrrlrrflfllrfrflfrfrflfrrflflfrlffrflflrllfrfflrlfrffrfrlflrflrllfrf"/>
	<trajectory sample="33" generation="33000" 
bestEnergy="-24.0" averageEnergy="-5.6992" worstEnergy="-2.0" bestConformation="Conformation 5.0 -5.0 Frllflrfrfrffflfrffrllfrllrfrrllrrlrrflfllrfrflfrfrflfrrflflfrlffrflflrllfrfflrlfrffrfrlflrflrllfrf"/>
	<trajectory sample="34" generation="34000" 
bestEnergy="-24.0" averageEnergy="-5.6285" worstEnergy="-2.0" bestConformation="Conformation 5.0 -5.0 Frllflrfrfrffflfrffrllfrllrfrrllrrlrrflfllrfrflfrfrflfrrflflfrlffrflflrllfrfflrlfrffrfrlflrflrllfrf"/>
	<trajectory sample="35" generation="35000" 
bestEnergy="-24.0" averageEnergy="-5.5581" worstEnergy="-2.0" bestConformation="Conformation 5.0 -5.0 Frllflrfrfrffflfrffrllfrllrfrrllrrlrrflfllrfrflfrfrflfrrflflfrlffrflflrllfrfflrlfrffrfrlflrflrllfrf"/>
	<trajectory sample="36" generation="36000" 
bestEnergy="-24.0" averageEnergy="-5.4914" worstEnergy="-2.0" bestConformation="Conformation 5.0 -5.0 Frllflrfrfrffflfrffrllfrllrfrrllrrlrrflfllrfrflfrfrflfrrflflfrlffrflflrllfrfflrlfrffrfrlflrflrllfrf"/>
	<trajectory sample="37" generation="37000" 
bestEnergy="-24.0" averageEnergy="-5.4282" worstEnergy="-2.0" bestConformation="Conformation 5.0 -5.0 Frllflrfrfrffflfrffrllfrllrfrrllrrlrrflfllrfrflfrfrflfrrflflfrlffrflflrllfrfflrlfrffrfrlflrflrllfrf"/>
	<trajectory sample="38" generation="38000" 
bestEnergy="-24.0" averageEnergy="-5.3725" worstEnergy="-2.0" bestConformation="Conformation 5.0 -5.0 Frllflrfrfrffflfrffrllfrllrfrrllrrlrrflfllrfrflfrfrflfrrflflfrlffrflflrllfrfflrlfrffrfrlflrflrllfrf"/>
	<trajectory sample="39" generation="39000" 
bestEnergy="-24.0" averageEnergy="-5.3226" worstEnergy="-2.0" bestConformation="Conformation 5.0 -5.0 Frllflrfrfrffflfrffrllfrllrfrrllrrlrrflfllrfrflfrfrflfrrflflfrlffrflflrllfrfflrlfrffrfrlflrflrllfrf"/>
	<trajectory sample="40" generation="40000" 
bestEnergy="-24.0" averageEnergy="-5.2954" worstEnergy="-2.0" bestConformation="Conformation 5.0 -5.0 Frllflrfrfrffflfrffrllfrllrfrrllrrlrrflfllrfrflfrfrflfrrflflfrlffrflflrllfrfflrlfrffrfrlflrflrllfrf"/>
	<trajectory sample="41" generation="41000" 
bestEnergy="-24.0" averageEnergy="-5.2642" worstEnergy="-2.0" bestConformation="Conformation 5.0 -5.0 Frllflrfrfrffflfrffrllfrllrfrrllrrlrrflfllrfrflfrfrflfrrflflfrlffrflflrllfrfflrlfrffrfrlflrflrllfrf"/>
	<trajectory sample="42" generation="42000" 
bestEnergy="-24.0" averageEnergy="-5.2312" worstEnergy="-2.0" bestConformation="Conformation 5.0 -5.0 Frllflrfrfrffflfrffrllfrllrfrrllrrlrrflfllrfrflfrfrflfrrflflfrlffrflflrllfrfflrlfrffrfrlflrflrllfrf"/>
	<trajectory sample="43" generation="43000" 
bestEnergy="-24.0" averageEnergy="-5.2073" worstEnergy="-2.0" bestConformation="Conformation 5.0 -5.0 Frllflrfrfrffflfrffrllfrllrfrrllrrlrrflfllrfrflfrfrflfrrflflfrlffrflflrllfrfflrlfrffrfrlflrflrllfrf"/>
	<trajectory sample="44" generation="44000" 
bestEnergy="-24.0" averageEnergy="-5.1801" worstEnergy="-2.0" bestConformation="Conformation 5.0 -5.0 Frllflrfrfrffflfrffrllfrllrfrrllrrlrrflfllrfrflfrfrflfrrflflfrlffrflflrllfrfflrlfrffrfrlflrflrllfrf"/>
	<trajectory sample="45" generation="45000" 
bestEnergy="-24.0" averageEnergy="-5.1635" worstEnergy="-2.0" bestConformation="Conformation 5.0 -5.0 Frllflrfrfrffflfrffrllfrllrfrrllrrlrrflfllrfrflfrfrflfrrflflfrlffrflflrllfrfflrlfrffrfrlflrflrllfrf"/>
	<trajectory sample="46" generation="46000" 
bestEnergy="-24.0" averageEnergy="-5.1373" worstEnergy="-2.0" bestConformation="Conformation 5.0 -5.0 Frllflrfrfrffflfrffrllfrllrfrrllrrlrrflfllrfrflfrfrflfrrflflfrlffrflflrllfrfflrlfrffrfrlflrflrllfrf"/>
	<trajectory sample="47" generation="47000" 
bestEnergy="-24.0" averageEnergy="-5.1217" worstEnergy="-2.0" bestConformation="Conformation 5.0 -5.0 Frllflrfrfrffflfrffrllfrllrfrrllrrlrrflfllrfrflfrfrflfrrflflfrlffrflflrllfrfflrlfrffrfrlflrflrllfrf"/>
	<trajectory sample="48" generation="48000" 
bestEnergy="-24.0" averageEnergy="-5.1074" worstEnergy="-2.0" bestConformation="Conformation 5.0 -5.0 Frllflrfrfrffflfrffrllfrllrfrrllrrlrrflfllrfrflfrfrflfrrflflfrlffrflflrllfrfflrlfrffrfrlflrflrllfrf"/>
	<trajectory sample="49" generation="49000" 
bestEnergy="-24.0" averageEnergy="-5.0877" worstEnergy="-2.0" bestConformation="Conformation 5.0 -5.0 Frllflrfrfrffflfrffrllfrllrfrrllrrlrrflfllrfrflfrfrflfrrflflfrlffrflflrllfrfflrlfrffrfrlflrflrllfrf"/>
	<trajectory sample="50" generation="50000" 
bestEnergy="-24.0" averageEnergy="-5.0788" worstEnergy="-2.0" bestConformation="Conformation 5.0 -5.0 Frllflrfrfrffflfrffrllfrllrfrrllrrlrrflfllrfrflfrfrflfrrflflfrlffrflflrllfrfflrlfrffrfrlflrflrllfrf"/>
	<trajectory sample="51" generation="51000" 
bestEnergy="-24.0" averageEnergy="-5.0708" worstEnergy="-2.0" bestConformation="Conformation 5.0 -5.0 Frllflrfrfrffflfrffrllfrllrfrrllrrlrrflfllrfrflfrfrflfrrflflfrlffrflflrllfrfflrlfrffrfrlflrflrllfrf"/>
	<trajectory sample="52" generation="52000" 
bestEnergy="-24.0" averageEnergy="-5.0639" worstEnergy="-2.0" bestConformation="Conformation 5.0 -5.0 Frllflrfrfrffflfrffrllfrllrfrrllrrlrrflfllrfrflfrfrflfrrflflfrlffrflflrllfrfflrlfrffrfrlflrflrllfrf"/>
	<trajectory sample="53" generation="53000" 
bestEnergy="-24.0" averageEnergy="-5.0574" worstEnergy="-2.0" bestConformation="Conformation 5.0 -5.0 Frllflrfrfrffflfrffrllfrllrfrrllrrlrrflfllrfrflfrfrflfrrflflfrlffrflflrllfrfflrlfrffrfrlflrflrllfrf"/>
	<trajectory sample="54" generation="54000" 
bestEnergy="-21.0" averageEnergy="-5.0487" worstEnergy="-2.0" bestConformation="Conformation 5.0 -5.0 Frllflrfrfrffflfrffrllfrllrfrrllrrlrrflfllrfrflfrfrflfrrflflfrlffrflflrllfrfflrlfrffrfrlflrflrllfrf"/>
	<trajectory sample="55" generation="55000" 
bestEnergy="-21.0" averageEnergy="-5.0419" worstEnergy="-2.0" bestConformation="Conformation 5.0 -5.0 Frllflrfrfrffflfrffrllfrllrfrrllrrlrrflfllrfrflfrfrflfrrflflfrlffrflflrllfrfflrlfrffrfrlflrflrllfrf"/>
	<trajectory sample="56" generation="56000" 
bestEnergy="-21.0" averageEnergy="-5.0354" worstEnergy="-2.0" bestConformation="Conformation 5.0 -5.0 Frllflrfrfrffflfrffrllfrllrfrrllrrlrrflfllrfrflfrfrflfrrflflfrlffrflflrllfrfflrlfrffrfrlflrflrllfrf"/>
	<trajectory sample="57" generation="57000" 
bestEnergy="-21.0" averageEnergy="-5.0311" worstEnergy="-2.0" bestConformation="Conformation 5.0 -5.0 Frllflrfrfrffflfrffrllfrllrfrrllrrlrrflfllrfrflfrfrflfrrflflfrlffrflflrllfrfflrlfrffrfrlflrflrllfrf"/>
	<trajectory sample="58" generation="58000" 
bestEnergy="-21.0" averageEnergy="-5.0263" worstEnergy="-2.0" bestConformation="Conformation 5.0 -5.0 Frllflrfrfrffflfrffrllfrllrfrrllrrlrrflfllrfrflfrfrflfrrflflfrlffrflflrllfrfflrlfrffrfrlflrflrllfrf"/>
	<trajectory sample="59" generation="59000" 
bestEnergy="-21.0" averageEnergy="-5.0212" worstEnergy="-2.0" bestConformation="Conformation 5.0 -5.0 Frllflrfrfrffflfrffrllfrllrfrrllrrlrrflfllrfrflfrfrflfrrflflfrlffrflflrllfrfflrlfrffrfrlflrflrllfrf"/>
	<trajectory sample="60" generation="60000" 
bestEnergy="-21.0" averageEnergy="-5.018" worstEnergy="-2.0" bestConformation="Conformation 5.0 -5.0 Frllflrfrfrffflfrffrllfrllrfrrllrrlrrflfllrfrflfrfrflfrrflflfrlffrflflrllfrfflrlfrffrfrlflrflrllfrf"/>
	<trajectory sample="61" generation="61000" 
bestEnergy="-21.0" averageEnergy="-5.0133" worstEnergy="-2.0" bestConformation="Conformation 5.0 -5.0 Frllflrfrfrffflfrffrllfrllrfrrllrrlrrflfllrfrflfrfrflfrrflflfrlffrflflrllfrfflrlfrffrfrlflrflrllfrf"/>
	<trajectory sample="62" generation="62000" 
bestEnergy="-21.0" averageEnergy="-5.0081" worstEnergy="-2.0" bestConformation="Conformation 5.0 -5.0 Frllflrfrfrffflfrffrllfrllrfrrllrrlrrflfllrfrflfrfrflfrrflflfrlffrflflrllfrfflrlfrffrfrlflrflrllfrf"/>
	<trajectory sample="63" generation="63000" 
bestEnergy="-21.0" averageEnergy="-5.0043" worstEnergy="-2.0" bestConformation="Conformation 5.0 -5.0 Frllflrfrfrffflfrffrllfrllrfrrllrrlrrflfllrfrflfrfrflfrrflflfrlffrflflrllfrfflrlfrffrfrlflrflrllfrf"/>
	<trajectory sample="64" generation="64000" 
bestEnergy="-21.0" averageEnergy="-5.0038" worstEnergy="-2.0" bestConformation="Conformation 5.0 -5.0 Frllflrfrfrffflfrffrllfrllrfrrllrrlrrflfllrfrflfrfrflfrrflflfrlffrflflrllfrfflrlfrffrfrlflrflrllfrf"/>
	<trajectory sample="65" generation="65000" 
bestEnergy="-17.0" averageEnergy="-5.0004" worstEnergy="-2.0" bestConformation="Conformation 5.0 -5.0 Frllflrfrfrffflfrffrllfrllrfrrllrrlrrflfllrfrflfrfrflfrrflflfrlffrflflrllfrfflrlfrffrfrlflrflrllfrf"/>
	<trajectory sample="66" generation="66000" 
bestEnergy="-17.0" averageEnergy="-4.9994" worstEnergy="-2.0" bestConformation="Conformation 5.0 -5.0 Frllflrfrfrffflfrffrllfrllrfrrllrrlrrflfllrfrflfrfrflfrrflflfrlffrflflrllfrfflrlfrffrfrlflrflrllfrf"/>
	<trajectory sample="67" generation="67000" 
bestEnergy="-17.0" averageEnergy="-4.9989" worstEnergy="-2.0" bestConformation="Conformation 5.0 -5.0 Frllflrfrfrffflfrffrllfrllrfrrllrrlrrflfllrfrflfrfrflfrrflflfrlffrflflrllfrfflrlfrffrfrlflrflrllfrf"/>
	<trajectory sample="68" generation="68000" 
bestEnergy="-17.0" averageEnergy="-4.9989" worstEnergy="-2.0" bestConformation="Conformation 5.0 -5.0 Frllflrfrfrffflfrffrllfrllrfrrllrrlrrflfllrfrflfrfrflfrrflflfrlffrflflrllfrfflrlfrffrfrlflrflrllfrf"/>
	<trajectory sample="69" generation="69000" 
bestEnergy="-17.0" averageEnergy="-4.9974" worstEnergy="-2.0" bestConformation="Conformation 5.0 -5.0 Frllflrfrfrffflfrffrllfrllrfrrllrrlrrflfllrfrflfrfrflfrrflflfrlffrflflrllfrfflrlfrffrfrlflrflrllfrf"/>
	<trajectory sample="70" generation="70000" 
bestEnergy="-17.0" averageEnergy="-4.9967" worstEnergy="-2.0" bestConformation="Conformation 5.0 -5.0 Frllflrfrfrffflfrffrllfrllrfrrllrrlrrflfllrfrflfrfrflfrrflflfrlffrflflrllfrfflrlfrffrfrlflrflrllfrf"/>
	<trajectory sample="71" generation="71000" 
bestEnergy="-17.0" averageEnergy="-4.9961" worstEnergy="-2.0" bestConformation="Conformation 5.0 -5.0 Frllflrfrfrffflfrffrllfrllrfrrllrrlrrflfllrfrflfrfrflfrrflflfrlffrflflrllfrfflrlfrffrfrlflrflrllfrf"/>
	<trajectory sample="72" generation="72000" 
bestEnergy="-17.0" averageEnergy="-4.9953" worstEnergy="-2.0" bestConformation="Conformation 5.0 -5.0 Frllflrfrfrffflfrffrllfrllrfrrllrrlrrflfllrfrflfrfrflfrrflflfrlffrflflrllfrfflrlfrffrfrlflrflrllfrf"/>
	<trajectory sample="73" generation="73000" 
bestEnergy="-16.0" averageEnergy="-4.9941" worstEnergy="-2.0" bestConformation="Conformation 5.0 -5.0 Frllflrfrfrffflfrffrllfrllrfrrllrrlrrflfllrfrflfrfrflfrrflflfrlffrflflrllfrfflrlfrffrfrlflrflrllfrf"/>
	<trajectory sample="74" generation="74000" 
bestEnergy="-16.0" averageEnergy="-4.9941" worstEnergy="-2.0" bestConformation="Conformation 5.0 -5.0 Frllflrfrfrffflfrffrllfrllrfrrllrrlrrflfllrfrflfrfrflfrrflflfrlffrflflrllfrfflrlfrffrfrlflrflrllfrf"/>
	<trajectory sample="75" generation="75000" 
bestEnergy="-16.0" averageEnergy="-4.9941" worstEnergy="-2.0" bestConformation="Conformation 5.0 -5.0 Frllflrfrfrffflfrffrllfrllrfrrllrrlrrflfllrfrflfrfrflfrrflflfrlffrflflrllfrfflrlfrffrfrlflrflrllfrf"/>
	<trajectory sample="76" generation="76000" 
bestEnergy="-16.0" averageEnergy="-4.9941" worstEnergy="-2.0" bestConformation="Conformation 5.0 -5.0 Frllflrfrfrffflfrffrllfrllrfrrllrrlrrflfllrfrflfrfrflfrrflflfrlffrflflrllfrfflrlfrffrfrlflrflrllfrf"/>
	<trajectory sample="77" generation="77000" 
bestEnergy="-16.0" averageEnergy="-4.9938" worstEnergy="-2.0" bestConformation="Conformation 5.0 -5.0 Frllflrfrfrffflfrffrllfrllrfrrllrrlrrflfllrfrflfrfrflfrrflflfrlffrflflrllfrfflrlfrffrfrlflrflrllfrf"/>
	<trajectory sample="78" generation="78000" 
bestEnergy="-16.0" averageEnergy="-4.9938" worstEnergy="-2.0" bestConformation="Conformation 5.0 -5.0 Frllflrfrfrffflfrffrllfrllrfrrllrrlrrflfllrfrflfrfrflfrrflflfrlffrflflrllfrfflrlfrffrfrlflrflrllfrf"/>
	<trajectory sample="79" generation="79000" 
bestEnergy="-16.0" averageEnergy="-4.9938" worstEnergy="-2.0" bestConformation="Conformation 5.0 -5.0 Frllflrfrfrffflfrffrllfrllrfrrllrrlrrflfllrfrflfrfrflfrrflflfrlffrflflrllfrfflrlfrffrfrlflrflrllfrf"/>
	<trajectory sample="80" generation="80000" 
bestEnergy="-16.0" averageEnergy="-4.9936" worstEnergy="-2.0" bestConformation="Conformation 5.0 -5.0 Frllflrfrfrffflfrffrllfrllrfrrllrrlrrflfllrfrflfrfrflfrrflflfrlffrflflrllfrfflrlfrffrfrlflrflrllfrf"/>
	<trajectory sample="81" generation="81000" 
bestEnergy="-16.0" averageEnergy="-4.9925" worstEnergy="-2.0" bestConformation="Conformation 5.0 -5.0 Frllflrfrfrffflfrffrllfrllrfrrllrrlrrflfllrfrflfrfrflfrrflflfrlffrflflrllfrfflrlfrffrfrlflrflrllfrf"/>
	<trajectory sample="82" generation="82000" 
bestEnergy="-16.0" averageEnergy="-4.9925" worstEnergy="-2.0" bestConformation="Conformation 5.0 -5.0 Frllflrfrfrffflfrffrllfrllrfrrllrrlrrflfllrfrflfrfrflfrrflflfrlffrflflrllfrfflrlfrffrfrlflrflrllfrf"/>
	<trajectory sample="83" generation="83000" 
bestEnergy="-16.0" averageEnergy="-4.9925" worstEnergy="-2.0" bestConformation="Conformation 5.0 -5.0 Frllflrfrfrffflfrffrllfrllrfrrllrrlrrflfllrfrflfrfrflfrrflflfrlffrflflrllfrfflrlfrffrfrlflrflrllfrf"/>
	<trajectory sample="84" generation="84000" 
bestEnergy="-16.0" averageEnergy="-4.9923" worstEnergy="-2.0" bestConformation="Conformation 5.0 -5.0 Frllflrfrfrffflfrffrllfrllrfrrllrrlrrflfllrfrflfrfrflfrrflflfrlffrflflrllfrfflrlfrffrfrlflrflrllfrf"/>
	<trajectory sample="85" generation="85000" 
bestEnergy="-14.0" averageEnergy="-4.9903" worstEnergy="-2.0" bestConformation="Conformation 5.0 -5.0 Frllflrfrfrffflfrffrllfrllrfrrllrrlrrflfllrfrflfrfrflfrrflflfrlffrflflrllfrfflrlfrffrfrlflrflrllfrf"/>
	<trajectory sample="86" generation="86000" 
bestEnergy="-14.0" averageEnergy="-4.9903" worstEnergy="-2.0" bestConformation="Conformation 5.0 -5.0 Frllflrfrfrffflfrffrllfrllrfrrllrrlrrflfllrfrflfrfrflfrrflflfrlffrflflrllfrfflrlfrffrfrlflrflrllfrf"/>
	<trajectory sample="87" generation="87000" 
bestEnergy="-14.0" averageEnergy="-4.99" worstEnergy="-2.0" bestConformation="Conformation 5.0 -5.0 Frllflrfrfrffflfrffrllfrllrfrrllrrlrrflfllrfrflfrfrflfrrflflfrlffrflflrllfrfflrlfrffrfrlflrflrllfrf"/>
	<trajectory sample="88" generation="88000" 
bestEnergy="-14.0" averageEnergy="-4.9891" worstEnergy="-2.0" bestConformation="Conformation 5.0 -5.0 Frllflrfrfrffflfrffrllfrllrfrrllrrlrrflfllrfrflfrfrflfrrflflfrlffrflflrllfrfflrlfrffrfrlflrflrllfrf"/>
	<trajectory sample="89" generation="89000" 
bestEnergy="-14.0" averageEnergy="-4.9891" worstEnergy="-2.0" bestConformation="Conformation 5.0 -5.0 Frllflrfrfrffflfrffrllfrllrfrrllrrlrrflfllrfrflfrfrflfrrflflfrlffrflflrllfrfflrlfrffrfrlflrflrllfrf"/>
	<trajectory sample="90" generation="90000" 
bestEnergy="-14.0" averageEnergy="-4.9891" worstEnergy="-2.0" bestConformation="Conformation 5.0 -5.0 Frllflrfrfrffflfrffrllfrllrfrrllrrlrrflfllrfrflfrfrflfrrflflfrlffrflflrllfrfflrlfrffrfrlflrflrllfrf"/>
	<trajectory sample="91" generation="91000" 
bestEnergy="-8.0" averageEnergy="-4.9882" worstEnergy="-2.0" bestConformation="Conformation 5.0 -5.0 Frllflrfrfrffflfrffrllfrllrfrrllrrlrrflfllrfrflfrfrflfrrflflfrlffrflflrllfrfflrlfrffrfrlflrflrllfrf"/>
	<trajectory sample="92" generation="92000" 
bestEnergy="-8.0" averageEnergy="-4.9882" worstEnergy="-2.0" bestConformation="Conformation 5.0 -5.0 Frllflrfrfrffflfrffrllfrllrfrrllrrlrrflfllrfrflfrfrflfrrflflfrlffrflflrllfrfflrlfrffrfrlflrflrllfrf"/>
	<trajectory sample="93" generation="93000" 
bestEnergy="-8.0" averageEnergy="-4.9882" worstEnergy="-2.0" bestConformation="Conformation 5.0 -5.0 Frllflrfrfrffflfrffrllfrllrfrrllrrlrrflfllrfrflfrfrflfrrflflfrlffrflflrllfrfflrlfrffrfrlflrflrllfrf"/>
	<trajectory sample="94" generation="94000" 
bestEnergy="-8.0" averageEnergy="-4.9881" worstEnergy="-2.0" bestConformation="Conformation 5.0 -5.0 Frllflrfrfrffflfrffrllfrllrfrrllrrlrrflfllrfrflfrfrflfrrflflfrlffrflflrllfrfflrlfrffrfrlflrflrllfrf"/>
	<trajectory sample="95" generation="95000" 
bestEnergy="-8.0" averageEnergy="-4.9881" worstEnergy="-2.0" bestConformation="Conformation 5.0 -5.0 Frllflrfrfrffflfrffrllfrllrfrrllrrlrrflfllrfrflfrfrflfrrflflfrlffrflflrllfrfflrlfrffrfrlflrflrllfrf"/>
	<trajectory sample="96" generation="96000" 
bestEnergy="-8.0" averageEnergy="-4.9881" worstEnergy="-2.0" bestConformation="Conformation 5.0 -5.0 Frllflrfrfrffflfrffrllfrllrfrrllrrlrrflfllrfrflfrfrflfrrflflfrlffrflflrllfrfflrlfrffrfrlflrflrllfrf"/>
	<trajectory sample="97" generation="97000" 
bestEnergy="0.0" averageEnergy="-4.9878" worstEnergy="-2.0" bestConformation="Conformation 5.0 -5.0 Frllflrfrfrffflfrffrllfrllrfrrllrrlrrflfllrfrflfrfrflfrrflflfrlffrflflrllfrfflrlfrffrfrlflrflrllfrf"/>
	<trajectory sample="98" generation="98000" 
bestEnergy="0.0" averageEnergy="-4.9878" worstEnergy="-2.0" bestConformation="Conformation 5.0 -5.0 Frllflrfrfrffflfrffrllfrllrfrrllrrlrrflfllrfrflfrfrflfrrflflfrlffrflflrllfrfflrlfrffrfrlflrflrllfrf"/>
	<trajectory sample="99" generation="99000" 
bestEnergy="0.0" averageEnergy="-4.9878" worstEnergy="-2.0" bestConformation="Conformation 5.0 -5.0 Frllflrfrfrffflfrffrllfrllrfrrllrrlrrflfllrfrflfrfrflfrrflflfrlffrflflrllfrfflrlfrffrfrlflrflrllfrf"/>
	<trajectory sample="100" generation="100000" 
bestEnergy="0.0" averageEnergy="-4.9878" worstEnergy="-2.0" bestConformation="Conformation 5.0 -5.0 Frllflrfrfrffflfrffrllfrllrfrrllrrlrrflfllrfrflfrfrflfrrflflfrlffrflflrllfrfflrlfrffrfrlflrflrllfrf"/>
	<trajectory sample="101" generation="101000" 
bestEnergy="0.0" averageEnergy="-4.9878" worstEnergy="-2.0" bestConformation="Conformation 5.0 -5.0 Frllflrfrfrffflfrffrllfrllrfrrllrrlrrflfllrfrflfrfrflfrrflflfrlffrflflrllfrfflrlfrffrfrlflrflrllfrf"/>
	<trajectory sample="102" generation="102000" 
bestEnergy="0.0" averageEnergy="-4.9878" worstEnergy="-2.0" bestConformation="Conformation 5.0 -5.0 Frllflrfrfrffflfrffrllfrllrfrrllrrlrrflfllrfrflfrfrflfrrflflfrlffrflflrllfrfflrlfrffrfrlflrflrllfrf"/>
	<trajectory sample="103" generation="103000" 
bestEnergy="0.0" averageEnergy="-4.9878" worstEnergy="-2.0" bestConformation="Conformation 5.0 -5.0 Frllflrfrfrffflfrffrllfrllrfrrllrrlrrflfllrfrflfrfrflfrrflflfrlffrflflrllfrfflrlfrffrfrlflrflrllfrf"/>
	<trajectory sample="104" generation="104000" 
bestEnergy="0.0" averageEnergy="-4.9878" worstEnergy="-2.0" bestConformation="Conformation 5.0 -5.0 Frllflrfrfrffflfrffrllfrllrfrrllrrlrrflfllrfrflfrfrflfrrflflfrlffrflflrllfrfflrlfrffrfrlflrflrllfrf"/>
	<trajectory sample="105" generation="105000" 
bestEnergy="0.0" averageEnergy="-4.9878" worstEnergy="-2.0" bestConformation="Conformation 5.0 -5.0 Frllflrfrfrffflfrffrllfrllrfrrllrrlrrflfllrfrflfrfrflfrrflflfrlffrflflrllfrfflrlfrffrfrlflrflrllfrf"/>
	<trajectory sample="106" generation="106000" 
bestEnergy="0.0" averageEnergy="-4.9878" worstEnergy="-2.0" bestConformation="Conformation 5.0 -5.0 Frllflrfrfrffflfrffrllfrllrfrrllrrlrrflfllrfrflfrfrflfrrflflfrlffrflflrllfrfflrlfrffrfrlflrflrllfrf"/>
	<trajectory sample="107" generation="107000" 
bestEnergy="0.0" averageEnergy="-4.9878" worstEnergy="-2.0" bestConformation="Conformation 5.0 -5.0 Frllflrfrfrffflfrffrllfrllrfrrllrrlrrflfllrfrflfrfrflfrrflflfrlffrflflrllfrfflrlfrffrfrlflrflrllfrf"/>
	<trajectory sample="108" generation="108000" 
bestEnergy="0.0" averageEnergy="-4.9878" worstEnergy="-2.0" bestConformation="Conformation 5.0 -5.0 Frllflrfrfrffflfrffrllfrllrfrrllrrlrrflfllrfrflfrfrflfrrflflfrlffrflflrllfrfflrlfrffrfrlflrflrllfrf"/>
	<trajectory sample="109" generation="109000" 
bestEnergy="0.0" averageEnergy="-4.9878" worstEnergy="-2.0" bestConformation="Conformation 5.0 -5.0 Frllflrfrfrffflfrffrllfrllrfrrllrrlrrflfllrfrflfrfrflfrrflflfrlffrflflrllfrfflrlfrffrfrlflrflrllfrf"/>
	<trajectory sample="110" generation="110000" 
bestEnergy="0.0" averageEnergy="-4.9878" worstEnergy="-2.0" bestConformation="Conformation 5.0 -5.0 Frllflrfrfrffflfrffrllfrllrfrrllrrlrrflfllrfrflfrfrflfrrflflfrlffrflflrllfrfflrlfrffrfrlflrflrllfrf"/>
	<trajectory sample="111" generation="111000" 
bestEnergy="0.0" averageEnergy="-4.9878" worstEnergy="-2.0" bestConformation="Conformation 5.0 -5.0 Frllflrfrfrffflfrffrllfrllrfrrllrrlrrflfllrfrflfrfrflfrrflflfrlffrflflrllfrfflrlfrffrfrlflrflrllfrf"/>
	<trajectory sample="112" generation="112000" 
bestEnergy="0.0" averageEnergy="-4.9878" worstEnergy="-2.0" bestConformation="Conformation 5.0 -5.0 Frllflrfrfrffflfrffrllfrllrfrrllrrlrrflfllrfrflfrfrflfrrflflfrlffrflflrllfrfflrlfrffrfrlflrflrllfrf"/>
	<trajectory sample="113" generation="113000" 
bestEnergy="0.0" averageEnergy="-4.9878" worstEnergy="-2.0" bestConformation="Conformation 5.0 -5.0 Frllflrfrfrffflfrffrllfrllrfrrllrrlrrflfllrfrflfrfrflfrrflflfrlffrflflrllfrfflrlfrffrfrlflrflrllfrf"/>
	<trajectory sample="114" generation="114000" 
bestEnergy="0.0" averageEnergy="-4.9878" worstEnergy="-2.0" bestConformation="Conformation 5.0 -5.0 Frllflrfrfrffflfrffrllfrllrfrrllrrlrrflfllrfrflfrfrflfrrflflfrlffrflflrllfrfflrlfrffrfrlflrflrllfrf"/>
	<trajectory sample="115" generation="115000" 
bestEnergy="0.0" averageEnergy="-4.9878" worstEnergy="-2.0" bestConformation="Conformation 5.0 -5.0 Frllflrfrfrffflfrffrllfrllrfrrllrrlrrflfllrfrflfrfrflfrrflflfrlffrflflrllfrfflrlfrffrfrlflrflrllfrf"/>
	<trajectory sample="116" generation="116000" 
bestEnergy="0.0" averageEnergy="-4.9878" worstEnergy="-2.0" bestConformation="Conformation 5.0 -5.0 Frllflrfrfrffflfrffrllfrllrfrrllrrlrrflfllrfrflfrfrflfrrflflfrlffrflflrllfrfflrlfrffrfrlflrflrllfrf"/>
	<trajectory sample="117" generation="117000" 
bestEnergy="0.0" averageEnergy="-4.9878" worstEnergy="-2.0" bestConformation="Conformation 5.0 -5.0 Frllflrfrfrffflfrffrllfrllrfrrllrrlrrflfllrfrflfrfrflfrrflflfrlffrflflrllfrfflrlfrffrfrlflrflrllfrf"/>
	<trajectory sample="118" generation="118000" 
bestEnergy="0.0" averageEnergy="-4.9878" worstEnergy="-2.0" bestConformation="Conformation 5.0 -5.0 Frllflrfrfrffflfrffrllfrllrfrrllrrlrrflfllrfrflfrfrflfrrflflfrlffrflflrllfrfflrlfrffrfrlflrflrllfrf"/>
	<trajectory sample="119" generation="119000" 
bestEnergy="0.0" averageEnergy="-4.9878" worstEnergy="-2.0" bestConformation="Conformation 5.0 -5.0 Frllflrfrfrffflfrffrllfrllrfrrllrrlrrflfllrfrflfrfrflfrrflflfrlffrflflrllfrfflrlfrffrfrlflrflrllfrf"/>
	<trajectory sample="120" generation="120000" 
bestEnergy="0.0" averageEnergy="-4.9878" worstEnergy="-2.0" bestConformation="Conformation 5.0 -5.0 Frllflrfrfrffflfrffrllfrllrfrrllrrlrrflfllrfrflfrfrflfrrflflfrlffrflflrllfrfflrlfrffrfrlflrflrllfrf"/>
	<trajectory sample="121" generation="121000" 
bestEnergy="0.0" averageEnergy="-4.9878" worstEnergy="-2.0" bestConformation="Conformation 5.0 -5.0 Frllflrfrfrffflfrffrllfrllrfrrllrrlrrflfllrfrflfrfrflfrrflflfrlffrflflrllfrfflrlfrffrfrlflrflrllfrf"/>
	<trajectory sample="122" generation="122000" 
bestEnergy="0.0" averageEnergy="-4.9878" worstEnergy="-2.0" bestConformation="Conformation 5.0 -5.0 Frllflrfrfrffflfrffrllfrllrfrrllrrlrrflfllrfrflfrfrflfrrflflfrlffrflflrllfrfflrlfrffrfrlflrflrllfrf"/>
	<trajectory sample="123" generation="123000" 
bestEnergy="0.0" averageEnergy="-4.9878" worstEnergy="-2.0" bestConformation="Conformation 5.0 -5.0 Frllflrfrfrffflfrffrllfrllrfrrllrrlrrflfllrfrflfrfrflfrrflflfrlffrflflrllfrfflrlfrffrfrlflrflrllfrf"/>
	<trajectory sample="124" generation="124000" 
bestEnergy="0.0" averageEnergy="-4.9878" worstEnergy="-2.0" bestConformation="Conformation 5.0 -5.0 Frllflrfrfrffflfrffrllfrllrfrrllrrlrrflfllrfrflfrfrflfrrflflfrlffrflflrllfrfflrlfrffrfrlflrflrllfrf"/>
	<trajectory sample="125" generation="125000" 
bestEnergy="0.0" averageEnergy="-4.9878" worstEnergy="-2.0" bestConformation="Conformation 5.0 -5.0 Frllflrfrfrffflfrffrllfrllrfrrllrrlrrflfllrfrflfrfrflfrrflflfrlffrflflrllfrfflrlfrffrfrlflrflrllfrf"/>
	<trajectory sample="126" generation="126000" 
bestEnergy="0.0" averageEnergy="-4.9878" worstEnergy="-2.0" bestConformation="Conformation 5.0 -5.0 Frllflrfrfrffflfrffrllfrllrfrrllrrlrrflfllrfrflfrfrflfrrflflfrlffrflflrllfrfflrlfrffrfrlflrflrllfrf"/>
	<trajectory sample="127" generation="127000" 
bestEnergy="0.0" averageEnergy="-4.9878" worstEnergy="-2.0" bestConformation="Conformation 5.0 -5.0 Frllflrfrfrffflfrffrllfrllrfrrllrrlrrflfllrfrflfrfrflfrrflflfrlffrflflrllfrfflrlfrffrfrlflrflrllfrf"/>
	<trajectory sample="128" generation="128000" 
bestEnergy="0.0" averageEnergy="-4.9878" worstEnergy="-2.0" bestConformation="Conformation 5.0 -5.0 Frllflrfrfrffflfrffrllfrllrfrrllrrlrrflfllrfrflfrfrflfrrflflfrlffrflflrllfrfflrlfrffrfrlflrflrllfrf"/>
	<trajectory sample="129" generation="129000" 
bestEnergy="0.0" averageEnergy="-4.9878" worstEnergy="-2.0" bestConformation="Conformation 5.0 -5.0 Frllflrfrfrffflfrffrllfrllrfrrllrrlrrflfllrfrflfrfrflfrrflflfrlffrflflrllfrfflrlfrffrfrlflrflrllfrf"/>
	<trajectory sample="130" generation="130000" 
bestEnergy="0.0" averageEnergy="-4.9878" worstEnergy="-2.0" bestConformation="Conformation 5.0 -5.0 Frllflrfrfrffflfrffrllfrllrfrrllrrlrrflfllrfrflfrfrflfrrflflfrlffrflflrllfrfflrlfrffrfrlflrflrllfrf"/>
	<trajectory sample="131" generation="131000" 
bestEnergy="0.0" averageEnergy="-4.9878" worstEnergy="-2.0" bestConformation="Conformation 5.0 -5.0 Frllflrfrfrffflfrffrllfrllrfrrllrrlrrflfllrfrflfrfrflfrrflflfrlffrflflrllfrfflrlfrffrfrlflrflrllfrf"/>
	<trajectory sample="132" generation="132000" 
bestEnergy="0.0" averageEnergy="-4.9878" worstEnergy="-2.0" bestConformation="Conformation 5.0 -5.0 Frllflrfrfrffflfrffrllfrllrfrrllrrlrrflfllrfrflfrfrflfrrflflfrlffrflflrllfrfflrlfrffrfrlflrflrllfrf"/>
	<trajectory sample="133" generation="133000" 
bestEnergy="0.0" averageEnergy="-4.9878" worstEnergy="-2.0" bestConformation="Conformation 5.0 -5.0 Frllflrfrfrffflfrffrllfrllrfrrllrrlrrflfllrfrflfrfrflfrrflflfrlffrflflrllfrfflrlfrffrfrlflrflrllfrf"/>
	<trajectory sample="134" generation="134000" 
bestEnergy="0.0" averageEnergy="-4.9878" worstEnergy="-2.0" bestConformation="Conformation 5.0 -5.0 Frllflrfrfrffflfrffrllfrllrfrrllrrlrrflfllrfrflfrfrflfrrflflfrlffrflflrllfrfflrlfrffrfrlflrflrllfrf"/>
	<trajectory sample="135" generation="135000" 
bestEnergy="0.0" averageEnergy="-4.9878" worstEnergy="-2.0" bestConformation="Conformation 5.0 -5.0 Frllflrfrfrffflfrffrllfrllrfrrllrrlrrflfllrfrflfrfrflfrrflflfrlffrflflrllfrfflrlfrffrfrlflrflrllfrf"/>
	<trajectory sample="136" generation="136000" 
bestEnergy="0.0" averageEnergy="-4.9878" worstEnergy="-2.0" bestConformation="Conformation 5.0 -5.0 Frllflrfrfrffflfrffrllfrllrfrrllrrlrrflfllrfrflfrfrflfrrflflfrlffrflflrllfrfflrlfrffrfrlflrflrllfrf"/>
	<trajectory sample="137" generation="137000" 
bestEnergy="0.0" averageEnergy="-4.9878" worstEnergy="-2.0" bestConformation="Conformation 5.0 -5.0 Frllflrfrfrffflfrffrllfrllrfrrllrrlrrflfllrfrflfrfrflfrrflflfrlffrflflrllfrfflrlfrffrfrlflrflrllfrf"/>
	<trajectory sample="138" generation="138000" 
bestEnergy="0.0" averageEnergy="-4.9878" worstEnergy="-2.0" bestConformation="Conformation 5.0 -5.0 Frllflrfrfrffflfrffrllfrllrfrrllrrlrrflfllrfrflfrfrflfrrflflfrlffrflflrllfrfflrlfrffrfrlflrflrllfrf"/>
	<trajectory sample="139" generation="139000" 
bestEnergy="0.0" averageEnergy="-4.9878" worstEnergy="-2.0" bestConformation="Conformation 5.0 -5.0 Frllflrfrfrffflfrffrllfrllrfrrllrrlrrflfllrfrflfrfrflfrrflflfrlffrflflrllfrfflrlfrffrfrlflrflrllfrf"/>
	<trajectory sample="140" generation="140000" 
bestEnergy="0.0" averageEnergy="-4.9878" worstEnergy="-2.0" bestConformation="Conformation 5.0 -5.0 Frllflrfrfrffflfrffrllfrllrfrrllrrlrrflfllrfrflfrfrflfrrflflfrlffrflflrllfrfflrlfrffrfrlflrflrllfrf"/>
	<trajectory sample="141" generation="141000" 
bestEnergy="0.0" averageEnergy="-4.9878" worstEnergy="-2.0" bestConformation="Conformation 5.0 -5.0 Frllflrfrfrffflfrffrllfrllrfrrllrrlrrflfllrfrflfrfrflfrrflflfrlffrflflrllfrfflrlfrffrfrlflrflrllfrf"/>
	<trajectory sample="142" generation="142000" 
bestEnergy="0.0" averageEnergy="-4.9878" worstEnergy="-2.0" bestConformation="Conformation 5.0 -5.0 Frllflrfrfrffflfrffrllfrllrfrrllrrlrrflfllrfrflfrfrflfrrflflfrlffrflflrllfrfflrlfrffrfrlflrflrllfrf"/>
	<trajectory sample="143" generation="143000" 
bestEnergy="0.0" averageEnergy="-4.9878" worstEnergy="-2.0" bestConformation="Conformation 5.0 -5.0 Frllflrfrfrffflfrffrllfrllrfrrllrrlrrflfllrfrflfrfrflfrrflflfrlffrflflrllfrfflrlfrffrfrlflrflrllfrf"/>
	<trajectory sample="144" generation="144000" 
bestEnergy="0.0" averageEnergy="-4.9878" worstEnergy="-2.0" bestConformation="Conformation 5.0 -5.0 Frllflrfrfrffflfrffrllfrllrfrrllrrlrrflfllrfrflfrfrflfrrflflfrlffrflflrllfrfflrlfrffrfrlflrflrllfrf"/>
	<trajectory sample="145" generation="145000" 
bestEnergy="0.0" averageEnergy="-4.9878" worstEnergy="-2.0" bestConformation="Conformation 5.0 -5.0 Frllflrfrfrffflfrffrllfrllrfrrllrrlrrflfllrfrflfrfrflfrrflflfrlffrflflrllfrfflrlfrffrfrlflrflrllfrf"/>
	<trajectory sample="146" generation="146000" 
bestEnergy="0.0" averageEnergy="-4.9878" worstEnergy="-2.0" bestConformation="Conformation 5.0 -5.0 Frllflrfrfrffflfrffrllfrllrfrrllrrlrrflfllrfrflfrfrflfrrflflfrlffrflflrllfrfflrlfrffrfrlflrflrllfrf"/>
	<trajectory sample="147" generation="147000" 
bestEnergy="0.0" averageEnergy="-4.9878" worstEnergy="-2.0" bestConformation="Conformation 5.0 -5.0 Frllflrfrfrffflfrffrllfrllrfrrllrrlrrflfllrfrflfrfrflfrrflflfrlffrflflrllfrfflrlfrffrfrlflrflrllfrf"/>
	<trajectory sample="148" generation="148000" 
bestEnergy="0.0" averageEnergy="-4.9878" worstEnergy="-2.0" bestConformation="Conformation 5.0 -5.0 Frllflrfrfrffflfrffrllfrllrfrrllrrlrrflfllrfrflfrfrflfrrflflfrlffrflflrllfrfflrlfrffrfrlflrflrllfrf"/>
	<trajectory sample="149" generation="149000" 
bestEnergy="0.0" averageEnergy="-4.9878" worstEnergy="-2.0" bestConformation="Conformation 5.0 -5.0 Frllflrfrfrffflfrffrllfrllrfrrllrrlrrflfllrfrflfrfrflfrrflflfrlffrflflrllfrfflrlfrffrfrlflrflrllfrf"/>
	<trajectory sample="150" generation="150000" 
bestEnergy="0.0" averageEnergy="-4.9878" worstEnergy="-2.0" bestConformation="Conformation 5.0 -5.0 Frllflrfrfrffflfrffrllfrllrfrrllrrlrrflfllrfrflfrfrflfrrflflfrlffrflflrllfrfflrlfrffrfrlflrflrllfrf"/>
	<trajectory sample="151" generation="151000" 
bestEnergy="0.0" averageEnergy="-4.9878" worstEnergy="-2.0" bestConformation="Conformation 5.0 -5.0 Frllflrfrfrffflfrffrllfrllrfrrllrrlrrflfllrfrflfrfrflfrrflflfrlffrflflrllfrfflrlfrffrfrlflrflrllfrf"/>
	<trajectory sample="152" generation="152000" 
bestEnergy="0.0" averageEnergy="-4.9878" worstEnergy="-2.0" bestConformation="Conformation 5.0 -5.0 Frllflrfrfrffflfrffrllfrllrfrrllrrlrrflfllrfrflfrfrflfrrflflfrlffrflflrllfrfflrlfrffrfrlflrflrllfrf"/>
	<trajectory sample="153" generation="153000" 
bestEnergy="0.0" averageEnergy="-4.9878" worstEnergy="-2.0" bestConformation="Conformation 5.0 -5.0 Frllflrfrfrffflfrffrllfrllrfrrllrrlrrflfllrfrflfrfrflfrrflflfrlffrflflrllfrfflrlfrffrfrlflrflrllfrf"/>
	<trajectory sample="154" generation="154000" 
bestEnergy="0.0" averageEnergy="-4.9878" worstEnergy="-2.0" bestConformation="Conformation 5.0 -5.0 Frllflrfrfrffflfrffrllfrllrfrrllrrlrrflfllrfrflfrfrflfrrflflfrlffrflflrllfrfflrlfrffrfrlflrflrllfrf"/>
	<trajectory sample="155" generation="155000" 
bestEnergy="0.0" averageEnergy="-4.9878" worstEnergy="-2.0" bestConformation="Conformation 5.0 -5.0 Frllflrfrfrffflfrffrllfrllrfrrllrrlrrflfllrfrflfrfrflfrrflflfrlffrflflrllfrfflrlfrffrfrlflrflrllfrf"/>
	<trajectory sample="156" generation="156000" 
bestEnergy="0.0" averageEnergy="-4.9878" worstEnergy="-2.0" bestConformation="Conformation 5.0 -5.0 Frllflrfrfrffflfrffrllfrllrfrrllrrlrrflfllrfrflfrfrflfrrflflfrlffrflflrllfrfflrlfrffrfrlflrflrllfrf"/>
	<trajectory sample="157" generation="157000" 
bestEnergy="0.0" averageEnergy="-4.9878" worstEnergy="-2.0" bestConformation="Conformation 5.0 -5.0 Frllflrfrfrffflfrffrllfrllrfrrllrrlrrflfllrfrflfrfrflfrrflflfrlffrflflrllfrfflrlfrffrfrlflrflrllfrf"/>
	<trajectory sample="158" generation="158000" 
bestEnergy="0.0" averageEnergy="-4.9878" worstEnergy="-2.0" bestConformation="Conformation 5.0 -5.0 Frllflrfrfrffflfrffrllfrllrfrrllrrlrrflfllrfrflfrfrflfrrflflfrlffrflflrllfrfflrlfrffrfrlflrflrllfrf"/>
	<trajectory sample="159" generation="159000" 
bestEnergy="0.0" averageEnergy="-4.9878" worstEnergy="-2.0" bestConformation="Conformation 5.0 -5.0 Frllflrfrfrffflfrffrllfrllrfrrllrrlrrflfllrfrflfrfrflfrrflflfrlffrflflrllfrfflrlfrffrfrlflrflrllfrf"/>
	<trajectory sample="160" generation="160000" 
bestEnergy="0.0" averageEnergy="-4.9878" worstEnergy="-2.0" bestConformation="Conformation 5.0 -5.0 Frllflrfrfrffflfrffrllfrllrfrrllrrlrrflfllrfrflfrfrflfrrflflfrlffrflflrllfrfflrlfrffrfrlflrflrllfrf"/>
	<trajectory sample="161" generation="161000" 
bestEnergy="0.0" averageEnergy="-4.9878" worstEnergy="-2.0" bestConformation="Conformation 5.0 -5.0 Frllflrfrfrffflfrffrllfrllrfrrllrrlrrflfllrfrflfrfrflfrrflflfrlffrflflrllfrfflrlfrffrfrlflrflrllfrf"/>
	<trajectory sample="162" generation="162000" 
bestEnergy="0.0" averageEnergy="-4.9878" worstEnergy="-2.0" bestConformation="Conformation 5.0 -5.0 Frllflrfrfrffflfrffrllfrllrfrrllrrlrrflfllrfrflfrfrflfrrflflfrlffrflflrllfrfflrlfrffrfrlflrflrllfrf"/>
	<trajectory sample="163" generation="163000" 
bestEnergy="0.0" averageEnergy="-4.9878" worstEnergy="-2.0" bestConformation="Conformation 5.0 -5.0 Frllflrfrfrffflfrffrllfrllrfrrllrrlrrflfllrfrflfrfrflfrrflflfrlffrflflrllfrfflrlfrffrfrlflrflrllfrf"/>
	<trajectory sample="164" generation="164000" 
bestEnergy="0.0" averageEnergy="-4.9878" worstEnergy="-2.0" bestConformation="Conformation 5.0 -5.0 Frllflrfrfrffflfrffrllfrllrfrrllrrlrrflfllrfrflfrfrflfrrflflfrlffrflflrllfrfflrlfrffrfrlflrflrllfrf"/>
	<trajectory sample="165" generation="165000" 
bestEnergy="0.0" averageEnergy="-4.9878" worstEnergy="-2.0" bestConformation="Conformation 5.0 -5.0 Frllflrfrfrffflfrffrllfrllrfrrllrrlrrflfllrfrflfrfrflfrrflflfrlffrflflrllfrfflrlfrffrfrlflrflrllfrf"/>
	<trajectory sample="166" generation="166000" 
bestEnergy="0.0" averageEnergy="-4.9878" worstEnergy="-2.0" bestConformation="Conformation 5.0 -5.0 Frllflrfrfrffflfrffrllfrllrfrrllrrlrrflfllrfrflfrfrflfrrflflfrlffrflflrllfrfflrlfrffrfrlflrflrllfrf"/>
	<trajectory sample="167" generation="167000" 
bestEnergy="0.0" averageEnergy="-4.9878" worstEnergy="-2.0" bestConformation="Conformation 5.0 -5.0 Frllflrfrfrffflfrffrllfrllrfrrllrrlrrflfllrfrflfrfrflfrrflflfrlffrflflrllfrfflrlfrffrfrlflrflrllfrf"/>
	<trajectory sample="168" generation="168000" 
bestEnergy="0.0" averageEnergy="-4.9878" worstEnergy="-2.0" bestConformation="Conformation 5.0 -5.0 Frllflrfrfrffflfrffrllfrllrfrrllrrlrrflfllrfrflfrfrflfrrflflfrlffrflflrllfrfflrlfrffrfrlflrflrllfrf"/>
	<trajectory sample="169" generation="169000" 
bestEnergy="0.0" averageEnergy="-4.9878" worstEnergy="-2.0" bestConformation="Conformation 5.0 -5.0 Frllflrfrfrffflfrffrllfrllrfrrllrrlrrflfllrfrflfrfrflfrrflflfrlffrflflrllfrfflrlfrffrfrlflrflrllfrf"/>
	<trajectory sample="170" generation="170000" 
bestEnergy="0.0" averageEnergy="-4.9878" worstEnergy="-2.0" bestConformation="Conformation 5.0 -5.0 Frllflrfrfrffflfrffrllfrllrfrrllrrlrrflfllrfrflfrfrflfrrflflfrlffrflflrllfrfflrlfrffrfrlflrflrllfrf"/>
	<trajectory sample="171" generation="171000" 
bestEnergy="0.0" averageEnergy="-4.9878" worstEnergy="-2.0" bestConformation="Conformation 5.0 -5.0 Frllflrfrfrffflfrffrllfrllrfrrllrrlrrflfllrfrflfrfrflfrrflflfrlffrflflrllfrfflrlfrffrfrlflrflrllfrf"/>
	<trajectory sample="172" generation="172000" 
bestEnergy="0.0" averageEnergy="-4.9878" worstEnergy="-2.0" bestConformation="Conformation 5.0 -5.0 Frllflrfrfrffflfrffrllfrllrfrrllrrlrrflfllrfrflfrfrflfrrflflfrlffrflflrllfrfflrlfrffrfrlflrflrllfrf"/>
	<trajectory sample="173" generation="173000" 
bestEnergy="0.0" averageEnergy="-4.9878" worstEnergy="-2.0" bestConformation="Conformation 5.0 -5.0 Frllflrfrfrffflfrffrllfrllrfrrllrrlrrflfllrfrflfrfrflfrrflflfrlffrflflrllfrfflrlfrffrfrlflrflrllfrf"/>
	<trajectory sample="174" generation="174000" 
bestEnergy="0.0" averageEnergy="-4.9878" worstEnergy="-2.0" bestConformation="Conformation 5.0 -5.0 Frllflrfrfrffflfrffrllfrllrfrrllrrlrrflfllrfrflfrfrflfrrflflfrlffrflflrllfrfflrlfrffrfrlflrflrllfrf"/>
	<trajectory sample="175" generation="175000" 
bestEnergy="0.0" averageEnergy="-4.9878" worstEnergy="-2.0" bestConformation="Conformation 5.0 -5.0 Frllflrfrfrffflfrffrllfrllrfrrllrrlrrflfllrfrflfrfrflfrrflflfrlffrflflrllfrfflrlfrffrfrlflrflrllfrf"/>
	<trajectory sample="176" generation="176000" 
bestEnergy="0.0" averageEnergy="-4.9878" worstEnergy="-2.0" bestConformation="Conformation 5.0 -5.0 Frllflrfrfrffflfrffrllfrllrfrrllrrlrrflfllrfrflfrfrflfrrflflfrlffrflflrllfrfflrlfrffrfrlflrflrllfrf"/>
	<trajectory sample="177" generation="177000" 
bestEnergy="0.0" averageEnergy="-4.9878" worstEnergy="-2.0" bestConformation="Conformation 5.0 -5.0 Frllflrfrfrffflfrffrllfrllrfrrllrrlrrflfllrfrflfrfrflfrrflflfrlffrflflrllfrfflrlfrffrfrlflrflrllfrf"/>
	<trajectory sample="178" generation="178000" 
bestEnergy="0.0" averageEnergy="-4.9878" worstEnergy="-2.0" bestConformation="Conformation 5.0 -5.0 Frllflrfrfrffflfrffrllfrllrfrrllrrlrrflfllrfrflfrfrflfrrflflfrlffrflflrllfrfflrlfrffrfrlflrflrllfrf"/>
	<trajectory sample="179" generation="179000" 
bestEnergy="0.0" averageEnergy="-4.9878" worstEnergy="-2.0" bestConformation="Conformation 5.0 -5.0 Frllflrfrfrffflfrffrllfrllrfrrllrrlrrflfllrfrflfrfrflfrrflflfrlffrflflrllfrfflrlfrffrfrlflrflrllfrf"/>
	<trajectory sample="180" generation="180000" 
bestEnergy="0.0" averageEnergy="-4.9878" worstEnergy="-2.0" bestConformation="Conformation 5.0 -5.0 Frllflrfrfrffflfrffrllfrllrfrrllrrlrrflfllrfrflfrfrflfrrflflfrlffrflflrllfrfflrlfrffrfrlflrflrllfrf"/>
	<trajectory sample="181" generation="181000" 
bestEnergy="0.0" averageEnergy="-4.9878" worstEnergy="-2.0" bestConformation="Conformation 5.0 -5.0 Frllflrfrfrffflfrffrllfrllrfrrllrrlrrflfllrfrflfrfrflfrrflflfrlffrflflrllfrfflrlfrffrfrlflrflrllfrf"/>
	<trajectory sample="182" generation="182000" 
bestEnergy="0.0" averageEnergy="-4.9878" worstEnergy="-2.0" bestConformation="Conformation 5.0 -5.0 Frllflrfrfrffflfrffrllfrllrfrrllrrlrrflfllrfrflfrfrflfrrflflfrlffrflflrllfrfflrlfrffrfrlflrflrllfrf"/>
	<trajectory sample="183" generation="183000" 
bestEnergy="0.0" averageEnergy="-4.9878" worstEnergy="-2.0" bestConformation="Conformation 5.0 -5.0 Frllflrfrfrffflfrffrllfrllrfrrllrrlrrflfllrfrflfrfrflfrrflflfrlffrflflrllfrfflrlfrffrfrlflrflrllfrf"/>
	<trajectory sample="184" generation="184000" 
bestEnergy="0.0" averageEnergy="-4.9878" worstEnergy="-2.0" bestConformation="Conformation 5.0 -5.0 Frllflrfrfrffflfrffrllfrllrfrrllrrlrrflfllrfrflfrfrflfrrflflfrlffrflflrllfrfflrlfrffrfrlflrflrllfrf"/>
	<trajectory sample="185" generation="185000" 
bestEnergy="0.0" averageEnergy="-4.9878" worstEnergy="-2.0" bestConformation="Conformation 5.0 -5.0 Frllflrfrfrffflfrffrllfrllrfrrllrrlrrflfllrfrflfrfrflfrrflflfrlffrflflrllfrfflrlfrffrfrlflrflrllfrf"/>
	<trajectory sample="186" generation="186000" 
bestEnergy="0.0" averageEnergy="-4.9878" worstEnergy="-2.0" bestConformation="Conformation 5.0 -5.0 Frllflrfrfrffflfrffrllfrllrfrrllrrlrrflfllrfrflfrfrflfrrflflfrlffrflflrllfrfflrlfrffrfrlflrflrllfrf"/>
	<trajectory sample="187" generation="187000" 
bestEnergy="0.0" averageEnergy="-4.9878" worstEnergy="-2.0" bestConformation="Conformation 5.0 -5.0 Frllflrfrfrffflfrffrllfrllrfrrllrrlrrflfllrfrflfrfrflfrrflflfrlffrflflrllfrfflrlfrffrfrlflrflrllfrf"/>
	<trajectory sample="188" generation="188000" 
bestEnergy="0.0" averageEnergy="-4.9878" worstEnergy="-2.0" bestConformation="Conformation 5.0 -5.0 Frllflrfrfrffflfrffrllfrllrfrrllrrlrrflfllrfrflfrfrflfrrflflfrlffrflflrllfrfflrlfrffrfrlflrflrllfrf"/>
	<trajectory sample="189" generation="189000" 
bestEnergy="0.0" averageEnergy="-4.9878" worstEnergy="-2.0" bestConformation="Conformation 5.0 -5.0 Frllflrfrfrffflfrffrllfrllrfrrllrrlrrflfllrfrflfrfrflfrrflflfrlffrflflrllfrfflrlfrffrfrlflrflrllfrf"/>
	<trajectory sample="190" generation="190000" 
bestEnergy="0.0" averageEnergy="-4.9878" worstEnergy="-2.0" bestConformation="Conformation 5.0 -5.0 Frllflrfrfrffflfrffrllfrllrfrrllrrlrrflfllrfrflfrfrflfrrflflfrlffrflflrllfrfflrlfrffrfrlflrflrllfrf"/>
	<trajectory sample="191" generation="191000" 
bestEnergy="0.0" averageEnergy="-4.9878" worstEnergy="-2.0" bestConformation="Conformation 5.0 -5.0 Frllflrfrfrffflfrffrllfrllrfrrllrrlrrflfllrfrflfrfrflfrrflflfrlffrflflrllfrfflrlfrffrfrlflrflrllfrf"/>
	<trajectory sample="192" generation="192000" 
bestEnergy="0.0" averageEnergy="-4.9878" worstEnergy="-2.0" bestConformation="Conformation 5.0 -5.0 Frllflrfrfrffflfrffrllfrllrfrrllrrlrrflfllrfrflfrfrflfrrflflfrlffrflflrllfrfflrlfrffrfrlflrflrllfrf"/>
	<trajectory sample="193" generation="193000" 
bestEnergy="0.0" averageEnergy="-4.9878" worstEnergy="-2.0" bestConformation="Conformation 5.0 -5.0 Frllflrfrfrffflfrffrllfrllrfrrllrrlrrflfllrfrflfrfrflfrrflflfrlffrflflrllfrfflrlfrffrfrlflrflrllfrf"/>
	<trajectory sample="194" generation="194000" 
bestEnergy="0.0" averageEnergy="-4.9878" worstEnergy="-2.0" bestConformation="Conformation 5.0 -5.0 Frllflrfrfrffflfrffrllfrllrfrrllrrlrrflfllrfrflfrfrflfrrflflfrlffrflflrllfrfflrlfrffrfrlflrflrllfrf"/>
	<trajectory sample="195" generation="195000" 
bestEnergy="0.0" averageEnergy="-4.9878" worstEnergy="-2.0" bestConformation="Conformation 5.0 -5.0 Frllflrfrfrffflfrffrllfrllrfrrllrrlrrflfllrfrflfrfrflfrrflflfrlffrflflrllfrfflrlfrffrfrlflrflrllfrf"/>
	<trajectory sample="196" generation="196000" 
bestEnergy="0.0" averageEnergy="-4.9878" worstEnergy="-2.0" bestConformation="Conformation 5.0 -5.0 Frllflrfrfrffflfrffrllfrllrfrrllrrlrrflfllrfrflfrfrflfrrflflfrlffrflflrllfrfflrlfrffrfrlflrflrllfrf"/>
	<trajectory sample="197" generation="197000" 
bestEnergy="0.0" averageEnergy="-4.9878" worstEnergy="-2.0" bestConformation="Conformation 5.0 -5.0 Frllflrfrfrffflfrffrllfrllrfrrllrrlrrflfllrfrflfrfrflfrrflflfrlffrflflrllfrfflrlfrffrfrlflrflrllfrf"/>
	<trajectory sample="198" generation="198000" 
bestEnergy="0.0" averageEnergy="-4.9878" worstEnergy="-2.0" bestConformation="Conformation 5.0 -5.0 Frllflrfrfrffflfrffrllfrllrfrrllrrlrrflfllrfrflfrfrflfrrflflfrlffrflflrllfrfflrlfrffrfrlflrflrllfrf"/>
	<trajectory sample="199" generation="199000" 
bestEnergy="0.0" averageEnergy="-4.9878" worstEnergy="-2.0" bestConformation="Conformation 5.0 -5.0 Frllflrfrfrffflfrffrllfrllrfrrllrrlrrflfllrfrflfrfrflfrrflflfrlffrflflrllfrfflrlfrffrfrlflrflrllfrf"/>
	<trajectory sample="200" generation="200000" 
bestEnergy="0.0" averageEnergy="-4.9878" worstEnergy="-2.0" bestConformation="Conformation 5.0 -5.0 Frllflrfrfrffflfrffrllfrllrfrrllrrlrrflfllrfrflfrfrflfrrflflfrlffrflflrllfrfflrlfrffrfrlflrflrllfrf"/>
	<trajectory sample="201" generation="201000" 
bestEnergy="0.0" averageEnergy="-4.9878" worstEnergy="-2.0" bestConformation="Conformation 5.0 -5.0 Frllflrfrfrffflfrffrllfrllrfrrllrrlrrflfllrfrflfrfrflfrrflflfrlffrflflrllfrfflrlfrffrfrlflrflrllfrf"/>
	<trajectory sample="202" generation="202000" 
bestEnergy="0.0" averageEnergy="-4.9878" worstEnergy="-2.0" bestConformation="Conformation 5.0 -5.0 Frllflrfrfrffflfrffrllfrllrfrrllrrlrrflfllrfrflfrfrflfrrflflfrlffrflflrllfrfflrlfrffrfrlflrflrllfrf"/>
	<trajectory sample="203" generation="203000" 
bestEnergy="0.0" averageEnergy="-4.9878" worstEnergy="-2.0" bestConformation="Conformation 5.0 -5.0 Frllflrfrfrffflfrffrllfrllrfrrllrrlrrflfllrfrflfrfrflfrrflflfrlffrflflrllfrfflrlfrffrfrlflrflrllfrf"/>
	<trajectory sample="204" generation="204000" 
bestEnergy="0.0" averageEnergy="-4.9878" worstEnergy="-2.0" bestConformation="Conformation 5.0 -5.0 Frllflrfrfrffflfrffrllfrllrfrrllrrlrrflfllrfrflfrfrflfrrflflfrlffrflflrllfrfflrlfrffrfrlflrflrllfrf"/>
	<trajectory sample="205" generation="205000" 
bestEnergy="0.0" averageEnergy="-4.9878" worstEnergy="-2.0" bestConformation="Conformation 5.0 -5.0 Frllflrfrfrffflfrffrllfrllrfrrllrrlrrflfllrfrflfrfrflfrrflflfrlffrflflrllfrfflrlfrffrfrlflrflrllfrf"/>
	<trajectory sample="206" generation="206000" 
bestEnergy="0.0" averageEnergy="-4.9878" worstEnergy="-2.0" bestConformation="Conformation 5.0 -5.0 Frllflrfrfrffflfrffrllfrllrfrrllrrlrrflfllrfrflfrfrflfrrflflfrlffrflflrllfrfflrlfrffrfrlflrflrllfrf"/>
	<trajectory sample="207" generation="207000" 
bestEnergy="0.0" averageEnergy="-4.9878" worstEnergy="-2.0" bestConformation="Conformation 5.0 -5.0 Frllflrfrfrffflfrffrllfrllrfrrllrrlrrflfllrfrflfrfrflfrrflflfrlffrflflrllfrfflrlfrffrfrlflrflrllfrf"/>
	<trajectory sample="208" generation="208000" 
bestEnergy="0.0" averageEnergy="-4.9878" worstEnergy="-2.0" bestConformation="Conformation 5.0 -5.0 Frllflrfrfrffflfrffrllfrllrfrrllrrlrrflfllrfrflfrfrflfrrflflfrlffrflflrllfrfflrlfrffrfrlflrflrllfrf"/>
	<trajectory sample="209" generation="209000" 
bestEnergy="0.0" averageEnergy="-4.9878" worstEnergy="-2.0" bestConformation="Conformation 5.0 -5.0 Frllflrfrfrffflfrffrllfrllrfrrllrrlrrflfllrfrflfrfrflfrrflflfrlffrflflrllfrfflrlfrffrfrlflrflrllfrf"/>
	<trajectory sample="210" generation="210000" 
bestEnergy="0.0" averageEnergy="-4.9878" worstEnergy="-2.0" bestConformation="Conformation 5.0 -5.0 Frllflrfrfrffflfrffrllfrllrfrrllrrlrrflfllrfrflfrfrflfrrflflfrlffrflflrllfrfflrlfrffrfrlflrflrllfrf"/>
	<trajectory sample="211" generation="211000" 
bestEnergy="0.0" averageEnergy="-4.9878" worstEnergy="-2.0" bestConformation="Conformation 5.0 -5.0 Frllflrfrfrffflfrffrllfrllrfrrllrrlrrflfllrfrflfrfrflfrrflflfrlffrflflrllfrfflrlfrffrfrlflrflrllfrf"/>
	<trajectory sample="212" generation="212000" 
bestEnergy="0.0" averageEnergy="-4.9878" worstEnergy="-2.0" bestConformation="Conformation 5.0 -5.0 Frllflrfrfrffflfrffrllfrllrfrrllrrlrrflfllrfrflfrfrflfrrflflfrlffrflflrllfrfflrlfrffrfrlflrflrllfrf"/>
	<trajectory sample="213" generation="213000" 
bestEnergy="0.0" averageEnergy="-4.9878" worstEnergy="-2.0" bestConformation="Conformation 5.0 -5.0 Frllflrfrfrffflfrffrllfrllrfrrllrrlrrflfllrfrflfrfrflfrrflflfrlffrflflrllfrfflrlfrffrfrlflrflrllfrf"/>
	<trajectory sample="214" generation="214000" 
bestEnergy="0.0" averageEnergy="-4.9878" worstEnergy="-2.0" bestConformation="Conformation 5.0 -5.0 Frllflrfrfrffflfrffrllfrllrfrrllrrlrrflfllrfrflfrfrflfrrflflfrlffrflflrllfrfflrlfrffrfrlflrflrllfrf"/>
	<trajectory sample="215" generation="215000" 
bestEnergy="0.0" averageEnergy="-4.9878" worstEnergy="-2.0" bestConformation="Conformation 5.0 -5.0 Frllflrfrfrffflfrffrllfrllrfrrllrrlrrflfllrfrflfrfrflfrrflflfrlffrflflrllfrfflrlfrffrfrlflrflrllfrf"/>
	<trajectory sample="216" generation="216000" 
bestEnergy="0.0" averageEnergy="-4.9878" worstEnergy="-2.0" bestConformation="Conformation 5.0 -5.0 Frllflrfrfrffflfrffrllfrllrfrrllrrlrrflfllrfrflfrfrflfrrflflfrlffrflflrllfrfflrlfrffrfrlflrflrllfrf"/>
	<trajectory sample="217" generation="217000" 
bestEnergy="0.0" averageEnergy="-4.9878" worstEnergy="-2.0" bestConformation="Conformation 5.0 -5.0 Frllflrfrfrffflfrffrllfrllrfrrllrrlrrflfllrfrflfrfrflfrrflflfrlffrflflrllfrfflrlfrffrfrlflrflrllfrf"/>
	<trajectory sample="218" generation="218000" 
bestEnergy="0.0" averageEnergy="-4.9878" worstEnergy="-2.0" bestConformation="Conformation 5.0 -5.0 Frllflrfrfrffflfrffrllfrllrfrrllrrlrrflfllrfrflfrfrflfrrflflfrlffrflflrllfrfflrlfrffrfrlflrflrllfrf"/>
	<trajectory sample="219" generation="219000" 
bestEnergy="0.0" averageEnergy="-4.9878" worstEnergy="-2.0" bestConformation="Conformation 5.0 -5.0 Frllflrfrfrffflfrffrllfrllrfrrllrrlrrflfllrfrflfrfrflfrrflflfrlffrflflrllfrfflrlfrffrfrlflrflrllfrf"/>
	<trajectory sample="220" generation="220000" 
bestEnergy="0.0" averageEnergy="-4.9878" worstEnergy="-2.0" bestConformation="Conformation 5.0 -5.0 Frllflrfrfrffflfrffrllfrllrfrrllrrlrrflfllrfrflfrfrflfrrflflfrlffrflflrllfrfflrlfrffrfrlflrflrllfrf"/>
	<trajectory sample="221" generation="221000" 
bestEnergy="0.0" averageEnergy="-4.9878" worstEnergy="-2.0" bestConformation="Conformation 5.0 -5.0 Frllflrfrfrffflfrffrllfrllrfrrllrrlrrflfllrfrflfrfrflfrrflflfrlffrflflrllfrfflrlfrffrfrlflrflrllfrf"/>
	<trajectory sample="222" generation="222000" 
bestEnergy="0.0" averageEnergy="-4.9878" worstEnergy="-2.0" bestConformation="Conformation 5.0 -5.0 Frllflrfrfrffflfrffrllfrllrfrrllrrlrrflfllrfrflfrfrflfrrflflfrlffrflflrllfrfflrlfrffrfrlflrflrllfrf"/>
	<trajectory sample="223" generation="223000" 
bestEnergy="0.0" averageEnergy="-4.9878" worstEnergy="-2.0" bestConformation="Conformation 5.0 -5.0 Frllflrfrfrffflfrffrllfrllrfrrllrrlrrflfllrfrflfrfrflfrrflflfrlffrflflrllfrfflrlfrffrfrlflrflrllfrf"/>
	<trajectory sample="224" generation="224000" 
bestEnergy="0.0" averageEnergy="-4.9878" worstEnergy="-2.0" bestConformation="Conformation 5.0 -5.0 Frllflrfrfrffflfrffrllfrllrfrrllrrlrrflfllrfrflfrfrflfrrflflfrlffrflflrllfrfflrlfrffrfrlflrflrllfrf"/>
	<trajectory sample="225" generation="225000" 
bestEnergy="0.0" averageEnergy="-4.9878" worstEnergy="-2.0" bestConformation="Conformation 5.0 -5.0 Frllflrfrfrffflfrffrllfrllrfrrllrrlrrflfllrfrflfrfrflfrrflflfrlffrflflrllfrfflrlfrffrfrlflrflrllfrf"/>
	<trajectory sample="226" generation="226000" 
bestEnergy="0.0" averageEnergy="-4.9878" worstEnergy="-2.0" bestConformation="Conformation 5.0 -5.0 Frllflrfrfrffflfrffrllfrllrfrrllrrlrrflfllrfrflfrfrflfrrflflfrlffrflflrllfrfflrlfrffrfrlflrflrllfrf"/>
	<trajectory sample="227" generation="227000" 
bestEnergy="0.0" averageEnergy="-4.9878" worstEnergy="-2.0" bestConformation="Conformation 5.0 -5.0 Frllflrfrfrffflfrffrllfrllrfrrllrrlrrflfllrfrflfrfrflfrrflflfrlffrflflrllfrfflrlfrffrfrlflrflrllfrf"/>
	<trajectory sample="228" generation="228000" 
bestEnergy="0.0" averageEnergy="-4.9878" worstEnergy="-2.0" bestConformation="Conformation 5.0 -5.0 Frllflrfrfrffflfrffrllfrllrfrrllrrlrrflfllrfrflfrfrflfrrflflfrlffrflflrllfrfflrlfrffrfrlflrflrllfrf"/>
	<trajectory sample="229" generation="229000" 
bestEnergy="0.0" averageEnergy="-4.9878" worstEnergy="-2.0" bestConformation="Conformation 5.0 -5.0 Frllflrfrfrffflfrffrllfrllrfrrllrrlrrflfllrfrflfrfrflfrrflflfrlffrflflrllfrfflrlfrffrfrlflrflrllfrf"/>
	<trajectory sample="230" generation="230000" 
bestEnergy="0.0" averageEnergy="-4.9878" worstEnergy="-2.0" bestConformation="Conformation 5.0 -5.0 Frllflrfrfrffflfrffrllfrllrfrrllrrlrrflfllrfrflfrfrflfrrflflfrlffrflflrllfrfflrlfrffrfrlflrflrllfrf"/>
	<trajectory sample="231" generation="231000" 
bestEnergy="0.0" averageEnergy="-4.9878" worstEnergy="-2.0" bestConformation="Conformation 5.0 -5.0 Frllflrfrfrffflfrffrllfrllrfrrllrrlrrflfllrfrflfrfrflfrrflflfrlffrflflrllfrfflrlfrffrfrlflrflrllfrf"/>
	<trajectory sample="232" generation="232000" 
bestEnergy="0.0" averageEnergy="-4.9878" worstEnergy="-2.0" bestConformation="Conformation 5.0 -5.0 Frllflrfrfrffflfrffrllfrllrfrrllrrlrrflfllrfrflfrfrflfrrflflfrlffrflflrllfrfflrlfrffrfrlflrflrllfrf"/>
	<trajectory sample="233" generation="233000" 
bestEnergy="0.0" averageEnergy="-4.9878" worstEnergy="-2.0" bestConformation="Conformation 5.0 -5.0 Frllflrfrfrffflfrffrllfrllrfrrllrrlrrflfllrfrflfrfrflfrrflflfrlffrflflrllfrfflrlfrffrfrlflrflrllfrf"/>
	<trajectory sample="234" generation="234000" 
bestEnergy="0.0" averageEnergy="-4.9878" worstEnergy="-2.0" bestConformation="Conformation 5.0 -5.0 Frllflrfrfrffflfrffrllfrllrfrrllrrlrrflfllrfrflfrfrflfrrflflfrlffrflflrllfrfflrlfrffrfrlflrflrllfrf"/>
	<trajectory sample="235" generation="235000" 
bestEnergy="0.0" averageEnergy="-4.9878" worstEnergy="-2.0" bestConformation="Conformation 5.0 -5.0 Frllflrfrfrffflfrffrllfrllrfrrllrrlrrflfllrfrflfrfrflfrrflflfrlffrflflrllfrfflrlfrffrfrlflrflrllfrf"/>
	<trajectory sample="236" generation="236000" 
bestEnergy="0.0" averageEnergy="-4.9878" worstEnergy="-2.0" bestConformation="Conformation 5.0 -5.0 Frllflrfrfrffflfrffrllfrllrfrrllrrlrrflfllrfrflfrfrflfrrflflfrlffrflflrllfrfflrlfrffrfrlflrflrllfrf"/>
	<trajectory sample="237" generation="237000" 
bestEnergy="0.0" averageEnergy="-4.9878" worstEnergy="-2.0" bestConformation="Conformation 5.0 -5.0 Frllflrfrfrffflfrffrllfrllrfrrllrrlrrflfllrfrflfrfrflfrrflflfrlffrflflrllfrfflrlfrffrfrlflrflrllfrf"/>
	<trajectory sample="238" generation="238000" 
bestEnergy="0.0" averageEnergy="-4.9878" worstEnergy="-2.0" bestConformation="Conformation 5.0 -5.0 Frllflrfrfrffflfrffrllfrllrfrrllrrlrrflfllrfrflfrfrflfrrflflfrlffrflflrllfrfflrlfrffrfrlflrflrllfrf"/>
	<trajectory sample="239" generation="239000" 
bestEnergy="0.0" averageEnergy="-4.9878" worstEnergy="-2.0" bestConformation="Conformation 5.0 -5.0 Frllflrfrfrffflfrffrllfrllrfrrllrrlrrflfllrfrflfrfrflfrrflflfrlffrflflrllfrfflrlfrffrfrlflrflrllfrf"/>
	<trajectory sample="240" generation="240000" 
bestEnergy="0.0" averageEnergy="-4.9878" worstEnergy="-2.0" bestConformation="Conformation 5.0 -5.0 Frllflrfrfrffflfrffrllfrllrfrrllrrlrrflfllrfrflfrfrflfrrflflfrlffrflflrllfrfflrlfrffrfrlflrflrllfrf"/>
	<trajectory sample="241" generation="241000" 
bestEnergy="0.0" averageEnergy="-4.9878" worstEnergy="-2.0" bestConformation="Conformation 5.0 -5.0 Frllflrfrfrffflfrffrllfrllrfrrllrrlrrflfllrfrflfrfrflfrrflflfrlffrflflrllfrfflrlfrffrfrlflrflrllfrf"/>
	<trajectory sample="242" generation="242000" 
bestEnergy="0.0" averageEnergy="-4.9878" worstEnergy="-2.0" bestConformation="Conformation 5.0 -5.0 Frllflrfrfrffflfrffrllfrllrfrrllrrlrrflfllrfrflfrfrflfrrflflfrlffrflflrllfrfflrlfrffrfrlflrflrllfrf"/>
	<trajectory sample="243" generation="243000" 
bestEnergy="0.0" averageEnergy="-4.9878" worstEnergy="-2.0" bestConformation="Conformation 5.0 -5.0 Frllflrfrfrffflfrffrllfrllrfrrllrrlrrflfllrfrflfrfrflfrrflflfrlffrflflrllfrfflrlfrffrfrlflrflrllfrf"/>
	<trajectory sample="244" generation="244000" 
bestEnergy="0.0" averageEnergy="-4.9878" worstEnergy="-2.0" bestConformation="Conformation 5.0 -5.0 Frllflrfrfrffflfrffrllfrllrfrrllrrlrrflfllrfrflfrfrflfrrflflfrlffrflflrllfrfflrlfrffrfrlflrflrllfrf"/>
	<trajectory sample="245" generation="245000" 
bestEnergy="0.0" averageEnergy="-4.9878" worstEnergy="-2.0" bestConformation="Conformation 5.0 -5.0 Frllflrfrfrffflfrffrllfrllrfrrllrrlrrflfllrfrflfrfrflfrrflflfrlffrflflrllfrfflrlfrffrfrlflrflrllfrf"/>
	<trajectory sample="246" generation="246000" 
bestEnergy="0.0" averageEnergy="-4.9878" worstEnergy="-2.0" bestConformation="Conformation 5.0 -5.0 Frllflrfrfrffflfrffrllfrllrfrrllrrlrrflfllrfrflfrfrflfrrflflfrlffrflflrllfrfflrlfrffrfrlflrflrllfrf"/>
	<trajectory sample="247" generation="247000" 
bestEnergy="0.0" averageEnergy="-4.9878" worstEnergy="-2.0" bestConformation="Conformation 5.0 -5.0 Frllflrfrfrffflfrffrllfrllrfrrllrrlrrflfllrfrflfrfrflfrrflflfrlffrflflrllfrfflrlfrffrfrlflrflrllfrf"/>
	<trajectory sample="248" generation="248000" 
bestEnergy="0.0" averageEnergy="-4.9878" worstEnergy="-2.0" bestConformation="Conformation 5.0 -5.0 Frllflrfrfrffflfrffrllfrllrfrrllrrlrrflfllrfrflfrfrflfrrflflfrlffrflflrllfrfflrlfrffrfrlflrflrllfrf"/>
	<trajectory sample="249" generation="249000" 
bestEnergy="0.0" averageEnergy="-4.9878" worstEnergy="-2.0" bestConformation="Conformation 5.0 -5.0 Frllflrfrfrffflfrffrllfrllrfrrllrrlrrflfllrfrflfrfrflfrrflflfrlffrflflrllfrfflrlfrffrfrlflrflrllfrf"/>
	<trajectory sample="250" generation="250000" 
bestEnergy="0.0" averageEnergy="-4.9878" worstEnergy="-2.0" bestConformation="Conformation 5.0 -5.0 Frllflrfrfrffflfrffrllfrllrfrrllrrlrrflfllrfrflfrfrflfrrflflfrlffrflflrllfrfflrlfrffrfrlflrflrllfrf"/>
	<trajectory sample="251" generation="251000" 
bestEnergy="0.0" averageEnergy="-4.9878" worstEnergy="-2.0" bestConformation="Conformation 5.0 -5.0 Frllflrfrfrffflfrffrllfrllrfrrllrrlrrflfllrfrflfrfrflfrrflflfrlffrflflrllfrfflrlfrffrfrlflrflrllfrf"/>
	<trajectory sample="252" generation="252000" 
bestEnergy="0.0" averageEnergy="-4.9878" worstEnergy="-2.0" bestConformation="Conformation 5.0 -5.0 Frllflrfrfrffflfrffrllfrllrfrrllrrlrrflfllrfrflfrfrflfrrflflfrlffrflflrllfrfflrlfrffrfrlflrflrllfrf"/>
	<trajectory sample="253" generation="253000" 
bestEnergy="0.0" averageEnergy="-4.9878" worstEnergy="-2.0" bestConformation="Conformation 5.0 -5.0 Frllflrfrfrffflfrffrllfrllrfrrllrrlrrflfllrfrflfrfrflfrrflflfrlffrflflrllfrfflrlfrffrfrlflrflrllfrf"/>
	<trajectory sample="254" generation="254000" 
bestEnergy="0.0" averageEnergy="-4.9878" worstEnergy="-2.0" bestConformation="Conformation 5.0 -5.0 Frllflrfrfrffflfrffrllfrllrfrrllrrlrrflfllrfrflfrfrflfrrflflfrlffrflflrllfrfflrlfrffrfrlflrflrllfrf"/>
	<trajectory sample="255" generation="255000" 
bestEnergy="0.0" averageEnergy="-4.9878" worstEnergy="-2.0" bestConformation="Conformation 5.0 -5.0 Frllflrfrfrffflfrffrllfrllrfrrllrrlrrflfllrfrflfrfrflfrrflflfrlffrflflrllfrfflrlfrffrfrlflrflrllfrf"/>
	<trajectory sample="256" generation="256000" 
bestEnergy="0.0" averageEnergy="-4.9878" worstEnergy="-2.0" bestConformation="Conformation 5.0 -5.0 Frllflrfrfrffflfrffrllfrllrfrrllrrlrrflfllrfrflfrfrflfrrflflfrlffrflflrllfrfflrlfrffrfrlflrflrllfrf"/>
	<trajectory sample="257" generation="257000" 
bestEnergy="0.0" averageEnergy="-4.9878" worstEnergy="-2.0" bestConformation="Conformation 5.0 -5.0 Frllflrfrfrffflfrffrllfrllrfrrllrrlrrflfllrfrflfrfrflfrrflflfrlffrflflrllfrfflrlfrffrfrlflrflrllfrf"/>
	<trajectory sample="258" generation="258000" 
bestEnergy="0.0" averageEnergy="-4.9878" worstEnergy="-2.0" bestConformation="Conformation 5.0 -5.0 Frllflrfrfrffflfrffrllfrllrfrrllrrlrrflfllrfrflfrfrflfrrflflfrlffrflflrllfrfflrlfrffrfrlflrflrllfrf"/>
	<trajectory sample="259" generation="259000" 
bestEnergy="0.0" averageEnergy="-4.9878" worstEnergy="-2.0" bestConformation="Conformation 5.0 -5.0 Frllflrfrfrffflfrffrllfrllrfrrllrrlrrflfllrfrflfrfrflfrrflflfrlffrflflrllfrfflrlfrffrfrlflrflrllfrf"/>
	<trajectory sample="260" generation="260000" 
bestEnergy="0.0" averageEnergy="-4.9878" worstEnergy="-2.0" bestConformation="Conformation 5.0 -5.0 Frllflrfrfrffflfrffrllfrllrfrrllrrlrrflfllrfrflfrfrflfrrflflfrlffrflflrllfrfflrlfrffrfrlflrflrllfrf"/>
	<trajectory sample="261" generation="261000" 
bestEnergy="0.0" averageEnergy="-4.9878" worstEnergy="-2.0" bestConformation="Conformation 5.0 -5.0 Frllflrfrfrffflfrffrllfrllrfrrllrrlrrflfllrfrflfrfrflfrrflflfrlffrflflrllfrfflrlfrffrfrlflrflrllfrf"/>
	<trajectory sample="262" generation="262000" 
bestEnergy="0.0" averageEnergy="-4.9878" worstEnergy="-2.0" bestConformation="Conformation 5.0 -5.0 Frllflrfrfrffflfrffrllfrllrfrrllrrlrrflfllrfrflfrfrflfrrflflfrlffrflflrllfrfflrlfrffrfrlflrflrllfrf"/>
	<trajectory sample="263" generation="263000" 
bestEnergy="0.0" averageEnergy="-4.9878" worstEnergy="-2.0" bestConformation="Conformation 5.0 -5.0 Frllflrfrfrffflfrffrllfrllrfrrllrrlrrflfllrfrflfrfrflfrrflflfrlffrflflrllfrfflrlfrffrfrlflrflrllfrf"/>
	<trajectory sample="264" generation="264000" 
bestEnergy="0.0" averageEnergy="-4.9878" worstEnergy="-2.0" bestConformation="Conformation 5.0 -5.0 Frllflrfrfrffflfrffrllfrllrfrrllrrlrrflfllrfrflfrfrflfrrflflfrlffrflflrllfrfflrlfrffrfrlflrflrllfrf"/>
	<trajectory sample="265" generation="265000" 
bestEnergy="0.0" averageEnergy="-4.9878" worstEnergy="-2.0" bestConformation="Conformation 5.0 -5.0 Frllflrfrfrffflfrffrllfrllrfrrllrrlrrflfllrfrflfrfrflfrrflflfrlffrflflrllfrfflrlfrffrfrlflrflrllfrf"/>
	<trajectory sample="266" generation="266000" 
bestEnergy="0.0" averageEnergy="-4.9878" worstEnergy="-2.0" bestConformation="Conformation 5.0 -5.0 Frllflrfrfrffflfrffrllfrllrfrrllrrlrrflfllrfrflfrfrflfrrflflfrlffrflflrllfrfflrlfrffrfrlflrflrllfrf"/>
	<trajectory sample="267" generation="267000" 
bestEnergy="0.0" averageEnergy="-4.9878" worstEnergy="-2.0" bestConformation="Conformation 5.0 -5.0 Frllflrfrfrffflfrffrllfrllrfrrllrrlrrflfllrfrflfrfrflfrrflflfrlffrflflrllfrfflrlfrffrfrlflrflrllfrf"/>
	<trajectory sample="268" generation="268000" 
bestEnergy="0.0" averageEnergy="-4.9878" worstEnergy="-2.0" bestConformation="Conformation 5.0 -5.0 Frllflrfrfrffflfrffrllfrllrfrrllrrlrrflfllrfrflfrfrflfrrflflfrlffrflflrllfrfflrlfrffrfrlflrflrllfrf"/>
	<trajectory sample="269" generation="269000" 
bestEnergy="0.0" averageEnergy="-4.9878" worstEnergy="-2.0" bestConformation="Conformation 5.0 -5.0 Frllflrfrfrffflfrffrllfrllrfrrllrrlrrflfllrfrflfrfrflfrrflflfrlffrflflrllfrfflrlfrffrfrlflrflrllfrf"/>
	<trajectory sample="270" generation="270000" 
bestEnergy="0.0" averageEnergy="-4.9878" worstEnergy="-2.0" bestConformation="Conformation 5.0 -5.0 Frllflrfrfrffflfrffrllfrllrfrrllrrlrrflfllrfrflfrfrflfrrflflfrlffrflflrllfrfflrlfrffrfrlflrflrllfrf"/>
	<trajectory sample="271" generation="271000" 
bestEnergy="0.0" averageEnergy="-4.9878" worstEnergy="-2.0" bestConformation="Conformation 5.0 -5.0 Frllflrfrfrffflfrffrllfrllrfrrllrrlrrflfllrfrflfrfrflfrrflflfrlffrflflrllfrfflrlfrffrfrlflrflrllfrf"/>
	<trajectory sample="272" generation="272000" 
bestEnergy="0.0" averageEnergy="-4.9878" worstEnergy="-2.0" bestConformation="Conformation 5.0 -5.0 Frllflrfrfrffflfrffrllfrllrfrrllrrlrrflfllrfrflfrfrflfrrflflfrlffrflflrllfrfflrlfrffrfrlflrflrllfrf"/>
	<trajectory sample="273" generation="273000" 
bestEnergy="0.0" averageEnergy="-4.9878" worstEnergy="-2.0" bestConformation="Conformation 5.0 -5.0 Frllflrfrfrffflfrffrllfrllrfrrllrrlrrflfllrfrflfrfrflfrrflflfrlffrflflrllfrfflrlfrffrfrlflrflrllfrf"/>
	<trajectory sample="274" generation="274000" 
bestEnergy="0.0" averageEnergy="-4.9878" worstEnergy="-2.0" bestConformation="Conformation 5.0 -5.0 Frllflrfrfrffflfrffrllfrllrfrrllrrlrrflfllrfrflfrfrflfrrflflfrlffrflflrllfrfflrlfrffrfrlflrflrllfrf"/>
	<trajectory sample="275" generation="275000" 
bestEnergy="0.0" averageEnergy="-4.9878" worstEnergy="-2.0" bestConformation="Conformation 5.0 -5.0 Frllflrfrfrffflfrffrllfrllrfrrllrrlrrflfllrfrflfrfrflfrrflflfrlffrflflrllfrfflrlfrffrfrlflrflrllfrf"/>
	<trajectory sample="276" generation="276000" 
bestEnergy="0.0" averageEnergy="-4.9878" worstEnergy="-2.0" bestConformation="Conformation 5.0 -5.0 Frllflrfrfrffflfrffrllfrllrfrrllrrlrrflfllrfrflfrfrflfrrflflfrlffrflflrllfrfflrlfrffrfrlflrflrllfrf"/>
	<trajectory sample="277" generation="277000" 
bestEnergy="0.0" averageEnergy="-4.9878" worstEnergy="-2.0" bestConformation="Conformation 5.0 -5.0 Frllflrfrfrffflfrffrllfrllrfrrllrrlrrflfllrfrflfrfrflfrrflflfrlffrflflrllfrfflrlfrffrfrlflrflrllfrf"/>
	<trajectory sample="278" generation="278000" 
bestEnergy="0.0" averageEnergy="-4.9878" worstEnergy="-2.0" bestConformation="Conformation 5.0 -5.0 Frllflrfrfrffflfrffrllfrllrfrrllrrlrrflfllrfrflfrfrflfrrflflfrlffrflflrllfrfflrlfrffrfrlflrflrllfrf"/>
	<trajectory sample="279" generation="279000" 
bestEnergy="0.0" averageEnergy="-4.9878" worstEnergy="-2.0" bestConformation="Conformation 5.0 -5.0 Frllflrfrfrffflfrffrllfrllrfrrllrrlrrflfllrfrflfrfrflfrrflflfrlffrflflrllfrfflrlfrffrfrlflrflrllfrf"/>
	<trajectory sample="280" generation="280000" 
bestEnergy="0.0" averageEnergy="-4.9878" worstEnergy="-2.0" bestConformation="Conformation 5.0 -5.0 Frllflrfrfrffflfrffrllfrllrfrrllrrlrrflfllrfrflfrfrflfrrflflfrlffrflflrllfrfflrlfrffrfrlflrflrllfrf"/>
	<trajectory sample="281" generation="281000" 
bestEnergy="0.0" averageEnergy="-4.9878" worstEnergy="-2.0" bestConformation="Conformation 5.0 -5.0 Frllflrfrfrffflfrffrllfrllrfrrllrrlrrflfllrfrflfrfrflfrrflflfrlffrflflrllfrfflrlfrffrfrlflrflrllfrf"/>
	<trajectory sample="282" generation="282000" 
bestEnergy="0.0" averageEnergy="-4.9878" worstEnergy="-2.0" bestConformation="Conformation 5.0 -5.0 Frllflrfrfrffflfrffrllfrllrfrrllrrlrrflfllrfrflfrfrflfrrflflfrlffrflflrllfrfflrlfrffrfrlflrflrllfrf"/>
	<trajectory sample="283" generation="283000" 
bestEnergy="0.0" averageEnergy="-4.9878" worstEnergy="-2.0" bestConformation="Conformation 5.0 -5.0 Frllflrfrfrffflfrffrllfrllrfrrllrrlrrflfllrfrflfrfrflfrrflflfrlffrflflrllfrfflrlfrffrfrlflrflrllfrf"/>
	<trajectory sample="284" generation="284000" 
bestEnergy="0.0" averageEnergy="-4.9878" worstEnergy="-2.0" bestConformation="Conformation 5.0 -5.0 Frllflrfrfrffflfrffrllfrllrfrrllrrlrrflfllrfrflfrfrflfrrflflfrlffrflflrllfrfflrlfrffrfrlflrflrllfrf"/>
	<trajectory sample="285" generation="285000" 
bestEnergy="0.0" averageEnergy="-4.9878" worstEnergy="-2.0" bestConformation="Conformation 5.0 -5.0 Frllflrfrfrffflfrffrllfrllrfrrllrrlrrflfllrfrflfrfrflfrrflflfrlffrflflrllfrfflrlfrffrfrlflrflrllfrf"/>
	<trajectory sample="286" generation="286000" 
bestEnergy="0.0" averageEnergy="-4.9878" worstEnergy="-2.0" bestConformation="Conformation 5.0 -5.0 Frllflrfrfrffflfrffrllfrllrfrrllrrlrrflfllrfrflfrfrflfrrflflfrlffrflflrllfrfflrlfrffrfrlflrflrllfrf"/>
	<trajectory sample="287" generation="287000" 
bestEnergy="0.0" averageEnergy="-4.9878" worstEnergy="-2.0" bestConformation="Conformation 5.0 -5.0 Frllflrfrfrffflfrffrllfrllrfrrllrrlrrflfllrfrflfrfrflfrrflflfrlffrflflrllfrfflrlfrffrfrlflrflrllfrf"/>
	<trajectory sample="288" generation="288000" 
bestEnergy="0.0" averageEnergy="-4.9878" worstEnergy="-2.0" bestConformation="Conformation 5.0 -5.0 Frllflrfrfrffflfrffrllfrllrfrrllrrlrrflfllrfrflfrfrflfrrflflfrlffrflflrllfrfflrlfrffrfrlflrflrllfrf"/>
	<trajectory sample="289" generation="289000" 
bestEnergy="0.0" averageEnergy="-4.9878" worstEnergy="-2.0" bestConformation="Conformation 5.0 -5.0 Frllflrfrfrffflfrffrllfrllrfrrllrrlrrflfllrfrflfrfrflfrrflflfrlffrflflrllfrfflrlfrffrfrlflrflrllfrf"/>
	<trajectory sample="290" generation="290000" 
bestEnergy="0.0" averageEnergy="-4.9878" worstEnergy="-2.0" bestConformation="Conformation 5.0 -5.0 Frllflrfrfrffflfrffrllfrllrfrrllrrlrrflfllrfrflfrfrflfrrflflfrlffrflflrllfrfflrlfrffrfrlflrflrllfrf"/>
	<trajectory sample="291" generation="291000" 
bestEnergy="0.0" averageEnergy="-4.9878" worstEnergy="-2.0" bestConformation="Conformation 5.0 -5.0 Frllflrfrfrffflfrffrllfrllrfrrllrrlrrflfllrfrflfrfrflfrrflflfrlffrflflrllfrfflrlfrffrfrlflrflrllfrf"/>
	<trajectory sample="292" generation="292000" 
bestEnergy="0.0" averageEnergy="-4.9878" worstEnergy="-2.0" bestConformation="Conformation 5.0 -5.0 Frllflrfrfrffflfrffrllfrllrfrrllrrlrrflfllrfrflfrfrflfrrflflfrlffrflflrllfrfflrlfrffrfrlflrflrllfrf"/>
	<trajectory sample="293" generation="293000" 
bestEnergy="0.0" averageEnergy="-4.9878" worstEnergy="-2.0" bestConformation="Conformation 5.0 -5.0 Frllflrfrfrffflfrffrllfrllrfrrllrrlrrflfllrfrflfrfrflfrrflflfrlffrflflrllfrfflrlfrffrfrlflrflrllfrf"/>
	<trajectory sample="294" generation="294000" 
bestEnergy="0.0" averageEnergy="-4.9878" worstEnergy="-2.0" bestConformation="Conformation 5.0 -5.0 Frllflrfrfrffflfrffrllfrllrfrrllrrlrrflfllrfrflfrfrflfrrflflfrlffrflflrllfrfflrlfrffrfrlflrflrllfrf"/>
	<trajectory sample="295" generation="295000" 
bestEnergy="0.0" averageEnergy="-4.9878" worstEnergy="-2.0" bestConformation="Conformation 5.0 -5.0 Frllflrfrfrffflfrffrllfrllrfrrllrrlrrflfllrfrflfrfrflfrrflflfrlffrflflrllfrfflrlfrffrfrlflrflrllfrf"/>
	<trajectory sample="296" generation="296000" 
bestEnergy="0.0" averageEnergy="-4.9878" worstEnergy="-2.0" bestConformation="Conformation 5.0 -5.0 Frllflrfrfrffflfrffrllfrllrfrrllrrlrrflfllrfrflfrfrflfrrflflfrlffrflflrllfrfflrlfrffrfrlflrflrllfrf"/>
	<trajectory sample="297" generation="297000" 
bestEnergy="0.0" averageEnergy="-4.9878" worstEnergy="-2.0" bestConformation="Conformation 5.0 -5.0 Frllflrfrfrffflfrffrllfrllrfrrllrrlrrflfllrfrflfrfrflfrrflflfrlffrflflrllfrfflrlfrffrfrlflrflrllfrf"/>
	<trajectory sample="298" generation="298000" 
bestEnergy="0.0" averageEnergy="-4.9878" worstEnergy="-2.0" bestConformation="Conformation 5.0 -5.0 Frllflrfrfrffflfrffrllfrllrfrrllrrlrrflfllrfrflfrfrflfrrflflfrlffrflflrllfrfflrlfrffrfrlflrflrllfrf"/>
	<trajectory sample="299" generation="299000" 
bestEnergy="0.0" averageEnergy="-4.9878" worstEnergy="-2.0" bestConformation="Conformation 5.0 -5.0 Frllflrfrfrffflfrffrllfrllrfrrllrrlrrflfllrfrflfrfrflfrrflflfrlffrflflrllfrfflrlfrffrfrlflrflrllfrf"/>
	<trajectory sample="300" generation="300000" 
bestEnergy="0.0" averageEnergy="-4.9878" worstEnergy="-2.0" bestConformation="Conformation 5.0 -5.0 Frllflrfrfrffflfrffrllfrllrfrrllrrlrrflfllrfrflfrfrflfrrflflfrlffrflflrllfrfflrlfrffrfrlflrflrllfrf"/>
	<trajectory sample="301" generation="301000" 
bestEnergy="0.0" averageEnergy="-4.9878" worstEnergy="-2.0" bestConformation="Conformation 5.0 -5.0 Frllflrfrfrffflfrffrllfrllrfrrllrrlrrflfllrfrflfrfrflfrrflflfrlffrflflrllfrfflrlfrffrfrlflrflrllfrf"/>
	<trajectory sample="302" generation="302000" 
bestEnergy="0.0" averageEnergy="-4.9878" worstEnergy="-2.0" bestConformation="Conformation 5.0 -5.0 Frllflrfrfrffflfrffrllfrllrfrrllrrlrrflfllrfrflfrfrflfrrflflfrlffrflflrllfrfflrlfrffrfrlflrflrllfrf"/>
	<trajectory sample="303" generation="303000" 
bestEnergy="0.0" averageEnergy="-4.9878" worstEnergy="-2.0" bestConformation="Conformation 5.0 -5.0 Frllflrfrfrffflfrffrllfrllrfrrllrrlrrflfllrfrflfrfrflfrrflflfrlffrflflrllfrfflrlfrffrfrlflrflrllfrf"/>
	<trajectory sample="304" generation="304000" 
bestEnergy="0.0" averageEnergy="-4.9878" worstEnergy="-2.0" bestConformation="Conformation 5.0 -5.0 Frllflrfrfrffflfrffrllfrllrfrrllrrlrrflfllrfrflfrfrflfrrflflfrlffrflflrllfrfflrlfrffrfrlflrflrllfrf"/>
	<trajectory sample="305" generation="305000" 
bestEnergy="0.0" averageEnergy="-4.9878" worstEnergy="-2.0" bestConformation="Conformation 5.0 -5.0 Frllflrfrfrffflfrffrllfrllrfrrllrrlrrflfllrfrflfrfrflfrrflflfrlffrflflrllfrfflrlfrffrfrlflrflrllfrf"/>
	<trajectory sample="306" generation="306000" 
bestEnergy="0.0" averageEnergy="-4.9878" worstEnergy="-2.0" bestConformation="Conformation 5.0 -5.0 Frllflrfrfrffflfrffrllfrllrfrrllrrlrrflfllrfrflfrfrflfrrflflfrlffrflflrllfrfflrlfrffrfrlflrflrllfrf"/>
	<trajectory sample="307" generation="307000" 
bestEnergy="0.0" averageEnergy="-4.9878" worstEnergy="-2.0" bestConformation="Conformation 5.0 -5.0 Frllflrfrfrffflfrffrllfrllrfrrllrrlrrflfllrfrflfrfrflfrrflflfrlffrflflrllfrfflrlfrffrfrlflrflrllfrf"/>
	<trajectory sample="308" generation="308000" 
bestEnergy="0.0" averageEnergy="-4.9878" worstEnergy="-2.0" bestConformation="Conformation 5.0 -5.0 Frllflrfrfrffflfrffrllfrllrfrrllrrlrrflfllrfrflfrfrflfrrflflfrlffrflflrllfrfflrlfrffrfrlflrflrllfrf"/>
	<trajectory sample="309" generation="309000" 
bestEnergy="0.0" averageEnergy="-4.9878" worstEnergy="-2.0" bestConformation="Conformation 5.0 -5.0 Frllflrfrfrffflfrffrllfrllrfrrllrrlrrflfllrfrflfrfrflfrrflflfrlffrflflrllfrfflrlfrffrfrlflrflrllfrf"/>
	<trajectory sample="310" generation="310000" 
bestEnergy="0.0" averageEnergy="-4.9878" worstEnergy="-2.0" bestConformation="Conformation 5.0 -5.0 Frllflrfrfrffflfrffrllfrllrfrrllrrlrrflfllrfrflfrfrflfrrflflfrlffrflflrllfrfflrlfrffrfrlflrflrllfrf"/>
	<trajectory sample="311" generation="311000" 
bestEnergy="0.0" averageEnergy="-4.9878" worstEnergy="-2.0" bestConformation="Conformation 5.0 -5.0 Frllflrfrfrffflfrffrllfrllrfrrllrrlrrflfllrfrflfrfrflfrrflflfrlffrflflrllfrfflrlfrffrfrlflrflrllfrf"/>
	<trajectory sample="312" generation="312000" 
bestEnergy="0.0" averageEnergy="-4.9878" worstEnergy="-2.0" bestConformation="Conformation 5.0 -5.0 Frllflrfrfrffflfrffrllfrllrfrrllrrlrrflfllrfrflfrfrflfrrflflfrlffrflflrllfrfflrlfrffrfrlflrflrllfrf"/>
	<trajectory sample="313" generation="313000" 
bestEnergy="0.0" averageEnergy="-4.9878" worstEnergy="-2.0" bestConformation="Conformation 5.0 -5.0 Frllflrfrfrffflfrffrllfrllrfrrllrrlrrflfllrfrflfrfrflfrrflflfrlffrflflrllfrfflrlfrffrfrlflrflrllfrf"/>
	<trajectory sample="314" generation="314000" 
bestEnergy="0.0" averageEnergy="-4.9878" worstEnergy="-2.0" bestConformation="Conformation 5.0 -5.0 Frllflrfrfrffflfrffrllfrllrfrrllrrlrrflfllrfrflfrfrflfrrflflfrlffrflflrllfrfflrlfrffrfrlflrflrllfrf"/>
	<trajectory sample="315" generation="315000" 
bestEnergy="0.0" averageEnergy="-4.9878" worstEnergy="-2.0" bestConformation="Conformation 5.0 -5.0 Frllflrfrfrffflfrffrllfrllrfrrllrrlrrflfllrfrflfrfrflfrrflflfrlffrflflrllfrfflrlfrffrfrlflrflrllfrf"/>
	<trajectory sample="316" generation="316000" 
bestEnergy="0.0" averageEnergy="-4.9878" worstEnergy="-2.0" bestConformation="Conformation 5.0 -5.0 Frllflrfrfrffflfrffrllfrllrfrrllrrlrrflfllrfrflfrfrflfrrflflfrlffrflflrllfrfflrlfrffrfrlflrflrllfrf"/>
	<trajectory sample="317" generation="317000" 
bestEnergy="0.0" averageEnergy="-4.9878" worstEnergy="-2.0" bestConformation="Conformation 5.0 -5.0 Frllflrfrfrffflfrffrllfrllrfrrllrrlrrflfllrfrflfrfrflfrrflflfrlffrflflrllfrfflrlfrffrfrlflrflrllfrf"/>
	<trajectory sample="318" generation="318000" 
bestEnergy="0.0" averageEnergy="-4.9878" worstEnergy="-2.0" bestConformation="Conformation 5.0 -5.0 Frllflrfrfrffflfrffrllfrllrfrrllrrlrrflfllrfrflfrfrflfrrflflfrlffrflflrllfrfflrlfrffrfrlflrflrllfrf"/>
	<trajectory sample="319" generation="319000" 
bestEnergy="0.0" averageEnergy="-4.9878" worstEnergy="-2.0" bestConformation="Conformation 5.0 -5.0 Frllflrfrfrffflfrffrllfrllrfrrllrrlrrflfllrfrflfrfrflfrrflflfrlffrflflrllfrfflrlfrffrfrlflrflrllfrf"/>
	<trajectory sample="320" generation="320000" 
bestEnergy="0.0" averageEnergy="-4.9878" worstEnergy="-2.0" bestConformation="Conformation 5.0 -5.0 Frllflrfrfrffflfrffrllfrllrfrrllrrlrrflfllrfrflfrfrflfrrflflfrlffrflflrllfrfflrlfrffrfrlflrflrllfrf"/>
	<trajectory sample="321" generation="321000" 
bestEnergy="0.0" averageEnergy="-4.9878" worstEnergy="-2.0" bestConformation="Conformation 5.0 -5.0 Frllflrfrfrffflfrffrllfrllrfrrllrrlrrflfllrfrflfrfrflfrrflflfrlffrflflrllfrfflrlfrffrfrlflrflrllfrf"/>
	<trajectory sample="322" generation="322000" 
bestEnergy="0.0" averageEnergy="-4.9878" worstEnergy="-2.0" bestConformation="Conformation 5.0 -5.0 Frllflrfrfrffflfrffrllfrllrfrrllrrlrrflfllrfrflfrfrflfrrflflfrlffrflflrllfrfflrlfrffrfrlflrflrllfrf"/>
	<trajectory sample="323" generation="323000" 
bestEnergy="0.0" averageEnergy="-4.9878" worstEnergy="-2.0" bestConformation="Conformation 5.0 -5.0 Frllflrfrfrffflfrffrllfrllrfrrllrrlrrflfllrfrflfrfrflfrrflflfrlffrflflrllfrfflrlfrffrfrlflrflrllfrf"/>
	<trajectory sample="324" generation="324000" 
bestEnergy="0.0" averageEnergy="-4.9878" worstEnergy="-2.0" bestConformation="Conformation 5.0 -5.0 Frllflrfrfrffflfrffrllfrllrfrrllrrlrrflfllrfrflfrfrflfrrflflfrlffrflflrllfrfflrlfrffrfrlflrflrllfrf"/>
	<trajectory sample="325" generation="325000" 
bestEnergy="0.0" averageEnergy="-4.9878" worstEnergy="-2.0" bestConformation="Conformation 5.0 -5.0 Frllflrfrfrffflfrffrllfrllrfrrllrrlrrflfllrfrflfrfrflfrrflflfrlffrflflrllfrfflrlfrffrfrlflrflrllfrf"/>
	<trajectory sample="326" generation="326000" 
bestEnergy="0.0" averageEnergy="-4.9878" worstEnergy="-2.0" bestConformation="Conformation 5.0 -5.0 Frllflrfrfrffflfrffrllfrllrfrrllrrlrrflfllrfrflfrfrflfrrflflfrlffrflflrllfrfflrlfrffrfrlflrflrllfrf"/>
	<trajectory sample="327" generation="327000" 
bestEnergy="0.0" averageEnergy="-4.9878" worstEnergy="-2.0" bestConformation="Conformation 5.0 -5.0 Frllflrfrfrffflfrffrllfrllrfrrllrrlrrflfllrfrflfrfrflfrrflflfrlffrflflrllfrfflrlfrffrfrlflrflrllfrf"/>
	<trajectory sample="328" generation="328000" 
bestEnergy="0.0" averageEnergy="-4.9878" worstEnergy="-2.0" bestConformation="Conformation 5.0 -5.0 Frllflrfrfrffflfrffrllfrllrfrrllrrlrrflfllrfrflfrfrflfrrflflfrlffrflflrllfrfflrlfrffrfrlflrflrllfrf"/>
	<trajectory sample="329" generation="329000" 
bestEnergy="0.0" averageEnergy="-4.9878" worstEnergy="-2.0" bestConformation="Conformation 5.0 -5.0 Frllflrfrfrffflfrffrllfrllrfrrllrrlrrflfllrfrflfrfrflfrrflflfrlffrflflrllfrfflrlfrffrfrlflrflrllfrf"/>
	<trajectory sample="330" generation="330000" 
bestEnergy="0.0" averageEnergy="-4.9878" worstEnergy="-2.0" bestConformation="Conformation 5.0 -5.0 Frllflrfrfrffflfrffrllfrllrfrrllrrlrrflfllrfrflfrfrflfrrflflfrlffrflflrllfrfflrlfrffrfrlflrflrllfrf"/>
	<trajectory sample="331" generation="331000" 
bestEnergy="0.0" averageEnergy="-4.9878" worstEnergy="-2.0" bestConformation="Conformation 5.0 -5.0 Frllflrfrfrffflfrffrllfrllrfrrllrrlrrflfllrfrflfrfrflfrrflflfrlffrflflrllfrfflrlfrffrfrlflrflrllfrf"/>
	<trajectory sample="332" generation="332000" 
bestEnergy="0.0" averageEnergy="-4.9878" worstEnergy="-2.0" bestConformation="Conformation 5.0 -5.0 Frllflrfrfrffflfrffrllfrllrfrrllrrlrrflfllrfrflfrfrflfrrflflfrlffrflflrllfrfflrlfrffrfrlflrflrllfrf"/>
	<trajectory sample="333" generation="333000" 
bestEnergy="0.0" averageEnergy="-4.9878" worstEnergy="-2.0" bestConformation="Conformation 5.0 -5.0 Frllflrfrfrffflfrffrllfrllrfrrllrrlrrflfllrfrflfrfrflfrrflflfrlffrflflrllfrfflrlfrffrfrlflrflrllfrf"/>
	<trajectory sample="334" generation="334000" 
bestEnergy="0.0" averageEnergy="-4.9878" worstEnergy="-2.0" bestConformation="Conformation 5.0 -5.0 Frllflrfrfrffflfrffrllfrllrfrrllrrlrrflfllrfrflfrfrflfrrflflfrlffrflflrllfrfflrlfrffrfrlflrflrllfrf"/>
	<trajectory sample="335" generation="335000" 
bestEnergy="0.0" averageEnergy="-4.9878" worstEnergy="-2.0" bestConformation="Conformation 5.0 -5.0 Frllflrfrfrffflfrffrllfrllrfrrllrrlrrflfllrfrflfrfrflfrrflflfrlffrflflrllfrfflrlfrffrfrlflrflrllfrf"/>
	<trajectory sample="336" generation="336000" 
bestEnergy="0.0" averageEnergy="-4.9878" worstEnergy="-2.0" bestConformation="Conformation 5.0 -5.0 Frllflrfrfrffflfrffrllfrllrfrrllrrlrrflfllrfrflfrfrflfrrflflfrlffrflflrllfrfflrlfrffrfrlflrflrllfrf"/>
	<trajectory sample="337" generation="337000" 
bestEnergy="0.0" averageEnergy="-4.9878" worstEnergy="-2.0" bestConformation="Conformation 5.0 -5.0 Frllflrfrfrffflfrffrllfrllrfrrllrrlrrflfllrfrflfrfrflfrrflflfrlffrflflrllfrfflrlfrffrfrlflrflrllfrf"/>
	<trajectory sample="338" generation="338000" 
bestEnergy="0.0" averageEnergy="-4.9878" worstEnergy="-2.0" bestConformation="Conformation 5.0 -5.0 Frllflrfrfrffflfrffrllfrllrfrrllrrlrrflfllrfrflfrfrflfrrflflfrlffrflflrllfrfflrlfrffrfrlflrflrllfrf"/>
	<trajectory sample="339" generation="339000" 
bestEnergy="0.0" averageEnergy="-4.9878" worstEnergy="-2.0" bestConformation="Conformation 5.0 -5.0 Frllflrfrfrffflfrffrllfrllrfrrllrrlrrflfllrfrflfrfrflfrrflflfrlffrflflrllfrfflrlfrffrfrlflrflrllfrf"/>
	<trajectory sample="340" generation="340000" 
bestEnergy="0.0" averageEnergy="-4.9878" worstEnergy="-2.0" bestConformation="Conformation 5.0 -5.0 Frllflrfrfrffflfrffrllfrllrfrrllrrlrrflfllrfrflfrfrflfrrflflfrlffrflflrllfrfflrlfrffrfrlflrflrllfrf"/>
	<trajectory sample="341" generation="341000" 
bestEnergy="0.0" averageEnergy="-4.9878" worstEnergy="-2.0" bestConformation="Conformation 5.0 -5.0 Frllflrfrfrffflfrffrllfrllrfrrllrrlrrflfllrfrflfrfrflfrrflflfrlffrflflrllfrfflrlfrffrfrlflrflrllfrf"/>
	<trajectory sample="342" generation="342000" 
bestEnergy="0.0" averageEnergy="-4.9878" worstEnergy="-2.0" bestConformation="Conformation 5.0 -5.0 Frllflrfrfrffflfrffrllfrllrfrrllrrlrrflfllrfrflfrfrflfrrflflfrlffrflflrllfrfflrlfrffrfrlflrflrllfrf"/>
	<trajectory sample="343" generation="343000" 
bestEnergy="0.0" averageEnergy="-4.9878" worstEnergy="-2.0" bestConformation="Conformation 5.0 -5.0 Frllflrfrfrffflfrffrllfrllrfrrllrrlrrflfllrfrflfrfrflfrrflflfrlffrflflrllfrfflrlfrffrfrlflrflrllfrf"/>
	<trajectory sample="344" generation="344000" 
bestEnergy="0.0" averageEnergy="-4.9878" worstEnergy="-2.0" bestConformation="Conformation 5.0 -5.0 Frllflrfrfrffflfrffrllfrllrfrrllrrlrrflfllrfrflfrfrflfrrflflfrlffrflflrllfrfflrlfrffrfrlflrflrllfrf"/>
	<trajectory sample="345" generation="345000" 
bestEnergy="0.0" averageEnergy="-4.9878" worstEnergy="-2.0" bestConformation="Conformation 5.0 -5.0 Frllflrfrfrffflfrffrllfrllrfrrllrrlrrflfllrfrflfrfrflfrrflflfrlffrflflrllfrfflrlfrffrfrlflrflrllfrf"/>
	<trajectory sample="346" generation="346000" 
bestEnergy="0.0" averageEnergy="-4.9878" worstEnergy="-2.0" bestConformation="Conformation 5.0 -5.0 Frllflrfrfrffflfrffrllfrllrfrrllrrlrrflfllrfrflfrfrflfrrflflfrlffrflflrllfrfflrlfrffrfrlflrflrllfrf"/>
	<trajectory sample="347" generation="347000" 
bestEnergy="0.0" averageEnergy="-4.9878" worstEnergy="-2.0" bestConformation="Conformation 5.0 -5.0 Frllflrfrfrffflfrffrllfrllrfrrllrrlrrflfllrfrflfrfrflfrrflflfrlffrflflrllfrfflrlfrffrfrlflrflrllfrf"/>
	<trajectory sample="348" generation="348000" 
bestEnergy="0.0" averageEnergy="-4.9878" worstEnergy="-2.0" bestConformation="Conformation 5.0 -5.0 Frllflrfrfrffflfrffrllfrllrfrrllrrlrrflfllrfrflfrfrflfrrflflfrlffrflflrllfrfflrlfrffrfrlflrflrllfrf"/>
	<trajectory sample="349" generation="349000" 
bestEnergy="0.0" averageEnergy="-4.9878" worstEnergy="-2.0" bestConformation="Conformation 5.0 -5.0 Frllflrfrfrffflfrffrllfrllrfrrllrrlrrflfllrfrflfrfrflfrrflflfrlffrflflrllfrfflrlfrffrfrlflrflrllfrf"/>
	<trajectory sample="350" generation="350000" 
bestEnergy="0.0" averageEnergy="-4.9878" worstEnergy="-2.0" bestConformation="Conformation 5.0 -5.0 Frllflrfrfrffflfrffrllfrllrfrrllrrlrrflfllrfrflfrfrflfrrflflfrlffrflflrllfrfflrlfrffrfrlflrflrllfrf"/>
	<trajectory sample="351" generation="351000" 
bestEnergy="0.0" averageEnergy="-4.9878" worstEnergy="-2.0" bestConformation="Conformation 5.0 -5.0 Frllflrfrfrffflfrffrllfrllrfrrllrrlrrflfllrfrflfrfrflfrrflflfrlffrflflrllfrfflrlfrffrfrlflrflrllfrf"/>
	<trajectory sample="352" generation="352000" 
bestEnergy="0.0" averageEnergy="-4.9878" worstEnergy="-2.0" bestConformation="Conformation 5.0 -5.0 Frllflrfrfrffflfrffrllfrllrfrrllrrlrrflfllrfrflfrfrflfrrflflfrlffrflflrllfrfflrlfrffrfrlflrflrllfrf"/>
	<trajectory sample="353" generation="353000" 
bestEnergy="0.0" averageEnergy="-4.9878" worstEnergy="-2.0" bestConformation="Conformation 5.0 -5.0 Frllflrfrfrffflfrffrllfrllrfrrllrrlrrflfllrfrflfrfrflfrrflflfrlffrflflrllfrfflrlfrffrfrlflrflrllfrf"/>
	<trajectory sample="354" generation="354000" 
bestEnergy="0.0" averageEnergy="-4.9878" worstEnergy="-2.0" bestConformation="Conformation 5.0 -5.0 Frllflrfrfrffflfrffrllfrllrfrrllrrlrrflfllrfrflfrfrflfrrflflfrlffrflflrllfrfflrlfrffrfrlflrflrllfrf"/>
	<trajectory sample="355" generation="355000" 
bestEnergy="0.0" averageEnergy="-4.9878" worstEnergy="-2.0" bestConformation="Conformation 5.0 -5.0 Frllflrfrfrffflfrffrllfrllrfrrllrrlrrflfllrfrflfrfrflfrrflflfrlffrflflrllfrfflrlfrffrfrlflrflrllfrf"/>
	<trajectory sample="356" generation="356000" 
bestEnergy="0.0" averageEnergy="-4.9878" worstEnergy="-2.0" bestConformation="Conformation 5.0 -5.0 Frllflrfrfrffflfrffrllfrllrfrrllrrlrrflfllrfrflfrfrflfrrflflfrlffrflflrllfrfflrlfrffrfrlflrflrllfrf"/>
	<trajectory sample="357" generation="357000" 
bestEnergy="0.0" averageEnergy="-4.9878" worstEnergy="-2.0" bestConformation="Conformation 5.0 -5.0 Frllflrfrfrffflfrffrllfrllrfrrllrrlrrflfllrfrflfrfrflfrrflflfrlffrflflrllfrfflrlfrffrfrlflrflrllfrf"/>
	<trajectory sample="358" generation="358000" 
bestEnergy="0.0" averageEnergy="-4.9878" worstEnergy="-2.0" bestConformation="Conformation 5.0 -5.0 Frllflrfrfrffflfrffrllfrllrfrrllrrlrrflfllrfrflfrfrflfrrflflfrlffrflflrllfrfflrlfrffrfrlflrflrllfrf"/>
	<trajectory sample="359" generation="359000" 
bestEnergy="0.0" averageEnergy="-4.9878" worstEnergy="-2.0" bestConformation="Conformation 5.0 -5.0 Frllflrfrfrffflfrffrllfrllrfrrllrrlrrflfllrfrflfrfrflfrrflflfrlffrflflrllfrfflrlfrffrfrlflrflrllfrf"/>
	<trajectory sample="360" generation="360000" 
bestEnergy="0.0" averageEnergy="-4.9878" worstEnergy="-2.0" bestConformation="Conformation 5.0 -5.0 Frllflrfrfrffflfrffrllfrllrfrrllrrlrrflfllrfrflfrfrflfrrflflfrlffrflflrllfrfflrlfrffrfrlflrflrllfrf"/>
	<trajectory sample="361" generation="361000" 
bestEnergy="0.0" averageEnergy="-4.9878" worstEnergy="-2.0" bestConformation="Conformation 5.0 -5.0 Frllflrfrfrffflfrffrllfrllrfrrllrrlrrflfllrfrflfrfrflfrrflflfrlffrflflrllfrfflrlfrffrfrlflrflrllfrf"/>
	<trajectory sample="362" generation="362000" 
bestEnergy="0.0" averageEnergy="-4.9878" worstEnergy="-2.0" bestConformation="Conformation 5.0 -5.0 Frllflrfrfrffflfrffrllfrllrfrrllrrlrrflfllrfrflfrfrflfrrflflfrlffrflflrllfrfflrlfrffrfrlflrflrllfrf"/>
	<trajectory sample="363" generation="363000" 
bestEnergy="0.0" averageEnergy="-4.9878" worstEnergy="-2.0" bestConformation="Conformation 5.0 -5.0 Frllflrfrfrffflfrffrllfrllrfrrllrrlrrflfllrfrflfrfrflfrrflflfrlffrflflrllfrfflrlfrffrfrlflrflrllfrf"/>
	<trajectory sample="364" generation="364000" 
bestEnergy="0.0" averageEnergy="-4.9878" worstEnergy="-2.0" bestConformation="Conformation 5.0 -5.0 Frllflrfrfrffflfrffrllfrllrfrrllrrlrrflfllrfrflfrfrflfrrflflfrlffrflflrllfrfflrlfrffrfrlflrflrllfrf"/>
	<trajectory sample="365" generation="365000" 
bestEnergy="0.0" averageEnergy="-4.9878" worstEnergy="-2.0" bestConformation="Conformation 5.0 -5.0 Frllflrfrfrffflfrffrllfrllrfrrllrrlrrflfllrfrflfrfrflfrrflflfrlffrflflrllfrfflrlfrffrfrlflrflrllfrf"/>
	<trajectory sample="366" generation="366000" 
bestEnergy="0.0" averageEnergy="-4.9878" worstEnergy="-2.0" bestConformation="Conformation 5.0 -5.0 Frllflrfrfrffflfrffrllfrllrfrrllrrlrrflfllrfrflfrfrflfrrflflfrlffrflflrllfrfflrlfrffrfrlflrflrllfrf"/>
	<trajectory sample="367" generation="367000" 
bestEnergy="0.0" averageEnergy="-4.9878" worstEnergy="-2.0" bestConformation="Conformation 5.0 -5.0 Frllflrfrfrffflfrffrllfrllrfrrllrrlrrflfllrfrflfrfrflfrrflflfrlffrflflrllfrfflrlfrffrfrlflrflrllfrf"/>
	<trajectory sample="368" generation="368000" 
bestEnergy="0.0" averageEnergy="-4.9878" worstEnergy="-2.0" bestConformation="Conformation 5.0 -5.0 Frllflrfrfrffflfrffrllfrllrfrrllrrlrrflfllrfrflfrfrflfrrflflfrlffrflflrllfrfflrlfrffrfrlflrflrllfrf"/>
	<trajectory sample="369" generation="369000" 
bestEnergy="0.0" averageEnergy="-4.9878" worstEnergy="-2.0" bestConformation="Conformation 5.0 -5.0 Frllflrfrfrffflfrffrllfrllrfrrllrrlrrflfllrfrflfrfrflfrrflflfrlffrflflrllfrfflrlfrffrfrlflrflrllfrf"/>
	<trajectory sample="370" generation="370000" 
bestEnergy="0.0" averageEnergy="-4.9878" worstEnergy="-2.0" bestConformation="Conformation 5.0 -5.0 Frllflrfrfrffflfrffrllfrllrfrrllrrlrrflfllrfrflfrfrflfrrflflfrlffrflflrllfrfflrlfrffrfrlflrflrllfrf"/>
	<trajectory sample="371" generation="371000" 
bestEnergy="0.0" averageEnergy="-4.9878" worstEnergy="-2.0" bestConformation="Conformation 5.0 -5.0 Frllflrfrfrffflfrffrllfrllrfrrllrrlrrflfllrfrflfrfrflfrrflflfrlffrflflrllfrfflrlfrffrfrlflrflrllfrf"/>
	<trajectory sample="372" generation="372000" 
bestEnergy="0.0" averageEnergy="-4.9878" worstEnergy="-2.0" bestConformation="Conformation 5.0 -5.0 Frllflrfrfrffflfrffrllfrllrfrrllrrlrrflfllrfrflfrfrflfrrflflfrlffrflflrllfrfflrlfrffrfrlflrflrllfrf"/>
	<trajectory sample="373" generation="373000" 
bestEnergy="0.0" averageEnergy="-4.9878" worstEnergy="-2.0" bestConformation="Conformation 5.0 -5.0 Frllflrfrfrffflfrffrllfrllrfrrllrrlrrflfllrfrflfrfrflfrrflflfrlffrflflrllfrfflrlfrffrfrlflrflrllfrf"/>
	<trajectory sample="374" generation="374000" 
bestEnergy="0.0" averageEnergy="-4.9878" worstEnergy="-2.0" bestConformation="Conformation 5.0 -5.0 Frllflrfrfrffflfrffrllfrllrfrrllrrlrrflfllrfrflfrfrflfrrflflfrlffrflflrllfrfflrlfrffrfrlflrflrllfrf"/>
	<trajectory sample="375" generation="375000" 
bestEnergy="0.0" averageEnergy="-4.9878" worstEnergy="-2.0" bestConformation="Conformation 5.0 -5.0 Frllflrfrfrffflfrffrllfrllrfrrllrrlrrflfllrfrflfrfrflfrrflflfrlffrflflrllfrfflrlfrffrfrlflrflrllfrf"/>
	<trajectory sample="376" generation="376000" 
bestEnergy="0.0" averageEnergy="-4.9878" worstEnergy="-2.0" bestConformation="Conformation 5.0 -5.0 Frllflrfrfrffflfrffrllfrllrfrrllrrlrrflfllrfrflfrfrflfrrflflfrlffrflflrllfrfflrlfrffrfrlflrflrllfrf"/>
	<trajectory sample="377" generation="377000" 
bestEnergy="0.0" averageEnergy="-4.9878" worstEnergy="-2.0" bestConformation="Conformation 5.0 -5.0 Frllflrfrfrffflfrffrllfrllrfrrllrrlrrflfllrfrflfrfrflfrrflflfrlffrflflrllfrfflrlfrffrfrlflrflrllfrf"/>
	<trajectory sample="378" generation="378000" 
bestEnergy="0.0" averageEnergy="-4.9878" worstEnergy="-2.0" bestConformation="Conformation 5.0 -5.0 Frllflrfrfrffflfrffrllfrllrfrrllrrlrrflfllrfrflfrfrflfrrflflfrlffrflflrllfrfflrlfrffrfrlflrflrllfrf"/>
	<trajectory sample="379" generation="379000" 
bestEnergy="0.0" averageEnergy="-4.9878" worstEnergy="-2.0" bestConformation="Conformation 5.0 -5.0 Frllflrfrfrffflfrffrllfrllrfrrllrrlrrflfllrfrflfrfrflfrrflflfrlffrflflrllfrfflrlfrffrfrlflrflrllfrf"/>
	<trajectory sample="380" generation="380000" 
bestEnergy="0.0" averageEnergy="-4.9878" worstEnergy="-2.0" bestConformation="Conformation 5.0 -5.0 Frllflrfrfrffflfrffrllfrllrfrrllrrlrrflfllrfrflfrfrflfrrflflfrlffrflflrllfrfflrlfrffrfrlflrflrllfrf"/>
	<trajectory sample="381" generation="381000" 
bestEnergy="0.0" averageEnergy="-4.9878" worstEnergy="-2.0" bestConformation="Conformation 5.0 -5.0 Frllflrfrfrffflfrffrllfrllrfrrllrrlrrflfllrfrflfrfrflfrrflflfrlffrflflrllfrfflrlfrffrfrlflrflrllfrf"/>
	<trajectory sample="382" generation="382000" 
bestEnergy="0.0" averageEnergy="-4.9878" worstEnergy="-2.0" bestConformation="Conformation 5.0 -5.0 Frllflrfrfrffflfrffrllfrllrfrrllrrlrrflfllrfrflfrfrflfrrflflfrlffrflflrllfrfflrlfrffrfrlflrflrllfrf"/>
	<trajectory sample="383" generation="383000" 
bestEnergy="0.0" averageEnergy="-4.9878" worstEnergy="-2.0" bestConformation="Conformation 5.0 -5.0 Frllflrfrfrffflfrffrllfrllrfrrllrrlrrflfllrfrflfrfrflfrrflflfrlffrflflrllfrfflrlfrffrfrlflrflrllfrf"/>
	<trajectory sample="384" generation="384000" 
bestEnergy="0.0" averageEnergy="-4.9878" worstEnergy="-2.0" bestConformation="Conformation 5.0 -5.0 Frllflrfrfrffflfrffrllfrllrfrrllrrlrrflfllrfrflfrfrflfrrflflfrlffrflflrllfrfflrlfrffrfrlflrflrllfrf"/>
	<trajectory sample="385" generation="385000" 
bestEnergy="0.0" averageEnergy="-4.9878" worstEnergy="-2.0" bestConformation="Conformation 5.0 -5.0 Frllflrfrfrffflfrffrllfrllrfrrllrrlrrflfllrfrflfrfrflfrrflflfrlffrflflrllfrfflrlfrffrfrlflrflrllfrf"/>
	<trajectory sample="386" generation="386000" 
bestEnergy="0.0" averageEnergy="-4.9878" worstEnergy="-2.0" bestConformation="Conformation 5.0 -5.0 Frllflrfrfrffflfrffrllfrllrfrrllrrlrrflfllrfrflfrfrflfrrflflfrlffrflflrllfrfflrlfrffrfrlflrflrllfrf"/>
	<trajectory sample="387" generation="387000" 
bestEnergy="0.0" averageEnergy="-4.9878" worstEnergy="-2.0" bestConformation="Conformation 5.0 -5.0 Frllflrfrfrffflfrffrllfrllrfrrllrrlrrflfllrfrflfrfrflfrrflflfrlffrflflrllfrfflrlfrffrfrlflrflrllfrf"/>
	<trajectory sample="388" generation="388000" 
bestEnergy="0.0" averageEnergy="-4.9878" worstEnergy="-2.0" bestConformation="Conformation 5.0 -5.0 Frllflrfrfrffflfrffrllfrllrfrrllrrlrrflfllrfrflfrfrflfrrflflfrlffrflflrllfrfflrlfrffrfrlflrflrllfrf"/>
	<trajectory sample="389" generation="389000" 
bestEnergy="0.0" averageEnergy="-4.9878" worstEnergy="-2.0" bestConformation="Conformation 5.0 -5.0 Frllflrfrfrffflfrffrllfrllrfrrllrrlrrflfllrfrflfrfrflfrrflflfrlffrflflrllfrfflrlfrffrfrlflrflrllfrf"/>
	<trajectory sample="390" generation="390000" 
bestEnergy="0.0" averageEnergy="-4.9878" worstEnergy="-2.0" bestConformation="Conformation 5.0 -5.0 Frllflrfrfrffflfrffrllfrllrfrrllrrlrrflfllrfrflfrfrflfrrflflfrlffrflflrllfrfflrlfrffrfrlflrflrllfrf"/>
	<trajectory sample="391" generation="391000" 
bestEnergy="0.0" averageEnergy="-4.9878" worstEnergy="-2.0" bestConformation="Conformation 5.0 -5.0 Frllflrfrfrffflfrffrllfrllrfrrllrrlrrflfllrfrflfrfrflfrrflflfrlffrflflrllfrfflrlfrffrfrlflrflrllfrf"/>
	<trajectory sample="392" generation="392000" 
bestEnergy="0.0" averageEnergy="-4.9878" worstEnergy="-2.0" bestConformation="Conformation 5.0 -5.0 Frllflrfrfrffflfrffrllfrllrfrrllrrlrrflfllrfrflfrfrflfrrflflfrlffrflflrllfrfflrlfrffrfrlflrflrllfrf"/>
	<trajectory sample="393" generation="393000" 
bestEnergy="0.0" averageEnergy="-4.9878" worstEnergy="-2.0" bestConformation="Conformation 5.0 -5.0 Frllflrfrfrffflfrffrllfrllrfrrllrrlrrflfllrfrflfrfrflfrrflflfrlffrflflrllfrfflrlfrffrfrlflrflrllfrf"/>
	<trajectory sample="394" generation="394000" 
bestEnergy="0.0" averageEnergy="-4.9878" worstEnergy="-2.0" bestConformation="Conformation 5.0 -5.0 Frllflrfrfrffflfrffrllfrllrfrrllrrlrrflfllrfrflfrfrflfrrflflfrlffrflflrllfrfflrlfrffrfrlflrflrllfrf"/>
	<trajectory sample="395" generation="395000" 
bestEnergy="0.0" averageEnergy="-4.9878" worstEnergy="-2.0" bestConformation="Conformation 5.0 -5.0 Frllflrfrfrffflfrffrllfrllrfrrllrrlrrflfllrfrflfrfrflfrrflflfrlffrflflrllfrfflrlfrffrfrlflrflrllfrf"/>
	<trajectory sample="396" generation="396000" 
bestEnergy="0.0" averageEnergy="-4.9878" worstEnergy="-2.0" bestConformation="Conformation 5.0 -5.0 Frllflrfrfrffflfrffrllfrllrfrrllrrlrrflfllrfrflfrfrflfrrflflfrlffrflflrllfrfflrlfrffrfrlflrflrllfrf"/>
	<trajectory sample="397" generation="397000" 
bestEnergy="0.0" averageEnergy="-4.9878" worstEnergy="-2.0" bestConformation="Conformation 5.0 -5.0 Frllflrfrfrffflfrffrllfrllrfrrllrrlrrflfllrfrflfrfrflfrrflflfrlffrflflrllfrfflrlfrffrfrlflrflrllfrf"/>
	<trajectory sample="398" generation="398000" 
bestEnergy="0.0" averageEnergy="-4.9878" worstEnergy="-2.0" bestConformation="Conformation 5.0 -5.0 Frllflrfrfrffflfrffrllfrllrfrrllrrlrrflfllrfrflfrfrflfrrflflfrlffrflflrllfrfflrlfrffrfrlflrflrllfrf"/>
	<trajectory sample="399" generation="399000" 
bestEnergy="0.0" averageEnergy="-4.9878" worstEnergy="-2.0" bestConformation="Conformation 5.0 -5.0 Frllflrfrfrffflfrffrllfrllrfrrllrrlrrflfllrfrflfrfrflfrrflflfrlffrflflrllfrfflrlfrffrfrlflrflrllfrf"/>
	<trajectory sample="400" generation="400000" 
bestEnergy="0.0" averageEnergy="-4.9878" worstEnergy="-2.0" bestConformation="Conformation 5.0 -5.0 Frllflrfrfrffflfrffrllfrllrfrrllrrlrrflfllrfrflfrfrflfrrflflfrlffrflflrllfrfflrlfrffrfrlflrflrllfrf"/>
</run>
<run              number="4" numberOfGenerations="400001"      populationSize="10000">
	<trajectory sample="0" generation="0" 
bestEnergy="-26.0" averageEnergy="-10.7082" worstEnergy="-1.0" bestConformation="Conformation 3.0 -3.0 Flllrffflrrlrrllrllfrfrllrflfrfffffllfrlrrfflrrflfrflrffrflfrllfflfrlrrflfrlfflfflrffffrrfllrlffflf"/>
	<trajectory sample="1" generation="1000" 
bestEnergy="-26.0" averageEnergy="-10.7064" worstEnergy="-1.0" bestConformation="Conformation 3.0 -3.0 Flllrffflrrlrrllrllfrfrllrflfrfffffllfrlrrfflrrflfrflrffrflfrllfflfrlrrflfrlfflfflrffffrrfllrlffflf"/>
	<trajectory sample="2" generation="2000" 
bestEnergy="-26.0" averageEnergy="-10.705" worstEnergy="-1.0" bestConformation="Conformation 3.0 -3.0 Flllrffflrrlrrllrllfrfrllrflfrfffffllfrlrrfflrrflfrflrffrflfrllfflfrlrrflfrlfflfflrffffrrfllrlffflf"/>
	<trajectory sample="3" generation="3000" 
bestEnergy="-26.0" averageEnergy="-10.6623" worstEnergy="-1.0" bestConformation="Conformation 3.0 -3.0 Flllrffflrrlrrllrllfrfrllrflfrfffffllfrlrrfflrrflfrflrffrflfrllfflfrlrrflfrlfflfflrffffrrfllrlffflf"/>
	<trajectory sample="4" generation="4000" 
bestEnergy="-26.0" averageEnergy="-10.6003" worstEnergy="-1.0" bestConformation="Conformation 3.0 -3.0 Flllrffflrrlrrllrllfrfrllrflfrfffffllfrlrrfflrrflfrflrffrflfrllfflfrlrrflfrlfflfflrffffrrfllrlffflf"/>
	<trajectory sample="5" generation="5000" 
bestEnergy="-26.0" averageEnergy="-10.4825" worstEnergy="-1.0" bestConformation="Conformation 3.0 -3.0 Flllrffflrrlrrllrllfrfrllrflfrfffffllfrlrrfflrrflfrflrffrflfrllfflfrlrrflfrlfflfflrffffrrfllrlffflf"/>
	<trajectory sample="6" generation="6000" 
bestEnergy="-26.0" averageEnergy="-10.36" worstEnergy="-1.0" bestConformation="Conformation 3.0 -3.0 Flllrffflrrlrrllrllfrfrllrflfrfffffllfrlrrfflrrflfrflrffrflfrllfflfrlrrflfrlfflfflrffffrrfllrlffflf"/>
	<trajectory sample="7" generation="7000" 
bestEnergy="-26.0" averageEnergy="-10.1725" worstEnergy="-1.0" bestConformation="Conformation 3.0 -3.0 Flllrffflrrlrrllrllfrfrllrflfrfffffllfrlrrfflrrflfrflrffrflfrllfflfrlrrflfrlfflfflrffffrrfllrlffflf"/>
	<trajectory sample="8" generation="8000" 
bestEnergy="-26.0" averageEnergy="-9.9326" worstEnergy="-1.0" bestConformation="Conformation 3.0 -3.0 Flllrffflrrlrrllrllfrfrllrflfrfffffllfrlrrfflrrflfrflrffrflfrllfflfrlrrflfrlfflfflrffffrrfllrlffflf"/>
	<trajectory sample="9" generation="9000" 
bestEnergy="-26.0" averageEnergy="-9.6908" worstEnergy="-1.0" bestConformation="Conformation 3.0 -3.0 Flllrffflrrlrrllrllfrfrllrflfrfffffllfrlrrfflrrflfrflrffrflfrllfflfrlrrflfrlfflfflrffffrrfllrlffflf"/>
	<trajectory sample="10" generation="10000" 
bestEnergy="-26.0" averageEnergy="-9.4326" worstEnergy="-1.0" bestConformation="Conformation 3.0 -3.0 Flllrffflrrlrrllrllfrfrllrflfrfffffllfrlrrfflrrflfrflrffrflfrllfflfrlrrflfrlfflfflrffffrrfllrlffflf"/>
	<trajectory sample="11" generation="11000" 
bestEnergy="-26.0" averageEnergy="-9.1352" worstEnergy="-1.0" bestConformation="Conformation 3.0 -3.0 Flllrffflrrlrrllrllfrfrllrflfrfffffllfrlrrfflrrflfrflrffrflfrllfflfrlrrflfrlfflfflrffffrrfllrlffflf"/>
	<trajectory sample="12" generation="12000" 
bestEnergy="-26.0" averageEnergy="-8.8463" worstEnergy="-1.0" bestConformation="Conformation 3.0 -3.0 Flllrffflrrlrrllrllfrfrllrflfrfffffllfrlrrfflrrflfrflrffrflfrllfflfrlrrflfrlfflfflrffffrrfllrlffflf"/>
	<trajectory sample="13" generation="13000" 
bestEnergy="-26.0" averageEnergy="-8.5514" worstEnergy="-1.0" bestConformation="Conformation 3.0 -3.0 Flllrffflrrlrrllrllfrfrllrflfrfffffllfrlrrfflrrflfrflrffrflfrllfflfrlrrflfrlfflfflrffffrrfllrlffflf"/>
	<trajectory sample="14" generation="14000" 
bestEnergy="-26.0" averageEnergy="-8.2449" worstEnergy="-1.0" bestConformation="Conformation 3.0 -3.0 Flllrffflrrlrrllrllfrfrllrflfrfffffllfrlrrfflrrflfrflrffrflfrllfflfrlrrflfrlfflfflrffffrrfllrlffflf"/>
	<trajectory sample="15" generation="15000" 
bestEnergy="-24.0" averageEnergy="-7.9348" worstEnergy="-1.0" bestConformation="Conformation 3.0 -3.0 Flllrffflrrlrrllrllfrfrllrflfrfffffllfrlrrfflrrflfrflrffrflfrllfflfrlrrflfrlfflfflrffffrrfllrlffflf"/>
	<trajectory sample="16" generation="16000" 
bestEnergy="-24.0" averageEnergy="-7.6217" worstEnergy="-1.0" bestConformation="Conformation 3.0 -3.0 Flllrffflrrlrrllrllfrfrllrflfrfffffllfrlrrfflrrflfrflrffrflfrllfflfrlrrflfrlfflfflrffffrrfllrlffflf"/>
	<trajectory sample="17" generation="17000" 
bestEnergy="-24.0" averageEnergy="-7.306" worstEnergy="-1.0" bestConformation="Conformation 3.0 -3.0 Flllrffflrrlrrllrllfrfrllrflfrfffffllfrlrrfflrrflfrflrffrflfrllfflfrlrrflfrlfflfflrffffrrfllrlffflf"/>
	<trajectory sample="18" generation="18000" 
bestEnergy="-24.0" averageEnergy="-6.9976" worstEnergy="-1.0" bestConformation="Conformation 3.0 -3.0 Flllrffflrrlrrllrllfrfrllrflfrfffffllfrlrrfflrrflfrflrffrflfrllfflfrlrrflfrlfflfflrffffrrfllrlffflf"/>
	<trajectory sample="19" generation="19000" 
bestEnergy="-24.0" averageEnergy="-6.6967" worstEnergy="-1.0" bestConformation="Conformation 3.0 -3.0 Flllrffflrrlrrllrllfrfrllrflfrfffffllfrlrrfflrrflfrflrffrflfrllfflfrlrrflfrlfflfflrffffrrfllrlffflf"/>
	<trajectory sample="20" generation="20000" 
bestEnergy="-24.0" averageEnergy="-6.4526" worstEnergy="-1.0" bestConformation="Conformation 3.0 -3.0 Flllrffflrrlrrllrllfrfrllrflfrfffffllfrlrrfflrrflfrflrffrflfrllfflfrlrrflfrlfflfflrffffrrfllrlffflf"/>
	<trajectory sample="21" generation="21000" 
bestEnergy="-24.0" averageEnergy="-6.1568" worstEnergy="-1.0" bestConformation="Conformation 3.0 -3.0 Flllrffflrrlrrllrllfrfrllrflfrfffffllfrlrrfflrrflfrflrffrflfrllfflfrlrrflfrlfflfflrffffrrfllrlffflf"/>
	<trajectory sample="22" generation="22000" 
bestEnergy="-24.0" averageEnergy="-5.9236" worstEnergy="-1.0" bestConformation="Conformation 3.0 -3.0 Flllrffflrrlrrllrllfrfrllrflfrfffffllfrlrrfflrrflfrflrffrflfrllfflfrlrrflfrlfflfflrffffrrfllrlffflf"/>
	<trajectory sample="23" generation="23000" 
bestEnergy="-24.0" averageEnergy="-5.6831" worstEnergy="-1.0" bestConformation="Conformation 3.0 -3.0 Flllrffflrrlrrllrllfrfrllrflfrfffffllfrlrrfflrrflfrflrffrflfrllfflfrlrrflfrlfflfflrffffrrfllrlffflf"/>
	<trajectory sample="24" generation="24000" 
bestEnergy="-24.0" averageEnergy="-5.4754" worstEnergy="-1.0" bestConformation="Conformation 3.0 -3.0 Flllrffflrrlrrllrllfrfrllrflfrfffffllfrlrrfflrrflfrflrffrflfrllfflfrlrrflfrlfflfflrffffrrfllrlffflf"/>
	<trajectory sample="25" generation="25000" 
bestEnergy="-24.0" averageEnergy="-5.2494" worstEnergy="-1.0" bestConformation="Conformation 3.0 -3.0 Flllrffflrrlrrllrllfrfrllrflfrfffffllfrlrrfflrrflfrflrffrflfrllfflfrlrrflfrlfflfflrffffrrfllrlffflf"/>
	<trajectory sample="26" generation="26000" 
bestEnergy="-24.0" averageEnergy="-5.0509" worstEnergy="-1.0" bestConformation="Conformation 3.0 -3.0 Flllrffflrrlrrllrllfrfrllrflfrfffffllfrlrrfflrrflfrflrffrflfrllfflfrlrrflfrlfflfflrffffrrfllrlffflf"/>
	<trajectory sample="27" generation="27000" 
bestEnergy="-24.0" averageEnergy="-4.8752" worstEnergy="-1.0" bestConformation="Conformation 3.0 -3.0 Flllrffflrrlrrllrllfrfrllrflfrfffffllfrlrrfflrrflfrflrffrflfrllfflfrlrrflfrlfflfflrffffrrfllrlffflf"/>
	<trajectory sample="28" generation="28000" 
bestEnergy="-24.0" averageEnergy="-4.709" worstEnergy="-1.0" bestConformation="Conformation 3.0 -3.0 Flllrffflrrlrrllrllfrfrllrflfrfffffllfrlrrfflrrflfrflrffrflfrllfflfrlrrflfrlfflfflrffffrrfllrlffflf"/>
	<trajectory sample="29" generation="29000" 
bestEnergy="-24.0" averageEnergy="-4.5345" worstEnergy="-1.0" bestConformation="Conformation 3.0 -3.0 Flllrffflrrlrrllrllfrfrllrflfrfffffllfrlrrfflrrflfrflrffrflfrllfflfrlrrflfrlfflfflrffffrrfllrlffflf"/>
	<trajectory sample="30" generation="30000" 
bestEnergy="-24.0" averageEnergy="-4.3838" worstEnergy="-1.0" bestConformation="Conformation 3.0 -3.0 Flllrffflrrlrrllrllfrfrllrflfrfffffllfrlrrfflrrflfrflrffrflfrllfflfrlrrflfrlfflfflrffffrrfllrlffflf"/>
	<trajectory sample="31" generation="31000" 
bestEnergy="-24.0" averageEnergy="-4.233" worstEnergy="-1.0" bestConformation="Conformation 3.0 -3.0 Flllrffflrrlrrllrllfrfrllrflfrfffffllfrlrrfflrrflfrflrffrflfrllfflfrlrrflfrlfflfflrffffrrfllrlffflf"/>
	<trajectory sample="32" generation="32000" 
bestEnergy="-24.0" averageEnergy="-4.1045" worstEnergy="-1.0" bestConformation="Conformation 3.0 -3.0 Flllrffflrrlrrllrllfrfrllrflfrfffffllfrlrrfflrrflfrflrffrflfrllfflfrlrrflfrlfflfflrffffrrfllrlffflf"/>
	<trajectory sample="33" generation="33000" 
bestEnergy="-24.0" averageEnergy="-3.9974" worstEnergy="-1.0" bestConformation="Conformation 3.0 -3.0 Flllrffflrrlrrllrllfrfrllrflfrfffffllfrlrrfflrrflfrflrffrflfrllfflfrlrrflfrlfflfflrffffrrfllrlffflf"/>
	<trajectory sample="34" generation="34000" 
bestEnergy="-24.0" averageEnergy="-3.8813" worstEnergy="-1.0" bestConformation="Conformation 3.0 -3.0 Flllrffflrrlrrllrllfrfrllrflfrfffffllfrlrrfflrrflfrflrffrflfrllfflfrlrrflfrlfflfflrffffrrfllrlffflf"/>
	<trajectory sample="35" generation="35000" 
bestEnergy="-24.0" averageEnergy="-3.7908" worstEnergy="-1.0" bestConformation="Conformation 3.0 -3.0 Flllrffflrrlrrllrllfrfrllrflfrfffffllfrlrrfflrrflfrflrffrflfrllfflfrlrrflfrlfflfflrffffrrfllrlffflf"/>
	<trajectory sample="36" generation="36000" 
bestEnergy="-24.0" averageEnergy="-3.6806" worstEnergy="-1.0" bestConformation="Conformation 3.0 -3.0 Flllrffflrrlrrllrllfrfrllrflfrfffffllfrlrrfflrrflfrflrffrflfrllfflfrlrrflfrlfflfflrffffrrfllrlffflf"/>
	<trajectory sample="37" generation="37000" 
bestEnergy="-24.0" averageEnergy="-3.608" worstEnergy="-1.0" bestConformation="Conformation 3.0 -3.0 Flllrffflrrlrrllrllfrfrllrflfrfffffllfrlrrfflrrflfrflrffrflfrllfflfrlrrflfrlfflfflrffffrrfllrlffflf"/>
	<trajectory sample="38" generation="38000" 
bestEnergy="-24.0" averageEnergy="-3.55" worstEnergy="-1.0" bestConformation="Conformation 3.0 -3.0 Flllrffflrrlrrllrllfrfrllrflfrfffffllfrlrrfflrrflfrflrffrflfrllfflfrlrrflfrlfflfflrffffrrfllrlffflf"/>
	<trajectory sample="39" generation="39000" 
bestEnergy="-24.0" averageEnergy="-3.4825" worstEnergy="-1.0" bestConformation="Conformation 3.0 -3.0 Flllrffflrrlrrllrllfrfrllrflfrfffffllfrlrrfflrrflfrflrffrflfrllfflfrlrrflfrlfflfflrffffrrfllrlffflf"/>
	<trajectory sample="40" generation="40000" 
bestEnergy="-24.0" averageEnergy="-3.414" worstEnergy="-1.0" bestConformation="Conformation 3.0 -3.0 Flllrffflrrlrrllrllfrfrllrflfrfffffllfrlrrfflrrflfrflrffrflfrllfflfrlrrflfrlfflfflrffffrrfllrlffflf"/>
	<trajectory sample="41" generation="41000" 
bestEnergy="-24.0" averageEnergy="-3.3717" worstEnergy="-1.0" bestConformation="Conformation 3.0 -3.0 Flllrffflrrlrrllrllfrfrllrflfrfffffllfrlrrfflrrflfrflrffrflfrllfflfrlrrflfrlfflfflrffffrrfllrlffflf"/>
	<trajectory sample="42" generation="42000" 
bestEnergy="-24.0" averageEnergy="-3.3372" worstEnergy="-1.0" bestConformation="Conformation 3.0 -3.0 Flllrffflrrlrrllrllfrfrllrflfrfffffllfrlrrfflrrflfrflrffrflfrllfflfrlrrflfrlfflfflrffffrrfllrlffflf"/>
	<trajectory sample="43" generation="43000" 
bestEnergy="-24.0" averageEnergy="-3.3044" worstEnergy="-1.0" bestConformation="Conformation 3.0 -3.0 Flllrffflrrlrrllrllfrfrllrflfrfffffllfrlrrfflrrflfrflrffrflfrllfflfrlrrflfrlfflfflrffffrrfllrlffflf"/>
	<trajectory sample="44" generation="44000" 
bestEnergy="-24.0" averageEnergy="-3.278" worstEnergy="-1.0" bestConformation="Conformation 3.0 -3.0 Flllrffflrrlrrllrllfrfrllrflfrfffffllfrlrrfflrrflfrflrffrflfrllfflfrlrrflfrlfflfflrffffrrfllrlffflf"/>
	<trajectory sample="45" generation="45000" 
bestEnergy="-24.0" averageEnergy="-3.2414" worstEnergy="-1.0" bestConformation="Conformation 3.0 -3.0 Flllrffflrrlrrllrllfrfrllrflfrfffffllfrlrrfflrrflfrflrffrflfrllfflfrlrrflfrlfflfflrffffrrfllrlffflf"/>
	<trajectory sample="46" generation="46000" 
bestEnergy="-24.0" averageEnergy="-3.2183" worstEnergy="-1.0" bestConformation="Conformation 3.0 -3.0 Flllrffflrrlrrllrllfrfrllrflfrfffffllfrlrrfflrrflfrflrffrflfrllfflfrlrrflfrlfflfflrffffrrfllrlffflf"/>
	<trajectory sample="47" generation="47000" 
bestEnergy="-24.0" averageEnergy="-3.1961" worstEnergy="-1.0" bestConformation="Conformation 3.0 -3.0 Flllrffflrrlrrllrllfrfrllrflfrfffffllfrlrrfflrrflfrflrffrflfrllfflfrlrrflfrlfflfflrffffrrfllrlffflf"/>
	<trajectory sample="48" generation="48000" 
bestEnergy="-24.0" averageEnergy="-3.1794" worstEnergy="-1.0" bestConformation="Conformation 3.0 -3.0 Flllrffflrrlrrllrllfrfrllrflfrfffffllfrlrrfflrrflfrflrffrflfrllfflfrlrrflfrlfflfflrffffrrfllrlffflf"/>
	<trajectory sample="49" generation="49000" 
bestEnergy="-24.0" averageEnergy="-3.1555" worstEnergy="-1.0" bestConformation="Conformation 3.0 -3.0 Flllrffflrrlrrllrllfrfrllrflfrfffffllfrlrrfflrrflfrflrffrflfrllfflfrlrrflfrlfflfflrffffrrfllrlffflf"/>
	<trajectory sample="50" generation="50000" 
bestEnergy="-24.0" averageEnergy="-3.1317" worstEnergy="-1.0" bestConformation="Conformation 3.0 -3.0 Flllrffflrrlrrllrllfrfrllrflfrfffffllfrlrrfflrrflfrflrffrflfrllfflfrlrrflfrlfflfflrffffrrfllrlffflf"/>
	<trajectory sample="51" generation="51000" 
bestEnergy="-24.0" averageEnergy="-3.1238" worstEnergy="-1.0" bestConformation="Conformation 3.0 -3.0 Flllrffflrrlrrllrllfrfrllrflfrfffffllfrlrrfflrrflfrflrffrflfrllfflfrlrrflfrlfflfflrffffrrfllrlffflf"/>
	<trajectory sample="52" generation="52000" 
bestEnergy="-24.0" averageEnergy="-3.1123" worstEnergy="-1.0" bestConformation="Conformation 3.0 -3.0 Flllrffflrrlrrllrllfrfrllrflfrfffffllfrlrrfflrrflfrflrffrflfrllfflfrlrrflfrlfflfflrffffrrfllrlffflf"/>
	<trajectory sample="53" generation="53000" 
bestEnergy="-24.0" averageEnergy="-3.1016" worstEnergy="-1.0" bestConformation="Conformation 3.0 -3.0 Flllrffflrrlrrllrllfrfrllrflfrfffffllfrlrrfflrrflfrflrffrflfrllfflfrlrrflfrlfflfflrffffrrfllrlffflf"/>
	<trajectory sample="54" generation="54000" 
bestEnergy="-22.0" averageEnergy="-3.0939" worstEnergy="-1.0" bestConformation="Conformation 3.0 -3.0 Flllrffflrrlrrllrllfrfrllrflfrfffffllfrlrrfflrrflfrflrffrflfrllfflfrlrrflfrlfflfflrffffrrfllrlffflf"/>
	<trajectory sample="55" generation="55000" 
bestEnergy="-22.0" averageEnergy="-3.0839" worstEnergy="-1.0" bestConformation="Conformation 3.0 -3.0 Flllrffflrrlrrllrllfrfrllrflfrfffffllfrlrrfflrrflfrflrffrflfrllfflfrlrrflfrlfflfflrffffrrfllrlffflf"/>
	<trajectory sample="56" generation="56000" 
bestEnergy="-22.0" averageEnergy="-3.0747" worstEnergy="-1.0" bestConformation="Conformation 3.0 -3.0 Flllrffflrrlrrllrllfrfrllrflfrfffffllfrlrrfflrrflfrflrffrflfrllfflfrlrrflfrlfflfflrffffrrfllrlffflf"/>
	<trajectory sample="57" generation="57000" 
bestEnergy="-22.0" averageEnergy="-3.0666" worstEnergy="-1.0" bestConformation="Conformation 3.0 -3.0 Flllrffflrrlrrllrllfrfrllrflfrfffffllfrlrrfflrrflfrflrffrflfrllfflfrlrrflfrlfflfflrffffrrfllrlffflf"/>
	<trajectory sample="58" generation="58000" 
bestEnergy="-22.0" averageEnergy="-3.0616" worstEnergy="-1.0" bestConformation="Conformation 3.0 -3.0 Flllrffflrrlrrllrllfrfrllrflfrfffffllfrlrrfflrrflfrflrffrflfrllfflfrlrrflfrlfflfflrffffrrfllrlffflf"/>
	<trajectory sample="59" generation="59000" 
bestEnergy="-22.0" averageEnergy="-3.0579" worstEnergy="-1.0" bestConformation="Conformation 3.0 -3.0 Flllrffflrrlrrllrllfrfrllrflfrfffffllfrlrrfflrrflfrflrffrflfrllfflfrlrrflfrlfflfflrffffrrfllrlffflf"/>
	<trajectory sample="60" generation="60000" 
bestEnergy="-22.0" averageEnergy="-3.0527" worstEnergy="-1.0" bestConformation="Conformation 3.0 -3.0 Flllrffflrrlrrllrllfrfrllrflfrfffffllfrlrrfflrrflfrflrffrflfrllfflfrlrrflfrlfflfflrffffrrfllrlffflf"/>
	<trajectory sample="61" generation="61000" 
bestEnergy="-22.0" averageEnergy="-3.0494" worstEnergy="-1.0" bestConformation="Conformation 3.0 -3.0 Flllrffflrrlrrllrllfrfrllrflfrfffffllfrlrrfflrrflfrflrffrflfrllfflfrlrrflfrlfflfflrffffrrfllrlffflf"/>
	<trajectory sample="62" generation="62000" 
bestEnergy="-22.0" averageEnergy="-3.0428" worstEnergy="-1.0" bestConformation="Conformation 3.0 -3.0 Flllrffflrrlrrllrllfrfrllrflfrfffffllfrlrrfflrrflfrflrffrflfrllfflfrlrrflfrlfflfflrffffrrfllrlffflf"/>
	<trajectory sample="63" generation="63000" 
bestEnergy="-22.0" averageEnergy="-3.0405" worstEnergy="-1.0" bestConformation="Conformation 3.0 -3.0 Flllrffflrrlrrllrllfrfrllrflfrfffffllfrlrrfflrrflfrflrffrflfrllfflfrlrrflfrlfflfflrffffrrfllrlffflf"/>
	<trajectory sample="64" generation="64000" 
bestEnergy="-22.0" averageEnergy="-3.0381" worstEnergy="-1.0" bestConformation="Conformation 3.0 -3.0 Flllrffflrrlrrllrllfrfrllrflfrfffffllfrlrrfflrrflfrflrffrflfrllfflfrlrrflfrlfflfflrffffrrfllrlffflf"/>
	<trajectory sample="65" generation="65000" 
bestEnergy="-22.0" averageEnergy="-3.0361" worstEnergy="-1.0" bestConformation="Conformation 3.0 -3.0 Flllrffflrrlrrllrllfrfrllrflfrfffffllfrlrrfflrrflfrflrffrflfrllfflfrlrrflfrlfflfflrffffrrfllrlffflf"/>
	<trajectory sample="66" generation="66000" 
bestEnergy="-22.0" averageEnergy="-3.0349" worstEnergy="-1.0" bestConformation="Conformation 3.0 -3.0 Flllrffflrrlrrllrllfrfrllrflfrfffffllfrlrrfflrrflfrflrffrflfrllfflfrlrrflfrlfflfflrffffrrfllrlffflf"/>
	<trajectory sample="67" generation="67000" 
bestEnergy="-22.0" averageEnergy="-3.031" worstEnergy="-1.0" bestConformation="Conformation 3.0 -3.0 Flllrffflrrlrrllrllfrfrllrflfrfffffllfrlrrfflrrflfrflrffrflfrllfflfrlrrflfrlfflfflrffffrrfllrlffflf"/>
	<trajectory sample="68" generation="68000" 
bestEnergy="-22.0" averageEnergy="-3.0279" worstEnergy="-1.0" bestConformation="Conformation 3.0 -3.0 Flllrffflrrlrrllrllfrfrllrflfrfffffllfrlrrfflrrflfrflrffrflfrllfflfrlrrflfrlfflfflrffffrrfllrlffflf"/>
	<trajectory sample="69" generation="69000" 
bestEnergy="-22.0" averageEnergy="-3.0263" worstEnergy="-1.0" bestConformation="Conformation 3.0 -3.0 Flllrffflrrlrrllrllfrfrllrflfrfffffllfrlrrfflrrflfrflrffrflfrllfflfrlrrflfrlfflfflrffffrrfllrlffflf"/>
	<trajectory sample="70" generation="70000" 
bestEnergy="-22.0" averageEnergy="-3.0256" worstEnergy="-1.0" bestConformation="Conformation 3.0 -3.0 Flllrffflrrlrrllrllfrfrllrflfrfffffllfrlrrfflrrflfrflrffrflfrllfflfrlrrflfrlfflfflrffffrrfllrlffflf"/>
	<trajectory sample="71" generation="71000" 
bestEnergy="-22.0" averageEnergy="-3.0249" worstEnergy="-1.0" bestConformation="Conformation 3.0 -3.0 Flllrffflrrlrrllrllfrfrllrflfrfffffllfrlrrfflrrflfrflrffrflfrllfflfrlrrflfrlfflfflrffffrrfllrlffflf"/>
	<trajectory sample="72" generation="72000" 
bestEnergy="-22.0" averageEnergy="-3.0249" worstEnergy="-1.0" bestConformation="Conformation 3.0 -3.0 Flllrffflrrlrrllrllfrfrllrflfrfffffllfrlrrfflrrflfrflrffrflfrllfflfrlrrflfrlfflfflrffffrrfllrlffflf"/>
	<trajectory sample="73" generation="73000" 
bestEnergy="-20.0" averageEnergy="-3.0201" worstEnergy="-1.0" bestConformation="Conformation 3.0 -3.0 Flllrffflrrlrrllrllfrfrllrflfrfffffllfrlrrfflrrflfrflrffrflfrllfflfrlrrflfrlfflfflrffffrrfllrlffflf"/>
	<trajectory sample="74" generation="74000" 
bestEnergy="-20.0" averageEnergy="-3.0195" worstEnergy="-1.0" bestConformation="Conformation 3.0 -3.0 Flllrffflrrlrrllrllfrfrllrflfrfffffllfrlrrfflrrflfrflrffrflfrllfflfrlrrflfrlfflfflrffffrrfllrlffflf"/>
	<trajectory sample="75" generation="75000" 
bestEnergy="-20.0" averageEnergy="-3.0191" worstEnergy="-1.0" bestConformation="Conformation 3.0 -3.0 Flllrffflrrlrrllrllfrfrllrflfrfffffllfrlrrfflrrflfrflrffrflfrllfflfrlrrflfrlfflfflrffffrrfllrlffflf"/>
	<trajectory sample="76" generation="76000" 
bestEnergy="-20.0" averageEnergy="-3.0187" worstEnergy="-1.0" bestConformation="Conformation 3.0 -3.0 Flllrffflrrlrrllrllfrfrllrflfrfffffllfrlrrfflrrflfrflrffrflfrllfflfrlrrflfrlfflfflrffffrrfllrlffflf"/>
	<trajectory sample="77" generation="77000" 
bestEnergy="-20.0" averageEnergy="-3.0157" worstEnergy="-1.0" bestConformation="Conformation 3.0 -3.0 Flllrffflrrlrrllrllfrfrllrflfrfffffllfrlrrfflrrflfrflrffrflfrllfflfrlrrflfrlfflfflrffffrrfllrlffflf"/>
	<trajectory sample="78" generation="78000" 
bestEnergy="-20.0" averageEnergy="-3.0151" worstEnergy="-1.0" bestConformation="Conformation 3.0 -3.0 Flllrffflrrlrrllrllfrfrllrflfrfffffllfrlrrfflrrflfrflrffrflfrllfflfrlrrflfrlfflfflrffffrrfllrlffflf"/>
	<trajectory sample="79" generation="79000" 
bestEnergy="-20.0" averageEnergy="-3.0151" worstEnergy="-1.0" bestConformation="Conformation 3.0 -3.0 Flllrffflrrlrrllrllfrfrllrflfrfffffllfrlrrfflrrflfrflrffrflfrllfflfrlrrflfrlfflfflrffffrrfllrlffflf"/>
	<trajectory sample="80" generation="80000" 
bestEnergy="-20.0" averageEnergy="-3.0147" worstEnergy="-1.0" bestConformation="Conformation 3.0 -3.0 Flllrffflrrlrrllrllfrfrllrflfrfffffllfrlrrfflrrflfrflrffrflfrllfflfrlrrflfrlfflfflrffffrrfllrlffflf"/>
	<trajectory sample="81" generation="81000" 
bestEnergy="-20.0" averageEnergy="-3.0103" worstEnergy="-1.0" bestConformation="Conformation 3.0 -3.0 Flllrffflrrlrrllrllfrfrllrflfrfffffllfrlrrfflrrflfrflrffrflfrllfflfrlrrflfrlfflfflrffffrrfllrlffflf"/>
	<trajectory sample="82" generation="82000" 
bestEnergy="-20.0" averageEnergy="-3.0088" worstEnergy="-1.0" bestConformation="Conformation 3.0 -3.0 Flllrffflrrlrrllrllfrfrllrflfrfffffllfrlrrfflrrflfrflrffrflfrllfflfrlrrflfrlfflfflrffffrrfllrlffflf"/>
	<trajectory sample="83" generation="83000" 
bestEnergy="-20.0" averageEnergy="-3.0088" worstEnergy="-1.0" bestConformation="Conformation 3.0 -3.0 Flllrffflrrlrrllrllfrfrllrflfrfffffllfrlrrfflrrflfrflrffrflfrllfflfrlrrflfrlfflfflrffffrrfllrlffflf"/>
	<trajectory sample="84" generation="84000" 
bestEnergy="-20.0" averageEnergy="-3.0072" worstEnergy="-1.0" bestConformation="Conformation 3.0 -3.0 Flllrffflrrlrrllrllfrfrllrflfrfffffllfrlrrfflrrflfrflrffrflfrllfflfrlrrflfrlfflfflrffffrrfllrlffflf"/>
	<trajectory sample="85" generation="85000" 
bestEnergy="-20.0" averageEnergy="-3.0072" worstEnergy="-1.0" bestConformation="Conformation 3.0 -3.0 Flllrffflrrlrrllrllfrfrllrflfrfffffllfrlrrfflrrflfrflrffrflfrllfflfrlrrflfrlfflfflrffffrrfllrlffflf"/>
	<trajectory sample="86" generation="86000" 
bestEnergy="-20.0" averageEnergy="-3.0072" worstEnergy="-1.0" bestConformation="Conformation 3.0 -3.0 Flllrffflrrlrrllrllfrfrllrflfrfffffllfrlrrfflrrflfrflrffrflfrllfflfrlrrflfrlfflfflrffffrrfllrlffflf"/>
	<trajectory sample="87" generation="87000" 
bestEnergy="-20.0" averageEnergy="-3.0072" worstEnergy="-1.0" bestConformation="Conformation 3.0 -3.0 Flllrffflrrlrrllrllfrfrllrflfrfffffllfrlrrfflrrflfrflrffrflfrllfflfrlrrflfrlfflfflrffffrrfllrlffflf"/>
	<trajectory sample="88" generation="88000" 
bestEnergy="-20.0" averageEnergy="-3.0069" worstEnergy="-1.0" bestConformation="Conformation 3.0 -3.0 Flllrffflrrlrrllrllfrfrllrflfrfffffllfrlrrfflrrflfrflrffrflfrllfflfrlrrflfrlfflfflrffffrrfllrlffflf"/>
	<trajectory sample="89" generation="89000" 
bestEnergy="-20.0" averageEnergy="-3.0069" worstEnergy="-1.0" bestConformation="Conformation 3.0 -3.0 Flllrffflrrlrrllrllfrfrllrflfrfffffllfrlrrfflrrflfrflrffrflfrllfflfrlrrflfrlfflfflrffffrrfllrlffflf"/>
	<trajectory sample="90" generation="90000" 
bestEnergy="-20.0" averageEnergy="-3.0069" worstEnergy="-1.0" bestConformation="Conformation 3.0 -3.0 Flllrffflrrlrrllrllfrfrllrflfrfffffllfrlrrfflrrflfrflrffrflfrllfflfrlrrflfrlfflfflrffffrrfllrlffflf"/>
	<trajectory sample="91" generation="91000" 
bestEnergy="-20.0" averageEnergy="-3.0069" worstEnergy="-1.0" bestConformation="Conformation 3.0 -3.0 Flllrffflrrlrrllrllfrfrllrflfrfffffllfrlrrfflrrflfrflrffrflfrllfflfrlrrflfrlfflfflrffffrrfllrlffflf"/>
	<trajectory sample="92" generation="92000" 
bestEnergy="-20.0" averageEnergy="-3.0069" worstEnergy="-1.0" bestConformation="Conformation 3.0 -3.0 Flllrffflrrlrrllrllfrfrllrflfrfffffllfrlrrfflrrflfrflrffrflfrllfflfrlrrflfrlfflfflrffffrrfllrlffflf"/>
	<trajectory sample="93" generation="93000" 
bestEnergy="-20.0" averageEnergy="-3.0069" worstEnergy="-1.0" bestConformation="Conformation 3.0 -3.0 Flllrffflrrlrrllrllfrfrllrflfrfffffllfrlrrfflrrflfrflrffrflfrllfflfrlrrflfrlfflfflrffffrrfllrlffflf"/>
	<trajectory sample="94" generation="94000" 
bestEnergy="-20.0" averageEnergy="-3.0053" worstEnergy="-1.0" bestConformation="Conformation 3.0 -3.0 Flllrffflrrlrrllrllfrfrllrflfrfffffllfrlrrfflrrflfrflrffrflfrllfflfrlrrflfrlfflfflrffffrrfllrlffflf"/>
	<trajectory sample="95" generation="95000" 
bestEnergy="-20.0" averageEnergy="-3.0053" worstEnergy="-1.0" bestConformation="Conformation 3.0 -3.0 Flllrffflrrlrrllrllfrfrllrflfrfffffllfrlrrfflrrflfrflrffrflfrllfflfrlrrflfrlfflfflrffffrrfllrlffflf"/>
	<trajectory sample="96" generation="96000" 
bestEnergy="-20.0" averageEnergy="-3.0053" worstEnergy="-1.0" bestConformation="Conformation 3.0 -3.0 Flllrffflrrlrrllrllfrfrllrflfrfffffllfrlrrfflrrflfrflrffrflfrllfflfrlrrflfrlfflfflrffffrrfllrlffflf"/>
	<trajectory sample="97" generation="97000" 
bestEnergy="-20.0" averageEnergy="-3.0053" worstEnergy="-1.0" bestConformation="Conformation 3.0 -3.0 Flllrffflrrlrrllrllfrfrllrflfrfffffllfrlrrfflrrflfrflrffrflfrllfflfrlrrflfrlfflfflrffffrrfllrlffflf"/>
	<trajectory sample="98" generation="98000" 
bestEnergy="-20.0" averageEnergy="-3.0053" worstEnergy="-1.0" bestConformation="Conformation 3.0 -3.0 Flllrffflrrlrrllrllfrfrllrflfrfffffllfrlrrfflrrflfrflrffrflfrllfflfrlrrflfrlfflfflrffffrrfllrlffflf"/>
	<trajectory sample="99" generation="99000" 
bestEnergy="-20.0" averageEnergy="-3.0037" worstEnergy="-1.0" bestConformation="Conformation 3.0 -3.0 Flllrffflrrlrrllrllfrfrllrflfrfffffllfrlrrfflrrflfrflrffrflfrllfflfrlrrflfrlfflfflrffffrrfllrlffflf"/>
	<trajectory sample="100" generation="100000" 
bestEnergy="-20.0" averageEnergy="-3.0026" worstEnergy="-1.0" bestConformation="Conformation 3.0 -3.0 Flllrffflrrlrrllrllfrfrllrflfrfffffllfrlrrfflrrflfrflrffrflfrllfflfrlrrflfrlfflfflrffffrrfllrlffflf"/>
	<trajectory sample="101" generation="101000" 
bestEnergy="-20.0" averageEnergy="-3.0026" worstEnergy="-1.0" bestConformation="Conformation 3.0 -3.0 Flllrffflrrlrrllrllfrfrllrflfrfffffllfrlrrfflrrflfrflrffrflfrllfflfrlrrflfrlfflfflrffffrrfllrlffflf"/>
	<trajectory sample="102" generation="102000" 
bestEnergy="-20.0" averageEnergy="-3.0026" worstEnergy="-1.0" bestConformation="Conformation 3.0 -3.0 Flllrffflrrlrrllrllfrfrllrflfrfffffllfrlrrfflrrflfrflrffrflfrllfflfrlrrflfrlfflfflrffffrrfllrlffflf"/>
	<trajectory sample="103" generation="103000" 
bestEnergy="-20.0" averageEnergy="-3.0026" worstEnergy="-1.0" bestConformation="Conformation 3.0 -3.0 Flllrffflrrlrrllrllfrfrllrflfrfffffllfrlrrfflrrflfrflrffrflfrllfflfrlrrflfrlfflfflrffffrrfllrlffflf"/>
	<trajectory sample="104" generation="104000" 
bestEnergy="-20.0" averageEnergy="-3.0026" worstEnergy="-1.0" bestConformation="Conformation 3.0 -3.0 Flllrffflrrlrrllrllfrfrllrflfrfffffllfrlrrfflrrflfrflrffrflfrllfflfrlrrflfrlfflfflrffffrrfllrlffflf"/>
	<trajectory sample="105" generation="105000" 
bestEnergy="-20.0" averageEnergy="-3.0026" worstEnergy="-1.0" bestConformation="Conformation 3.0 -3.0 Flllrffflrrlrrllrllfrfrllrflfrfffffllfrlrrfflrrflfrflrffrflfrllfflfrlrrflfrlfflfflrffffrrfllrlffflf"/>
	<trajectory sample="106" generation="106000" 
bestEnergy="-14.0" averageEnergy="-3.0009" worstEnergy="-1.0" bestConformation="Conformation 3.0 -3.0 Flllrffflrrlrrllrllfrfrllrflfrfffffllfrlrrfflrrflfrflrffrflfrllfflfrlrrflfrlfflfflrffffrrfllrlffflf"/>
	<trajectory sample="107" generation="107000" 
bestEnergy="-14.0" averageEnergy="-3.0001" worstEnergy="-1.0" bestConformation="Conformation 3.0 -3.0 Flllrffflrrlrrllrllfrfrllrflfrfffffllfrlrrfflrrflfrflrffrflfrllfflfrlrrflfrlfflfflrffffrrfllrlffflf"/>
	<trajectory sample="108" generation="108000" 
bestEnergy="-14.0" averageEnergy="-3.0001" worstEnergy="-1.0" bestConformation="Conformation 3.0 -3.0 Flllrffflrrlrrllrllfrfrllrflfrfffffllfrlrrfflrrflfrflrffrflfrllfflfrlrrflfrlfflfflrffffrrfllrlffflf"/>
	<trajectory sample="109" generation="109000" 
bestEnergy="-14.0" averageEnergy="-3.0001" worstEnergy="-1.0" bestConformation="Conformation 3.0 -3.0 Flllrffflrrlrrllrllfrfrllrflfrfffffllfrlrrfflrrflfrflrffrflfrllfflfrlrrflfrlfflfflrffffrrfllrlffflf"/>
	<trajectory sample="110" generation="110000" 
bestEnergy="-14.0" averageEnergy="-2.9991" worstEnergy="-1.0" bestConformation="Conformation 3.0 -3.0 Flllrffflrrlrrllrllfrfrllrflfrfffffllfrlrrfflrrflfrflrffrflfrllfflfrlrrflfrlfflfflrffffrrfllrlffflf"/>
	<trajectory sample="111" generation="111000" 
bestEnergy="0.0" averageEnergy="-2.998" worstEnergy="-1.0" bestConformation="Conformation 3.0 -3.0 Flllrffflrrlrrllrllfrfrllrflfrfffffllfrlrrfflrrflfrflrffrflfrllfflfrlrrflfrlfflfflrffffrrfllrlffflf"/>
	<trajectory sample="112" generation="112000" 
bestEnergy="0.0" averageEnergy="-2.998" worstEnergy="-1.0" bestConformation="Conformation 3.0 -3.0 Flllrffflrrlrrllrllfrfrllrflfrfffffllfrlrrfflrrflfrflrffrflfrllfflfrlrrflfrlfflfflrffffrrfllrlffflf"/>
	<trajectory sample="113" generation="113000" 
bestEnergy="0.0" averageEnergy="-2.998" worstEnergy="-1.0" bestConformation="Conformation 3.0 -3.0 Flllrffflrrlrrllrllfrfrllrflfrfffffllfrlrrfflrrflfrflrffrflfrllfflfrlrrflfrlfflfflrffffrrfllrlffflf"/>
	<trajectory sample="114" generation="114000" 
bestEnergy="0.0" averageEnergy="-2.998" worstEnergy="-1.0" bestConformation="Conformation 3.0 -3.0 Flllrffflrrlrrllrllfrfrllrflfrfffffllfrlrrfflrrflfrflrffrflfrllfflfrlrrflfrlfflfflrffffrrfllrlffflf"/>
	<trajectory sample="115" generation="115000" 
bestEnergy="0.0" averageEnergy="-2.998" worstEnergy="-1.0" bestConformation="Conformation 3.0 -3.0 Flllrffflrrlrrllrllfrfrllrflfrfffffllfrlrrfflrrflfrflrffrflfrllfflfrlrrflfrlfflfflrffffrrfllrlffflf"/>
	<trajectory sample="116" generation="116000" 
bestEnergy="0.0" averageEnergy="-2.998" worstEnergy="-1.0" bestConformation="Conformation 3.0 -3.0 Flllrffflrrlrrllrllfrfrllrflfrfffffllfrlrrfflrrflfrflrffrflfrllfflfrlrrflfrlfflfflrffffrrfllrlffflf"/>
	<trajectory sample="117" generation="117000" 
bestEnergy="0.0" averageEnergy="-2.998" worstEnergy="-1.0" bestConformation="Conformation 3.0 -3.0 Flllrffflrrlrrllrllfrfrllrflfrfffffllfrlrrfflrrflfrflrffrflfrllfflfrlrrflfrlfflfflrffffrrfllrlffflf"/>
	<trajectory sample="118" generation="118000" 
bestEnergy="0.0" averageEnergy="-2.998" worstEnergy="-1.0" bestConformation="Conformation 3.0 -3.0 Flllrffflrrlrrllrllfrfrllrflfrfffffllfrlrrfflrrflfrflrffrflfrllfflfrlrrflfrlfflfflrffffrrfllrlffflf"/>
	<trajectory sample="119" generation="119000" 
bestEnergy="0.0" averageEnergy="-2.998" worstEnergy="-1.0" bestConformation="Conformation 3.0 -3.0 Flllrffflrrlrrllrllfrfrllrflfrfffffllfrlrrfflrrflfrflrffrflfrllfflfrlrrflfrlfflfflrffffrrfllrlffflf"/>
	<trajectory sample="120" generation="120000" 
bestEnergy="0.0" averageEnergy="-2.998" worstEnergy="-1.0" bestConformation="Conformation 3.0 -3.0 Flllrffflrrlrrllrllfrfrllrflfrfffffllfrlrrfflrrflfrflrffrflfrllfflfrlrrflfrlfflfflrffffrrfllrlffflf"/>
	<trajectory sample="121" generation="121000" 
bestEnergy="0.0" averageEnergy="-2.998" worstEnergy="-1.0" bestConformation="Conformation 3.0 -3.0 Flllrffflrrlrrllrllfrfrllrflfrfffffllfrlrrfflrrflfrflrffrflfrllfflfrlrrflfrlfflfflrffffrrfllrlffflf"/>
	<trajectory sample="122" generation="122000" 
bestEnergy="0.0" averageEnergy="-2.998" worstEnergy="-1.0" bestConformation="Conformation 3.0 -3.0 Flllrffflrrlrrllrllfrfrllrflfrfffffllfrlrrfflrrflfrflrffrflfrllfflfrlrrflfrlfflfflrffffrrfllrlffflf"/>
	<trajectory sample="123" generation="123000" 
bestEnergy="0.0" averageEnergy="-2.998" worstEnergy="-1.0" bestConformation="Conformation 3.0 -3.0 Flllrffflrrlrrllrllfrfrllrflfrfffffllfrlrrfflrrflfrflrffrflfrllfflfrlrrflfrlfflfflrffffrrfllrlffflf"/>
	<trajectory sample="124" generation="124000" 
bestEnergy="0.0" averageEnergy="-2.998" worstEnergy="-1.0" bestConformation="Conformation 3.0 -3.0 Flllrffflrrlrrllrllfrfrllrflfrfffffllfrlrrfflrrflfrflrffrflfrllfflfrlrrflfrlfflfflrffffrrfllrlffflf"/>
	<trajectory sample="125" generation="125000" 
bestEnergy="0.0" averageEnergy="-2.998" worstEnergy="-1.0" bestConformation="Conformation 3.0 -3.0 Flllrffflrrlrrllrllfrfrllrflfrfffffllfrlrrfflrrflfrflrffrflfrllfflfrlrrflfrlfflfflrffffrrfllrlffflf"/>
	<trajectory sample="126" generation="126000" 
bestEnergy="0.0" averageEnergy="-2.998" worstEnergy="-1.0" bestConformation="Conformation 3.0 -3.0 Flllrffflrrlrrllrllfrfrllrflfrfffffllfrlrrfflrrflfrflrffrflfrllfflfrlrrflfrlfflfflrffffrrfllrlffflf"/>
	<trajectory sample="127" generation="127000" 
bestEnergy="0.0" averageEnergy="-2.998" worstEnergy="-1.0" bestConformation="Conformation 3.0 -3.0 Flllrffflrrlrrllrllfrfrllrflfrfffffllfrlrrfflrrflfrflrffrflfrllfflfrlrrflfrlfflfflrffffrrfllrlffflf"/>
	<trajectory sample="128" generation="128000" 
bestEnergy="0.0" averageEnergy="-2.998" worstEnergy="-1.0" bestConformation="Conformation 3.0 -3.0 Flllrffflrrlrrllrllfrfrllrflfrfffffllfrlrrfflrrflfrflrffrflfrllfflfrlrrflfrlfflfflrffffrrfllrlffflf"/>
	<trajectory sample="129" generation="129000" 
bestEnergy="0.0" averageEnergy="-2.998" worstEnergy="-1.0" bestConformation="Conformation 3.0 -3.0 Flllrffflrrlrrllrllfrfrllrflfrfffffllfrlrrfflrrflfrflrffrflfrllfflfrlrrflfrlfflfflrffffrrfllrlffflf"/>
	<trajectory sample="130" generation="130000" 
bestEnergy="0.0" averageEnergy="-2.998" worstEnergy="-1.0" bestConformation="Conformation 3.0 -3.0 Flllrffflrrlrrllrllfrfrllrflfrfffffllfrlrrfflrrflfrflrffrflfrllfflfrlrrflfrlfflfflrffffrrfllrlffflf"/>
	<trajectory sample="131" generation="131000" 
bestEnergy="0.0" averageEnergy="-2.998" worstEnergy="-1.0" bestConformation="Conformation 3.0 -3.0 Flllrffflrrlrrllrllfrfrllrflfrfffffllfrlrrfflrrflfrflrffrflfrllfflfrlrrflfrlfflfflrffffrrfllrlffflf"/>
	<trajectory sample="132" generation="132000" 
bestEnergy="0.0" averageEnergy="-2.998" worstEnergy="-1.0" bestConformation="Conformation 3.0 -3.0 Flllrffflrrlrrllrllfrfrllrflfrfffffllfrlrrfflrrflfrflrffrflfrllfflfrlrrflfrlfflfflrffffrrfllrlffflf"/>
	<trajectory sample="133" generation="133000" 
bestEnergy="0.0" averageEnergy="-2.998" worstEnergy="-1.0" bestConformation="Conformation 3.0 -3.0 Flllrffflrrlrrllrllfrfrllrflfrfffffllfrlrrfflrrflfrflrffrflfrllfflfrlrrflfrlfflfflrffffrrfllrlffflf"/>
	<trajectory sample="134" generation="134000" 
bestEnergy="0.0" averageEnergy="-2.998" worstEnergy="-1.0" bestConformation="Conformation 3.0 -3.0 Flllrffflrrlrrllrllfrfrllrflfrfffffllfrlrrfflrrflfrflrffrflfrllfflfrlrrflfrlfflfflrffffrrfllrlffflf"/>
	<trajectory sample="135" generation="135000" 
bestEnergy="0.0" averageEnergy="-2.998" worstEnergy="-1.0" bestConformation="Conformation 3.0 -3.0 Flllrffflrrlrrllrllfrfrllrflfrfffffllfrlrrfflrrflfrflrffrflfrllfflfrlrrflfrlfflfflrffffrrfllrlffflf"/>
	<trajectory sample="136" generation="136000" 
bestEnergy="0.0" averageEnergy="-2.998" worstEnergy="-1.0" bestConformation="Conformation 3.0 -3.0 Flllrffflrrlrrllrllfrfrllrflfrfffffllfrlrrfflrrflfrflrffrflfrllfflfrlrrflfrlfflfflrffffrrfllrlffflf"/>
	<trajectory sample="137" generation="137000" 
bestEnergy="0.0" averageEnergy="-2.998" worstEnergy="-1.0" bestConformation="Conformation 3.0 -3.0 Flllrffflrrlrrllrllfrfrllrflfrfffffllfrlrrfflrrflfrflrffrflfrllfflfrlrrflfrlfflfflrffffrrfllrlffflf"/>
	<trajectory sample="138" generation="138000" 
bestEnergy="0.0" averageEnergy="-2.998" worstEnergy="-1.0" bestConformation="Conformation 3.0 -3.0 Flllrffflrrlrrllrllfrfrllrflfrfffffllfrlrrfflrrflfrflrffrflfrllfflfrlrrflfrlfflfflrffffrrfllrlffflf"/>
	<trajectory sample="139" generation="139000" 
bestEnergy="0.0" averageEnergy="-2.998" worstEnergy="-1.0" bestConformation="Conformation 3.0 -3.0 Flllrffflrrlrrllrllfrfrllrflfrfffffllfrlrrfflrrflfrflrffrflfrllfflfrlrrflfrlfflfflrffffrrfllrlffflf"/>
	<trajectory sample="140" generation="140000" 
bestEnergy="0.0" averageEnergy="-2.998" worstEnergy="-1.0" bestConformation="Conformation 3.0 -3.0 Flllrffflrrlrrllrllfrfrllrflfrfffffllfrlrrfflrrflfrflrffrflfrllfflfrlrrflfrlfflfflrffffrrfllrlffflf"/>
	<trajectory sample="141" generation="141000" 
bestEnergy="0.0" averageEnergy="-2.998" worstEnergy="-1.0" bestConformation="Conformation 3.0 -3.0 Flllrffflrrlrrllrllfrfrllrflfrfffffllfrlrrfflrrflfrflrffrflfrllfflfrlrrflfrlfflfflrffffrrfllrlffflf"/>
	<trajectory sample="142" generation="142000" 
bestEnergy="0.0" averageEnergy="-2.998" worstEnergy="-1.0" bestConformation="Conformation 3.0 -3.0 Flllrffflrrlrrllrllfrfrllrflfrfffffllfrlrrfflrrflfrflrffrflfrllfflfrlrrflfrlfflfflrffffrrfllrlffflf"/>
	<trajectory sample="143" generation="143000" 
bestEnergy="0.0" averageEnergy="-2.998" worstEnergy="-1.0" bestConformation="Conformation 3.0 -3.0 Flllrffflrrlrrllrllfrfrllrflfrfffffllfrlrrfflrrflfrflrffrflfrllfflfrlrrflfrlfflfflrffffrrfllrlffflf"/>
	<trajectory sample="144" generation="144000" 
bestEnergy="0.0" averageEnergy="-2.998" worstEnergy="-1.0" bestConformation="Conformation 3.0 -3.0 Flllrffflrrlrrllrllfrfrllrflfrfffffllfrlrrfflrrflfrflrffrflfrllfflfrlrrflfrlfflfflrffffrrfllrlffflf"/>
	<trajectory sample="145" generation="145000" 
bestEnergy="0.0" averageEnergy="-2.998" worstEnergy="-1.0" bestConformation="Conformation 3.0 -3.0 Flllrffflrrlrrllrllfrfrllrflfrfffffllfrlrrfflrrflfrflrffrflfrllfflfrlrrflfrlfflfflrffffrrfllrlffflf"/>
	<trajectory sample="146" generation="146000" 
bestEnergy="0.0" averageEnergy="-2.998" worstEnergy="-1.0" bestConformation="Conformation 3.0 -3.0 Flllrffflrrlrrllrllfrfrllrflfrfffffllfrlrrfflrrflfrflrffrflfrllfflfrlrrflfrlfflfflrffffrrfllrlffflf"/>
	<trajectory sample="147" generation="147000" 
bestEnergy="0.0" averageEnergy="-2.998" worstEnergy="-1.0" bestConformation="Conformation 3.0 -3.0 Flllrffflrrlrrllrllfrfrllrflfrfffffllfrlrrfflrrflfrflrffrflfrllfflfrlrrflfrlfflfflrffffrrfllrlffflf"/>
	<trajectory sample="148" generation="148000" 
bestEnergy="0.0" averageEnergy="-2.998" worstEnergy="-1.0" bestConformation="Conformation 3.0 -3.0 Flllrffflrrlrrllrllfrfrllrflfrfffffllfrlrrfflrrflfrflrffrflfrllfflfrlrrflfrlfflfflrffffrrfllrlffflf"/>
	<trajectory sample="149" generation="149000" 
bestEnergy="0.0" averageEnergy="-2.998" worstEnergy="-1.0" bestConformation="Conformation 3.0 -3.0 Flllrffflrrlrrllrllfrfrllrflfrfffffllfrlrrfflrrflfrflrffrflfrllfflfrlrrflfrlfflfflrffffrrfllrlffflf"/>
	<trajectory sample="150" generation="150000" 
bestEnergy="0.0" averageEnergy="-2.998" worstEnergy="-1.0" bestConformation="Conformation 3.0 -3.0 Flllrffflrrlrrllrllfrfrllrflfrfffffllfrlrrfflrrflfrflrffrflfrllfflfrlrrflfrlfflfflrffffrrfllrlffflf"/>
	<trajectory sample="151" generation="151000" 
bestEnergy="0.0" averageEnergy="-2.998" worstEnergy="-1.0" bestConformation="Conformation 3.0 -3.0 Flllrffflrrlrrllrllfrfrllrflfrfffffllfrlrrfflrrflfrflrffrflfrllfflfrlrrflfrlfflfflrffffrrfllrlffflf"/>
	<trajectory sample="152" generation="152000" 
bestEnergy="0.0" averageEnergy="-2.998" worstEnergy="-1.0" bestConformation="Conformation 3.0 -3.0 Flllrffflrrlrrllrllfrfrllrflfrfffffllfrlrrfflrrflfrflrffrflfrllfflfrlrrflfrlfflfflrffffrrfllrlffflf"/>
	<trajectory sample="153" generation="153000" 
bestEnergy="0.0" averageEnergy="-2.998" worstEnergy="-1.0" bestConformation="Conformation 3.0 -3.0 Flllrffflrrlrrllrllfrfrllrflfrfffffllfrlrrfflrrflfrflrffrflfrllfflfrlrrflfrlfflfflrffffrrfllrlffflf"/>
	<trajectory sample="154" generation="154000" 
bestEnergy="0.0" averageEnergy="-2.998" worstEnergy="-1.0" bestConformation="Conformation 3.0 -3.0 Flllrffflrrlrrllrllfrfrllrflfrfffffllfrlrrfflrrflfrflrffrflfrllfflfrlrrflfrlfflfflrffffrrfllrlffflf"/>
	<trajectory sample="155" generation="155000" 
bestEnergy="0.0" averageEnergy="-2.998" worstEnergy="-1.0" bestConformation="Conformation 3.0 -3.0 Flllrffflrrlrrllrllfrfrllrflfrfffffllfrlrrfflrrflfrflrffrflfrllfflfrlrrflfrlfflfflrffffrrfllrlffflf"/>
	<trajectory sample="156" generation="156000" 
bestEnergy="0.0" averageEnergy="-2.998" worstEnergy="-1.0" bestConformation="Conformation 3.0 -3.0 Flllrffflrrlrrllrllfrfrllrflfrfffffllfrlrrfflrrflfrflrffrflfrllfflfrlrrflfrlfflfflrffffrrfllrlffflf"/>
	<trajectory sample="157" generation="157000" 
bestEnergy="0.0" averageEnergy="-2.998" worstEnergy="-1.0" bestConformation="Conformation 3.0 -3.0 Flllrffflrrlrrllrllfrfrllrflfrfffffllfrlrrfflrrflfrflrffrflfrllfflfrlrrflfrlfflfflrffffrrfllrlffflf"/>
	<trajectory sample="158" generation="158000" 
bestEnergy="0.0" averageEnergy="-2.998" worstEnergy="-1.0" bestConformation="Conformation 3.0 -3.0 Flllrffflrrlrrllrllfrfrllrflfrfffffllfrlrrfflrrflfrflrffrflfrllfflfrlrrflfrlfflfflrffffrrfllrlffflf"/>
	<trajectory sample="159" generation="159000" 
bestEnergy="0.0" averageEnergy="-2.998" worstEnergy="-1.0" bestConformation="Conformation 3.0 -3.0 Flllrffflrrlrrllrllfrfrllrflfrfffffllfrlrrfflrrflfrflrffrflfrllfflfrlrrflfrlfflfflrffffrrfllrlffflf"/>
	<trajectory sample="160" generation="160000" 
bestEnergy="0.0" averageEnergy="-2.998" worstEnergy="-1.0" bestConformation="Conformation 3.0 -3.0 Flllrffflrrlrrllrllfrfrllrflfrfffffllfrlrrfflrrflfrflrffrflfrllfflfrlrrflfrlfflfflrffffrrfllrlffflf"/>
	<trajectory sample="161" generation="161000" 
bestEnergy="0.0" averageEnergy="-2.998" worstEnergy="-1.0" bestConformation="Conformation 3.0 -3.0 Flllrffflrrlrrllrllfrfrllrflfrfffffllfrlrrfflrrflfrflrffrflfrllfflfrlrrflfrlfflfflrffffrrfllrlffflf"/>
	<trajectory sample="162" generation="162000" 
bestEnergy="0.0" averageEnergy="-2.998" worstEnergy="-1.0" bestConformation="Conformation 3.0 -3.0 Flllrffflrrlrrllrllfrfrllrflfrfffffllfrlrrfflrrflfrflrffrflfrllfflfrlrrflfrlfflfflrffffrrfllrlffflf"/>
	<trajectory sample="163" generation="163000" 
bestEnergy="0.0" averageEnergy="-2.998" worstEnergy="-1.0" bestConformation="Conformation 3.0 -3.0 Flllrffflrrlrrllrllfrfrllrflfrfffffllfrlrrfflrrflfrflrffrflfrllfflfrlrrflfrlfflfflrffffrrfllrlffflf"/>
	<trajectory sample="164" generation="164000" 
bestEnergy="0.0" averageEnergy="-2.998" worstEnergy="-1.0" bestConformation="Conformation 3.0 -3.0 Flllrffflrrlrrllrllfrfrllrflfrfffffllfrlrrfflrrflfrflrffrflfrllfflfrlrrflfrlfflfflrffffrrfllrlffflf"/>
	<trajectory sample="165" generation="165000" 
bestEnergy="0.0" averageEnergy="-2.998" worstEnergy="-1.0" bestConformation="Conformation 3.0 -3.0 Flllrffflrrlrrllrllfrfrllrflfrfffffllfrlrrfflrrflfrflrffrflfrllfflfrlrrflfrlfflfflrffffrrfllrlffflf"/>
	<trajectory sample="166" generation="166000" 
bestEnergy="0.0" averageEnergy="-2.998" worstEnergy="-1.0" bestConformation="Conformation 3.0 -3.0 Flllrffflrrlrrllrllfrfrllrflfrfffffllfrlrrfflrrflfrflrffrflfrllfflfrlrrflfrlfflfflrffffrrfllrlffflf"/>
	<trajectory sample="167" generation="167000" 
bestEnergy="0.0" averageEnergy="-2.998" worstEnergy="-1.0" bestConformation="Conformation 3.0 -3.0 Flllrffflrrlrrllrllfrfrllrflfrfffffllfrlrrfflrrflfrflrffrflfrllfflfrlrrflfrlfflfflrffffrrfllrlffflf"/>
	<trajectory sample="168" generation="168000" 
bestEnergy="0.0" averageEnergy="-2.998" worstEnergy="-1.0" bestConformation="Conformation 3.0 -3.0 Flllrffflrrlrrllrllfrfrllrflfrfffffllfrlrrfflrrflfrflrffrflfrllfflfrlrrflfrlfflfflrffffrrfllrlffflf"/>
	<trajectory sample="169" generation="169000" 
bestEnergy="0.0" averageEnergy="-2.998" worstEnergy="-1.0" bestConformation="Conformation 3.0 -3.0 Flllrffflrrlrrllrllfrfrllrflfrfffffllfrlrrfflrrflfrflrffrflfrllfflfrlrrflfrlfflfflrffffrrfllrlffflf"/>
	<trajectory sample="170" generation="170000" 
bestEnergy="0.0" averageEnergy="-2.998" worstEnergy="-1.0" bestConformation="Conformation 3.0 -3.0 Flllrffflrrlrrllrllfrfrllrflfrfffffllfrlrrfflrrflfrflrffrflfrllfflfrlrrflfrlfflfflrffffrrfllrlffflf"/>
	<trajectory sample="171" generation="171000" 
bestEnergy="0.0" averageEnergy="-2.998" worstEnergy="-1.0" bestConformation="Conformation 3.0 -3.0 Flllrffflrrlrrllrllfrfrllrflfrfffffllfrlrrfflrrflfrflrffrflfrllfflfrlrrflfrlfflfflrffffrrfllrlffflf"/>
	<trajectory sample="172" generation="172000" 
bestEnergy="0.0" averageEnergy="-2.998" worstEnergy="-1.0" bestConformation="Conformation 3.0 -3.0 Flllrffflrrlrrllrllfrfrllrflfrfffffllfrlrrfflrrflfrflrffrflfrllfflfrlrrflfrlfflfflrffffrrfllrlffflf"/>
	<trajectory sample="173" generation="173000" 
bestEnergy="0.0" averageEnergy="-2.998" worstEnergy="-1.0" bestConformation="Conformation 3.0 -3.0 Flllrffflrrlrrllrllfrfrllrflfrfffffllfrlrrfflrrflfrflrffrflfrllfflfrlrrflfrlfflfflrffffrrfllrlffflf"/>
	<trajectory sample="174" generation="174000" 
bestEnergy="0.0" averageEnergy="-2.998" worstEnergy="-1.0" bestConformation="Conformation 3.0 -3.0 Flllrffflrrlrrllrllfrfrllrflfrfffffllfrlrrfflrrflfrflrffrflfrllfflfrlrrflfrlfflfflrffffrrfllrlffflf"/>
	<trajectory sample="175" generation="175000" 
bestEnergy="0.0" averageEnergy="-2.998" worstEnergy="-1.0" bestConformation="Conformation 3.0 -3.0 Flllrffflrrlrrllrllfrfrllrflfrfffffllfrlrrfflrrflfrflrffrflfrllfflfrlrrflfrlfflfflrffffrrfllrlffflf"/>
	<trajectory sample="176" generation="176000" 
bestEnergy="0.0" averageEnergy="-2.998" worstEnergy="-1.0" bestConformation="Conformation 3.0 -3.0 Flllrffflrrlrrllrllfrfrllrflfrfffffllfrlrrfflrrflfrflrffrflfrllfflfrlrrflfrlfflfflrffffrrfllrlffflf"/>
	<trajectory sample="177" generation="177000" 
bestEnergy="0.0" averageEnergy="-2.998" worstEnergy="-1.0" bestConformation="Conformation 3.0 -3.0 Flllrffflrrlrrllrllfrfrllrflfrfffffllfrlrrfflrrflfrflrffrflfrllfflfrlrrflfrlfflfflrffffrrfllrlffflf"/>
	<trajectory sample="178" generation="178000" 
bestEnergy="0.0" averageEnergy="-2.998" worstEnergy="-1.0" bestConformation="Conformation 3.0 -3.0 Flllrffflrrlrrllrllfrfrllrflfrfffffllfrlrrfflrrflfrflrffrflfrllfflfrlrrflfrlfflfflrffffrrfllrlffflf"/>
	<trajectory sample="179" generation="179000" 
bestEnergy="0.0" averageEnergy="-2.998" worstEnergy="-1.0" bestConformation="Conformation 3.0 -3.0 Flllrffflrrlrrllrllfrfrllrflfrfffffllfrlrrfflrrflfrflrffrflfrllfflfrlrrflfrlfflfflrffffrrfllrlffflf"/>
	<trajectory sample="180" generation="180000" 
bestEnergy="0.0" averageEnergy="-2.998" worstEnergy="-1.0" bestConformation="Conformation 3.0 -3.0 Flllrffflrrlrrllrllfrfrllrflfrfffffllfrlrrfflrrflfrflrffrflfrllfflfrlrrflfrlfflfflrffffrrfllrlffflf"/>
	<trajectory sample="181" generation="181000" 
bestEnergy="0.0" averageEnergy="-2.998" worstEnergy="-1.0" bestConformation="Conformation 3.0 -3.0 Flllrffflrrlrrllrllfrfrllrflfrfffffllfrlrrfflrrflfrflrffrflfrllfflfrlrrflfrlfflfflrffffrrfllrlffflf"/>
	<trajectory sample="182" generation="182000" 
bestEnergy="0.0" averageEnergy="-2.998" worstEnergy="-1.0" bestConformation="Conformation 3.0 -3.0 Flllrffflrrlrrllrllfrfrllrflfrfffffllfrlrrfflrrflfrflrffrflfrllfflfrlrrflfrlfflfflrffffrrfllrlffflf"/>
	<trajectory sample="183" generation="183000" 
bestEnergy="0.0" averageEnergy="-2.998" worstEnergy="-1.0" bestConformation="Conformation 3.0 -3.0 Flllrffflrrlrrllrllfrfrllrflfrfffffllfrlrrfflrrflfrflrffrflfrllfflfrlrrflfrlfflfflrffffrrfllrlffflf"/>
	<trajectory sample="184" generation="184000" 
bestEnergy="0.0" averageEnergy="-2.998" worstEnergy="-1.0" bestConformation="Conformation 3.0 -3.0 Flllrffflrrlrrllrllfrfrllrflfrfffffllfrlrrfflrrflfrflrffrflfrllfflfrlrrflfrlfflfflrffffrrfllrlffflf"/>
	<trajectory sample="185" generation="185000" 
bestEnergy="0.0" averageEnergy="-2.998" worstEnergy="-1.0" bestConformation="Conformation 3.0 -3.0 Flllrffflrrlrrllrllfrfrllrflfrfffffllfrlrrfflrrflfrflrffrflfrllfflfrlrrflfrlfflfflrffffrrfllrlffflf"/>
	<trajectory sample="186" generation="186000" 
bestEnergy="0.0" averageEnergy="-2.998" worstEnergy="-1.0" bestConformation="Conformation 3.0 -3.0 Flllrffflrrlrrllrllfrfrllrflfrfffffllfrlrrfflrrflfrflrffrflfrllfflfrlrrflfrlfflfflrffffrrfllrlffflf"/>
	<trajectory sample="187" generation="187000" 
bestEnergy="0.0" averageEnergy="-2.998" worstEnergy="-1.0" bestConformation="Conformation 3.0 -3.0 Flllrffflrrlrrllrllfrfrllrflfrfffffllfrlrrfflrrflfrflrffrflfrllfflfrlrrflfrlfflfflrffffrrfllrlffflf"/>
	<trajectory sample="188" generation="188000" 
bestEnergy="0.0" averageEnergy="-2.998" worstEnergy="-1.0" bestConformation="Conformation 3.0 -3.0 Flllrffflrrlrrllrllfrfrllrflfrfffffllfrlrrfflrrflfrflrffrflfrllfflfrlrrflfrlfflfflrffffrrfllrlffflf"/>
	<trajectory sample="189" generation="189000" 
bestEnergy="0.0" averageEnergy="-2.998" worstEnergy="-1.0" bestConformation="Conformation 3.0 -3.0 Flllrffflrrlrrllrllfrfrllrflfrfffffllfrlrrfflrrflfrflrffrflfrllfflfrlrrflfrlfflfflrffffrrfllrlffflf"/>
	<trajectory sample="190" generation="190000" 
bestEnergy="0.0" averageEnergy="-2.998" worstEnergy="-1.0" bestConformation="Conformation 3.0 -3.0 Flllrffflrrlrrllrllfrfrllrflfrfffffllfrlrrfflrrflfrflrffrflfrllfflfrlrrflfrlfflfflrffffrrfllrlffflf"/>
	<trajectory sample="191" generation="191000" 
bestEnergy="0.0" averageEnergy="-2.998" worstEnergy="-1.0" bestConformation="Conformation 3.0 -3.0 Flllrffflrrlrrllrllfrfrllrflfrfffffllfrlrrfflrrflfrflrffrflfrllfflfrlrrflfrlfflfflrffffrrfllrlffflf"/>
	<trajectory sample="192" generation="192000" 
bestEnergy="0.0" averageEnergy="-2.998" worstEnergy="-1.0" bestConformation="Conformation 3.0 -3.0 Flllrffflrrlrrllrllfrfrllrflfrfffffllfrlrrfflrrflfrflrffrflfrllfflfrlrrflfrlfflfflrffffrrfllrlffflf"/>
	<trajectory sample="193" generation="193000" 
bestEnergy="0.0" averageEnergy="-2.998" worstEnergy="-1.0" bestConformation="Conformation 3.0 -3.0 Flllrffflrrlrrllrllfrfrllrflfrfffffllfrlrrfflrrflfrflrffrflfrllfflfrlrrflfrlfflfflrffffrrfllrlffflf"/>
	<trajectory sample="194" generation="194000" 
bestEnergy="0.0" averageEnergy="-2.998" worstEnergy="-1.0" bestConformation="Conformation 3.0 -3.0 Flllrffflrrlrrllrllfrfrllrflfrfffffllfrlrrfflrrflfrflrffrflfrllfflfrlrrflfrlfflfflrffffrrfllrlffflf"/>
	<trajectory sample="195" generation="195000" 
bestEnergy="0.0" averageEnergy="-2.998" worstEnergy="-1.0" bestConformation="Conformation 3.0 -3.0 Flllrffflrrlrrllrllfrfrllrflfrfffffllfrlrrfflrrflfrflrffrflfrllfflfrlrrflfrlfflfflrffffrrfllrlffflf"/>
	<trajectory sample="196" generation="196000" 
bestEnergy="0.0" averageEnergy="-2.998" worstEnergy="-1.0" bestConformation="Conformation 3.0 -3.0 Flllrffflrrlrrllrllfrfrllrflfrfffffllfrlrrfflrrflfrflrffrflfrllfflfrlrrflfrlfflfflrffffrrfllrlffflf"/>
	<trajectory sample="197" generation="197000" 
bestEnergy="0.0" averageEnergy="-2.998" worstEnergy="-1.0" bestConformation="Conformation 3.0 -3.0 Flllrffflrrlrrllrllfrfrllrflfrfffffllfrlrrfflrrflfrflrffrflfrllfflfrlrrflfrlfflfflrffffrrfllrlffflf"/>
	<trajectory sample="198" generation="198000" 
bestEnergy="0.0" averageEnergy="-2.998" worstEnergy="-1.0" bestConformation="Conformation 3.0 -3.0 Flllrffflrrlrrllrllfrfrllrflfrfffffllfrlrrfflrrflfrflrffrflfrllfflfrlrrflfrlfflfflrffffrrfllrlffflf"/>
	<trajectory sample="199" generation="199000" 
bestEnergy="0.0" averageEnergy="-2.998" worstEnergy="-1.0" bestConformation="Conformation 3.0 -3.0 Flllrffflrrlrrllrllfrfrllrflfrfffffllfrlrrfflrrflfrflrffrflfrllfflfrlrrflfrlfflfflrffffrrfllrlffflf"/>
	<trajectory sample="200" generation="200000" 
bestEnergy="0.0" averageEnergy="-2.998" worstEnergy="-1.0" bestConformation="Conformation 3.0 -3.0 Flllrffflrrlrrllrllfrfrllrflfrfffffllfrlrrfflrrflfrflrffrflfrllfflfrlrrflfrlfflfflrffffrrfllrlffflf"/>
	<trajectory sample="201" generation="201000" 
bestEnergy="0.0" averageEnergy="-2.998" worstEnergy="-1.0" bestConformation="Conformation 3.0 -3.0 Flllrffflrrlrrllrllfrfrllrflfrfffffllfrlrrfflrrflfrflrffrflfrllfflfrlrrflfrlfflfflrffffrrfllrlffflf"/>
	<trajectory sample="202" generation="202000" 
bestEnergy="0.0" averageEnergy="-2.998" worstEnergy="-1.0" bestConformation="Conformation 3.0 -3.0 Flllrffflrrlrrllrllfrfrllrflfrfffffllfrlrrfflrrflfrflrffrflfrllfflfrlrrflfrlfflfflrffffrrfllrlffflf"/>
	<trajectory sample="203" generation="203000" 
bestEnergy="0.0" averageEnergy="-2.998" worstEnergy="-1.0" bestConformation="Conformation 3.0 -3.0 Flllrffflrrlrrllrllfrfrllrflfrfffffllfrlrrfflrrflfrflrffrflfrllfflfrlrrflfrlfflfflrffffrrfllrlffflf"/>
	<trajectory sample="204" generation="204000" 
bestEnergy="0.0" averageEnergy="-2.998" worstEnergy="-1.0" bestConformation="Conformation 3.0 -3.0 Flllrffflrrlrrllrllfrfrllrflfrfffffllfrlrrfflrrflfrflrffrflfrllfflfrlrrflfrlfflfflrffffrrfllrlffflf"/>
	<trajectory sample="205" generation="205000" 
bestEnergy="0.0" averageEnergy="-2.998" worstEnergy="-1.0" bestConformation="Conformation 3.0 -3.0 Flllrffflrrlrrllrllfrfrllrflfrfffffllfrlrrfflrrflfrflrffrflfrllfflfrlrrflfrlfflfflrffffrrfllrlffflf"/>
	<trajectory sample="206" generation="206000" 
bestEnergy="0.0" averageEnergy="-2.998" worstEnergy="-1.0" bestConformation="Conformation 3.0 -3.0 Flllrffflrrlrrllrllfrfrllrflfrfffffllfrlrrfflrrflfrflrffrflfrllfflfrlrrflfrlfflfflrffffrrfllrlffflf"/>
	<trajectory sample="207" generation="207000" 
bestEnergy="0.0" averageEnergy="-2.998" worstEnergy="-1.0" bestConformation="Conformation 3.0 -3.0 Flllrffflrrlrrllrllfrfrllrflfrfffffllfrlrrfflrrflfrflrffrflfrllfflfrlrrflfrlfflfflrffffrrfllrlffflf"/>
	<trajectory sample="208" generation="208000" 
bestEnergy="0.0" averageEnergy="-2.998" worstEnergy="-1.0" bestConformation="Conformation 3.0 -3.0 Flllrffflrrlrrllrllfrfrllrflfrfffffllfrlrrfflrrflfrflrffrflfrllfflfrlrrflfrlfflfflrffffrrfllrlffflf"/>
	<trajectory sample="209" generation="209000" 
bestEnergy="0.0" averageEnergy="-2.998" worstEnergy="-1.0" bestConformation="Conformation 3.0 -3.0 Flllrffflrrlrrllrllfrfrllrflfrfffffllfrlrrfflrrflfrflrffrflfrllfflfrlrrflfrlfflfflrffffrrfllrlffflf"/>
	<trajectory sample="210" generation="210000" 
bestEnergy="0.0" averageEnergy="-2.998" worstEnergy="-1.0" bestConformation="Conformation 3.0 -3.0 Flllrffflrrlrrllrllfrfrllrflfrfffffllfrlrrfflrrflfrflrffrflfrllfflfrlrrflfrlfflfflrffffrrfllrlffflf"/>
	<trajectory sample="211" generation="211000" 
bestEnergy="0.0" averageEnergy="-2.998" worstEnergy="-1.0" bestConformation="Conformation 3.0 -3.0 Flllrffflrrlrrllrllfrfrllrflfrfffffllfrlrrfflrrflfrflrffrflfrllfflfrlrrflfrlfflfflrffffrrfllrlffflf"/>
	<trajectory sample="212" generation="212000" 
bestEnergy="0.0" averageEnergy="-2.998" worstEnergy="-1.0" bestConformation="Conformation 3.0 -3.0 Flllrffflrrlrrllrllfrfrllrflfrfffffllfrlrrfflrrflfrflrffrflfrllfflfrlrrflfrlfflfflrffffrrfllrlffflf"/>
	<trajectory sample="213" generation="213000" 
bestEnergy="0.0" averageEnergy="-2.998" worstEnergy="-1.0" bestConformation="Conformation 3.0 -3.0 Flllrffflrrlrrllrllfrfrllrflfrfffffllfrlrrfflrrflfrflrffrflfrllfflfrlrrflfrlfflfflrffffrrfllrlffflf"/>
	<trajectory sample="214" generation="214000" 
bestEnergy="0.0" averageEnergy="-2.998" worstEnergy="-1.0" bestConformation="Conformation 3.0 -3.0 Flllrffflrrlrrllrllfrfrllrflfrfffffllfrlrrfflrrflfrflrffrflfrllfflfrlrrflfrlfflfflrffffrrfllrlffflf"/>
	<trajectory sample="215" generation="215000" 
bestEnergy="0.0" averageEnergy="-2.998" worstEnergy="-1.0" bestConformation="Conformation 3.0 -3.0 Flllrffflrrlrrllrllfrfrllrflfrfffffllfrlrrfflrrflfrflrffrflfrllfflfrlrrflfrlfflfflrffffrrfllrlffflf"/>
	<trajectory sample="216" generation="216000" 
bestEnergy="0.0" averageEnergy="-2.998" worstEnergy="-1.0" bestConformation="Conformation 3.0 -3.0 Flllrffflrrlrrllrllfrfrllrflfrfffffllfrlrrfflrrflfrflrffrflfrllfflfrlrrflfrlfflfflrffffrrfllrlffflf"/>
	<trajectory sample="217" generation="217000" 
bestEnergy="0.0" averageEnergy="-2.998" worstEnergy="-1.0" bestConformation="Conformation 3.0 -3.0 Flllrffflrrlrrllrllfrfrllrflfrfffffllfrlrrfflrrflfrflrffrflfrllfflfrlrrflfrlfflfflrffffrrfllrlffflf"/>
	<trajectory sample="218" generation="218000" 
bestEnergy="0.0" averageEnergy="-2.998" worstEnergy="-1.0" bestConformation="Conformation 3.0 -3.0 Flllrffflrrlrrllrllfrfrllrflfrfffffllfrlrrfflrrflfrflrffrflfrllfflfrlrrflfrlfflfflrffffrrfllrlffflf"/>
	<trajectory sample="219" generation="219000" 
bestEnergy="0.0" averageEnergy="-2.998" worstEnergy="-1.0" bestConformation="Conformation 3.0 -3.0 Flllrffflrrlrrllrllfrfrllrflfrfffffllfrlrrfflrrflfrflrffrflfrllfflfrlrrflfrlfflfflrffffrrfllrlffflf"/>
	<trajectory sample="220" generation="220000" 
bestEnergy="0.0" averageEnergy="-2.998" worstEnergy="-1.0" bestConformation="Conformation 3.0 -3.0 Flllrffflrrlrrllrllfrfrllrflfrfffffllfrlrrfflrrflfrflrffrflfrllfflfrlrrflfrlfflfflrffffrrfllrlffflf"/>
	<trajectory sample="221" generation="221000" 
bestEnergy="0.0" averageEnergy="-2.998" worstEnergy="-1.0" bestConformation="Conformation 3.0 -3.0 Flllrffflrrlrrllrllfrfrllrflfrfffffllfrlrrfflrrflfrflrffrflfrllfflfrlrrflfrlfflfflrffffrrfllrlffflf"/>
	<trajectory sample="222" generation="222000" 
bestEnergy="0.0" averageEnergy="-2.998" worstEnergy="-1.0" bestConformation="Conformation 3.0 -3.0 Flllrffflrrlrrllrllfrfrllrflfrfffffllfrlrrfflrrflfrflrffrflfrllfflfrlrrflfrlfflfflrffffrrfllrlffflf"/>
	<trajectory sample="223" generation="223000" 
bestEnergy="0.0" averageEnergy="-2.998" worstEnergy="-1.0" bestConformation="Conformation 3.0 -3.0 Flllrffflrrlrrllrllfrfrllrflfrfffffllfrlrrfflrrflfrflrffrflfrllfflfrlrrflfrlfflfflrffffrrfllrlffflf"/>
	<trajectory sample="224" generation="224000" 
bestEnergy="0.0" averageEnergy="-2.998" worstEnergy="-1.0" bestConformation="Conformation 3.0 -3.0 Flllrffflrrlrrllrllfrfrllrflfrfffffllfrlrrfflrrflfrflrffrflfrllfflfrlrrflfrlfflfflrffffrrfllrlffflf"/>
	<trajectory sample="225" generation="225000" 
bestEnergy="0.0" averageEnergy="-2.998" worstEnergy="-1.0" bestConformation="Conformation 3.0 -3.0 Flllrffflrrlrrllrllfrfrllrflfrfffffllfrlrrfflrrflfrflrffrflfrllfflfrlrrflfrlfflfflrffffrrfllrlffflf"/>
	<trajectory sample="226" generation="226000" 
bestEnergy="0.0" averageEnergy="-2.998" worstEnergy="-1.0" bestConformation="Conformation 3.0 -3.0 Flllrffflrrlrrllrllfrfrllrflfrfffffllfrlrrfflrrflfrflrffrflfrllfflfrlrrflfrlfflfflrffffrrfllrlffflf"/>
	<trajectory sample="227" generation="227000" 
bestEnergy="0.0" averageEnergy="-2.998" worstEnergy="-1.0" bestConformation="Conformation 3.0 -3.0 Flllrffflrrlrrllrllfrfrllrflfrfffffllfrlrrfflrrflfrflrffrflfrllfflfrlrrflfrlfflfflrffffrrfllrlffflf"/>
	<trajectory sample="228" generation="228000" 
bestEnergy="0.0" averageEnergy="-2.998" worstEnergy="-1.0" bestConformation="Conformation 3.0 -3.0 Flllrffflrrlrrllrllfrfrllrflfrfffffllfrlrrfflrrflfrflrffrflfrllfflfrlrrflfrlfflfflrffffrrfllrlffflf"/>
	<trajectory sample="229" generation="229000" 
bestEnergy="0.0" averageEnergy="-2.998" worstEnergy="-1.0" bestConformation="Conformation 3.0 -3.0 Flllrffflrrlrrllrllfrfrllrflfrfffffllfrlrrfflrrflfrflrffrflfrllfflfrlrrflfrlfflfflrffffrrfllrlffflf"/>
	<trajectory sample="230" generation="230000" 
bestEnergy="0.0" averageEnergy="-2.998" worstEnergy="-1.0" bestConformation="Conformation 3.0 -3.0 Flllrffflrrlrrllrllfrfrllrflfrfffffllfrlrrfflrrflfrflrffrflfrllfflfrlrrflfrlfflfflrffffrrfllrlffflf"/>
	<trajectory sample="231" generation="231000" 
bestEnergy="0.0" averageEnergy="-2.998" worstEnergy="-1.0" bestConformation="Conformation 3.0 -3.0 Flllrffflrrlrrllrllfrfrllrflfrfffffllfrlrrfflrrflfrflrffrflfrllfflfrlrrflfrlfflfflrffffrrfllrlffflf"/>
	<trajectory sample="232" generation="232000" 
bestEnergy="0.0" averageEnergy="-2.998" worstEnergy="-1.0" bestConformation="Conformation 3.0 -3.0 Flllrffflrrlrrllrllfrfrllrflfrfffffllfrlrrfflrrflfrflrffrflfrllfflfrlrrflfrlfflfflrffffrrfllrlffflf"/>
	<trajectory sample="233" generation="233000" 
bestEnergy="0.0" averageEnergy="-2.998" worstEnergy="-1.0" bestConformation="Conformation 3.0 -3.0 Flllrffflrrlrrllrllfrfrllrflfrfffffllfrlrrfflrrflfrflrffrflfrllfflfrlrrflfrlfflfflrffffrrfllrlffflf"/>
	<trajectory sample="234" generation="234000" 
bestEnergy="0.0" averageEnergy="-2.998" worstEnergy="-1.0" bestConformation="Conformation 3.0 -3.0 Flllrffflrrlrrllrllfrfrllrflfrfffffllfrlrrfflrrflfrflrffrflfrllfflfrlrrflfrlfflfflrffffrrfllrlffflf"/>
	<trajectory sample="235" generation="235000" 
bestEnergy="0.0" averageEnergy="-2.998" worstEnergy="-1.0" bestConformation="Conformation 3.0 -3.0 Flllrffflrrlrrllrllfrfrllrflfrfffffllfrlrrfflrrflfrflrffrflfrllfflfrlrrflfrlfflfflrffffrrfllrlffflf"/>
	<trajectory sample="236" generation="236000" 
bestEnergy="0.0" averageEnergy="-2.998" worstEnergy="-1.0" bestConformation="Conformation 3.0 -3.0 Flllrffflrrlrrllrllfrfrllrflfrfffffllfrlrrfflrrflfrflrffrflfrllfflfrlrrflfrlfflfflrffffrrfllrlffflf"/>
	<trajectory sample="237" generation="237000" 
bestEnergy="0.0" averageEnergy="-2.998" worstEnergy="-1.0" bestConformation="Conformation 3.0 -3.0 Flllrffflrrlrrllrllfrfrllrflfrfffffllfrlrrfflrrflfrflrffrflfrllfflfrlrrflfrlfflfflrffffrrfllrlffflf"/>
	<trajectory sample="238" generation="238000" 
bestEnergy="0.0" averageEnergy="-2.998" worstEnergy="-1.0" bestConformation="Conformation 3.0 -3.0 Flllrffflrrlrrllrllfrfrllrflfrfffffllfrlrrfflrrflfrflrffrflfrllfflfrlrrflfrlfflfflrffffrrfllrlffflf"/>
	<trajectory sample="239" generation="239000" 
bestEnergy="0.0" averageEnergy="-2.998" worstEnergy="-1.0" bestConformation="Conformation 3.0 -3.0 Flllrffflrrlrrllrllfrfrllrflfrfffffllfrlrrfflrrflfrflrffrflfrllfflfrlrrflfrlfflfflrffffrrfllrlffflf"/>
	<trajectory sample="240" generation="240000" 
bestEnergy="0.0" averageEnergy="-2.998" worstEnergy="-1.0" bestConformation="Conformation 3.0 -3.0 Flllrffflrrlrrllrllfrfrllrflfrfffffllfrlrrfflrrflfrflrffrflfrllfflfrlrrflfrlfflfflrffffrrfllrlffflf"/>
	<trajectory sample="241" generation="241000" 
bestEnergy="0.0" averageEnergy="-2.998" worstEnergy="-1.0" bestConformation="Conformation 3.0 -3.0 Flllrffflrrlrrllrllfrfrllrflfrfffffllfrlrrfflrrflfrflrffrflfrllfflfrlrrflfrlfflfflrffffrrfllrlffflf"/>
	<trajectory sample="242" generation="242000" 
bestEnergy="0.0" averageEnergy="-2.998" worstEnergy="-1.0" bestConformation="Conformation 3.0 -3.0 Flllrffflrrlrrllrllfrfrllrflfrfffffllfrlrrfflrrflfrflrffrflfrllfflfrlrrflfrlfflfflrffffrrfllrlffflf"/>
	<trajectory sample="243" generation="243000" 
bestEnergy="0.0" averageEnergy="-2.998" worstEnergy="-1.0" bestConformation="Conformation 3.0 -3.0 Flllrffflrrlrrllrllfrfrllrflfrfffffllfrlrrfflrrflfrflrffrflfrllfflfrlrrflfrlfflfflrffffrrfllrlffflf"/>
	<trajectory sample="244" generation="244000" 
bestEnergy="0.0" averageEnergy="-2.998" worstEnergy="-1.0" bestConformation="Conformation 3.0 -3.0 Flllrffflrrlrrllrllfrfrllrflfrfffffllfrlrrfflrrflfrflrffrflfrllfflfrlrrflfrlfflfflrffffrrfllrlffflf"/>
	<trajectory sample="245" generation="245000" 
bestEnergy="0.0" averageEnergy="-2.998" worstEnergy="-1.0" bestConformation="Conformation 3.0 -3.0 Flllrffflrrlrrllrllfrfrllrflfrfffffllfrlrrfflrrflfrflrffrflfrllfflfrlrrflfrlfflfflrffffrrfllrlffflf"/>
	<trajectory sample="246" generation="246000" 
bestEnergy="0.0" averageEnergy="-2.998" worstEnergy="-1.0" bestConformation="Conformation 3.0 -3.0 Flllrffflrrlrrllrllfrfrllrflfrfffffllfrlrrfflrrflfrflrffrflfrllfflfrlrrflfrlfflfflrffffrrfllrlffflf"/>
	<trajectory sample="247" generation="247000" 
bestEnergy="0.0" averageEnergy="-2.998" worstEnergy="-1.0" bestConformation="Conformation 3.0 -3.0 Flllrffflrrlrrllrllfrfrllrflfrfffffllfrlrrfflrrflfrflrffrflfrllfflfrlrrflfrlfflfflrffffrrfllrlffflf"/>
	<trajectory sample="248" generation="248000" 
bestEnergy="0.0" averageEnergy="-2.998" worstEnergy="-1.0" bestConformation="Conformation 3.0 -3.0 Flllrffflrrlrrllrllfrfrllrflfrfffffllfrlrrfflrrflfrflrffrflfrllfflfrlrrflfrlfflfflrffffrrfllrlffflf"/>
	<trajectory sample="249" generation="249000" 
bestEnergy="0.0" averageEnergy="-2.998" worstEnergy="-1.0" bestConformation="Conformation 3.0 -3.0 Flllrffflrrlrrllrllfrfrllrflfrfffffllfrlrrfflrrflfrflrffrflfrllfflfrlrrflfrlfflfflrffffrrfllrlffflf"/>
	<trajectory sample="250" generation="250000" 
bestEnergy="0.0" averageEnergy="-2.998" worstEnergy="-1.0" bestConformation="Conformation 3.0 -3.0 Flllrffflrrlrrllrllfrfrllrflfrfffffllfrlrrfflrrflfrflrffrflfrllfflfrlrrflfrlfflfflrffffrrfllrlffflf"/>
	<trajectory sample="251" generation="251000" 
bestEnergy="0.0" averageEnergy="-2.998" worstEnergy="-1.0" bestConformation="Conformation 3.0 -3.0 Flllrffflrrlrrllrllfrfrllrflfrfffffllfrlrrfflrrflfrflrffrflfrllfflfrlrrflfrlfflfflrffffrrfllrlffflf"/>
	<trajectory sample="252" generation="252000" 
bestEnergy="0.0" averageEnergy="-2.998" worstEnergy="-1.0" bestConformation="Conformation 3.0 -3.0 Flllrffflrrlrrllrllfrfrllrflfrfffffllfrlrrfflrrflfrflrffrflfrllfflfrlrrflfrlfflfflrffffrrfllrlffflf"/>
	<trajectory sample="253" generation="253000" 
bestEnergy="0.0" averageEnergy="-2.998" worstEnergy="-1.0" bestConformation="Conformation 3.0 -3.0 Flllrffflrrlrrllrllfrfrllrflfrfffffllfrlrrfflrrflfrflrffrflfrllfflfrlrrflfrlfflfflrffffrrfllrlffflf"/>
	<trajectory sample="254" generation="254000" 
bestEnergy="0.0" averageEnergy="-2.998" worstEnergy="-1.0" bestConformation="Conformation 3.0 -3.0 Flllrffflrrlrrllrllfrfrllrflfrfffffllfrlrrfflrrflfrflrffrflfrllfflfrlrrflfrlfflfflrffffrrfllrlffflf"/>
	<trajectory sample="255" generation="255000" 
bestEnergy="0.0" averageEnergy="-2.998" worstEnergy="-1.0" bestConformation="Conformation 3.0 -3.0 Flllrffflrrlrrllrllfrfrllrflfrfffffllfrlrrfflrrflfrflrffrflfrllfflfrlrrflfrlfflfflrffffrrfllrlffflf"/>
	<trajectory sample="256" generation="256000" 
bestEnergy="0.0" averageEnergy="-2.998" worstEnergy="-1.0" bestConformation="Conformation 3.0 -3.0 Flllrffflrrlrrllrllfrfrllrflfrfffffllfrlrrfflrrflfrflrffrflfrllfflfrlrrflfrlfflfflrffffrrfllrlffflf"/>
	<trajectory sample="257" generation="257000" 
bestEnergy="0.0" averageEnergy="-2.998" worstEnergy="-1.0" bestConformation="Conformation 3.0 -3.0 Flllrffflrrlrrllrllfrfrllrflfrfffffllfrlrrfflrrflfrflrffrflfrllfflfrlrrflfrlfflfflrffffrrfllrlffflf"/>
	<trajectory sample="258" generation="258000" 
bestEnergy="0.0" averageEnergy="-2.998" worstEnergy="-1.0" bestConformation="Conformation 3.0 -3.0 Flllrffflrrlrrllrllfrfrllrflfrfffffllfrlrrfflrrflfrflrffrflfrllfflfrlrrflfrlfflfflrffffrrfllrlffflf"/>
	<trajectory sample="259" generation="259000" 
bestEnergy="0.0" averageEnergy="-2.998" worstEnergy="-1.0" bestConformation="Conformation 3.0 -3.0 Flllrffflrrlrrllrllfrfrllrflfrfffffllfrlrrfflrrflfrflrffrflfrllfflfrlrrflfrlfflfflrffffrrfllrlffflf"/>
	<trajectory sample="260" generation="260000" 
bestEnergy="0.0" averageEnergy="-2.998" worstEnergy="-1.0" bestConformation="Conformation 3.0 -3.0 Flllrffflrrlrrllrllfrfrllrflfrfffffllfrlrrfflrrflfrflrffrflfrllfflfrlrrflfrlfflfflrffffrrfllrlffflf"/>
	<trajectory sample="261" generation="261000" 
bestEnergy="0.0" averageEnergy="-2.998" worstEnergy="-1.0" bestConformation="Conformation 3.0 -3.0 Flllrffflrrlrrllrllfrfrllrflfrfffffllfrlrrfflrrflfrflrffrflfrllfflfrlrrflfrlfflfflrffffrrfllrlffflf"/>
	<trajectory sample="262" generation="262000" 
bestEnergy="0.0" averageEnergy="-2.998" worstEnergy="-1.0" bestConformation="Conformation 3.0 -3.0 Flllrffflrrlrrllrllfrfrllrflfrfffffllfrlrrfflrrflfrflrffrflfrllfflfrlrrflfrlfflfflrffffrrfllrlffflf"/>
	<trajectory sample="263" generation="263000" 
bestEnergy="0.0" averageEnergy="-2.998" worstEnergy="-1.0" bestConformation="Conformation 3.0 -3.0 Flllrffflrrlrrllrllfrfrllrflfrfffffllfrlrrfflrrflfrflrffrflfrllfflfrlrrflfrlfflfflrffffrrfllrlffflf"/>
	<trajectory sample="264" generation="264000" 
bestEnergy="0.0" averageEnergy="-2.998" worstEnergy="-1.0" bestConformation="Conformation 3.0 -3.0 Flllrffflrrlrrllrllfrfrllrflfrfffffllfrlrrfflrrflfrflrffrflfrllfflfrlrrflfrlfflfflrffffrrfllrlffflf"/>
	<trajectory sample="265" generation="265000" 
bestEnergy="0.0" averageEnergy="-2.998" worstEnergy="-1.0" bestConformation="Conformation 3.0 -3.0 Flllrffflrrlrrllrllfrfrllrflfrfffffllfrlrrfflrrflfrflrffrflfrllfflfrlrrflfrlfflfflrffffrrfllrlffflf"/>
	<trajectory sample="266" generation="266000" 
bestEnergy="0.0" averageEnergy="-2.998" worstEnergy="-1.0" bestConformation="Conformation 3.0 -3.0 Flllrffflrrlrrllrllfrfrllrflfrfffffllfrlrrfflrrflfrflrffrflfrllfflfrlrrflfrlfflfflrffffrrfllrlffflf"/>
	<trajectory sample="267" generation="267000" 
bestEnergy="0.0" averageEnergy="-2.998" worstEnergy="-1.0" bestConformation="Conformation 3.0 -3.0 Flllrffflrrlrrllrllfrfrllrflfrfffffllfrlrrfflrrflfrflrffrflfrllfflfrlrrflfrlfflfflrffffrrfllrlffflf"/>
	<trajectory sample="268" generation="268000" 
bestEnergy="0.0" averageEnergy="-2.998" worstEnergy="-1.0" bestConformation="Conformation 3.0 -3.0 Flllrffflrrlrrllrllfrfrllrflfrfffffllfrlrrfflrrflfrflrffrflfrllfflfrlrrflfrlfflfflrffffrrfllrlffflf"/>
	<trajectory sample="269" generation="269000" 
bestEnergy="0.0" averageEnergy="-2.998" worstEnergy="-1.0" bestConformation="Conformation 3.0 -3.0 Flllrffflrrlrrllrllfrfrllrflfrfffffllfrlrrfflrrflfrflrffrflfrllfflfrlrrflfrlfflfflrffffrrfllrlffflf"/>
	<trajectory sample="270" generation="270000" 
bestEnergy="0.0" averageEnergy="-2.998" worstEnergy="-1.0" bestConformation="Conformation 3.0 -3.0 Flllrffflrrlrrllrllfrfrllrflfrfffffllfrlrrfflrrflfrflrffrflfrllfflfrlrrflfrlfflfflrffffrrfllrlffflf"/>
	<trajectory sample="271" generation="271000" 
bestEnergy="0.0" averageEnergy="-2.998" worstEnergy="-1.0" bestConformation="Conformation 3.0 -3.0 Flllrffflrrlrrllrllfrfrllrflfrfffffllfrlrrfflrrflfrflrffrflfrllfflfrlrrflfrlfflfflrffffrrfllrlffflf"/>
	<trajectory sample="272" generation="272000" 
bestEnergy="0.0" averageEnergy="-2.998" worstEnergy="-1.0" bestConformation="Conformation 3.0 -3.0 Flllrffflrrlrrllrllfrfrllrflfrfffffllfrlrrfflrrflfrflrffrflfrllfflfrlrrflfrlfflfflrffffrrfllrlffflf"/>
	<trajectory sample="273" generation="273000" 
bestEnergy="0.0" averageEnergy="-2.998" worstEnergy="-1.0" bestConformation="Conformation 3.0 -3.0 Flllrffflrrlrrllrllfrfrllrflfrfffffllfrlrrfflrrflfrflrffrflfrllfflfrlrrflfrlfflfflrffffrrfllrlffflf"/>
	<trajectory sample="274" generation="274000" 
bestEnergy="0.0" averageEnergy="-2.998" worstEnergy="-1.0" bestConformation="Conformation 3.0 -3.0 Flllrffflrrlrrllrllfrfrllrflfrfffffllfrlrrfflrrflfrflrffrflfrllfflfrlrrflfrlfflfflrffffrrfllrlffflf"/>
	<trajectory sample="275" generation="275000" 
bestEnergy="0.0" averageEnergy="-2.998" worstEnergy="-1.0" bestConformation="Conformation 3.0 -3.0 Flllrffflrrlrrllrllfrfrllrflfrfffffllfrlrrfflrrflfrflrffrflfrllfflfrlrrflfrlfflfflrffffrrfllrlffflf"/>
	<trajectory sample="276" generation="276000" 
bestEnergy="0.0" averageEnergy="-2.998" worstEnergy="-1.0" bestConformation="Conformation 3.0 -3.0 Flllrffflrrlrrllrllfrfrllrflfrfffffllfrlrrfflrrflfrflrffrflfrllfflfrlrrflfrlfflfflrffffrrfllrlffflf"/>
	<trajectory sample="277" generation="277000" 
bestEnergy="0.0" averageEnergy="-2.998" worstEnergy="-1.0" bestConformation="Conformation 3.0 -3.0 Flllrffflrrlrrllrllfrfrllrflfrfffffllfrlrrfflrrflfrflrffrflfrllfflfrlrrflfrlfflfflrffffrrfllrlffflf"/>
	<trajectory sample="278" generation="278000" 
bestEnergy="0.0" averageEnergy="-2.998" worstEnergy="-1.0" bestConformation="Conformation 3.0 -3.0 Flllrffflrrlrrllrllfrfrllrflfrfffffllfrlrrfflrrflfrflrffrflfrllfflfrlrrflfrlfflfflrffffrrfllrlffflf"/>
	<trajectory sample="279" generation="279000" 
bestEnergy="0.0" averageEnergy="-2.998" worstEnergy="-1.0" bestConformation="Conformation 3.0 -3.0 Flllrffflrrlrrllrllfrfrllrflfrfffffllfrlrrfflrrflfrflrffrflfrllfflfrlrrflfrlfflfflrffffrrfllrlffflf"/>
	<trajectory sample="280" generation="280000" 
bestEnergy="0.0" averageEnergy="-2.998" worstEnergy="-1.0" bestConformation="Conformation 3.0 -3.0 Flllrffflrrlrrllrllfrfrllrflfrfffffllfrlrrfflrrflfrflrffrflfrllfflfrlrrflfrlfflfflrffffrrfllrlffflf"/>
	<trajectory sample="281" generation="281000" 
bestEnergy="0.0" averageEnergy="-2.998" worstEnergy="-1.0" bestConformation="Conformation 3.0 -3.0 Flllrffflrrlrrllrllfrfrllrflfrfffffllfrlrrfflrrflfrflrffrflfrllfflfrlrrflfrlfflfflrffffrrfllrlffflf"/>
	<trajectory sample="282" generation="282000" 
bestEnergy="0.0" averageEnergy="-2.998" worstEnergy="-1.0" bestConformation="Conformation 3.0 -3.0 Flllrffflrrlrrllrllfrfrllrflfrfffffllfrlrrfflrrflfrflrffrflfrllfflfrlrrflfrlfflfflrffffrrfllrlffflf"/>
	<trajectory sample="283" generation="283000" 
bestEnergy="0.0" averageEnergy="-2.998" worstEnergy="-1.0" bestConformation="Conformation 3.0 -3.0 Flllrffflrrlrrllrllfrfrllrflfrfffffllfrlrrfflrrflfrflrffrflfrllfflfrlrrflfrlfflfflrffffrrfllrlffflf"/>
	<trajectory sample="284" generation="284000" 
bestEnergy="0.0" averageEnergy="-2.998" worstEnergy="-1.0" bestConformation="Conformation 3.0 -3.0 Flllrffflrrlrrllrllfrfrllrflfrfffffllfrlrrfflrrflfrflrffrflfrllfflfrlrrflfrlfflfflrffffrrfllrlffflf"/>
	<trajectory sample="285" generation="285000" 
bestEnergy="0.0" averageEnergy="-2.998" worstEnergy="-1.0" bestConformation="Conformation 3.0 -3.0 Flllrffflrrlrrllrllfrfrllrflfrfffffllfrlrrfflrrflfrflrffrflfrllfflfrlrrflfrlfflfflrffffrrfllrlffflf"/>
	<trajectory sample="286" generation="286000" 
bestEnergy="0.0" averageEnergy="-2.998" worstEnergy="-1.0" bestConformation="Conformation 3.0 -3.0 Flllrffflrrlrrllrllfrfrllrflfrfffffllfrlrrfflrrflfrflrffrflfrllfflfrlrrflfrlfflfflrffffrrfllrlffflf"/>
	<trajectory sample="287" generation="287000" 
bestEnergy="0.0" averageEnergy="-2.998" worstEnergy="-1.0" bestConformation="Conformation 3.0 -3.0 Flllrffflrrlrrllrllfrfrllrflfrfffffllfrlrrfflrrflfrflrffrflfrllfflfrlrrflfrlfflfflrffffrrfllrlffflf"/>
	<trajectory sample="288" generation="288000" 
bestEnergy="0.0" averageEnergy="-2.998" worstEnergy="-1.0" bestConformation="Conformation 3.0 -3.0 Flllrffflrrlrrllrllfrfrllrflfrfffffllfrlrrfflrrflfrflrffrflfrllfflfrlrrflfrlfflfflrffffrrfllrlffflf"/>
	<trajectory sample="289" generation="289000" 
bestEnergy="0.0" averageEnergy="-2.998" worstEnergy="-1.0" bestConformation="Conformation 3.0 -3.0 Flllrffflrrlrrllrllfrfrllrflfrfffffllfrlrrfflrrflfrflrffrflfrllfflfrlrrflfrlfflfflrffffrrfllrlffflf"/>
	<trajectory sample="290" generation="290000" 
bestEnergy="0.0" averageEnergy="-2.998" worstEnergy="-1.0" bestConformation="Conformation 3.0 -3.0 Flllrffflrrlrrllrllfrfrllrflfrfffffllfrlrrfflrrflfrflrffrflfrllfflfrlrrflfrlfflfflrffffrrfllrlffflf"/>
	<trajectory sample="291" generation="291000" 
bestEnergy="0.0" averageEnergy="-2.998" worstEnergy="-1.0" bestConformation="Conformation 3.0 -3.0 Flllrffflrrlrrllrllfrfrllrflfrfffffllfrlrrfflrrflfrflrffrflfrllfflfrlrrflfrlfflfflrffffrrfllrlffflf"/>
	<trajectory sample="292" generation="292000" 
bestEnergy="0.0" averageEnergy="-2.998" worstEnergy="-1.0" bestConformation="Conformation 3.0 -3.0 Flllrffflrrlrrllrllfrfrllrflfrfffffllfrlrrfflrrflfrflrffrflfrllfflfrlrrflfrlfflfflrffffrrfllrlffflf"/>
	<trajectory sample="293" generation="293000" 
bestEnergy="0.0" averageEnergy="-2.998" worstEnergy="-1.0" bestConformation="Conformation 3.0 -3.0 Flllrffflrrlrrllrllfrfrllrflfrfffffllfrlrrfflrrflfrflrffrflfrllfflfrlrrflfrlfflfflrffffrrfllrlffflf"/>
	<trajectory sample="294" generation="294000" 
bestEnergy="0.0" averageEnergy="-2.998" worstEnergy="-1.0" bestConformation="Conformation 3.0 -3.0 Flllrffflrrlrrllrllfrfrllrflfrfffffllfrlrrfflrrflfrflrffrflfrllfflfrlrrflfrlfflfflrffffrrfllrlffflf"/>
	<trajectory sample="295" generation="295000" 
bestEnergy="0.0" averageEnergy="-2.998" worstEnergy="-1.0" bestConformation="Conformation 3.0 -3.0 Flllrffflrrlrrllrllfrfrllrflfrfffffllfrlrrfflrrflfrflrffrflfrllfflfrlrrflfrlfflfflrffffrrfllrlffflf"/>
	<trajectory sample="296" generation="296000" 
bestEnergy="0.0" averageEnergy="-2.998" worstEnergy="-1.0" bestConformation="Conformation 3.0 -3.0 Flllrffflrrlrrllrllfrfrllrflfrfffffllfrlrrfflrrflfrflrffrflfrllfflfrlrrflfrlfflfflrffffrrfllrlffflf"/>
	<trajectory sample="297" generation="297000" 
bestEnergy="0.0" averageEnergy="-2.998" worstEnergy="-1.0" bestConformation="Conformation 3.0 -3.0 Flllrffflrrlrrllrllfrfrllrflfrfffffllfrlrrfflrrflfrflrffrflfrllfflfrlrrflfrlfflfflrffffrrfllrlffflf"/>
	<trajectory sample="298" generation="298000" 
bestEnergy="0.0" averageEnergy="-2.998" worstEnergy="-1.0" bestConformation="Conformation 3.0 -3.0 Flllrffflrrlrrllrllfrfrllrflfrfffffllfrlrrfflrrflfrflrffrflfrllfflfrlrrflfrlfflfflrffffrrfllrlffflf"/>
	<trajectory sample="299" generation="299000" 
bestEnergy="0.0" averageEnergy="-2.998" worstEnergy="-1.0" bestConformation="Conformation 3.0 -3.0 Flllrffflrrlrrllrllfrfrllrflfrfffffllfrlrrfflrrflfrflrffrflfrllfflfrlrrflfrlfflfflrffffrrfllrlffflf"/>
	<trajectory sample="300" generation="300000" 
bestEnergy="0.0" averageEnergy="-2.998" worstEnergy="-1.0" bestConformation="Conformation 3.0 -3.0 Flllrffflrrlrrllrllfrfrllrflfrfffffllfrlrrfflrrflfrflrffrflfrllfflfrlrrflfrlfflfflrffffrrfllrlffflf"/>
	<trajectory sample="301" generation="301000" 
bestEnergy="0.0" averageEnergy="-2.998" worstEnergy="-1.0" bestConformation="Conformation 3.0 -3.0 Flllrffflrrlrrllrllfrfrllrflfrfffffllfrlrrfflrrflfrflrffrflfrllfflfrlrrflfrlfflfflrffffrrfllrlffflf"/>
	<trajectory sample="302" generation="302000" 
bestEnergy="0.0" averageEnergy="-2.998" worstEnergy="-1.0" bestConformation="Conformation 3.0 -3.0 Flllrffflrrlrrllrllfrfrllrflfrfffffllfrlrrfflrrflfrflrffrflfrllfflfrlrrflfrlfflfflrffffrrfllrlffflf"/>
	<trajectory sample="303" generation="303000" 
bestEnergy="0.0" averageEnergy="-2.998" worstEnergy="-1.0" bestConformation="Conformation 3.0 -3.0 Flllrffflrrlrrllrllfrfrllrflfrfffffllfrlrrfflrrflfrflrffrflfrllfflfrlrrflfrlfflfflrffffrrfllrlffflf"/>
	<trajectory sample="304" generation="304000" 
bestEnergy="0.0" averageEnergy="-2.998" worstEnergy="-1.0" bestConformation="Conformation 3.0 -3.0 Flllrffflrrlrrllrllfrfrllrflfrfffffllfrlrrfflrrflfrflrffrflfrllfflfrlrrflfrlfflfflrffffrrfllrlffflf"/>
	<trajectory sample="305" generation="305000" 
bestEnergy="0.0" averageEnergy="-2.998" worstEnergy="-1.0" bestConformation="Conformation 3.0 -3.0 Flllrffflrrlrrllrllfrfrllrflfrfffffllfrlrrfflrrflfrflrffrflfrllfflfrlrrflfrlfflfflrffffrrfllrlffflf"/>
	<trajectory sample="306" generation="306000" 
bestEnergy="0.0" averageEnergy="-2.998" worstEnergy="-1.0" bestConformation="Conformation 3.0 -3.0 Flllrffflrrlrrllrllfrfrllrflfrfffffllfrlrrfflrrflfrflrffrflfrllfflfrlrrflfrlfflfflrffffrrfllrlffflf"/>
	<trajectory sample="307" generation="307000" 
bestEnergy="0.0" averageEnergy="-2.998" worstEnergy="-1.0" bestConformation="Conformation 3.0 -3.0 Flllrffflrrlrrllrllfrfrllrflfrfffffllfrlrrfflrrflfrflrffrflfrllfflfrlrrflfrlfflfflrffffrrfllrlffflf"/>
	<trajectory sample="308" generation="308000" 
bestEnergy="0.0" averageEnergy="-2.998" worstEnergy="-1.0" bestConformation="Conformation 3.0 -3.0 Flllrffflrrlrrllrllfrfrllrflfrfffffllfrlrrfflrrflfrflrffrflfrllfflfrlrrflfrlfflfflrffffrrfllrlffflf"/>
	<trajectory sample="309" generation="309000" 
bestEnergy="0.0" averageEnergy="-2.998" worstEnergy="-1.0" bestConformation="Conformation 3.0 -3.0 Flllrffflrrlrrllrllfrfrllrflfrfffffllfrlrrfflrrflfrflrffrflfrllfflfrlrrflfrlfflfflrffffrrfllrlffflf"/>
	<trajectory sample="310" generation="310000" 
bestEnergy="0.0" averageEnergy="-2.998" worstEnergy="-1.0" bestConformation="Conformation 3.0 -3.0 Flllrffflrrlrrllrllfrfrllrflfrfffffllfrlrrfflrrflfrflrffrflfrllfflfrlrrflfrlfflfflrffffrrfllrlffflf"/>
	<trajectory sample="311" generation="311000" 
bestEnergy="0.0" averageEnergy="-2.998" worstEnergy="-1.0" bestConformation="Conformation 3.0 -3.0 Flllrffflrrlrrllrllfrfrllrflfrfffffllfrlrrfflrrflfrflrffrflfrllfflfrlrrflfrlfflfflrffffrrfllrlffflf"/>
	<trajectory sample="312" generation="312000" 
bestEnergy="0.0" averageEnergy="-2.998" worstEnergy="-1.0" bestConformation="Conformation 3.0 -3.0 Flllrffflrrlrrllrllfrfrllrflfrfffffllfrlrrfflrrflfrflrffrflfrllfflfrlrrflfrlfflfflrffffrrfllrlffflf"/>
	<trajectory sample="313" generation="313000" 
bestEnergy="0.0" averageEnergy="-2.998" worstEnergy="-1.0" bestConformation="Conformation 3.0 -3.0 Flllrffflrrlrrllrllfrfrllrflfrfffffllfrlrrfflrrflfrflrffrflfrllfflfrlrrflfrlfflfflrffffrrfllrlffflf"/>
	<trajectory sample="314" generation="314000" 
bestEnergy="0.0" averageEnergy="-2.998" worstEnergy="-1.0" bestConformation="Conformation 3.0 -3.0 Flllrffflrrlrrllrllfrfrllrflfrfffffllfrlrrfflrrflfrflrffrflfrllfflfrlrrflfrlfflfflrffffrrfllrlffflf"/>
	<trajectory sample="315" generation="315000" 
bestEnergy="0.0" averageEnergy="-2.998" worstEnergy="-1.0" bestConformation="Conformation 3.0 -3.0 Flllrffflrrlrrllrllfrfrllrflfrfffffllfrlrrfflrrflfrflrffrflfrllfflfrlrrflfrlfflfflrffffrrfllrlffflf"/>
	<trajectory sample="316" generation="316000" 
bestEnergy="0.0" averageEnergy="-2.998" worstEnergy="-1.0" bestConformation="Conformation 3.0 -3.0 Flllrffflrrlrrllrllfrfrllrflfrfffffllfrlrrfflrrflfrflrffrflfrllfflfrlrrflfrlfflfflrffffrrfllrlffflf"/>
	<trajectory sample="317" generation="317000" 
bestEnergy="0.0" averageEnergy="-2.998" worstEnergy="-1.0" bestConformation="Conformation 3.0 -3.0 Flllrffflrrlrrllrllfrfrllrflfrfffffllfrlrrfflrrflfrflrffrflfrllfflfrlrrflfrlfflfflrffffrrfllrlffflf"/>
	<trajectory sample="318" generation="318000" 
bestEnergy="0.0" averageEnergy="-2.998" worstEnergy="-1.0" bestConformation="Conformation 3.0 -3.0 Flllrffflrrlrrllrllfrfrllrflfrfffffllfrlrrfflrrflfrflrffrflfrllfflfrlrrflfrlfflfflrffffrrfllrlffflf"/>
	<trajectory sample="319" generation="319000" 
bestEnergy="0.0" averageEnergy="-2.998" worstEnergy="-1.0" bestConformation="Conformation 3.0 -3.0 Flllrffflrrlrrllrllfrfrllrflfrfffffllfrlrrfflrrflfrflrffrflfrllfflfrlrrflfrlfflfflrffffrrfllrlffflf"/>
	<trajectory sample="320" generation="320000" 
bestEnergy="0.0" averageEnergy="-2.998" worstEnergy="-1.0" bestConformation="Conformation 3.0 -3.0 Flllrffflrrlrrllrllfrfrllrflfrfffffllfrlrrfflrrflfrflrffrflfrllfflfrlrrflfrlfflfflrffffrrfllrlffflf"/>
	<trajectory sample="321" generation="321000" 
bestEnergy="0.0" averageEnergy="-2.998" worstEnergy="-1.0" bestConformation="Conformation 3.0 -3.0 Flllrffflrrlrrllrllfrfrllrflfrfffffllfrlrrfflrrflfrflrffrflfrllfflfrlrrflfrlfflfflrffffrrfllrlffflf"/>
	<trajectory sample="322" generation="322000" 
bestEnergy="0.0" averageEnergy="-2.998" worstEnergy="-1.0" bestConformation="Conformation 3.0 -3.0 Flllrffflrrlrrllrllfrfrllrflfrfffffllfrlrrfflrrflfrflrffrflfrllfflfrlrrflfrlfflfflrffffrrfllrlffflf"/>
	<trajectory sample="323" generation="323000" 
bestEnergy="0.0" averageEnergy="-2.998" worstEnergy="-1.0" bestConformation="Conformation 3.0 -3.0 Flllrffflrrlrrllrllfrfrllrflfrfffffllfrlrrfflrrflfrflrffrflfrllfflfrlrrflfrlfflfflrffffrrfllrlffflf"/>
	<trajectory sample="324" generation="324000" 
bestEnergy="0.0" averageEnergy="-2.998" worstEnergy="-1.0" bestConformation="Conformation 3.0 -3.0 Flllrffflrrlrrllrllfrfrllrflfrfffffllfrlrrfflrrflfrflrffrflfrllfflfrlrrflfrlfflfflrffffrrfllrlffflf"/>
	<trajectory sample="325" generation="325000" 
bestEnergy="0.0" averageEnergy="-2.998" worstEnergy="-1.0" bestConformation="Conformation 3.0 -3.0 Flllrffflrrlrrllrllfrfrllrflfrfffffllfrlrrfflrrflfrflrffrflfrllfflfrlrrflfrlfflfflrffffrrfllrlffflf"/>
	<trajectory sample="326" generation="326000" 
bestEnergy="0.0" averageEnergy="-2.998" worstEnergy="-1.0" bestConformation="Conformation 3.0 -3.0 Flllrffflrrlrrllrllfrfrllrflfrfffffllfrlrrfflrrflfrflrffrflfrllfflfrlrrflfrlfflfflrffffrrfllrlffflf"/>
	<trajectory sample="327" generation="327000" 
bestEnergy="0.0" averageEnergy="-2.998" worstEnergy="-1.0" bestConformation="Conformation 3.0 -3.0 Flllrffflrrlrrllrllfrfrllrflfrfffffllfrlrrfflrrflfrflrffrflfrllfflfrlrrflfrlfflfflrffffrrfllrlffflf"/>
	<trajectory sample="328" generation="328000" 
bestEnergy="0.0" averageEnergy="-2.998" worstEnergy="-1.0" bestConformation="Conformation 3.0 -3.0 Flllrffflrrlrrllrllfrfrllrflfrfffffllfrlrrfflrrflfrflrffrflfrllfflfrlrrflfrlfflfflrffffrrfllrlffflf"/>
	<trajectory sample="329" generation="329000" 
bestEnergy="0.0" averageEnergy="-2.998" worstEnergy="-1.0" bestConformation="Conformation 3.0 -3.0 Flllrffflrrlrrllrllfrfrllrflfrfffffllfrlrrfflrrflfrflrffrflfrllfflfrlrrflfrlfflfflrffffrrfllrlffflf"/>
	<trajectory sample="330" generation="330000" 
bestEnergy="0.0" averageEnergy="-2.998" worstEnergy="-1.0" bestConformation="Conformation 3.0 -3.0 Flllrffflrrlrrllrllfrfrllrflfrfffffllfrlrrfflrrflfrflrffrflfrllfflfrlrrflfrlfflfflrffffrrfllrlffflf"/>
	<trajectory sample="331" generation="331000" 
bestEnergy="0.0" averageEnergy="-2.998" worstEnergy="-1.0" bestConformation="Conformation 3.0 -3.0 Flllrffflrrlrrllrllfrfrllrflfrfffffllfrlrrfflrrflfrflrffrflfrllfflfrlrrflfrlfflfflrffffrrfllrlffflf"/>
	<trajectory sample="332" generation="332000" 
bestEnergy="0.0" averageEnergy="-2.998" worstEnergy="-1.0" bestConformation="Conformation 3.0 -3.0 Flllrffflrrlrrllrllfrfrllrflfrfffffllfrlrrfflrrflfrflrffrflfrllfflfrlrrflfrlfflfflrffffrrfllrlffflf"/>
	<trajectory sample="333" generation="333000" 
bestEnergy="0.0" averageEnergy="-2.998" worstEnergy="-1.0" bestConformation="Conformation 3.0 -3.0 Flllrffflrrlrrllrllfrfrllrflfrfffffllfrlrrfflrrflfrflrffrflfrllfflfrlrrflfrlfflfflrffffrrfllrlffflf"/>
	<trajectory sample="334" generation="334000" 
bestEnergy="0.0" averageEnergy="-2.998" worstEnergy="-1.0" bestConformation="Conformation 3.0 -3.0 Flllrffflrrlrrllrllfrfrllrflfrfffffllfrlrrfflrrflfrflrffrflfrllfflfrlrrflfrlfflfflrffffrrfllrlffflf"/>
	<trajectory sample="335" generation="335000" 
bestEnergy="0.0" averageEnergy="-2.998" worstEnergy="-1.0" bestConformation="Conformation 3.0 -3.0 Flllrffflrrlrrllrllfrfrllrflfrfffffllfrlrrfflrrflfrflrffrflfrllfflfrlrrflfrlfflfflrffffrrfllrlffflf"/>
	<trajectory sample="336" generation="336000" 
bestEnergy="0.0" averageEnergy="-2.998" worstEnergy="-1.0" bestConformation="Conformation 3.0 -3.0 Flllrffflrrlrrllrllfrfrllrflfrfffffllfrlrrfflrrflfrflrffrflfrllfflfrlrrflfrlfflfflrffffrrfllrlffflf"/>
	<trajectory sample="337" generation="337000" 
bestEnergy="0.0" averageEnergy="-2.998" worstEnergy="-1.0" bestConformation="Conformation 3.0 -3.0 Flllrffflrrlrrllrllfrfrllrflfrfffffllfrlrrfflrrflfrflrffrflfrllfflfrlrrflfrlfflfflrffffrrfllrlffflf"/>
	<trajectory sample="338" generation="338000" 
bestEnergy="0.0" averageEnergy="-2.998" worstEnergy="-1.0" bestConformation="Conformation 3.0 -3.0 Flllrffflrrlrrllrllfrfrllrflfrfffffllfrlrrfflrrflfrflrffrflfrllfflfrlrrflfrlfflfflrffffrrfllrlffflf"/>
	<trajectory sample="339" generation="339000" 
bestEnergy="0.0" averageEnergy="-2.998" worstEnergy="-1.0" bestConformation="Conformation 3.0 -3.0 Flllrffflrrlrrllrllfrfrllrflfrfffffllfrlrrfflrrflfrflrffrflfrllfflfrlrrflfrlfflfflrffffrrfllrlffflf"/>
	<trajectory sample="340" generation="340000" 
bestEnergy="0.0" averageEnergy="-2.998" worstEnergy="-1.0" bestConformation="Conformation 3.0 -3.0 Flllrffflrrlrrllrllfrfrllrflfrfffffllfrlrrfflrrflfrflrffrflfrllfflfrlrrflfrlfflfflrffffrrfllrlffflf"/>
	<trajectory sample="341" generation="341000" 
bestEnergy="0.0" averageEnergy="-2.998" worstEnergy="-1.0" bestConformation="Conformation 3.0 -3.0 Flllrffflrrlrrllrllfrfrllrflfrfffffllfrlrrfflrrflfrflrffrflfrllfflfrlrrflfrlfflfflrffffrrfllrlffflf"/>
	<trajectory sample="342" generation="342000" 
bestEnergy="0.0" averageEnergy="-2.998" worstEnergy="-1.0" bestConformation="Conformation 3.0 -3.0 Flllrffflrrlrrllrllfrfrllrflfrfffffllfrlrrfflrrflfrflrffrflfrllfflfrlrrflfrlfflfflrffffrrfllrlffflf"/>
	<trajectory sample="343" generation="343000" 
bestEnergy="0.0" averageEnergy="-2.998" worstEnergy="-1.0" bestConformation="Conformation 3.0 -3.0 Flllrffflrrlrrllrllfrfrllrflfrfffffllfrlrrfflrrflfrflrffrflfrllfflfrlrrflfrlfflfflrffffrrfllrlffflf"/>
	<trajectory sample="344" generation="344000" 
bestEnergy="0.0" averageEnergy="-2.998" worstEnergy="-1.0" bestConformation="Conformation 3.0 -3.0 Flllrffflrrlrrllrllfrfrllrflfrfffffllfrlrrfflrrflfrflrffrflfrllfflfrlrrflfrlfflfflrffffrrfllrlffflf"/>
	<trajectory sample="345" generation="345000" 
bestEnergy="0.0" averageEnergy="-2.998" worstEnergy="-1.0" bestConformation="Conformation 3.0 -3.0 Flllrffflrrlrrllrllfrfrllrflfrfffffllfrlrrfflrrflfrflrffrflfrllfflfrlrrflfrlfflfflrffffrrfllrlffflf"/>
	<trajectory sample="346" generation="346000" 
bestEnergy="0.0" averageEnergy="-2.998" worstEnergy="-1.0" bestConformation="Conformation 3.0 -3.0 Flllrffflrrlrrllrllfrfrllrflfrfffffllfrlrrfflrrflfrflrffrflfrllfflfrlrrflfrlfflfflrffffrrfllrlffflf"/>
	<trajectory sample="347" generation="347000" 
bestEnergy="0.0" averageEnergy="-2.998" worstEnergy="-1.0" bestConformation="Conformation 3.0 -3.0 Flllrffflrrlrrllrllfrfrllrflfrfffffllfrlrrfflrrflfrflrffrflfrllfflfrlrrflfrlfflfflrffffrrfllrlffflf"/>
	<trajectory sample="348" generation="348000" 
bestEnergy="0.0" averageEnergy=