<?xml version="1.0" encoding="UTF-8" ?>
<runList name="test-250409_" seed="0"
         sequence="PPPPPPHPHHPPPPPHHHPHHHHHPHPPPPHHPPHHPHHHHHPHHHHHHHHHHPHHPHHHHHHHPPPPPPPPPPPHHHHHHHPPHPHHHPPPPPPHPHH"
         dimensions="TWO">
    <run number="0" numberOfGenerations="400001" populationSize="10000">
        <trajectory sample="0" generation="0"
                    bestEnergy="-25.0" averageEnergy="-10.6725" worstEnergy="-1.0"
                    bestConformation="Conformation 40.0 -40.0 Flrlflrlrflrfrrlrfllrfffrrffllffflfrllfrrffllrfllfrrlfllrfrrllrrflrfffrffrflflrfflrllflrrfrllflfrll"/>
        <trajectory sample="1" generation="1000"
                    bestEnergy="-25.0" averageEnergy="-11.3552" worstEnergy="-6.0"
                    bestConformation="Conformation 40.0 -40.0 Flrlflrlrflrfrrlrfllrfffrrffllffflfrllfrrffllrfllfrrlfllrfrrllrrflrfffrffrflflrfflrllflrrfrllflfrll"/>
        <trajectory sample="2" generation="2000"
                    bestEnergy="-25.0" averageEnergy="-11.8903" worstEnergy="-7.0"
                    bestConformation="Conformation 40.0 -40.0 Flrlflrlrflrfrrlrfllrfffrrffllffflfrllfrrffllrfllfrrlfllrfrrllrrflrfffrffrflflrfflrllflrrfrllflfrll"/>
        <trajectory sample="3" generation="3000"
                    bestEnergy="-25.0" averageEnergy="-12.3603" worstEnergy="-8.0"
                    bestConformation="Conformation 40.0 -40.0 Flrlflrlrflrfrrlrfllrfffrrffllffflfrllfrrffllrfllfrrlfllrfrrllrrflrfffrffrflflrfflrllflrrfrllflfrll"/>
        <trajectory sample="4" generation="4000"
                    bestEnergy="-25.0" averageEnergy="-12.7914" worstEnergy="-9.0"
                    bestConformation="Conformation 40.0 -40.0 Flrlflrlrflrfrrlrfllrfffrrffllffflfrllfrrffllrfllfrrlfllrfrrllrrflrfffrffrflflrfflrllflrrfrllflfrll"/>
        <trajectory sample="5" generation="5000"
                    bestEnergy="-25.0" averageEnergy="-13.2083" worstEnergy="-10.0"
                    bestConformation="Conformation 40.0 -40.0 Flrlflrlrflrfrrlrfllrfffrrffllffflfrllfrrffllrfllfrrlfllrfrrllrrflrfffrffrflflrfflrllflrrfrllflfrll"/>
        <trajectory sample="6" generation="6000"
                    bestEnergy="-25.0" averageEnergy="-13.5603" worstEnergy="-10.0"
                    bestConformation="Conformation 40.0 -40.0 Flrlflrlrflrfrrlrfllrfffrrffllffflfrllfrrffllrfllfrrlfllrfrrllrrflrfffrffrflflrfflrllflrrfrllflfrll"/>
        <trajectory sample="7" generation="7000"
                    bestEnergy="-25.0" averageEnergy="-13.9301" worstEnergy="-11.0"
                    bestConformation="Conformation 40.0 -40.0 Flrlflrlrflrfrrlrfllrfffrrffllffflfrllfrrffllrfllfrrlfllrfrrllrrflrfffrffrflflrfflrllflrrfrllflfrll"/>
        <trajectory sample="8" generation="8000"
                    bestEnergy="-27.0" averageEnergy="-14.2544" worstEnergy="-11.0"
                    bestConformation="Conformation 40.0 -40.0 Flrrllflrflrfrrlrfllrfffrrffllffflfrllfrrffllrfllfrrlfllrfrrllrrflrfffrffrlrllrfflrllflrrfrllflfrll"/>
        <trajectory sample="9" generation="9000"
                    bestEnergy="-27.0" averageEnergy="-14.6053" worstEnergy="-12.0"
                    bestConformation="Conformation 40.0 -40.0 Flrrllflrflrfrrlrfllrfffrrffllffflfrllfrrffllrfllfrrlfllrfrrllrrflrfffrffrlrllrfflrllflrrfrllflfrll"/>
        <trajectory sample="10" generation="10000"
                    bestEnergy="-27.0" averageEnergy="-14.8931" worstEnergy="-12.0"
                    bestConformation="Conformation 40.0 -40.0 Flrrllflrflrfrrlrfllrfffrrffllffflfrllfrrffllrfllfrrlfllrfrrllrrflrfffrffrlrllrfflrllflrrfrllflfrll"/>
        <trajectory sample="11" generation="11000"
                    bestEnergy="-27.0" averageEnergy="-15.2102" worstEnergy="-12.0"
                    bestConformation="Conformation 40.0 -40.0 Flrrllflrflrfrrlrfllrfffrrffllffflfrllfrrffllrfllfrrlfllrfrrllrrflrfffrffrlrllrfflrllflrrfrllflfrll"/>
        <trajectory sample="12" generation="12000"
                    bestEnergy="-27.0" averageEnergy="-15.5121" worstEnergy="-13.0"
                    bestConformation="Conformation 40.0 -40.0 Flrrllflrflrfrrlrfllrfffrrffllffflfrllfrrffllrfllfrrlfllrfrrllrrflrfffrffrlrllrfflrllflrrfrllflfrll"/>
        <trajectory sample="13" generation="13000"
                    bestEnergy="-27.0" averageEnergy="-15.7945" worstEnergy="-13.0"
                    bestConformation="Conformation 40.0 -40.0 Flrrllflrflrfrrlrfllrfffrrffllffflfrllfrrffllrfllfrrlfllrfrrllrrflrfffrffrlrllrfflrllflrrfrllflfrll"/>
        <trajectory sample="14" generation="14000"
                    bestEnergy="-27.0" averageEnergy="-16.0994" worstEnergy="-13.0"
                    bestConformation="Conformation 40.0 -40.0 Flrrllflrflrfrrlrfllrfffrrffllffflfrllfrrffllrfllfrrlfllrfrrllrrflrfffrffrlrllrfflrllflrrfrllflfrll"/>
        <trajectory sample="15" generation="15000"
                    bestEnergy="-27.0" averageEnergy="-16.3569" worstEnergy="-12.0"
                    bestConformation="Conformation 40.0 -40.0 Flrrllflrflrfrrlrfllrfffrrffllffflfrllfrrffllrfllfrrlfllrfrrllrrflrfffrffrlrllrfflrllflrrfrllflfrll"/>
        <trajectory sample="16" generation="16000"
                    bestEnergy="-27.0" averageEnergy="-16.6077" worstEnergy="-14.0"
                    bestConformation="Conformation 40.0 -40.0 Flrrllflrflrfrrlrfllrfffrrffllffflfrllfrrffllrfllfrrlfllrfrrllrrflrfffrffrlrllrfflrllflrrfrllflfrll"/>
        <trajectory sample="17" generation="17000"
                    bestEnergy="-27.0" averageEnergy="-16.8785" worstEnergy="-14.0"
                    bestConformation="Conformation 40.0 -40.0 Flrrllflrflrfrrlrfllrfffrrffllffflfrllfrrffllrfllfrrlfllrfrrllrrflrfffrffrlrllrfflrllflrrfrllflfrll"/>
        <trajectory sample="18" generation="18000"
                    bestEnergy="-27.0" averageEnergy="-17.135" worstEnergy="-15.0"
                    bestConformation="Conformation 40.0 -40.0 Flrrllflrflrfrrlrfllrfffrrffllffflfrllfrrffllrfllfrrlfllrfrrllrrflrfffrffrlrllrfflrllflrrfrllflfrll"/>
        <trajectory sample="19" generation="19000"
                    bestEnergy="-27.0" averageEnergy="-17.357" worstEnergy="-12.0"
                    bestConformation="Conformation 40.0 -40.0 Flrrllflrflrfrrlrfllrfffrrffllffflfrllfrrffllrfllfrrlfllrfrrllrrflrfffrffrlrllrfflrllflrrfrllflfrll"/>
        <trajectory sample="20" generation="20000"
                    bestEnergy="-27.0" averageEnergy="-17.5911" worstEnergy="-15.0"
                    bestConformation="Conformation 40.0 -40.0 Flrrllflrflrfrrlrfllrfffrrffllffflfrllfrrffllrfllfrrlfllrfrrllrrflrfffrffrlrllrfflrllflrrfrllflfrll"/>
        <trajectory sample="21" generation="21000"
                    bestEnergy="-27.0" averageEnergy="-17.848" worstEnergy="-15.0"
                    bestConformation="Conformation 40.0 -40.0 Flrrllflrflrfrrlrfllrfffrrffllffflfrllfrrffllrfllfrrlfllrfrrllrrflrfffrffrlrllrfflrllflrrfrllflfrll"/>
        <trajectory sample="22" generation="22000"
                    bestEnergy="-27.0" averageEnergy="-18.0687" worstEnergy="-16.0"
                    bestConformation="Conformation 40.0 -40.0 Flrrllflrflrfrrlrfllrfffrrffllffflfrllfrrffllrfllfrrlfllrfrrllrrflrfffrffrlrllrfflrllflrrfrllflfrll"/>
        <trajectory sample="23" generation="23000"
                    bestEnergy="-27.0" averageEnergy="-18.2942" worstEnergy="-16.0"
                    bestConformation="Conformation 40.0 -40.0 Flrrllflrflrfrrlrfllrfffrrffllffflfrllfrrffllrfllfrrlfllrfrrllrrflrfffrffrlrllrfflrllflrrfrllflfrll"/>
        <trajectory sample="24" generation="24000"
                    bestEnergy="-27.0" averageEnergy="-18.5062" worstEnergy="-16.0"
                    bestConformation="Conformation 40.0 -40.0 Flrrllflrflrfrrlrfllrfffrrffllffflfrllfrrffllrfllfrrlfllrfrrllrrflrfffrffrlrllrfflrllflrrfrllflfrll"/>
        <trajectory sample="25" generation="25000"
                    bestEnergy="-27.0" averageEnergy="-18.7442" worstEnergy="-16.0"
                    bestConformation="Conformation 40.0 -40.0 Flrrllflrflrfrrlrfllrfffrrffllffflfrllfrrffllrfllfrrlfllrfrrllrrflrfffrffrlrllrfflrllflrrfrllflfrll"/>
        <trajectory sample="26" generation="26000"
                    bestEnergy="-27.0" averageEnergy="-18.9403" worstEnergy="-17.0"
                    bestConformation="Conformation 40.0 -40.0 Flrrllflrflrfrrlrfllrfffrrffllffflfrllfrrffllrfllfrrlfllrfrrllrrflrfffrffrlrllrfflrllflrrfrllflfrll"/>
        <trajectory sample="27" generation="27000"
                    bestEnergy="-27.0" averageEnergy="-19.1271" worstEnergy="-17.0"
                    bestConformation="Conformation 40.0 -40.0 Flrrllflrflrfrrlrfllrfffrrffllffflfrllfrrffllrfllfrrlfllrfrrllrrflrfffrffrlrllrfflrllflrrfrllflfrll"/>
        <trajectory sample="28" generation="28000"
                    bestEnergy="-27.0" averageEnergy="-19.3214" worstEnergy="-17.0"
                    bestConformation="Conformation 40.0 -40.0 Flrrllflrflrfrrlrfllrfffrrffllffflfrllfrrffllrfllfrrlfllrfrrllrrflrfffrffrlrllrfflrllflrrfrllflfrll"/>
        <trajectory sample="29" generation="29000"
                    bestEnergy="-27.0" averageEnergy="-19.5352" worstEnergy="-17.0"
                    bestConformation="Conformation 40.0 -40.0 Flrrllflrflrfrrlrfllrfffrrffllffflfrllfrrffllrfllfrrlfllrfrrllrrflrfffrffrlrllrfflrllflrrfrllflfrll"/>
        <trajectory sample="30" generation="30000"
                    bestEnergy="-27.0" averageEnergy="-19.715" worstEnergy="-18.0"
                    bestConformation="Conformation 40.0 -40.0 Flrrllflrflrfrrlrfllrfffrrffllffflfrllfrrffllrfllfrrlfllrfrrllrrflrfffrffrlrllrfflrllflrrfrllflfrll"/>
        <trajectory sample="31" generation="31000"
                    bestEnergy="-27.0" averageEnergy="-19.8905" worstEnergy="-18.0"
                    bestConformation="Conformation 40.0 -40.0 Flrrllflrflrfrrlrfllrfffrrffllffflfrllfrrffllrfllfrrlfllrfrrllrrflrfffrffrlrllrfflrllflrrfrllflfrll"/>
        <trajectory sample="32" generation="32000"
                    bestEnergy="-27.0" averageEnergy="-20.0687" worstEnergy="-18.0"
                    bestConformation="Conformation 40.0 -40.0 Flrrllflrflrfrrlrfllrfffrrffllffflfrllfrrffllrfllfrrlfllrfrrllrrflrfffrffrlrllrfflrllflrrfrllflfrll"/>
        <trajectory sample="33" generation="33000"
                    bestEnergy="-27.0" averageEnergy="-20.2752" worstEnergy="-11.0"
                    bestConformation="Conformation 40.0 -40.0 Flrrllflrflrfrrlrfllrfffrrffllffflfrllfrrffllrfllfrrlfllrfrrllrrflrfffrffrlrllrfflrllflrrfrllflfrll"/>
        <trajectory sample="34" generation="34000"
                    bestEnergy="-27.0" averageEnergy="-20.4879" worstEnergy="-18.0"
                    bestConformation="Conformation 40.0 -40.0 Flrrllflrflrfrrlrfllrfffrrffllffflfrllfrrffllrfllfrrlfllrfrrllrrflrfffrffrlrllrfflrllflrrfrllflfrll"/>
        <trajectory sample="35" generation="35000"
                    bestEnergy="-27.0" averageEnergy="-20.654" worstEnergy="-19.0"
                    bestConformation="Conformation 40.0 -40.0 Flrrllflrflrfrrlrfllrfffrrffllffflfrllfrrffllrfllfrrlfllrfrrllrrflrfffrffrlrllrfflrllflrrfrllflfrll"/>
        <trajectory sample="36" generation="36000"
                    bestEnergy="-27.0" averageEnergy="-20.8089" worstEnergy="-19.0"
                    bestConformation="Conformation 40.0 -40.0 Flrrllflrflrfrrlrfllrfffrrffllffflfrllfrrffllrfllfrrlfllrfrrllrrflrfffrffrlrllrfflrllflrrfrllflfrll"/>
        <trajectory sample="37" generation="37000"
                    bestEnergy="-27.0" averageEnergy="-20.9917" worstEnergy="-19.0"
                    bestConformation="Conformation 40.0 -40.0 Flrrllflrflrfrrlrfllrfffrrffllffflfrllfrrffllrfllfrrlfllrfrrllrrflrfffrffrlrllrfflrllflrrfrllflfrll"/>
        <trajectory sample="38" generation="38000"
                    bestEnergy="-27.0" averageEnergy="-21.1857" worstEnergy="-17.0"
                    bestConformation="Conformation 40.0 -40.0 Flrrllflrflrfrrlrfllrfffrrffllffflfrllfrrffllrfllfrrlfllrfrrllrrflrfffrffrlrllrfflrllflrrfrllflfrll"/>
        <trajectory sample="39" generation="39000"
                    bestEnergy="-27.0" averageEnergy="-21.3885" worstEnergy="-19.0"
                    bestConformation="Conformation 40.0 -40.0 Flrrllflrflrfrrlrfllrfffrrffllffflfrllfrrffllrfllfrrlfllrfrrllrrflrfffrffrlrllrfflrllflrrfrllflfrll"/>
        <trajectory sample="40" generation="40000"
                    bestEnergy="-27.0" averageEnergy="-21.5447" worstEnergy="-20.0"
                    bestConformation="Conformation 40.0 -40.0 Flrrllflrflrfrrlrfllrfffrrffllffflfrllfrrffllrfllfrrlfllrfrrllrrflrfffrffrlrllrfflrllflrrfrllflfrll"/>
        <trajectory sample="41" generation="41000"
                    bestEnergy="-27.0" averageEnergy="-21.6957" worstEnergy="-20.0"
                    bestConformation="Conformation 40.0 -40.0 Flrrllflrflrfrrlrfllrfffrrffllffflfrllfrrffllrfllfrrlfllrfrrllrrflrfffrffrlrllrfflrllflrrfrllflfrll"/>
        <trajectory sample="42" generation="42000"
                    bestEnergy="-27.0" averageEnergy="-21.8607" worstEnergy="-15.0"
                    bestConformation="Conformation 40.0 -40.0 Flrrllflrflrfrrlrfllrfffrrffllffflfrllfrrffllrfllfrrlfllrfrrllrrflrfffrffrlrllrfflrllflrrfrllflfrll"/>
        <trajectory sample="43" generation="43000"
                    bestEnergy="-27.0" averageEnergy="-22.0298" worstEnergy="-20.0"
                    bestConformation="Conformation 40.0 -40.0 Flrrllflrflrfrrlrfllrfffrrffllffflfrllfrrffllrfllfrrlfllrfrrllrrflrfffrffrlrllrfflrllflrrfrllflfrll"/>
        <trajectory sample="44" generation="44000"
                    bestEnergy="-28.0" averageEnergy="-22.2111" worstEnergy="-19.0"
                    bestConformation="Conformation 40.0 -40.0 Flrrlrflrflrfrrlrfllrfffrrffllffflfrllfrrffllrfllfrrlfllrfrrllrrflrfffrffrflflrfflrllflrrfrllflfrll"/>
        <trajectory sample="45" generation="45000"
                    bestEnergy="-28.0" averageEnergy="-22.3804" worstEnergy="-21.0"
                    bestConformation="Conformation 40.0 -40.0 Flrrlrflrflrfrrlrfllrfffrrffllffflfrllfrrffllrfllfrrlfllrfrrllrrflrfffrffrflflrfflrllflrrfrllflfrll"/>
        <trajectory sample="46" generation="46000"
                    bestEnergy="-28.0" averageEnergy="-22.5119" worstEnergy="-20.0"
                    bestConformation="Conformation 40.0 -40.0 Flrrlrflrflrfrrlrfllrfffrrffllffflfrllfrrffllrfllfrrlfllrfrrllrrflrfffrffrflflrfflrllflrrfrllflfrll"/>
        <trajectory sample="47" generation="47000"
                    bestEnergy="-29.0" averageEnergy="-22.6424" worstEnergy="-21.0"
                    bestConformation="Conformation 40.0 -40.0 Flrrllflrflrfrrlrfllrfffrrffllffflfrllfrrffllrfllfrrlfllrfrrllrrflrfffrrlfrlflrfflrllflrrfrllflfrll"/>
        <trajectory sample="48" generation="48000"
                    bestEnergy="-29.0" averageEnergy="-22.7868" worstEnergy="-20.0"
                    bestConformation="Conformation 40.0 -40.0 Flrrllflrflrfrrlrfllrfffrrffllffflfrllfrrffllrfllfrrlfllrfrrllrrflrfffrrlfrlflrfflrllflrrfrllflfrll"/>
        <trajectory sample="49" generation="49000"
                    bestEnergy="-29.0" averageEnergy="-22.944" worstEnergy="-21.0"
                    bestConformation="Conformation 40.0 -40.0 Flrrllflrflrfrrlrfllrfffrrffllffflfrllfrrffllrfllfrrlfllrfrrllrrflrfffrrlfrlflrfflrllflrrfrllflfrll"/>
        <trajectory sample="50" generation="50000"
                    bestEnergy="-29.0" averageEnergy="-23.0983" worstEnergy="-22.0"
                    bestConformation="Conformation 40.0 -40.0 Flrrllflrflrfrrlrfllrfffrrffllffflfrllfrrffllrfllfrrlfllrfrrllrrflrfffrrlfrlflrfflrllflrrfrllflfrll"/>
        <trajectory sample="51" generation="51000"
                    bestEnergy="-29.0" averageEnergy="-23.1973" worstEnergy="-21.0"
                    bestConformation="Conformation 40.0 -40.0 Flrrllflrflrfrrlrfllrfffrrffllffflfrllfrrffllrfllfrrlfllrfrrllrrflrfffrrlfrlflrfflrllflrrfrllflfrll"/>
        <trajectory sample="52" generation="52000"
                    bestEnergy="-29.0" averageEnergy="-23.2966" worstEnergy="-22.0"
                    bestConformation="Conformation 40.0 -40.0 Flrrllflrflrfrrlrfllrfffrrffllffflfrllfrrffllrfllfrrlfllrfrrllrrflrfffrrlfrlflrfflrllflrrfrllflfrll"/>
        <trajectory sample="53" generation="53000"
                    bestEnergy="-29.0" averageEnergy="-23.4129" worstEnergy="-22.0"
                    bestConformation="Conformation 40.0 -40.0 Flrrllflrflrfrrlrfllrfffrrffllffflfrllfrrffllrfllfrrlfllrfrrllrrflrfffrrlfrlflrfflrllflrrfrllflfrll"/>
        <trajectory sample="54" generation="54000"
                    bestEnergy="-31.0" averageEnergy="-23.5335" worstEnergy="-22.0"
                    bestConformation="Conformation 40.0 -40.0 Flrflrflrflrfrrlrfllrfffrrffllffflfrllfrrffllrfllfrrlfllrfrrllrrflrfffrffrflflrfflrllflrrfrllflfrll"/>
        <trajectory sample="55" generation="55000"
                    bestEnergy="-31.0" averageEnergy="-23.6703" worstEnergy="-22.0"
                    bestConformation="Conformation 40.0 -40.0 Flrflrflrflrfrrlrfllrfffrrffllffflfrllfrrffllrfllfrrlfllrfrrllrrflrfffrffrflflrfflrllflrrfrllflfrll"/>
        <trajectory sample="56" generation="56000"
                    bestEnergy="-31.0" averageEnergy="-23.7914" worstEnergy="-16.0"
                    bestConformation="Conformation 40.0 -40.0 Flrflrflrflrfrrlrfllrfffrrffllffflfrllfrrffllrfllfrrlfllrfrrllrrflrfffrffrflflrfflrllflrrfrllflfrll"/>
        <trajectory sample="57" generation="57000"
                    bestEnergy="-31.0" averageEnergy="-23.8701" worstEnergy="-23.0"
                    bestConformation="Conformation 40.0 -40.0 Flrflrflrflrfrrlrfllrfffrrffllffflfrllfrrffllrfllfrrlfllrfrrllrrflrfffrffrflflrfflrllflrrfrllflfrll"/>
        <trajectory sample="58" generation="58000"
                    bestEnergy="-31.0" averageEnergy="-23.9489" worstEnergy="-18.0"
                    bestConformation="Conformation 40.0 -40.0 Flrflrflrflrfrrlrfllrfffrrffllffflfrllfrrffllrfllfrrlfllrfrrllrrflrfffrffrflflrfflrllflrrfrllflfrll"/>
        <trajectory sample="59" generation="59000"
                    bestEnergy="-31.0" averageEnergy="-24.0297" worstEnergy="-22.0"
                    bestConformation="Conformation 40.0 -40.0 Flrflrflrflrfrrlrfllrfffrrffllffflfrllfrrffllrfllfrrlfllrfrrllrrflrfffrffrflflrfflrllflrrfrllflfrll"/>
        <trajectory sample="60" generation="60000"
                    bestEnergy="-31.0" averageEnergy="-24.1184" worstEnergy="-22.0"
                    bestConformation="Conformation 40.0 -40.0 Flrflrflrflrfrrlrfllrfffrrffllffflfrllfrrffllrfllfrrlfllrfrrllrrflrfffrffrflflrfflrllflrrfrllflfrll"/>
        <trajectory sample="61" generation="61000"
                    bestEnergy="-31.0" averageEnergy="-24.2133" worstEnergy="-23.0"
                    bestConformation="Conformation 40.0 -40.0 Flrflrflrflrfrrlrfllrfffrrffllffflfrllfrrffllrfllfrrlfllrfrrllrrflrfffrffrflflrfflrllflrrfrllflfrll"/>
        <trajectory sample="62" generation="62000"
                    bestEnergy="-31.0" averageEnergy="-24.3177" worstEnergy="-23.0"
                    bestConformation="Conformation 40.0 -40.0 Flrflrflrflrfrrlrfllrfffrrffllffflfrllfrrffllrfllfrrlfllrfrrllrrflrfffrffrflflrfflrllflrrfrllflfrll"/>
        <trajectory sample="63" generation="63000"
                    bestEnergy="-31.0" averageEnergy="-24.4262" worstEnergy="-23.0"
                    bestConformation="Conformation 40.0 -40.0 Flrflrflrflrfrrlrfllrfffrrffllffflfrllfrrffllrfllfrrlfllrfrrllrrflrfffrffrflflrfflrllflrrfrllflfrll"/>
        <trajectory sample="64" generation="64000"
                    bestEnergy="-31.0" averageEnergy="-24.5353" worstEnergy="-23.0"
                    bestConformation="Conformation 40.0 -40.0 Flrflrflrflrfrrlrfllrfffrrffllffflfrllfrrffllrfllfrrlfllrfrrllrrflrfffrffrflflrfflrllflrrfrllflfrll"/>
        <trajectory sample="65" generation="65000"
                    bestEnergy="-31.0" averageEnergy="-24.6476" worstEnergy="-19.0"
                    bestConformation="Conformation 40.0 -40.0 Flrflrflrflrfrrlrfllrfffrrffllffflfrllfrrffllrfllfrrlfllrfrrllrrflrfffrffrflflrfflrllflrrfrllflfrll"/>
        <trajectory sample="66" generation="66000"
                    bestEnergy="-31.0" averageEnergy="-24.7665" worstEnergy="-24.0"
                    bestConformation="Conformation 40.0 -40.0 Flrflrflrflrfrrlrfllrfffrrffllffflfrllfrrffllrfllfrrlfllrfrrllrrflrfffrffrflflrfflrllflrrfrllflfrll"/>
        <trajectory sample="67" generation="67000"
                    bestEnergy="-31.0" averageEnergy="-24.8417" worstEnergy="-24.0"
                    bestConformation="Conformation 40.0 -40.0 Flrflrflrflrfrrlrfllrfffrrffllffflfrllfrrffllrfllfrrlfllrfrrllrrflrfffrffrflflrfflrllflrrfrllflfrll"/>
        <trajectory sample="68" generation="68000"
                    bestEnergy="-31.0" averageEnergy="-24.919" worstEnergy="-23.0"
                    bestConformation="Conformation 40.0 -40.0 Flrflrflrflrfrrlrfllrfffrrffllffflfrllfrrffllrfllfrrlfllrfrrllrrflrfffrffrflflrfflrllflrrfrllflfrll"/>
        <trajectory sample="69" generation="69000"
                    bestEnergy="-31.0" averageEnergy="-24.9962" worstEnergy="-24.0"
                    bestConformation="Conformation 40.0 -40.0 Flrflrflrflrfrrlrfllrfffrrffllffflfrllfrrffllrfllfrrlfllrfrrllrrflrfffrffrflflrfflrllflrrfrllflfrll"/>
        <trajectory sample="70" generation="70000"
                    bestEnergy="-31.0" averageEnergy="-25.0851" worstEnergy="-24.0"
                    bestConformation="Conformation 40.0 -40.0 Flrflrflrflrfrrlrfllrfffrrffllffflfrllfrrffllrfllfrrlfllrfrrllrrflrfffrffrflflrfflrllflrrfrllflfrll"/>
        <trajectory sample="71" generation="71000"
                    bestEnergy="-31.0" averageEnergy="-25.1712" worstEnergy="-19.0"
                    bestConformation="Conformation 40.0 -40.0 Flrflrflrflrfrrlrfllrfffrrffllffflfrllfrrffllrfllfrrlfllrfrrllrrflrfffrffrflflrfflrllflrrfrllflfrll"/>
        <trajectory sample="72" generation="72000"
                    bestEnergy="-31.0" averageEnergy="-25.2712" worstEnergy="-24.0"
                    bestConformation="Conformation 40.0 -40.0 Flrflrflrflrfrrlrfllrfffrrffllffflfrllfrrffllrfllfrrlfllrfrrllrrflrfffrffrflflrfflrllflrrfrllflfrll"/>
        <trajectory sample="73" generation="73000"
                    bestEnergy="-31.0" averageEnergy="-25.376" worstEnergy="-24.0"
                    bestConformation="Conformation 40.0 -40.0 Flrflrflrflrfrrlrfllrfffrrffllffflfrllfrrffllrfllfrrlfllrfrrllrrflrfffrffrflflrfflrllflrrfrllflfrll"/>
        <trajectory sample="74" generation="74000"
                    bestEnergy="-31.0" averageEnergy="-25.4862" worstEnergy="-24.0"
                    bestConformation="Conformation 40.0 -40.0 Flrflrflrflrfrrlrfllrfffrrffllffflfrllfrrffllrfllfrrlfllrfrrllrrflrfffrffrflflrfflrllflrrfrllflfrll"/>
        <trajectory sample="75" generation="75000"
                    bestEnergy="-31.0" averageEnergy="-25.6012" worstEnergy="-24.0"
                    bestConformation="Conformation 40.0 -40.0 Flrflrflrflrfrrlrfllrfffrrffllffflfrllfrrffllrfllfrrlfllrfrrllrrflrfffrffrflflrfflrllflrrfrllflfrll"/>
        <trajectory sample="76" generation="76000"
                    bestEnergy="-31.0" averageEnergy="-25.7004" worstEnergy="-25.0"
                    bestConformation="Conformation 40.0 -40.0 Flrflrflrflrfrrlrfllrfffrrffllffflfrllfrrffllrfllfrrlfllrfrrllrrflrfffrffrflflrfflrllflrrfrllflfrll"/>
        <trajectory sample="77" generation="77000"
                    bestEnergy="-31.0" averageEnergy="-25.7619" worstEnergy="-19.0"
                    bestConformation="Conformation 40.0 -40.0 Flrflrflrflrfrrlrfllrfffrrffllffflfrllfrrffllrfllfrrlfllrfrrllrrflrfffrffrflflrfflrllflrrfrllflfrll"/>
        <trajectory sample="78" generation="78000"
                    bestEnergy="-31.0" averageEnergy="-25.8299" worstEnergy="-25.0"
                    bestConformation="Conformation 40.0 -40.0 Flrflrflrflrfrrlrfllrfffrrffllffflfrllfrrffllrfllfrrlfllrfrrllrrflrfffrffrflflrfflrllflrrfrllflfrll"/>
        <trajectory sample="79" generation="79000"
                    bestEnergy="-31.0" averageEnergy="-25.8992" worstEnergy="-25.0"
                    bestConformation="Conformation 40.0 -40.0 Flrflrflrflrfrrlrfllrfffrrffllffflfrllfrrffllrfllfrrlfllrfrrllrrflrfffrffrflflrfflrllflrrfrllflfrll"/>
        <trajectory sample="80" generation="80000"
                    bestEnergy="-31.0" averageEnergy="-25.9736" worstEnergy="-25.0"
                    bestConformation="Conformation 40.0 -40.0 Flrflrflrflrfrrlrfllrfffrrffllffflfrllfrrffllrfllfrrlfllrfrrllrrflrfffrffrflflrfflrllflrrfrllflfrll"/>
        <trajectory sample="81" generation="81000"
                    bestEnergy="-31.0" averageEnergy="-26.0544" worstEnergy="-25.0"
                    bestConformation="Conformation 40.0 -40.0 Flrflrflrflrfrrlrfllrfffrrffllffflfrllfrrffllrfllfrrlfllrfrrllrrflrfffrffrflflrfflrllflrrfrllflfrll"/>
        <trajectory sample="82" generation="82000"
                    bestEnergy="-31.0" averageEnergy="-26.1329" worstEnergy="-25.0"
                    bestConformation="Conformation 40.0 -40.0 Flrflrflrflrfrrlrfllrfffrrffllffflfrllfrrffllrfllfrrlfllrfrrllrrflrfffrffrflflrfflrllflrrfrllflfrll"/>
        <trajectory sample="83" generation="83000"
                    bestEnergy="-31.0" averageEnergy="-26.2273" worstEnergy="-25.0"
                    bestConformation="Conformation 40.0 -40.0 Flrflrflrflrfrrlrfllrfffrrffllffflfrllfrrffllrfllfrrlfllrfrrllrrflrfffrffrflflrfflrllflrrfrllflfrll"/>
        <trajectory sample="84" generation="84000"
                    bestEnergy="-31.0" averageEnergy="-26.315" worstEnergy="-25.0"
                    bestConformation="Conformation 40.0 -40.0 Flrflrflrflrfrrlrfllrfffrrffllffflfrllfrrffllrfllfrrlfllrfrrllrrflrfffrffrflflrfflrllflrrfrllflfrll"/>
        <trajectory sample="85" generation="85000"
                    bestEnergy="-31.0" averageEnergy="-26.4169" worstEnergy="-25.0"
                    bestConformation="Conformation 40.0 -40.0 Flrflrflrflrfrrlrfllrfffrrffllffflfrllfrrffllrfllfrrlfllrfrrllrrflrfffrffrflflrfflrllflrrfrllflfrll"/>
        <trajectory sample="86" generation="86000"
                    bestEnergy="-31.0" averageEnergy="-26.5222" worstEnergy="-24.0"
                    bestConformation="Conformation 40.0 -40.0 Flrflrflrflrfrrlrfllrfffrrffllffflfrllfrrffllrfllfrrlfllrfrrllrrflrfffrffrflflrfflrllflrrfrllflfrll"/>
        <trajectory sample="87" generation="87000"
                    bestEnergy="-31.0" averageEnergy="-26.6315" worstEnergy="-22.0"
                    bestConformation="Conformation 40.0 -40.0 Flrflrflrflrfrrlrfllrfffrrffllffflfrllfrrffllrfllfrrlfllrfrrllrrflrfffrffrflflrfflrllflrrfrllflfrll"/>
        <trajectory sample="88" generation="88000"
                    bestEnergy="-31.0" averageEnergy="-26.6844" worstEnergy="-22.0"
                    bestConformation="Conformation 40.0 -40.0 Flrflrflrflrfrrlrfllrfffrrffllffflfrllfrrffllrfllfrrlfllrfrrllrrflrfffrffrflflrfflrllflrrfrllflfrll"/>
        <trajectory sample="89" generation="89000"
                    bestEnergy="-31.0" averageEnergy="-26.7373" worstEnergy="-26.0"
                    bestConformation="Conformation 40.0 -40.0 Flrflrflrflrfrrlrfllrfffrrffllffflfrllfrrffllrfllfrrlfllrfrrllrrflrfffrffrflflrfflrllflrrfrllflfrll"/>
        <trajectory sample="90" generation="90000"
                    bestEnergy="-31.0" averageEnergy="-26.8023" worstEnergy="-26.0"
                    bestConformation="Conformation 40.0 -40.0 Flrflrflrflrfrrlrfllrfffrrffllffflfrllfrrffllrfllfrrlfllrfrrllrrflrfffrffrflflrfflrllflrrfrllflfrll"/>
        <trajectory sample="91" generation="91000"
                    bestEnergy="-32.0" averageEnergy="-26.8689" worstEnergy="-26.0"
                    bestConformation="Conformation 40.0 -40.0 Flrrlrflrflrfrrlrfllrfffrrffllffflfrllfrrffllrfllfrrlfllrfrrllrrflrfffrffrlrllrfflrllflrrfrllflfrll"/>
        <trajectory sample="92" generation="92000"
                    bestEnergy="-33.0" averageEnergy="-26.9426" worstEnergy="-20.0"
                    bestConformation="Conformation 40.0 -40.0 Flfflrflrflrfrrlrfllrfffrrffllffflfrllfrrffllrfllfrrlfllrfrrllrrflrfffrffrflflrfflrllflrrfflfllrrll"/>
        <trajectory sample="93" generation="93000"
                    bestEnergy="-33.0" averageEnergy="-27.0229" worstEnergy="-26.0"
                    bestConformation="Conformation 40.0 -40.0 Flfflrflrflrfrrlrfllrfffrrffllffflfrllfrrffllrfllfrrlfllrfrrllrrflrfffrffrflflrfflrllflrrfflfllrrll"/>
        <trajectory sample="94" generation="94000"
                    bestEnergy="-33.0" averageEnergy="-27.1084" worstEnergy="-26.0"
                    bestConformation="Conformation 40.0 -40.0 Flfflrflrflrfrrlrfllrfffrrffllffflfrllfrrffllrfllfrrlfllrfrrllrrflrfffrffrflflrfflrllflrrfflfllrrll"/>
        <trajectory sample="95" generation="95000"
                    bestEnergy="-33.0" averageEnergy="-27.1942" worstEnergy="-26.0"
                    bestConformation="Conformation 40.0 -40.0 Flfflrflrflrfrrlrfllrfffrrffllffflfrllfrrffllrfllfrrlfllrfrrllrrflrfffrffrflflrfflrllflrrfflfllrrll"/>
        <trajectory sample="96" generation="96000"
                    bestEnergy="-33.0" averageEnergy="-27.2818" worstEnergy="-22.0"
                    bestConformation="Conformation 40.0 -40.0 Flfflrflrflrfrrlrfllrfffrrffllffflfrllfrrffllrfllfrrlfllrfrrllrrflrfffrffrflflrfflrllflrrfflfllrrll"/>
        <trajectory sample="97" generation="97000"
                    bestEnergy="-33.0" averageEnergy="-27.3691" worstEnergy="-22.0"
                    bestConformation="Conformation 40.0 -40.0 Flfflrflrflrfrrlrfllrfffrrffllffflfrllfrrffllrfllfrrlfllrfrrllrrflrfffrffrflflrfflrllflrrfflfllrrll"/>
        <trajectory sample="98" generation="98000"
                    bestEnergy="-33.0" averageEnergy="-27.4687" worstEnergy="-26.0"
                    bestConformation="Conformation 40.0 -40.0 Flfflrflrflrfrrlrfllrfffrrffllffflfrllfrrffllrfllfrrlfllrfrrllrrflrfffrffrflflrfflrllflrrfflfllrrll"/>
        <trajectory sample="99" generation="99000"
                    bestEnergy="-33.0" averageEnergy="-27.5769" worstEnergy="-25.0"
                    bestConformation="Conformation 40.0 -40.0 Flfflrflrflrfrrlrfllrfffrrffllffflfrllfrrffllrfllfrrlfllrfrrllrrflrfffrffrflflrfflrllflrrfflfllrrll"/>
        <trajectory sample="100" generation="100000"
                    bestEnergy="-33.0" averageEnergy="-27.6253" worstEnergy="-19.0"
                    bestConformation="Conformation 40.0 -40.0 Flfflrflrflrfrrlrfllrfffrrffllffflfrllfrrffllrfllfrrlfllrfrrllrrflrfffrffrflflrfflrllflrrfflfllrrll"/>
        <trajectory sample="101" generation="101000"
                    bestEnergy="-33.0" averageEnergy="-27.6838" worstEnergy="-25.0"
                    bestConformation="Conformation 40.0 -40.0 Flfflrflrflrfrrlrfllrfffrrffllffflfrllfrrffllrfllfrrlfllrfrrllrrflrfffrffrflflrfflrllflrrfflfllrrll"/>
        <trajectory sample="102" generation="102000"
                    bestEnergy="-33.0" averageEnergy="-27.7375" worstEnergy="-27.0"
                    bestConformation="Conformation 40.0 -40.0 Flfflrflrflrfrrlrfllrfffrrffllffflfrllfrrffllrfllfrrlfllrfrrllrrflrfffrffrflflrfflrllflrrfflfllrrll"/>
        <trajectory sample="103" generation="103000"
                    bestEnergy="-33.0" averageEnergy="-27.7949" worstEnergy="-27.0"
                    bestConformation="Conformation 40.0 -40.0 Flfflrflrflrfrrlrfllrfffrrffllffflfrllfrrffllrfllfrrlfllrfrrllrrflrfffrffrflflrfflrllflrrfflfllrrll"/>
        <trajectory sample="104" generation="104000"
                    bestEnergy="-33.0" averageEnergy="-27.8619" worstEnergy="-26.0"
                    bestConformation="Conformation 40.0 -40.0 Flfflrflrflrfrrlrfllrfffrrffllffflfrllfrrffllrfllfrrlfllrfrrllrrflrfffrffrflflrfflrllflrrfflfllrrll"/>
        <trajectory sample="105" generation="105000"
                    bestEnergy="-33.0" averageEnergy="-27.9298" worstEnergy="-26.0"
                    bestConformation="Conformation 40.0 -40.0 Flfflrflrflrfrrlrfllrfffrrffllffflfrllfrrffllrfllfrrlfllrfrrllrrflrfffrffrflflrfflrllflrrfflfllrrll"/>
        <trajectory sample="106" generation="106000"
                    bestEnergy="-33.0" averageEnergy="-28.0019" worstEnergy="-27.0"
                    bestConformation="Conformation 40.0 -40.0 Flfflrflrflrfrrlrfllrfffrrffllffflfrllfrrffllrfllfrrlfllrfrrllrrflrfffrffrflflrfflrllflrrfflfllrrll"/>
        <trajectory sample="107" generation="107000"
                    bestEnergy="-33.0" averageEnergy="-28.0703" worstEnergy="-27.0"
                    bestConformation="Conformation 40.0 -40.0 Flfflrflrflrfrrlrfllrfffrrffllffflfrllfrrffllrfllfrrlfllrfrrllrrflrfffrffrflflrfflrllflrrfflfllrrll"/>
        <trajectory sample="108" generation="108000"
                    bestEnergy="-33.0" averageEnergy="-28.147" worstEnergy="-27.0"
                    bestConformation="Conformation 40.0 -40.0 Flfflrflrflrfrrlrfllrfffrrffllffflfrllfrrffllrfllfrrlfllrfrrllrrflrfffrffrflflrfflrllflrrfflfllrrll"/>
        <trajectory sample="109" generation="109000"
                    bestEnergy="-33.0" averageEnergy="-28.2294" worstEnergy="-27.0"
                    bestConformation="Conformation 40.0 -40.0 Flfflrflrflrfrrlrfllrfffrrffllffflfrllfrrffllrfllfrrlfllrfrrllrrflrfffrffrflflrfflrllflrrfflfllrrll"/>
        <trajectory sample="110" generation="110000"
                    bestEnergy="-33.0" averageEnergy="-28.3127" worstEnergy="-27.0"
                    bestConformation="Conformation 40.0 -40.0 Flfflrflrflrfrrlrfllrfffrrffllffflfrllfrrffllrfllfrrlfllrfrrllrrflrfffrffrflflrfflrllflrrfflfllrrll"/>
        <trajectory sample="111" generation="111000"
                    bestEnergy="-33.0" averageEnergy="-28.4011" worstEnergy="-27.0"
                    bestConformation="Conformation 40.0 -40.0 Flfflrflrflrfrrlrfllrfffrrffllffflfrllfrrffllrfllfrrlfllrfrrllrrflrfffrffrflflrfflrllflrrfflfllrrll"/>
        <trajectory sample="112" generation="112000"
                    bestEnergy="-33.0" averageEnergy="-28.4996" worstEnergy="-27.0"
                    bestConformation="Conformation 40.0 -40.0 Flfflrflrflrfrrlrfllrfffrrffllffflfrllfrrffllrfllfrrlfllrfrrllrrflrfffrffrflflrfflrllflrrfflfllrrll"/>
        <trajectory sample="113" generation="113000"
                    bestEnergy="-33.0" averageEnergy="-28.5943" worstEnergy="-27.0"
                    bestConformation="Conformation 40.0 -40.0 Flfflrflrflrfrrlrfllrfffrrffllffflfrllfrrffllrfllfrrlfllrfrrllrrflrfffrffrflflrfflrllflrrfflfllrrll"/>
        <trajectory sample="114" generation="114000"
                    bestEnergy="-33.0" averageEnergy="-28.6398" worstEnergy="-28.0"
                    bestConformation="Conformation 40.0 -40.0 Flfflrflrflrfrrlrfllrfffrrffllffflfrllfrrffllrfllfrrlfllrfrrllrrflrfffrffrflflrfflrllflrrfflfllrrll"/>
        <trajectory sample="115" generation="115000"
                    bestEnergy="-33.0" averageEnergy="-28.6885" worstEnergy="-28.0"
                    bestConformation="Conformation 40.0 -40.0 Flfflrflrflrfrrlrfllrfffrrffllffflfrllfrrffllrfllfrrlfllrfrrllrrflrfffrffrflflrfflrllflrrfflfllrrll"/>
        <trajectory sample="116" generation="116000"
                    bestEnergy="-33.0" averageEnergy="-28.7471" worstEnergy="-26.0"
                    bestConformation="Conformation 40.0 -40.0 Flfflrflrflrfrrlrfllrfffrrffllffflfrllfrrffllrfllfrrlfllrfrrllrrflrfffrffrflflrfflrllflrrfflfllrrll"/>
        <trajectory sample="117" generation="117000"
                    bestEnergy="-33.0" averageEnergy="-28.802" worstEnergy="-26.0"
                    bestConformation="Conformation 40.0 -40.0 Flfflrflrflrfrrlrfllrfffrrffllffflfrllfrrffllrfllfrrlfllrfrrllrrflrfffrffrflflrfflrllflrrfflfllrrll"/>
        <trajectory sample="118" generation="118000"
                    bestEnergy="-33.0" averageEnergy="-28.8623" worstEnergy="-27.0"
                    bestConformation="Conformation 40.0 -40.0 Flfflrflrflrfrrlrfllrfffrrffllffflfrllfrrffllrfllfrrlfllrfrrllrrflrfffrffrflflrfflrllflrrfflfllrrll"/>
        <trajectory sample="119" generation="119000"
                    bestEnergy="-33.0" averageEnergy="-28.9231" worstEnergy="-28.0"
                    bestConformation="Conformation 40.0 -40.0 Flfflrflrflrfrrlrfllrfffrrffllffflfrllfrrffllrfllfrrlfllrfrrllrrflrfffrffrflflrfflrllflrrfflfllrrll"/>
        <trajectory sample="120" generation="120000"
                    bestEnergy="-33.0" averageEnergy="-28.9908" worstEnergy="-28.0"
                    bestConformation="Conformation 40.0 -40.0 Flfflrflrflrfrrlrfllrfffrrffllffflfrllfrrffllrfllfrrlfllrfrrllrrflrfffrffrflflrfflrllflrrfflfllrrll"/>
        <trajectory sample="121" generation="121000"
                    bestEnergy="-33.0" averageEnergy="-29.0653" worstEnergy="-24.0"
                    bestConformation="Conformation 40.0 -40.0 Flfflrflrflrfrrlrfllrfffrrffllffflfrllfrrffllrfllfrrlfllrfrrllrrflrfffrffrflflrfflrllflrrfflfllrrll"/>
        <trajectory sample="122" generation="122000"
                    bestEnergy="-33.0" averageEnergy="-29.1345" worstEnergy="-23.0"
                    bestConformation="Conformation 40.0 -40.0 Flfflrflrflrfrrlrfllrfffrrffllffflfrllfrrffllrfllfrrlfllrfrrllrrflrfffrffrflflrfflrllflrrfflfllrrll"/>
        <trajectory sample="123" generation="123000"
                    bestEnergy="-33.0" averageEnergy="-29.2194" worstEnergy="-24.0"
                    bestConformation="Conformation 40.0 -40.0 Flfflrflrflrfrrlrfllrfffrrffllffflfrllfrrffllrfllfrrlfllrfrrllrrflrfffrffrflflrfflrllflrrfflfllrrll"/>
        <trajectory sample="124" generation="124000"
                    bestEnergy="-34.0" averageEnergy="-29.3097" worstEnergy="-28.0"
                    bestConformation="Conformation 40.0 -40.0 Flrrllflrflrfrrlrfllrfffrrffllffflfrllfrrffllrfllfrrlfllrfrrllrrflrfffrffrlrllrfflrllflrrfrllflfrll"/>
        <trajectory sample="125" generation="125000"
                    bestEnergy="-34.0" averageEnergy="-29.3934" worstEnergy="-28.0"
                    bestConformation="Conformation 40.0 -40.0 Flrrllflrflrfrrlrfllrfffrrffllffflfrllfrrffllrfllfrrlfllrfrrllrrflrfffrffrlrllrfflrllflrrfrllflfrll"/>
        <trajectory sample="126" generation="126000"
                    bestEnergy="-34.0" averageEnergy="-29.4801" worstEnergy="-28.0"
                    bestConformation="Conformation 40.0 -40.0 Flrrllflrflrfrrlrfllrfffrrffllffflfrllfrrffllrfllfrrlfllrfrrllrrflrfffrffrlrllrfflrllflrrfrllflfrll"/>
        <trajectory sample="127" generation="127000"
                    bestEnergy="-34.0" averageEnergy="-29.5659" worstEnergy="-20.0"
                    bestConformation="Conformation 40.0 -40.0 Flrrllflrflrfrrlrfllrfffrrffllffflfrllfrrffllrfllfrrlfllrfrrllrrflrfffrffrlrllrfflrllflrrfrllflfrll"/>
        <trajectory sample="128" generation="128000"
                    bestEnergy="-34.0" averageEnergy="-29.6169" worstEnergy="-29.0"
                    bestConformation="Conformation 40.0 -40.0 Flrrllflrflrfrrlrfllrfffrrffllffflfrllfrrffllrfllfrrlfllrfrrllrrflrfffrffrlrllrfflrllflrrfrllflfrll"/>
        <trajectory sample="129" generation="129000"
                    bestEnergy="-35.0" averageEnergy="-29.6653" worstEnergy="-27.0"
                    bestConformation="Conformation 40.0 -40.0 Flrlrlflrflrfrrlrfllrfffrrffllffflfrllfrrffllrfllfrrlfllrfrrllrrflrfffrffrlrllrfflrllflrrfflfllrrll"/>
        <trajectory sample="130" generation="130000"
                    bestEnergy="-35.0" averageEnergy="-29.7117" worstEnergy="-29.0"
                    bestConformation="Conformation 40.0 -40.0 Flrlrlflrflrfrrlrfllrfffrrffllffflfrllfrrffllrfllfrrlfllrfrrllrrflrfffrffrlrllrfflrllflrrfflfllrrll"/>
        <trajectory sample="131" generation="131000"
                    bestEnergy="-35.0" averageEnergy="-29.7666" worstEnergy="-28.0"
                    bestConformation="Conformation 40.0 -40.0 Flrlrlflrflrfrrlrfllrfffrrffllffflfrllfrrffllrfllfrrlfllrfrrllrrflrfffrffrlrllrfflrllflrrfflfllrrll"/>
        <trajectory sample="132" generation="132000"
                    bestEnergy="-35.0" averageEnergy="-29.826" worstEnergy="-29.0"
                    bestConformation="Conformation 40.0 -40.0 Flrlrlflrflrfrrlrfllrfffrrffllffflfrllfrrffllrfllfrrlfllrfrrllrrflrfffrffrlrllrfflrllflrrfflfllrrll"/>
        <trajectory sample="133" generation="133000"
                    bestEnergy="-35.0" averageEnergy="-29.8813" worstEnergy="-29.0"
                    bestConformation="Conformation 40.0 -40.0 Flrlrlflrflrfrrlrfllrfffrrffllffflfrllfrrffllrfllfrrlfllrfrrllrrflrfffrffrlrllrfflrllflrrfflfllrrll"/>
        <trajectory sample="134" generation="134000"
                    bestEnergy="-35.0" averageEnergy="-29.9472" worstEnergy="-29.0"
                    bestConformation="Conformation 40.0 -40.0 Flrlrlflrflrfrrlrfllrfffrrffllffflfrllfrrffllrfllfrrlfllrfrrllrrflrfffrffrlrllrfflrllflrrfflfllrrll"/>
        <trajectory sample="135" generation="135000"
                    bestEnergy="-36.0" averageEnergy="-30.0177" worstEnergy="-29.0"
                    bestConformation="Conformation 40.0 -40.0 Flrrllflrflrfrrlrfllrfffrrffllffflfrllfrrffllrfllfrrlfllrfrrllrrflrfffrffrlrllrfflrllflrrfrllflfrll"/>
        <trajectory sample="136" generation="136000"
                    bestEnergy="-36.0" averageEnergy="-30.0942" worstEnergy="-29.0"
                    bestConformation="Conformation 40.0 -40.0 Flrrllflrflrfrrlrfllrfffrrffllffflfrllfrrffllrfllfrrlfllrfrrllrrflrfffrffrlrllrfflrllflrrfrllflfrll"/>
        <trajectory sample="137" generation="137000"
                    bestEnergy="-36.0" averageEnergy="-30.1662" worstEnergy="-29.0"
                    bestConformation="Conformation 40.0 -40.0 Flrrllflrflrfrrlrfllrfffrrffllffflfrllfrrffllrfllfrrlfllrfrrllrrflrfffrffrlrllrfflrllflrrfrllflfrll"/>
        <trajectory sample="138" generation="138000"
                    bestEnergy="-36.0" averageEnergy="-30.2439" worstEnergy="-29.0"
                    bestConformation="Conformation 40.0 -40.0 Flrrllflrflrfrrlrfllrfffrrffllffflfrllfrrffllrfllfrrlfllrfrrllrrflrfffrffrlrllrfflrllflrrfrllflfrll"/>
        <trajectory sample="139" generation="139000"
                    bestEnergy="-36.0" averageEnergy="-30.3287" worstEnergy="-27.0"
                    bestConformation="Conformation 40.0 -40.0 Flrrllflrflrfrrlrfllrfffrrffllffflfrllfrrffllrfllfrrlfllrfrrllrrflrfffrffrlrllrfflrllflrrfrllflfrll"/>
        <trajectory sample="140" generation="140000"
                    bestEnergy="-36.0" averageEnergy="-30.4156" worstEnergy="-29.0"
                    bestConformation="Conformation 40.0 -40.0 Flrrllflrflrfrrlrfllrfffrrffllffflfrllfrrffllrfllfrrlfllrfrrllrrflrfffrffrlrllrfflrllflrrfrllflfrll"/>
        <trajectory sample="141" generation="141000"
                    bestEnergy="-36.0" averageEnergy="-30.4886" worstEnergy="-25.0"
                    bestConformation="Conformation 40.0 -40.0 Flrrllflrflrfrrlrfllrfffrrffllffflfrllfrrffllrfllfrrlfllrfrrllrrflrfffrffrlrllrfflrllflrrfrllflfrll"/>
        <trajectory sample="142" generation="142000"
                    bestEnergy="-36.0" averageEnergy="-30.5308" worstEnergy="-30.0"
                    bestConformation="Conformation 40.0 -40.0 Flrrllflrflrfrrlrfllrfffrrffllffflfrllfrrffllrfllfrrlfllrfrrllrrflrfffrffrlrllrfflrllflrrfrllflfrll"/>
        <trajectory sample="143" generation="143000"
                    bestEnergy="-36.0" averageEnergy="-30.5732" worstEnergy="-30.0"
                    bestConformation="Conformation 40.0 -40.0 Flrrllflrflrfrrlrfllrfffrrffllffflfrllfrrffllrfllfrrlfllrfrrllrrflrfffrffrlrllrfflrllflrrfrllflfrll"/>
        <trajectory sample="144" generation="144000"
                    bestEnergy="-36.0" averageEnergy="-30.6188" worstEnergy="-27.0"
                    bestConformation="Conformation 40.0 -40.0 Flrrllflrflrfrrlrfllrfffrrffllffflfrllfrrffllrfllfrrlfllrfrrllrrflrfffrffrlrllrfflrllflrrfrllflfrll"/>
        <trajectory sample="145" generation="145000"
                    bestEnergy="-36.0" averageEnergy="-30.6682" worstEnergy="-27.0"
                    bestConformation="Conformation 40.0 -40.0 Flrrllflrflrfrrlrfllrfffrrffllffflfrllfrrffllrfllfrrlfllrfrrllrrflrfffrffrlrllrfflrllflrrfrllflfrll"/>
        <trajectory sample="146" generation="146000"
                    bestEnergy="-36.0" averageEnergy="-30.7244" worstEnergy="-30.0"
                    bestConformation="Conformation 40.0 -40.0 Flrrllflrflrfrrlrfllrfffrrffllffflfrllfrrffllrfllfrrlfllrfrrllrrflrfffrffrlrllrfflrllflrrfrllflfrll"/>
        <trajectory sample="147" generation="147000"
                    bestEnergy="-36.0" averageEnergy="-30.7779" worstEnergy="-30.0"
                    bestConformation="Conformation 40.0 -40.0 Flrrllflrflrfrrlrfllrfffrrffllffflfrllfrrffllrfllfrrlfllrfrrllrrflrfffrffrlrllrfflrllflrrfrllflfrll"/>
        <trajectory sample="148" generation="148000"
                    bestEnergy="-36.0" averageEnergy="-30.8428" worstEnergy="-30.0"
                    bestConformation="Conformation 40.0 -40.0 Flrrllflrflrfrrlrfllrfffrrffllffflfrllfrrffllrfllfrrlfllrfrrllrrflrfffrffrlrllrfflrllflrrfrllflfrll"/>
        <trajectory sample="149" generation="149000"
                    bestEnergy="-36.0" averageEnergy="-30.9056" worstEnergy="-30.0"
                    bestConformation="Conformation 40.0 -40.0 Flrrllflrflrfrrlrfllrfffrrffllffflfrllfrrffllrfllfrrlfllrfrrllrrflrfffrffrlrllrfflrllflrrfrllflfrll"/>
        <trajectory sample="150" generation="150000"
                    bestEnergy="-36.0" averageEnergy="-30.9763" worstEnergy="-30.0"
                    bestConformation="Conformation 40.0 -40.0 Flrrllflrflrfrrlrfllrfffrrffllffflfrllfrrffllrfllfrrlfllrfrrllrrflrfffrffrlrllrfflrllflrrfrllflfrll"/>
        <trajectory sample="151" generation="151000"
                    bestEnergy="-36.0" averageEnergy="-31.0496" worstEnergy="-30.0"
                    bestConformation="Conformation 40.0 -40.0 Flrrllflrflrfrrlrfllrfffrrffllffflfrllfrrffllrfllfrrlfllrfrrllrrflrfffrffrlrllrfflrllflrrfrllflfrll"/>
        <trajectory sample="152" generation="152000"
                    bestEnergy="-36.0" averageEnergy="-31.1227" worstEnergy="-27.0"
                    bestConformation="Conformation 40.0 -40.0 Flrrllflrflrfrrlrfllrfffrrffllffflfrllfrrffllrfllfrrlfllrfrrllrrflrfffrffrlrllrfflrllflrrfrllflfrll"/>
        <trajectory sample="153" generation="153000"
                    bestEnergy="-36.0" averageEnergy="-31.2012" worstEnergy="-30.0"
                    bestConformation="Conformation 40.0 -40.0 Flrrllflrflrfrrlrfllrfffrrffllffflfrllfrrffllrfllfrrlfllrfrrllrrflrfffrffrlrllrfflrllflrrfrllflfrll"/>
        <trajectory sample="154" generation="154000"
                    bestEnergy="-36.0" averageEnergy="-31.2792" worstEnergy="-30.0"
                    bestConformation="Conformation 40.0 -40.0 Flrrllflrflrfrrlrfllrfffrrffllffflfrllfrrffllrfllfrrlfllrfrrllrrflrfffrffrlrllrfflrllflrrfrllflfrll"/>
        <trajectory sample="155" generation="155000"
                    bestEnergy="-37.0" averageEnergy="-31.37" worstEnergy="-29.0"
                    bestConformation="Conformation 40.0 -40.0 Flrrlrflrflrfrrlrfllrfffrrffllffflfrllfrrffllrfllfrrlfllrfrrllrrflrfffrffrflflrfflrllflrrfrllflfrll"/>
        <trajectory sample="156" generation="156000"
                    bestEnergy="-37.0" averageEnergy="-31.4566" worstEnergy="-30.0"
                    bestConformation="Conformation 40.0 -40.0 Flrrlrflrflrfrrlrfllrfffrrffllffflfrllfrrffllrfllfrrlfllrfrrllrrflrfffrffrflflrfflrllflrrfrllflfrll"/>
        <trajectory sample="157" generation="157000"
                    bestEnergy="-37.0" averageEnergy="-31.5562" worstEnergy="-28.0"
                    bestConformation="Conformation 40.0 -40.0 Flrrlrflrflrfrrlrfllrfffrrffllffflfrllfrrffllrfllfrrlfllrfrrllrrflrfffrffrflflrfflrllflrrfrllflfrll"/>
        <trajectory sample="158" generation="158000"
                    bestEnergy="-37.0" averageEnergy="-31.601" worstEnergy="-25.0"
                    bestConformation="Conformation 40.0 -40.0 Flrrlrflrflrfrrlrfllrfffrrffllffflfrllfrrffllrfllfrrlfllrfrrllrrflrfffrffrflflrfflrllflrrfrllflfrll"/>
        <trajectory sample="159" generation="159000"
                    bestEnergy="-37.0" averageEnergy="-31.6504" worstEnergy="-30.0"
                    bestConformation="Conformation 40.0 -40.0 Flrrlrflrflrfrrlrfllrfffrrffllffflfrllfrrffllrfllfrrlfllrfrrllrrflrfffrffrflflrfflrllflrrfrllflfrll"/>
        <trajectory sample="160" generation="160000"
                    bestEnergy="-37.0" averageEnergy="-31.7045" worstEnergy="-31.0"
                    bestConformation="Conformation 40.0 -40.0 Flrrlrflrflrfrrlrfllrfffrrffllffflfrllfrrffllrfllfrrlfllrfrrllrrflrfffrffrflflrfflrllflrrfrllflfrll"/>
        <trajectory sample="161" generation="161000"
                    bestEnergy="-37.0" averageEnergy="-31.7637" worstEnergy="-29.0"
                    bestConformation="Conformation 40.0 -40.0 Flrrlrflrflrfrrlrfllrfffrrffllffflfrllfrrffllrfllfrrlfllrfrrllrrflrfffrffrflflrfflrllflrrfrllflfrll"/>
        <trajectory sample="162" generation="162000"
                    bestEnergy="-37.0" averageEnergy="-31.8247" worstEnergy="-29.0"
                    bestConformation="Conformation 40.0 -40.0 Flrrlrflrflrfrrlrfllrfffrrffllffflfrllfrrffllrfllfrrlfllrfrrllrrflrfffrffrflflrfflrllflrrfrllflfrll"/>
        <trajectory sample="163" generation="163000"
                    bestEnergy="-37.0" averageEnergy="-31.8842" worstEnergy="-31.0"
                    bestConformation="Conformation 40.0 -40.0 Flrrlrflrflrfrrlrfllrfffrrffllffflfrllfrrffllrfllfrrlfllrfrrllrrflrfffrffrflflrfflrllflrrfrllflfrll"/>
        <trajectory sample="164" generation="164000"
                    bestEnergy="-37.0" averageEnergy="-31.9478" worstEnergy="-31.0"
                    bestConformation="Conformation 40.0 -40.0 Flrrlrflrflrfrrlrfllrfffrrffllffflfrllfrrffllrfllfrrlfllrfrrllrrflrfffrffrflflrfflrllflrrfrllflfrll"/>
        <trajectory sample="165" generation="165000"
                    bestEnergy="-37.0" averageEnergy="-32.0291" worstEnergy="-23.0"
                    bestConformation="Conformation 40.0 -40.0 Flrrlrflrflrfrrlrfllrfffrrffllffflfrllfrrffllrfllfrrlfllrfrrllrrflrfffrffrflflrfflrllflrrfrllflfrll"/>
        <trajectory sample="166" generation="166000"
                    bestEnergy="-37.0" averageEnergy="-32.1044" worstEnergy="-31.0"
                    bestConformation="Conformation 40.0 -40.0 Flrrlrflrflrfrrlrfllrfffrrffllffflfrllfrrffllrfllfrrlfllrfrrllrrflrfffrffrflflrfflrllflrrfrllflfrll"/>
        <trajectory sample="167" generation="167000"
                    bestEnergy="-37.0" averageEnergy="-32.1834" worstEnergy="-30.0"
                    bestConformation="Conformation 40.0 -40.0 Flrrlrflrflrfrrlrfllrfffrrffllffflfrllfrrffllrfllfrrlfllrfrrllrrflrfffrffrflflrfflrllflrrfrllflfrll"/>
        <trajectory sample="168" generation="168000"
                    bestEnergy="-37.0" averageEnergy="-32.2726" worstEnergy="-31.0"
                    bestConformation="Conformation 40.0 -40.0 Flrrlrflrflrfrrlrfllrfffrrffllffflfrllfrrffllrfllfrrlfllrfrrllrrflrfffrffrflflrfflrllflrrfrllflfrll"/>
        <trajectory sample="169" generation="169000"
                    bestEnergy="-37.0" averageEnergy="-32.3554" worstEnergy="-31.0"
                    bestConformation="Conformation 40.0 -40.0 Flrrlrflrflrfrrlrfllrfffrrffllffflfrllfrrffllrfllfrrlfllrfrrllrrflrfffrffrflflrfflrllflrrfrllflfrll"/>
        <trajectory sample="170" generation="170000"
                    bestEnergy="-37.0" averageEnergy="-32.4514" worstEnergy="-31.0"
                    bestConformation="Conformation 40.0 -40.0 Flrrlrflrflrfrrlrfllrfffrrffllffflfrllfrrffllrfllfrrlfllrfrrllrrflrfffrffrflflrfflrllflrrfrllflfrll"/>
        <trajectory sample="171" generation="171000"
                    bestEnergy="-37.0" averageEnergy="-32.5501" worstEnergy="-31.0"
                    bestConformation="Conformation 40.0 -40.0 Flrrlrflrflrfrrlrfllrfffrrffllffflfrllfrrffllrfllfrrlfllrfrrllrrflrfffrffrflflrfflrllflrrfrllflfrll"/>
        <trajectory sample="172" generation="172000"
                    bestEnergy="-37.0" averageEnergy="-32.6567" worstEnergy="-31.0"
                    bestConformation="Conformation 40.0 -40.0 Flrrlrflrflrfrrlrfllrfffrrffllffflfrllfrrffllrfllfrrlfllrfrrllrrflrfffrffrflflrfflrllflrrfrllflfrll"/>
        <trajectory sample="173" generation="173000"
                    bestEnergy="-37.0" averageEnergy="-32.7331" worstEnergy="-28.0"
                    bestConformation="Conformation 40.0 -40.0 Flrrlrflrflrfrrlrfllrfffrrffllffflfrllfrrffllrfllfrrlfllrfrrllrrflrfffrffrflflrfflrllflrrfrllflfrll"/>
        <trajectory sample="174" generation="174000"
                    bestEnergy="-37.0" averageEnergy="-32.7935" worstEnergy="-32.0"
                    bestConformation="Conformation 40.0 -40.0 Flrrlrflrflrfrrlrfllrfffrrffllffflfrllfrrffllrfllfrrlfllrfrrllrrflrfffrffrflflrfflrllflrrfrllflfrll"/>
        <trajectory sample="175" generation="175000"
                    bestEnergy="-37.0" averageEnergy="-32.8573" worstEnergy="-32.0"
                    bestConformation="Conformation 40.0 -40.0 Flrrlrflrflrfrrlrfllrfffrrffllffflfrllfrrffllrfllfrrlfllrfrrllrrflrfffrffrflflrfflrllflrrfrllflfrll"/>
        <trajectory sample="176" generation="176000"
                    bestEnergy="-37.0" averageEnergy="-32.9211" worstEnergy="-29.0"
                    bestConformation="Conformation 40.0 -40.0 Flrrlrflrflrfrrlrfllrfffrrffllffflfrllfrrffllrfllfrrlfllrfrrllrrflrfffrffrflflrfflrllflrrfrllflfrll"/>
        <trajectory sample="177" generation="177000"
                    bestEnergy="-37.0" averageEnergy="-32.9848" worstEnergy="-31.0"
                    bestConformation="Conformation 40.0 -40.0 Flrrlrflrflrfrrlrfllrfffrrffllffflfrllfrrffllrfllfrrlfllrfrrllrrflrfffrffrflflrfflrllflrrfrllflfrll"/>
        <trajectory sample="178" generation="178000"
                    bestEnergy="-37.0" averageEnergy="-33.0558" worstEnergy="-26.0"
                    bestConformation="Conformation 40.0 -40.0 Flrrlrflrflrfrrlrfllrfffrrffllffflfrllfrrffllrfllfrrlfllrfrrllrrflrfffrffrflflrfflrllflrrfrllflfrll"/>
        <trajectory sample="179" generation="179000"
                    bestEnergy="-37.0" averageEnergy="-33.1334" worstEnergy="-25.0"
                    bestConformation="Conformation 40.0 -40.0 Flrrlrflrflrfrrlrfllrfffrrffllffflfrllfrrffllrfllfrrlfllrfrrllrrflrfffrffrflflrfflrllflrrfrllflfrll"/>
        <trajectory sample="180" generation="180000"
                    bestEnergy="-37.0" averageEnergy="-33.2146" worstEnergy="-28.0"
                    bestConformation="Conformation 40.0 -40.0 Flrrlrflrflrfrrlrfllrfffrrffllffflfrllfrrffllrfllfrrlfllrfrrllrrflrfffrffrflflrfflrllflrrfrllflfrll"/>
        <trajectory sample="181" generation="181000"
                    bestEnergy="-37.0" averageEnergy="-33.3033" worstEnergy="-32.0"
                    bestConformation="Conformation 40.0 -40.0 Flrrlrflrflrfrrlrfllrfffrrffllffflfrllfrrffllrfllfrrlfllrfrrllrrflrfffrffrflflrfflrllflrrfrllflfrll"/>
        <trajectory sample="182" generation="182000"
                    bestEnergy="-37.0" averageEnergy="-33.385" worstEnergy="-29.0"
                    bestConformation="Conformation 40.0 -40.0 Flrrlrflrflrfrrlrfllrfffrrffllffflfrllfrrffllrfllfrrlfllrfrrllrrflrfffrffrflflrfflrllflrrfrllflfrll"/>
        <trajectory sample="183" generation="183000"
                    bestEnergy="-37.0" averageEnergy="-33.4843" worstEnergy="-32.0"
                    bestConformation="Conformation 40.0 -40.0 Flrrlrflrflrfrrlrfllrfffrrffllffflfrllfrrffllrfllfrrlfllrfrrllrrflrfffrffrflflrfflrllflrrfrllflfrll"/>
        <trajectory sample="184" generation="184000"
                    bestEnergy="-37.0" averageEnergy="-33.5596" worstEnergy="-33.0"
                    bestConformation="Conformation 40.0 -40.0 Flrrlrflrflrfrrlrfllrfffrrffllffflfrllfrrffllrfllfrrlfllrfrrllrrflrfffrffrflflrfflrllflrrfrllflfrll"/>
        <trajectory sample="185" generation="185000"
                    bestEnergy="-37.0" averageEnergy="-33.6057" worstEnergy="-33.0"
                    bestConformation="Conformation 40.0 -40.0 Flrrlrflrflrfrrlrfllrfffrrffllffflfrllfrrffllrfllfrrlfllrfrrllrrflrfffrffrflflrfflrllflrrfrllflfrll"/>
        <trajectory sample="186" generation="186000"
                    bestEnergy="-37.0" averageEnergy="-33.6535" worstEnergy="-29.0"
                    bestConformation="Conformation 40.0 -40.0 Flrrlrflrflrfrrlrfllrfffrrffllffflfrllfrrffllrfllfrrlfllrfrrllrrflrfffrffrflflrfflrllflrrfrllflfrll"/>
        <trajectory sample="187" generation="187000"
                    bestEnergy="-37.0" averageEnergy="-33.7063" worstEnergy="-33.0"
                    bestConformation="Conformation 40.0 -40.0 Flrrlrflrflrfrrlrfllrfffrrffllffflfrllfrrffllrfllfrrlfllrfrrllrrflrfffrffrflflrfflrllflrrfrllflfrll"/>
        <trajectory sample="188" generation="188000"
                    bestEnergy="-37.0" averageEnergy="-33.7608" worstEnergy="-32.0"
                    bestConformation="Conformation 40.0 -40.0 Flrrlrflrflrfrrlrfllrfffrrffllffflfrllfrrffllrfllfrrlfllrfrrllrrflrfffrffrflflrfflrllflrrfrllflfrll"/>
        <trajectory sample="189" generation="189000"
                    bestEnergy="-37.0" averageEnergy="-33.8243" worstEnergy="-32.0"
                    bestConformation="Conformation 40.0 -40.0 Flrrlrflrflrfrrlrfllrfffrrffllffflfrllfrrffllrfllfrrlfllrfrrllrrflrfffrffrflflrfflrllflrrfrllflfrll"/>
        <trajectory sample="190" generation="190000"
                    bestEnergy="-37.0" averageEnergy="-33.8801" worstEnergy="-28.0"
                    bestConformation="Conformation 40.0 -40.0 Flrrlrflrflrfrrlrfllrfffrrffllffflfrllfrrffllrfllfrrlfllrfrrllrrflrfffrffrflflrfflrllflrrfrllflfrll"/>
        <trajectory sample="191" generation="191000"
                    bestEnergy="-37.0" averageEnergy="-33.9509" worstEnergy="-33.0"
                    bestConformation="Conformation 40.0 -40.0 Flrrlrflrflrfrrlrfllrfffrrffllffflfrllfrrffllrfllfrrlfllrfrrllrrflrfffrffrflflrfflrllflrrfrllflfrll"/>
        <trajectory sample="192" generation="192000"
                    bestEnergy="-37.0" averageEnergy="-34.0211" worstEnergy="-33.0"
                    bestConformation="Conformation 40.0 -40.0 Flrrlrflrflrfrrlrfllrfffrrffllffflfrllfrrffllrfllfrrlfllrfrrllrrflrfffrffrflflrfflrllflrrfrllflfrll"/>
        <trajectory sample="193" generation="193000"
                    bestEnergy="-37.0" averageEnergy="-34.0886" worstEnergy="-33.0"
                    bestConformation="Conformation 40.0 -40.0 Flrrlrflrflrfrrlrfllrfffrrffllffflfrllfrrffllrfllfrrlfllrfrrllrrflrfffrffrflflrfflrllflrrfrllflfrll"/>
        <trajectory sample="194" generation="194000"
                    bestEnergy="-37.0" averageEnergy="-34.1624" worstEnergy="-31.0"
                    bestConformation="Conformation 40.0 -40.0 Flrrlrflrflrfrrlrfllrfffrrffllffflfrllfrrffllrfllfrrlfllrfrrllrrflrfffrffrflflrfflrllflrrfrllflfrll"/>
        <trajectory sample="195" generation="195000"
                    bestEnergy="-37.0" averageEnergy="-34.2381" worstEnergy="-25.0"
                    bestConformation="Conformation 40.0 -40.0 Flrrlrflrflrfrrlrfllrfffrrffllffflfrllfrrffllrfllfrrlfllrfrrllrrflrfffrffrflflrfflrllflrrfrllflfrll"/>
        <trajectory sample="196" generation="196000"
                    bestEnergy="-37.0" averageEnergy="-34.3216" worstEnergy="-31.0"
                    bestConformation="Conformation 40.0 -40.0 Flrrlrflrflrfrrlrfllrfffrrffllffflfrllfrrffllrfllfrrlfllrfrrllrrflrfffrffrflflrfflrllflrrfrllflfrll"/>
        <trajectory sample="197" generation="197000"
                    bestEnergy="-37.0" averageEnergy="-34.4058" worstEnergy="-32.0"
                    bestConformation="Conformation 40.0 -40.0 Flrrlrflrflrfrrlrfllrfffrrffllffflfrllfrrffllrfllfrrlfllrfrrllrrflrfffrffrflflrfflrllflrrfrllflfrll"/>
        <trajectory sample="198" generation="198000"
                    bestEnergy="-37.0" averageEnergy="-34.4974" worstEnergy="-33.0"
                    bestConformation="Conformation 40.0 -40.0 Flrrlrflrflrfrrlrfllrfffrrffllffflfrllfrrffllrfllfrrlfllrfrrllrrflrfffrffrflflrfflrllflrrfrllflfrll"/>
        <trajectory sample="199" generation="199000"
                    bestEnergy="-37.0" averageEnergy="-34.5436" worstEnergy="-33.0"
                    bestConformation="Conformation 40.0 -40.0 Flrrlrflrflrfrrlrfllrfffrrffllffflfrllfrrffllrfllfrrlfllrfrrllrrflrfffrffrflflrfflrllflrrfrllflfrll"/>
        <trajectory sample="200" generation="200000"
                    bestEnergy="-38.0" averageEnergy="-34.5867" worstEnergy="-34.0"
                    bestConformation="Conformation 40.0 -40.0 Flrrlrflrflrfrrlrfllrfffrrffllffflfrllfrrffllrfllfrrlfllrfrrllrrflrfffrffrflflrfflrllflrrfrllflfrll"/>
        <trajectory sample="201" generation="201000"
                    bestEnergy="-38.0" averageEnergy="-34.6313" worstEnergy="-34.0"
                    bestConformation="Conformation 40.0 -40.0 Flrrlrflrflrfrrlrfllrfffrrffllffflfrllfrrffllrfllfrrlfllrfrrllrrflrfffrffrflflrfflrllflrrfrllflfrll"/>
        <trajectory sample="202" generation="202000"
                    bestEnergy="-38.0" averageEnergy="-34.6801" worstEnergy="-34.0"
                    bestConformation="Conformation 40.0 -40.0 Flrrlrflrflrfrrlrfllrfffrrffllffflfrllfrrffllrfllfrrlfllrfrrllrrflrfffrffrflflrfflrllflrrfrllflfrll"/>
        <trajectory sample="203" generation="203000"
                    bestEnergy="-38.0" averageEnergy="-34.7294" worstEnergy="-34.0"
                    bestConformation="Conformation 40.0 -40.0 Flrrlrflrflrfrrlrfllrfffrrffllffflfrllfrrffllrfllfrrlfllrfrrllrrflrfffrffrflflrfflrllflrrfrllflfrll"/>
        <trajectory sample="204" generation="204000"
                    bestEnergy="-38.0" averageEnergy="-34.7808" worstEnergy="-32.0"
                    bestConformation="Conformation 40.0 -40.0 Flrrlrflrflrfrrlrfllrfffrrffllffflfrllfrrffllrfllfrrlfllrfrrllrrflrfffrffrflflrfflrllflrrfrllflfrll"/>
        <trajectory sample="205" generation="205000"
                    bestEnergy="-39.0" averageEnergy="-34.8378" worstEnergy="-29.0"
                    bestConformation="Conformation 40.0 -40.0 Flrrlrflrflrfrrlrfllrfffrrffllffflfrllfrrffllrfllfrrlfllrfrrllrrflrfffrffrflflrfflrllflrrfrllflfrll"/>
        <trajectory sample="206" generation="206000"
                    bestEnergy="-39.0" averageEnergy="-34.8916" worstEnergy="-34.0"
                    bestConformation="Conformation 40.0 -40.0 Flrrlrflrflrfrrlrfllrfffrrffllffflfrllfrrffllrfllfrrlfllrfrrllrrflrfffrffrflflrfflrllflrrfrllflfrll"/>
        <trajectory sample="207" generation="207000"
                    bestEnergy="-39.0" averageEnergy="-34.9539" worstEnergy="-31.0"
                    bestConformation="Conformation 40.0 -40.0 Flrrlrflrflrfrrlrfllrfffrrffllffflfrllfrrffllrfllfrrlfllrfrrllrrflrfffrffrflflrfflrllflrrfrllflfrll"/>
        <trajectory sample="208" generation="208000"
                    bestEnergy="-39.0" averageEnergy="-35.0208" worstEnergy="-34.0"
                    bestConformation="Conformation 40.0 -40.0 Flrrlrflrflrfrrlrfllrfffrrffllffflfrllfrrffllrfllfrrlfllrfrrllrrflrfffrffrflflrfflrllflrrfrllflfrll"/>
        <trajectory sample="209" generation="209000"
                    bestEnergy="-39.0" averageEnergy="-35.0905" worstEnergy="-34.0"
                    bestConformation="Conformation 40.0 -40.0 Flrrlrflrflrfrrlrfllrfffrrffllffflfrllfrrffllrfllfrrlfllrfrrllrrflrfffrffrflflrfflrllflrrfrllflfrll"/>
        <trajectory sample="210" generation="210000"
                    bestEnergy="-39.0" averageEnergy="-35.1616" worstEnergy="-26.0"
                    bestConformation="Conformation 40.0 -40.0 Flrrlrflrflrfrrlrfllrfffrrffllffflfrllfrrffllrfllfrrlfllrfrrllrrflrfffrffrflflrfflrllflrrfrllflfrll"/>
        <trajectory sample="211" generation="211000"
                    bestEnergy="-39.0" averageEnergy="-35.2376" worstEnergy="-34.0"
                    bestConformation="Conformation 40.0 -40.0 Flrrlrflrflrfrrlrfllrfffrrffllffflfrllfrrffllrfllfrrlfllrfrrllrrflrfffrffrflflrfflrllflrrfrllflfrll"/>
        <trajectory sample="212" generation="212000"
                    bestEnergy="-39.0" averageEnergy="-35.3138" worstEnergy="-34.0"
                    bestConformation="Conformation 40.0 -40.0 Flrrlrflrflrfrrlrfllrfffrrffllffflfrllfrrffllrfllfrrlfllrfrrllrrflrfffrffrflflrfflrllflrrfrllflfrll"/>
        <trajectory sample="213" generation="213000"
                    bestEnergy="-39.0" averageEnergy="-35.3903" worstEnergy="-31.0"
                    bestConformation="Conformation 40.0 -40.0 Flrrlrflrflrfrrlrfllrfffrrffllffflfrllfrrffllrfllfrrlfllrfrrllrrflrfffrffrflflrfflrllflrrfrllflfrll"/>
        <trajectory sample="214" generation="214000"
                    bestEnergy="-39.0" averageEnergy="-35.477" worstEnergy="-30.0"
                    bestConformation="Conformation 40.0 -40.0 Flrrlrflrflrfrrlrfllrfffrrffllffflfrllfrrffllrfllfrrlfllrfrrllrrflrfffrffrflflrfflrllflrrfrllflfrll"/>
        <trajectory sample="215" generation="215000"
                    bestEnergy="-39.0" averageEnergy="-35.5223" worstEnergy="-34.0"
                    bestConformation="Conformation 40.0 -40.0 Flrrlrflrflrfrrlrfllrfffrrffllffflfrllfrrffllrfllfrrlfllrfrrllrrflrfffrffrflflrfflrllflrrfrllflfrll"/>
        <trajectory sample="216" generation="216000"
                    bestEnergy="-39.0" averageEnergy="-35.5607" worstEnergy="-25.0"
                    bestConformation="Conformation 40.0 -40.0 Flrrlrflrflrfrrlrfllrfffrrffllffflfrllfrrffllrfllfrrlfllrfrrllrrflrfffrffrflflrfflrllflrrfrllflfrll"/>
        <trajectory sample="217" generation="217000"
                    bestEnergy="-39.0" averageEnergy="-35.6001" worstEnergy="-35.0"
                    bestConformation="Conformation 40.0 -40.0 Flrrlrflrflrfrrlrfllrfffrrffllffflfrllfrrffllrfllfrrlfllrfrrllrrflrfffrffrflflrfflrllflrrfrllflfrll"/>
        <trajectory sample="218" generation="218000"
                    bestEnergy="-39.0" averageEnergy="-35.646" worstEnergy="-35.0"
                    bestConformation="Conformation 40.0 -40.0 Flrrlrflrflrfrrlrfllrfffrrffllffflfrllfrrffllrfllfrrlfllrfrrllrrflrfffrffrflflrfflrllflrrfrllflfrll"/>
        <trajectory sample="219" generation="219000"
                    bestEnergy="-39.0" averageEnergy="-35.6888" worstEnergy="-35.0"
                    bestConformation="Conformation 40.0 -40.0 Flrrlrflrflrfrrlrfllrfffrrffllffflfrllfrrffllrfllfrrlfllrfrrllrrflrfffrffrflflrfflrllflrrfrllflfrll"/>
        <trajectory sample="220" generation="220000"
                    bestEnergy="-39.0" averageEnergy="-35.7392" worstEnergy="-35.0"
                    bestConformation="Conformation 40.0 -40.0 Flrrlrflrflrfrrlrfllrfffrrffllffflfrllfrrffllrfllfrrlfllrfrrllrrflrfffrffrflflrfflrllflrrfrllflfrll"/>
        <trajectory sample="221" generation="221000"
                    bestEnergy="-39.0" averageEnergy="-35.7869" worstEnergy="-28.0"
                    bestConformation="Conformation 40.0 -40.0 Flrrlrflrflrfrrlrfllrfffrrffllffflfrllfrrffllrfllfrrlfllrfrrllrrflrfffrffrflflrfflrllflrrfrllflfrll"/>
        <trajectory sample="222" generation="222000"
                    bestEnergy="-39.0" averageEnergy="-35.837" worstEnergy="-31.0"
                    bestConformation="Conformation 40.0 -40.0 Flrrlrflrflrfrrlrfllrfffrrffllffflfrllfrrffllrfllfrrlfllrfrrllrrflrfffrffrflflrfflrllflrrfrllflfrll"/>
        <trajectory sample="223" generation="223000"
                    bestEnergy="-39.0" averageEnergy="-35.8906" worstEnergy="-35.0"
                    bestConformation="Conformation 40.0 -40.0 Flrrlrflrflrfrrlrfllrfffrrffllffflfrllfrrffllrfllfrrlfllrfrrllrrflrfffrffrflflrfflrllflrrfrllflfrll"/>
        <trajectory sample="224" generation="224000"
                    bestEnergy="-39.0" averageEnergy="-35.939" worstEnergy="-32.0"
                    bestConformation="Conformation 40.0 -40.0 Flrrlrflrflrfrrlrfllrfffrrffllffflfrllfrrffllrfllfrrlfllrfrrllrrflrfffrffrflflrfflrllflrrfrllflfrll"/>
        <trajectory sample="225" generation="225000"
                    bestEnergy="-39.0" averageEnergy="-35.996" worstEnergy="-33.0"
                    bestConformation="Conformation 40.0 -40.0 Flrrlrflrflrfrrlrfllrfffrrffllffflfrllfrrffllrfllfrrlfllrfrrllrrflrfffrffrflflrfflrllflrrfrllflfrll"/>
        <trajectory sample="226" generation="226000"
                    bestEnergy="-39.0" averageEnergy="-36.0555" worstEnergy="-29.0"
                    bestConformation="Conformation 40.0 -40.0 Flrrlrflrflrfrrlrfllrfffrrffllffflfrllfrrffllrfllfrrlfllrfrrllrrflrfffrffrflflrfflrllflrrfrllflfrll"/>
        <trajectory sample="227" generation="227000"
                    bestEnergy="-39.0" averageEnergy="-36.1193" worstEnergy="-35.0"
                    bestConformation="Conformation 40.0 -40.0 Flrrlrflrflrfrrlrfllrfffrrffllffflfrllfrrffllrfllfrrlfllrfrrllrrflrfffrffrflflrfflrllflrrfrllflfrll"/>
        <trajectory sample="228" generation="228000"
                    bestEnergy="-39.0" averageEnergy="-36.1849" worstEnergy="-35.0"
                    bestConformation="Conformation 40.0 -40.0 Flrrlrflrflrfrrlrfllrfffrrffllffflfrllfrrffllrfllfrrlfllrfrrllrrflrfffrffrflflrfflrllflrrfrllflfrll"/>
        <trajectory sample="229" generation="229000"
                    bestEnergy="-39.0" averageEnergy="-36.2543" worstEnergy="-35.0"
                    bestConformation="Conformation 40.0 -40.0 Flrrlrflrflrfrrlrfllrfffrrffllffflfrllfrrffllrfllfrrlfllrfrrllrrflrfffrffrflflrfflrllflrrfrllflfrll"/>
        <trajectory sample="230" generation="230000"
                    bestEnergy="-39.0" averageEnergy="-36.2905" worstEnergy="-32.0"
                    bestConformation="Conformation 40.0 -40.0 Flrrlrflrflrfrrlrfllrfffrrffllffflfrllfrrffllrfllfrrlfllrfrrllrrflrfffrffrflflrfflrllflrrfrllflfrll"/>
        <trajectory sample="231" generation="231000"
                    bestEnergy="-39.0" averageEnergy="-36.3143" worstEnergy="-28.0"
                    bestConformation="Conformation 40.0 -40.0 Flrrlrflrflrfrrlrfllrfffrrffllffflfrllfrrffllrfllfrrlfllrfrrllrrflrfffrffrflflrfflrllflrrfrllflfrll"/>
        <trajectory sample="232" generation="232000"
                    bestEnergy="-39.0" averageEnergy="-36.3428" worstEnergy="-33.0"
                    bestConformation="Conformation 40.0 -40.0 Flrrlrflrflrfrrlrfllrfffrrffllffflfrllfrrffllrfllfrrlfllrfrrllrrflrfffrffrflflrfflrllflrrfrllflfrll"/>
        <trajectory sample="233" generation="233000"
                    bestEnergy="-39.0" averageEnergy="-36.3678" worstEnergy="-29.0"
                    bestConformation="Conformation 40.0 -40.0 Flrrlrflrflrfrrlrfllrfffrrffllffflfrllfrrffllrfllfrrlfllrfrrllrrflrfffrffrflflrfflrllflrrfrllflfrll"/>
        <trajectory sample="234" generation="234000"
                    bestEnergy="-39.0" averageEnergy="-36.3925" worstEnergy="-32.0"
                    bestConformation="Conformation 40.0 -40.0 Flrrlrflrflrfrrlrfllrfffrrffllffflfrllfrrffllrfllfrrlfllrfrrllrrflrfffrffrflflrfflrllflrrfrllflfrll"/>
        <trajectory sample="235" generation="235000"
                    bestEnergy="-39.0" averageEnergy="-36.4214" worstEnergy="-36.0"
                    bestConformation="Conformation 40.0 -40.0 Flrrlrflrflrfrrlrfllrfffrrffllffflfrllfrrffllrfllfrrlfllrfrrllrrflrfffrffrflflrfflrllflrrfrllflfrll"/>
        <trajectory sample="236" generation="236000"
                    bestEnergy="-39.0" averageEnergy="-36.4517" worstEnergy="-32.0"
                    bestConformation="Conformation 40.0 -40.0 Flrrlrflrflrfrrlrfllrfffrrffllffflfrllfrrffllrfllfrrlfllrfrrllrrflrfffrffrflflrfflrllflrrfrllflfrll"/>
        <trajectory sample="237" generation="237000"
                    bestEnergy="-39.0" averageEnergy="-36.4839" worstEnergy="-36.0"
                    bestConformation="Conformation 40.0 -40.0 Flrrlrflrflrfrrlrfllrfffrrffllffflfrllfrrffllrfllfrrlfllrfrrllrrflrfffrffrflflrfflrllflrrfrllflfrll"/>
        <trajectory sample="238" generation="238000"
                    bestEnergy="-39.0" averageEnergy="-36.515" worstEnergy="-36.0"
                    bestConformation="Conformation 40.0 -40.0 Flrrlrflrflrfrrlrfllrfffrrffllffflfrllfrrffllrfllfrrlfllrfrrllrrflrfffrffrflflrfflrllflrrfrllflfrll"/>
        <trajectory sample="239" generation="239000"
                    bestEnergy="-39.0" averageEnergy="-36.5465" worstEnergy="-36.0"
                    bestConformation="Conformation 40.0 -40.0 Flrrlrflrflrfrrlrfllrfffrrffllffflfrllfrrffllrfllfrrlfllrfrrllrrflrfffrffrflflrfflrllflrrfrllflfrll"/>
        <trajectory sample="240" generation="240000"
                    bestEnergy="-39.0" averageEnergy="-36.5833" worstEnergy="-34.0"
                    bestConformation="Conformation 40.0 -40.0 Flrrlrflrflrfrrlrfllrfffrrffllffflfrllfrrffllrfllfrrlfllrfrrllrrflrfffrffrflflrfflrllflrrfrllflfrll"/>
        <trajectory sample="241" generation="241000"
                    bestEnergy="-39.0" averageEnergy="-36.6233" worstEnergy="-36.0"
                    bestConformation="Conformation 40.0 -40.0 Flrrlrflrflrfrrlrfllrfffrrffllffflfrllfrrffllrfllfrrlfllrfrrllrrflrfffrffrflflrfflrllflrrfrllflfrll"/>
        <trajectory sample="242" generation="242000"
                    bestEnergy="-39.0" averageEnergy="-36.6627" worstEnergy="-32.0"
                    bestConformation="Conformation 40.0 -40.0 Flrrlrflrflrfrrlrfllrfffrrffllffflfrllfrrffllrfllfrrlfllrfrrllrrflrfffrffrflflrfflrllflrrfrllflfrll"/>
        <trajectory sample="243" generation="243000"
                    bestEnergy="-39.0" averageEnergy="-36.7025" worstEnergy="-36.0"
                    bestConformation="Conformation 40.0 -40.0 Flrrlrflrflrfrrlrfllrfffrrffllffflfrllfrrffllrfllfrrlfllrfrrllrrflrfffrffrflflrfflrllflrrfrllflfrll"/>
        <trajectory sample="244" generation="244000"
                    bestEnergy="-39.0" averageEnergy="-36.7385" worstEnergy="-31.0"
                    bestConformation="Conformation 40.0 -40.0 Flrrlrflrflrfrrlrfllrfffrrffllffflfrllfrrffllrfllfrrlfllrfrrllrrflrfffrffrflflrfflrllflrrfrllflfrll"/>
        <trajectory sample="245" generation="245000"
                    bestEnergy="-39.0" averageEnergy="-36.7843" worstEnergy="-36.0"
                    bestConformation="Conformation 40.0 -40.0 Flrrlrflrflrfrrlrfllrfffrrffllffflfrllfrrffllrfllfrrlfllrfrrllrrflrfffrffrflflrfflrllflrrfrllflfrll"/>
        <trajectory sample="246" generation="246000"
                    bestEnergy="-39.0" averageEnergy="-36.8341" worstEnergy="-33.0"
                    bestConformation="Conformation 40.0 -40.0 Flrrlrflrflrfrrlrfllrfffrrffllffflfrllfrrffllrfllfrrlfllrfrrllrrflrfffrffrflflrfflrllflrrfrllflfrll"/>
        <trajectory sample="247" generation="247000"
                    bestEnergy="-39.0" averageEnergy="-36.8857" worstEnergy="-36.0"
                    bestConformation="Conformation 40.0 -40.0 Flrrlrflrflrfrrlrfllrfffrrffllffflfrllfrrffllrfllfrrlfllrfrrllrrflrfffrffrflflrfflrllflrrfrllflfrll"/>
        <trajectory sample="248" generation="248000"
                    bestEnergy="-39.0" averageEnergy="-36.9444" worstEnergy="-36.0"
                    bestConformation="Conformation 40.0 -40.0 Flrrlrflrflrfrrlrfllrfffrrffllffflfrllfrrffllrfllfrrlfllrfrrllrrflrfffrffrflflrfflrllflrrfrllflfrll"/>
        <trajectory sample="249" generation="249000"
                    bestEnergy="-39.0" averageEnergy="-36.9948" worstEnergy="-36.0"
                    bestConformation="Conformation 40.0 -40.0 Flrrlrflrflrfrrlrfllrfffrrffllffflfrllfrrffllrfllfrrlfllrfrrllrrflrfffrffrflflrfflrllflrrfrllflfrll"/>
        <trajectory sample="250" generation="250000"
                    bestEnergy="-39.0" averageEnergy="-37.0462" worstEnergy="-28.0"
                    bestConformation="Conformation 40.0 -40.0 Flrrlrflrflrfrrlrfllrfffrrffllffflfrllfrrffllrfllfrrlfllrfrrllrrflrfffrffrflflrfflrllflrrfrllflfrll"/>
        <trajectory sample="251" generation="251000"
                    bestEnergy="-39.0" averageEnergy="-37.1005" worstEnergy="-36.0"
                    bestConformation="Conformation 40.0 -40.0 Flrrlrflrflrfrrlrfllrfffrrffllffflfrllfrrffllrfllfrrlfllrfrrllrrflrfffrffrflflrfflrllflrrfrllflfrll"/>
        <trajectory sample="252" generation="252000"
                    bestEnergy="-39.0" averageEnergy="-37.1457" worstEnergy="-37.0"
                    bestConformation="Conformation 40.0 -40.0 Flrrlrflrflrfrrlrfllrfffrrffllffflfrllfrrffllrfllfrrlfllrfrrllrrflrfffrffrflflrfflrllflrrfrllflfrll"/>
        <trajectory sample="253" generation="253000"
                    bestEnergy="-39.0" averageEnergy="-37.1586" worstEnergy="-34.0"
                    bestConformation="Conformation 40.0 -40.0 Flrrlrflrflrfrrlrfllrfffrrffllffflfrllfrrffllrfllfrrlfllrfrrllrrflrfffrffrflflrfflrllflrrfrllflfrll"/>
        <trajectory sample="254" generation="254000"
                    bestEnergy="-39.0" averageEnergy="-37.1718" worstEnergy="-37.0"
                    bestConformation="Conformation 40.0 -40.0 Flrrlrflrflrfrrlrfllrfffrrffllffflfrllfrrffllrfllfrrlfllrfrrllrrflrfffrffrflflrfflrllflrrfrllflfrll"/>
        <trajectory sample="255" generation="255000"
                    bestEnergy="-39.0" averageEnergy="-37.1863" worstEnergy="-30.0"
                    bestConformation="Conformation 40.0 -40.0 Flrrlrflrflrfrrlrfllrfffrrffllffflfrllfrrffllrfllfrrlfllrfrrllrrflrfffrffrflflrfflrllflrrfrllflfrll"/>
        <trajectory sample="256" generation="256000"
                    bestEnergy="-39.0" averageEnergy="-37.204" worstEnergy="-37.0"
                    bestConformation="Conformation 40.0 -40.0 Flrrlrflrflrfrrlrfllrfffrrffllffflfrllfrrffllrfllfrrlfllrfrrllrrflrfffrffrflflrfflrllflrrfrllflfrll"/>
        <trajectory sample="257" generation="257000"
                    bestEnergy="-39.0" averageEnergy="-37.2203" worstEnergy="-25.0"
                    bestConformation="Conformation 40.0 -40.0 Flrrlrflrflrfrrlrfllrfffrrffllffflfrllfrrffllrfllfrrlfllrfrrllrrflrfffrffrflflrfflrllflrrfrllflfrll"/>
        <trajectory sample="258" generation="258000"
                    bestEnergy="-39.0" averageEnergy="-37.2411" worstEnergy="-28.0"
                    bestConformation="Conformation 40.0 -40.0 Flrrlrflrflrfrrlrfllrfffrrffllffflfrllfrrffllrfllfrrlfllrfrrllrrflrfffrffrflflrfflrllflrrfrllflfrll"/>
        <trajectory sample="259" generation="259000"
                    bestEnergy="-39.0" averageEnergy="-37.2608" worstEnergy="-26.0"
                    bestConformation="Conformation 40.0 -40.0 Flrrlrflrflrfrrlrfllrfffrrffllffflfrllfrrffllrfllfrrlfllrfrrllrrflrfffrffrflflrfflrllflrrfrllflfrll"/>
        <trajectory sample="260" generation="260000"
                    bestEnergy="-39.0" averageEnergy="-37.2815" worstEnergy="-37.0"
                    bestConformation="Conformation 40.0 -40.0 Flrrlrflrflrfrrlrfllrfffrrffllffflfrllfrrffllrfllfrrlfllrfrrllrrflrfffrffrflflrfflrllflrrfrllflfrll"/>
        <trajectory sample="261" generation="261000"
                    bestEnergy="-39.0" averageEnergy="-37.3018" worstEnergy="-36.0"
                    bestConformation="Conformation 40.0 -40.0 Flrrlrflrflrfrrlrfllrfffrrffllffflfrllfrrffllrfllfrrlfllrfrrllrrflrfffrffrflflrfflrllflrrfrllflfrll"/>
        <trajectory sample="262" generation="262000"
                    bestEnergy="-39.0" averageEnergy="-37.3235" worstEnergy="-37.0"
                    bestConformation="Conformation 40.0 -40.0 Flrrlrflrflrfrrlrfllrfffrrffllffflfrllfrrffllrfllfrrlfllrfrrllrrflrfffrffrflflrfflrllflrrfrllflfrll"/>
        <trajectory sample="263" generation="263000"
                    bestEnergy="-40.0" averageEnergy="-37.3477" worstEnergy="-30.0"
                    bestConformation="Conformation 40.0 -40.0 Flrrllflrflrfrrlrfllrfffrrffllffflfrllfrrffllrfllfrrlfllrfrrllrrflrfffrffrflflrfflrllflrrfrllflfrll"/>
        <trajectory sample="264" generation="264000"
                    bestEnergy="-40.0" averageEnergy="-37.3712" worstEnergy="-36.0"
                    bestConformation="Conformation 40.0 -40.0 Flrrllflrflrfrrlrfllrfffrrffllffflfrllfrrffllrfllfrrlfllrfrrllrrflrfffrffrflflrfflrllflrrfrllflfrll"/>
        <trajectory sample="265" generation="265000"
                    bestEnergy="-40.0" averageEnergy="-37.3985" worstEnergy="-37.0"
                    bestConformation="Conformation 40.0 -40.0 Flrrllflrflrfrrlrfllrfffrrffllffflfrllfrrffllrfllfrrlfllrfrrllrrflrfffrffrflflrfflrllflrrfrllflfrll"/>
        <trajectory sample="266" generation="266000"
                    bestEnergy="-40.0" averageEnergy="-37.4285" worstEnergy="-37.0"
                    bestConformation="Conformation 40.0 -40.0 Flrrllflrflrfrrlrfllrfffrrffllffflfrllfrrffllrfllfrrlfllrfrrllrrflrfffrffrflflrfflrllflrrfrllflfrll"/>
        <trajectory sample="267" generation="267000"
                    bestEnergy="-40.0" averageEnergy="-37.4639" worstEnergy="-37.0"
                    bestConformation="Conformation 40.0 -40.0 Flrrllflrflrfrrlrfllrfffrrffllffflfrllfrrffllrfllfrrlfllrfrrllrrflrfffrffrflflrfflrllflrrfrllflfrll"/>
        <trajectory sample="268" generation="268000"
                    bestEnergy="-40.0" averageEnergy="-37.4973" worstEnergy="-34.0"
                    bestConformation="Conformation 40.0 -40.0 Flrrllflrflrfrrlrfllrfffrrffllffflfrllfrrffllrfllfrrlfllrfrrllrrflrfffrffrflflrfflrllflrrfrllflfrll"/>
        <trajectory sample="269" generation="269000"
                    bestEnergy="-40.0" averageEnergy="-37.5265" worstEnergy="-37.0"
                    bestConformation="Conformation 40.0 -40.0 Flrrllflrflrfrrlrfllrfffrrffllffflfrllfrrffllrfllfrrlfllrfrrllrrflrfffrffrflflrfflrllflrrfrllflfrll"/>
        <trajectory sample="270" generation="270000"
                    bestEnergy="-40.0" averageEnergy="-37.563" worstEnergy="-37.0"
                    bestConformation="Conformation 40.0 -40.0 Flrrllflrflrfrrlrfllrfffrrffllffflfrllfrrffllrfllfrrlfllrfrrllrrflrfffrffrflflrfflrllflrrfrllflfrll"/>
        <trajectory sample="271" generation="271000"
                    bestEnergy="-40.0" averageEnergy="-37.5986" worstEnergy="-37.0"
                    bestConformation="Conformation 40.0 -40.0 Flrrllflrflrfrrlrfllrfffrrffllffflfrllfrrffllrfllfrrlfllrfrrllrrflrfffrffrflflrfflrllflrrfrllflfrll"/>
        <trajectory sample="272" generation="272000"
                    bestEnergy="-40.0" averageEnergy="-37.6369" worstEnergy="-30.0"
                    bestConformation="Conformation 40.0 -40.0 Flrrllflrflrfrrlrfllrfffrrffllffflfrllfrrffllrfllfrrlfllrfrrllrrflrfffrffrflflrfflrllflrrfrllflfrll"/>
        <trajectory sample="273" generation="273000"
                    bestEnergy="-40.0" averageEnergy="-37.6775" worstEnergy="-37.0"
                    bestConformation="Conformation 40.0 -40.0 Flrrllflrflrfrrlrfllrfffrrffllffflfrllfrrffllrfllfrrlfllrfrrllrrflrfffrffrflflrfflrllflrrfrllflfrll"/>
        <trajectory sample="274" generation="274000"
                    bestEnergy="-40.0" averageEnergy="-37.7192" worstEnergy="-37.0"
                    bestConformation="Conformation 40.0 -40.0 Flrrllflrflrfrrlrfllrfffrrffllffflfrllfrrffllrfllfrrlfllrfrrllrrflrfffrffrflflrfflrllflrrfrllflfrll"/>
        <trajectory sample="275" generation="275000"
                    bestEnergy="-40.0" averageEnergy="-37.7612" worstEnergy="-37.0"
                    bestConformation="Conformation 40.0 -40.0 Flrrllflrflrfrrlrfllrfffrrffllffflfrllfrrffllrfllfrrlfllrfrrllrrflrfffrffrflflrfflrllflrrfrllflfrll"/>
        <trajectory sample="276" generation="276000"
                    bestEnergy="-40.0" averageEnergy="-37.8065" worstEnergy="-33.0"
                    bestConformation="Conformation 40.0 -40.0 Flrrllflrflrfrrlrfllrfffrrffllffflfrllfrrffllrfllfrrlfllrfrrllrrflrfffrffrflflrfflrllflrrfrllflfrll"/>
        <trajectory sample="277" generation="277000"
                    bestEnergy="-40.0" averageEnergy="-37.8574" worstEnergy="-37.0"
                    bestConformation="Conformation 40.0 -40.0 Flrrllflrflrfrrlrfllrfffrrffllffflfrllfrrffllrfllfrrlfllrfrrllrrflrfffrffrflflrfflrllflrrfrllflfrll"/>
        <trajectory sample="278" generation="278000"
                    bestEnergy="-40.0" averageEnergy="-37.9041" worstEnergy="-37.0"
                    bestConformation="Conformation 40.0 -40.0 Flrrllflrflrfrrlrfllrfffrrffllffflfrllfrrffllrfllfrrlfllrfrrllrrflrfffrffrflflrfflrllflrrfrllflfrll"/>
        <trajectory sample="279" generation="279000"
                    bestEnergy="-40.0" averageEnergy="-37.9564" worstEnergy="-37.0"
                    bestConformation="Conformation 40.0 -40.0 Flrrllflrflrfrrlrfllrfffrrffllffflfrllfrrffllrfllfrrlfllrfrrllrrflrfffrffrflflrfflrllflrrfrllflfrll"/>
        <trajectory sample="280" generation="280000"
                    bestEnergy="-40.0" averageEnergy="-38.0115" worstEnergy="-37.0"
                    bestConformation="Conformation 40.0 -40.0 Flrrllflrflrfrrlrfllrfffrrffllffflfrllfrrffllrfllfrrlfllrfrrllrrflrfffrffrflflrfflrllflrrfrllflfrll"/>
        <trajectory sample="281" generation="281000"
                    bestEnergy="-40.0" averageEnergy="-38.0653" worstEnergy="-37.0"
                    bestConformation="Conformation 40.0 -40.0 Flrrllflrflrfrrlrfllrfffrrffllffflfrllfrrffllrfllfrrlfllrfrrllrrflrfffrffrflflrfflrllflrrfrllflfrll"/>
        <trajectory sample="282" generation="282000"
                    bestEnergy="-40.0" averageEnergy="-38.1214" worstEnergy="-36.0"
                    bestConformation="Conformation 40.0 -40.0 Flrrllflrflrfrrlrfllrfffrrffllffflfrllfrrffllrfllfrrlfllrfrrllrrflrfffrffrflflrfflrllflrrfrllflfrll"/>
        <trajectory sample="283" generation="283000"
                    bestEnergy="-40.0" averageEnergy="-38.1837" worstEnergy="-37.0"
                    bestConformation="Conformation 40.0 -40.0 Flrrllflrflrfrrlrfllrfffrrffllffflfrllfrrffllrfllfrrlfllrfrrllrrflrfffrffrflflrfflrllflrrfrllflfrll"/>
        <trajectory sample="284" generation="284000"
                    bestEnergy="-40.0" averageEnergy="-38.2054" worstEnergy="-38.0"
                    bestConformation="Conformation 40.0 -40.0 Flrrllflrflrfrrlrfllrfffrrffllffflfrllfrrffllrfllfrrlfllrfrrllrrflrfffrffrflflrfflrllflrrfrllflfrll"/>
        <trajectory sample="285" generation="285000"
                    bestEnergy="-40.0" averageEnergy="-38.2221" worstEnergy="-38.0"
                    bestConformation="Conformation 40.0 -40.0 Flrrllflrflrfrrlrfllrfffrrffllffflfrllfrrffllrfllfrrlfllrfrrllrrflrfffrffrflflrfflrllflrrfrllflfrll"/>
        <trajectory sample="286" generation="286000"
                    bestEnergy="-40.0" averageEnergy="-38.2394" worstEnergy="-35.0"
                    bestConformation="Conformation 40.0 -40.0 Flrrllflrflrfrrlrfllrfffrrffllffflfrllfrrffllrfllfrrlfllrfrrllrrflrfffrffrflflrfflrllflrrfrllflfrll"/>
        <trajectory sample="287" generation="287000"
                    bestEnergy="-40.0" averageEnergy="-38.2582" worstEnergy="-38.0"
                    bestConformation="Conformation 40.0 -40.0 Flrrllflrflrfrrlrfllrfffrrffllffflfrllfrrffllrfllfrrlfllrfrrllrrflrfffrffrflflrfflrllflrrfrllflfrll"/>
        <trajectory sample="288" generation="288000"
                    bestEnergy="-40.0" averageEnergy="-38.2759" worstEnergy="-36.0"
                    bestConformation="Conformation 40.0 -40.0 Flrrllflrflrfrrlrfllrfffrrffllffflfrllfrrffllrfllfrrlfllrfrrllrrflrfffrffrflflrfflrllflrrfrllflfrll"/>
        <trajectory sample="289" generation="289000"
                    bestEnergy="-40.0" averageEnergy="-38.2946" worstEnergy="-36.0"
                    bestConformation="Conformation 40.0 -40.0 Flrrllflrflrfrrlrfllrfffrrffllffflfrllfrrffllrfllfrrlfllrfrrllrrflrfffrffrflflrfflrllflrrfrllflfrll"/>
        <trajectory sample="290" generation="290000"
                    bestEnergy="-40.0" averageEnergy="-38.3169" worstEnergy="-38.0"
                    bestConformation="Conformation 40.0 -40.0 Flrrllflrflrfrrlrfllrfffrrffllffflfrllfrrffllrfllfrrlfllrfrrllrrflrfffrffrflflrfflrllflrrfrllflfrll"/>
        <trajectory sample="291" generation="291000"
                    bestEnergy="-40.0" averageEnergy="-38.3396" worstEnergy="-38.0"
                    bestConformation="Conformation 40.0 -40.0 Flrrllflrflrfrrlrfllrfffrrffllffflfrllfrrffllrfllfrrlfllrfrrllrrflrfffrffrflflrfflrllflrrfrllflfrll"/>
        <trajectory sample="292" generation="292000"
                    bestEnergy="-40.0" averageEnergy="-38.364" worstEnergy="-34.0"
                    bestConformation="Conformation 40.0 -40.0 Flrrllflrflrfrrlrfllrfffrrffllffflfrllfrrffllrfllfrrlfllrfrrllrrflrfffrffrflflrfflrllflrrfrllflfrll"/>
        <trajectory sample="293" generation="293000"
                    bestEnergy="-40.0" averageEnergy="-38.3899" worstEnergy="-36.0"
                    bestConformation="Conformation 40.0 -40.0 Flrrllflrflrfrrlrfllrfffrrffllffflfrllfrrffllrfllfrrlfllrfrrllrrflrfffrffrflflrfflrllflrrfrllflfrll"/>
        <trajectory sample="294" generation="294000"
                    bestEnergy="-40.0" averageEnergy="-38.4181" worstEnergy="-38.0"
                    bestConformation="Conformation 40.0 -40.0 Flrrllflrflrfrrlrfllrfffrrffllffflfrllfrrffllrfllfrrlfllrfrrllrrflrfffrffrflflrfflrllflrrfrllflfrll"/>
        <trajectory sample="295" generation="295000"
                    bestEnergy="-40.0" averageEnergy="-38.4474" worstEnergy="-34.0"
                    bestConformation="Conformation 40.0 -40.0 Flrrllflrflrfrrlrfllrfffrrffllffflfrllfrrffllrfllfrrlfllrfrrllrrflrfffrffrflflrfflrllflrrfrllflfrll"/>
        <trajectory sample="296" generation="296000"
                    bestEnergy="-40.0" averageEnergy="-38.4746" worstEnergy="-38.0"
                    bestConformation="Conformation 40.0 -40.0 Flrrllflrflrfrrlrfllrfffrrffllffflfrllfrrffllrfllfrrlfllrfrrllrrflrfffrffrflflrfflrllflrrfrllflfrll"/>
        <trajectory sample="297" generation="297000"
                    bestEnergy="-40.0" averageEnergy="-38.5073" worstEnergy="-36.0"
                    bestConformation="Conformation 40.0 -40.0 Flrrllflrflrfrrlrfllrfffrrffllffflfrllfrrffllrfllfrrlfllrfrrllrrflrfffrffrflflrfflrllflrrfrllflfrll"/>
        <trajectory sample="298" generation="298000"
                    bestEnergy="-40.0" averageEnergy="-38.5387" worstEnergy="-36.0"
                    bestConformation="Conformation 40.0 -40.0 Flrrllflrflrfrrlrfllrfffrrffllffflfrllfrrffllrfllfrrlfllrfrrllrrflrfffrffrflflrfflrllflrrfrllflfrll"/>
        <trajectory sample="299" generation="299000"
                    bestEnergy="-40.0" averageEnergy="-38.5706" worstEnergy="-38.0"
                    bestConformation="Conformation 40.0 -40.0 Flrrllflrflrfrrlrfllrfffrrffllffflfrllfrrffllrfllfrrlfllrfrrllrrflrfffrffrflflrfflrllflrrfrllflfrll"/>
        <trajectory sample="300" generation="300000"
                    bestEnergy="-40.0" averageEnergy="-38.6065" worstEnergy="-34.0"
                    bestConformation="Conformation 40.0 -40.0 Flrrllflrflrfrrlrfllrfffrrffllffflfrllfrrffllrfllfrrlfllrfrrllrrflrfffrffrflflrfflrllflrrfrllflfrll"/>
        <trajectory sample="301" generation="301000"
                    bestEnergy="-40.0" averageEnergy="-38.6411" worstEnergy="-36.0"
                    bestConformation="Conformation 40.0 -40.0 Flrrllflrflrfrrlrfllrfffrrffllffflfrllfrrffllrfllfrrlfllrfrrllrrflrfffrffrflflrfflrllflrrfrllflfrll"/>
        <trajectory sample="302" generation="302000"
                    bestEnergy="-40.0" averageEnergy="-38.6809" worstEnergy="-34.0"
                    bestConformation="Conformation 40.0 -40.0 Flrrllflrflrfrrlrfllrfffrrffllffflfrllfrrffllrfllfrrlfllrfrrllrrflrfffrffrflflrfflrllflrrfrllflfrll"/>
        <trajectory sample="303" generation="303000"
                    bestEnergy="-40.0" averageEnergy="-38.7196" worstEnergy="-38.0"
                    bestConformation="Conformation 40.0 -40.0 Flrrllflrflrfrrlrfllrfffrrffllffflfrllfrrffllrfllfrrlfllrfrrllrrflrfffrffrflflrfflrllflrrfrllflfrll"/>
        <trajectory sample="304" generation="304000"
                    bestEnergy="-40.0" averageEnergy="-38.7631" worstEnergy="-38.0"
                    bestConformation="Conformation 40.0 -40.0 Flrrllflrflrfrrlrfllrfffrrffllffflfrllfrrffllrfllfrrlfllrfrrllrrflrfffrffrflflrfflrllflrrfrllflfrll"/>
        <trajectory sample="305" generation="305000"
                    bestEnergy="-40.0" averageEnergy="-38.8068" worstEnergy="-36.0"
                    bestConformation="Conformation 40.0 -40.0 Flrrllflrflrfrrlrfllrfffrrffllffflfrllfrrffllrfllfrrlfllrfrrllrrflrfffrffrflflrfflrllflrrfrllflfrll"/>
        <trajectory sample="306" generation="306000"
                    bestEnergy="-40.0" averageEnergy="-38.8494" worstEnergy="-34.0"
                    bestConformation="Conformation 40.0 -40.0 Flrrllflrflrfrrlrfllrfffrrffllffflfrllfrrffllrfllfrrlfllrfrrllrrflrfffrffrflflrfflrllflrrfrllflfrll"/>
        <trajectory sample="307" generation="307000"
                    bestEnergy="-40.0" averageEnergy="-38.897" worstEnergy="-38.0"
                    bestConformation="Conformation 40.0 -40.0 Flrrllflrflrfrrlrfllrfffrrffllffflfrllfrrffllrfllfrrlfllrfrrllrrflrfffrffrflflrfflrllflrrfrllflfrll"/>
        <trajectory sample="308" generation="308000"
                    bestEnergy="-40.0" averageEnergy="-38.9393" worstEnergy="-37.0"
                    bestConformation="Conformation 40.0 -40.0 Flrrllflrflrfrrlrfllrfffrrffllffflfrllfrrffllrfllfrrlfllrfrrllrrflrfffrffrflflrfflrllflrrfrllflfrll"/>
        <trajectory sample="309" generation="309000"
                    bestEnergy="-40.0" averageEnergy="-38.98" worstEnergy="-26.0"
                    bestConformation="Conformation 40.0 -40.0 Flrrllflrflrfrrlrfllrfffrrffllffflfrllfrrffllrfllfrrlfllrfrrllrrflrfffrffrflflrfflrllflrrfrllflfrll"/>
        <trajectory sample="310" generation="310000"
                    bestEnergy="-40.0" averageEnergy="-39.0039" worstEnergy="-34.0"
                    bestConformation="Conformation 40.0 -40.0 Flrrllflrflrfrrlrfllrfffrrffllffflfrllfrrffllrfllfrrlfllrfrrllrrflrfffrffrflflrfflrllflrrfrllflfrll"/>
        <trajectory sample="311" generation="311000"
                    bestEnergy="-40.0" averageEnergy="-39.005" worstEnergy="-38.0"
                    bestConformation="Conformation 40.0 -40.0 Flrrllflrflrfrrlrfllrfffrrffllffflfrllfrrffllrfllfrrlfllrfrrllrrflrfffrffrflflrfflrllflrrfrllflfrll"/>
        <trajectory sample="312" generation="312000"
                    bestEnergy="-40.0" averageEnergy="-39.0051" worstEnergy="-35.0"
                    bestConformation="Conformation 40.0 -40.0 Flrrllflrflrfrrlrfllrfffrrffllffflfrllfrrffllrfllfrrlfllrfrrllrrflrfffrffrflflrfflrllflrrfrllflfrll"/>
        <trajectory sample="313" generation="313000"
                    bestEnergy="-40.0" averageEnergy="-39.006" worstEnergy="-39.0"
                    bestConformation="Conformation 40.0 -40.0 Flrrllflrflrfrrlrfllrfffrrffllffflfrllfrrffllrfllfrrlfllrfrrllrrflrfffrffrflflrfflrllflrrfrllflfrll"/>
        <trajectory sample="314" generation="314000"
                    bestEnergy="-40.0" averageEnergy="-39.0071" worstEnergy="-39.0"
                    bestConformation="Conformation 40.0 -40.0 Flrrllflrflrfrrlrfllrfffrrffllffflfrllfrrffllrfllfrrlfllrfrrllrrflrfffrffrflflrfflrllflrrfrllflfrll"/>
        <trajectory sample="315" generation="315000"
                    bestEnergy="-40.0" averageEnergy="-39.0068" worstEnergy="-31.0"
                    bestConformation="Conformation 40.0 -40.0 Flrrllflrflrfrrlrfllrfffrrffllffflfrllfrrffllrfllfrrlfllrfrrllrrflrfffrffrflflrfflrllflrrfrllflfrll"/>
        <trajectory sample="316" generation="316000"
                    bestEnergy="-40.0" averageEnergy="-39.0082" worstEnergy="-37.0"
                    bestConformation="Conformation 40.0 -40.0 Flrrllflrflrfrrlrfllrfffrrffllffflfrllfrrffllrfllfrrlfllrfrrllrrflrfffrffrflflrfflrllflrrfrllflfrll"/>
        <trajectory sample="317" generation="317000"
                    bestEnergy="-40.0" averageEnergy="-39.0086" worstEnergy="-32.0"
                    bestConformation="Conformation 40.0 -40.0 Flrrllflrflrfrrlrfllrfffrrffllffflfrllfrrffllrfllfrrlfllrfrrllrrflrfffrffrflflrfflrllflrrfrllflfrll"/>
        <trajectory sample="318" generation="318000"
                    bestEnergy="-40.0" averageEnergy="-39.0095" worstEnergy="-35.0"
                    bestConformation="Conformation 40.0 -40.0 Flrrllflrflrfrrlrfllrfffrrffllffflfrllfrrffllrfllfrrlfllrfrrllrrflrfffrffrflflrfflrllflrrfrllflfrll"/>
        <trajectory sample="319" generation="319000"
                    bestEnergy="-40.0" averageEnergy="-39.0104" worstEnergy="-37.0"
                    bestConformation="Conformation 40.0 -40.0 Flrrllflrflrfrrlrfllrfffrrffllffflfrllfrrffllrfllfrrlfllrfrrllrrflrfffrffrflflrfflrllflrrfrllflfrll"/>
        <trajectory sample="320" generation="320000"
                    bestEnergy="-40.0" averageEnergy="-39.0109" worstEnergy="-32.0"
                    bestConformation="Conformation 40.0 -40.0 Flrrllflrflrfrrlrfllrfffrrffllffflfrllfrrffllrfllfrrlfllrfrrllrrflrfffrffrflflrfflrllflrrfrllflfrll"/>
        <trajectory sample="321" generation="321000"
                    bestEnergy="-40.0" averageEnergy="-39.0126" worstEnergy="-39.0"
                    bestConformation="Conformation 40.0 -40.0 Flrrllflrflrfrrlrfllrfffrrffllffflfrllfrrffllrfllfrrlfllrfrrllrrflrfffrffrflflrfflrllflrrfrllflfrll"/>
        <trajectory sample="322" generation="322000"
                    bestEnergy="-40.0" averageEnergy="-39.0134" worstEnergy="-34.0"
                    bestConformation="Conformation 40.0 -40.0 Flrrllflrflrfrrlrfllrfffrrffllffflfrllfrrffllrfllfrrlfllrfrrllrrflrfffrffrflflrfflrllflrrfrllflfrll"/>
        <trajectory sample="323" generation="323000"
                    bestEnergy="-40.0" averageEnergy="-39.0148" worstEnergy="-36.0"
                    bestConformation="Conformation 40.0 -40.0 Flrrllflrflrfrrlrfllrfffrrffllffflfrllfrrffllrfllfrrlfllrfrrllrrflrfffrffrflflrfflrllflrrfrllflfrll"/>
        <trajectory sample="324" generation="324000"
                    bestEnergy="-40.0" averageEnergy="-39.0162" worstEnergy="-39.0"
                    bestConformation="Conformation 40.0 -40.0 Flrrllflrflrfrrlrfllrfffrrffllffflfrllfrrffllrfllfrrlfllrfrrllrrflrfffrffrflflrfflrllflrrfrllflfrll"/>
        <trajectory sample="325" generation="325000"
                    bestEnergy="-40.0" averageEnergy="-39.0171" worstEnergy="-39.0"
                    bestConformation="Conformation 40.0 -40.0 Flrrllflrflrfrrlrfllrfffrrffllffflfrllfrrffllrfllfrrlfllrfrrllrrflrfffrffrflflrfflrllflrrfrllflfrll"/>
        <trajectory sample="326" generation="326000"
                    bestEnergy="-40.0" averageEnergy="-39.0183" worstEnergy="-36.0"
                    bestConformation="Conformation 40.0 -40.0 Flrrllflrflrfrrlrfllrfffrrffllffflfrllfrrffllrfllfrrlfllrfrrllrrflrfffrffrflflrfflrllflrrfrllflfrll"/>
        <trajectory sample="327" generation="327000"
                    bestEnergy="-40.0" averageEnergy="-39.0197" worstEnergy="-35.0"
                    bestConformation="Conformation 40.0 -40.0 Flrrllflrflrfrrlrfllrfffrrffllffflfrllfrrffllrfllfrrlfllrfrrllrrflrfffrffrflflrfflrllflrrfrllflfrll"/>
        <trajectory sample="328" generation="328000"
                    bestEnergy="-40.0" averageEnergy="-39.0224" worstEnergy="-39.0"
                    bestConformation="Conformation 40.0 -40.0 Flrrllflrflrfrrlrfllrfffrrffllffflfrllfrrffllrfllfrrlfllrfrrllrrflrfffrffrflflrfflrllflrrfrllflfrll"/>
        <trajectory sample="329" generation="329000"
                    bestEnergy="-40.0" averageEnergy="-39.0246" worstEnergy="-39.0"
                    bestConformation="Conformation 40.0 -40.0 Flrrllflrflrfrrlrfllrfffrrffllffflfrllfrrffllrfllfrrlfllrfrrllrrflrfffrffrflflrfflrllflrrfrllflfrll"/>
        <trajectory sample="330" generation="330000"
                    bestEnergy="-40.0" averageEnergy="-39.0267" worstEnergy="-39.0"
                    bestConformation="Conformation 40.0 -40.0 Flrrllflrflrfrrlrfllrfffrrffllffflfrllfrrffllrfllfrrlfllrfrrllrrflrfffrffrflflrfflrllflrrfrllflfrll"/>
        <trajectory sample="331" generation="331000"
                    bestEnergy="-40.0" averageEnergy="-39.0284" worstEnergy="-34.0"
                    bestConformation="Conformation 40.0 -40.0 Flrrllflrflrfrrlrfllrfffrrffllffflfrllfrrffllrfllfrrlfllrfrrllrrflrfffrffrflflrfflrllflrrfrllflfrll"/>
        <trajectory sample="332" generation="332000"
                    bestEnergy="-40.0" averageEnergy="-39.0318" worstEnergy="-39.0"
                    bestConformation="Conformation 40.0 -40.0 Flrrllflrflrfrrlrfllrfffrrffllffflfrllfrrffllrfllfrrlfllrfrrllrrflrfffrffrflflrfflrllflrrfrllflfrll"/>
        <trajectory sample="333" generation="333000"
                    bestEnergy="-40.0" averageEnergy="-39.0342" worstEnergy="-34.0"
                    bestConformation="Conformation 40.0 -40.0 Flrrllflrflrfrrlrfllrfffrrffllffflfrllfrrffllrfllfrrlfllrfrrllrrflrfffrffrflflrfflrllflrrfrllflfrll"/>
        <trajectory sample="334" generation="334000"
                    bestEnergy="-40.0" averageEnergy="-39.0383" worstEnergy="-39.0"
                    bestConformation="Conformation 40.0 -40.0 Flrrllflrflrfrrlrfllrfffrrffllffflfrllfrrffllrfllfrrlfllrfrrllrrflrfffrffrflflrfflrllflrrfrllflfrll"/>
        <trajectory sample="335" generation="335000"
                    bestEnergy="-40.0" averageEnergy="-39.0413" worstEnergy="-35.0"
                    bestConformation="Conformation 40.0 -40.0 Flrrllflrflrfrrlrfllrfffrrffllffflfrllfrrffllrfllfrrlfllrfrrllrrflrfffrffrflflrfflrllflrrfrllflfrll"/>
        <trajectory sample="336" generation="336000"
                    bestEnergy="-40.0" averageEnergy="-39.044" worstEnergy="-30.0"
                    bestConformation="Conformation 40.0 -40.0 Flrrllflrflrfrrlrfllrfffrrffllffflfrllfrrffllrfllfrrlfllrfrrllrrflrfffrffrflflrfflrllflrrfrllflfrll"/>
        <trajectory sample="337" generation="337000"
                    bestEnergy="-40.0" averageEnergy="-39.0476" worstEnergy="-38.0"
                    bestConformation="Conformation 40.0 -40.0 Flrrllflrflrfrrlrfllrfffrrffllffflfrllfrrffllrfllfrrlfllrfrrllrrflrfffrffrflflrfflrllflrrfrllflfrll"/>
        <trajectory sample="338" generation="338000"
                    bestEnergy="-40.0" averageEnergy="-39.0518" worstEnergy="-30.0"
                    bestConformation="Conformation 40.0 -40.0 Flrrllflrflrfrrlrfllrfffrrffllffflfrllfrrffllrfllfrrlfllrfrrllrrflrfffrffrflflrfflrllflrrfrllflfrll"/>
        <trajectory sample="339" generation="339000"
                    bestEnergy="-40.0" averageEnergy="-39.0569" worstEnergy="-39.0"
                    bestConformation="Conformation 40.0 -40.0 Flrrllflrflrfrrlrfllrfffrrffllffflfrllfrrffllrfllfrrlfllrfrrllrrflrfffrffrflflrfflrllflrrfrllflfrll"/>
        <trajectory sample="340" generation="340000"
                    bestEnergy="-40.0" averageEnergy="-39.0623" worstEnergy="-39.0"
                    bestConformation="Conformation 40.0 -40.0 Flrrllflrflrfrrlrfllrfffrrffllffflfrllfrrffllrfllfrrlfllrfrrllrrflrfffrffrflflrfflrllflrrfrllflfrll"/>
        <trajectory sample="341" generation="341000"
                    bestEnergy="-40.0" averageEnergy="-39.0663" worstEnergy="-24.0"
                    bestConformation="Conformation 40.0 -40.0 Flrrllflrflrfrrlrfllrfffrrffllffflfrllfrrffllrfllfrrlfllrfrrllrrflrfffrffrflflrfflrllflrrfrllflfrll"/>
        <trajectory sample="342" generation="342000"
                    bestEnergy="-40.0" averageEnergy="-39.0727" worstEnergy="-39.0"
                    bestConformation="Conformation 40.0 -40.0 Flrrllflrflrfrrlrfllrfffrrffllffflfrllfrrffllrfllfrrlfllrfrrllrrflrfffrffrflflrfflrllflrrfrllflfrll"/>
        <trajectory sample="343" generation="343000"
                    bestEnergy="-40.0" averageEnergy="-39.0784" worstEnergy="-34.0"
                    bestConformation="Conformation 40.0 -40.0 Flrrllflrflrfrrlrfllrfffrrffllffflfrllfrrffllrfllfrrlfllrfrrllrrflrfffrffrflflrfflrllflrrfrllflfrll"/>
        <trajectory sample="344" generation="344000"
                    bestEnergy="-40.0" averageEnergy="-39.0857" worstEnergy="-39.0"
                    bestConformation="Conformation 40.0 -40.0 Flrrllflrflrfrrlrfllrfffrrffllffflfrllfrrffllrfllfrrlfllrfrrllrrflrfffrffrflflrfflrllflrrfrllflfrll"/>
        <trajectory sample="345" generation="345000"
                    bestEnergy="-40.0" averageEnergy="-39.0937" worstEnergy="-39.0"
                    bestConformation="Conformation 40.0 -40.0 Flrrllflrflrfrrlrfllrfffrrffllffflfrllfrrffllrfllfrrlfllrfrrllrrflrfffrffrflflrfflrllflrrfrllflfrll"/>
        <trajectory sample="346" generation="346000"
                    bestEnergy="-40.0" averageEnergy="-39.1013" worstEnergy="-39.0"
                    bestConformation="Conformation 40.0 -40.0 Flrrllflrflrfrrlrfllrfffrrffllffflfrllfrrffllrfllfrrlfllrfrrllrrflrfffrffrflflrfflrllflrrfrllflfrll"/>
        <trajectory sample="347" generation="347000"
                    bestEnergy="-40.0" averageEnergy="-39.1079" worstEnergy="-27.0"
                    bestConformation="Conformation 40.0 -40.0 Flrrllflrflrfrrlrfllrfffrrffllffflfrllfrrffllrfllfrrlfllrfrrllrrflrfffrffrflflrfflrllflrrfrllflfrll"/>
        <trajectory sample="348" generation="348000"
                    bestEnergy="-40.0" averageEnergy="-39.1172" worstEnergy="-39.0"
                    bestConformation="Conformation 40.0 -40.0 Flrrllflrflrfrrlrfllrfffrrffllffflfrllfrrffllrfllfrrlfllrfrrllrrflrfffrffrflflrfflrllflrrfrllflfrll"/>
        <trajectory sample="349" generation="349000"
                    bestEnergy="-40.0" averageEnergy="-39.1274" worstEnergy="-29.0"
                    bestConformation="Conformation 40.0 -40.0 Flrrllflrflrfrrlrfllrfffrrffllffflfrllfrrffllrfllfrrlfllrfrrllrrflrfffrffrflflrfflrllflrrfrllflfrll"/>
        <trajectory sample="350" generation="350000"
                    bestEnergy="-40.0" averageEnergy="-39.1378" worstEnergy="-39.0"
                    bestConformation="Conformation 40.0 -40.0 Flrrllflrflrfrrlrfllrfffrrffllffflfrllfrrffllrfllfrrlfllrfrrllrrflrfffrffrflflrfflrllflrrfrllflfrll"/>
        <trajectory sample="351" generation="351000"
                    bestEnergy="-40.0" averageEnergy="-39.1475" worstEnergy="-39.0"
                    bestConformation="Conformation 40.0 -40.0 Flrrllflrflrfrrlrfllrfffrrffllffflfrllfrrffllrfllfrrlfllrfrrllrrflrfffrffrflflrfflrllflrrfrllflfrll"/>
        <trajectory sample="352" generation="352000"
                    bestEnergy="-40.0" averageEnergy="-39.1572" worstEnergy="-39.0"
                    bestConformation="Conformation 40.0 -40.0 Flrrllflrflrfrrlrfllrfffrrffllffflfrllfrrffllrfllfrrlfllrfrrllrrflrfffrffrflflrfflrllflrrfrllflfrll"/>
        <trajectory sample="353" generation="353000"
                    bestEnergy="-40.0" averageEnergy="-39.1709" worstEnergy="-36.0"
                    bestConformation="Conformation 40.0 -40.0 Flrrllflrflrfrrlrfllrfffrrffllffflfrllfrrffllrfllfrrlfllrfrrllrrflrfffrffrflflrfflrllflrrfrllflfrll"/>
        <trajectory sample="354" generation="354000"
                    bestEnergy="-40.0" averageEnergy="-39.1834" worstEnergy="-39.0"
                    bestConformation="Conformation 40.0 -40.0 Flrrllflrflrfrrlrfllrfffrrffllffflfrllfrrffllrfllfrrlfllrfrrllrrflrfffrffrflflrfflrllflrrfrllflfrll"/>
        <trajectory sample="355" generation="355000"
                    bestEnergy="-40.0" averageEnergy="-39.1975" worstEnergy="-36.0"
                    bestConformation="Conformation 40.0 -40.0 Flrrllflrflrfrrlrfllrfffrrffllffflfrllfrrffllrfllfrrlfllrfrrllrrflrfffrffrflflrfflrllflrrfrllflfrll"/>
        <trajectory sample="356" generation="356000"
                    bestEnergy="-40.0" averageEnergy="-39.2116" worstEnergy="-31.0"
                    bestConformation="Conformation 40.0 -40.0 Flrrllflrflrfrrlrfllrfffrrffllffflfrllfrrffllrfllfrrlfllrfrrllrrflrfffrffrflflrfflrllflrrfrllflfrll"/>
        <trajectory sample="357" generation="357000"
                    bestEnergy="-40.0" averageEnergy="-39.2286" worstEnergy="-36.0"
                    bestConformation="Conformation 40.0 -40.0 Flrrllflrflrfrrlrfllrfffrrffllffflfrllfrrffllrfllfrrlfllrfrrllrrflrfffrffrflflrfflrllflrrfrllflfrll"/>
        <trajectory sample="358" generation="358000"
                    bestEnergy="-40.0" averageEnergy="-39.2466" worstEnergy="-39.0"
                    bestConformation="Conformation 40.0 -40.0 Flrrllflrflrfrrlrfllrfffrrffllffflfrllfrrffllrfllfrrlfllrfrrllrrflrfffrffrflflrfflrllflrrfrllflfrll"/>
        <trajectory sample="359" generation="359000"
                    bestEnergy="-40.0" averageEnergy="-39.2646" worstEnergy="-39.0"
                    bestConformation="Conformation 40.0 -40.0 Flrrllflrflrfrrlrfllrfffrrffllffflfrllfrrffllrfllfrrlfllrfrrllrrflrfffrffrflflrfflrllflrrfrllflfrll"/>
        <trajectory sample="360" generation="360000"
                    bestEnergy="-40.0" averageEnergy="-39.2834" worstEnergy="-37.0"
                    bestConformation="Conformation 40.0 -40.0 Flrrllflrflrfrrlrfllrfffrrffllffflfrllfrrffllrfllfrrlfllrfrrllrrflrfffrffrflflrfflrllflrrfrllflfrll"/>
        <trajectory sample="361" generation="361000"
                    bestEnergy="-40.0" averageEnergy="-39.302" worstEnergy="-30.0"
                    bestConformation="Conformation 40.0 -40.0 Flrrllflrflrfrrlrfllrfffrrffllffflfrllfrrffllrfllfrrlfllrfrrllrrflrfffrffrflflrfflrllflrrfrllflfrll"/>
        <trajectory sample="362" generation="362000"
                    bestEnergy="-40.0" averageEnergy="-39.3257" worstEnergy="-39.0"
                    bestConformation="Conformation 40.0 -40.0 Flrrllflrflrfrrlrfllrfffrrffllffflfrllfrrffllrfllfrrlfllrfrrllrrflrfffrffrflflrfflrllflrrfrllflfrll"/>
        <trajectory sample="363" generation="363000"
                    bestEnergy="-40.0" averageEnergy="-39.3474" worstEnergy="-39.0"
                    bestConformation="Conformation 40.0 -40.0 Flrrllflrflrfrrlrfllrfffrrffllffflfrllfrrffllrfllfrrlfllrfrrllrrflrfffrffrflflrfflrllflrrfrllflfrll"/>
        <trajectory sample="364" generation="364000"
                    bestEnergy="-40.0" averageEnergy="-39.3714" worstEnergy="-39.0"
                    bestConformation="Conformation 40.0 -40.0 Flrrllflrflrfrrlrfllrfffrrffllffflfrllfrrffllrfllfrrlfllrfrrllrrflrfffrffrflflrfflrllflrrfrllflfrll"/>
        <trajectory sample="365" generation="365000"
                    bestEnergy="-40.0" averageEnergy="-39.3976" worstEnergy="-39.0"
                    bestConformation="Conformation 40.0 -40.0 Flrrllflrflrfrrlrfllrfffrrffllffflfrllfrrffllrfllfrrlfllrfrrllrrflrfffrffrflflrfflrllflrrfrllflfrll"/>
        <trajectory sample="366" generation="366000"
                    bestEnergy="-40.0" averageEnergy="-39.4232" worstEnergy="-37.0"
                    bestConformation="Conformation 40.0 -40.0 Flrrllflrflrfrrlrfllrfffrrffllffflfrllfrrffllrfllfrrlfllrfrrllrrflrfffrffrflflrfflrllflrrfrllflfrll"/>
        <trajectory sample="367" generation="367000"
                    bestEnergy="-40.0" averageEnergy="-39.4499" worstEnergy="-32.0"
                    bestConformation="Conformation 40.0 -40.0 Flrrllflrflrfrrlrfllrfffrrffllffflfrllfrrffllrfllfrrlfllrfrrllrrflrfffrffrflflrfflrllflrrfrllflfrll"/>
        <trajectory sample="368" generation="368000"
                    bestEnergy="-40.0" averageEnergy="-39.4777" worstEnergy="-39.0"
                    bestConformation="Conformation 40.0 -40.0 Flrrllflrflrfrrlrfllrfffrrffllffflfrllfrrffllrfllfrrlfllrfrrllrrflrfffrffrflflrfflrllflrrfrllflfrll"/>
        <trajectory sample="369" generation="369000"
                    bestEnergy="-40.0" averageEnergy="-39.506" worstEnergy="-24.0"
                    bestConformation="Conformation 40.0 -40.0 Flrrllflrflrfrrlrfllrfffrrffllffflfrllfrrffllrfllfrrlfllrfrrllrrflrfffrffrflflrfflrllflrrfrllflfrll"/>
        <trajectory sample="370" generation="370000"
                    bestEnergy="-40.0" averageEnergy="-39.5408" worstEnergy="-33.0"
                    bestConformation="Conformation 40.0 -40.0 Flrrllflrflrfrrlrfllrfffrrffllffflfrllfrrffllrfllfrrlfllrfrrllrrflrfffrffrflflrfflrllflrrfrllflfrll"/>
        <trajectory sample="371" generation="371000"
                    bestEnergy="-40.0" averageEnergy="-39.5732" worstEnergy="-39.0"
                    bestConformation="Conformation 40.0 -40.0 Flrrllflrflrfrrlrfllrfffrrffllffflfrllfrrffllrfllfrrlfllrfrrllrrflrfffrffrflflrfflrllflrrfrllflfrll"/>
        <trajectory sample="372" generation="372000"
                    bestEnergy="-40.0" averageEnergy="-39.6101" worstEnergy="-39.0"
                    bestConformation="Conformation 40.0 -40.0 Flrrllflrflrfrrlrfllrfffrrffllffflfrllfrrffllrfllfrrlfllrfrrllrrflrfffrffrflflrfflrllflrrfrllflfrll"/>
        <trajectory sample="373" generation="373000"
                    bestEnergy="-40.0" averageEnergy="-39.6484" worstEnergy="-39.0"
                    bestConformation="Conformation 40.0 -40.0 Flrrllflrflrfrrlrfllrfffrrffllffflfrllfrrffllrfllfrrlfllrfrrllrrflrfffrffrflflrfflrllflrrfrllflfrll"/>
        <trajectory sample="374" generation="374000"
                    bestEnergy="-40.0" averageEnergy="-39.6824" worstEnergy="-30.0"
                    bestConformation="Conformation 40.0 -40.0 Flrrllflrflrfrrlrfllrfffrrffllffflfrllfrrffllrfllfrrlfllrfrrllrrflrfffrffrflflrfflrllflrrfrllflfrll"/>
        <trajectory sample="375" generation="375000"
                    bestEnergy="-40.0" averageEnergy="-39.7222" worstEnergy="-39.0"
                    bestConformation="Conformation 40.0 -40.0 Flrrllflrflrfrrlrfllrfffrrffllffflfrllfrrffllrfllfrrlfllrfrrllrrflrfffrffrflflrfflrllflrrfrllflfrll"/>
        <trajectory sample="376" generation="376000"
                    bestEnergy="-40.0" averageEnergy="-39.761" worstEnergy="-33.0"
                    bestConformation="Conformation 40.0 -40.0 Flrrllflrflrfrrlrfllrfffrrffllffflfrllfrrffllrfllfrrlfllrfrrllrrflrfffrffrflflrfflrllflrrfrllflfrll"/>
        <trajectory sample="377" generation="377000"
                    bestEnergy="-40.0" averageEnergy="-39.8047" worstEnergy="-39.0"
                    bestConformation="Conformation 40.0 -40.0 Flrrllflrflrfrrlrfllrfffrrffllffflfrllfrrffllrfllfrrlfllrfrrllrrflrfffrffrflflrfflrllflrrfrllflfrll"/>
        <trajectory sample="378" generation="378000"
                    bestEnergy="-40.0" averageEnergy="-39.8453" worstEnergy="-39.0"
                    bestConformation="Conformation 40.0 -40.0 Flrrllflrflrfrrlrfllrfffrrffllffflfrllfrrffllrfllfrrlfllrfrrllrrflrfffrffrflflrfflrllflrrfrllflfrll"/>
        <trajectory sample="379" generation="379000"
                    bestEnergy="-40.0" averageEnergy="-39.8854" worstEnergy="-39.0"
                    bestConformation="Conformation 40.0 -40.0 Flrrllflrflrfrrlrfllrfffrrffllffflfrllfrrffllrfllfrrlfllrfrrllrrflrfffrffrflflrfflrllflrrfrllflfrll"/>
        <trajectory sample="380" generation="380000"
                    bestEnergy="-40.0" averageEnergy="-39.93" worstEnergy="-39.0"
                    bestConformation="Conformation 40.0 -40.0 Flrrllflrflrfrrlrfllrfffrrffllffflfrllfrrffllrfllfrrlfllrfrrllrrflrfffrffrflflrfflrllflrrfrllflfrll"/>
        <trajectory sample="381" generation="381000"
                    bestEnergy="-40.0" averageEnergy="-39.976" worstEnergy="-35.0"
                    bestConformation="Conformation 40.0 -40.0 Flrrllflrflrfrrlrfllrfffrrffllffflfrllfrrffllrfllfrrlfllrfrrllrrflrfffrffrflflrfflrllflrrfrllflfrll"/>
        <trajectory sample="382" generation="382000"
                    bestEnergy="-40.0" averageEnergy="-39.9997" worstEnergy="-37.0"
                    bestConformation="Conformation 40.0 -40.0 Flrrllflrflrfrrlrfllrfffrrffllffflfrllfrrffllrfllfrrlfllrfrrllrrflrfffrffrflflrfflrllflrrfrllflfrll"/>
        <trajectory sample="383" generation="383000"
                    bestEnergy="-40.0" averageEnergy="-40.0" worstEnergy="-40.0"
                    bestConformation="Conformation 40.0 -40.0 Flrrllflrflrfrrlrfllrfffrrffllffflfrllfrrffllrfllfrrlfllrfrrllrrflrfffrffrflflrfflrllflrrfrllflfrll"/>
        <trajectory sample="384" generation="384000"
                    bestEnergy="-40.0" averageEnergy="-40.0" worstEnergy="-40.0"
                    bestConformation="Conformation 40.0 -40.0 Flrrllflrflrfrrlrfllrfffrrffllffflfrllfrrffllrfllfrrlfllrfrrllrrflrfffrffrflflrfflrllflrrfrllflfrll"/>
        <trajectory sample="385" generation="385000"
                    bestEnergy="-40.0" averageEnergy="-39.9994" worstEnergy="-34.0"
                    bestConformation="Conformation 40.0 -40.0 Flrrllflrflrfrrlrfllrfffrrffllffflfrllfrrffllrfllfrrlfllrfrrllrrflrfffrffrflflrfflrllflrrfrllflfrll"/>
        <trajectory sample="386" generation="386000"
                    bestEnergy="-40.0" averageEnergy="-40.0" worstEnergy="-40.0"
                    bestConformation="Conformation 40.0 -40.0 Flrrllflrflrfrrlrfllrfffrrffllffflfrllfrrffllrfllfrrlfllrfrrllrrflrfffrffrflflrfflrllflrrfrllflfrll"/>
        <trajectory sample="387" generation="387000"
                    bestEnergy="-40.0" averageEnergy="-39.9993" worstEnergy="-33.0"
                    bestConformation="Conformation 40.0 -40.0 Flrrllflrflrfrrlrfllrfffrrffllffflfrllfrrffllrfllfrrlfllrfrrllrrflrfffrffrflflrfflrllflrrfrllflfrll"/>
        <trajectory sample="388" generation="388000"
                    bestEnergy="-40.0" averageEnergy="-39.9992" worstEnergy="-32.0"
                    bestConformation="Conformation 40.0 -40.0 Flrrllflrflrfrrlrfllrfffrrffllffflfrllfrrffllrfllfrrlfllrfrrllrrflrfffrffrflflrfflrllflrrfrllflfrll"/>
        <trajectory sample="389" generation="389000"
                    bestEnergy="-40.0" averageEnergy="-40.0" worstEnergy="-40.0"
                    bestConformation="Conformation 40.0 -40.0 Flrrllflrflrfrrlrfllrfffrrffllffflfrllfrrffllrfllfrrlfllrfrrllrrflrfffrffrflflrfflrllflrrfrllflfrll"/>
        <trajectory sample="390" generation="390000"
                    bestEnergy="-40.0" averageEnergy="-39.9997" worstEnergy="-37.0"
                    bestConformation="Conformation 40.0 -40.0 Flrrllflrflrfrrlrfllrfffrrffllffflfrllfrrffllrfllfrrlfllrfrrllrrflrfffrffrflflrfflrllflrrfrllflfrll"/>
        <trajectory sample="391" generation="391000"
                    bestEnergy="-40.0" averageEnergy="-40.0" worstEnergy="-40.0"
                    bestConformation="Conformation 40.0 -40.0 Flrrllflrflrfrrlrfllrfffrrffllffflfrllfrrffllrfllfrrlfllrfrrllrrflrfffrffrflflrfflrllflrrfrllflfrll"/>
        <trajectory sample="392" generation="392000"
                    bestEnergy="-40.0" averageEnergy="-39.9997" worstEnergy="-37.0"
                    bestConformation="Conformation 40.0 -40.0 Flrrllflrflrfrrlrfllrfffrrffllffflfrllfrrffllrfllfrrlfllrfrrllrrflrfffrffrflflrfflrllflrrfrllflfrll"/>
        <trajectory sample="393" generation="393000"
                    bestEnergy="-40.0" averageEnergy="-40.0" worstEnergy="-40.0"
                    bestConformation="Conformation 40.0 -40.0 Flrrllflrflrfrrlrfllrfffrrffllffflfrllfrrffllrfllfrrlfllrfrrllrrflrfffrffrflflrfflrllflrrfrllflfrll"/>
        <trajectory sample="394" generation="394000"
                    bestEnergy="-40.0" averageEnergy="-40.0" worstEnergy="-40.0"
                    bestConformation="Conformation 40.0 -40.0 Flrrllflrflrfrrlrfllrfffrrffllffflfrllfrrffllrfllfrrlfllrfrrllrrflrfffrffrflflrfflrllflrrfrllflfrll"/>
        <trajectory sample="395" generation="395000"
                    bestEnergy="-40.0" averageEnergy="-39.9999" worstEnergy="-39.0"
                    bestConformation="Conformation 40.0 -40.0 Flrrllflrflrfrrlrfllrfffrrffllffflfrllfrrffllrfllfrrlfllrfrrllrrflrfffrffrflflrfflrllflrrfrllflfrll"/>
        <trajectory sample="396" generation="396000"
                    bestEnergy="-40.0" averageEnergy="-40.0" worstEnergy="-40.0"
                    bestConformation="Conformation 40.0 -40.0 Flrrllflrflrfrrlrfllrfffrrffllffflfrllfrrffllrfllfrrlfllrfrrllrrflrfffrffrflflrfflrllflrrfrllflfrll"/>
        <trajectory sample="397" generation="397000"
                    bestEnergy="-40.0" averageEnergy="-39.9995" worstEnergy="-35.0"
                    bestConformation="Conformation 40.0 -40.0 Flrrllflrflrfrrlrfllrfffrrffllffflfrllfrrffllrfllfrrlfllrfrrllrrflrfffrffrflflrfflrllflrrfrllflfrll"/>
        <trajectory sample="398" generation="398000"
                    bestEnergy="-40.0" averageEnergy="-39.9995" worstEnergy="-35.0"
                    bestConformation="Conformation 40.0 -40.0 Flrrllflrflrfrrlrfllrfffrrffllffflfrllfrrffllrfllfrrlfllrfrrllrrflrfffrffrflflrfflrllflrrfrllflfrll"/>
        <trajectory sample="399" generation="399000"
                    bestEnergy="-40.0" averageEnergy="-40.0" worstEnergy="-40.0"
                    bestConformation="Conformation 40.0 -40.0 Flrrllflrflrfrrlrfllrfffrrffllffflfrllfrrffllrfllfrrlfllrfrrllrrflrfffrffrflflrfflrllflrrfrllflfrll"/>
        <trajectory sample="400" generation="400000"
                    bestEnergy="-40.0" averageEnergy="-40.0" worstEnergy="-40.0"
                    bestConformation="Conformation 40.0 -40.0 Flrrllflrflrfrrlrfllrfffrrffllffflfrllfrrffllrfllfrrlfllrfrrllrrflrfffrffrflflrfflrllflrrfrllflfrll"/>
    </run>
    <run number="1" numberOfGenerations="400001" populationSize="10000">
        <trajectory sample="0" generation="0"
                    bestEnergy="-27.0" averageEnergy="-10.7339" worstEnergy="-1.0"
                    bestConformation="Conformation 38.0 -38.0 Fllfrflrlrrfllrlfrfllrffrflfllrrllffffrlrfrrlrllflrflrrffrrllrffllrrllrllrfllrrfrlfllrffrlrllfffrll"/>
        <trajectory sample="1" generation="1000"
                    bestEnergy="-27.0" averageEnergy="-11.3975" worstEnergy="-6.0"
                    bestConformation="Conformation 38.0 -38.0 Fllfrflrlrrfllrlfrfllrffrflfllrrllffffrlrfrrlrllflrflrrffrrllrffllrrllrllrfllrrfrlfllrffrlrllfffrll"/>
        <trajectory sample="2" generation="2000"
                    bestEnergy="-27.0" averageEnergy="-11.9583" worstEnergy="-7.0"
                    bestConformation="Conformation 38.0 -38.0 Fllfrflrlrrfllrlfrfllrffrflfllrrllffffrlrfrrlrllflrflrrffrrllrffllrrllrllrfllrrfrlfllrffrlrllfffrll"/>
        <trajectory sample="3" generation="3000"
                    bestEnergy="-27.0" averageEnergy="-12.4227" worstEnergy="-8.0"
                    bestConformation="Conformation 38.0 -38.0 Fllfrflrlrrfllrlfrfllrffrflfllrrllffffrlrfrrlrllflrflrrffrrllrffllrrllrllrfllrrfrlfllrffrlrllfffrll"/>
        <trajectory sample="4" generation="4000"
                    bestEnergy="-27.0" averageEnergy="-12.8674" worstEnergy="-9.0"
                    bestConformation="Conformation 38.0 -38.0 Fllfrflrlrrfllrlfrfllrffrflfllrrllffffrlrfrrlrllflrflrrffrrllrffllrrllrllrfllrrfrlfllrffrlrllfffrll"/>
        <trajectory sample="5" generation="5000"
                    bestEnergy="-27.0" averageEnergy="-13.3045" worstEnergy="-10.0"
                    bestConformation="Conformation 38.0 -38.0 Fllfrflrlrrfllrlfrfllrffrflfllrrllffffrlrfrrlrllflrflrrffrrllrffllrrllrllrfllrrfrlfllrffrlrllfffrll"/>
        <trajectory sample="6" generation="6000"
                    bestEnergy="-27.0" averageEnergy="-13.6888" worstEnergy="-10.0"
                    bestConformation="Conformation 38.0 -38.0 Fllfrflrlrrfllrlfrfllrffrflfllrrllffffrlrfrrlrllflrflrrffrrllrffllrrllrllrfllrrfrlfllrffrlrllfffrll"/>
        <trajectory sample="7" generation="7000"
                    bestEnergy="-27.0" averageEnergy="-14.0436" worstEnergy="-11.0"
                    bestConformation="Conformation 38.0 -38.0 Fllfrflrlrrfllrlfrfllrffrflfllrrllffffrlrfrrlrllflrflrrffrrllrffllrrllrllrfllrrfrlfllrffrlrllfffrll"/>
        <trajectory sample="8" generation="8000"
                    bestEnergy="-27.0" averageEnergy="-14.3882" worstEnergy="-11.0"
                    bestConformation="Conformation 38.0 -38.0 Fllfrflrlrrfllrlfrfllrffrflfllrrllffffrlrfrrlrllflrflrrffrrllrffllrrllrllrfllrrfrlfllrffrlrllfffrll"/>
        <trajectory sample="9" generation="9000"
                    bestEnergy="-27.0" averageEnergy="-14.7141" worstEnergy="-12.0"
                    bestConformation="Conformation 38.0 -38.0 Fllfrflrlrrfllrlfrfllrffrflfllrrllffffrlrfrrlrllflrflrrffrrllrffllrrllrllrfllrrfrlfllrffrlrllfffrll"/>
        <trajectory sample="10" generation="10000"
                    bestEnergy="-27.0" averageEnergy="-15.0095" worstEnergy="-11.0"
                    bestConformation="Conformation 38.0 -38.0 Fllfrflrlrrfllrlfrfllrffrflfllrrllffffrlrfrrlrllflrflrrffrrllrffllrrllrllrfllrrfrlfllrffrlrllfffrll"/>
        <trajectory sample="11" generation="11000"
                    bestEnergy="-27.0" averageEnergy="-15.3289" worstEnergy="-12.0"
                    bestConformation="Conformation 38.0 -38.0 Fllfrflrlrrfllrlfrfllrffrflfllrrllffffrlrfrrlrllflrflrrffrrllrffllrrllrllrfllrrfrlfllrffrlrllfffrll"/>
        <trajectory sample="12" generation="12000"
                    bestEnergy="-27.0" averageEnergy="-15.6226" worstEnergy="-13.0"
                    bestConformation="Conformation 38.0 -38.0 Fllfrflrlrrfllrlfrfllrffrflfllrrllffffrlrfrrlrllflrflrrffrrllrffllrrllrllrfllrrfrlfllrffrlrllfffrll"/>
        <trajectory sample="13" generation="13000"
                    bestEnergy="-27.0" averageEnergy="-15.9039" worstEnergy="-12.0"
                    bestConformation="Conformation 38.0 -38.0 Fllfrflrlrrfllrlfrfllrffrflfllrrllffffrlrfrrlrllflrflrrffrrllrffllrrllrllrfllrrfrlfllrffrlrllfffrll"/>
        <trajectory sample="14" generation="14000"
                    bestEnergy="-27.0" averageEnergy="-16.1901" worstEnergy="-13.0"
                    bestConformation="Conformation 38.0 -38.0 Fllfrflrlrrfllrlfrfllrffrflfllrrllffffrlrfrrlrllflrflrrffrrllrffllrrllrllrfllrrfrlfllrffrlrllfffrll"/>
        <trajectory sample="15" generation="15000"
                    bestEnergy="-27.0" averageEnergy="-16.4301" worstEnergy="-14.0"
                    bestConformation="Conformation 38.0 -38.0 Fllfrflrlrrfllrlfrfllrffrflfllrrllffffrlrfrrlrllflrflrrffrrllrffllrrllrllrfllrrfrlfllrffrlrllfffrll"/>
        <trajectory sample="16" generation="16000"
                    bestEnergy="-27.0" averageEnergy="-16.6739" worstEnergy="-14.0"
                    bestConformation="Conformation 38.0 -38.0 Fllfrflrlrrfllrlfrfllrffrflfllrrllffffrlrfrrlrllflrflrrffrrllrffllrrllrllrfllrrfrlfllrffrlrllfffrll"/>
        <trajectory sample="17" generation="17000"
                    bestEnergy="-27.0" averageEnergy="-16.9483" worstEnergy="-14.0"
                    bestConformation="Conformation 38.0 -38.0 Fllfrflrlrrfllrlfrfllrffrflfllrrllffffrlrfrrlrllflrflrrffrrllrffllrrllrllrfllrrfrlfllrffrlrllfffrll"/>
        <trajectory sample="18" generation="18000"
                    bestEnergy="-27.0" averageEnergy="-17.1483" worstEnergy="-15.0"
                    bestConformation="Conformation 38.0 -38.0 Fllfrflrlrrfllrlfrfllrffrflfllrrllffffrlrfrrlrllflrflrrffrrllrffllrrllrllrfllrrfrlfllrffrlrllfffrll"/>
        <trajectory sample="19" generation="19000"
                    bestEnergy="-27.0" averageEnergy="-17.3625" worstEnergy="-15.0"
                    bestConformation="Conformation 38.0 -38.0 Fllfrflrlrrfllrlfrfllrffrflfllrrllffffrlrfrrlrllflrflrrffrrllrffllrrllrllrfllrrfrlfllrffrlrllfffrll"/>
        <trajectory sample="20" generation="20000"
                    bestEnergy="-27.0" averageEnergy="-17.5905" worstEnergy="-15.0"
                    bestConformation="Conformation 38.0 -38.0 Fllfrflrlrrfllrlfrfllrffrflfllrrllffffrlrfrrlrllflrflrrffrrllrffllrrllrllrfllrrfrlfllrffrlrllfffrll"/>
        <trajectory sample="21" generation="21000"
                    bestEnergy="-27.0" averageEnergy="-17.8129" worstEnergy="-16.0"
                    bestConformation="Conformation 38.0 -38.0 Fllfrflrlrrfllrlfrfllrffrflfllrrllffffrlrfrrlrllflrflrrffrrllrffllrrllrllrfllrrfrlfllrffrlrllfffrll"/>
        <trajectory sample="22" generation="22000"
                    bestEnergy="-27.0" averageEnergy="-17.9954" worstEnergy="-16.0"
                    bestConformation="Conformation 38.0 -38.0 Fllfrflrlrrfllrlfrfllrffrflfllrrllffffrlrfrrlrllflrflrrffrrllrffllrrllrllrfllrrfrlfllrffrlrllfffrll"/>
        <trajectory sample="23" generation="23000"
                    bestEnergy="-27.0" averageEnergy="-18.1929" worstEnergy="-16.0"
                    bestConformation="Conformation 38.0 -38.0 Fllfrflrlrrfllrlfrfllrffrflfllrrllffffrlrfrrlrllflrflrrffrrllrffllrrllrllrfllrrfrlfllrffrlrllfffrll"/>
        <trajectory sample="24" generation="24000"
                    bestEnergy="-27.0" averageEnergy="-18.4008" worstEnergy="-16.0"
                    bestConformation="Conformation 38.0 -38.0 Fllfrflrlrrfllrlfrfllrffrflfllrrllffffrlrfrrlrllflrflrrffrrllrffllrrllrllrfllrrfrlfllrffrlrllfffrll"/>
        <trajectory sample="25" generation="25000"
                    bestEnergy="-27.0" averageEnergy="-18.6095" worstEnergy="-16.0"
                    bestConformation="Conformation 38.0 -38.0 Fllfrflrlrrfllrlfrfllrffrflfllrrllffffrlrfrrlrllflrflrrffrrllrffllrrllrllrfllrrfrlfllrffrlrllfffrll"/>
        <trajectory sample="26" generation="26000"
                    bestEnergy="-27.0" averageEnergy="-18.7656" worstEnergy="-17.0"
                    bestConformation="Conformation 38.0 -38.0 Fllfrflrlrrfllrlfrfllrffrflfllrrllffffrlrfrrlrllflrflrrffrrllrffllrrllrllrfllrrfrlfllrffrlrllfffrll"/>
        <trajectory sample="27" generation="27000"
                    bestEnergy="-27.0" averageEnergy="-18.9366" worstEnergy="-17.0"
                    bestConformation="Conformation 38.0 -38.0 Fllfrflrlrrfllrlfrfllrffrflfllrrllffffrlrfrrlrllflrflrrffrrllrffllrrllrllrfllrrfrlfllrffrlrllfffrll"/>
        <trajectory sample="28" generation="28000"
                    bestEnergy="-27.0" averageEnergy="-19.116" worstEnergy="-17.0"
                    bestConformation="Conformation 38.0 -38.0 Fllfrflrlrrfllrlfrfllrffrflfllrrllffffrlrfrrlrllflrflrrffrrllrffllrrllrllrfllrrfrlfllrffrlrllfffrll"/>
        <trajectory sample="29" generation="29000"
                    bestEnergy="-27.0" averageEnergy="-19.3124" worstEnergy="-17.0"
                    bestConformation="Conformation 38.0 -38.0 Fllfrflrlrrfllrlfrfllrffrflfllrrllffffrlrfrrlrllflrflrrffrrllrffllrrllrllrfllrrfrlfllrffrlrllfffrll"/>
        <trajectory sample="30" generation="30000"
                    bestEnergy="-28.0" averageEnergy="-19.4791" worstEnergy="-18.0"
                    bestConformation="Conformation 38.0 -38.0 Fllfflrflrrlrllffrfllrffrflfllrrllffffrlrfrrlrllflrflrrffrrllrffllrrllrllrfllrrfrlfllrffrflflfffrll"/>
        <trajectory sample="31" generation="31000"
                    bestEnergy="-28.0" averageEnergy="-19.6252" worstEnergy="-14.0"
                    bestConformation="Conformation 38.0 -38.0 Fllfflrflrrlrllffrfllrffrflfllrrllffffrlrfrrlrllflrflrrffrrllrffllrrllrllrfllrrfrlfllrffrflflfffrll"/>
        <trajectory sample="32" generation="32000"
                    bestEnergy="-28.0" averageEnergy="-19.7793" worstEnergy="-14.0"
                    bestConformation="Conformation 38.0 -38.0 Fllfflrflrrlrllffrfllrffrflfllrrllffffrlrfrrlrllflrflrrffrrllrffllrrllrllrfllrrfrlfllrffrflflfffrll"/>
        <trajectory sample="33" generation="33000"
                    bestEnergy="-28.0" averageEnergy="-19.9329" worstEnergy="-18.0"
                    bestConformation="Conformation 38.0 -38.0 Fllfflrflrrlrllffrfllrffrflfllrrllffffrlrfrrlrllflrflrrffrrllrffllrrllrllrfllrrfrlfllrffrflflfffrll"/>
        <trajectory sample="34" generation="34000"
                    bestEnergy="-28.0" averageEnergy="-20.1081" worstEnergy="-18.0"
                    bestConformation="Conformation 38.0 -38.0 Fllfflrflrrlrllffrfllrffrflfllrrllffffrlrfrrlrllflrflrrffrrllrffllrrllrllrfllrrfrlfllrffrflflfffrll"/>
        <trajectory sample="35" generation="35000"
                    bestEnergy="-28.0" averageEnergy="-20.2747" worstEnergy="-18.0"
                    bestConformation="Conformation 38.0 -38.0 Fllfflrflrrlrllffrfllrffrflfllrrllffffrlrfrrlrllflrflrrffrrllrffllrrllrllrfllrrfrlfllrffrflflfffrll"/>
        <trajectory sample="36" generation="36000"
                    bestEnergy="-28.0" averageEnergy="-20.392" worstEnergy="-18.0"
                    bestConformation="Conformation 38.0 -38.0 Fllfflrflrrlrllffrfllrffrflfllrrllffffrlrfrrlrllflrflrrffrrllrffllrrllrllrfllrrfrlfllrffrflflfffrll"/>
        <trajectory sample="37" generation="37000"
                    bestEnergy="-28.0" averageEnergy="-20.5218" worstEnergy="-16.0"
                    bestConformation="Conformation 38.0 -38.0 Fllfflrflrrlrllffrfllrffrflfllrrllffffrlrfrrlrllflrflrrffrrllrffllrrllrllrfllrrfrlfllrffrflflfffrll"/>
        <trajectory sample="38" generation="38000"
                    bestEnergy="-29.0" averageEnergy="-20.6679" worstEnergy="-19.0"
                    bestConformation="Conformation 38.0 -38.0 Flrlrllrlrrlrllffrfllrffrflfllrrllffffrlrfrrlrllflrflrrffrrllrffllrrllfrllrllrrfrlfllrffrflflfffrll"/>
        <trajectory sample="39" generation="39000"
                    bestEnergy="-29.0" averageEnergy="-20.8194" worstEnergy="-19.0"
                    bestConformation="Conformation 38.0 -38.0 Flrlrllrlrrlrllffrfllrffrflfllrrllffffrlrfrrlrllflrflrrffrrllrffllrrllfrllrllrrfrlfllrffrflflfffrll"/>
        <trajectory sample="40" generation="40000"
                    bestEnergy="-29.0" averageEnergy="-20.983" worstEnergy="-19.0"
                    bestConformation="Conformation 38.0 -38.0 Flrlrllrlrrlrllffrfllrffrflfllrrllffffrlrfrrlrllflrflrrffrrllrffllrrllfrllrllrrfrlfllrffrflflfffrll"/>
        <trajectory sample="41" generation="41000"
                    bestEnergy="-30.0" averageEnergy="-21.1487" worstEnergy="-19.0"
                    bestConformation="Conformation 38.0 -38.0 Flrlrlfrlrfrfllffrfllrffrflfllrrllffffrlrfrrlrllflrflrrffrrllrffllrrllfrllrllrrfrlfllrffrfllrlffrll"/>
        <trajectory sample="42" generation="42000"
                    bestEnergy="-30.0" averageEnergy="-21.2686" worstEnergy="-20.0"
                    bestConformation="Conformation 38.0 -38.0 Flrlrlfrlrfrfllffrfllrffrflfllrrllffffrlrfrrlrllflrflrrffrrllrffllrrllfrllrllrrfrlfllrffrfllrlffrll"/>
        <trajectory sample="43" generation="43000"
                    bestEnergy="-30.0" averageEnergy="-21.3927" worstEnergy="-19.0"
                    bestConformation="Conformation 38.0 -38.0 Flrlrlfrlrfrfllffrfllrffrflfllrrllffffrlrfrrlrllflrflrrffrrllrffllrrllfrllrllrrfrlfllrffrfllrlffrll"/>
        <trajectory sample="44" generation="44000"
                    bestEnergy="-30.0" averageEnergy="-21.5178" worstEnergy="-20.0"
                    bestConformation="Conformation 38.0 -38.0 Flrlrlfrlrfrfllffrfllrffrflfllrrllffffrlrfrrlrllflrflrrffrrllrffllrrllfrllrllrrfrlfllrffrfllrlffrll"/>
        <trajectory sample="45" generation="45000"
                    bestEnergy="-30.0" averageEnergy="-21.642" worstEnergy="-16.0"
                    bestConformation="Conformation 38.0 -38.0 Flrlrlfrlrfrfllffrfllrffrflfllrrllffffrlrfrrlrllflrflrrffrrllrffllrrllfrllrllrrfrlfllrffrfllrlffrll"/>
        <trajectory sample="46" generation="46000"
                    bestEnergy="-30.0" averageEnergy="-21.7856" worstEnergy="-20.0"
                    bestConformation="Conformation 38.0 -38.0 Flrlrlfrlrfrfllffrfllrffrflfllrrllffffrlrfrrlrllflrflrrffrrllrffllrrllfrllrllrrfrlfllrffrfllrlffrll"/>
        <trajectory sample="47" generation="47000"
                    bestEnergy="-30.0" averageEnergy="-21.9361" worstEnergy="-20.0"
                    bestConformation="Conformation 38.0 -38.0 Flrlrlfrlrfrfllffrfllrffrflfllrrllffffrlrfrrlrllflrflrrffrrllrffllrrllfrllrllrrfrlfllrffrfllrlffrll"/>
        <trajectory sample="48" generation="48000"
                    bestEnergy="-30.0" averageEnergy="-22.0969" worstEnergy="-20.0"
                    bestConformation="Conformation 38.0 -38.0 Flrlrlfrlrfrfllffrfllrffrflfllrrllffffrlrfrrlrllflrflrrffrrllrffllrrllfrllrllrrfrlfllrffrfllrlffrll"/>
        <trajectory sample="49" generation="49000"
                    bestEnergy="-30.0" averageEnergy="-22.2213" worstEnergy="-21.0"
                    bestConformation="Conformation 38.0 -38.0 Flrlrlfrlrfrfllffrfllrffrflfllrrllffffrlrfrrlrllflrflrrffrrllrffllrrllfrllrllrrfrlfllrffrfllrlffrll"/>
        <trajectory sample="50" generation="50000"
                    bestEnergy="-30.0" averageEnergy="-22.3366" worstEnergy="-18.0"
                    bestConformation="Conformation 38.0 -38.0 Flrlrlfrlrfrfllffrfllrffrflfllrrllffffrlrfrrlrllflrflrrffrrllrffllrrllfrllrllrrfrlfllrffrfllrlffrll"/>
        <trajectory sample="51" generation="51000"
                    bestEnergy="-30.0" averageEnergy="-22.4574" worstEnergy="-21.0"
                    bestConformation="Conformation 38.0 -38.0 Flrlrlfrlrfrfllffrfllrffrflfllrrllffffrlrfrrlrllflrflrrffrrllrffllrrllfrllrllrrfrlfllrffrfllrlffrll"/>
        <trajectory sample="52" generation="52000"
                    bestEnergy="-30.0" averageEnergy="-22.5839" worstEnergy="-20.0"
                    bestConformation="Conformation 38.0 -38.0 Flrlrlfrlrfrfllffrfllrffrflfllrrllffffrlrfrrlrllflrflrrffrrllrffllrrllfrllrllrrfrlfllrffrfllrlffrll"/>
        <trajectory sample="53" generation="53000"
                    bestEnergy="-30.0" averageEnergy="-22.7126" worstEnergy="-21.0"
                    bestConformation="Conformation 38.0 -38.0 Flrlrlfrlrfrfllffrfllrffrflfllrrllffffrlrfrrlrllflrflrrffrrllrffllrrllfrllrllrrfrlfllrffrfllrlffrll"/>
        <trajectory sample="54" generation="54000"
                    bestEnergy="-30.0" averageEnergy="-22.8511" worstEnergy="-18.0"
                    bestConformation="Conformation 38.0 -38.0 Flrlrlfrlrfrfllffrfllrffrflfllrrllffffrlrfrrlrllflrflrrffrrllrffllrrllfrllrllrrfrlfllrffrfllrlffrll"/>
        <trajectory sample="55" generation="55000"
                    bestEnergy="-30.0" averageEnergy="-23.0112" worstEnergy="-21.0"
                    bestConformation="Conformation 38.0 -38.0 Flrlrlfrlrfrfllffrfllrffrflfllrrllffffrlrfrrlrllflrflrrffrrllrffllrrllfrllrllrrfrlfllrffrfllrlffrll"/>
        <trajectory sample="56" generation="56000"
                    bestEnergy="-30.0" averageEnergy="-23.1802" worstEnergy="-22.0"
                    bestConformation="Conformation 38.0 -38.0 Flrlrlfrlrfrfllffrfllrffrflfllrrllffffrlrfrrlrllflrflrrffrrllrffllrrllfrllrllrrfrlfllrffrfllrlffrll"/>
        <trajectory sample="57" generation="57000"
                    bestEnergy="-30.0" averageEnergy="-23.2912" worstEnergy="-20.0"
                    bestConformation="Conformation 38.0 -38.0 Flrlrlfrlrfrfllffrfllrffrflfllrrllffffrlrfrrlrllflrflrrffrrllrffllrrllfrllrllrrfrlfllrffrfllrlffrll"/>
        <trajectory sample="58" generation="58000"
                    bestEnergy="-30.0" averageEnergy="-23.4082" worstEnergy="-22.0"
                    bestConformation="Conformation 38.0 -38.0 Flrlrlfrlrfrfllffrfllrffrflfllrrllffffrlrfrrlrllflrflrrffrrllrffllrrllfrllrllrrfrlfllrffrfllrlffrll"/>
        <trajectory sample="59" generation="59000"
                    bestEnergy="-30.0" averageEnergy="-23.5325" worstEnergy="-22.0"
                    bestConformation="Conformation 38.0 -38.0 Flrlrlfrlrfrfllffrfllrffrflfllrrllffffrlrfrrlrllflrflrrffrrllrffllrrllfrllrllrrfrlfllrffrfllrlffrll"/>
        <trajectory sample="60" generation="60000"
                    bestEnergy="-30.0" averageEnergy="-23.6625" worstEnergy="-22.0"
                    bestConformation="Conformation 38.0 -38.0 Flrlrlfrlrfrfllffrfllrffrflfllrrllffffrlrfrrlrllflrflrrffrrllrffllrrllfrllrllrrfrlfllrffrfllrlffrll"/>
        <trajectory sample="61" generation="61000"
                    bestEnergy="-30.0" averageEnergy="-23.7964" worstEnergy="-22.0"
                    bestConformation="Conformation 38.0 -38.0 Flrlrlfrlrfrfllffrfllrffrflfllrrllffffrlrfrrlrllflrflrrffrrllrffllrrllfrllrllrrfrlfllrffrfllrlffrll"/>
        <trajectory sample="62" generation="62000"
                    bestEnergy="-30.0" averageEnergy="-23.9469" worstEnergy="-20.0"
                    bestConformation="Conformation 38.0 -38.0 Flrlrlfrlrfrfllffrfllrffrflfllrrllffffrlrfrrlrllflrflrrffrrllrffllrrllfrllrllrrfrlfllrffrfllrlffrll"/>
        <trajectory sample="63" generation="63000"
                    bestEnergy="-30.0" averageEnergy="-24.0937" worstEnergy="-22.0"
                    bestConformation="Conformation 38.0 -38.0 Flrlrlfrlrfrfllffrfllrffrflfllrrllffffrlrfrrlrllflrflrrffrrllrffllrrllfrllrllrrfrlfllrffrfllrlffrll"/>
        <trajectory sample="64" generation="64000"
                    bestEnergy="-30.0" averageEnergy="-24.2167" worstEnergy="-23.0"
                    bestConformation="Conformation 38.0 -38.0 Flrlrlfrlrfrfllffrfllrffrflfllrrllffffrlrfrrlrllflrflrrffrrllrffllrrllfrllrllrrfrlfllrffrfllrlffrll"/>
        <trajectory sample="65" generation="65000"
                    bestEnergy="-30.0" averageEnergy="-24.3177" worstEnergy="-23.0"
                    bestConformation="Conformation 38.0 -38.0 Flrlrlfrlrfrfllffrfllrffrflfllrrllffffrlrfrrlrllflrflrrffrrllrffllrrllfrllrllrrfrlfllrffrfllrlffrll"/>
        <trajectory sample="66" generation="66000"
                    bestEnergy="-30.0" averageEnergy="-24.4289" worstEnergy="-23.0"
                    bestConformation="Conformation 38.0 -38.0 Flrlrlfrlrfrfllffrfllrffrflfllrrllffffrlrfrrlrllflrflrrffrrllrffllrrllfrllrllrrfrlfllrffrfllrlffrll"/>
        <trajectory sample="67" generation="67000"
                    bestEnergy="-32.0" averageEnergy="-24.5458" worstEnergy="-23.0"
                    bestConformation="Conformation 38.0 -38.0 Frlrllrflrrlrllffrfllrffrflfllrrllffffrlrfrrlrllflrflrrffrrllrffllrrllrllrfllrrfrlfllrffrflflfffrll"/>
        <trajectory sample="68" generation="68000"
                    bestEnergy="-32.0" averageEnergy="-24.6728" worstEnergy="-20.0"
                    bestConformation="Conformation 38.0 -38.0 Frlrllrflrrlrllffrfllrffrflfllrrllffffrlrfrrlrllflrflrrffrrllrffllrrllrllrfllrrfrlfllrffrflflfffrll"/>
        <trajectory sample="69" generation="69000"
                    bestEnergy="-32.0" averageEnergy="-24.8033" worstEnergy="-21.0"
                    bestConformation="Conformation 38.0 -38.0 Frlrllrflrrlrllffrfllrffrflfllrrllffffrlrfrrlrllflrflrrffrrllrffllrrllrllrfllrrfrlfllrffrflflfffrll"/>
        <trajectory sample="70" generation="70000"
                    bestEnergy="-32.0" averageEnergy="-24.9403" worstEnergy="-22.0"
                    bestConformation="Conformation 38.0 -38.0 Frlrllrflrrlrllffrfllrffrflfllrrllffffrlrfrrlrllflrflrrffrrllrffllrrllrllrfllrrfrlfllrffrflflfffrll"/>
        <trajectory sample="71" generation="71000"
                    bestEnergy="-32.0" averageEnergy="-25.0796" worstEnergy="-24.0"
                    bestConformation="Conformation 38.0 -38.0 Frlrllrflrrlrllffrfllrffrflfllrrllffffrlrfrrlrllflrflrrffrrllrffllrrllrllrfllrrfrlfllrffrflflfffrll"/>
        <trajectory sample="72" generation="72000"
                    bestEnergy="-32.0" averageEnergy="-25.172" worstEnergy="-24.0"
                    bestConformation="Conformation 38.0 -38.0 Frlrllrflrrlrllffrfllrffrflfllrrllffffrlrfrrlrllflrflrrffrrllrffllrrllrllrfllrrfrlfllrffrflflfffrll"/>
        <trajectory sample="73" generation="73000"
                    bestEnergy="-32.0" averageEnergy="-25.2672" worstEnergy="-24.0"
                    bestConformation="Conformation 38.0 -38.0 Frlrllrflrrlrllffrfllrffrflfllrrllffffrlrfrrlrllflrflrrffrrllrffllrrllrllrfllrrfrlfllrffrflflfffrll"/>
        <trajectory sample="74" generation="74000"
                    bestEnergy="-32.0" averageEnergy="-25.3688" worstEnergy="-24.0"
                    bestConformation="Conformation 38.0 -38.0 Frlrllrflrrlrllffrfllrffrflfllrrllffffrlrfrrlrllflrflrrffrrllrffllrrllrllrfllrrfrlfllrffrflflfffrll"/>
        <trajectory sample="75" generation="75000"
                    bestEnergy="-32.0" averageEnergy="-25.4757" worstEnergy="-19.0"
                    bestConformation="Conformation 38.0 -38.0 Frlrllrflrrlrllffrfllrffrflfllrrllffffrlrfrrlrllflrflrrffrrllrffllrrllrllrfllrrfrlfllrffrflflfffrll"/>
        <trajectory sample="76" generation="76000"
                    bestEnergy="-32.0" averageEnergy="-25.5889" worstEnergy="-23.0"
                    bestConformation="Conformation 38.0 -38.0 Frlrllrflrrlrllffrfllrffrflfllrrllffffrlrfrrlrllflrflrrffrrllrffllrrllrllrfllrrfrlfllrffrflflfffrll"/>
        <trajectory sample="77" generation="77000"
                    bestEnergy="-32.0" averageEnergy="-25.7051" worstEnergy="-23.0"
                    bestConformation="Conformation 38.0 -38.0 Frlrllrflrrlrllffrfllrffrflfllrrllffffrlrfrrlrllflrflrrffrrllrffllrrllrllrfllrrfrlfllrffrflflfffrll"/>
        <trajectory sample="78" generation="78000"
                    bestEnergy="-32.0" averageEnergy="-25.8316" worstEnergy="-24.0"
                    bestConformation="Conformation 38.0 -38.0 Frlrllrflrrlrllffrfllrffrflfllrrllffffrlrfrrlrllflrflrrffrrllrffllrrllrllrfllrrfrlfllrffrflflfffrll"/>
        <trajectory sample="79" generation="79000"
                    bestEnergy="-32.0" averageEnergy="-25.9633" worstEnergy="-25.0"
                    bestConformation="Conformation 38.0 -38.0 Frlrllrflrrlrllffrfllrffrflfllrrllffffrlrfrrlrllflrflrrffrrllrffllrrllrllrfllrrfrlfllrffrflflfffrll"/>
        <trajectory sample="80" generation="80000"
                    bestEnergy="-32.0" averageEnergy="-26.0396" worstEnergy="-25.0"
                    bestConformation="Conformation 38.0 -38.0 Frlrllrflrrlrllffrfllrffrflfllrrllffffrlrfrrlrllflrflrrffrrllrffllrrllrllrfllrrfrlfllrffrflflfffrll"/>
        <trajectory sample="81" generation="81000"
                    bestEnergy="-32.0" averageEnergy="-26.128" worstEnergy="-19.0"
                    bestConformation="Conformation 38.0 -38.0 Frlrllrflrrlrllffrfllrffrflfllrrllffffrlrfrrlrllflrflrrffrrllrffllrrllrllrfllrrfrlfllrffrflflfffrll"/>
        <trajectory sample="82" generation="82000"
                    bestEnergy="-32.0" averageEnergy="-26.216" worstEnergy="-22.0"
                    bestConformation="Conformation 38.0 -38.0 Frlrllrflrrlrllffrfllrffrflfllrrllffffrlrfrrlrllflrflrrffrrllrffllrrllrllrfllrrfrlfllrffrflflfffrll"/>
        <trajectory sample="83" generation="83000"
                    bestEnergy="-32.0" averageEnergy="-26.3098" worstEnergy="-23.0"
                    bestConformation="Conformation 38.0 -38.0 Frlrllrflrrlrllffrfllrffrflfllrrllffffrlrfrrlrllflrflrrffrrllrffllrrllrllrfllrrfrlfllrffrflflfffrll"/>
        <trajectory sample="84" generation="84000"
                    bestEnergy="-32.0" averageEnergy="-26.4112" worstEnergy="-25.0"
                    bestConformation="Conformation 38.0 -38.0 Frlrllrflrrlrllffrfllrffrflfllrrllffffrlrfrrlrllflrflrrffrrllrffllrrllrllrfllrrfrlfllrffrflflfffrll"/>
        <trajectory sample="85" generation="85000"
                    bestEnergy="-32.0" averageEnergy="-26.5134" worstEnergy="-25.0"
                    bestConformation="Conformation 38.0 -38.0 Frlrllrflrrlrllffrfllrffrflfllrrllffffrlrfrrlrllflrflrrffrrllrffllrrllrllrfllrrfrlfllrffrflflfffrll"/>
        <trajectory sample="86" generation="86000"
                    bestEnergy="-32.0" averageEnergy="-26.6207" worstEnergy="-25.0"
                    bestConformation="Conformation 38.0 -38.0 Frlrllrflrrlrllffrfllrffrflfllrrllffffrlrfrrlrllflrflrrffrrllrffllrrllrllrfllrrfrlfllrffrflflfffrll"/>
        <trajectory sample="87" generation="87000"
                    bestEnergy="-32.0" averageEnergy="-26.7382" worstEnergy="-25.0"
                    bestConformation="Conformation 38.0 -38.0 Frlrllrflrrlrllffrfllrffrflfllrrllffffrlrfrrlrllflrflrrffrrllrffllrrllrllrfllrrfrlfllrffrflflfffrll"/>
        <trajectory sample="88" generation="88000"
                    bestEnergy="-32.0" averageEnergy="-26.8643" worstEnergy="-22.0"
                    bestConformation="Conformation 38.0 -38.0 Frlrllrflrrlrllffrfllrffrflfllrrllffffrlrfrrlrllflrflrrffrrllrffllrrllrllrfllrrfrlfllrffrflflfffrll"/>
        <trajectory sample="89" generation="89000"
                    bestEnergy="-32.0" averageEnergy="-26.954" worstEnergy="-26.0"
                    bestConformation="Conformation 38.0 -38.0 Frlrllrflrrlrllffrfllrffrflfllrrllffffrlrfrrlrllflrflrrffrrllrffllrrllrllrfllrrfrlfllrffrflflfffrll"/>
        <trajectory sample="90" generation="90000"
                    bestEnergy="-32.0" averageEnergy="-27.0223" worstEnergy="-25.0"
                    bestConformation="Conformation 38.0 -38.0 Frlrllrflrrlrllffrfllrffrflfllrrllffffrlrfrrlrllflrflrrffrrllrffllrrllrllrfllrrfrlfllrffrflflfffrll"/>
        <trajectory sample="91" generation="91000"
                    bestEnergy="-32.0" averageEnergy="-27.0983" worstEnergy="-26.0"
                    bestConformation="Conformation 38.0 -38.0 Frlrllrflrrlrllffrfllrffrflfllrrllffffrlrfrrlrllflrflrrffrrllrffllrrllrllrfllrrfrlfllrffrflflfffrll"/>
        <trajectory sample="92" generation="92000"
                    bestEnergy="-33.0" averageEnergy="-27.1762" worstEnergy="-23.0"
                    bestConformation="Conformation 38.0 -38.0 Flrlrllrlrrlrllffrfllrffrflfllrrllffffrlrfrrlrllflrflrrffrrllrffllrrllrllrfllrrfrlfllrffrflflfffrll"/>
        <trajectory sample="93" generation="93000"
                    bestEnergy="-33.0" averageEnergy="-27.267" worstEnergy="-26.0"
                    bestConformation="Conformation 38.0 -38.0 Flrlrllrlrrlrllffrfllrffrflfllrrllffffrlrfrrlrllflrflrrffrrllrffllrrllrllrfllrrfrlfllrffrflflfffrll"/>
        <trajectory sample="94" generation="94000"
                    bestEnergy="-33.0" averageEnergy="-27.3561" worstEnergy="-26.0"
                    bestConformation="Conformation 38.0 -38.0 Flrlrllrlrrlrllffrfllrffrflfllrrllffffrlrfrrlrllflrflrrffrrllrffllrrllrllrfllrrfrlfllrffrflflfffrll"/>
        <trajectory sample="95" generation="95000"
                    bestEnergy="-34.0" averageEnergy="-27.4491" worstEnergy="-26.0"
                    bestConformation="Conformation 38.0 -38.0 Flrrflrflrrlrllffrfllrffrflfllrrllffffrlrfrrlrllflrflrrffrrllrffllfrrlfllrfllrrfrlfllrffrflflfffrll"/>
        <trajectory sample="96" generation="96000"
                    bestEnergy="-34.0" averageEnergy="-27.5568" worstEnergy="-26.0"
                    bestConformation="Conformation 38.0 -38.0 Flrrflrflrrlrllffrfllrffrflfllrrllffffrlrfrrlrllflrflrrffrrllrffllfrrlfllrfllrrfrlfllrffrflflfffrll"/>
        <trajectory sample="97" generation="97000"
                    bestEnergy="-34.0" averageEnergy="-27.6605" worstEnergy="-26.0"
                    bestConformation="Conformation 38.0 -38.0 Flrrflrflrrlrllffrfllrffrflfllrrllffffrlrfrrlrllflrflrrffrrllrffllfrrlfllrfllrrfrlfllrffrflflfffrll"/>
        <trajectory sample="98" generation="98000"
                    bestEnergy="-34.0" averageEnergy="-27.7727" worstEnergy="-26.0"
                    bestConformation="Conformation 38.0 -38.0 Flrrflrflrrlrllffrfllrffrflfllrrllffffrlrfrrlrllflrflrrffrrllrffllfrrlfllrfllrrfrlfllrffrflflfffrll"/>
        <trajectory sample="99" generation="99000"
                    bestEnergy="-34.0" averageEnergy="-27.8657" worstEnergy="-27.0"
                    bestConformation="Conformation 38.0 -38.0 Flrrflrflrrlrllffrfllrffrflfllrrllffffrlrfrrlrllflrflrrffrrllrffllfrrlfllrfllrrfrlfllrffrflflfffrll"/>
        <trajectory sample="100" generation="100000"
                    bestEnergy="-34.0" averageEnergy="-27.9322" worstEnergy="-27.0"
                    bestConformation="Conformation 38.0 -38.0 Flrrflrflrrlrllffrfllrffrflfllrrllffffrlrfrrlrllflrflrrffrrllrffllfrrlfllrfllrrfrlfllrffrflflfffrll"/>
        <trajectory sample="101" generation="101000"
                    bestEnergy="-34.0" averageEnergy="-27.9995" worstEnergy="-24.0"
                    bestConformation="Conformation 38.0 -38.0 Flrrflrflrrlrllffrfllrffrflfllrrllffffrlrfrrlrllflrflrrffrrllrffllfrrlfllrfllrrfrlfllrffrflflfffrll"/>
        <trajectory sample="102" generation="102000"
                    bestEnergy="-34.0" averageEnergy="-28.0685" worstEnergy="-26.0"
                    bestConformation="Conformation 38.0 -38.0 Flrrflrflrrlrllffrfllrffrflfllrrllffffrlrfrrlrllflrflrrffrrllrffllfrrlfllrfllrrfrlfllrffrflflfffrll"/>
        <trajectory sample="103" generation="103000"
                    bestEnergy="-34.0" averageEnergy="-28.1418" worstEnergy="-27.0"
                    bestConformation="Conformation 38.0 -38.0 Flrrflrflrrlrllffrfllrffrflfllrrllffffrlrfrrlrllflrflrrffrrllrffllfrrlfllrfllrrfrlfllrffrflflfffrll"/>
        <trajectory sample="104" generation="104000"
                    bestEnergy="-34.0" averageEnergy="-28.22" worstEnergy="-27.0"
                    bestConformation="Conformation 38.0 -38.0 Flrrflrflrrlrllffrfllrffrflfllrrllffffrlrfrrlrllflrflrrffrrllrffllfrrlfllrfllrrfrlfllrffrflflfffrll"/>
        <trajectory sample="105" generation="105000"
                    bestEnergy="-34.0" averageEnergy="-28.3025" worstEnergy="-27.0"
                    bestConformation="Conformation 38.0 -38.0 Flrrflrflrrlrllffrfllrffrflfllrrllffffrlrfrrlrllflrflrrffrrllrffllfrrlfllrfllrrfrlfllrffrflflfffrll"/>
        <trajectory sample="106" generation="106000"
                    bestEnergy="-34.0" averageEnergy="-28.3954" worstEnergy="-27.0"
                    bestConformation="Conformation 38.0 -38.0 Flrrflrflrrlrllffrfllrffrflfllrrllffffrlrfrrlrllflrflrrffrrllrffllfrrlfllrfllrrfrlfllrffrflflfffrll"/>
        <trajectory sample="107" generation="107000"
                    bestEnergy="-34.0" averageEnergy="-28.4897" worstEnergy="-25.0"
                    bestConformation="Conformation 38.0 -38.0 Flrrflrflrrlrllffrfllrffrflfllrrllffffrlrfrrlrllflrflrrffrrllrffllfrrlfllrfllrrfrlfllrffrflflfffrll"/>
        <trajectory sample="108" generation="108000"
                    bestEnergy="-34.0" averageEnergy="-28.5862" worstEnergy="-27.0"
                    bestConformation="Conformation 38.0 -38.0 Flrrflrflrrlrllffrfllrffrflfllrrllffffrlrfrrlrllflrflrrffrrllrffllfrrlfllrfllrrfrlfllrffrflflfffrll"/>
        <trajectory sample="109" generation="109000"
                    bestEnergy="-34.0" averageEnergy="-28.6764" worstEnergy="-25.0"
                    bestConformation="Conformation 38.0 -38.0 Flrrflrflrrlrllffrfllrffrflfllrrllffffrlrfrrlrllflrflrrffrrllrffllfrrlfllrfllrrfrlfllrffrflflfffrll"/>
        <trajectory sample="110" generation="110000"
                    bestEnergy="-34.0" averageEnergy="-28.732" worstEnergy="-26.0"
                    bestConformation="Conformation 38.0 -38.0 Flrrflrflrrlrllffrfllrffrflfllrrllffffrlrfrrlrllflrflrrffrrllrffllfrrlfllrfllrrfrlfllrffrflflfffrll"/>
        <trajectory sample="111" generation="111000"
                    bestEnergy="-34.0" averageEnergy="-28.7893" worstEnergy="-28.0"
                    bestConformation="Conformation 38.0 -38.0 Flrrflrflrrlrllffrfllrffrflfllrrllffffrlrfrrlrllflrflrrffrrllrffllfrrlfllrfllrrfrlfllrffrflflfffrll"/>
        <trajectory sample="112" generation="112000"
                    bestEnergy="-34.0" averageEnergy="-28.8466" worstEnergy="-28.0"
                    bestConformation="Conformation 38.0 -38.0 Flrrflrflrrlrllffrfllrffrflfllrrllffffrlrfrrlrllflrflrrffrrllrffllfrrlfllrfllrrfrlfllrffrflflfffrll"/>
        <trajectory sample="113" generation="113000"
                    bestEnergy="-34.0" averageEnergy="-28.9096" worstEnergy="-28.0"
                    bestConformation="Conformation 38.0 -38.0 Flrrflrflrrlrllffrfllrffrflfllrrllffffrlrfrrlrllflrflrrffrrllrffllfrrlfllrfllrrfrlfllrffrflflfffrll"/>
        <trajectory sample="114" generation="114000"
                    bestEnergy="-34.0" averageEnergy="-28.9763" worstEnergy="-28.0"
                    bestConformation="Conformation 38.0 -38.0 Flrrflrflrrlrllffrfllrffrflfllrrllffffrlrfrrlrllflrflrrffrrllrffllfrrlfllrfllrrfrlfllrffrflflfffrll"/>
        <trajectory sample="115" generation="115000"
                    bestEnergy="-34.0" averageEnergy="-29.0459" worstEnergy="-26.0"
                    bestConformation="Conformation 38.0 -38.0 Flrrflrflrrlrllffrfllrffrflfllrrllffffrlrfrrlrllflrflrrffrrllrffllfrrlfllrfllrrfrlfllrffrflflfffrll"/>
        <trajectory sample="116" generation="116000"
                    bestEnergy="-34.0" averageEnergy="-29.1208" worstEnergy="-26.0"
                    bestConformation="Conformation 38.0 -38.0 Flrrflrflrrlrllffrfllrffrflfllrrllffffrlrfrrlrllflrflrrffrrllrffllfrrlfllrfllrrfrlfllrffrflflfffrll"/>
        <trajectory sample="117" generation="117000"
                    bestEnergy="-34.0" averageEnergy="-29.1996" worstEnergy="-24.0"
                    bestConformation="Conformation 38.0 -38.0 Flrrflrflrrlrllffrfllrffrflfllrrllffffrlrfrrlrllflrflrrffrrllrffllfrrlfllrfllrrfrlfllrffrflflfffrll"/>
        <trajectory sample="118" generation="118000"
                    bestEnergy="-34.0" averageEnergy="-29.2797" worstEnergy="-28.0"
                    bestConformation="Conformation 38.0 -38.0 Flrrflrflrrlrllffrfllrffrflfllrrllffffrlrfrrlrllflrflrrffrrllrffllfrrlfllrfllrrfrlfllrffrflflfffrll"/>
        <trajectory sample="119" generation="119000"
                    bestEnergy="-34.0" averageEnergy="-29.3652" worstEnergy="-28.0"
                    bestConformation="Conformation 38.0 -38.0 Flrrflrflrrlrllffrfllrffrflfllrrllffffrlrfrrlrllflrflrrffrrllrffllfrrlfllrfllrrfrlfllrffrflflfffrll"/>
        <trajectory sample="120" generation="120000"
                    bestEnergy="-34.0" averageEnergy="-29.4523" worstEnergy="-25.0"
                    bestConformation="Conformation 38.0 -38.0 Flrrflrflrrlrllffrfllrffrflfllrrllffffrlrfrrlrllflrflrrffrrllrffllfrrlfllrfllrrfrlfllrffrflflfffrll"/>
        <trajectory sample="121" generation="121000"
                    bestEnergy="-34.0" averageEnergy="-29.5438" worstEnergy="-28.0"
                    bestConformation="Conformation 38.0 -38.0 Flrrflrflrrlrllffrfllrffrflfllrrllffffrlrfrrlrllflrflrrffrrllrffllfrrlfllrfllrrfrlfllrffrflflfffrll"/>
        <trajectory sample="122" generation="122000"
                    bestEnergy="-35.0" averageEnergy="-29.6434" worstEnergy="-28.0"
                    bestConformation="Conformation 38.0 -38.0 Ffflfflrlrrlrllffrfllrffrflfllrrllffffrlrfrrlrllflrflrrffrrllrffllrrllrllrfllrrfrlfllrffrflflfffrll"/>
        <trajectory sample="123" generation="123000"
                    bestEnergy="-35.0" averageEnergy="-29.6922" worstEnergy="-29.0"
                    bestConformation="Conformation 38.0 -38.0 Ffflfflrlrrlrllffrfllrffrflfllrrllffffrlrfrrlrllflrflrrffrrllrffllrrllrllrfllrrfrlfllrffrflflfffrll"/>
        <trajectory sample="124" generation="124000"
                    bestEnergy="-35.0" averageEnergy="-29.7442" worstEnergy="-25.0"
                    bestConformation="Conformation 38.0 -38.0 Ffflfflrlrrlrllffrfllrffrflfllrrllffffrlrfrrlrllflrflrrffrrllrffllrrllrllrfllrrfrlfllrffrflflfffrll"/>
        <trajectory sample="125" generation="125000"
                    bestEnergy="-35.0" averageEnergy="-29.797" worstEnergy="-24.0"
                    bestConformation="Conformation 38.0 -38.0 Ffflfflrlrrlrllffrfllrffrflfllrrllffffrlrfrrlrllflrflrrffrrllrffllrrllrllrfllrrfrlfllrffrflflfffrll"/>
        <trajectory sample="126" generation="126000"
                    bestEnergy="-35.0" averageEnergy="-29.8581" worstEnergy="-29.0"
                    bestConformation="Conformation 38.0 -38.0 Ffflfflrlrrlrllffrfllrffrflfllrrllffffrlrfrrlrllflrflrrffrrllrffllrrllrllrfllrrfrlfllrffrflflfffrll"/>
        <trajectory sample="127" generation="127000"
                    bestEnergy="-35.0" averageEnergy="-29.9182" worstEnergy="-29.0"
                    bestConformation="Conformation 38.0 -38.0 Ffflfflrlrrlrllffrfllrffrflfllrrllffffrlrfrrlrllflrflrrffrrllrffllrrllrllrfllrrfrlfllrffrflflfffrll"/>
        <trajectory sample="128" generation="128000"
                    bestEnergy="-35.0" averageEnergy="-29.9834" worstEnergy="-29.0"
                    bestConformation="Conformation 38.0 -38.0 Ffflfflrlrrlrllffrfllrffrflfllrrllffffrlrfrrlrllflrflrrffrrllrffllrrllrllrfllrrfrlfllrffrflflfffrll"/>
        <trajectory sample="129" generation="129000"
                    bestEnergy="-35.0" averageEnergy="-30.0522" worstEnergy="-29.0"
                    bestConformation="Conformation 38.0 -38.0 Ffflfflrlrrlrllffrfllrffrflfllrrllffffrlrfrrlrllflrflrrffrrllrffllrrllrllrfllrrfrlfllrffrflflfffrll"/>
        <trajectory sample="130" generation="130000"
                    bestEnergy="-35.0" averageEnergy="-30.1224" worstEnergy="-29.0"
                    bestConformation="Conformation 38.0 -38.0 Ffflfflrlrrlrllffrfllrffrflfllrrllffffrlrfrrlrllflrflrrffrrllrffllrrllrllrfllrrfrlfllrffrflflfffrll"/>
        <trajectory sample="131" generation="131000"
                    bestEnergy="-35.0" averageEnergy="-30.2014" worstEnergy="-29.0"
                    bestConformation="Conformation 38.0 -38.0 Ffflfflrlrrlrllffrfllrffrflfllrrllffffrlrfrrlrllflrflrrffrrllrffllrrllrllrfllrrfrlfllrffrflflfffrll"/>
        <trajectory sample="132" generation="132000"
                    bestEnergy="-35.0" averageEnergy="-30.2834" worstEnergy="-28.0"
                    bestConformation="Conformation 38.0 -38.0 Ffflfflrlrrlrllffrfllrffrflfllrrllffffrlrfrrlrllflrflrrffrrllrffllrrllrllrfllrrfrlfllrffrflflfffrll"/>
        <trajectory sample="133" generation="133000"
                    bestEnergy="-35.0" averageEnergy="-30.3669" worstEnergy="-29.0"
                    bestConformation="Conformation 38.0 -38.0 Ffflfflrlrrlrllffrfllrffrflfllrrllffffrlrfrrlrllflrflrrffrrllrffllrrllrllrfllrrfrlfllrffrflflfffrll"/>
        <trajectory sample="134" generation="134000"
                    bestEnergy="-35.0" averageEnergy="-30.4601" worstEnergy="-28.0"
                    bestConformation="Conformation 38.0 -38.0 Ffflfflrlrrlrllffrfllrffrflfllrrllffffrlrfrrlrllflrflrrffrrllrffllrrllrllrfllrrfrlfllrffrflflfffrll"/>
        <trajectory sample="135" generation="135000"
                    bestEnergy="-35.0" averageEnergy="-30.553" worstEnergy="-29.0"
                    bestConformation="Conformation 38.0 -38.0 Ffflfflrlrrlrllffrfllrffrflfllrrllffffrlrfrrlrllflrflrrffrrllrffllrrllrllrfllrrfrlfllrffrflflfffrll"/>
        <trajectory sample="136" generation="136000"
                    bestEnergy="-35.0" averageEnergy="-30.5993" worstEnergy="-25.0"
                    bestConformation="Conformation 38.0 -38.0 Ffflfflrlrrlrllffrfllrffrflfllrrllffffrlrfrrlrllflrflrrffrrllrffllrrllrllrfllrrfrlfllrffrflflfffrll"/>
        <trajectory sample="137" generation="137000"
                    bestEnergy="-35.0" averageEnergy="-30.6415" worstEnergy="-30.0"
                    bestConformation="Conformation 38.0 -38.0 Ffflfflrlrrlrllffrfllrffrflfllrrllffffrlrfrrlrllflrflrrffrrllrffllrrllrllrfllrrfrlfllrffrflflfffrll"/>
        <trajectory sample="138" generation="138000"
                    bestEnergy="-35.0" averageEnergy="-30.6966" worstEnergy="-30.0"
                    bestConformation="Conformation 38.0 -38.0 Ffflfflrlrrlrllffrfllrffrflfllrrllffffrlrfrrlrllflrflrrffrrllrffllrrllrllrfllrrfrlfllrffrflflfffrll"/>
        <trajectory sample="139" generation="139000"
                    bestEnergy="-35.0" averageEnergy="-30.7521" worstEnergy="-30.0"
                    bestConformation="Conformation 38.0 -38.0 Ffflfflrlrrlrllffrfllrffrflfllrrllffffrlrfrrlrllflrflrrffrrllrffllrrllrllrfllrrfrlfllrffrflflfffrll"/>
        <trajectory sample="140" generation="140000"
                    bestEnergy="-35.0" averageEnergy="-30.808" worstEnergy="-30.0"
                    bestConformation="Conformation 38.0 -38.0 Ffflfflrlrrlrllffrfllrffrflfllrrllffffrlrfrrlrllflrflrrffrrllrffllrrllrllrfllrrfrlfllrffrflflfffrll"/>
        <trajectory sample="141" generation="141000"
                    bestEnergy="-35.0" averageEnergy="-30.8645" worstEnergy="-26.0"
                    bestConformation="Conformation 38.0 -38.0 Ffflfflrlrrlrllffrfllrffrflfllrrllffffrlrfrrlrllflrflrrffrrllrffllrrllrllrfllrrfrlfllrffrflflfffrll"/>
        <trajectory sample="142" generation="142000"
                    bestEnergy="-35.0" averageEnergy="-30.929" worstEnergy="-30.0"
                    bestConformation="Conformation 38.0 -38.0 Ffflfflrlrrlrllffrfllrffrflfllrrllffffrlrfrrlrllflrflrrffrrllrffllrrllrllrfllrrfrlfllrffrflflfffrll"/>
        <trajectory sample="143" generation="143000"
                    bestEnergy="-35.0" averageEnergy="-30.9928" worstEnergy="-29.0"
                    bestConformation="Conformation 38.0 -38.0 Ffflfflrlrrlrllffrfllrffrflfllrrllffffrlrfrrlrllflrflrrffrrllrffllrrllrllrfllrrfrlfllrffrflflfffrll"/>
        <trajectory sample="144" generation="144000"
                    bestEnergy="-35.0" averageEnergy="-31.061" worstEnergy="-27.0"
                    bestConformation="Conformation 38.0 -38.0 Ffflfflrlrrlrllffrfllrffrflfllrrllffffrlrfrrlrllflrflrrffrrllrffllrrllrllrfllrrfrlfllrffrflflfffrll"/>
        <trajectory sample="145" generation="145000"
                    bestEnergy="-36.0" averageEnergy="-31.1408" worstEnergy="-30.0"
                    bestConformation="Conformation 38.0 -38.0 Flrlfrlrlrrlrllffrfllrffrflfllrrllffffrlrfrrlrllflrflrrffrrllrffllrrllrllrfllrrfrlfllrffrflflfffrll"/>
        <trajectory sample="146" generation="146000"
                    bestEnergy="-36.0" averageEnergy="-31.2251" worstEnergy="-30.0"
                    bestConformation="Conformation 38.0 -38.0 Flrlfrlrlrrlrllffrfllrffrflfllrrllffffrlrfrrlrllflrflrrffrrllrffllrrllrllrfllrrfrlfllrffrflflfffrll"/>
        <trajectory sample="147" generation="147000"
                    bestEnergy="-36.0" averageEnergy="-31.3102" worstEnergy="-30.0"
                    bestConformation="Conformation 38.0 -38.0 Flrlfrlrlrrlrllffrfllrffrflfllrrllffffrlrfrrlrllflrflrrffrrllrffllrrllrllrfllrrfrlfllrffrflflfffrll"/>
        <trajectory sample="148" generation="148000"
                    bestEnergy="-36.0" averageEnergy="-31.3998" worstEnergy="-26.0"
                    bestConformation="Conformation 38.0 -38.0 Flrlfrlrlrrlrllffrfllrffrflfllrrllffffrlrfrrlrllflrflrrffrrllrffllrrllrllrfllrrfrlfllrffrflflfffrll"/>
        <trajectory sample="149" generation="149000"
                    bestEnergy="-37.0" averageEnergy="-31.4959" worstEnergy="-24.0"
                    bestConformation="Conformation 38.0 -38.0 Fllrlrrflrrlrllffrfllrffrffllffrllffffrlrfrrlrllflrflrrffrrllrffllrrllfrllrllrrfrlfllrffrflflfffrll"/>
        <trajectory sample="150" generation="150000"
                    bestEnergy="-37.0" averageEnergy="-31.5974" worstEnergy="-30.0"
                    bestConformation="Conformation 38.0 -38.0 Fllrlrrflrrlrllffrfllrffrffllffrllffffrlrfrrlrllflrflrrffrrllrffllrrllfrllrllrrfrlfllrffrflflfffrll"/>
        <trajectory sample="151" generation="151000"
                    bestEnergy="-37.0" averageEnergy="-31.6774" worstEnergy="-31.0"
                    bestConformation="Conformation 38.0 -38.0 Fllrlrrflrrlrllffrfllrffrffllffrllffffrlrfrrlrllflrflrrffrrllrffllrrllfrllrllrrfrlfllrffrflflfffrll"/>
        <trajectory sample="152" generation="152000"
                    bestEnergy="-37.0" averageEnergy="-31.7272" worstEnergy="-31.0"
                    bestConformation="Conformation 38.0 -38.0 Fllrlrrflrrlrllffrfllrffrffllffrllffffrlrfrrlrllflrflrrffrrllrffllrrllfrllrllrrfrlfllrffrflflfffrll"/>
        <trajectory sample="153" generation="153000"
                    bestEnergy="-37.0" averageEnergy="-31.7794" worstEnergy="-31.0"
                    bestConformation="Conformation 38.0 -38.0 Fllrlrrflrrlrllffrfllrffrffllffrllffffrlrfrrlrllflrflrrffrrllrffllrrllfrllrllrrfrlfllrffrflflfffrll"/>
        <trajectory sample="154" generation="154000"
                    bestEnergy="-37.0" averageEnergy="-31.832" worstEnergy="-31.0"
                    bestConformation="Conformation 38.0 -38.0 Fllrlrrflrrlrllffrfllrffrffllffrllffffrlrfrrlrllflrflrrffrrllrffllrrllfrllrllrrfrlfllrffrflflfffrll"/>
        <trajectory sample="155" generation="155000"
                    bestEnergy="-37.0" averageEnergy="-31.8916" worstEnergy="-31.0"
                    bestConformation="Conformation 38.0 -38.0 Fllrlrrflrrlrllffrfllrffrffllffrllffffrlrfrrlrllflrflrrffrrllrffllrrllfrllrllrrfrlfllrffrflflfffrll"/>
        <trajectory sample="156" generation="156000"
                    bestEnergy="-37.0" averageEnergy="-31.9552" worstEnergy="-31.0"
                    bestConformation="Conformation 38.0 -38.0 Fllrlrrflrrlrllffrfllrffrffllffrllffffrlrfrrlrllflrflrrffrrllrffllrrllfrllrllrrfrlfllrffrflflfffrll"/>
        <trajectory sample="157" generation="157000"
                    bestEnergy="-37.0" averageEnergy="-32.0193" worstEnergy="-31.0"
                    bestConformation="Conformation 38.0 -38.0 Fllrlrrflrrlrllffrfllrffrffllffrllffffrlrfrrlrllflrflrrffrrllrffllrrllfrllrllrrfrlfllrffrflflfffrll"/>
        <trajectory sample="158" generation="158000"
                    bestEnergy="-37.0" averageEnergy="-32.0875" worstEnergy="-31.0"
                    bestConformation="Conformation 38.0 -38.0 Fllrlrrflrrlrllffrfllrffrffllffrllffffrlrfrrlrllflrflrrffrrllrffllrrllfrllrllrrfrlfllrffrflflfffrll"/>
        <trajectory sample="159" generation="159000"
                    bestEnergy="-37.0" averageEnergy="-32.1606" worstEnergy="-27.0"
                    bestConformation="Conformation 38.0 -38.0 Fllrlrrflrrlrllffrfllrffrffllffrllffffrlrfrrlrllflrflrrffrrllrffllrrllfrllrllrrfrlfllrffrflflfffrll"/>
        <trajectory sample="160" generation="160000"
                    bestEnergy="-37.0" averageEnergy="-32.227" worstEnergy="-28.0"
                    bestConformation="Conformation 38.0 -38.0 Fllrlrrflrrlrllffrfllrffrffllffrllffffrlrfrrlrllflrflrrffrrllrffllrrllfrllrllrrfrlfllrffrflflfffrll"/>
        <trajectory sample="161" generation="161000"
                    bestEnergy="-37.0" averageEnergy="-32.3153" worstEnergy="-28.0"
                    bestConformation="Conformation 38.0 -38.0 Fllrlrrflrrlrllffrfllrffrffllffrllffffrlrfrrlrllflrflrrffrrllrffllrrllfrllrllrrfrlfllrffrflflfffrll"/>
        <trajectory sample="162" generation="162000"
                    bestEnergy="-37.0" averageEnergy="-32.3941" worstEnergy="-28.0"
                    bestConformation="Conformation 38.0 -38.0 Fllrlrrflrrlrllffrfllrffrffllffrllffffrlrfrrlrllflrflrrffrrllrffllrrllfrllrllrrfrlfllrffrflflfffrll"/>
        <trajectory sample="163" generation="163000"
                    bestEnergy="-37.0" averageEnergy="-32.4872" worstEnergy="-23.0"
                    bestConformation="Conformation 38.0 -38.0 Fllrlrrflrrlrllffrfllrffrffllffrllffffrlrfrrlrllflrflrrffrrllrffllrrllfrllrllrrfrlfllrffrflflfffrll"/>
        <trajectory sample="164" generation="164000"
                    bestEnergy="-37.0" averageEnergy="-32.5366" worstEnergy="-32.0"
                    bestConformation="Conformation 38.0 -38.0 Fllrlrrflrrlrllffrfllrffrffllffrllffffrlrfrrlrllflrflrrffrrllrffllrrllfrllrllrrfrlfllrffrflflfffrll"/>
        <trajectory sample="165" generation="165000"
                    bestEnergy="-37.0" averageEnergy="-32.5755" worstEnergy="-25.0"
                    bestConformation="Conformation 38.0 -38.0 Fllrlrrflrrlrllffrfllrffrffllffrllffffrlrfrrlrllflrflrrffrrllrffllrrllfrllrllrrfrlfllrffrflflfffrll"/>
        <trajectory sample="166" generation="166000"
                    bestEnergy="-37.0" averageEnergy="-32.615" worstEnergy="-25.0"
                    bestConformation="Conformation 38.0 -38.0 Fllrlrrflrrlrllffrfllrffrffllffrllffffrlrfrrlrllflrflrrffrrllrffllrrllfrllrllrrfrlfllrffrflflfffrll"/>
        <trajectory sample="167" generation="167000"
                    bestEnergy="-37.0" averageEnergy="-32.6569" worstEnergy="-21.0"
                    bestConformation="Conformation 38.0 -38.0 Fllrlrrflrrlrllffrfllrffrffllffrllffffrlrfrrlrllflrflrrffrrllrffllrrllfrllrllrrfrlfllrffrflflfffrll"/>
        <trajectory sample="168" generation="168000"
                    bestEnergy="-37.0" averageEnergy="-32.7028" worstEnergy="-32.0"
                    bestConformation="Conformation 38.0 -38.0 Fllrlrrflrrlrllffrfllrffrffllffrllffffrlrfrrlrllflrflrrffrrllrffllrrllfrllrllrrfrlfllrffrflflfffrll"/>
        <trajectory sample="169" generation="169000"
                    bestEnergy="-37.0" averageEnergy="-32.7492" worstEnergy="-32.0"
                    bestConformation="Conformation 38.0 -38.0 Fllrlrrflrrlrllffrfllrffrffllffrllffffrlrfrrlrllflrflrrffrrllrffllrrllfrllrllrrfrlfllrffrflflfffrll"/>
        <trajectory sample="170" generation="170000"
                    bestEnergy="-37.0" averageEnergy="-32.8048" worstEnergy="-32.0"
                    bestConformation="Conformation 38.0 -38.0 Fllrlrrflrrlrllffrfllrffrffllffrllffffrlrfrrlrllflrflrrffrrllrffllrrllfrllrllrrfrlfllrffrflflfffrll"/>
        <trajectory sample="171" generation="171000"
                    bestEnergy="-37.0" averageEnergy="-32.863" worstEnergy="-30.0"
                    bestConformation="Conformation 38.0 -38.0 Fllrlrrflrrlrllffrfllrffrffllffrllffffrlrfrrlrllflrflrrffrrllrffllrrllfrllrllrrfrlfllrffrflflfffrll"/>
        <trajectory sample="172" generation="172000"
                    bestEnergy="-37.0" averageEnergy="-32.9172" worstEnergy="-32.0"
                    bestConformation="Conformation 38.0 -38.0 Fllrlrrflrrlrllffrfllrffrffllffrllffffrlrfrrlrllflrflrrffrrllrffllrrllfrllrllrrfrlfllrffrflflfffrll"/>
        <trajectory sample="173" generation="173000"
                    bestEnergy="-37.0" averageEnergy="-32.9764" worstEnergy="-32.0"
                    bestConformation="Conformation 38.0 -38.0 Fllrlrrflrrlrllffrfllrffrffllffrllffffrlrfrrlrllflrflrrffrrllrffllrrllfrllrllrrfrlfllrffrflflfffrll"/>
        <trajectory sample="174" generation="174000"
                    bestEnergy="-37.0" averageEnergy="-33.0402" worstEnergy="-31.0"
                    bestConformation="Conformation 38.0 -38.0 Fllrlrrflrrlrllffrfllrffrffllffrllffffrlrfrrlrllflrflrrffrrllrffllrrllfrllrllrrfrlfllrffrflflfffrll"/>
        <trajectory sample="175" generation="175000"
                    bestEnergy="-37.0" averageEnergy="-33.1086" worstEnergy="-32.0"
                    bestConformation="Conformation 38.0 -38.0 Fllrlrrflrrlrllffrfllrffrffllffrllffffrlrfrrlrllflrflrrffrrllrffllrrllfrllrllrrfrlfllrffrflflfffrll"/>
        <trajectory sample="176" generation="176000"
                    bestEnergy="-37.0" averageEnergy="-33.1742" worstEnergy="-29.0"
                    bestConformation="Conformation 38.0 -38.0 Fllrlrrflrrlrllffrfllrffrffllffrllffffrlrfrrlrllflrflrrffrrllrffllrrllfrllrllrrfrlfllrffrflflfffrll"/>
        <trajectory sample="177" generation="177000"
                    bestEnergy="-37.0" averageEnergy="-33.2483" worstEnergy="-32.0"
                    bestConformation="Conformation 38.0 -38.0 Fllrlrrflrrlrllffrfllrffrffllffrllffffrlrfrrlrllflrflrrffrrllrffllrrllfrllrllrrfrlfllrffrflflfffrll"/>
        <trajectory sample="178" generation="178000"
                    bestEnergy="-37.0" averageEnergy="-33.3209" worstEnergy="-32.0"
                    bestConformation="Conformation 38.0 -38.0 Fllrlrrflrrlrllffrfllrffrffllffrllffffrlrfrrlrllflrflrrffrrllrffllrrllfrllrllrrfrlfllrffrflflfffrll"/>
        <trajectory sample="179" generation="179000"
                    bestEnergy="-37.0" averageEnergy="-33.3959" worstEnergy="-32.0"
                    bestConformation="Conformation 38.0 -38.0 Fllrlrrflrrlrllffrfllrffrffllffrllffffrlrfrrlrllflrflrrffrrllrffllrrllfrllrllrrfrlfllrffrflflfffrll"/>
        <trajectory sample="180" generation="180000"
                    bestEnergy="-37.0" averageEnergy="-33.4388" worstEnergy="-31.0"
                    bestConformation="Conformation 38.0 -38.0 Fllrlrrflrrlrllffrfllrffrffllffrllffffrlrfrrlrllflrflrrffrrllrffllrrllfrllrllrrfrlfllrffrflflfffrll"/>
        <trajectory sample="181" generation="181000"
                    bestEnergy="-37.0" averageEnergy="-33.4767" worstEnergy="-32.0"
                    bestConformation="Conformation 38.0 -38.0 Fllrlrrflrrlrllffrfllrffrffllffrllffffrlrfrrlrllflrflrrffrrllrffllrrllfrllrllrrfrlfllrffrflflfffrll"/>
        <trajectory sample="182" generation="182000"
                    bestEnergy="-37.0" averageEnergy="-33.5083" worstEnergy="-27.0"
                    bestConformation="Conformation 38.0 -38.0 Fllrlrrflrrlrllffrfllrffrffllffrllffffrlrfrrlrllflrflrrffrrllrffllrrllfrllrllrrfrlfllrffrflflfffrll"/>
        <trajectory sample="183" generation="183000"
                    bestEnergy="-37.0" averageEnergy="-33.5412" worstEnergy="-33.0"
                    bestConformation="Conformation 38.0 -38.0 Fllrlrrflrrlrllffrfllrffrffllffrllffffrlrfrrlrllflrflrrffrrllrffllrrllfrllrllrrfrlfllrffrflflfffrll"/>
        <trajectory sample="184" generation="184000"
                    bestEnergy="-37.0" averageEnergy="-33.5788" worstEnergy="-26.0"
                    bestConformation="Conformation 38.0 -38.0 Fllrlrrflrrlrllffrfllrffrffllffrllffffrlrfrrlrllflrflrrffrrllrffllrrllfrllrllrrfrlfllrffrflflfffrll"/>
        <trajectory sample="185" generation="185000"
                    bestEnergy="-37.0" averageEnergy="-33.6221" worstEnergy="-30.0"
                    bestConformation="Conformation 38.0 -38.0 Fllrlrrflrrlrllffrfllrffrffllffrllffffrlrfrrlrllflrflrrffrrllrffllrrllfrllrllrrfrlfllrffrflflfffrll"/>
        <trajectory sample="186" generation="186000"
                    bestEnergy="-37.0" averageEnergy="-33.6685" worstEnergy="-26.0"
                    bestConformation="Conformation 38.0 -38.0 Fllrlrrflrrlrllffrfllrffrffllffrllffffrlrfrrlrllflrflrrffrrllrffllrrllfrllrllrrfrlfllrffrflflfffrll"/>
        <trajectory sample="187" generation="187000"
                    bestEnergy="-37.0" averageEnergy="-33.7111" worstEnergy="-32.0"
                    bestConformation="Conformation 38.0 -38.0 Fllrlrrflrrlrllffrfllrffrffllffrllffffrlrfrrlrllflrflrrffrrllrffllrrllfrllrllrrfrlfllrffrflflfffrll"/>
        <trajectory sample="188" generation="188000"
                    bestEnergy="-37.0" averageEnergy="-33.7593" worstEnergy="-32.0"
                    bestConformation="Conformation 38.0 -38.0 Fllrlrrflrrlrllffrfllrffrffllffrllffffrlrfrrlrllflrflrrffrrllrffllrrllfrllrllrrfrlfllrffrflflfffrll"/>
        <trajectory sample="189" generation="189000"
                    bestEnergy="-37.0" averageEnergy="-33.8115" worstEnergy="-33.0"
                    bestConformation="Conformation 38.0 -38.0 Fllrlrrflrrlrllffrfllrffrffllffrllffffrlrfrrlrllflrflrrffrrllrffllrrllfrllrllrrfrlfllrffrflflfffrll"/>
        <trajectory sample="190" generation="190000"
                    bestEnergy="-37.0" averageEnergy="-33.8627" worstEnergy="-30.0"
                    bestConformation="Conformation 38.0 -38.0 Fllrlrrflrrlrllffrfllrffrffllffrllffffrlrfrrlrllflrflrrffrrllrffllrrllfrllrllrrfrlfllrffrflflfffrll"/>
        <trajectory sample="191" generation="191000"
                    bestEnergy="-37.0" averageEnergy="-33.9082" worstEnergy="-26.0"
                    bestConformation="Conformation 38.0 -38.0 Fllrlrrflrrlrllffrfllrffrffllffrllffffrlrfrrlrllflrflrrffrrllrffllrrllfrllrllrrfrlfllrffrflflfffrll"/>
        <trajectory sample="192" generation="192000"
                    bestEnergy="-37.0" averageEnergy="-33.9702" worstEnergy="-33.0"
                    bestConformation="Conformation 38.0 -38.0 Fllrlrrflrrlrllffrfllrffrffllffrllffffrlrfrrlrllflrflrrffrrllrffllrrllfrllrllrrfrlfllrffrflflfffrll"/>
        <trajectory sample="193" generation="193000"
                    bestEnergy="-37.0" averageEnergy="-34.0306" worstEnergy="-33.0"
                    bestConformation="Conformation 38.0 -38.0 Fllrlrrflrrlrllffrfllrffrffllffrllffffrlrfrrlrllflrflrrffrrllrffllrrllfrllrllrrfrlfllrffrflflfffrll"/>
        <trajectory sample="194" generation="194000"
                    bestEnergy="-37.0" averageEnergy="-34.0897" worstEnergy="-33.0"
                    bestConformation="Conformation 38.0 -38.0 Fllrlrrflrrlrllffrfllrffrffllffrllffffrlrfrrlrllflrflrrffrrllrffllrrllfrllrllrrfrlfllrffrflflfffrll"/>
        <trajectory sample="195" generation="195000"
                    bestEnergy="-37.0" averageEnergy="-34.1568" worstEnergy="-30.0"
                    bestConformation="Conformation 38.0 -38.0 Fllrlrrflrrlrllffrfllrffrffllffrllffffrlrfrrlrllflrflrrffrrllrffllrrllfrllrllrrfrlfllrffrflflfffrll"/>
        <trajectory sample="196" generation="196000"
                    bestEnergy="-37.0" averageEnergy="-34.2236" worstEnergy="-33.0"
                    bestConformation="Conformation 38.0 -38.0 Fllrlrrflrrlrllffrfllrffrffllffrllffffrlrfrrlrllflrflrrffrrllrffllrrllfrllrllrrfrlfllrffrflflfffrll"/>
        <trajectory sample="197" generation="197000"
                    bestEnergy="-37.0" averageEnergy="-34.2932" worstEnergy="-27.0"
                    bestConformation="Conformation 38.0 -38.0 Fllrlrrflrrlrllffrfllrffrffllffrllffffrlrfrrlrllflrflrrffrrllrffllrrllfrllrllrrfrlfllrffrflflfffrll"/>
        <trajectory sample="198" generation="198000"
                    bestEnergy="-37.0" averageEnergy="-34.3591" worstEnergy="-28.0"
                    bestConformation="Conformation 38.0 -38.0 Fllrlrrflrrlrllffrfllrffrffllffrllffffrlrfrrlrllflrflrrffrrllrffllrrllfrllrllrrfrlfllrffrflflfffrll"/>
        <trajectory sample="199" generation="199000"
                    bestEnergy="-37.0" averageEnergy="-34.4341" worstEnergy="-31.0"
                    bestConformation="Conformation 38.0 -38.0 Fllrlrrflrrlrllffrfllrffrffllffrllffffrlrfrrlrllflrflrrffrrllrffllrrllfrllrllrrfrlfllrffrflflfffrll"/>
        <trajectory sample="200" generation="200000"
                    bestEnergy="-37.0" averageEnergy="-34.5038" worstEnergy="-30.0"
                    bestConformation="Conformation 38.0 -38.0 Fllrlrrflrrlrllffrfllrffrffllffrllffffrlrfrrlrllflrflrrffrrllrffllrrllfrllrllrrfrlfllrffrflflfffrll"/>
        <trajectory sample="201" generation="201000"
                    bestEnergy="-37.0" averageEnergy="-34.5396" worstEnergy="-30.0"
                    bestConformation="Conformation 38.0 -38.0 Fllrlrrflrrlrllffrfllrffrffllffrllffffrlrfrrlrllflrflrrffrrllrffllrrllfrllrllrrfrlfllrffrflflfffrll"/>
        <trajectory sample="202" generation="202000"
                    bestEnergy="-37.0" averageEnergy="-34.5811" worstEnergy="-34.0"
                    bestConformation="Conformation 38.0 -38.0 Fllrlrrflrrlrllffrfllrffrffllffrllffffrlrfrrlrllflrflrrffrrllrffllrrllfrllrllrrfrlfllrffrflflfffrll"/>
        <trajectory sample="203" generation="203000"
                    bestEnergy="-37.0" averageEnergy="-34.6216" worstEnergy="-34.0"
                    bestConformation="Conformation 38.0 -38.0 Fllrlrrflrrlrllffrfllrffrffllffrllffffrlrfrrlrllflrflrrffrrllrffllrrllfrllrllrrfrlfllrffrflflfffrll"/>
        <trajectory sample="204" generation="204000"
                    bestEnergy="-37.0" averageEnergy="-34.6697" worstEnergy="-30.0"
                    bestConformation="Conformation 38.0 -38.0 Fllrlrrflrrlrllffrfllrffrffllffrllffffrlrfrrlrllflrflrrffrrllrffllrrllfrllrllrrfrlfllrffrflflfffrll"/>
        <trajectory sample="205" generation="205000"
                    bestEnergy="-37.0" averageEnergy="-34.7204" worstEnergy="-33.0"
                    bestConformation="Conformation 38.0 -38.0 Fllrlrrflrrlrllffrfllrffrffllffrllffffrlrfrrlrllflrflrrffrrllrffllrrllfrllrllrrfrlfllrffrflflfffrll"/>
        <trajectory sample="206" generation="206000"
                    bestEnergy="-37.0" averageEnergy="-34.7672" worstEnergy="-27.0"
                    bestConformation="Conformation 38.0 -38.0 Fllrlrrflrrlrllffrfllrffrffllffrllffffrlrfrrlrllflrflrrffrrllrffllrrllfrllrllrrfrlfllrffrflflfffrll"/>
        <trajectory sample="207" generation="207000"
                    bestEnergy="-37.0" averageEnergy="-34.8198" worstEnergy="-31.0"
                    bestConformation="Conformation 38.0 -38.0 Fllrlrrflrrlrllffrfllrffrffllffrllffffrlrfrrlrllflrflrrffrrllrffllrrllfrllrllrrfrlfllrffrflflfffrll"/>
        <trajectory sample="208" generation="208000"
                    bestEnergy="-37.0" averageEnergy="-34.8771" worstEnergy="-34.0"
                    bestConformation="Conformation 38.0 -38.0 Fllrlrrflrrlrllffrfllrffrffllffrllffffrlrfrrlrllflrflrrffrrllrffllrrllfrllrllrrfrlfllrffrflflfffrll"/>
        <trajectory sample="209" generation="209000"
                    bestEnergy="-37.0" averageEnergy="-34.931" worstEnergy="-29.0"
                    bestConformation="Conformation 38.0 -38.0 Fllrlrrflrrlrllffrfllrffrffllffrllffffrlrfrrlrllflrflrrffrrllrffllrrllfrllrllrrfrlfllrffrflflfffrll"/>
        <trajectory sample="210" generation="210000"
                    bestEnergy="-37.0" averageEnergy="-34.9901" worstEnergy="-28.0"
                    bestConformation="Conformation 38.0 -38.0 Fllrlrrflrrlrllffrfllrffrffllffrllffffrlrfrrlrllflrflrrffrrllrffllrrllfrllrllrrfrlfllrffrflflfffrll"/>
        <trajectory sample="211" generation="211000"
                    bestEnergy="-37.0" averageEnergy="-35.053" worstEnergy="-34.0"
                    bestConformation="Conformation 38.0 -38.0 Fllrlrrflrrlrllffrfllrffrffllffrllffffrlrfrrlrllflrflrrffrrllrffllrrllfrllrllrrfrlfllrffrflflfffrll"/>
        <trajectory sample="212" generation="212000"
                    bestEnergy="-37.0" averageEnergy="-35.1157" worstEnergy="-34.0"
                    bestConformation="Conformation 38.0 -38.0 Fllrlrrflrrlrllffrfllrffrffllffrllffffrlrfrrlrllflrflrrffrrllrffllrrllfrllrllrrfrlfllrffrflflfffrll"/>
        <trajectory sample="213" generation="213000"
                    bestEnergy="-37.0" averageEnergy="-35.181" worstEnergy="-27.0"
                    bestConformation="Conformation 38.0 -38.0 Fllrlrrflrrlrllffrfllrffrffllffrllffffrlrfrrlrllflrflrrffrrllrffllrrllfrllrllrrfrlfllrffrflflfffrll"/>
        <trajectory sample="214" generation="214000"
                    bestEnergy="-38.0" averageEnergy="-35.25" worstEnergy="-32.0"
                    bestConformation="Conformation 38.0 -38.0 Flrffrlrlrrlrllffrfllrffrflfllrrllffffrlrfrrlrllflrflrrffrrllrffllrrllrllrfllrrfrlfllrffrflflfffrll"/>
        <trajectory sample="215" generation="215000"
                    bestEnergy="-38.0" averageEnergy="-35.3209" worstEnergy="-31.0"
                    bestConformation="Conformation 38.0 -38.0 Flrffrlrlrrlrllffrfllrffrflfllrrllffffrlrfrrlrllflrflrrffrrllrffllrrllrllrfllrrfrlfllrffrflflfffrll"/>
        <trajectory sample="216" generation="216000"
                    bestEnergy="-38.0" averageEnergy="-35.4038" worstEnergy="-26.0"
                    bestConformation="Conformation 38.0 -38.0 Flrffrlrlrrlrllffrfllrffrflfllrrllffffrlrfrrlrllflrflrrffrrllrffllrrllrllrfllrrfrlfllrffrflflfffrll"/>
        <trajectory sample="217" generation="217000"
                    bestEnergy="-38.0" averageEnergy="-35.4923" worstEnergy="-34.0"
                    bestConformation="Conformation 38.0 -38.0 Flrffrlrlrrlrllffrfllrffrflfllrrllffffrlrfrrlrllflrflrrffrrllrffllrrllrllrfllrrfrlfllrffrflflfffrll"/>
        <trajectory sample="218" generation="218000"
                    bestEnergy="-38.0" averageEnergy="-35.5475" worstEnergy="-35.0"
                    bestConformation="Conformation 38.0 -38.0 Flrffrlrlrrlrllffrfllrffrflfllrrllffffrlrfrrlrllflrflrrffrrllrffllrrllrllrfllrrfrlfllrffrflflfffrll"/>
        <trajectory sample="219" generation="219000"
                    bestEnergy="-38.0" averageEnergy="-35.588" worstEnergy="-32.0"
                    bestConformation="Conformation 38.0 -38.0 Flrffrlrlrrlrllffrfllrffrflfllrrllffffrlrfrrlrllflrflrrffrrllrffllrrllrllrfllrrfrlfllrffrflflfffrll"/>
        <trajectory sample="220" generation="220000"
                    bestEnergy="-38.0" averageEnergy="-35.6298" worstEnergy="-35.0"
                    bestConformation="Conformation 38.0 -38.0 Flrffrlrlrrlrllffrfllrffrflfllrrllffffrlrfrrlrllflrflrrffrrllrffllrrllrllrfllrrfrlfllrffrflflfffrll"/>
        <trajectory sample="221" generation="221000"
                    bestEnergy="-38.0" averageEnergy="-35.6749" worstEnergy="-35.0"
                    bestConformation="Conformation 38.0 -38.0 Flrffrlrlrrlrllffrfllrffrflfllrrllffffrlrfrrlrllflrflrrffrrllrffllrrllrllrfllrrfrlfllrffrflflfffrll"/>
        <trajectory sample="222" generation="222000"
                    bestEnergy="-38.0" averageEnergy="-35.7194" worstEnergy="-35.0"
                    bestConformation="Conformation 38.0 -38.0 Flrffrlrlrrlrllffrfllrffrflfllrrllffffrlrfrrlrllflrflrrffrrllrffllrrllrllrfllrrfrlfllrffrflflfffrll"/>
        <trajectory sample="223" generation="223000"
                    bestEnergy="-38.0" averageEnergy="-35.7672" worstEnergy="-35.0"
                    bestConformation="Conformation 38.0 -38.0 Flrffrlrlrrlrllffrfllrffrflfllrrllffffrlrfrrlrllflrflrrffrrllrffllrrllrllrfllrrfrlfllrffrflflfffrll"/>
        <trajectory sample="224" generation="224000"
                    bestEnergy="-38.0" averageEnergy="-35.8154" worstEnergy="-35.0"
                    bestConformation="Conformation 38.0 -38.0 Flrffrlrlrrlrllffrfllrffrflfllrrllffffrlrfrrlrllflrflrrffrrllrffllrrllrllrfllrrfrlfllrffrflflfffrll"/>
        <trajectory sample="225" generation="225000"
                    bestEnergy="-38.0" averageEnergy="-35.8703" worstEnergy="-35.0"
                    bestConformation="Conformation 38.0 -38.0 Flrffrlrlrrlrllffrfllrffrflfllrrllffffrlrfrrlrllflrflrrffrrllrffllrrllrllrfllrrfrlfllrffrflflfffrll"/>
        <trajectory sample="226" generation="226000"
                    bestEnergy="-38.0" averageEnergy="-35.9291" worstEnergy="-35.0"
                    bestConformation="Conformation 38.0 -38.0 Flrffrlrlrrlrllffrfllrffrflfllrrllffffrlrfrrlrllflrflrrffrrllrffllrrllrllrfllrrfrlfllrffrflflfffrll"/>
        <trajectory sample="227" generation="227000"
                    bestEnergy="-38.0" averageEnergy="-35.9873" worstEnergy="-35.0"
                    bestConformation="Conformation 38.0 -38.0 Flrffrlrlrrlrllffrfllrffrflfllrrllffffrlrfrrlrllflrflrrffrrllrffllrrllrllrfllrrfrlfllrffrflflfffrll"/>
        <trajectory sample="228" generation="228000"
                    bestEnergy="-38.0" averageEnergy="-36.0535" worstEnergy="-34.0"
                    bestConformation="Conformation 38.0 -38.0 Flrffrlrlrrlrllffrfllrffrflfllrrllffffrlrfrrlrllflrflrrffrrllrffllrrllrllrfllrrfrlfllrffrflflfffrll"/>
        <trajectory sample="229" generation="229000"
                    bestEnergy="-38.0" averageEnergy="-36.1219" worstEnergy="-33.0"
                    bestConformation="Conformation 38.0 -38.0 Flrffrlrlrrlrllffrfllrffrflfllrrllffffrlrfrrlrllflrflrrffrrllrffllrrllrllrfllrrfrlfllrffrflflfffrll"/>
        <trajectory sample="230" generation="230000"
                    bestEnergy="-38.0" averageEnergy="-36.1946" worstEnergy="-35.0"
                    bestConformation="Conformation 38.0 -38.0 Flrffrlrlrrlrllffrfllrffrflfllrrllffffrlrfrrlrllflrflrrffrrllrffllrrllrllrfllrrfrlfllrffrflflfffrll"/>
        <trajectory sample="231" generation="231000"
                    bestEnergy="-38.0" averageEnergy="-36.2665" worstEnergy="-31.0"
                    bestConformation="Conformation 38.0 -38.0 Flrffrlrlrrlrllffrfllrffrflfllrrllffffrlrfrrlrllflrflrrffrrllrffllrrllrllrfllrrfrlfllrffrflflfffrll"/>
        <trajectory sample="232" generation="232000"
                    bestEnergy="-38.0" averageEnergy="-36.3381" worstEnergy="-35.0"
                    bestConformation="Conformation 38.0 -38.0 Flrffrlrlrrlrllffrfllrffrflfllrrllffffrlrfrrlrllflrflrrffrrllrffllrrllrllrfllrrfrlfllrffrflflfffrll"/>
        <trajectory sample="233" generation="233000"
                    bestEnergy="-38.0" averageEnergy="-36.4155" worstEnergy="-28.0"
                    bestConformation="Conformation 38.0 -38.0 Flrffrlrlrrlrllffrfllrffrflfllrrllffffrlrfrrlrllflrflrrffrrllrffllrrllrllrfllrrfrlfllrffrflflfffrll"/>
        <trajectory sample="234" generation="234000"
                    bestEnergy="-38.0" averageEnergy="-36.4975" worstEnergy="-31.0"
                    bestConformation="Conformation 38.0 -38.0 Flrffrlrlrrlrllffrfllrffrflfllrrllffffrlrfrrlrllflrflrrffrrllrffllrrllrllrfllrrfrlfllrffrflflfffrll"/>
        <trajectory sample="235" generation="235000"
                    bestEnergy="-38.0" averageEnergy="-36.5626" worstEnergy="-36.0"
                    bestConformation="Conformation 38.0 -38.0 Flrffrlrlrrlrllffrfllrffrflfllrrllffffrlrfrrlrllflrflrrffrrllrffllrrllrllrfllrrfrlfllrffrflflfffrll"/>
        <trajectory sample="236" generation="236000"
                    bestEnergy="-38.0" averageEnergy="-36.5955" worstEnergy="-27.0"
                    bestConformation="Conformation 38.0 -38.0 Flrffrlrlrrlrllffrfllrffrflfllrrllffffrlrfrrlrllflrflrrffrrllrffllrrllrllrfllrrfrlfllrffrflflfffrll"/>
        <trajectory sample="237" generation="237000"
                    bestEnergy="-38.0" averageEnergy="-36.6316" worstEnergy="-30.0"
                    bestConformation="Conformation 38.0 -38.0 Flrffrlrlrrlrllffrfllrffrflfllrrllffffrlrfrrlrllflrflrrffrrllrffllrrllrllrfllrrfrlfllrffrflflfffrll"/>
        <trajectory sample="238" generation="238000"
                    bestEnergy="-38.0" averageEnergy="-36.6705" worstEnergy="-36.0"
                    bestConformation="Conformation 38.0 -38.0 Flrffrlrlrrlrllffrfllrffrflfllrrllffffrlrfrrlrllflrflrrffrrllrffllrrllrllrfllrrfrlfllrffrflflfffrll"/>
        <trajectory sample="239" generation="239000"
                    bestEnergy="-38.0" averageEnergy="-36.7098" worstEnergy="-36.0"
                    bestConformation="Conformation 38.0 -38.0 Flrffrlrlrrlrllffrfllrffrflfllrrllffffrlrfrrlrllflrflrrffrrllrffllrrllrllrfllrrfrlfllrffrflflfffrll"/>
        <trajectory sample="240" generation="240000"
                    bestEnergy="-38.0" averageEnergy="-36.7507" worstEnergy="-27.0"
                    bestConformation="Conformation 38.0 -38.0 Flrffrlrlrrlrllffrfllrffrflfllrrllffffrlrfrrlrllflrflrrffrrllrffllrrllrllrfllrrfrlfllrffrflflfffrll"/>
        <trajectory sample="241" generation="241000"
                    bestEnergy="-38.0" averageEnergy="-36.792" worstEnergy="-36.0"
                    bestConformation="Conformation 38.0 -38.0 Flrffrlrlrrlrllffrfllrffrflfllrrllffffrlrfrrlrllflrflrrffrrllrffllrrllrllrfllrrfrlfllrffrflflfffrll"/>
        <trajectory sample="242" generation="242000"
                    bestEnergy="-38.0" averageEnergy="-36.835" worstEnergy="-33.0"
                    bestConformation="Conformation 38.0 -38.0 Flrffrlrlrrlrllffrfllrffrflfllrrllffffrlrfrrlrllflrflrrffrrllrffllrrllrllrfllrrfrlfllrffrflflfffrll"/>
        <trajectory sample="243" generation="243000"
                    bestEnergy="-38.0" averageEnergy="-36.8805" worstEnergy="-36.0"
                    bestConformation="Conformation 38.0 -38.0 Flrffrlrlrrlrllffrfllrffrflfllrrllffffrlrfrrlrllflrflrrffrrllrffllrrllrllrfllrrfrlfllrffrflflfffrll"/>
        <trajectory sample="244" generation="244000"
                    bestEnergy="-38.0" averageEnergy="-36.9259" worstEnergy="-36.0"
                    bestConformation="Conformation 38.0 -38.0 Flrffrlrlrrlrllffrfllrffrflfllrrllffffrlrfrrlrllflrflrrffrrllrffllrrllrllrfllrrfrlfllrffrflflfffrll"/>
        <trajectory sample="245" generation="245000"
                    bestEnergy="-38.0" averageEnergy="-36.9719" worstEnergy="-31.0"
                    bestConformation="Conformation 38.0 -38.0 Flrffrlrlrrlrllffrfllrffrflfllrrllffffrlrfrrlrllflrflrrffrrllrffllrrllrllrfllrrfrlfllrffrflflfffrll"/>
        <trajectory sample="246" generation="246000"
                    bestEnergy="-38.0" averageEnergy="-37.0007" worstEnergy="-37.0"
                    bestConformation="Conformation 38.0 -38.0 Flrffrlrlrrlrllffrfllrffrflfllrrllffffrlrfrrlrllflrflrrffrrllrffllrrllrllrfllrrfrlfllrffrflflfffrll"/>
        <trajectory sample="247" generation="247000"
                    bestEnergy="-38.0" averageEnergy="-36.9997" worstEnergy="-26.0"
                    bestConformation="Conformation 38.0 -38.0 Flrffrlrlrrlrllffrfllrffrflfllrrllffffrlrfrrlrllflrflrrffrrllrffllrrllrllrfllrrfrlfllrffrflflfffrll"/>
        <trajectory sample="248" generation="248000"
                    bestEnergy="-38.0" averageEnergy="-37.0001" worstEnergy="-30.0"
                    bestConformation="Conformation 38.0 -38.0 Flrffrlrlrrlrllffrfllrffrflfllrrllffffrlrfrrlrllflrflrrffrrllrffllrrllrllrfllrrfrlfllrffrflflfffrll"/>
        <trajectory sample="249" generation="249000"
                    bestEnergy="-38.0" averageEnergy="-37.0009" worstEnergy="-37.0"
                    bestConformation="Conformation 38.0 -38.0 Flrffrlrlrrlrllffrfllrffrflfllrrllffffrlrfrrlrllflrflrrffrrllrffllrrllrllrfllrrfrlfllrffrflflfffrll"/>
        <trajectory sample="250" generation="250000"
                    bestEnergy="-38.0" averageEnergy="-37.0009" worstEnergy="-37.0"
                    bestConformation="Conformation 38.0 -38.0 Flrffrlrlrrlrllffrfllrffrflfllrrllffffrlrfrrlrllflrflrrffrrllrffllrrllrllrfllrrfrlfllrffrflflfffrll"/>
        <trajectory sample="251" generation="251000"
                    bestEnergy="-38.0" averageEnergy="-37.0009" worstEnergy="-37.0"
                    bestConformation="Conformation 38.0 -38.0 Flrffrlrlrrlrllffrfllrffrflfllrrllffffrlrfrrlrllflrflrrffrrllrffllrrllrllrfllrrfrlfllrffrflflfffrll"/>
        <trajectory sample="252" generation="252000"
                    bestEnergy="-38.0" averageEnergy="-37.0005" worstEnergy="-33.0"
                    bestConformation="Conformation 38.0 -38.0 Flrffrlrlrrlrllffrfllrffrflfllrrllffffrlrfrrlrllflrflrrffrrllrffllrrllrllrfllrrfrlfllrffrflflfffrll"/>
        <trajectory sample="253" generation="253000"
                    bestEnergy="-38.0" averageEnergy="-37.001" worstEnergy="-37.0"
                    bestConformation="Conformation 38.0 -38.0 Flrffrlrlrrlrllffrfllrffrflfllrrllffffrlrfrrlrllflrflrrffrrllrffllrrllrllrfllrrfrlfllrffrflflfffrll"/>
        <trajectory sample="254" generation="254000"
                    bestEnergy="-38.0" averageEnergy="-37.001" worstEnergy="-37.0"
                    bestConformation="Conformation 38.0 -38.0 Flrffrlrlrrlrllffrfllrffrflfllrrllffffrlrfrrlrllflrflrrffrrllrffllrrllrllrfllrrfrlfllrffrflflfffrll"/>
        <trajectory sample="255" generation="255000"
                    bestEnergy="-38.0" averageEnergy="-37.0007" worstEnergy="-33.0"
                    bestConformation="Conformation 38.0 -38.0 Flrffrlrlrrlrllffrfllrffrflfllrrllffffrlrfrrlrllflrflrrffrrllrffllrrllrllrfllrrfrlfllrffrflflfffrll"/>
        <trajectory sample="256" generation="256000"
                    bestEnergy="-38.0" averageEnergy="-37.0011" worstEnergy="-36.0"
                    bestConformation="Conformation 38.0 -38.0 Flrffrlrlrrlrllffrfllrffrflfllrrllffffrlrfrrlrllflrflrrffrrllrffllrrllrllrfllrrfrlfllrffrflflfffrll"/>
        <trajectory sample="257" generation="257000"
                    bestEnergy="-38.0" averageEnergy="-37.0006" worstEnergy="-27.0"
                    bestConformation="Conformation 38.0 -38.0 Flrffrlrlrrlrllffrfllrffrflfllrrllffffrlrfrrlrllflrflrrffrrllrffllrrllrllrfllrrfrlfllrffrflflfffrll"/>
        <trajectory sample="258" generation="258000"
                    bestEnergy="-38.0" averageEnergy="-37.0007" worstEnergy="-27.0"
                    bestConformation="Conformation 38.0 -38.0 Flrffrlrlrrlrllffrfllrffrflfllrrllffffrlrfrrlrllflrflrrffrrllrffllrrllrllrfllrrfrlfllrffrflflfffrll"/>
        <trajectory sample="259" generation="259000"
                    bestEnergy="-38.0" averageEnergy="-37.0018" worstEnergy="-37.0"
                    bestConformation="Conformation 38.0 -38.0 Flrffrlrlrrlrllffrfllrffrflfllrrllffffrlrfrrlrllflrflrrffrrllrffllrrllrllrfllrrfrlfllrffrflflfffrll"/>
        <trajectory sample="260" generation="260000"
                    bestEnergy="-38.0" averageEnergy="-37.0008" worstEnergy="-27.0"
                    bestConformation="Conformation 38.0 -38.0 Flrffrlrlrrlrllffrfllrffrflfllrrllffffrlrfrrlrllflrflrrffrrllrffllrrllrllrfllrrfrlfllrffrflflfffrll"/>
        <trajectory sample="261" generation="261000"
                    bestEnergy="-38.0" averageEnergy="-37.0008" worstEnergy="-27.0"
                    bestConformation="Conformation 38.0 -38.0 Flrffrlrlrrlrllffrfllrffrflfllrrllffffrlrfrrlrllflrflrrffrrllrffllrrllrllrfllrrfrlfllrffrflflfffrll"/>
        <trajectory sample="262" generation="262000"
                    bestEnergy="-38.0" averageEnergy="-37.0014" worstEnergy="-28.0"
                    bestConformation="Conformation 38.0 -38.0 Flrffrlrlrrlrllffrfllrffrflfllrrllffffrlrfrrlrllflrflrrffrrllrffllrrllrllrfllrrfrlfllrffrflflfffrll"/>
        <trajectory sample="263" generation="263000"
                    bestEnergy="-38.0" averageEnergy="-37.0015" worstEnergy="-27.0"
                    bestConformation="Conformation 38.0 -38.0 Flrffrlrlrrlrllffrfllrffrflfllrrllffffrlrfrrlrllflrflrrffrrllrffllrrllrllrfllrrfrlfllrffrflflfffrll"/>
        <trajectory sample="264" generation="264000"
                    bestEnergy="-38.0" averageEnergy="-37.0031" worstEnergy="-37.0"
                    bestConformation="Conformation 38.0 -38.0 Flrffrlrlrrlrllffrfllrffrflfllrrllffffrlrfrrlrllflrflrrffrrllrffllrrllrllrfllrrfrlfllrffrflflfffrll"/>
        <trajectory sample="265" generation="265000"
                    bestEnergy="-38.0" averageEnergy="-37.003" worstEnergy="-32.0"
                    bestConformation="Conformation 38.0 -38.0 Flrffrlrlrrlrllffrfllrffrflfllrrllffffrlrfrrlrllflrflrrffrrllrffllrrllrllrfllrrfrlfllrffrflflfffrll"/>
        <trajectory sample="266" generation="266000"
                    bestEnergy="-38.0" averageEnergy="-37.0029" worstEnergy="-27.0"
                    bestConformation="Conformation 38.0 -38.0 Flrffrlrlrrlrllffrfllrffrflfllrrllffffrlrfrrlrllflrflrrffrrllrffllrrllrllrfllrrfrlfllrffrflflfffrll"/>
        <trajectory sample="267" generation="267000"
                    bestEnergy="-38.0" averageEnergy="-37.0041" worstEnergy="-37.0"
                    bestConformation="Conformation 38.0 -38.0 Flrffrlrlrrlrllffrfllrffrflfllrrllffffrlrfrrlrllflrflrrffrrllrffllrrllrllrfllrrfrlfllrffrflflfffrll"/>
        <trajectory sample="268" generation="268000"
                    bestEnergy="-38.0" averageEnergy="-37.0035" worstEnergy="-27.0"
                    bestConformation="Conformation 38.0 -38.0 Flrffrlrlrrlrllffrfllrffrflfllrrllffffrlrfrrlrllflrflrrffrrllrffllrrllrllrfllrrfrlfllrffrflflfffrll"/>
        <trajectory sample="269" generation="269000"
                    bestEnergy="-38.0" averageEnergy="-37.0043" worstEnergy="-29.0"
                    bestConformation="Conformation 38.0 -38.0 Flrffrlrlrrlrllffrfllrffrflfllrrllffffrlrfrrlrllflrflrrffrrllrffllrrllrllrfllrrfrlfllrffrflflfffrll"/>
        <trajectory sample="270" generation="270000"
                    bestEnergy="-38.0" averageEnergy="-37.0058" worstEnergy="-37.0"
                    bestConformation="Conformation 38.0 -38.0 Flrffrlrlrrlrllffrfllrffrflfllrrllffffrlrfrrlrllflrflrrffrrllrffllrrllrllrfllrrfrlfllrffrflflfffrll"/>
        <trajectory sample="271" generation="271000"
                    bestEnergy="-38.0" averageEnergy="-37.0054" worstEnergy="-30.0"
                    bestConformation="Conformation 38.0 -38.0 Flrffrlrlrrlrllffrfllrffrflfllrrllffffrlrfrrlrllflrflrrffrrllrffllrrllrllrfllrrfrlfllrffrflflfffrll"/>
        <trajectory sample="272" generation="272000"
                    bestEnergy="-38.0" averageEnergy="-37.0071" worstEnergy="-37.0"
                    bestConformation="Conformation 38.0 -38.0 Flrffrlrlrrlrllffrfllrffrflfllrrllffffrlrfrrlrllflrflrrffrrllrffllrrllrllrfllrrfrlfllrffrflflfffrll"/>
        <trajectory sample="273" generation="273000"
                    bestEnergy="-38.0" averageEnergy="-37.0069" worstEnergy="-29.0"
                    bestConformation="Conformation 38.0 -38.0 Flrffrlrlrrlrllffrfllrffrflfllrrllffffrlrfrrlrllflrflrrffrrllrffllrrllrllrfllrrfrlfllrffrflflfffrll"/>
        <trajectory sample="274" generation="274000"
                    bestEnergy="-38.0" averageEnergy="-37.0082" worstEnergy="-36.0"
                    bestConformation="Conformation 38.0 -38.0 Flrffrlrlrrlrllffrfllrffrflfllrrllffffrlrfrrlrllflrflrrffrrllrffllrrllrllrfllrrfrlfllrffrflflfffrll"/>
        <trajectory sample="275" generation="275000"
                    bestEnergy="-38.0" averageEnergy="-37.0093" worstEnergy="-37.0"
                    bestConformation="Conformation 38.0 -38.0 Flrffrlrlrrlrllffrfllrffrflfllrrllffffrlrfrrlrllflrflrrffrrllrffllrrllrllrfllrrfrlfllrffrflflfffrll"/>
        <trajectory sample="276" generation="276000"
                    bestEnergy="-38.0" averageEnergy="-37.01" worstEnergy="-37.0"
                    bestConformation="Conformation 38.0 -38.0 Flrffrlrlrrlrllffrfllrffrflfllrrllffffrlrfrrlrllflrflrrffrrllrffllrrllrllrfllrrfrlfllrffrflflfffrll"/>
        <trajectory sample="277" generation="277000"
                    bestEnergy="-38.0" averageEnergy="-37.0106" worstEnergy="-30.0"
                    bestConformation="Conformation 38.0 -38.0 Flrffrlrlrrlrllffrfllrffrflfllrrllffffrlrfrrlrllflrflrrffrrllrffllrrllrllrfllrrfrlfllrffrflflfffrll"/>
        <trajectory sample="278" generation="278000"
                    bestEnergy="-38.0" averageEnergy="-37.0124" worstEnergy="-37.0"
                    bestConformation="Conformation 38.0 -38.0 Flrffrlrlrrlrllffrfllrffrflfllrrllffffrlrfrrlrllflrflrrffrrllrffllrrllrllrfllrrfrlfllrffrflflfffrll"/>
        <trajectory sample="279" generation="279000"
                    bestEnergy="-38.0" averageEnergy="-37.0119" worstEnergy="-26.0"
                    bestConformation="Conformation 38.0 -38.0 Flrffrlrlrrlrllffrfllrffrflfllrrllffffrlrfrrlrllflrflrrffrrllrffllrrllrllrfllrrfrlfllrffrflflfffrll"/>
        <trajectory sample="280" generation="280000"
                    bestEnergy="-38.0" averageEnergy="-37.0145" worstEnergy="-37.0"
                    bestConformation="Conformation 38.0 -38.0 Flrffrlrlrrlrllffrfllrffrflfllrrllffffrlrfrrlrllflrflrrffrrllrffllrrllrllrfllrrfrlfllrffrflflfffrll"/>
        <trajectory sample="281" generation="281000"
                    bestEnergy="-38.0" averageEnergy="-37.0147" worstEnergy="-29.0"
                    bestConformation="Conformation 38.0 -38.0 Flrffrlrlrrlrllffrfllrffrflfllrrllffffrlrfrrlrllflrflrrffrrllrffllrrllrllrfllrrfrlfllrffrflflfffrll"/>
        <trajectory sample="282" generation="282000"
                    bestEnergy="-38.0" averageEnergy="-37.0165" worstEnergy="-35.0"
                    bestConformation="Conformation 38.0 -38.0 Flrffrlrlrrlrllffrfllrffrflfllrrllffffrlrfrrlrllflrflrrffrrllrffllrrllrllrfllrrfrlfllrffrflflfffrll"/>
        <trajectory sample="283" generation="283000"
                    bestEnergy="-38.0" averageEnergy="-37.0178" worstEnergy="-36.0"
                    bestConformation="Conformation 38.0 -38.0 Flrffrlrlrrlrllffrfllrffrflfllrrllffffrlrfrrlrllflrflrrffrrllrffllrrllrllrfllrrfrlfllrffrflflfffrll"/>
        <trajectory sample="284" generation="284000"
                    bestEnergy="-38.0" averageEnergy="-37.0194" worstEnergy="-37.0"
                    bestConformation="Conformation 38.0 -38.0 Flrffrlrlrrlrllffrfllrffrflfllrrllffffrlrfrrlrllflrflrrffrrllrffllrrllrllrfllrrfrlfllrffrflflfffrll"/>
        <trajectory sample="285" generation="285000"
                    bestEnergy="-38.0" averageEnergy="-37.0201" worstEnergy="-27.0"
                    bestConformation="Conformation 38.0 -38.0 Flrffrlrlrrlrllffrfllrffrflfllrrllffffrlrfrrlrllflrflrrffrrllrffllrrllrllrfllrrfrlfllrffrflflfffrll"/>
        <trajectory sample="286" generation="286000"
                    bestEnergy="-38.0" averageEnergy="-37.0226" worstEnergy="-33.0"
                    bestConformation="Conformation 38.0 -38.0 Flrffrlrlrrlrllffrfllrffrflfllrrllffffrlrfrrlrllflrflrrffrrllrffllrrllrllrfllrrfrlfllrffrflflfffrll"/>
        <trajectory sample="287" generation="287000"
                    bestEnergy="-38.0" averageEnergy="-37.0257" worstEnergy="-37.0"
                    bestConformation="Conformation 38.0 -38.0 Flrffrlrlrrlrllffrfllrffrflfllrrllffffrlrfrrlrllflrflrrffrrllrffllrrllrllrfllrrfrlfllrffrflflfffrll"/>
        <trajectory sample="288" generation="288000"
                    bestEnergy="-38.0" averageEnergy="-37.0266" worstEnergy="-29.0"
                    bestConformation="Conformation 38.0 -38.0 Flrffrlrlrrlrllffrfllrffrflfllrrllffffrlrfrrlrllflrflrrffrrllrffllrrllrllrfllrrfrlfllrffrflflfffrll"/>
        <trajectory sample="289" generation="289000"
                    bestEnergy="-38.0" averageEnergy="-37.0316" worstEnergy="-37.0"
                    bestConformation="Conformation 38.0 -38.0 Flrffrlrlrrlrllffrfllrffrflfllrrllffffrlrfrrlrllflrflrrffrrllrffllrrllrllrfllrrfrlfllrffrflflfffrll"/>
        <trajectory sample="290" generation="290000"
                    bestEnergy="-38.0" averageEnergy="-37.0347" worstEnergy="-37.0"
                    bestConformation="Conformation 38.0 -38.0 Flrffrlrlrrlrllffrfllrffrflfllrrllffffrlrfrrlrllflrflrrffrrllrffllrrllrllrfllrrfrlfllrffrflflfffrll"/>
        <trajectory sample="291" generation="291000"
                    bestEnergy="-38.0" averageEnergy="-37.0382" worstEnergy="-36.0"
                    bestConformation="Conformation 38.0 -38.0 Flrffrlrlrrlrllffrfllrffrflfllrrllffffrlrfrrlrllflrflrrffrrllrffllrrllrllrfllrrfrlfllrffrflflfffrll"/>
        <trajectory sample="292" generation="292000"
                    bestEnergy="-38.0" averageEnergy="-37.0406" worstEnergy="-37.0"
                    bestConformation="Conformation 38.0 -38.0 Flrffrlrlrrlrllffrfllrffrflfllrrllffffrlrfrrlrllflrflrrffrrllrffllrrllrllrfllrrfrlfllrffrflflfffrll"/>
        <trajectory sample="293" generation="293000"
                    bestEnergy="-38.0" averageEnergy="-37.0443" worstEnergy="-30.0"
                    bestConformation="Conformation 38.0 -38.0 Flrffrlrlrrlrllffrfllrffrflfllrrllffffrlrfrrlrllflrflrrffrrllrffllrrllrllrfllrrfrlfllrffrflflfffrll"/>
        <trajectory sample="294" generation="294000"
                    bestEnergy="-38.0" averageEnergy="-37.0482" worstEnergy="-29.0"
                    bestConformation="Conformation 38.0 -38.0 Flrffrlrlrrlrllffrfllrffrflfllrrllffffrlrfrrlrllflrflrrffrrllrffllrrllrllrfllrrfrlfllrffrflflfffrll"/>
        <trajectory sample="295" generation="295000"
                    bestEnergy="-38.0" averageEnergy="-37.054" worstEnergy="-29.0"
                    bestConformation="Conformation 38.0 -38.0 Flrffrlrlrrlrllffrfllrffrflfllrrllffffrlrfrrlrllflrflrrffrrllrffllrrllrllrfllrrfrlfllrffrflflfffrll"/>
        <trajectory sample="296" generation="296000"
                    bestEnergy="-38.0" averageEnergy="-37.0602" worstEnergy="-37.0"
                    bestConformation="Conformation 38.0 -38.0 Flrffrlrlrrlrllffrfllrffrflfllrrllffffrlrfrrlrllflrflrrffrrllrffllrrllrllrfllrrfrlfllrffrflflfffrll"/>
        <trajectory sample="297" generation="297000"
                    bestEnergy="-38.0" averageEnergy="-37.064" worstEnergy="-31.0"
                    bestConformation="Conformation 38.0 -38.0 Flrffrlrlrrlrllffrfllrffrflfllrrllffffrlrfrrlrllflrflrrffrrllrffllrrllrllrfllrrfrlfllrffrflflfffrll"/>
        <trajectory sample="298" generation="298000"
                    bestEnergy="-38.0" averageEnergy="-37.0709" worstEnergy="-32.0"
                    bestConformation="Conformation 38.0 -38.0 Flrffrlrlrrlrllffrfllrffrflfllrrllffffrlrfrrlrllflrflrrffrrllrffllrrllrllrfllrrfrlfllrffrflflfffrll"/>
        <trajectory sample="299" generation="299000"
                    bestEnergy="-38.0" averageEnergy="-37.0764" worstEnergy="-28.0"
                    bestConformation="Conformation 38.0 -38.0 Flrffrlrlrrlrllffrfllrffrflfllrrllffffrlrfrrlrllflrflrrffrrllrffllrrllrllrfllrrfrlfllrffrflflfffrll"/>
        <trajectory sample="300" generation="300000"
                    bestEnergy="-38.0" averageEnergy="-37.0827" worstEnergy="-35.0"
                    bestConformation="Conformation 38.0 -38.0 Flrffrlrlrrlrllffrfllrffrflfllrrllffffrlrfrrlrllflrflrrffrrllrffllrrllrllrfllrrfrlfllrffrflflfffrll"/>
        <trajectory sample="301" generation="301000"
                    bestEnergy="-38.0" averageEnergy="-37.091" worstEnergy="-37.0"
                    bestConformation="Conformation 38.0 -38.0 Flrffrlrlrrlrllffrfllrffrflfllrrllffffrlrfrrlrllflrflrrffrrllrffllrrllrllrfllrrfrlfllrffrflflfffrll"/>
        <trajectory sample="302" generation="302000"
                    bestEnergy="-38.0" averageEnergy="-37.0998" worstEnergy="-32.0"
                    bestConformation="Conformation 38.0 -38.0 Flrffrlrlrrlrllffrfllrffrflfllrrllffffrlrfrrlrllflrflrrffrrllrffllrrllrllrfllrrfrlfllrffrflflfffrll"/>
        <trajectory sample="303" generation="303000"
                    bestEnergy="-38.0" averageEnergy="-37.1061" worstEnergy="-28.0"
                    bestConformation="Conformation 38.0 -38.0 Flrffrlrlrrlrllffrfllrffrflfllrrllffffrlrfrrlrllflrflrrffrrllrffllrrllrllrfllrrfrlfllrffrflflfffrll"/>
        <trajectory sample="304" generation="304000"
                    bestEnergy="-38.0" averageEnergy="-37.1167" worstEnergy="-37.0"
                    bestConformation="Conformation 38.0 -38.0 Flrffrlrlrrlrllffrfllrffrflfllrrllffffrlrfrrlrllflrflrrffrrllrffllrrllrllrfllrrfrlfllrffrflflfffrll"/>
        <trajectory sample="305" generation="305000"
                    bestEnergy="-38.0" averageEnergy="-37.1263" worstEnergy="-31.0"
                    bestConformation="Conformation 38.0 -38.0 Flrffrlrlrrlrllffrfllrffrflfllrrllffffrlrfrrlrllflrflrrffrrllrffllrrllrllrfllrrfrlfllrffrflflfffrll"/>
        <trajectory sample="306" generation="306000"
                    bestEnergy="-38.0" averageEnergy="-37.1373" worstEnergy="-37.0"
                    bestConformation="Conformation 38.0 -38.0 Flrffrlrlrrlrllffrfllrffrflfllrrllffffrlrfrrlrllflrflrrffrrllrffllrrllrllrfllrrfrlfllrffrflflfffrll"/>
        <trajectory sample="307" generation="307000"
                    bestEnergy="-38.0" averageEnergy="-37.1481" worstEnergy="-33.0"
                    bestConformation="Conformation 38.0 -38.0 Flrffrlrlrrlrllffrfllrffrflfllrrllffffrlrfrrlrllflrflrrffrrllrffllrrllrllrfllrrfrlfllrffrflflfffrll"/>
        <trajectory sample="308" generation="308000"
                    bestEnergy="-38.0" averageEnergy="-37.163" worstEnergy="-37.0"
                    bestConformation="Conformation 38.0 -38.0 Flrffrlrlrrlrllffrfllrffrflfllrrllffffrlrfrrlrllflrflrrffrrllrffllrrllrllrfllrrfrlfllrffrflflfffrll"/>
        <trajectory sample="309" generation="309000"
                    bestEnergy="-38.0" averageEnergy="-37.1747" worstEnergy="-27.0"
                    bestConformation="Conformation 38.0 -38.0 Flrffrlrlrrlrllffrfllrffrflfllrrllffffrlrfrrlrllflrflrrffrrllrffllrrllrllrfllrrfrlfllrffrflflfffrll"/>
        <trajectory sample="310" generation="310000"
                    bestEnergy="-38.0" averageEnergy="-37.19" worstEnergy="-36.0"
                    bestConformation="Conformation 38.0 -38.0 Flrffrlrlrrlrllffrfllrffrflfllrrllffffrlrfrrlrllflrflrrffrrllrffllrrllrllrfllrrfrlfllrffrflflfffrll"/>
        <trajectory sample="311" generation="311000"
                    bestEnergy="-38.0" averageEnergy="-37.2051" worstEnergy="-37.0"
                    bestConformation="Conformation 38.0 -38.0 Flrffrlrlrrlrllffrfllrffrflfllrrllffffrlrfrrlrllflrflrrffrrllrffllrrllrllrfllrrfrlfllrffrflflfffrll"/>
        <trajectory sample="312" generation="312000"
                    bestEnergy="-38.0" averageEnergy="-37.2241" worstEnergy="-36.0"
                    bestConformation="Conformation 38.0 -38.0 Flrffrlrlrrlrllffrfllrffrflfllrrllffffrlrfrrlrllflrflrrffrrllrffllrrllrllrfllrrfrlfllrffrflflfffrll"/>
        <trajectory sample="313" generation="313000"
                    bestEnergy="-38.0" averageEnergy="-37.2408" worstEnergy="-37.0"
                    bestConformation="Conformation 38.0 -38.0 Flrffrlrlrrlrllffrfllrffrflfllrrllffffrlrfrrlrllflrflrrffrrllrffllrrllrllrfllrrfrlfllrffrflflfffrll"/>
        <trajectory sample="314" generation="314000"
                    bestEnergy="-38.0" averageEnergy="-37.2567" worstEnergy="-37.0"
                    bestConformation="Conformation 38.0 -38.0 Flrffrlrlrrlrllffrfllrffrflfllrrllffffrlrfrrlrllflrflrrffrrllrffllrrllrllrfllrrfrlfllrffrflflfffrll"/>
        <trajectory sample="315" generation="315000"
                    bestEnergy="-38.0" averageEnergy="-37.2767" worstEnergy="-33.0"
                    bestConformation="Conformation 38.0 -38.0 Flrffrlrlrrlrllffrfllrffrflfllrrllffffrlrfrrlrllflrflrrffrrllrffllrrllrllrfllrrfrlfllrffrflflfffrll"/>
        <trajectory sample="316" generation="316000"
                    bestEnergy="-38.0" averageEnergy="-37.298" worstEnergy="-37.0"
                    bestConformation="Conformation 38.0 -38.0 Flrffrlrlrrlrllffrfllrffrflfllrrllffffrlrfrrlrllflrflrrffrrllrffllrrllrllrfllrrfrlfllrffrflflfffrll"/>
        <trajectory sample="317" generation="317000"
                    bestEnergy="-38.0" averageEnergy="-37.3205" worstEnergy="-27.0"
                    bestConformation="Conformation 38.0 -38.0 Flrffrlrlrrlrllffrfllrffrflfllrrllffffrlrfrrlrllflrflrrffrrllrffllrrllrllrfllrrfrlfllrffrflflfffrll"/>
        <trajectory sample="318" generation="318000"
                    bestEnergy="-38.0" averageEnergy="-37.3429" worstEnergy="-28.0"
                    bestConformation="Conformation 38.0 -38.0 Flrffrlrlrrlrllffrfllrffrflfllrrllffffrlrfrrlrllflrflrrffrrllrffllrrllrllrfllrrfrlfllrffrflflfffrll"/>
        <trajectory sample="319" generation="319000"
                    bestEnergy="-38.0" averageEnergy="-37.3682" worstEnergy="-37.0"
                    bestConformation="Conformation 38.0 -38.0 Flrffrlrlrrlrllffrfllrffrflfllrrllffffrlrfrrlrllflrflrrffrrllrffllrrllrllrfllrrfrlfllrffrflflfffrll"/>
        <trajectory sample="320" generation="320000"
                    bestEnergy="-38.0" averageEnergy="-37.3956" worstEnergy="-37.0"
                    bestConformation="Conformation 38.0 -38.0 Flrffrlrlrrlrllffrfllrffrflfllrrllffffrlrfrrlrllflrflrrffrrllrffllrrllrllrfllrrfrlfllrffrflflfffrll"/>
        <trajectory sample="321" generation="321000"
                    bestEnergy="-38.0" averageEnergy="-37.4202" worstEnergy="-30.0"
                    bestConformation="Conformation 38.0 -38.0 Flrffrlrlrrlrllffrfllrffrflfllrrllffffrlrfrrlrllflrflrrffrrllrffllrrllrllrfllrrfrlfllrffrflflfffrll"/>
        <trajectory sample="322" generation="322000"
                    bestEnergy="-38.0" averageEnergy="-37.4512" worstEnergy="-33.0"
                    bestConformation="Conformation 38.0 -38.0 Flrffrlrlrrlrllffrfllrffrflfllrrllffffrlrfrrlrllflrflrrffrrllrffllrrllrllrfllrrfrlfllrffrflflfffrll"/>
        <trajectory sample="323" generation="323000"
                    bestEnergy="-38.0" averageEnergy="-37.4809" worstEnergy="-29.0"
                    bestConformation="Conformation 38.0 -38.0 Flrffrlrlrrlrllffrfllrffrflfllrrllffffrlrfrrlrllflrflrrffrrllrffllrrllrllrfllrrfrlfllrffrflflfffrll"/>
        <trajectory sample="324" generation="324000"
                    bestEnergy="-38.0" averageEnergy="-37.5108" worstEnergy="-30.0"
                    bestConformation="Conformation 38.0 -38.0 Flrffrlrlrrlrllffrfllrffrflfllrrllffffrlrfrrlrllflrflrrffrrllrffllrrllrllrfllrrfrlfllrffrflflfffrll"/>
        <trajectory sample="325" generation="325000"
                    bestEnergy="-38.0" averageEnergy="-37.5441" worstEnergy="-37.0"
                    bestConformation="Conformation 38.0 -38.0 Flrffrlrlrrlrllffrfllrffrflfllrrllffffrlrfrrlrllflrflrrffrrllrffllrrllrllrfllrrfrlfllrffrflflfffrll"/>
        <trajectory sample="326" generation="326000"
                    bestEnergy="-38.0" averageEnergy="-37.5767" worstEnergy="-31.0"
                    bestConformation="Conformation 38.0 -38.0 Flrffrlrlrrlrllffrfllrffrflfllrrllffffrlrfrrlrllflrflrrffrrllrffllrrllrllrfllrrfrlfllrffrflflfffrll"/>
        <trajectory sample="327" generation="327000"
                    bestEnergy="-38.0" averageEnergy="-37.6152" worstEnergy="-37.0"
                    bestConformation="Conformation 38.0 -38.0 Flrffrlrlrrlrllffrfllrffrflfllrrllffffrlrfrrlrllflrflrrffrrllrffllrrllrllrfllrrfrlfllrffrflflfffrll"/>
        <trajectory sample="328" generation="328000"
                    bestEnergy="-38.0" averageEnergy="-37.6512" worstEnergy="-29.0"
                    bestConformation="Conformation 38.0 -38.0 Flrffrlrlrrlrllffrfllrffrflfllrrllffffrlrfrrlrllflrflrrffrrllrffllrrllrllrfllrrfrlfllrffrflflfffrll"/>
        <trajectory sample="329" generation="329000"
                    bestEnergy="-38.0" averageEnergy="-37.6925" worstEnergy="-37.0"
                    bestConformation="Conformation 38.0 -38.0 Flrffrlrlrrlrllffrfllrffrflfllrrllffffrlrfrrlrllflrflrrffrrllrffllrrllrllrfllrrfrlfllrffrflflfffrll"/>
        <trajectory sample="330" generation="330000"
                    bestEnergy="-38.0" averageEnergy="-37.7299" worstEnergy="-30.0"
                    bestConformation="Conformation 38.0 -38.0 Flrffrlrlrrlrllffrfllrffrflfllrrllffffrlrfrrlrllflrflrrffrrllrffllrrllrllrfllrrfrlfllrffrflflfffrll"/>
        <trajectory sample="331" generation="331000"
                    bestEnergy="-38.0" averageEnergy="-37.7675" worstEnergy="-37.0"
                    bestConformation="Conformation 38.0 -38.0 Flrffrlrlrrlrllffrfllrffrflfllrrllffffrlrfrrlrllflrflrrffrrllrffllrrllrllrfllrrfrlfllrffrflflfffrll"/>
        <trajectory sample="332" generation="332000"
                    bestEnergy="-38.0" averageEnergy="-37.8074" worstEnergy="-37.0"
                    bestConformation="Conformation 38.0 -38.0 Flrffrlrlrrlrllffrfllrffrflfllrrllffffrlrfrrlrllflrflrrffrrllrffllrrllrllrfllrrfrlfllrffrflflfffrll"/>
        <trajectory sample="333" generation="333000"
                    bestEnergy="-38.0" averageEnergy="-37.8464" worstEnergy="-37.0"
                    bestConformation="Conformation 38.0 -38.0 Flrffrlrlrrlrllffrfllrffrflfllrrllffffrlrfrrlrllflrflrrffrrllrffllrrllrllrfllrrfrlfllrffrflflfffrll"/>
        <trajectory sample="334" generation="334000"
                    bestEnergy="-38.0" averageEnergy="-37.891" worstEnergy="-37.0"
                    bestConformation="Conformation 38.0 -38.0 Flrffrlrlrrlrllffrfllrffrflfllrrllffffrlrfrrlrllflrflrrffrrllrffllrrllrllrfllrrfrlfllrffrflflfffrll"/>
        <trajectory sample="335" generation="335000"
                    bestEnergy="-38.0" averageEnergy="-37.9405" worstEnergy="-37.0"
                    bestConformation="Conformation 38.0 -38.0 Flrffrlrlrrlrllffrfllrffrflfllrrllffffrlrfrrlrllflrflrrffrrllrffllrrllrllrfllrrfrlfllrffrflflfffrll"/>
        <trajectory sample="336" generation="336000"
                    bestEnergy="-38.0" averageEnergy="-37.9878" worstEnergy="-34.0"
                    bestConformation="Conformation 38.0 -38.0 Flrffrlrlrrlrllffrfllrffrflfllrrllffffrlrfrrlrllflrflrrffrrllrffllrrllrllrfllrrfrlfllrffrflflfffrll"/>
        <trajectory sample="337" generation="337000"
                    bestEnergy="-38.0" averageEnergy="-38.0" worstEnergy="-38.0"
                    bestConformation="Conformation 38.0 -38.0 Flrffrlrlrrlrllffrfllrffrflfllrrllffffrlrfrrlrllflrflrrffrrllrffllrrllrllrfllrrfrlfllrffrflflfffrll"/>
        <trajectory sample="338" generation="338000"
                    bestEnergy="-38.0" averageEnergy="-37.9995" worstEnergy="-33.0"
                    bestConformation="Conformation 38.0 -38.0 Flrffrlrlrrlrllffrfllrffrflfllrrllffffrlrfrrlrllflrflrrffrrllrffllrrllrllrfllrrfrlfllrffrflflfffrll"/>
        <trajectory sample="339" generation="339000"
                    bestEnergy="-38.0" averageEnergy="-38.0" worstEnergy="-38.0"
                    bestConformation="Conformation 38.0 -38.0 Flrffrlrlrrlrllffrfllrffrflfllrrllffffrlrfrrlrllflrflrrffrrllrffllrrllrllrfllrrfrlfllrffrflflfffrll"/>
        <trajectory sample="340" generation="340000"
                    bestEnergy="-38.0" averageEnergy="-37.9998" worstEnergy="-36.0"
                    bestConformation="Conformation 38.0 -38.0 Flrffrlrlrrlrllffrfllrffrflfllrrllffffrlrfrrlrllflrflrrffrrllrffllrrllrllrfllrrfrlfllrffrflflfffrll"/>
        <trajectory sample="341" generation="341000"
                    bestEnergy="-38.0" averageEnergy="-37.9998" worstEnergy="-36.0"
                    bestConformation="Conformation 38.0 -38.0 Flrffrlrlrrlrllffrfllrffrflfllrrllffffrlrfrrlrllflrflrrffrrllrffllrrllrllrfllrrfrlfllrffrflflfffrll"/>
        <trajectory sample="342" generation="342000"
                    bestEnergy="-38.0" averageEnergy="-38.0" worstEnergy="-38.0"
                    bestConformation="Conformation 38.0 -38.0 Flrffrlrlrrlrllffrfllrffrflfllrrllffffrlrfrrlrllflrflrrffrrllrffllrrllrllrfllrrfrlfllrffrflflfffrll"/>
        <trajectory sample="343" generation="343000"
                    bestEnergy="-38.0" averageEnergy="-37.9992" worstEnergy="-30.0"
                    bestConformation="Conformation 38.0 -38.0 Flrffrlrlrrlrllffrfllrffrflfllrrllffffrlrfrrlrllflrflrrffrrllrffllrrllrllrfllrrfrlfllrffrflflfffrll"/>
        <trajectory sample="344" generation="344000"
                    bestEnergy="-38.0" averageEnergy="-37.9996" worstEnergy="-34.0"
                    bestConformation="Conformation 38.0 -38.0 Flrffrlrlrrlrllffrfllrffrflfllrrllffffrlrfrrlrllflrflrrffrrllrffllrrllrllrfllrrfrlfllrffrflflfffrll"/>
        <trajectory sample="345" generation="345000"
                    bestEnergy="-38.0" averageEnergy="-37.9994" worstEnergy="-32.0"
                    bestConformation="Conformation 38.0 -38.0 Flrffrlrlrrlrllffrfllrffrflfllrrllffffrlrfrrlrllflrflrrffrrllrffllrrllrllrfllrrfrlfllrffrflflfffrll"/>
        <trajectory sample="346" generation="346000"
                    bestEnergy="-38.0" averageEnergy="-37.9992" worstEnergy="-30.0"
                    bestConformation="Conformation 38.0 -38.0 Flrffrlrlrrlrllffrfllrffrflfllrrllffffrlrfrrlrllflrflrrffrrllrffllrrllrllrfllrrfrlfllrffrflflfffrll"/>
        <trajectory sample="347" generation="347000"
                    bestEnergy="-38.0" averageEnergy="-38.0" worstEnergy="-38.0"
                    bestConformation="Conformation 38.0 -38.0 Flrffrlrlrrlrllffrfllrffrflfllrrllffffrlrfrrlrllflrflrrffrrllrffllrrllrllrfllrrfrlfllrffrflflfffrll"/>
        <trajectory sample="348" generation="348000"
                    bestEnergy="-38.0" averageEnergy="-38.0" worstEnergy="-38.0"
                    bestConformation="Conformation 38.0 -38.0 Flrffrlrlrrlrllffrfllrffrflfllrrllffffrlrfrrlrllflrflrrffrrllrffllrrllrllrfllrrfrlfllrffrflflfffrll"/>
        <trajectory sample="349" generation="349000"
                    bestEnergy="-38.0" averageEnergy="-38.0" worstEnergy="-38.0"
                    bestConformation="Conformation 38.0 -38.0 Flrffrlrlrrlrllffrfllrffrflfllrrllffffrlrfrrlrllflrflrrffrrllrffllrrllrllrfllrrfrlfllrffrflflfffrll"/>
        <trajectory sample="350" generation="350000"
                    bestEnergy="-38.0" averageEnergy="-37.9992" worstEnergy="-30.0"
                    bestConformation="Conformation 38.0 -38.0 Flrffrlrlrrlrllffrfllrffrflfllrrllffffrlrfrrlrllflrflrrffrrllrffllrrllrllrfllrrfrlfllrffrflflfffrll"/>
        <trajectory sample="351" generation="351000"
                    bestEnergy="-38.0" averageEnergy="-38.0" worstEnergy="-38.0"
                    bestConformation="Conformation 38.0 -38.0 Flrffrlrlrrlrllffrfllrffrflfllrrllffffrlrfrrlrllflrflrrffrrllrffllrrllrllrfllrrfrlfllrffrflflfffrll"/>
        <trajectory sample="352" generation="352000"
                    bestEnergy="-38.0" averageEnergy="-38.0" worstEnergy="-38.0"
                    bestConformation="Conformation 38.0 -38.0 Flrffrlrlrrlrllffrfllrffrflfllrrllffffrlrfrrlrllflrflrrffrrllrffllrrllrllrfllrrfrlfllrffrflflfffrll"/>
        <trajectory sample="353" generation="353000"
                    bestEnergy="-38.0" averageEnergy="-38.0" worstEnergy="-38.0"
                    bestConformation="Conformation 38.0 -38.0 Flrffrlrlrrlrllffrfllrffrflfllrrllffffrlrfrrlrllflrflrrffrrllrffllrrllrllrfllrrfrlfllrffrflflfffrll"/>
        <trajectory sample="354" generation="354000"
                    bestEnergy="-38.0" averageEnergy="-37.9995" worstEnergy="-33.0"
                    bestConformation="Conformation 38.0 -38.0 Flrffrlrlrrlrllffrfllrffrflfllrrllffffrlrfrrlrllflrflrrffrrllrffllrrllrllrfllrrfrlfllrffrflflfffrll"/>
        <trajectory sample="355" generation="355000"
                    bestEnergy="-38.0" averageEnergy="-38.0" worstEnergy="-38.0"
                    bestConformation="Conformation 38.0 -38.0 Flrffrlrlrrlrllffrfllrffrflfllrrllffffrlrfrrlrllflrflrrffrrllrffllrrllrllrfllrrfrlfllrffrflflfffrll"/>
        <trajectory sample="356" generation="356000"
                    bestEnergy="-38.0" averageEnergy="-37.999" worstEnergy="-28.0"
                    bestConformation="Conformation 38.0 -38.0 Flrffrlrlrrlrllffrfllrffrflfllrrllffffrlrfrrlrllflrflrrffrrllrffllrrllrllrfllrrfrlfllrffrflflfffrll"/>
        <trajectory sample="357" generation="357000"
                    bestEnergy="-38.0" averageEnergy="-38.0" worstEnergy="-38.0"
                    bestConformation="Conformation 38.0 -38.0 Flrffrlrlrrlrllffrfllrffrflfllrrllffffrlrfrrlrllflrflrrffrrllrffllrrllrllrfllrrfrlfllrffrflflfffrll"/>
        <trajectory sample="358" generation="358000"
                    bestEnergy="-38.0" averageEnergy="-38.0" worstEnergy="-38.0"
                    bestConformation="Conformation 38.0 -38.0 Flrffrlrlrrlrllffrfllrffrflfllrrllffffrlrfrrlrllflrflrrffrrllrffllrrllrllrfllrrfrlfllrffrflflfffrll"/>
        <trajectory sample="359" generation="359000"
                    bestEnergy="-38.0" averageEnergy="-38.0" worstEnergy="-38.0"
                    bestConformation="Conformation 38.0 -38.0 Flrffrlrlrrlrllffrfllrffrflfllrrllffffrlrfrrlrllflrflrrffrrllrffllrrllrllrfllrrfrlfllrffrflflfffrll"/>
        <trajectory sample="360" generation="360000"
                    bestEnergy="-38.0" averageEnergy="-37.9993" worstEnergy="-31.0"
                    bestConformation="Conformation 38.0 -38.0 Flrffrlrlrrlrllffrfllrffrflfllrrllffffrlrfrrlrllflrflrrffrrllrffllrrllrllrfllrrfrlfllrffrflflfffrll"/>
        <trajectory sample="361" generation="361000"
                    bestEnergy="-38.0" averageEnergy="-38.0" worstEnergy="-38.0"
                    bestConformation="Conformation 38.0 -38.0 Flrffrlrlrrlrllffrfllrffrflfllrrllffffrlrfrrlrllflrflrrffrrllrffllrrllrllrfllrrfrlfllrffrflflfffrll"/>
        <trajectory sample="362" generation="362000"
                    bestEnergy="-38.0" averageEnergy="-38.0" worstEnergy="-38.0"
                    bestConformation="Conformation 38.0 -38.0 Flrffrlrlrrlrllffrfllrffrflfllrrllffffrlrfrrlrllflrflrrffrrllrffllrrllrllrfllrrfrlfllrffrflflfffrll"/>
        <trajectory sample="363" generation="363000"
                    bestEnergy="-38.0" averageEnergy="-38.0" worstEnergy="-38.0"
                    bestConformation="Conformation 38.0 -38.0 Flrffrlrlrrlrllffrfllrffrflfllrrllffffrlrfrrlrllflrflrrffrrllrffllrrllrllrfllrrfrlfllrffrflflfffrll"/>
        <trajectory sample="364" generation="364000"
                    bestEnergy="-38.0" averageEnergy="-37.9991" worstEnergy="-29.0"
                    bestConformation="Conformation 38.0 -38.0 Flrffrlrlrrlrllffrfllrffrflfllrrllffffrlrfrrlrllflrflrrffrrllrffllrrllrllrfllrrfrlfllrffrflflfffrll"/>
        <trajectory sample="365" generation="365000"
                    bestEnergy="-38.0" averageEnergy="-37.999" worstEnergy="-28.0"
                    bestConformation="Conformation 38.0 -38.0 Flrffrlrlrrlrllffrfllrffrflfllrrllffffrlrfrrlrllflrflrrffrrllrffllrrllrllrfllrrfrlfllrffrflflfffrll"/>
        <trajectory sample="366" generation="366000"
                    bestEnergy="-38.0" averageEnergy="-38.0" worstEnergy="-38.0"
                    bestConformation="Conformation 38.0 -38.0 Flrffrlrlrrlrllffrfllrffrflfllrrllffffrlrfrrlrllflrflrrffrrllrffllrrllrllrfllrrfrlfllrffrflflfffrll"/>
        <trajectory sample="367" generation="367000"
                    bestEnergy="-38.0" averageEnergy="-38.0" worstEnergy="-38.0"
                    bestConformation="Conformation 38.0 -38.0 Flrffrlrlrrlrllffrfllrffrflfllrrllffffrlrfrrlrllflrflrrffrrllrffllrrllrllrfllrrfrlfllrffrflflfffrll"/>
        <trajectory sample="368" generation="368000"
                    bestEnergy="-38.0" averageEnergy="-37.999" worstEnergy="-28.0"
                    bestConformation="Conformation 38.0 -38.0 Flrffrlrlrrlrllffrfllrffrflfllrrllffffrlrfrrlrllflrflrrffrrllrffllrrllrllrfllrrfrlfllrffrflflfffrll"/>
        <trajectory sample="369" generation="369000"
                    bestEnergy="-38.0" averageEnergy="-38.0" worstEnergy="-38.0"
                    bestConformation="Conformation 38.0 -38.0 Flrffrlrlrrlrllffrfllrffrflfllrrllffffrlrfrrlrllflrflrrffrrllrffllrrllrllrfllrrfrlfllrffrflflfffrll"/>
        <trajectory sample="370" generation="370000"
                    bestEnergy="-38.0" averageEnergy="-37.9993" worstEnergy="-31.0"
                    bestConformation="Conformation 38.0 -38.0 Flrffrlrlrrlrllffrfllrffrflfllrrllffffrlrfrrlrllflrflrrffrrllrffllrrllrllrfllrrfrlfllrffrflflfffrll"/>
        <trajectory sample="371" generation="371000"
                    bestEnergy="-38.0" averageEnergy="-37.9992" worstEnergy="-30.0"
                    bestConformation="Conformation 38.0 -38.0 Flrffrlrlrrlrllffrfllrffrflfllrrllffffrlrfrrlrllflrflrrffrrllrffllrrllrllrfllrrfrlfllrffrflflfffrll"/>
        <trajectory sample="372" generation="372000"
                    bestEnergy="-38.0" averageEnergy="-37.9992" worstEnergy="-30.0"
                    bestConformation="Conformation 38.0 -38.0 Flrffrlrlrrlrllffrfllrffrflfllrrllffffrlrfrrlrllflrflrrffrrllrffllrrllrllrfllrrfrlfllrffrflflfffrll"/>
        <trajectory sample="373" generation="373000"
                    bestEnergy="-38.0" averageEnergy="-37.9989" worstEnergy="-27.0"
                    bestConformation="Conformation 38.0 -38.0 Flrffrlrlrrlrllffrfllrffrflfllrrllffffrlrfrrlrllflrflrrffrrllrffllrrllrllrfllrrfrlfllrffrflflfffrll"/>
        <trajectory sample="374" generation="374000"
                    bestEnergy="-38.0" averageEnergy="-38.0" worstEnergy="-38.0"
                    bestConformation="Conformation 38.0 -38.0 Flrffrlrlrrlrllffrfllrffrflfllrrllffffrlrfrrlrllflrflrrffrrllrffllrrllrllrfllrrfrlfllrffrflflfffrll"/>
        <trajectory sample="375" generation="375000"
                    bestEnergy="-38.0" averageEnergy="-37.9995" worstEnergy="-33.0"
                    bestConformation="Conformation 38.0 -38.0 Flrffrlrlrrlrllffrfllrffrflfllrrllffffrlrfrrlrllflrflrrffrrllrffllrrllrllrfllrrfrlfllrffrflflfffrll"/>
        <trajectory sample="376" generation="376000"
                    bestEnergy="-38.0" averageEnergy="-38.0" worstEnergy="-38.0"
                    bestConformation="Conformation 38.0 -38.0 Flrffrlrlrrlrllffrfllrffrflfllrrllffffrlrfrrlrllflrflrrffrrllrffllrrllrllrfllrrfrlfllrffrflflfffrll"/>
        <trajectory sample="377" generation="377000"
                    bestEnergy="-38.0" averageEnergy="-37.9992" worstEnergy="-30.0"
                    bestConformation="Conformation 38.0 -38.0 Flrffrlrlrrlrllffrfllrffrflfllrrllffffrlrfrrlrllflrflrrffrrllrffllrrllrllrfllrrfrlfllrffrflflfffrll"/>
        <trajectory sample="378" generation="378000"
                    bestEnergy="-38.0" averageEnergy="-38.0" worstEnergy="-38.0"
                    bestConformation="Conformation 38.0 -38.0 Flrffrlrlrrlrllffrfllrffrflfllrrllffffrlrfrrlrllflrflrrffrrllrffllrrllrllrfllrrfrlfllrffrflflfffrll"/>
        <trajectory sample="379" generation="379000"
                    bestEnergy="-38.0" averageEnergy="-37.999" worstEnergy="-28.0"
                    bestConformation="Conformation 38.0 -38.0 Flrffrlrlrrlrllffrfllrffrflfllrrllffffrlrfrrlrllflrflrrffrrllrffllrrllrllrfllrrfrlfllrffrflflfffrll"/>
        <trajectory sample="380" generation="380000"
                    bestEnergy="-38.0" averageEnergy="-37.9992" worstEnergy="-30.0"
                    bestConformation="Conformation 38.0 -38.0 Flrffrlrlrrlrllffrfllrffrflfllrrllffffrlrfrrlrllflrflrrffrrllrffllrrllrllrfllrrfrlfllrffrflflfffrll"/>
        <trajectory sample="381" generation="381000"
                    bestEnergy="-38.0" averageEnergy="-38.0" worstEnergy="-38.0"
                    bestConformation="Conformation 38.0 -38.0 Flrffrlrlrrlrllffrfllrffrflfllrrllffffrlrfrrlrllflrflrrffrrllrffllrrllrllrfllrrfrlfllrffrflflfffrll"/>
        <trajectory sample="382" generation="382000"
                    bestEnergy="-38.0" averageEnergy="-38.0" worstEnergy="-38.0"
                    bestConformation="Conformation 38.0 -38.0 Flrffrlrlrrlrllffrfllrffrflfllrrllffffrlrfrrlrllflrflrrffrrllrffllrrllrllrfllrrfrlfllrffrflflfffrll"/>
        <trajectory sample="383" generation="383000"
                    bestEnergy="-38.0" averageEnergy="-37.999" worstEnergy="-28.0"
                    bestConformation="Conformation 38.0 -38.0 Flrffrlrlrrlrllffrfllrffrflfllrrllffffrlrfrrlrllflrflrrffrrllrffllrrllrllrfllrrfrlfllrffrflflfffrll"/>
        <trajectory sample="384" generation="384000"
                    bestEnergy="-38.0" averageEnergy="-37.9991" worstEnergy="-29.0"
                    bestConformation="Conformation 38.0 -38.0 Flrffrlrlrrlrllffrfllrffrflfllrrllffffrlrfrrlrllflrflrrffrrllrffllrrllrllrfllrrfrlfllrffrflflfffrll"/>
        <trajectory sample="385" generation="385000"
                    bestEnergy="-38.0" averageEnergy="-38.0" worstEnergy="-38.0"
                    bestConformation="Conformation 38.0 -38.0 Flrffrlrlrrlrllffrfllrffrflfllrrllffffrlrfrrlrllflrflrrffrrllrffllrrllrllrfllrrfrlfllrffrflflfffrll"/>
        <trajectory sample="386" generation="386000"
                    bestEnergy="-38.0" averageEnergy="-37.9991" worstEnergy="-29.0"
                    bestConformation="Conformation 38.0 -38.0 Flrffrlrlrrlrllffrfllrffrflfllrrllffffrlrfrrlrllflrflrrffrrllrffllrrllrllrfllrrfrlfllrffrflflfffrll"/>
        <trajectory sample="387" generation="387000"
                    bestEnergy="-38.0" averageEnergy="-38.0" worstEnergy="-38.0"
                    bestConformation="Conformation 38.0 -38.0 Flrffrlrlrrlrllffrfllrffrflfllrrllffffrlrfrrlrllflrflrrffrrllrffllrrllrllrfllrrfrlfllrffrflflfffrll"/>
        <trajectory sample="388" generation="388000"
                    bestEnergy="-38.0" averageEnergy="-38.0" worstEnergy="-38.0"
                    bestConformation="Conformation 38.0 -38.0 Flrffrlrlrrlrllffrfllrffrflfllrrllffffrlrfrrlrllflrflrrffrrllrffllrrllrllrfllrrfrlfllrffrflflfffrll"/>
        <trajectory sample="389" generation="389000"
                    bestEnergy="-38.0" averageEnergy="-37.9994" worstEnergy="-32.0"
                    bestConformation="Conformation 38.0 -38.0 Flrffrlrlrrlrllffrfllrffrflfllrrllffffrlrfrrlrllflrflrrffrrllrffllrrllrllrfllrrfrlfllrffrflflfffrll"/>
        <trajectory sample="390" generation="390000"
                    bestEnergy="-38.0" averageEnergy="-37.9996" worstEnergy="-34.0"
                    bestConformation="Conformation 38.0 -38.0 Flrffrlrlrrlrllffrfllrffrflfllrrllffffrlrfrrlrllflrflrrffrrllrffllrrllrllrfllrrfrlfllrffrflflfffrll"/>
        <trajectory sample="391" generation="391000"
                    bestEnergy="-38.0" averageEnergy="-38.0" worstEnergy="-38.0"
                    bestConformation="Conformation 38.0 -38.0 Flrffrlrlrrlrllffrfllrffrflfllrrllffffrlrfrrlrllflrflrrffrrllrffllrrllrllrfllrrfrlfllrffrflflfffrll"/>
        <trajectory sample="392" generation="392000"
                    bestEnergy="-38.0" averageEnergy="-38.0" worstEnergy="-38.0"
                    bestConformation="Conformation 38.0 -38.0 Flrffrlrlrrlrllffrfllrffrflfllrrllffffrlrfrrlrllflrflrrffrrllrffllrrllrllrfllrrfrlfllrffrflflfffrll"/>
        <trajectory sample="393" generation="393000"
                    bestEnergy="-38.0" averageEnergy="-37.9996" worstEnergy="-34.0"
                    bestConformation="Conformation 38.0 -38.0 Flrffrlrlrrlrllffrfllrffrflfllrrllffffrlrfrrlrllflrflrrffrrllrffllrrllrllrfllrrfrlfllrffrflflfffrll"/>
        <trajectory sample="394" generation="394000"
                    bestEnergy="-38.0" averageEnergy="-38.0" worstEnergy="-38.0"
                    bestConformation="Conformation 38.0 -38.0 Flrffrlrlrrlrllffrfllrffrflfllrrllffffrlrfrrlrllflrflrrffrrllrffllrrllrllrfllrrfrlfllrffrflflfffrll"/>
        <trajectory sample="395" generation="395000"
                    bestEnergy="-38.0" averageEnergy="-38.0" worstEnergy="-38.0"
                    bestConformation="Conformation 38.0 -38.0 Flrffrlrlrrlrllffrfllrffrflfllrrllffffrlrfrrlrllflrflrrffrrllrffllrrllrllrfllrrfrlfllrffrflflfffrll"/>
        <trajectory sample="396" generation="396000"
                    bestEnergy="-38.0" averageEnergy="-37.9992" worstEnergy="-30.0"
                    bestConformation="Conformation 38.0 -38.0 Flrffrlrlrrlrllffrfllrffrflfllrrllffffrlrfrrlrllflrflrrffrrllrffllrrllrllrfllrrfrlfllrffrflflfffrll"/>
        <trajectory sample="397" generation="397000"
                    bestEnergy="-38.0" averageEnergy="-37.9994" worstEnergy="-32.0"
                    bestConformation="Conformation 38.0 -38.0 Flrffrlrlrrlrllffrfllrffrflfllrrllffffrlrfrrlrllflrflrrffrrllrffllrrllrllrfllrrfrlfllrffrflflfffrll"/>
        <trajectory sample="398" generation="398000"
                    bestEnergy="-38.0" averageEnergy="-37.9998" worstEnergy="-36.0"
                    bestConformation="Conformation 38.0 -38.0 Flrffrlrlrrlrllffrfllrffrflfllrrllffffrlrfrrlrllflrflrrffrrllrffllrrllrllrfllrrfrlfllrffrflflfffrll"/>
        <trajectory sample="399" generation="399000"
                    bestEnergy="-38.0" averageEnergy="-37.9996" worstEnergy="-34.0"
                    bestConformation="Conformation 38.0 -38.0 Flrffrlrlrrlrllffrfllrffrflfllrrllffffrlrfrrlrllflrflrrffrrllrffllrrllrllrfllrrfrlfllrffrflflfffrll"/>
        <trajectory sample="400" generation="400000"
                    bestEnergy="-38.0" averageEnergy="-37.9992" worstEnergy="-30.0"
                    bestConformation="Conformation 38.0 -38.0 Flrffrlrlrrlrllffrfllrffrflfllrrllffffrlrfrrlrllflrflrrffrrllrffllrrllrllrfllrrfrlfllrffrflflfffrll"/>
    </run>
    <run number="2" numberOfGenerations="400001" populationSize="10000">
        <trajectory sample="0" generation="0"
                    bestEnergy="-26.0" averageEnergy="-10.745" worstEnergy="-1.0"
                    bestConformation="Conformation 41.0 -41.0 Flfrlfllrffrlrfrrlrllrflffrlflfrfllfflrrllrrfrlfrfrrllfffllfrrffffflrllrllfrfffrrfllfflfrrffllrllrr"/>
        <trajectory sample="1" generation="1000"
                    bestEnergy="-26.0" averageEnergy="-11.4272" worstEnergy="-6.0"
                    bestConformation="Conformation 41.0 -41.0 Flfrlfllrffrlrfrrlrllrflffrlflfrfllfflrrllrrfrlfrfrrllfffllfrrffffflrllrllfrfffrrfllfflfrrffllrllrr"/>
        <trajectory sample="2" generation="2000"
                    bestEnergy="-26.0" averageEnergy="-11.9627" worstEnergy="-7.0"
                    bestConformation="Conformation 41.0 -41.0 Flfrlfllrffrlrfrrlrllrflffrlflfrfllfflrrllrrfrlfrfrrllfffllfrrffffflrllrllfrfffrrfllfflfrrffllrllrr"/>
        <trajectory sample="3" generation="3000"
                    bestEnergy="-26.0" averageEnergy="-12.4267" worstEnergy="-8.0"
                    bestConformation="Conformation 41.0 -41.0 Flfrlfllrffrlrfrrlrllrflffrlflfrfllfflrrllrrfrlfrfrrllfffllfrrffffflrllrllfrfffrrfllfflfrrffllrllrr"/>
        <trajectory sample="4" generation="4000"
                    bestEnergy="-26.0" averageEnergy="-12.8567" worstEnergy="-9.0"
                    bestConformation="Conformation 41.0 -41.0 Flfrlfllrffrlrfrrlrllrflffrlflfrfllfflrrllrrfrlfrfrrllfffllfrrffffflrllrllfrfffrrfllfflfrrffllrllrr"/>
        <trajectory sample="5" generation="5000"
                    bestEnergy="-26.0" averageEnergy="-13.2594" worstEnergy="-10.0"
                    bestConformation="Conformation 41.0 -41.0 Flfrlfllrffrlrfrrlrllrflffrlflfrfllfflrrllrrfrlfrfrrllfffllfrrffffflrllrllfrfffrrfllfflfrrffllrllrr"/>
        <trajectory sample="6" generation="6000"
                    bestEnergy="-26.0" averageEnergy="-13.6256" worstEnergy="-10.0"
                    bestConformation="Conformation 41.0 -41.0 Flfrlfllrffrlrfrrlrllrflffrlflfrfllfflrrllrrfrlfrfrrllfffllfrrffffflrllrllfrfffrrfllfflfrrffllrllrr"/>
        <trajectory sample="7" generation="7000"
                    bestEnergy="-26.0" averageEnergy="-13.9923" worstEnergy="-11.0"
                    bestConformation="Conformation 41.0 -41.0 Flfrlfllrffrlrfrrlrllrflffrlflfrfllfflrrllrrfrlfrfrrllfffllfrrffffflrllrllfrfffrrfllfflfrrffllrllrr"/>
        <trajectory sample="8" generation="8000"
                    bestEnergy="-26.0" averageEnergy="-14.3323" worstEnergy="-11.0"
                    bestConformation="Conformation 41.0 -41.0 Flfrlfllrffrlrfrrlrllrflffrlflfrfllfflrrllrrfrlfrfrrllfffllfrrffffflrllrllfrfffrrfllfflfrrffllrllrr"/>
        <trajectory sample="9" generation="9000"
                    bestEnergy="-26.0" averageEnergy="-14.6644" worstEnergy="-10.0"
                    bestConformation="Conformation 41.0 -41.0 Flfrlfllrffrlrfrrlrllrflffrlflfrfllfflrrllrrfrlfrfrrllfffllfrrffffflrllrllfrfffrrfllfflfrrffllrllrr"/>
        <trajectory sample="10" generation="10000"
                    bestEnergy="-26.0" averageEnergy="-14.9543" worstEnergy="-8.0"
                    bestConformation="Conformation 41.0 -41.0 Flfrlfllrffrlrfrrlrllrflffrlflfrfllfflrrllrrfrlfrfrrllfffllfrrffffflrllrllfrfffrrfllfflfrrffllrllrr"/>
        <trajectory sample="11" generation="11000"
                    bestEnergy="-26.0" averageEnergy="-15.2713" worstEnergy="-12.0"
                    bestConformation="Conformation 41.0 -41.0 Flfrlfllrffrlrfrrlrllrflffrlflfrfllfflrrllrrfrlfrfrrllfffllfrrffffflrllrllfrfffrrfllfflfrrffllrllrr"/>
        <trajectory sample="12" generation="12000"
                    bestEnergy="-26.0" averageEnergy="-15.56" worstEnergy="-13.0"
                    bestConformation="Conformation 41.0 -41.0 Flfrlfllrffrlrfrrlrllrflffrlflfrfllfflrrllrrfrlfrfrrllfffllfrrffffflrllrllfrfffrrfllfflfrrffllrllrr"/>
        <trajectory sample="13" generation="13000"
                    bestEnergy="-26.0" averageEnergy="-15.838" worstEnergy="-13.0"
                    bestConformation="Conformation 41.0 -41.0 Flfrlfllrffrlrfrrlrllrflffrlflfrfllfflrrllrrfrlfrfrrllfffllfrrffffflrllrllfrfffrrfllfflfrrffllrllrr"/>
        <trajectory sample="14" generation="14000"
                    bestEnergy="-26.0" averageEnergy="-16.1314" worstEnergy="-13.0"
                    bestConformation="Conformation 41.0 -41.0 Flfrlfllrffrlrfrrlrllrflffrlflfrfllfflrrllrrfrlfrfrrllfffllfrrffffflrllrllfrfffrrfllfflfrrffllrllrr"/>
        <trajectory sample="15" generation="15000"
                    bestEnergy="-26.0" averageEnergy="-16.3807" worstEnergy="-13.0"
                    bestConformation="Conformation 41.0 -41.0 Flfrlfllrffrlrfrrlrllrflffrlflfrfllfflrrllrrfrlfrfrrllfffllfrrffffflrllrllfrfffrrfllfflfrrffllrllrr"/>
        <trajectory sample="16" generation="16000"
                    bestEnergy="-26.0" averageEnergy="-16.6374" worstEnergy="-14.0"
                    bestConformation="Conformation 41.0 -41.0 Flfrlfllrffrlrfrrlrllrflffrlflfrfllfflrrllrrfrlfrfrrllfffllfrrffffflrllrllfrfffrrfllfflfrrffllrllrr"/>
        <trajectory sample="17" generation="17000"
                    bestEnergy="-26.0" averageEnergy="-16.923" worstEnergy="-14.0"
                    bestConformation="Conformation 41.0 -41.0 Flfrlfllrffrlrfrrlrllrflffrlflfrfllfflrrllrrfrlfrfrrllfffllfrrffffflrllrllfrfffrrfllfflfrrffllrllrr"/>
        <trajectory sample="18" generation="18000"
                    bestEnergy="-26.0" averageEnergy="-17.1498" worstEnergy="-15.0"
                    bestConformation="Conformation 41.0 -41.0 Flfrlfllrffrlrfrrlrllrflffrlflfrfllfflrrllrrfrlfrfrrllfffllfrrffffflrllrllfrfffrrfllfflfrrffllrllrr"/>
        <trajectory sample="19" generation="19000"
                    bestEnergy="-27.0" averageEnergy="-17.3885" worstEnergy="-15.0"
                    bestConformation="Conformation 41.0 -41.0 Flfrlflrllfrfrrlfrllffrrllffflfrfllfflfrrflfrrlfrfrrllfffllfrrffffflrllrllfrfffrrfllfflfrrfflflflrr"/>
        <trajectory sample="20" generation="20000"
                    bestEnergy="-27.0" averageEnergy="-17.6141" worstEnergy="-15.0"
                    bestConformation="Conformation 41.0 -41.0 Flfrlflrllfrfrrlfrllffrrllffflfrfllfflfrrflfrrlfrfrrllfffllfrrffffflrllrllfrfffrrfllfflfrrfflflflrr"/>
        <trajectory sample="21" generation="21000"
                    bestEnergy="-27.0" averageEnergy="-17.8589" worstEnergy="-13.0"
                    bestConformation="Conformation 41.0 -41.0 Flfrlflrllfrfrrlfrllffrrllffflfrfllfflfrrflfrrlfrfrrllfffllfrrffffflrllrllfrfffrrfllfflfrrfflflflrr"/>
        <trajectory sample="22" generation="22000"
                    bestEnergy="-27.0" averageEnergy="-18.0576" worstEnergy="-16.0"
                    bestConformation="Conformation 41.0 -41.0 Flfrlflrllfrfrrlfrllffrrllffflfrfllfflfrrflfrrlfrfrrllfffllfrrffffflrllrllfrfffrrfllfflfrrfflflflrr"/>
        <trajectory sample="23" generation="23000"
                    bestEnergy="-27.0" averageEnergy="-18.2634" worstEnergy="-16.0"
                    bestConformation="Conformation 41.0 -41.0 Flfrlflrllfrfrrlfrllffrrllffflfrfllfflfrrflfrrlfrfrrllfffllfrrffffflrllrllfrfffrrfllfflfrrfflflflrr"/>
        <trajectory sample="24" generation="24000"
                    bestEnergy="-27.0" averageEnergy="-18.4921" worstEnergy="-16.0"
                    bestConformation="Conformation 41.0 -41.0 Flfrlflrllfrfrrlfrllffrrllffflfrfllfflfrrflfrrlfrfrrllfffllfrrffffflrllrllfrfffrrfllfflfrrfflflflrr"/>
        <trajectory sample="25" generation="25000"
                    bestEnergy="-27.0" averageEnergy="-18.7164" worstEnergy="-17.0"
                    bestConformation="Conformation 41.0 -41.0 Flfrlflrllfrfrrlfrllffrrllffflfrfllfflfrrflfrrlfrfrrllfffllfrrffffflrllrllfrfffrrfllfflfrrfflflflrr"/>
        <trajectory sample="26" generation="26000"
                    bestEnergy="-27.0" averageEnergy="-18.8929" worstEnergy="-17.0"
                    bestConformation="Conformation 41.0 -41.0 Flfrlflrllfrfrrlfrllffrrllffflfrfllfflfrrflfrrlfrfrrllfffllfrrffffflrllrllfrfffrrfllfflfrrfflflflrr"/>
        <trajectory sample="27" generation="27000"
                    bestEnergy="-27.0" averageEnergy="-19.0796" worstEnergy="-13.0"
                    bestConformation="Conformation 41.0 -41.0 Flfrlflrllfrfrrlfrllffrrllffflfrfllfflfrrflfrrlfrfrrllfffllfrrffffflrllrllfrfffrrfllfflfrrfflflflrr"/>
        <trajectory sample="28" generation="28000"
                    bestEnergy="-27.0" averageEnergy="-19.2739" worstEnergy="-17.0"
                    bestConformation="Conformation 41.0 -41.0 Flfrlflrllfrfrrlfrllffrrllffflfrfllfflfrrflfrrlfrfrrllfffllfrrffffflrllrllfrfffrrfllfflfrrfflflflrr"/>
        <trajectory sample="29" generation="29000"
                    bestEnergy="-27.0" averageEnergy="-19.4841" worstEnergy="-18.0"
                    bestConformation="Conformation 41.0 -41.0 Flfrlflrllfrfrrlfrllffrrllffflfrfllfflfrrflfrrlfrfrrllfffllfrrffffflrllrllfrfffrrfllfflfrrfflflflrr"/>
        <trajectory sample="30" generation="30000"
                    bestEnergy="-27.0" averageEnergy="-19.6232" worstEnergy="-16.0"
                    bestConformation="Conformation 41.0 -41.0 Flfrlflrllfrfrrlfrllffrrllffflfrfllfflfrrflfrrlfrfrrllfffllfrrffffflrllrllfrfffrrfllfflfrrfflflflrr"/>
        <trajectory sample="31" generation="31000"
                    bestEnergy="-27.0" averageEnergy="-19.7638" worstEnergy="-18.0"
                    bestConformation="Conformation 41.0 -41.0 Flfrlflrllfrfrrlfrllffrrllffflfrfllfflfrrflfrrlfrfrrllfffllfrrffffflrllrllfrfffrrfllfflfrrfflflflrr"/>
        <trajectory sample="32" generation="32000"
                    bestEnergy="-27.0" averageEnergy="-19.9329" worstEnergy="-18.0"
                    bestConformation="Conformation 41.0 -41.0 Flfrlflrllfrfrrlfrllffrrllffflfrfllfflfrrflfrrlfrfrrllfffllfrrffffflrllrllfrfffrrfllfflfrrfflflflrr"/>
        <trajectory sample="33" generation="33000"
                    bestEnergy="-27.0" averageEnergy="-20.1044" worstEnergy="-9.0"
                    bestConformation="Conformation 41.0 -41.0 Flfrlflrllfrfrrlfrllffrrllffflfrfllfflfrrflfrrlfrfrrllfffllfrrffffflrllrllfrfffrrfllfflfrrfflflflrr"/>
        <trajectory sample="34" generation="34000"
                    bestEnergy="-27.0" averageEnergy="-20.2941" worstEnergy="-18.0"
                    bestConformation="Conformation 41.0 -41.0 Flfrlflrllfrfrrlfrllffrrllffflfrfllfflfrrflfrrlfrfrrllfffllfrrffffflrllrllfrfffrrfllfflfrrfflflflrr"/>
        <trajectory sample="35" generation="35000"
                    bestEnergy="-27.0" averageEnergy="-20.4208" worstEnergy="-19.0"
                    bestConformation="Conformation 41.0 -41.0 Flfrlflrllfrfrrlfrllffrrllffflfrfllfflfrrflfrrlfrfrrllfffllfrrffffflrllrllfrfffrrfllfflfrrfflflflrr"/>
        <trajectory sample="36" generation="36000"
                    bestEnergy="-27.0" averageEnergy="-20.551" worstEnergy="-19.0"
                    bestConformation="Conformation 41.0 -41.0 Flfrlflrllfrfrrlfrllffrrllffflfrfllfflfrrflfrrlfrfrrllfffllfrrffffflrllrllfrfffrrfllfflfrrfflflflrr"/>
        <trajectory sample="37" generation="37000"
                    bestEnergy="-29.0" averageEnergy="-20.7045" worstEnergy="-19.0"
                    bestConformation="Conformation 41.0 -41.0 Flffrllfrlfrfrrlfrllffrrllffflfrfllfflfrrflfrrlfrfrrllfffllfrrffffflrllrllfrfffrrfllfflfrrffllrllrr"/>
        <trajectory sample="38" generation="38000"
                    bestEnergy="-29.0" averageEnergy="-20.8607" worstEnergy="-18.0"
                    bestConformation="Conformation 41.0 -41.0 Flffrllfrlfrfrrlfrllffrrllffflfrfllfflfrrflfrrlfrfrrllfffllfrrffffflrllrllfrfffrrfllfflfrrffllrllrr"/>
        <trajectory sample="39" generation="39000"
                    bestEnergy="-29.0" averageEnergy="-21.0251" worstEnergy="-19.0"
                    bestConformation="Conformation 41.0 -41.0 Flffrllfrlfrfrrlfrllffrrllffflfrfllfflfrrflfrrlfrfrrllfffllfrrffffflrllrllfrfffrrfllfflfrrffllrllrr"/>
        <trajectory sample="40" generation="40000"
                    bestEnergy="-29.0" averageEnergy="-21.194" worstEnergy="-20.0"
                    bestConformation="Conformation 41.0 -41.0 Flffrllfrlfrfrrlfrllffrrllffflfrfllfflfrrflfrrlfrfrrllfffllfrrffffflrllrllfrfffrrfllfflfrrffllrllrr"/>
        <trajectory sample="41" generation="41000"
                    bestEnergy="-29.0" averageEnergy="-21.3092" worstEnergy="-13.0"
                    bestConformation="Conformation 41.0 -41.0 Flffrllfrlfrfrrlfrllffrrllffflfrfllfflfrrflfrrlfrfrrllfffllfrrffffflrllrllfrfffrrfllfflfrrffllrllrr"/>
        <trajectory sample="42" generation="42000"
                    bestEnergy="-29.0" averageEnergy="-21.4372" worstEnergy="-20.0"
                    bestConformation="Conformation 41.0 -41.0 Flffrllfrlfrfrrlfrllffrrllffflfrfllfflfrrflfrrlfrfrrllfffllfrrffffflrllrllfrfffrrfllfflfrrffllrllrr"/>
        <trajectory sample="43" generation="43000"
                    bestEnergy="-30.0" averageEnergy="-21.5769" worstEnergy="-20.0"
                    bestConformation="Conformation 41.0 -41.0 Flfrrflrllfrfrrlfrllffrrllffflfrfllfflfrrflfrrlfrfrrllfffllfrrffffflrllrllfrfffrrfllfflfrrfflflflrr"/>
        <trajectory sample="44" generation="44000"
                    bestEnergy="-30.0" averageEnergy="-21.7394" worstEnergy="-20.0"
                    bestConformation="Conformation 41.0 -41.0 Flfrrflrllfrfrrlfrllffrrllffflfrfllfflfrrflfrrlfrfrrllfffllfrrffffflrllrllfrfffrrfllfflfrrfflflflrr"/>
        <trajectory sample="45" generation="45000"
                    bestEnergy="-30.0" averageEnergy="-21.8995" worstEnergy="-20.0"
                    bestConformation="Conformation 41.0 -41.0 Flfrrflrllfrfrrlfrllffrrllffflfrfllfflfrrflfrrlfrfrrllfffllfrrffffflrllrllfrfffrrfllfflfrrfflflflrr"/>
        <trajectory sample="46" generation="46000"
                    bestEnergy="-30.0" averageEnergy="-22.0634" worstEnergy="-20.0"
                    bestConformation="Conformation 41.0 -41.0 Flfrrflrllfrfrrlfrllffrrllffflfrfllfflfrrflfrrlfrfrrllfffllfrrffffflrllrllfrfffrrfllfflfrrfflflflrr"/>
        <trajectory sample="47" generation="47000"
                    bestEnergy="-30.0" averageEnergy="-22.2255" worstEnergy="-21.0"
                    bestConformation="Conformation 41.0 -41.0 Flfrrflrllfrfrrlfrllffrrllffflfrfllfflfrrflfrrlfrfrrllfffllfrrffffflrllrllfrfffrrfllfflfrrfflflflrr"/>
        <trajectory sample="48" generation="48000"
                    bestEnergy="-30.0" averageEnergy="-22.3401" worstEnergy="-21.0"
                    bestConformation="Conformation 41.0 -41.0 Flfrrflrllfrfrrlfrllffrrllffflfrfllfflfrrflfrrlfrfrrllfffllfrrffffflrllrllfrfffrrfllfflfrrfflflflrr"/>
        <trajectory sample="49" generation="49000"
                    bestEnergy="-30.0" averageEnergy="-22.4646" worstEnergy="-21.0"
                    bestConformation="Conformation 41.0 -41.0 Flfrrflrllfrfrrlfrllffrrllffflfrfllfflfrrflfrrlfrfrrllfffllfrrffffflrllrllfrfffrrfllfflfrrfflflflrr"/>
        <trajectory sample="50" generation="50000"
                    bestEnergy="-31.0" averageEnergy="-22.6049" worstEnergy="-21.0"
                    bestConformation="Conformation 41.0 -41.0 Flfrllrfllfrfrrlfrllffrrllffflfrfllfflfrrflfrrlfrfrrllfffllfrrffffflrllrllfrfffrrfllfflfrrflrllflrr"/>
        <trajectory sample="51" generation="51000"
                    bestEnergy="-31.0" averageEnergy="-22.7615" worstEnergy="-20.0"
                    bestConformation="Conformation 41.0 -41.0 Flfrllrfllfrfrrlfrllffrrllffflfrfllfflfrrflfrrlfrfrrllfffllfrrffffflrllrllfrfffrrfllfflfrrflrllflrr"/>
        <trajectory sample="52" generation="52000"
                    bestEnergy="-31.0" averageEnergy="-22.9158" worstEnergy="-21.0"
                    bestConformation="Conformation 41.0 -41.0 Flfrllrfllfrfrrlfrllffrrllffflfrfllfflfrrflfrrlfrfrrllfffllfrrffffflrllrllfrfffrrfllfflfrrflrllflrr"/>
        <trajectory sample="53" generation="53000"
                    bestEnergy="-31.0" averageEnergy="-23.0741" worstEnergy="-21.0"
                    bestConformation="Conformation 41.0 -41.0 Flfrllrfllfrfrrlfrllffrrllffflfrfllfflfrrflfrrlfrfrrllfffllfrrffffflrllrllfrfffrrfllfflfrrflrllflrr"/>
        <trajectory sample="54" generation="54000"
                    bestEnergy="-31.0" averageEnergy="-23.2343" worstEnergy="-22.0"
                    bestConformation="Conformation 41.0 -41.0 Flfrllrfllfrfrrlfrllffrrllffflfrfllfflfrrflfrrlfrfrrllfffllfrrffffflrllrllfrfffrrfllfflfrrflrllflrr"/>
        <trajectory sample="55" generation="55000"
                    bestEnergy="-31.0" averageEnergy="-23.3434" worstEnergy="-20.0"
                    bestConformation="Conformation 41.0 -41.0 Flfrllrfllfrfrrlfrllffrrllffflfrfllfflfrrflfrrlfrfrrllfffllfrrffffflrllrllfrfffrrfllfflfrrflrllflrr"/>
        <trajectory sample="56" generation="56000"
                    bestEnergy="-31.0" averageEnergy="-23.4609" worstEnergy="-20.0"
                    bestConformation="Conformation 41.0 -41.0 Flfrllrfllfrfrrlfrllffrrllffflfrfllfflfrrflfrrlfrfrrllfffllfrrffffflrllrllfrfffrrfllfflfrrflrllflrr"/>
        <trajectory sample="57" generation="57000"
                    bestEnergy="-31.0" averageEnergy="-23.5909" worstEnergy="-22.0"
                    bestConformation="Conformation 41.0 -41.0 Flfrllrfllfrfrrlfrllffrrllffflfrfllfflfrrflfrrlfrfrrllfffllfrrffffflrllrllfrfffrrfllfflfrrflrllflrr"/>
        <trajectory sample="58" generation="58000"
                    bestEnergy="-31.0" averageEnergy="-23.7314" worstEnergy="-22.0"
                    bestConformation="Conformation 41.0 -41.0 Flfrllrfllfrfrrlfrllffrrllffflfrfllfflfrrflfrrlfrfrrllfffllfrrffffflrllrllfrfffrrfllfflfrrflrllflrr"/>
        <trajectory sample="59" generation="59000"
                    bestEnergy="-31.0" averageEnergy="-23.8907" worstEnergy="-22.0"
                    bestConformation="Conformation 41.0 -41.0 Flfrllrfllfrfrrlfrllffrrllffflfrfllfflfrrflfrrlfrfrrllfffllfrrffffflrllrllfrfffrrfllfflfrrflrllflrr"/>
        <trajectory sample="60" generation="60000"
                    bestEnergy="-31.0" averageEnergy="-24.0528" worstEnergy="-22.0"
                    bestConformation="Conformation 41.0 -41.0 Flfrllrfllfrfrrlfrllffrrllffflfrfllfflfrrflfrrlfrfrrllfffllfrrffffflrllrllfrfffrrfllfflfrrflrllflrr"/>
        <trajectory sample="61" generation="61000"
                    bestEnergy="-31.0" averageEnergy="-24.1851" worstEnergy="-23.0"
                    bestConformation="Conformation 41.0 -41.0 Flfrllrfllfrfrrlfrllffrrllffflfrfllfflfrrflfrrlfrfrrllfffllfrrffffflrllrllfrfffrrfllfflfrrflrllflrr"/>
        <trajectory sample="62" generation="62000"
                    bestEnergy="-31.0" averageEnergy="-24.2883" worstEnergy="-23.0"
                    bestConformation="Conformation 41.0 -41.0 Flfrllrfllfrfrrlfrllffrrllffflfrfllfflfrrflfrrlfrfrrllfffllfrrffffflrllrllfrfffrrfllfflfrrflrllflrr"/>
        <trajectory sample="63" generation="63000"
                    bestEnergy="-31.0" averageEnergy="-24.4083" worstEnergy="-20.0"
                    bestConformation="Conformation 41.0 -41.0 Flfrllrfllfrfrrlfrllffrrllffflfrfllfflfrrflfrrlfrfrrllfffllfrrffffflrllrllfrfffrrfllfflfrrflrllflrr"/>
        <trajectory sample="64" generation="64000"
                    bestEnergy="-31.0" averageEnergy="-24.5305" worstEnergy="-23.0"
                    bestConformation="Conformation 41.0 -41.0 Flfrllrfllfrfrrlfrllffrrllffflfrfllfflfrrflfrrlfrfrrllfffllfrrffffflrllrllfrfffrrfllfflfrrflrllflrr"/>
        <trajectory sample="65" generation="65000"
                    bestEnergy="-32.0" averageEnergy="-24.6573" worstEnergy="-21.0"
                    bestConformation="Conformation 41.0 -41.0 Flfrllrfllfrfrrlfrllffrrllffflfrfllfflfrrflfrrlfrfrrllfffllfrrffffflrllrllfrfffrrfllfflfrrffllrllrr"/>
        <trajectory sample="66" generation="66000"
                    bestEnergy="-32.0" averageEnergy="-24.787" worstEnergy="-23.0"
                    bestConformation="Conformation 41.0 -41.0 Flfrllrfllfrfrrlfrllffrrllffflfrfllfflfrrflfrrlfrfrrllfffllfrrffffflrllrllfrfffrrfllfflfrrffllrllrr"/>
        <trajectory sample="67" generation="67000"
                    bestEnergy="-32.0" averageEnergy="-24.926" worstEnergy="-23.0"
                    bestConformation="Conformation 41.0 -41.0 Flfrllrfllfrfrrlfrllffrrllffflfrfllfflfrrflfrrlfrfrrllfffllfrrffffflrllrllfrfffrrfllfflfrrffllrllrr"/>
        <trajectory sample="68" generation="68000"
                    bestEnergy="-32.0" averageEnergy="-25.0272" worstEnergy="-22.0"
                    bestConformation="Conformation 41.0 -41.0 Flfrllrfllfrfrrlfrllffrrllffflfrfllfflfrrflfrrlfrfrrllfffllfrrffffflrllrllfrfffrrfllfflfrrffllrllrr"/>
        <trajectory sample="69" generation="69000"
                    bestEnergy="-32.0" averageEnergy="-25.1227" worstEnergy="-24.0"
                    bestConformation="Conformation 41.0 -41.0 Flfrllrfllfrfrrlfrllffrrllffflfrfllfflfrrflfrrlfrfrrllfffllfrrffffflrllrllfrfffrrfllfflfrrffllrllrr"/>
        <trajectory sample="70" generation="70000"
                    bestEnergy="-32.0" averageEnergy="-25.2236" worstEnergy="-21.0"
                    bestConformation="Conformation 41.0 -41.0 Flfrllrfllfrfrrlfrllffrrllffflfrfllfflfrrflfrrlfrfrrllfffllfrrffffflrllrllfrfffrrfllfflfrrffllrllrr"/>
        <trajectory sample="71" generation="71000"
                    bestEnergy="-32.0" averageEnergy="-25.3265" worstEnergy="-24.0"
                    bestConformation="Conformation 41.0 -41.0 Flfrllrfllfrfrrlfrllffrrllffflfrfllfflfrrflfrrlfrfrrllfffllfrrffffflrllrllfrfffrrfllfflfrrffllrllrr"/>
        <trajectory sample="72" generation="72000"
                    bestEnergy="-32.0" averageEnergy="-25.428" worstEnergy="-24.0"
                    bestConformation="Conformation 41.0 -41.0 Flfrllrfllfrfrrlfrllffrrllffflfrfllfflfrrflfrrlfrfrrllfffllfrrffffflrllrllfrfffrrfllfflfrrffllrllrr"/>
        <trajectory sample="73" generation="73000"
                    bestEnergy="-33.0" averageEnergy="-25.5398" worstEnergy="-24.0"
                    bestConformation="Conformation 41.0 -41.0 Ffllflflrffrlrfrrlrllrflffrlflfrfllfflrrllrrfrlfrfrrllfffllfrrffffflrllrllfrfffrrfllfflfrrfflflflrr"/>
        <trajectory sample="74" generation="74000"
                    bestEnergy="-33.0" averageEnergy="-25.6551" worstEnergy="-17.0"
                    bestConformation="Conformation 41.0 -41.0 Ffllflflrffrlrfrrlrllrflffrlflfrfllfflrrllrrfrlfrfrrllfffllfrrffffflrllrllfrfffrrfllfflfrrfflflflrr"/>
        <trajectory sample="75" generation="75000"
                    bestEnergy="-33.0" averageEnergy="-25.776" worstEnergy="-24.0"
                    bestConformation="Conformation 41.0 -41.0 Ffllflflrffrlrfrrlrllrflffrlflfrfllfflrrllrrfrlfrfrrllfffllfrrffffflrllrllfrfffrrfllfflfrrfflflflrr"/>
        <trajectory sample="76" generation="76000"
                    bestEnergy="-35.0" averageEnergy="-25.8557" worstEnergy="-21.0"
                    bestConformation="Conformation 41.0 -41.0 Fflrlflrllfrfrrlfrllffrrllffflfrfllfflfrrflfrrlfrfrrllfffllfrrffffflrllrllfrfffrrfllfflfrrfflflflrr"/>
        <trajectory sample="77" generation="77000"
                    bestEnergy="-35.0" averageEnergy="-25.9257" worstEnergy="-25.0"
                    bestConformation="Conformation 41.0 -41.0 Fflrlflrllfrfrrlfrllffrrllffflfrfllfflfrrflfrrlfrfrrllfffllfrrffffflrllrllfrfffrrfllfflfrrfflflflrr"/>
        <trajectory sample="78" generation="78000"
                    bestEnergy="-35.0" averageEnergy="-26.003" worstEnergy="-25.0"
                    bestConformation="Conformation 41.0 -41.0 Fflrlflrllfrfrrlfrllffrrllffflfrfllfflfrrflfrrlfrfrrllfffllfrrffffflrllrllfrfffrrfllfflfrrfflflflrr"/>
        <trajectory sample="79" generation="79000"
                    bestEnergy="-35.0" averageEnergy="-26.0835" worstEnergy="-25.0"
                    bestConformation="Conformation 41.0 -41.0 Fflrlflrllfrfrrlfrllffrrllffflfrfllfflfrrflfrrlfrfrrllfffllfrrffffflrllrllfrfffrrfllfflfrrfflflflrr"/>
        <trajectory sample="80" generation="80000"
                    bestEnergy="-35.0" averageEnergy="-26.1711" worstEnergy="-24.0"
                    bestConformation="Conformation 41.0 -41.0 Fflrlflrllfrfrrlfrllffrrllffflfrfllfflfrrflfrrlfrfrrllfffllfrrffffflrllrllfrfffrrfllfflfrrfflflflrr"/>
        <trajectory sample="81" generation="81000"
                    bestEnergy="-35.0" averageEnergy="-26.2642" worstEnergy="-25.0"
                    bestConformation="Conformation 41.0 -41.0 Fflrlflrllfrfrrlfrllffrrllffflfrfllfflfrrflfrrlfrfrrllfffllfrrffffflrllrllfrfffrrfllfflfrrfflflflrr"/>
        <trajectory sample="82" generation="82000"
                    bestEnergy="-35.0" averageEnergy="-26.3589" worstEnergy="-25.0"
                    bestConformation="Conformation 41.0 -41.0 Fflrlflrllfrfrrlfrllffrrllffflfrfllfflfrrflfrrlfrfrrllfffllfrrffffflrllrllfrfffrrfllfflfrrfflflflrr"/>
        <trajectory sample="83" generation="83000"
                    bestEnergy="-35.0" averageEnergy="-26.4678" worstEnergy="-25.0"
                    bestConformation="Conformation 41.0 -41.0 Fflrlflrllfrfrrlfrllffrrllffflfrfllfflfrrflfrrlfrfrrllfffllfrrffffflrllrllfrfffrrfllfflfrrfflflflrr"/>
        <trajectory sample="84" generation="84000"
                    bestEnergy="-35.0" averageEnergy="-26.5791" worstEnergy="-25.0"
                    bestConformation="Conformation 41.0 -41.0 Fflrlflrllfrfrrlfrllffrrllffflfrfllfflfrrflfrrlfrfrrllfffllfrrffffflrllrllfrfffrrfllfflfrrfflflflrr"/>
        <trajectory sample="85" generation="85000"
                    bestEnergy="-35.0" averageEnergy="-26.6965" worstEnergy="-25.0"
                    bestConformation="Conformation 41.0 -41.0 Fflrlflrllfrfrrlfrllffrrllffflfrfllfflfrrflfrrlfrfrrllfffllfrrffffflrllrllfrfffrrfllfflfrrfflflflrr"/>
        <trajectory sample="86" generation="86000"
                    bestEnergy="-35.0" averageEnergy="-26.818" worstEnergy="-25.0"
                    bestConformation="Conformation 41.0 -41.0 Fflrlflrllfrfrrlfrllffrrllffflfrfllfflfrrflfrrlfrfrrllfffllfrrffffflrllrllfrfffrrfllfflfrrfflflflrr"/>
        <trajectory sample="87" generation="87000"
                    bestEnergy="-35.0" averageEnergy="-26.8913" worstEnergy="-26.0"
                    bestConformation="Conformation 41.0 -41.0 Fflrlflrllfrfrrlfrllffrrllffflfrfllfflfrrflfrrlfrfrrllfffllfrrffffflrllrllfrfffrrfllfflfrrfflflflrr"/>
        <trajectory sample="88" generation="88000"
                    bestEnergy="-35.0" averageEnergy="-26.9591" worstEnergy="-24.0"
                    bestConformation="Conformation 41.0 -41.0 Fflrlflrllfrfrrlfrllffrrllffflfrfllfflfrrflfrrlfrfrrllfffllfrrffffflrllrllfrfffrrfllfflfrrfflflflrr"/>
        <trajectory sample="89" generation="89000"
                    bestEnergy="-35.0" averageEnergy="-27.0354" worstEnergy="-25.0"
                    bestConformation="Conformation 41.0 -41.0 Fflrlflrllfrfrrlfrllffrrllffflfrfllfflfrrflfrrlfrfrrllfffllfrrffffflrllrllfrfffrrfllfflfrrfflflflrr"/>
        <trajectory sample="90" generation="90000"
                    bestEnergy="-35.0" averageEnergy="-27.1138" worstEnergy="-22.0"
                    bestConformation="Conformation 41.0 -41.0 Fflrlflrllfrfrrlfrllffrrllffflfrfllfflfrrflfrrlfrfrrllfffllfrrffffflrllrllfrfffrrfllfflfrrfflflflrr"/>
        <trajectory sample="91" generation="91000"
                    bestEnergy="-35.0" averageEnergy="-27.2001" worstEnergy="-26.0"
                    bestConformation="Conformation 41.0 -41.0 Fflrlflrllfrfrrlfrllffrrllffflfrfllfflfrrflfrrlfrfrrllfffllfrrffffflrllrllfrfffrrfllfflfrrfflflflrr"/>
        <trajectory sample="92" generation="92000"
                    bestEnergy="-35.0" averageEnergy="-27.2862" worstEnergy="-26.0"
                    bestConformation="Conformation 41.0 -41.0 Fflrlflrllfrfrrlfrllffrrllffflfrfllfflfrrflfrrlfrfrrllfffllfrrffffflrllrllfrfffrrfllfflfrrfflflflrr"/>
        <trajectory sample="93" generation="93000"
                    bestEnergy="-35.0" averageEnergy="-27.3839" worstEnergy="-15.0"
                    bestConformation="Conformation 41.0 -41.0 Fflrlflrllfrfrrlfrllffrrllffflfrfllfflfrrflfrrlfrfrrllfffllfrrffffflrllrllfrfffrrfllfflfrrfflflflrr"/>
        <trajectory sample="94" generation="94000"
                    bestEnergy="-35.0" averageEnergy="-27.4911" worstEnergy="-26.0"
                    bestConformation="Conformation 41.0 -41.0 Fflrlflrllfrfrrlfrllffrrllffflfrfllfflfrrflfrrlfrfrrllfffllfrrffffflrllrllfrfffrrfllfflfrrfflflflrr"/>
        <trajectory sample="95" generation="95000"
                    bestEnergy="-35.0" averageEnergy="-27.6036" worstEnergy="-26.0"
                    bestConformation="Conformation 41.0 -41.0 Fflrlflrllfrfrrlfrllffrrllffflfrfllfflfrrflfrrlfrfrrllfffllfrrffffflrllrllfrfffrrfllfflfrrfflflflrr"/>
        <trajectory sample="96" generation="96000"
                    bestEnergy="-35.0" averageEnergy="-27.7283" worstEnergy="-22.0"
                    bestConformation="Conformation 41.0 -41.0 Fflrlflrllfrfrrlfrllffrrllffflfrfllfflfrrflfrrlfrfrrllfffllfrrffffflrllrllfrfffrrfllfflfrrfflflflrr"/>
        <trajectory sample="97" generation="97000"
                    bestEnergy="-35.0" averageEnergy="-27.8231" worstEnergy="-25.0"
                    bestConformation="Conformation 41.0 -41.0 Fflrlflrllfrfrrlfrllffrrllffflfrfllfflfrrflfrrlfrfrrllfffllfrrffffflrllrllfrfffrrfllfflfrrfflflflrr"/>
        <trajectory sample="98" generation="98000"
                    bestEnergy="-36.0" averageEnergy="-27.8911" worstEnergy="-27.0"
                    bestConformation="Conformation 41.0 -41.0 Flfrlflrllfrfrrlfrllffrrllffflfrfllfflfrrflfrrlfrfrrllfffllfrrffffflrllrllfrfffrrfllfflfrrffllrllrr"/>
        <trajectory sample="99" generation="99000"
                    bestEnergy="-36.0" averageEnergy="-27.9739" worstEnergy="-26.0"
                    bestConformation="Conformation 41.0 -41.0 Flfrlflrllfrfrrlfrllffrrllffflfrfllfflfrrflfrrlfrfrrllfffllfrrffffflrllrllfrfffrrfllfflfrrffllrllrr"/>
        <trajectory sample="100" generation="100000"
                    bestEnergy="-36.0" averageEnergy="-28.059" worstEnergy="-27.0"
                    bestConformation="Conformation 41.0 -41.0 Flfrlflrllfrfrrlfrllffrrllffflfrfllfflfrrflfrrlfrfrrllfffllfrrffffflrllrllfrfffrrfllfflfrrffllrllrr"/>
        <trajectory sample="101" generation="101000"
                    bestEnergy="-36.0" averageEnergy="-28.1401" worstEnergy="-27.0"
                    bestConformation="Conformation 41.0 -41.0 Flfrlflrllfrfrrlfrllffrrllffflfrfllfflfrrflfrrlfrfrrllfffllfrrffffflrllrllfrfffrrfllfflfrrffllrllrr"/>
        <trajectory sample="102" generation="102000"
                    bestEnergy="-36.0" averageEnergy="-28.2343" worstEnergy="-27.0"
                    bestConformation="Conformation 41.0 -41.0 Flfrlflrllfrfrrlfrllffrrllffflfrfllfflfrrflfrrlfrfrrllfffllfrrffffflrllrllfrfffrrfllfflfrrffllrllrr"/>
        <trajectory sample="103" generation="103000"
                    bestEnergy="-37.0" averageEnergy="-28.3374" worstEnergy="-27.0"
                    bestConformation="Conformation 41.0 -41.0 Ffrflrllrffrlrfrrlrllrflffrlflfrfllfflrrllrrfrlfrfrrllfffllfrrffffflrllrllrlrffrrfllfflfrrfflflflrr"/>
        <trajectory sample="104" generation="104000"
                    bestEnergy="-37.0" averageEnergy="-28.4365" worstEnergy="-23.0"
                    bestConformation="Conformation 41.0 -41.0 Ffrflrllrffrlrfrrlrllrflffrlflfrfllfflrrllrrfrlfrfrrllfffllfrrffffflrllrllrlrffrrfllfflfrrfflflflrr"/>
        <trajectory sample="105" generation="105000"
                    bestEnergy="-37.0" averageEnergy="-28.5562" worstEnergy="-27.0"
                    bestConformation="Conformation 41.0 -41.0 Ffrflrllrffrlrfrrlrllrflffrlflfrfllfflrrllrrfrlfrfrrllfffllfrrffffflrllrllrlrffrrfllfflfrrfflflflrr"/>
        <trajectory sample="106" generation="106000"
                    bestEnergy="-37.0" averageEnergy="-28.6714" worstEnergy="-27.0"
                    bestConformation="Conformation 41.0 -41.0 Ffrflrllrffrlrfrrlrllrflffrlflfrfllfflrrllrrfrlfrfrrllfffllfrrffffflrllrllrlrffrrfllfflfrrfflflflrr"/>
        <trajectory sample="107" generation="107000"
                    bestEnergy="-37.0" averageEnergy="-28.7907" worstEnergy="-27.0"
                    bestConformation="Conformation 41.0 -41.0 Ffrflrllrffrlrfrrlrllrflffrlflfrfllfflrrllrrfrlfrfrrllfffllfrrffffflrllrllrlrffrrfllfflfrrfflflflrr"/>
        <trajectory sample="108" generation="108000"
                    bestEnergy="-37.0" averageEnergy="-28.9091" worstEnergy="-28.0"
                    bestConformation="Conformation 41.0 -41.0 Ffrflrllrffrlrfrrlrllrflffrlflfrfllfflrrllrrfrlfrfrrllfffllfrrffffflrllrllrlrffrrfllfflfrrfflflflrr"/>
        <trajectory sample="109" generation="109000"
                    bestEnergy="-37.0" averageEnergy="-28.982" worstEnergy="-28.0"
                    bestConformation="Conformation 41.0 -41.0 Ffrflrllrffrlrfrrlrllrflffrlflfrfllfflrrllrrfrlfrfrrllfffllfrrffffflrllrllrlrffrrfllfflfrrfflflflrr"/>
        <trajectory sample="110" generation="110000"
                    bestEnergy="-37.0" averageEnergy="-29.0616" worstEnergy="-27.0"
                    bestConformation="Conformation 41.0 -41.0 Ffrflrllrffrlrfrrlrllrflffrlflfrfllfflrrllrrfrlfrfrrllfffllfrrffffflrllrllrlrffrrfllfflfrrfflflflrr"/>
        <trajectory sample="111" generation="111000"
                    bestEnergy="-37.0" averageEnergy="-29.1468" worstEnergy="-28.0"
                    bestConformation="Conformation 41.0 -41.0 Ffrflrllrffrlrfrrlrllrflffrlflfrfllfflrrllrrfrlfrfrrllfffllfrrffffflrllrllrlrffrrfllfflfrrfflflflrr"/>
        <trajectory sample="112" generation="112000"
                    bestEnergy="-37.0" averageEnergy="-29.2378" worstEnergy="-27.0"
                    bestConformation="Conformation 41.0 -41.0 Ffrflrllrffrlrfrrlrllrflffrlflfrfllfflrrllrrfrlfrfrrllfffllfrrffffflrllrllrlrffrrfllfflfrrfflflflrr"/>
        <trajectory sample="113" generation="113000"
                    bestEnergy="-37.0" averageEnergy="-29.3389" worstEnergy="-28.0"
                    bestConformation="Conformation 41.0 -41.0 Ffrflrllrffrlrfrrlrllrflffrlflfrfllfflrrllrrfrlfrfrrllfffllfrrffffflrllrllrlrffrrfllfflfrrfflflflrr"/>
        <trajectory sample="114" generation="114000"
                    bestEnergy="-37.0" averageEnergy="-29.4385" worstEnergy="-28.0"
                    bestConformation="Conformation 41.0 -41.0 Ffrflrllrffrlrfrrlrllrflffrlflfrfllfflrrllrrfrlfrfrrllfffllfrrffffflrllrllrlrffrrfllfflfrrfflflflrr"/>
        <trajectory sample="115" generation="115000"
                    bestEnergy="-37.0" averageEnergy="-29.5451" worstEnergy="-28.0"
                    bestConformation="Conformation 41.0 -41.0 Ffrflrllrffrlrfrrlrllrflffrlflfrfllfflrrllrrfrlfrfrrllfffllfrrffffflrllrllrlrffrrfllfflfrrfflflflrr"/>
        <trajectory sample="116" generation="116000"
                    bestEnergy="-37.0" averageEnergy="-29.6552" worstEnergy="-26.0"
                    bestConformation="Conformation 41.0 -41.0 Ffrflrllrffrlrfrrlrllrflffrlflfrfllfflrrllrrfrlfrfrrllfffllfrrffffflrllrllrlrffrrfllfflfrrfflflflrr"/>
        <trajectory sample="117" generation="117000"
                    bestEnergy="-37.0" averageEnergy="-29.7682" worstEnergy="-24.0"
                    bestConformation="Conformation 41.0 -41.0 Ffrflrllrffrlrfrrlrllrflffrlflfrfllfflrrllrrfrlfrfrrllfffllfrrffffflrllrllrlrffrrfllfflfrrfflflflrr"/>
        <trajectory sample="118" generation="118000"
                    bestEnergy="-37.0" averageEnergy="-29.8733" worstEnergy="-27.0"
                    bestConformation="Conformation 41.0 -41.0 Ffrflrllrffrlrfrrlrllrflffrlflfrfllfflrrllrrfrlfrfrrllfffllfrrffffflrllrllrlrffrrfllfflfrrfflflflrr"/>
        <trajectory sample="119" generation="119000"
                    bestEnergy="-37.0" averageEnergy="-29.95" worstEnergy="-29.0"
                    bestConformation="Conformation 41.0 -41.0 Ffrflrllrffrlrfrrlrllrflffrlflfrfllfflrrllrrfrlfrfrrllfffllfrrffffflrllrllrlrffrrfllfflfrrfflflflrr"/>
        <trajectory sample="120" generation="120000"
                    bestEnergy="-37.0" averageEnergy="-30.0285" worstEnergy="-29.0"
                    bestConformation="Conformation 41.0 -41.0 Ffrflrllrffrlrfrrlrllrflffrlflfrfllfflrrllrrfrlfrfrrllfffllfrrffffflrllrllrlrffrrfllfflfrrfflflflrr"/>
        <trajectory sample="121" generation="121000"
                    bestEnergy="-37.0" averageEnergy="-30.1151" worstEnergy="-26.0"
                    bestConformation="Conformation 41.0 -41.0 Ffrflrllrffrlrfrrlrllrflffrlflfrfllfflrrllrrfrlfrfrrllfffllfrrffffflrllrllrlrffrrfllfflfrrfflflflrr"/>
        <trajectory sample="122" generation="122000"
                    bestEnergy="-37.0" averageEnergy="-30.2037" worstEnergy="-19.0"
                    bestConformation="Conformation 41.0 -41.0 Ffrflrllrffrlrfrrlrllrflffrlflfrfllfflrrllrrfrlfrfrrllfffllfrrffffflrllrllrlrffrrfllfflfrrfflflflrr"/>
        <trajectory sample="123" generation="123000"
                    bestEnergy="-37.0" averageEnergy="-30.2913" worstEnergy="-28.0"
                    bestConformation="Conformation 41.0 -41.0 Ffrflrllrffrlrfrrlrllrflffrlflfrfllfflrrllrrfrlfrfrrllfffllfrrffffflrllrllrlrffrrfllfflfrrfflflflrr"/>
        <trajectory sample="124" generation="124000"
                    bestEnergy="-37.0" averageEnergy="-30.3865" worstEnergy="-29.0"
                    bestConformation="Conformation 41.0 -41.0 Ffrflrllrffrlrfrrlrllrflffrlflfrfllfflrrllrrfrlfrfrrllfffllfrrffffflrllrllrlrffrrfllfflfrrfflflflrr"/>
        <trajectory sample="125" generation="125000"
                    bestEnergy="-37.0" averageEnergy="-30.491" worstEnergy="-29.0"
                    bestConformation="Conformation 41.0 -41.0 Ffrflrllrffrlrfrrlrllrflffrlflfrfllfflrrllrrfrlfrfrrllfffllfrrffffflrllrllrlrffrrfllfflfrrfflflflrr"/>
        <trajectory sample="126" generation="126000"
                    bestEnergy="-37.0" averageEnergy="-30.6002" worstEnergy="-29.0"
                    bestConformation="Conformation 41.0 -41.0 Ffrflrllrffrlrfrrlrllrflffrlflfrfllfflrrllrrfrlfrfrrllfffllfrrffffflrllrllrlrffrrfllfflfrrfflflflrr"/>
        <trajectory sample="127" generation="127000"
                    bestEnergy="-37.0" averageEnergy="-30.7092" worstEnergy="-29.0"
                    bestConformation="Conformation 41.0 -41.0 Ffrflrllrffrlrfrrlrllrflffrlflfrfllfflrrllrrfrlfrfrrllfffllfrrffffflrllrllrlrffrrfllfflfrrfflflflrr"/>
        <trajectory sample="128" generation="128000"
                    bestEnergy="-37.0" averageEnergy="-30.8287" worstEnergy="-29.0"
                    bestConformation="Conformation 41.0 -41.0 Ffrflrllrffrlrfrrlrllrflffrlflfrfllfflrrllrrfrlfrfrrllfffllfrrffffflrllrllrlrffrrfllfflfrrfflflflrr"/>
        <trajectory sample="129" generation="129000"
                    bestEnergy="-37.0" averageEnergy="-30.9272" worstEnergy="-30.0"
                    bestConformation="Conformation 41.0 -41.0 Ffrflrllrffrlrfrrlrllrflffrlflfrfllfflrrllrrfrlfrfrrllfffllfrrffffflrllrllrlrffrrfllfflfrrfflflflrr"/>
        <trajectory sample="130" generation="130000"
                    bestEnergy="-38.0" averageEnergy="-31.0062" worstEnergy="-30.0"
                    bestConformation="Conformation 41.0 -41.0 Flfrrflrllfrfrrlfrllffrrllffflfrfllfflfrrflfrrlfrfrrllfffllfrrffffflrllrllfrfffrrfllfflfrrflrllflrr"/>
        <trajectory sample="131" generation="131000"
                    bestEnergy="-38.0" averageEnergy="-31.0786" worstEnergy="-30.0"
                    bestConformation="Conformation 41.0 -41.0 Flfrrflrllfrfrrlfrllffrrllffflfrfllfflfrrflfrrlfrfrrllfffllfrrffffflrllrllfrfffrrfllfflfrrflrllflrr"/>
        <trajectory sample="132" generation="132000"
                    bestEnergy="-38.0" averageEnergy="-31.1629" worstEnergy="-30.0"
                    bestConformation="Conformation 41.0 -41.0 Flfrrflrllfrfrrlfrllffrrllffflfrfllfflfrrflfrrlfrfrrllfffllfrrffffflrllrllfrfffrrfllfflfrrflrllflrr"/>
        <trajectory sample="133" generation="133000"
                    bestEnergy="-38.0" averageEnergy="-31.2586" worstEnergy="-30.0"
                    bestConformation="Conformation 41.0 -41.0 Flfrrflrllfrfrrlfrllffrrllffflfrfllfflfrrflfrrlfrfrrllfffllfrrffffflrllrllfrfffrrfllfflfrrflrllflrr"/>
        <trajectory sample="134" generation="134000"
                    bestEnergy="-38.0" averageEnergy="-31.3439" worstEnergy="-30.0"
                    bestConformation="Conformation 41.0 -41.0 Flfrrflrllfrfrrlfrllffrrllffflfrfllfflfrrflfrrlfrfrrllfffllfrrffffflrllrllfrfffrrfllfflfrrflrllflrr"/>
        <trajectory sample="135" generation="135000"
                    bestEnergy="-39.0" averageEnergy="-31.4498" worstEnergy="-25.0"
                    bestConformation="Conformation 41.0 -41.0 Flfrrflrllfrfrrlfrllffrrllffflfrfllfflfrrflfrrlfrfrrllfffllfrrffffflrllrllfrfffrrfllfflfrrflrllflrr"/>
        <trajectory sample="136" generation="136000"
                    bestEnergy="-39.0" averageEnergy="-31.558" worstEnergy="-30.0"
                    bestConformation="Conformation 41.0 -41.0 Flfrrflrllfrfrrlfrllffrrllffflfrfllfflfrrflfrrlfrfrrllfffllfrrffffflrllrllfrfffrrfllfflfrrflrllflrr"/>
        <trajectory sample="137" generation="137000"
                    bestEnergy="-39.0" averageEnergy="-31.6781" worstEnergy="-30.0"
                    bestConformation="Conformation 41.0 -41.0 Flfrrflrllfrfrrlfrllffrrllffflfrfllfflfrrflfrrlfrfrrllfffllfrrffffflrllrllfrfffrrfllfflfrrflrllflrr"/>
        <trajectory sample="138" generation="138000"
                    bestEnergy="-39.0" averageEnergy="-31.7922" worstEnergy="-30.0"
                    bestConformation="Conformation 41.0 -41.0 Flfrrflrllfrfrrlfrllffrrllffflfrfllfflfrrflfrrlfrfrrllfffllfrrffffflrllrllfrfffrrfllfflfrrflrllflrr"/>
        <trajectory sample="139" generation="139000"
                    bestEnergy="-39.0" averageEnergy="-31.9029" worstEnergy="-31.0"
                    bestConformation="Conformation 41.0 -41.0 Flfrrflrllfrfrrlfrllffrrllffflfrfllfflfrrflfrrlfrfrrllfffllfrrffffflrllrllfrfffrrfllfflfrrflrllflrr"/>
        <trajectory sample="140" generation="140000"
                    bestEnergy="-39.0" averageEnergy="-31.9779" worstEnergy="-30.0"
                    bestConformation="Conformation 41.0 -41.0 Flfrrflrllfrfrrlfrllffrrllffflfrfllfflfrrflfrrlfrfrrllfffllfrrffffflrllrllfrfffrrfllfflfrrflrllflrr"/>
        <trajectory sample="141" generation="141000"
                    bestEnergy="-39.0" averageEnergy="-32.0584" worstEnergy="-31.0"
                    bestConformation="Conformation 41.0 -41.0 Flfrrflrllfrfrrlfrllffrrllffflfrfllfflfrrflfrrlfrfrrllfffllfrrffffflrllrllfrfffrrfllfflfrrflrllflrr"/>
        <trajectory sample="142" generation="142000"
                    bestEnergy="-39.0" averageEnergy="-32.1416" worstEnergy="-31.0"
                    bestConformation="Conformation 41.0 -41.0 Flfrrflrllfrfrrlfrllffrrllffflfrfllfflfrrflfrrlfrfrrllfffllfrrffffflrllrllfrfffrrfllfflfrrflrllflrr"/>
        <trajectory sample="143" generation="143000"
                    bestEnergy="-39.0" averageEnergy="-32.2363" worstEnergy="-31.0"
                    bestConformation="Conformation 41.0 -41.0 Flfrrflrllfrfrrlfrllffrrllffflfrfllfflfrrflfrrlfrfrrllfffllfrrffffflrllrllfrfffrrfllfflfrrflrllflrr"/>
        <trajectory sample="144" generation="144000"
                    bestEnergy="-39.0" averageEnergy="-32.3324" worstEnergy="-29.0"
                    bestConformation="Conformation 41.0 -41.0 Flfrrflrllfrfrrlfrllffrrllffflfrfllfflfrrflfrrlfrfrrllfffllfrrffffflrllrllfrfffrrfllfflfrrflrllflrr"/>
        <trajectory sample="145" generation="145000"
                    bestEnergy="-39.0" averageEnergy="-32.4326" worstEnergy="-31.0"
                    bestConformation="Conformation 41.0 -41.0 Flfrrflrllfrfrrlfrllffrrllffflfrfllfflfrrflfrrlfrfrrllfffllfrrffffflrllrllfrfffrrfllfflfrrflrllflrr"/>
        <trajectory sample="146" generation="146000"
                    bestEnergy="-39.0" averageEnergy="-32.5441" worstEnergy="-24.0"
                    bestConformation="Conformation 41.0 -41.0 Flfrrflrllfrfrrlfrllffrrllffflfrfllfflfrrflfrrlfrfrrllfffllfrrffffflrllrllfrfffrrfllfflfrrflrllflrr"/>
        <trajectory sample="147" generation="147000"
                    bestEnergy="-39.0" averageEnergy="-32.6524" worstEnergy="-26.0"
                    bestConformation="Conformation 41.0 -41.0 Flfrrflrllfrfrrlfrllffrrllffflfrfllfflfrrflfrrlfrfrrllfffllfrrffffflrllrllfrfffrrfllfflfrrflrllflrr"/>
        <trajectory sample="148" generation="148000"
                    bestEnergy="-39.0" averageEnergy="-32.7807" worstEnergy="-30.0"
                    bestConformation="Conformation 41.0 -41.0 Flfrrflrllfrfrrlfrllffrrllffflfrfllfflfrrflfrrlfrfrrllfffllfrrffffflrllrllfrfffrrfllfflfrrflrllflrr"/>
        <trajectory sample="149" generation="149000"
                    bestEnergy="-39.0" averageEnergy="-32.9159" worstEnergy="-31.0"
                    bestConformation="Conformation 41.0 -41.0 Flfrrflrllfrfrrlfrllffrrllffflfrfllfflfrrflfrrlfrfrrllfffllfrrffffflrllrllfrfffrrfllfflfrrflrllflrr"/>
        <trajectory sample="150" generation="150000"
                    bestEnergy="-39.0" averageEnergy="-33.0626" worstEnergy="-31.0"
                    bestConformation="Conformation 41.0 -41.0 Flfrrflrllfrfrrlfrllffrrllffflfrfllfflfrrflfrrlfrfrrllfffllfrrffffflrllrllfrfffrrfllfflfrrflrllflrr"/>
        <trajectory sample="151" generation="151000"
                    bestEnergy="-39.0" averageEnergy="-33.1505" worstEnergy="-32.0"
                    bestConformation="Conformation 41.0 -41.0 Flfrrflrllfrfrrlfrllffrrllffflfrfllfflfrrflfrrlfrfrrllfffllfrrffffflrllrllfrfffrrfllfflfrrflrllflrr"/>
        <trajectory sample="152" generation="152000"
                    bestEnergy="-39.0" averageEnergy="-33.24" worstEnergy="-22.0"
                    bestConformation="Conformation 41.0 -41.0 Flfrrflrllfrfrrlfrllffrrllffflfrfllfflfrrflfrrlfrfrrllfffllfrrffffflrllrllfrfffrrfllfflfrrflrllflrr"/>
        <trajectory sample="153" generation="153000"
                    bestEnergy="-39.0" averageEnergy="-33.3362" worstEnergy="-27.0"
                    bestConformation="Conformation 41.0 -41.0 Flfrrflrllfrfrrlfrllffrrllffflfrfllfflfrrflfrrlfrfrrllfffllfrrffffflrllrllfrfffrrfllfflfrrflrllflrr"/>
        <trajectory sample="154" generation="154000"
                    bestEnergy="-39.0" averageEnergy="-33.4382" worstEnergy="-32.0"
                    bestConformation="Conformation 41.0 -41.0 Flfrrflrllfrfrrlfrllffrrllffflfrfllfflfrrflfrrlfrfrrllfffllfrrffffflrllrllfrfffrrfllfflfrrflrllflrr"/>
        <trajectory sample="155" generation="155000"
                    bestEnergy="-39.0" averageEnergy="-33.5477" worstEnergy="-24.0"
                    bestConformation="Conformation 41.0 -41.0 Flfrrflrllfrfrrlfrllffrrllffflfrfllfflfrrflfrrlfrfrrllfffllfrrffffflrllrllfrfffrrfllfflfrrflrllflrr"/>
        <trajectory sample="156" generation="156000"
                    bestEnergy="-39.0" averageEnergy="-33.6555" worstEnergy="-29.0"
                    bestConformation="Conformation 41.0 -41.0 Flfrrflrllfrfrrlfrllffrrllffflfrfllfflfrrflfrrlfrfrrllfffllfrrffffflrllrllfrfffrrfllfflfrrflrllflrr"/>
        <trajectory sample="157" generation="157000"
                    bestEnergy="-39.0" averageEnergy="-33.7861" worstEnergy="-32.0"
                    bestConformation="Conformation 41.0 -41.0 Flfrrflrllfrfrrlfrllffrrllffflfrfllfflfrrflfrrlfrfrrllfffllfrrffffflrllrllfrfffrrfllfflfrrflrllflrr"/>
        <trajectory sample="158" generation="158000"
                    bestEnergy="-39.0" averageEnergy="-33.9154" worstEnergy="-30.0"
                    bestConformation="Conformation 41.0 -41.0 Flfrrflrllfrfrrlfrllffrrllffflfrfllfflfrrflfrrlfrfrrllfffllfrrffffflrllrllfrfffrrfllfflfrrflrllflrr"/>
        <trajectory sample="159" generation="159000"
                    bestEnergy="-39.0" averageEnergy="-34.0548" worstEnergy="-32.0"
                    bestConformation="Conformation 41.0 -41.0 Flfrrflrllfrfrrlfrllffrrllffflfrfllfflfrrflfrrlfrfrrllfffllfrrffffflrllrllfrfffrrfllfflfrrflrllflrr"/>
        <trajectory sample="160" generation="160000"
                    bestEnergy="-39.0" averageEnergy="-34.165" worstEnergy="-32.0"
                    bestConformation="Conformation 41.0 -41.0 Flfrrflrllfrfrrlfrllffrrllffflfrfllfflfrrflfrrlfrfrrllfffllfrrffffflrllrllfrfffrrfllfflfrrflrllflrr"/>
        <trajectory sample="161" generation="161000"
                    bestEnergy="-39.0" averageEnergy="-34.2492" worstEnergy="-33.0"
                    bestConformation="Conformation 41.0 -41.0 Flfrrflrllfrfrrlfrllffrrllffflfrfllfflfrrflfrrlfrfrrllfffllfrrffffflrllrllfrfffrrfllfflfrrflrllflrr"/>
        <trajectory sample="162" generation="162000"
                    bestEnergy="-39.0" averageEnergy="-34.3412" worstEnergy="-33.0"
                    bestConformation="Conformation 41.0 -41.0 Flfrrflrllfrfrrlfrllffrrllffflfrfllfflfrrflfrrlfrfrrllfffllfrrffffflrllrllfrfffrrfllfflfrrflrllflrr"/>
        <trajectory sample="163" generation="163000"
                    bestEnergy="-39.0" averageEnergy="-34.4361" worstEnergy="-31.0"
                    bestConformation="Conformation 41.0 -41.0 Flfrrflrllfrfrrlfrllffrrllffflfrfllfflfrrflfrrlfrfrrllfffllfrrffffflrllrllfrfffrrfllfflfrrflrllflrr"/>
        <trajectory sample="164" generation="164000"
                    bestEnergy="-39.0" averageEnergy="-34.546" worstEnergy="-27.0"
                    bestConformation="Conformation 41.0 -41.0 Flfrrflrllfrfrrlfrllffrrllffflfrfllfflfrrflfrrlfrfrrllfffllfrrffffflrllrllfrfffrrfllfflfrrflrllflrr"/>
        <trajectory sample="165" generation="165000"
                    bestEnergy="-39.0" averageEnergy="-34.6524" worstEnergy="-33.0"
                    bestConformation="Conformation 41.0 -41.0 Flfrrflrllfrfrrlfrllffrrllffflfrfllfflfrrflfrrlfrfrrllfffllfrrffffflrllrllfrfffrrfllfflfrrflrllflrr"/>
        <trajectory sample="166" generation="166000"
                    bestEnergy="-40.0" averageEnergy="-34.7575" worstEnergy="-32.0"
                    bestConformation="Conformation 41.0 -41.0 Flfrllrfllfrfrrlfrllffrrllffflfrfllfflfrrflfrrlfrfrrllfffllfrrffffflrllrllfrfffrrfllfflfrrflrllflrr"/>
        <trajectory sample="167" generation="167000"
                    bestEnergy="-40.0" averageEnergy="-34.8697" worstEnergy="-33.0"
                    bestConformation="Conformation 41.0 -41.0 Flfrllrfllfrfrrlfrllffrrllffflfrfllfflfrrflfrrlfrfrrllfffllfrrffffflrllrllfrfffrrfllfflfrrflrllflrr"/>
        <trajectory sample="168" generation="168000"
                    bestEnergy="-40.0" averageEnergy="-34.9782" worstEnergy="-28.0"
                    bestConformation="Conformation 41.0 -41.0 Flfrllrfllfrfrrlfrllffrrllffflfrfllfflfrrflfrrlfrfrrllfffllfrrffffflrllrllfrfffrrfllfflfrrflrllflrr"/>
        <trajectory sample="169" generation="169000"
                    bestEnergy="-40.0" averageEnergy="-35.0514" worstEnergy="-27.0"
                    bestConformation="Conformation 41.0 -41.0 Flfrllrfllfrfrrlfrllffrrllffflfrfllfflfrrflfrrlfrfrrllfffllfrrffffflrllrllfrfffrrfllfflfrrflrllflrr"/>
        <trajectory sample="170" generation="170000"
                    bestEnergy="-40.0" averageEnergy="-35.1231" worstEnergy="-30.0"
                    bestConformation="Conformation 41.0 -41.0 Flfrllrfllfrfrrlfrllffrrllffflfrfllfflfrrflfrrlfrfrrllfffllfrrffffflrllrllfrfffrrfllfflfrrflrllflrr"/>
        <trajectory sample="171" generation="171000"
                    bestEnergy="-40.0" averageEnergy="-35.1927" worstEnergy="-34.0"
                    bestConformation="Conformation 41.0 -41.0 Flfrllrfllfrfrrlfrllffrrllffflfrfllfflfrrflfrrlfrfrrllfffllfrrffffflrllrllfrfffrrfllfflfrrflrllflrr"/>
        <trajectory sample="172" generation="172000"
                    bestEnergy="-40.0" averageEnergy="-35.2803" worstEnergy="-34.0"
                    bestConformation="Conformation 41.0 -41.0 Flfrllrfllfrfrrlfrllffrrllffflfrfllfflfrrflfrrlfrfrrllfffllfrrffffflrllrllfrfffrrfllfflfrrflrllflrr"/>
        <trajectory sample="173" generation="173000"
                    bestEnergy="-40.0" averageEnergy="-35.3625" worstEnergy="-34.0"
                    bestConformation="Conformation 41.0 -41.0 Flfrllrfllfrfrrlfrllffrrllffflfrfllfflfrrflfrrlfrfrrllfffllfrrffffflrllrllfrfffrrfllfflfrrflrllflrr"/>
        <trajectory sample="174" generation="174000"
                    bestEnergy="-40.0" averageEnergy="-35.4445" worstEnergy="-34.0"
                    bestConformation="Conformation 41.0 -41.0 Flfrllrfllfrfrrlfrllffrrllffflfrfllfflfrrflfrrlfrfrrllfffllfrrffffflrllrllfrfffrrfllfflfrrflrllflrr"/>
        <trajectory sample="175" generation="175000"
                    bestEnergy="-40.0" averageEnergy="-35.5377" worstEnergy="-34.0"
                    bestConformation="Conformation 41.0 -41.0 Flfrllrfllfrfrrlfrllffrrllffflfrfllfflfrrflfrrlfrfrrllfffllfrrffffflrllrllfrfffrrfllfflfrrflrllflrr"/>
        <trajectory sample="176" generation="176000"
                    bestEnergy="-40.0" averageEnergy="-35.6157" worstEnergy="-32.0"
                    bestConformation="Conformation 41.0 -41.0 Flfrllrfllfrfrrlfrllffrrllffflfrfllfflfrrflfrrlfrfrrllfffllfrrffffflrllrllfrfffrrfllfflfrrflrllflrr"/>
        <trajectory sample="177" generation="177000"
                    bestEnergy="-40.0" averageEnergy="-35.6604" worstEnergy="-35.0"
                    bestConformation="Conformation 41.0 -41.0 Flfrllrfllfrfrrlfrllffrrllffflfrfllfflfrrflfrrlfrfrrllfffllfrrffffflrllrllfrfffrrfllfflfrrflrllflrr"/>
        <trajectory sample="178" generation="178000"
                    bestEnergy="-40.0" averageEnergy="-35.7067" worstEnergy="-29.0"
                    bestConformation="Conformation 41.0 -41.0 Flfrllrfllfrfrrlfrllffrrllffflfrfllfflfrrflfrrlfrfrrllfffllfrrffffflrllrllfrfffrrfllfflfrrflrllflrr"/>
        <trajectory sample="179" generation="179000"
                    bestEnergy="-40.0" averageEnergy="-35.7565" worstEnergy="-35.0"
                    bestConformation="Conformation 41.0 -41.0 Flfrllrfllfrfrrlfrllffrrllffflfrfllfflfrrflfrrlfrfrrllfffllfrrffffflrllrllfrfffrrfllfflfrrflrllflrr"/>
        <trajectory sample="180" generation="180000"
                    bestEnergy="-40.0" averageEnergy="-35.8026" worstEnergy="-35.0"
                    bestConformation="Conformation 41.0 -41.0 Flfrllrfllfrfrrlfrllffrrllffflfrfllfflfrrflfrrlfrfrrllfffllfrrffffflrllrllfrfffrrfllfflfrrflrllflrr"/>
        <trajectory sample="181" generation="181000"
                    bestEnergy="-40.0" averageEnergy="-35.8591" worstEnergy="-28.0"
                    bestConformation="Conformation 41.0 -41.0 Flfrllrfllfrfrrlfrllffrrllffflfrfllfflfrrflfrrlfrfrrllfffllfrrffffflrllrllfrfffrrfllfflfrrflrllflrr"/>
        <trajectory sample="182" generation="182000"
                    bestEnergy="-40.0" averageEnergy="-35.9173" worstEnergy="-34.0"
                    bestConformation="Conformation 41.0 -41.0 Flfrllrfllfrfrrlfrllffrrllffflfrfllfflfrrflfrrlfrfrrllfffllfrrffffflrllrllfrfffrrfllfflfrrflrllflrr"/>
        <trajectory sample="183" generation="183000"
                    bestEnergy="-40.0" averageEnergy="-35.9793" worstEnergy="-35.0"
                    bestConformation="Conformation 41.0 -41.0 Flfrllrfllfrfrrlfrllffrrllffflfrfllfflfrrflfrrlfrfrrllfffllfrrffffflrllrllfrfffrrfllfflfrrflrllflrr"/>
        <trajectory sample="184" generation="184000"
                    bestEnergy="-40.0" averageEnergy="-36.0413" worstEnergy="-30.0"
                    bestConformation="Conformation 41.0 -41.0 Flfrllrfllfrfrrlfrllffrrllffflfrfllfflfrrflfrrlfrfrrllfffllfrrffffflrllrllfrfffrrfllfflfrrflrllflrr"/>
        <trajectory sample="185" generation="185000"
                    bestEnergy="-40.0" averageEnergy="-36.1041" worstEnergy="-33.0"
                    bestConformation="Conformation 41.0 -41.0 Flfrllrfllfrfrrlfrllffrrllffflfrfllfflfrrflfrrlfrfrrllfffllfrrffffflrllrllfrfffrrfllfflfrrflrllflrr"/>
        <trajectory sample="186" generation="186000"
                    bestEnergy="-40.0" averageEnergy="-36.1639" worstEnergy="-33.0"
                    bestConformation="Conformation 41.0 -41.0 Flfrllrfllfrfrrlfrllffrrllffflfrfllfflfrrflfrrlfrfrrllfffllfrrffffflrllrllfrfffrrfllfflfrrflrllflrr"/>
        <trajectory sample="187" generation="187000"
                    bestEnergy="-40.0" averageEnergy="-36.2303" worstEnergy="-35.0"
                    bestConformation="Conformation 41.0 -41.0 Flfrllrfllfrfrrlfrllffrrllffflfrfllfflfrrflfrrlfrfrrllfffllfrrffffflrllrllfrfffrrfllfflfrrflrllflrr"/>
        <trajectory sample="188" generation="188000"
                    bestEnergy="-40.0" averageEnergy="-36.2991" worstEnergy="-35.0"
                    bestConformation="Conformation 41.0 -41.0 Flfrllrfllfrfrrlfrllffrrllffflfrfllfflfrrflfrrlfrfrrllfffllfrrffffflrllrllfrfffrrfllfflfrrflrllflrr"/>
        <trajectory sample="189" generation="189000"
                    bestEnergy="-40.0" averageEnergy="-36.3695" worstEnergy="-35.0"
                    bestConformation="Conformation 41.0 -41.0 Flfrllrfllfrfrrlfrllffrrllffflfrfllfflfrrflfrrlfrfrrllfffllfrrffffflrllrllfrfffrrfllfflfrrflrllflrr"/>
        <trajectory sample="190" generation="190000"
                    bestEnergy="-40.0" averageEnergy="-36.4364" worstEnergy="-29.0"
                    bestConformation="Conformation 41.0 -41.0 Flfrllrfllfrfrrlfrllffrrllffflfrfllfflfrrflfrrlfrfrrllfffllfrrffffflrllrllfrfffrrfllfflfrrflrllflrr"/>
        <trajectory sample="191" generation="191000"
                    bestEnergy="-40.0" averageEnergy="-36.4706" worstEnergy="-36.0"
                    bestConformation="Conformation 41.0 -41.0 Flfrllrfllfrfrrlfrllffrrllffflfrfllfflfrrflfrrlfrfrrllfffllfrrffffflrllrllfrfffrrfllfflfrrflrllflrr"/>
        <trajectory sample="192" generation="192000"
                    bestEnergy="-40.0" averageEnergy="-36.5044" worstEnergy="-34.0"
                    bestConformation="Conformation 41.0 -41.0 Flfrllrfllfrfrrlfrllffrrllffflfrfllfflfrrflfrrlfrfrrllfffllfrrffffflrllrllfrfffrrfllfflfrrflrllflrr"/>
        <trajectory sample="193" generation="193000"
                    bestEnergy="-40.0" averageEnergy="-36.5419" worstEnergy="-34.0"
                    bestConformation="Conformation 41.0 -41.0 Flfrllrfllfrfrrlfrllffrrllffflfrfllfflfrrflfrrlfrfrrllfffllfrrffffflrllrllfrfffrrfllfflfrrflrllflrr"/>
        <trajectory sample="194" generation="194000"
                    bestEnergy="-40.0" averageEnergy="-36.581" worstEnergy="-36.0"
                    bestConformation="Conformation 41.0 -41.0 Flfrllrfllfrfrrlfrllffrrllffflfrfllfflfrrflfrrlfrfrrllfffllfrrffffflrllrllfrfffrrfllfflfrrflrllflrr"/>
        <trajectory sample="195" generation="195000"
                    bestEnergy="-40.0" averageEnergy="-36.6204" worstEnergy="-34.0"
                    bestConformation="Conformation 41.0 -41.0 Flfrllrfllfrfrrlfrllffrrllffflfrfllfflfrrflfrrlfrfrrllfffllfrrffffflrllrllfrfffrrfllfflfrrflrllflrr"/>
        <trajectory sample="196" generation="196000"
                    bestEnergy="-40.0" averageEnergy="-36.6615" worstEnergy="-36.0"
                    bestConformation="Conformation 41.0 -41.0 Flfrllrfllfrfrrlfrllffrrllffflfrfllfflfrrflfrrlfrfrrllfffllfrrffffflrllrllfrfffrrfllfflfrrflrllflrr"/>
        <trajectory sample="197" generation="197000"
                    bestEnergy="-40.0" averageEnergy="-36.7045" worstEnergy="-28.0"
                    bestConformation="Conformation 41.0 -41.0 Flfrllrfllfrfrrlfrllffrrllffflfrfllfflfrrflfrrlfrfrrllfffllfrrffffflrllrllfrfffrrfllfflfrrflrllflrr"/>
        <trajectory sample="198" generation="198000"
                    bestEnergy="-40.0" averageEnergy="-36.7487" worstEnergy="-36.0"
                    bestConformation="Conformation 41.0 -41.0 Flfrllrfllfrfrrlfrllffrrllffflfrfllfflfrrflfrrlfrfrrllfffllfrrffffflrllrllfrfffrrfllfflfrrflrllflrr"/>
        <trajectory sample="199" generation="199000"
                    bestEnergy="-40.0" averageEnergy="-36.8047" worstEnergy="-36.0"
                    bestConformation="Conformation 41.0 -41.0 Flfrllrfllfrfrrlfrllffrrllffflfrfllfflfrrflfrrlfrfrrllfffllfrrffffflrllrllfrfffrrfllfflfrrflrllflrr"/>
        <trajectory sample="200" generation="200000"
                    bestEnergy="-40.0" averageEnergy="-36.8537" worstEnergy="-31.0"
                    bestConformation="Conformation 41.0 -41.0 Flfrllrfllfrfrrlfrllffrrllffflfrfllfflfrrflfrrlfrfrrllfffllfrrffffflrllrllfrfffrrfllfflfrrflrllflrr"/>
        <trajectory sample="201" generation="201000"
                    bestEnergy="-40.0" averageEnergy="-36.9039" worstEnergy="-29.0"
                    bestConformation="Conformation 41.0 -41.0 Flfrllrfllfrfrrlfrllffrrllffflfrfllfflfrrflfrrlfrfrrllfffllfrrffffflrllrllfrfffrrfllfflfrrflrllflrr"/>
        <trajectory sample="202" generation="202000"
                    bestEnergy="-40.0" averageEnergy="-36.9597" worstEnergy="-27.0"
                    bestConformation="Conformation 41.0 -41.0 Flfrllrfllfrfrrlfrllffrrllffflfrfllfflfrrflfrrlfrfrrllfffllfrrffffflrllrllfrfffrrfllfflfrrflrllflrr"/>
        <trajectory sample="203" generation="203000"
                    bestEnergy="-40.0" averageEnergy="-37.0188" worstEnergy="-35.0"
                    bestConformation="Conformation 41.0 -41.0 Flfrllrfllfrfrrlfrllffrrllffflfrfllfflfrrflfrrlfrfrrllfffllfrrffffflrllrllfrfffrrfllfflfrrflrllflrr"/>
        <trajectory sample="204" generation="204000"
                    bestEnergy="-40.0" averageEnergy="-37.0811" worstEnergy="-36.0"
                    bestConformation="Conformation 41.0 -41.0 Flfrllrfllfrfrrlfrllffrrllffflfrfllfflfrrflfrrlfrfrrllfffllfrrffffflrllrllfrfffrrfllfflfrrflrllflrr"/>
        <trajectory sample="205" generation="205000"
                    bestEnergy="-40.0" averageEnergy="-37.1437" worstEnergy="-34.0"
                    bestConformation="Conformation 41.0 -41.0 Flfrllrfllfrfrrlfrllffrrllffflfrfllfflfrrflfrrlfrfrrllfffllfrrffffflrllrllfrfffrrfllfflfrrflrllflrr"/>
        <trajectory sample="206" generation="206000"
                    bestEnergy="-40.0" averageEnergy="-37.2026" worstEnergy="-36.0"
                    bestConformation="Conformation 41.0 -41.0 Flfrllrfllfrfrrlfrllffrrllffflfrfllfflfrrflfrrlfrfrrllfffllfrrffffflrllrllfrfffrrfllfflfrrflrllflrr"/>
        <trajectory sample="207" generation="207000"
                    bestEnergy="-40.0" averageEnergy="-37.2674" worstEnergy="-36.0"
                    bestConformation="Conformation 41.0 -41.0 Flfrllrfllfrfrrlfrllffrrllffflfrfllfflfrrflfrrlfrfrrllfffllfrrffffflrllrllfrfffrrfllfflfrrflrllflrr"/>
        <trajectory sample="208" generation="208000"
                    bestEnergy="-40.0" averageEnergy="-37.3318" worstEnergy="-36.0"
                    bestConformation="Conformation 41.0 -41.0 Flfrllrfllfrfrrlfrllffrrllffflfrfllfflfrrflfrrlfrfrrllfffllfrrffffflrllrllfrfffrrfllfflfrrflrllflrr"/>
        <trajectory sample="209" generation="209000"
                    bestEnergy="-40.0" averageEnergy="-37.3996" worstEnergy="-36.0"
                    bestConformation="Conformation 41.0 -41.0 Flfrllrfllfrfrrlfrllffrrllffflfrfllfflfrrflfrrlfrfrrllfffllfrrffffflrllrllfrfffrrfllfflfrrflrllflrr"/>
        <trajectory sample="210" generation="210000"
                    bestEnergy="-40.0" averageEnergy="-37.4502" worstEnergy="-35.0"
                    bestConformation="Conformation 41.0 -41.0 Flfrllrfllfrfrrlfrllffrrllffflfrfllfflfrrflfrrlfrfrrllfffllfrrffffflrllrllfrfffrrfllfflfrrflrllflrr"/>
        <trajectory sample="211" generation="211000"
                    bestEnergy="-40.0" averageEnergy="-37.4794" worstEnergy="-27.0"
                    bestConformation="Conformation 41.0 -41.0 Flfrllrfllfrfrrlfrllffrrllffflfrfllfflfrrflfrrlfrfrrllfffllfrrffffflrllrllfrfffrrfllfflfrrflrllflrr"/>
        <trajectory sample="212" generation="212000"
                    bestEnergy="-40.0" averageEnergy="-37.5079" worstEnergy="-37.0"
                    bestConformation="Conformation 41.0 -41.0 Flfrllrfllfrfrrlfrllffrrllffflfrfllfflfrrflfrrlfrfrrllfffllfrrffffflrllrllfrfffrrfllfflfrrflrllflrr"/>
        <trajectory sample="213" generation="213000"
                    bestEnergy="-40.0" averageEnergy="-37.5373" worstEnergy="-37.0"
                    bestConformation="Conformation 41.0 -41.0 Flfrllrfllfrfrrlfrllffrrllffflfrfllfflfrrflfrrlfrfrrllfffllfrrffffflrllrllfrfffrrfllfflfrrflrllflrr"/>
        <trajectory sample="214" generation="214000"
                    bestEnergy="-40.0" averageEnergy="-37.5695" worstEnergy="-35.0"
                    bestConformation="Conformation 41.0 -41.0 Flfrllrfllfrfrrlfrllffrrllffflfrfllfflfrrflfrrlfrfrrllfffllfrrffffflrllrllfrfffrrfllfflfrrflrllflrr"/>
        <trajectory sample="215" generation="215000"
                    bestEnergy="-40.0" averageEnergy="-37.6043" worstEnergy="-37.0"
                    bestConformation="Conformation 41.0 -41.0 Flfrllrfllfrfrrlfrllffrrllffflfrfllfflfrrflfrrlfrfrrllfffllfrrffffflrllrllfrfffrrfllfflfrrflrllflrr"/>
        <trajectory sample="216" generation="216000"
                    bestEnergy="-40.0" averageEnergy="-37.6405" worstEnergy="-30.0"
                    bestConformation="Conformation 41.0 -41.0 Flfrllrfllfrfrrlfrllffrrllffflfrfllfflfrrflfrrlfrfrrllfffllfrrffffflrllrllfrfffrrfllfflfrrflrllflrr"/>
        <trajectory sample="217" generation="217000"
                    bestEnergy="-40.0" averageEnergy="-37.677" worstEnergy="-37.0"
                    bestConformation="Conformation 41.0 -41.0 Flfrllrfllfrfrrlfrllffrrllffflfrfllfflfrrflfrrlfrfrrllfffllfrrffffflrllrllfrfffrrfllfflfrrflrllflrr"/>
        <trajectory sample="218" generation="218000"
                    bestEnergy="-40.0" averageEnergy="-37.7125" worstEnergy="-31.0"
                    bestConformation="Conformation 41.0 -41.0 Flfrllrfllfrfrrlfrllffrrllffflfrfllfflfrrflfrrlfrfrrllfffllfrrffffflrllrllfrfffrrfllfflfrrflrllflrr"/>
        <trajectory sample="219" generation="219000"
                    bestEnergy="-40.0" averageEnergy="-37.7541" worstEnergy="-37.0"
                    bestConformation="Conformation 41.0 -41.0 Flfrllrfllfrfrrlfrllffrrllffflfrfllfflfrrflfrrlfrfrrllfffllfrrffffflrllrllfrfffrrfllfflfrrflrllflrr"/>
        <trajectory sample="220" generation="220000"
                    bestEnergy="-40.0" averageEnergy="-37.7968" worstEnergy="-30.0"
                    bestConformation="Conformation 41.0 -41.0 Flfrllrfllfrfrrlfrllffrrllffflfrfllfflfrrflfrrlfrfrrllfffllfrrffffflrllrllfrfffrrfllfflfrrflrllflrr"/>
        <trajectory sample="221" generation="221000"
                    bestEnergy="-40.0" averageEnergy="-37.843" worstEnergy="-36.0"
                    bestConformation="Conformation 41.0 -41.0 Flfrllrfllfrfrrlfrllffrrllffflfrfllfflfrrflfrrlfrfrrllfffllfrrffffflrllrllfrfffrrfllfflfrrflrllflrr"/>
        <trajectory sample="222" generation="222000"
                    bestEnergy="-40.0" averageEnergy="-37.8847" worstEnergy="-37.0"
                    bestConformation="Conformation 41.0 -41.0 Flfrllrfllfrfrrlfrllffrrllffflfrfllfflfrrflfrrlfrfrrllfffllfrrffffflrllrllfrfffrrfllfflfrrflrllflrr"/>
        <trajectory sample="223" generation="223000"
                    bestEnergy="-40.0" averageEnergy="-37.9289" worstEnergy="-33.0"
                    bestConformation="Conformation 41.0 -41.0 Flfrllrfllfrfrrlfrllffrrllffflfrfllfflfrrflfrrlfrfrrllfffllfrrffffflrllrllfrfffrrfllfflfrrflrllflrr"/>
        <trajectory sample="224" generation="224000"
                    bestEnergy="-40.0" averageEnergy="-37.9721" worstEnergy="-32.0"
                    bestConformation="Conformation 41.0 -41.0 Flfrllrfllfrfrrlfrllffrrllffflfrfllfflfrrflfrrlfrfrrllfffllfrrffffflrllrllfrfffrrfllfflfrrflrllflrr"/>
        <trajectory sample="225" generation="225000"
                    bestEnergy="-40.0" averageEnergy="-38.0205" worstEnergy="-37.0"
                    bestConformation="Conformation 41.0 -41.0 Flfrllrfllfrfrrlfrllffrrllffflfrfllfflfrrflfrrlfrfrrllfffllfrrffffflrllrllfrfffrrfllfflfrrflrllflrr"/>
        <trajectory sample="226" generation="226000"
                    bestEnergy="-40.0" averageEnergy="-38.0679" worstEnergy="-36.0"
                    bestConformation="Conformation 41.0 -41.0 Flfrllrfllfrfrrlfrllffrrllffflfrfllfflfrrflfrrlfrfrrllfffllfrrffffflrllrllfrfffrrfllfflfrrflrllflrr"/>
        <trajectory sample="227" generation="227000"
                    bestEnergy="-40.0" averageEnergy="-38.1184" worstEnergy="-37.0"
                    bestConformation="Conformation 41.0 -41.0 Flfrllrfllfrfrrlfrllffrrllffflfrfllfflfrrflfrrlfrfrrllfffllfrrffffflrllrllfrfffrrfllfflfrrflrllflrr"/>
        <trajectory sample="228" generation="228000"
                    bestEnergy="-40.0" averageEnergy="-38.1708" worstEnergy="-30.0"
                    bestConformation="Conformation 41.0 -41.0 Flfrllrfllfrfrrlfrllffrrllffflfrfllfflfrrflfrrlfrfrrllfffllfrrffffflrllrllfrfffrrfllfflfrrflrllflrr"/>
        <trajectory sample="229" generation="229000"
                    bestEnergy="-41.0" averageEnergy="-38.2122" worstEnergy="-34.0"
                    bestConformation="Conformation 41.0 -41.0 Ffllfrllrffrlrfrrlrllrflffrlflfrfllfflrrllrrfrlfrfrrllfffllfrrffffflrllrllfrfffrrfllfflfrrfflflflrr"/>
        <trajectory sample="230" generation="230000"
                    bestEnergy="-41.0" averageEnergy="-38.2268" worstEnergy="-38.0"
                    bestConformation="Conformation 41.0 -41.0 Ffllfrllrffrlrfrrlrllrflffrlflfrfllfflrrllrrfrlfrfrrllfffllfrrffffflrllrllfrfffrrfllfflfrrfflflflrr"/>
        <trajectory sample="231" generation="231000"
                    bestEnergy="-41.0" averageEnergy="-38.2413" worstEnergy="-34.0"
                    bestConformation="Conformation 41.0 -41.0 Ffllfrllrffrlrfrrlrllrflffrlflfrfllfflrrllrrfrlfrfrrllfffllfrrffffflrllrllfrfffrrfllfflfrrfflflflrr"/>
        <trajectory sample="232" generation="232000"
                    bestEnergy="-41.0" averageEnergy="-38.2558" worstEnergy="-31.0"
                    bestConformation="Conformation 41.0 -41.0 Ffllfrllrffrlrfrrlrllrflffrlflfrfllfflrrllrrfrlfrfrrllfffllfrrffffflrllrllfrfffrrfllfflfrrfflflflrr"/>
        <trajectory sample="233" generation="233000"
                    bestEnergy="-41.0" averageEnergy="-38.2726" worstEnergy="-38.0"
                    bestConformation="Conformation 41.0 -41.0 Ffllfrllrffrlrfrrlrllrflffrlflfrfllfflrrllrrfrlfrfrrllfffllfrrffffflrllrllfrfffrrfllfflfrrfflflflrr"/>
        <trajectory sample="234" generation="234000"
                    bestEnergy="-41.0" averageEnergy="-38.2914" worstEnergy="-38.0"
                    bestConformation="Conformation 41.0 -41.0 Ffllfrllrffrlrfrrlrllrflffrlflfrfllfflrrllrrfrlfrfrrllfffllfrrffffflrllrllfrfffrrfllfflfrrfflflflrr"/>
        <trajectory sample="235" generation="235000"
                    bestEnergy="-41.0" averageEnergy="-38.3076" worstEnergy="-38.0"
                    bestConformation="Conformation 41.0 -41.0 Ffllfrllrffrlrfrrlrllrflffrlflfrfllfflrrllrrfrlfrfrrllfffllfrrffffflrllrllfrfffrrfllfflfrrfflflflrr"/>
        <trajectory sample="236" generation="236000"
                    bestEnergy="-41.0" averageEnergy="-38.3256" worstEnergy="-31.0"
                    bestConformation="Conformation 41.0 -41.0 Ffllfrllrffrlrfrrlrllrflffrlflfrfllfflrrllrrfrlfrfrrllfffllfrrffffflrllrllfrfffrrfllfflfrrfflflflrr"/>
        <trajectory sample="237" generation="237000"
                    bestEnergy="-41.0" averageEnergy="-38.3439" worstEnergy="-31.0"
                    bestConformation="Conformation 41.0 -41.0 Ffllfrllrffrlrfrrlrllrflffrlflfrfllfflrrllrrfrlfrfrrllfffllfrrffffflrllrllfrfffrrfllfflfrrfflflflrr"/>
        <trajectory sample="238" generation="238000"
                    bestEnergy="-41.0" averageEnergy="-38.3661" worstEnergy="-38.0"
                    bestConformation="Conformation 41.0 -41.0 Ffllfrllrffrlrfrrlrllrflffrlflfrfllfflrrllrrfrlfrfrrllfffllfrrffffflrllrllfrfffrrfllfflfrrfflflflrr"/>
        <trajectory sample="239" generation="239000"
                    bestEnergy="-41.0" averageEnergy="-38.3858" worstEnergy="-34.0"
                    bestConformation="Conformation 41.0 -41.0 Ffllfrllrffrlrfrrlrllrflffrlflfrfllfflrrllrrfrlfrfrrllfffllfrrffffflrllrllfrfffrrfllfflfrrfflflflrr"/>
        <trajectory sample="240" generation="240000"
                    bestEnergy="-41.0" averageEnergy="-38.4098" worstEnergy="-33.0"
                    bestConformation="Conformation 41.0 -41.0 Ffllfrllrffrlrfrrlrllrflffrlflfrfllfflrrllrrfrlfrfrrllfffllfrrffffflrllrllfrfffrrfllfflfrrfflflflrr"/>
        <trajectory sample="241" generation="241000"
                    bestEnergy="-41.0" averageEnergy="-38.4352" worstEnergy="-26.0"
                    bestConformation="Conformation 41.0 -41.0 Ffllfrllrffrlrfrrlrllrflffrlflfrfllfflrrllrrfrlfrfrrllfffllfrrffffflrllrllfrfffrrfllfflfrrfflflflrr"/>
        <trajectory sample="242" generation="242000"
                    bestEnergy="-41.0" averageEnergy="-38.4615" worstEnergy="-28.0"
                    bestConformation="Conformation 41.0 -41.0 Ffllfrllrffrlrfrrlrllrflffrlflfrfllfflrrllrrfrlfrfrrllfffllfrrffffflrllrllfrfffrrfllfflfrrfflflflrr"/>
        <trajectory sample="243" generation="243000"
                    bestEnergy="-41.0" averageEnergy="-38.4876" worstEnergy="-38.0"
                    bestConformation="Conformation 41.0 -41.0 Ffllfrllrffrlrfrrlrllrflffrlflfrfllfflrrllrrfrlfrfrrllfffllfrrffffflrllrllfrfffrrfllfflfrrfflflflrr"/>
        <trajectory sample="244" generation="244000"
                    bestEnergy="-41.0" averageEnergy="-38.5194" worstEnergy="-38.0"
                    bestConformation="Conformation 41.0 -41.0 Ffllfrllrffrlrfrrlrllrflffrlflfrfllfflrrllrrfrlfrfrrllfffllfrrffffflrllrllfrfffrrfllfflfrrfflflflrr"/>
        <trajectory sample="245" generation="245000"
                    bestEnergy="-41.0" averageEnergy="-38.5487" worstEnergy="-34.0"
                    bestConformation="Conformation 41.0 -41.0 Ffllfrllrffrlrfrrlrllrflffrlflfrfllfflrrllrrfrlfrfrrllfffllfrrffffflrllrllfrfffrrfllfflfrrfflflflrr"/>
        <trajectory sample="246" generation="246000"
                    bestEnergy="-41.0" averageEnergy="-38.5811" worstEnergy="-31.0"
                    bestConformation="Conformation 41.0 -41.0 Ffllfrllrffrlrfrrlrllrflffrlflfrfllfflrrllrrfrlfrfrrllfffllfrrffffflrllrllfrfffrrfllfflfrrfflflflrr"/>
        <trajectory sample="247" generation="247000"
                    bestEnergy="-41.0" averageEnergy="-38.6167" worstEnergy="-38.0"
                    bestConformation="Conformation 41.0 -41.0 Ffllfrllrffrlrfrrlrllrflffrlflfrfllfflrrllrrfrlfrfrrllfffllfrrffffflrllrllfrfffrrfllfflfrrfflflflrr"/>
        <trajectory sample="248" generation="248000"
                    bestEnergy="-41.0" averageEnergy="-38.6503" worstEnergy="-32.0"
                    bestConformation="Conformation 41.0 -41.0 Ffllfrllrffrlrfrrlrllrflffrlflfrfllfflrrllrrfrlfrfrrllfffllfrrffffflrllrllfrfffrrfllfflfrrfflflflrr"/>
        <trajectory sample="249" generation="249000"
                    bestEnergy="-41.0" averageEnergy="-38.6863" worstEnergy="-38.0"
                    bestConformation="Conformation 41.0 -41.0 Ffllfrllrffrlrfrrlrllrflffrlflfrfllfflrrllrrfrlfrfrrllfffllfrrffffflrllrllfrfffrrfllfflfrrfflflflrr"/>
        <trajectory sample="250" generation="250000"
                    bestEnergy="-41.0" averageEnergy="-38.7237" worstEnergy="-38.0"
                    bestConformation="Conformation 41.0 -41.0 Ffllfrllrffrlrfrrlrllrflffrlflfrfllfflrrllrrfrlfrfrrllfffllfrrffffflrllrllfrfffrrfllfflfrrfflflflrr"/>
        <trajectory sample="251" generation="251000"
                    bestEnergy="-41.0" averageEnergy="-38.7598" worstEnergy="-38.0"
                    bestConformation="Conformation 41.0 -41.0 Ffllfrllrffrlrfrrlrllrflffrlflfrfllfflrrllrrfrlfrfrrllfffllfrrffffflrllrllfrfffrrfllfflfrrfflflflrr"/>
        <trajectory sample="252" generation="252000"
                    bestEnergy="-41.0" averageEnergy="-38.7968" worstEnergy="-37.0"
                    bestConformation="Conformation 41.0 -41.0 Ffllfrllrffrlrfrrlrllrflffrlflfrfllfflrrllrrfrlfrfrrllfffllfrrffffflrllrllfrfffrrfllfflfrrfflflflrr"/>
        <trajectory sample="253" generation="253000"
                    bestEnergy="-41.0" averageEnergy="-38.8352" worstEnergy="-32.0"
                    bestConformation="Conformation 41.0 -41.0 Ffllfrllrffrlrfrrlrllrflffrlflfrfllfflrrllrrfrlfrfrrllfffllfrrffffflrllrllfrfffrrfllfflfrrfflflflrr"/>
        <trajectory sample="254" generation="254000"
                    bestEnergy="-41.0" averageEnergy="-38.8799" worstEnergy="-38.0"
                    bestConformation="Conformation 41.0 -41.0 Ffllfrllrffrlrfrrlrllrflffrlflfrfllfflrrllrrfrlfrfrrllfffllfrrffffflrllrllfrfffrrfllfflfrrfflflflrr"/>
        <trajectory sample="255" generation="255000"
                    bestEnergy="-41.0" averageEnergy="-38.9181" worstEnergy="-38.0"
                    bestConformation="Conformation 41.0 -41.0 Ffllfrllrffrlrfrrlrllrflffrlflfrfllfflrrllrrfrlfrfrrllfffllfrrffffflrllrllfrfffrrfllfflfrrfflflflrr"/>
        <trajectory sample="256" generation="256000"
                    bestEnergy="-41.0" averageEnergy="-38.966" worstEnergy="-34.0"
                    bestConformation="Conformation 41.0 -41.0 Ffllfrllrffrlrfrrlrllrflffrlflfrfllfflrrllrrfrlfrfrrllfffllfrrffffflrllrllfrfffrrfllfflfrrfflflflrr"/>
        <trajectory sample="257" generation="257000"
                    bestEnergy="-41.0" averageEnergy="-39.0139" worstEnergy="-38.0"
                    bestConformation="Conformation 41.0 -41.0 Ffllfrllrffrlrfrrlrllrflffrlflfrfllfflrrllrrfrlfrfrrllfffllfrrffffflrllrllfrfffrrfllfflfrrfflflflrr"/>
        <trajectory sample="258" generation="258000"
                    bestEnergy="-41.0" averageEnergy="-39.0617" worstEnergy="-38.0"
                    bestConformation="Conformation 41.0 -41.0 Ffllfrllrffrlrfrrlrllrflffrlflfrfllfflrrllrrfrlfrfrrllfffllfrrffffflrllrllfrfffrrfllfflfrrfflflflrr"/>
        <trajectory sample="259" generation="259000"
                    bestEnergy="-41.0" averageEnergy="-39.1102" worstEnergy="-34.0"
                    bestConformation="Conformation 41.0 -41.0 Ffllfrllrffrlrfrrlrllrflffrlflfrfllfflrrllrrfrlfrfrrllfffllfrrffffflrllrllfrfffrrfllfflfrrfflflflrr"/>
        <trajectory sample="260" generation="260000"
                    bestEnergy="-41.0" averageEnergy="-39.1672" worstEnergy="-36.0"
                    bestConformation="Conformation 41.0 -41.0 Ffllfrllrffrlrfrrlrllrflffrlflfrfllfflrrllrrfrlfrfrrllfffllfrrffffflrllrllfrfffrrfllfflfrrfflflflrr"/>
        <trajectory sample="261" generation="261000"
                    bestEnergy="-41.0" averageEnergy="-39.2125" worstEnergy="-35.0"
                    bestConformation="Conformation 41.0 -41.0 Ffllfrllrffrlrfrrlrllrflffrlflfrfllfflrrllrrfrlfrfrrllfffllfrrffffflrllrllfrfffrrfllfflfrrfflflflrr"/>
        <trajectory sample="262" generation="262000"
                    bestEnergy="-41.0" averageEnergy="-39.2274" worstEnergy="-34.0"
                    bestConformation="Conformation 41.0 -41.0 Ffllfrllrffrlrfrrlrllrflffrlflfrfllfflrrllrrfrlfrfrrllfffllfrrffffflrllrllfrfffrrfllfflfrrfflflflrr"/>
        <trajectory sample="263" generation="263000"
                    bestEnergy="-41.0" averageEnergy="-39.2453" worstEnergy="-37.0"
                    bestConformation="Conformation 41.0 -41.0 Ffllfrllrffrlrfrrlrllrflffrlflfrfllfflrrllrrfrlfrfrrllfffllfrrffffflrllrllfrfffrrfllfflfrrfflflflrr"/>
        <trajectory sample="264" generation="264000"
                    bestEnergy="-41.0" averageEnergy="-39.2613" worstEnergy="-34.0"
                    bestConformation="Conformation 41.0 -41.0 Ffllfrllrffrlrfrrlrllrflffrlflfrfllfflrrllrrfrlfrfrrllfffllfrrffffflrllrllfrfffrrfllfflfrrfflflflrr"/>
        <trajectory sample="265" generation="265000"
                    bestEnergy="-41.0" averageEnergy="-39.2795" worstEnergy="-34.0"
                    bestConformation="Conformation 41.0 -41.0 Ffllfrllrffrlrfrrlrllrflffrlflfrfllfflrrllrrfrlfrfrrllfffllfrrffffflrllrllfrfffrrfllfflfrrfflflflrr"/>
        <trajectory sample="266" generation="266000"
                    bestEnergy="-41.0" averageEnergy="-39.2997" worstEnergy="-39.0"
                    bestConformation="Conformation 41.0 -41.0 Ffllfrllrffrlrfrrlrllrflffrlflfrfllfflrrllrrfrlfrfrrllfffllfrrffffflrllrllfrfffrrfllfflfrrfflflflrr"/>
        <trajectory sample="267" generation="267000"
                    bestEnergy="-41.0" averageEnergy="-39.3214" worstEnergy="-34.0"
                    bestConformation="Conformation 41.0 -41.0 Ffllfrllrffrlrfrrlrllrflffrlflfrfllfflrrllrrfrlfrfrrllfffllfrrffffflrllrllfrfffrrfllfflfrrfflflflrr"/>
        <trajectory sample="268" generation="268000"
                    bestEnergy="-41.0" averageEnergy="-39.3425" worstEnergy="-39.0"
                    bestConformation="Conformation 41.0 -41.0 Ffllfrllrffrlrfrrlrllrflffrlflfrfllfflrrllrrfrlfrfrrllfffllfrrffffflrllrllfrfffrrfllfflfrrfflflflrr"/>
        <trajectory sample="269" generation="269000"
                    bestEnergy="-41.0" averageEnergy="-39.3654" worstEnergy="-34.0"
                    bestConformation="Conformation 41.0 -41.0 Ffllfrllrffrlrfrrlrllrflffrlflfrfllfflrrllrrfrlfrfrrllfffllfrrffffflrllrllfrfffrrfllfflfrrfflflflrr"/>
        <trajectory sample="270" generation="270000"
                    bestEnergy="-41.0" averageEnergy="-39.3897" worstEnergy="-36.0"
                    bestConformation="Conformation 41.0 -41.0 Ffllfrllrffrlrfrrlrllrflffrlflfrfllfflrrllrrfrlfrfrrllfffllfrrffffflrllrllfrfffrrfllfflfrrfflflflrr"/>
        <trajectory sample="271" generation="271000"
                    bestEnergy="-41.0" averageEnergy="-39.4122" worstEnergy="-31.0"
                    bestConformation="Conformation 41.0 -41.0 Ffllfrllrffrlrfrrlrllrflffrlflfrfllfflrrllrrfrlfrfrrllfffllfrrffffflrllrllfrfffrrfllfflfrrfflflflrr"/>
        <trajectory sample="272" generation="272000"
                    bestEnergy="-41.0" averageEnergy="-39.4362" worstEnergy="-39.0"
                    bestConformation="Conformation 41.0 -41.0 Ffllfrllrffrlrfrrlrllrflffrlflfrfllfflrrllrrfrlfrfrrllfffllfrrffffflrllrllfrfffrrfllfflfrrfflflflrr"/>
        <trajectory sample="273" generation="273000"
                    bestEnergy="-41.0" averageEnergy="-39.4598" worstEnergy="-29.0"
                    bestConformation="Conformation 41.0 -41.0 Ffllfrllrffrlrfrrlrllrflffrlflfrfllfflrrllrrfrlfrfrrllfffllfrrffffflrllrllfrfffrrfllfflfrrfflflflrr"/>
        <trajectory sample="274" generation="274000"
                    bestEnergy="-41.0" averageEnergy="-39.4884" worstEnergy="-32.0"
                    bestConformation="Conformation 41.0 -41.0 Ffllfrllrffrlrfrrlrllrflffrlflfrfllfflrrllrrfrlfrfrrllfffllfrrffffflrllrllfrfffrrfllfflfrrfflflflrr"/>
        <trajectory sample="275" generation="275000"
                    bestEnergy="-41.0" averageEnergy="-39.5192" worstEnergy="-39.0"
                    bestConformation="Conformation 41.0 -41.0 Ffllfrllrffrlrfrrlrllrflffrlflfrfllfflrrllrrfrlfrfrrllfffllfrrffffflrllrllfrfffrrfllfflfrrfflflflrr"/>
        <trajectory sample="276" generation="276000"
                    bestEnergy="-41.0" averageEnergy="-39.5475" worstEnergy="-34.0"
                    bestConformation="Conformation 41.0 -41.0 Ffllfrllrffrlrfrrlrllrflffrlflfrfllfflrrllrrfrlfrfrrllfffllfrrffffflrllrllfrfffrrfllfflfrrfflflflrr"/>
        <trajectory sample="277" generation="277000"
                    bestEnergy="-41.0" averageEnergy="-39.5805" worstEnergy="-29.0"
                    bestConformation="Conformation 41.0 -41.0 Ffllfrllrffrlrfrrlrllrflffrlflfrfllfflrrllrrfrlfrfrrllfffllfrrffffflrllrllfrfffrrfllfflfrrfflflflrr"/>
        <trajectory sample="278" generation="278000"
                    bestEnergy="-41.0" averageEnergy="-39.6186" worstEnergy="-39.0"
                    bestConformation="Conformation 41.0 -41.0 Ffllfrllrffrlrfrrlrllrflffrlflfrfllfflrrllrrfrlfrfrrllfffllfrrffffflrllrllfrfffrrfllfflfrrfflflflrr"/>
        <trajectory sample="279" generation="279000"
                    bestEnergy="-41.0" averageEnergy="-39.6524" worstEnergy="-33.0"
                    bestConformation="Conformation 41.0 -41.0 Ffllfrllrffrlrfrrlrllrflffrlflfrfllfflrrllrrfrlfrfrrllfffllfrrffffflrllrllfrfffrrfllfflfrrfflflflrr"/>
        <trajectory sample="280" generation="280000"
                    bestEnergy="-41.0" averageEnergy="-39.688" worstEnergy="-39.0"
                    bestConformation="Conformation 41.0 -41.0 Ffllfrllrffrlrfrrlrllrflffrlflfrfllfflrrllrrfrlfrfrrllfffllfrrffffflrllrllfrfffrrfllfflfrrfflflflrr"/>
        <trajectory sample="281" generation="281000"
                    bestEnergy="-41.0" averageEnergy="-39.7256" worstEnergy="-26.0"
                    bestConformation="Conformation 41.0 -41.0 Ffllfrllrffrlrfrrlrllrflffrlflfrfllfflrrllrrfrlfrfrrllfffllfrrffffflrllrllfrfffrrfllfflfrrfflflflrr"/>
        <trajectory sample="282" generation="282000"
                    bestEnergy="-41.0" averageEnergy="-39.7638" worstEnergy="-39.0"
                    bestConformation="Conformation 41.0 -41.0 Ffllfrllrffrlrfrrlrllrflffrlflfrfllfflrrllrrfrlfrfrrllfffllfrrffffflrllrllfrfffrrfllfflfrrfflflflrr"/>
        <trajectory sample="283" generation="283000"
                    bestEnergy="-41.0" averageEnergy="-39.8041" worstEnergy="-39.0"
                    bestConformation="Conformation 41.0 -41.0 Ffllfrllrffrlrfrrlrllrflffrlflfrfllfflrrllrrfrlfrfrrllfffllfrrffffflrllrllfrfffrrfllfflfrrfflflflrr"/>
        <trajectory sample="284" generation="284000"
                    bestEnergy="-41.0" averageEnergy="-39.8425" worstEnergy="-29.0"
                    bestConformation="Conformation 41.0 -41.0 Ffllfrllrffrlrfrrlrllrflffrlflfrfllfflrrllrrfrlfrfrrllfffllfrrffffflrllrllfrfffrrfllfflfrrfflflflrr"/>
        <trajectory sample="285" generation="285000"
                    bestEnergy="-41.0" averageEnergy="-39.8833" worstEnergy="-39.0"
                    bestConformation="Conformation 41.0 -41.0 Ffllfrllrffrlrfrrlrllrflffrlflfrfllfflrrllrrfrlfrfrrllfffllfrrffffflrllrllfrfffrrfllfflfrrfflflflrr"/>
        <trajectory sample="286" generation="286000"
                    bestEnergy="-41.0" averageEnergy="-39.9277" worstEnergy="-39.0"
                    bestConformation="Conformation 41.0 -41.0 Ffllfrllrffrlrfrrlrllrflffrlflfrfllfflrrllrrfrlfrfrrllfffllfrrffffflrllrllfrfffrrfllfflfrrfflflflrr"/>
        <trajectory sample="287" generation="287000"
                    bestEnergy="-41.0" averageEnergy="-39.9693" worstEnergy="-33.0"
                    bestConformation="Conformation 41.0 -41.0 Ffllfrllrffrlrfrrlrllrflffrlflfrfllfflrrllrrfrlfrfrrllfffllfrrffffflrllrllfrfffrrfllfflfrrfflflflrr"/>
        <trajectory sample="288" generation="288000"
                    bestEnergy="-41.0" averageEnergy="-40.0142" worstEnergy="-36.0"
                    bestConformation="Conformation 41.0 -41.0 Ffllfrllrffrlrfrrlrllrflffrlflfrfllfflrrllrrfrlfrfrrllfffllfrrffffflrllrllfrfffrrfllfflfrrfflflflrr"/>
        <trajectory sample="289" generation="289000"
                    bestEnergy="-41.0" averageEnergy="-40.0587" worstEnergy="-35.0"
                    bestConformation="Conformation 41.0 -41.0 Ffllfrllrffrlrfrrlrllrflffrlflfrfllfflrrllrrfrlfrfrrllfffllfrrffffflrllrllfrfffrrfllfflfrrfflflflrr"/>
        <trajectory sample="290" generation="290000"
                    bestEnergy="-41.0" averageEnergy="-40.0767" worstEnergy="-38.0"
                    bestConformation="Conformation 41.0 -41.0 Ffllfrllrffrlrfrrlrllrflffrlflfrfllfflrrllrrfrlfrfrrllfffllfrrffffflrllrllfrfffrrfllfflfrrfflflflrr"/>
        <trajectory sample="291" generation="291000"
                    bestEnergy="-41.0" averageEnergy="-40.0836" worstEnergy="-38.0"
                    bestConformation="Conformation 41.0 -41.0 Ffllfrllrffrlrfrrlrllrflffrlflfrfllfflrrllrrfrlfrfrrllfffllfrrffffflrllrllfrfffrrfllfflfrrfflflflrr"/>
        <trajectory sample="292" generation="292000"
                    bestEnergy="-41.0" averageEnergy="-40.0905" worstEnergy="-36.0"
                    bestConformation="Conformation 41.0 -41.0 Ffllfrllrffrlrfrrlrllrflffrlflfrfllfflrrllrrfrlfrfrrllfffllfrrffffflrllrllfrfffrrfllfflfrrfflflflrr"/>
        <trajectory sample="293" generation="293000"
                    bestEnergy="-41.0" averageEnergy="-40.0983" worstEnergy="-40.0"
                    bestConformation="Conformation 41.0 -41.0 Ffllfrllrffrlrfrrlrllrflffrlflfrfllfflrrllrrfrlfrfrrllfffllfrrffffflrllrllfrfffrrfllfflfrrfflflflrr"/>
        <trajectory sample="294" generation="294000"
                    bestEnergy="-41.0" averageEnergy="-40.1068" worstEnergy="-40.0"
                    bestConformation="Conformation 41.0 -41.0 Ffllfrllrffrlrfrrlrllrflffrlflfrfllfflrrllrrfrlfrfrrllfffllfrrffffflrllrllfrfffrrfllfflfrrfflflflrr"/>
        <trajectory sample="295" generation="295000"
                    bestEnergy="-41.0" averageEnergy="-40.1148" worstEnergy="-40.0"
                    bestConformation="Conformation 41.0 -41.0 Ffllfrllrffrlrfrrlrllrflffrlflfrfllfflrrllrrfrlfrfrrllfffllfrrffffflrllrllfrfffrrfllfflfrrfflflflrr"/>
        <trajectory sample="296" generation="296000"
                    bestEnergy="-41.0" averageEnergy="-40.125" worstEnergy="-40.0"
                    bestConformation="Conformation 41.0 -41.0 Ffllfrllrffrlrfrrlrllrflffrlflfrfllfflrrllrrfrlfrfrrllfffllfrrffffflrllrllfrfffrrfllfflfrrfflflflrr"/>
        <trajectory sample="297" generation="297000"
                    bestEnergy="-41.0" averageEnergy="-40.1326" worstEnergy="-37.0"
                    bestConformation="Conformation 41.0 -41.0 Ffllfrllrffrlrfrrlrllrflffrlflfrfllfflrrllrrfrlfrfrrllfffllfrrffffflrllrllfrfffrrfllfflfrrfflflflrr"/>
        <trajectory sample="298" generation="298000"
                    bestEnergy="-41.0" averageEnergy="-40.1452" worstEnergy="-40.0"
                    bestConformation="Conformation 41.0 -41.0 Ffllfrllrffrlrfrrlrllrflffrlflfrfllfflrrllrrfrlfrfrrllfffllfrrffffflrllrllfrfffrrfllfflfrrfflflflrr"/>
        <trajectory sample="299" generation="299000"
                    bestEnergy="-41.0" averageEnergy="-40.1564" worstEnergy="-37.0"
                    bestConformation="Conformation 41.0 -41.0 Ffllfrllrffrlrfrrlrllrflffrlflfrfllfflrrllrrfrlfrfrrllfffllfrrffffflrllrllfrfffrrfllfflfrrfflflflrr"/>
        <trajectory sample="300" generation="300000"
                    bestEnergy="-41.0" averageEnergy="-40.1685" worstEnergy="-31.0"
                    bestConformation="Conformation 41.0 -41.0 Ffllfrllrffrlrfrrlrllrflffrlflfrfllfflrrllrrfrlfrfrrllfffllfrrffffflrllrllfrfffrrfllfflfrrfflflflrr"/>
        <trajectory sample="301" generation="301000"
                    bestEnergy="-41.0" averageEnergy="-40.1814" worstEnergy="-35.0"
                    bestConformation="Conformation 41.0 -41.0 Ffllfrllrffrlrfrrlrllrflffrlflfrfllfflrrllrrfrlfrfrrllfffllfrrffffflrllrllfrfffrrfllfflfrrfflflflrr"/>
        <trajectory sample="302" generation="302000"
                    bestEnergy="-41.0" averageEnergy="-40.1944" worstEnergy="-34.0"
                    bestConformation="Conformation 41.0 -41.0 Ffllfrllrffrlrfrrlrllrflffrlflfrfllfflrrllrrfrlfrfrrllfffllfrrffffflrllrllfrfffrrfllfflfrrfflflflrr"/>
        <trajectory sample="303" generation="303000"
                    bestEnergy="-41.0" averageEnergy="-40.2102" worstEnergy="-38.0"
                    bestConformation="Conformation 41.0 -41.0 Ffllfrllrffrlrfrrlrllrflffrlflfrfllfflrrllrrfrlfrfrrllfffllfrrffffflrllrllfrfffrrfllfflfrrfflflflrr"/>
        <trajectory sample="304" generation="304000"
                    bestEnergy="-41.0" averageEnergy="-40.2256" worstEnergy="-34.0"
                    bestConformation="Conformation 41.0 -41.0 Ffllfrllrffrlrfrrlrllrflffrlflfrfllfflrrllrrfrlfrfrrllfffllfrrffffflrllrllfrfffrrfllfflfrrfflflflrr"/>
        <trajectory sample="305" generation="305000"
                    bestEnergy="-41.0" averageEnergy="-40.2418" worstEnergy="-40.0"
                    bestConformation="Conformation 41.0 -41.0 Ffllfrllrffrlrfrrlrllrflffrlflfrfllfflrrllrrfrlfrfrrllfffllfrrffffflrllrllfrfffrrfllfflfrrfflflflrr"/>
        <trajectory sample="306" generation="306000"
                    bestEnergy="-41.0" averageEnergy="-40.2616" worstEnergy="-40.0"
                    bestConformation="Conformation 41.0 -41.0 Ffllfrllrffrlrfrrlrllrflffrlflfrfllfflrrllrrfrlfrfrrllfffllfrrffffflrllrllfrfffrrfllfflfrrfflflflrr"/>
        <trajectory sample="307" generation="307000"
                    bestEnergy="-41.0" averageEnergy="-40.2775" worstEnergy="-34.0"
                    bestConformation="Conformation 41.0 -41.0 Ffllfrllrffrlrfrrlrllrflffrlflfrfllfflrrllrrfrlfrfrrllfffllfrrffffflrllrllfrfffrrfllfflfrrfflflflrr"/>
        <trajectory sample="308" generation="308000"
                    bestEnergy="-41.0" averageEnergy="-40.2958" worstEnergy="-32.0"
                    bestConformation="Conformation 41.0 -41.0 Ffllfrllrffrlrfrrlrllrflffrlflfrfllfflrrllrrfrlfrfrrllfffllfrrffffflrllrllfrfffrrfllfflfrrfflflflrr"/>
        <trajectory sample="309" generation="309000"
                    bestEnergy="-41.0" averageEnergy="-40.3159" worstEnergy="-39.0"
                    bestConformation="Conformation 41.0 -41.0 Ffllfrllrffrlrfrrlrllrflffrlflfrfllfflrrllrrfrlfrfrrllfffllfrrffffflrllrllfrfffrrfllfflfrrfflflflrr"/>
        <trajectory sample="310" generation="310000"
                    bestEnergy="-41.0" averageEnergy="-40.3372" worstEnergy="-33.0"
                    bestConformation="Conformation 41.0 -41.0 Ffllfrllrffrlrfrrlrllrflffrlflfrfllfflrrllrrfrlfrfrrllfffllfrrffffflrllrllfrfffrrfllfflfrrfflflflrr"/>
        <trajectory sample="311" generation="311000"
                    bestEnergy="-41.0" averageEnergy="-40.3624" worstEnergy="-40.0"
                    bestConformation="Conformation 41.0 -41.0 Ffllfrllrffrlrfrrlrllrflffrlflfrfllfflrrllrrfrlfrfrrllfffllfrrffffflrllrllfrfffrrfllfflfrrfflflflrr"/>
        <trajectory sample="312" generation="312000"
                    bestEnergy="-41.0" averageEnergy="-40.3887" worstEnergy="-40.0"
                    bestConformation="Conformation 41.0 -41.0 Ffllfrllrffrlrfrrlrllrflffrlflfrfllfflrrllrrfrlfrfrrllfffllfrrffffflrllrllfrfffrrfllfflfrrfflflflrr"/>
        <trajectory sample="313" generation="313000"
                    bestEnergy="-41.0" averageEnergy="-40.4117" worstEnergy="-40.0"
                    bestConformation="Conformation 41.0 -41.0 Ffllfrllrffrlrfrrlrllrflffrlflfrfllfflrrllrrfrlfrfrrllfffllfrrffffflrllrllfrfffrrfllfflfrrfflflflrr"/>
        <trajectory sample="314" generation="314000"
                    bestEnergy="-41.0" averageEnergy="-40.439" worstEnergy="-35.0"
                    bestConformation="Conformation 41.0 -41.0 Ffllfrllrffrlrfrrlrllrflffrlflfrfllfflrrllrrfrlfrfrrllfffllfrrffffflrllrllfrfffrrfllfflfrrfflflflrr"/>
        <trajectory sample="315" generation="315000"
                    bestEnergy="-41.0" averageEnergy="-40.4659" worstEnergy="-36.0"
                    bestConformation="Conformation 41.0 -41.0 Ffllfrllrffrlrfrrlrllrflffrlflfrfllfflrrllrrfrlfrfrrllfffllfrrffffflrllrllfrfffrrfllfflfrrfflflflrr"/>
        <trajectory sample="316" generation="316000"
                    bestEnergy="-41.0" averageEnergy="-40.4951" worstEnergy="-33.0"
                    bestConformation="Conformation 41.0 -41.0 Ffllfrllrffrlrfrrlrllrflffrlflfrfllfflrrllrrfrlfrfrrllfffllfrrffffflrllrllfrfffrrfllfflfrrfflflflrr"/>
        <trajectory sample="317" generation="317000"
                    bestEnergy="-41.0" averageEnergy="-40.5256" worstEnergy="-40.0"
                    bestConformation="Conformation 41.0 -41.0 Ffllfrllrffrlrfrrlrllrflffrlflfrfllfflrrllrrfrlfrfrrllfffllfrrffffflrllrllfrfffrrfllfflfrrfflflflrr"/>
        <trajectory sample="318" generation="318000"
                    bestEnergy="-41.0" averageEnergy="-40.5557" worstEnergy="-36.0"
                    bestConformation="Conformation 41.0 -41.0 Ffllfrllrffrlrfrrlrllrflffrlflfrfllfflrrllrrfrlfrfrrllfffllfrrffffflrllrllfrfffrrfllfflfrrfflflflrr"/>
        <trajectory sample="319" generation="319000"
                    bestEnergy="-41.0" averageEnergy="-40.5878" worstEnergy="-38.0"
                    bestConformation="Conformation 41.0 -41.0 Ffllfrllrffrlrfrrlrllrflffrlflfrfllfflrrllrrfrlfrfrrllfffllfrrffffflrllrllfrfffrrfllfflfrrfflflflrr"/>
        <trajectory sample="320" generation="320000"
                    bestEnergy="-41.0" averageEnergy="-40.6225" worstEnergy="-38.0"
                    bestConformation="Conformation 41.0 -41.0 Ffllfrllrffrlrfrrlrllrflffrlflfrfllfflrrllrrfrlfrfrrllfffllfrrffffflrllrllfrfffrrfllfflfrrfflflflrr"/>
        <trajectory sample="321" generation="321000"
                    bestEnergy="-41.0" averageEnergy="-40.6571" worstEnergy="-33.0"
                    bestConformation="Conformation 41.0 -41.0 Ffllfrllrffrlrfrrlrllrflffrlflfrfllfflrrllrrfrlfrfrrllfffllfrrffffflrllrllfrfffrrfllfflfrrfflflflrr"/>
        <trajectory sample="322" generation="322000"
                    bestEnergy="-41.0" averageEnergy="-40.6915" worstEnergy="-34.0"
                    bestConformation="Conformation 41.0 -41.0 Ffllfrllrffrlrfrrlrllrflffrlflfrfllfflrrllrrfrlfrfrrllfffllfrrffffflrllrllfrfffrrfllfflfrrfflflflrr"/>
        <trajectory sample="323" generation="323000"
                    bestEnergy="-41.0" averageEnergy="-40.7305" worstEnergy="-34.0"
                    bestConformation="Conformation 41.0 -41.0 Ffllfrllrffrlrfrrlrllrflffrlflfrfllfflrrllrrfrlfrfrrllfffllfrrffffflrllrllfrfffrrfllfflfrrfflflflrr"/>
        <trajectory sample="324" generation="324000"
                    bestEnergy="-41.0" averageEnergy="-40.7631" worstEnergy="-38.0"
                    bestConformation="Conformation 41.0 -41.0 Ffllfrllrffrlrfrrlrllrflffrlflfrfllfflrrllrrfrlfrfrrllfffllfrrffffflrllrllfrfffrrfllfflfrrfflflflrr"/>
        <trajectory sample="325" generation="325000"
                    bestEnergy="-41.0" averageEnergy="-40.7997" worstEnergy="-34.0"
                    bestConformation="Conformation 41.0 -41.0 Ffllfrllrffrlrfrrlrllrflffrlflfrfllfflrrllrrfrlfrfrrllfffllfrrffffflrllrllfrfffrrfllfflfrrfflflflrr"/>
        <trajectory sample="326" generation="326000"
                    bestEnergy="-41.0" averageEnergy="-40.8421" worstEnergy="-40.0"
                    bestConformation="Conformation 41.0 -41.0 Ffllfrllrffrlrfrrlrllrflffrlflfrfllfflrrllrrfrlfrfrrllfffllfrrffffflrllrllfrfffrrfllfflfrrfflflflrr"/>
        <trajectory sample="327" generation="327000"
                    bestEnergy="-41.0" averageEnergy="-40.8819" worstEnergy="-32.0"
                    bestConformation="Conformation 41.0 -41.0 Ffllfrllrffrlrfrrlrllrflffrlflfrfllfflrrllrrfrlfrfrrllfffllfrrffffflrllrllfrfffrrfllfflfrrfflflflrr"/>
        <trajectory sample="328" generation="328000"
                    bestEnergy="-41.0" averageEnergy="-40.9231" worstEnergy="-36.0"
                    bestConformation="Conformation 41.0 -41.0 Ffllfrllrffrlrfrrlrllrflffrlflfrfllfflrrllrrfrlfrfrrllfffllfrrffffflrllrllfrfffrrfllfflfrrfflflflrr"/>
        <trajectory sample="329" generation="329000"
                    bestEnergy="-41.0" averageEnergy="-40.9631" worstEnergy="-34.0"
                    bestConformation="Conformation 41.0 -41.0 Ffllfrllrffrlrfrrlrllrflffrlflfrfllfflrrllrrfrlfrfrrllfffllfrrffffflrllrllfrfffrrfllfflfrrfflflflrr"/>
        <trajectory sample="330" generation="330000"
                    bestEnergy="-41.0" averageEnergy="-40.9993" worstEnergy="-34.0"
                    bestConformation="Conformation 41.0 -41.0 Ffllfrllrffrlrfrrlrllrflffrlflfrfllfflrrllrrfrlfrfrrllfffllfrrffffflrllrllfrfffrrfllfflfrrfflflflrr"/>
        <trajectory sample="331" generation="331000"
                    bestEnergy="-41.0" averageEnergy="-41.0" worstEnergy="-41.0"
                    bestConformation="Conformation 41.0 -41.0 Ffllfrllrffrlrfrrlrllrflffrlflfrfllfflrrllrrfrlfrfrrllfffllfrrffffflrllrllfrfffrrfllfflfrrfflflflrr"/>
        <trajectory sample="332" generation="332000"
                    bestEnergy="-41.0" averageEnergy="-40.9999" worstEnergy="-40.0"
                    bestConformation="Conformation 41.0 -41.0 Ffllfrllrffrlrfrrlrllrflffrlflfrfllfflrrllrrfrlfrfrrllfffllfrrffffflrllrllfrfffrrfllfflfrrfflflflrr"/>
        <trajectory sample="333" generation="333000"
                    bestEnergy="-41.0" averageEnergy="-41.0" worstEnergy="-41.0"
                    bestConformation="Conformation 41.0 -41.0 Ffllfrllrffrlrfrrlrllrflffrlflfrfllfflrrllrrfrlfrfrrllfffllfrrffffflrllrllfrfffrrfllfflfrrfflflflrr"/>
        <trajectory sample="334" generation="334000"
                    bestEnergy="-41.0" averageEnergy="-40.9993" worstEnergy="-34.0"
                    bestConformation="Conformation 41.0 -41.0 Ffllfrllrffrlrfrrlrllrflffrlflfrfllfflrrllrrfrlfrfrrllfffllfrrffffflrllrllfrfffrrfllfflfrrfflflflrr"/>
        <trajectory sample="335" generation="335000"
                    bestEnergy="-41.0" averageEnergy="-40.9993" worstEnergy="-34.0"
                    bestConformation="Conformation 41.0 -41.0 Ffllfrllrffrlrfrrlrllrflffrlflfrfllfflrrllrrfrlfrfrrllfffllfrrffffflrllrllfrfffrrfllfflfrrfflflflrr"/>
        <trajectory sample="336" generation="336000"
                    bestEnergy="-41.0" averageEnergy="-40.9995" worstEnergy="-36.0"
                    bestConformation="Conformation 41.0 -41.0 Ffllfrllrffrlrfrrlrllrflffrlflfrfllfflrrllrrfrlfrfrrllfffllfrrffffflrllrllfrfffrrfllfflfrrfflflflrr"/>
        <trajectory sample="337" generation="337000"
                    bestEnergy="-41.0" averageEnergy="-40.9993" worstEnergy="-34.0"
                    bestConformation="Conformation 41.0 -41.0 Ffllfrllrffrlrfrrlrllrflffrlflfrfllfflrrllrrfrlfrfrrllfffllfrrffffflrllrllfrfffrrfllfflfrrfflflflrr"/>
        <trajectory sample="338" generation="338000"
                    bestEnergy="-41.0" averageEnergy="-41.0" worstEnergy="-41.0"
                    bestConformation="Conformation 41.0 -41.0 Ffllfrllrffrlrfrrlrllrflffrlflfrfllfflrrllrrfrlfrfrrllfffllfrrffffflrllrllfrfffrrfllfflfrrfflflflrr"/>
        <trajectory sample="339" generation="339000"
                    bestEnergy="-41.0" averageEnergy="-41.0" worstEnergy="-41.0"
                    bestConformation="Conformation 41.0 -41.0 Ffllfrllrffrlrfrrlrllrflffrlflfrfllfflrrllrrfrlfrfrrllfffllfrrffffflrllrllfrfffrrfllfflfrrfflflflrr"/>
        <trajectory sample="340" generation="340000"
                    bestEnergy="-41.0" averageEnergy="-41.0" worstEnergy="-41.0"
                    bestConformation="Conformation 41.0 -41.0 Ffllfrllrffrlrfrrlrllrflffrlflfrfllfflrrllrrfrlfrfrrllfffllfrrffffflrllrllfrfffrrfllfflfrrfflflflrr"/>
        <trajectory sample="341" generation="341000"
                    bestEnergy="-41.0" averageEnergy="-40.9993" worstEnergy="-34.0"
                    bestConformation="Conformation 41.0 -41.0 Ffllfrllrffrlrfrrlrllrflffrlflfrfllfflrrllrrfrlfrfrrllfffllfrrffffflrllrllfrfffrrfllfflfrrfflflflrr"/>
        <trajectory sample="342" generation="342000"
                    bestEnergy="-41.0" averageEnergy="-40.9994" worstEnergy="-35.0"
                    bestConformation="Conformation 41.0 -41.0 Ffllfrllrffrlrfrrlrllrflffrlflfrfllfflrrllrrfrlfrfrrllfffllfrrffffflrllrllfrfffrrfllfflfrrfflflflrr"/>
        <trajectory sample="343" generation="343000"
                    bestEnergy="-41.0" averageEnergy="-40.999" worstEnergy="-31.0"
                    bestConformation="Conformation 41.0 -41.0 Ffllfrllrffrlrfrrlrllrflffrlflfrfllfflrrllrrfrlfrfrrllfffllfrrffffflrllrllfrfffrrfllfflfrrfflflflrr"/>
        <trajectory sample="344" generation="344000"
                    bestEnergy="-41.0" averageEnergy="-40.9997" worstEnergy="-38.0"
                    bestConformation="Conformation 41.0 -41.0 Ffllfrllrffrlrfrrlrllrflffrlflfrfllfflrrllrrfrlfrfrrllfffllfrrffffflrllrllfrfffrrfllfflfrrfflflflrr"/>
        <trajectory sample="345" generation="345000"
                    bestEnergy="-41.0" averageEnergy="-40.9989" worstEnergy="-30.0"
                    bestConformation="Conformation 41.0 -41.0 Ffllfrllrffrlrfrrlrllrflffrlflfrfllfflrrllrrfrlfrfrrllfffllfrrffffflrllrllfrfffrrfllfflfrrfflflflrr"/>
        <trajectory sample="346" generation="346000"
                    bestEnergy="-41.0" averageEnergy="-40.9993" worstEnergy="-34.0"
                    bestConformation="Conformation 41.0 -41.0 Ffllfrllrffrlrfrrlrllrflffrlflfrfllfflrrllrrfrlfrfrrllfffllfrrffffflrllrllfrfffrrfllfflfrrfflflflrr"/>
        <trajectory sample="347" generation="347000"
                    bestEnergy="-41.0" averageEnergy="-40.9992" worstEnergy="-33.0"
                    bestConformation="Conformation 41.0 -41.0 Ffllfrllrffrlrfrrlrllrflffrlflfrfllfflrrllrrfrlfrfrrllfffllfrrffffflrllrllfrfffrrfllfflfrrfflflflrr"/>
        <trajectory sample="348" generation="348000"
                    bestEnergy="-41.0" averageEnergy="-40.9993" worstEnergy="-34.0"
                    bestConformation="Conformation 41.0 -41.0 Ffllfrllrffrlrfrrlrllrflffrlflfrfllfflrrllrrfrlfrfrrllfffllfrrffffflrllrllfrfffrrfllfflfrrfflflflrr"/>
        <trajectory sample="349" generation="349000"
                    bestEnergy="-41.0" averageEnergy="-41.0" worstEnergy="-41.0"
                    bestConformation="Conformation 41.0 -41.0 Ffllfrllrffrlrfrrlrllrflffrlflfrfllfflrrllrrfrlfrfrrllfffllfrrffffflrllrllfrfffrrfllfflfrrfflflflrr"/>
        <trajectory sample="350" generation="350000"
                    bestEnergy="-41.0" averageEnergy="-41.0" worstEnergy="-41.0"
                    bestConformation="Conformation 41.0 -41.0 Ffllfrllrffrlrfrrlrllrflffrlflfrfllfflrrllrrfrlfrfrrllfffllfrrffffflrllrllfrfffrrfllfflfrrfflflflrr"/>
        <trajectory sample="351" generation="351000"
                    bestEnergy="-41.0" averageEnergy="-40.9993" worstEnergy="-34.0"
                    bestConformation="Conformation 41.0 -41.0 Ffllfrllrffrlrfrrlrllrflffrlflfrfllfflrrllrrfrlfrfrrllfffllfrrffffflrllrllfrfffrrfllfflfrrfflflflrr"/>
        <trajectory sample="352" generation="352000"
                    bestEnergy="-41.0" averageEnergy="-40.9997" worstEnergy="-38.0"
                    bestConformation="Conformation 41.0 -41.0 Ffllfrllrffrlrfrrlrllrflffrlflfrfllfflrrllrrfrlfrfrrllfffllfrrffffflrllrllfrfffrrfllfflfrrfflflflrr"/>
        <trajectory sample="353" generation="353000"
                    bestEnergy="-41.0" averageEnergy="-40.9997" worstEnergy="-38.0"
                    bestConformation="Conformation 41.0 -41.0 Ffllfrllrffrlrfrrlrllrflffrlflfrfllfflrrllrrfrlfrfrrllfffllfrrffffflrllrllfrfffrrfllfflfrrfflflflrr"/>
        <trajectory sample="354" generation="354000"
                    bestEnergy="-41.0" averageEnergy="-40.9993" worstEnergy="-34.0"
                    bestConformation="Conformation 41.0 -41.0 Ffllfrllrffrlrfrrlrllrflffrlflfrfllfflrrllrrfrlfrfrrllfffllfrrffffflrllrllfrfffrrfllfflfrrfflflflrr"/>
        <trajectory sample="355" generation="355000"
                    bestEnergy="-41.0" averageEnergy="-41.0" worstEnergy="-41.0"
                    bestConformation="Conformation 41.0 -41.0 Ffllfrllrffrlrfrrlrllrflffrlflfrfllfflrrllrrfrlfrfrrllfffllfrrffffflrllrllfrfffrrfllfflfrrfflflflrr"/>
        <trajectory sample="356" generation="356000"
                    bestEnergy="-41.0" averageEnergy="-40.9994" worstEnergy="-35.0"
                    bestConformation="Conformation 41.0 -41.0 Ffllfrllrffrlrfrrlrllrflffrlflfrfllfflrrllrrfrlfrfrrllfffllfrrffffflrllrllfrfffrrfllfflfrrfflflflrr"/>
        <trajectory sample="357" generation="357000"
                    bestEnergy="-41.0" averageEnergy="-41.0" worstEnergy="-41.0"
                    bestConformation="Conformation 41.0 -41.0 Ffllfrllrffrlrfrrlrllrflffrlflfrfllfflrrllrrfrlfrfrrllfffllfrrffffflrllrllfrfffrrfllfflfrrfflflflrr"/>
        <trajectory sample="358" generation="358000"
                    bestEnergy="-41.0" averageEnergy="-41.0" worstEnergy="-41.0"
                    bestConformation="Conformation 41.0 -41.0 Ffllfrllrffrlrfrrlrllrflffrlflfrfllfflrrllrrfrlfrfrrllfffllfrrffffflrllrllfrfffrrfllfflfrrfflflflrr"/>
        <trajectory sample="359" generation="359000"
                    bestEnergy="-41.0" averageEnergy="-40.9993" worstEnergy="-34.0"
                    bestConformation="Conformation 41.0 -41.0 Ffllfrllrffrlrfrrlrllrflffrlflfrfllfflrrllrrfrlfrfrrllfffllfrrffffflrllrllfrfffrrfllfflfrrfflflflrr"/>
        <trajectory sample="360" generation="360000"
                    bestEnergy="-41.0" averageEnergy="-40.9997" worstEnergy="-38.0"
                    bestConformation="Conformation 41.0 -41.0 Ffllfrllrffrlrfrrlrllrflffrlflfrfllfflrrllrrfrlfrfrrllfffllfrrffffflrllrllfrfffrrfllfflfrrfflflflrr"/>
        <trajectory sample="361" generation="361000"
                    bestEnergy="-41.0" averageEnergy="-40.9997" worstEnergy="-38.0"
                    bestConformation="Conformation 41.0 -41.0 Ffllfrllrffrlrfrrlrllrflffrlflfrfllfflrrllrrfrlfrfrrllfffllfrrffffflrllrllfrfffrrfllfflfrrfflflflrr"/>
        <trajectory sample="362" generation="362000"
                    bestEnergy="-41.0" averageEnergy="-41.0" worstEnergy="-41.0"
                    bestConformation="Conformation 41.0 -41.0 Ffllfrllrffrlrfrrlrllrflffrlflfrfllfflrrllrrfrlfrfrrllfffllfrrffffflrllrllfrfffrrfllfflfrrfflflflrr"/>
        <trajectory sample="363" generation="363000"
                    bestEnergy="-41.0" averageEnergy="-40.9994" worstEnergy="-35.0"
                    bestConformation="Conformation 41.0 -41.0 Ffllfrllrffrlrfrrlrllrflffrlflfrfllfflrrllrrfrlfrfrrllfffllfrrffffflrllrllfrfffrrfllfflfrrfflflflrr"/>
        <trajectory sample="364" generation="364000"
                    bestEnergy="-41.0" averageEnergy="-40.9994" worstEnergy="-35.0"
                    bestConformation="Conformation 41.0 -41.0 Ffllfrllrffrlrfrrlrllrflffrlflfrfllfflrrllrrfrlfrfrrllfffllfrrffffflrllrllfrfffrrfllfflfrrfflflflrr"/>
        <trajectory sample="365" generation="365000"
                    bestEnergy="-41.0" averageEnergy="-41.0" worstEnergy="-41.0"
                    bestConformation="Conformation 41.0 -41.0 Ffllfrllrffrlrfrrlrllrflffrlflfrfllfflrrllrrfrlfrfrrllfffllfrrffffflrllrllfrfffrrfllfflfrrfflflflrr"/>
        <trajectory sample="366" generation="366000"
                    bestEnergy="-41.0" averageEnergy="-40.9995" worstEnergy="-36.0"
                    bestConformation="Conformation 41.0 -41.0 Ffllfrllrffrlrfrrlrllrflffrlflfrfllfflrrllrrfrlfrfrrllfffllfrrffffflrllrllfrfffrrfllfflfrrfflflflrr"/>
        <trajectory sample="367" generation="367000"
                    bestEnergy="-41.0" averageEnergy="-41.0" worstEnergy="-41.0"
                    bestConformation="Conformation 41.0 -41.0 Ffllfrllrffrlrfrrlrllrflffrlflfrfllfflrrllrrfrlfrfrrllfffllfrrffffflrllrllfrfffrrfllfflfrrfflflflrr"/>
        <trajectory sample="368" generation="368000"
                    bestEnergy="-41.0" averageEnergy="-40.9992" worstEnergy="-33.0"
                    bestConformation="Conformation 41.0 -41.0 Ffllfrllrffrlrfrrlrllrflffrlflfrfllfflrrllrrfrlfrfrrllfffllfrrffffflrllrllfrfffrrfllfflfrrfflflflrr"/>
        <trajectory sample="369" generation="369000"
                    bestEnergy="-41.0" averageEnergy="-41.0" worstEnergy="-41.0"
                    bestConformation="Conformation 41.0 -41.0 Ffllfrllrffrlrfrrlrllrflffrlflfrfllfflrrllrrfrlfrfrrllfffllfrrffffflrllrllfrfffrrfllfflfrrfflflflrr"/>
        <trajectory sample="370" generation="370000"
                    bestEnergy="-41.0" averageEnergy="-41.0" worstEnergy="-41.0"
                    bestConformation="Conformation 41.0 -41.0 Ffllfrllrffrlrfrrlrllrflffrlflfrfllfflrrllrrfrlfrfrrllfffllfrrffffflrllrllfrfffrrfllfflfrrfflflflrr"/>
        <trajectory sample="371" generation="371000"
                    bestEnergy="-41.0" averageEnergy="-40.9991" worstEnergy="-32.0"
                    bestConformation="Conformation 41.0 -41.0 Ffllfrllrffrlrfrrlrllrflffrlflfrfllfflrrllrrfrlfrfrrllfffllfrrffffflrllrllfrfffrrfllfflfrrfflflflrr"/>
        <trajectory sample="372" generation="372000"
                    bestEnergy="-41.0" averageEnergy="-40.9997" worstEnergy="-38.0"
                    bestConformation="Conformation 41.0 -41.0 Ffllfrllrffrlrfrrlrllrflffrlflfrfllfflrrllrrfrlfrfrrllfffllfrrffffflrllrllfrfffrrfllfflfrrfflflflrr"/>
        <trajectory sample="373" generation="373000"
                    bestEnergy="-41.0" averageEnergy="-40.9997" worstEnergy="-38.0"
                    bestConformation="Conformation 41.0 -41.0 Ffllfrllrffrlrfrrlrllrflffrlflfrfllfflrrllrrfrlfrfrrllfffllfrrffffflrllrllfrfffrrfllfflfrrfflflflrr"/>
        <trajectory sample="374" generation="374000"
                    bestEnergy="-41.0" averageEnergy="-41.0" worstEnergy="-41.0"
                    bestConformation="Conformation 41.0 -41.0 Ffllfrllrffrlrfrrlrllrflffrlflfrfllfflrrllrrfrlfrfrrllfffllfrrffffflrllrllfrfffrrfllfflfrrfflflflrr"/>
        <trajectory sample="375" generation="375000"
                    bestEnergy="-41.0" averageEnergy="-41.0" worstEnergy="-41.0"
                    bestConformation="Conformation 41.0 -41.0 Ffllfrllrffrlrfrrlrllrflffrlflfrfllfflrrllrrfrlfrfrrllfffllfrrffffflrllrllfrfffrrfllfflfrrfflflflrr"/>
        <trajectory sample="376" generation="376000"
                    bestEnergy="-41.0" averageEnergy="-41.0" worstEnergy="-41.0"
                    bestConformation="Conformation 41.0 -41.0 Ffllfrllrffrlrfrrlrllrflffrlflfrfllfflrrllrrfrlfrfrrllfffllfrrffffflrllrllfrfffrrfllfflfrrfflflflrr"/>
        <trajectory sample="377" generation="377000"
                    bestEnergy="-41.0" averageEnergy="-41.0" worstEnergy="-41.0"
                    bestConformation="Conformation 41.0 -41.0 Ffllfrllrffrlrfrrlrllrflffrlflfrfllfflrrllrrfrlfrfrrllfffllfrrffffflrllrllfrfffrrfllfflfrrfflflflrr"/>
        <trajectory sample="378" generation="378000"
                    bestEnergy="-41.0" averageEnergy="-40.9993" worstEnergy="-34.0"
                    bestConformation="Conformation 41.0 -41.0 Ffllfrllrffrlrfrrlrllrflffrlflfrfllfflrrllrrfrlfrfrrllfffllfrrffffflrllrllfrfffrrfllfflfrrfflflflrr"/>
        <trajectory sample="379" generation="379000"
                    bestEnergy="-41.0" averageEnergy="-40.9997" worstEnergy="-38.0"
                    bestConformation="Conformation 41.0 -41.0 Ffllfrllrffrlrfrrlrllrflffrlflfrfllfflrrllrrfrlfrfrrllfffllfrrffffflrllrllfrfffrrfllfflfrrfflflflrr"/>
        <trajectory sample="380" generation="380000"
                    bestEnergy="-41.0" averageEnergy="-41.0" worstEnergy="-41.0"
                    bestConformation="Conformation 41.0 -41.0 Ffllfrllrffrlrfrrlrllrflffrlflfrfllfflrrllrrfrlfrfrrllfffllfrrffffflrllrllfrfffrrfllfflfrrfflflflrr"/>
        <trajectory sample="381" generation="381000"
                    bestEnergy="-41.0" averageEnergy="-41.0" worstEnergy="-41.0"
                    bestConformation="Conformation 41.0 -41.0 Ffllfrllrffrlrfrrlrllrflffrlflfrfllfflrrllrrfrlfrfrrllfffllfrrffffflrllrllfrfffrrfllfflfrrfflflflrr"/>
        <trajectory sample="382" generation="382000"
                    bestEnergy="-41.0" averageEnergy="-40.999" worstEnergy="-31.0"
                    bestConformation="Conformation 41.0 -41.0 Ffllfrllrffrlrfrrlrllrflffrlflfrfllfflrrllrrfrlfrfrrllfffllfrrffffflrllrllfrfffrrfllfflfrrfflflflrr"/>
        <trajectory sample="383" generation="383000"
                    bestEnergy="-41.0" averageEnergy="-40.9997" worstEnergy="-38.0"
                    bestConformation="Conformation 41.0 -41.0 Ffllfrllrffrlrfrrlrllrflffrlflfrfllfflrrllrrfrlfrfrrllfffllfrrffffflrllrllfrfffrrfllfflfrrfflflflrr"/>
        <trajectory sample="384" generation="384000"
                    bestEnergy="-41.0" averageEnergy="-40.9998" worstEnergy="-39.0"
                    bestConformation="Conformation 41.0 -41.0 Ffllfrllrffrlrfrrlrllrflffrlflfrfllfflrrllrrfrlfrfrrllfffllfrrffffflrllrllfrfffrrfllfflfrrfflflflrr"/>
        <trajectory sample="385" generation="385000"
                    bestEnergy="-41.0" averageEnergy="-41.0" worstEnergy="-41.0"
                    bestConformation="Conformation 41.0 -41.0 Ffllfrllrffrlrfrrlrllrflffrlflfrfllfflrrllrrfrlfrfrrllfffllfrrffffflrllrllfrfffrrfllfflfrrfflflflrr"/>
        <trajectory sample="386" generation="386000"
                    bestEnergy="-41.0" averageEnergy="-41.0" worstEnergy="-41.0"
                    bestConformation="Conformation 41.0 -41.0 Ffllfrllrffrlrfrrlrllrflffrlflfrfllfflrrllrrfrlfrfrrllfffllfrrffffflrllrllfrfffrrfllfflfrrfflflflrr"/>
        <trajectory sample="387" generation="387000"
                    bestEnergy="-41.0" averageEnergy="-40.9994" worstEnergy="-35.0"
                    bestConformation="Conformation 41.0 -41.0 Ffllfrllrffrlrfrrlrllrflffrlflfrfllfflrrllrrfrlfrfrrllfffllfrrffffflrllrllfrfffrrfllfflfrrfflflflrr"/>
        <trajectory sample="388" generation="388000"
                    bestEnergy="-41.0" averageEnergy="-41.0" worstEnergy="-41.0"
                    bestConformation="Conformation 41.0 -41.0 Ffllfrllrffrlrfrrlrllrflffrlflfrfllfflrrllrrfrlfrfrrllfffllfrrffffflrllrllfrfffrrfllfflfrrfflflflrr"/>
        <trajectory sample="389" generation="389000"
                    bestEnergy="-41.0" averageEnergy="-40.9994" worstEnergy="-35.0"
                    bestConformation="Conformation 41.0 -41.0 Ffllfrllrffrlrfrrlrllrflffrlflfrfllfflrrllrrfrlfrfrrllfffllfrrffffflrllrllfrfffrrfllfflfrrfflflflrr"/>
        <trajectory sample="390" generation="390000"
                    bestEnergy="-41.0" averageEnergy="-40.999" worstEnergy="-31.0"
                    bestConformation="Conformation 41.0 -41.0 Ffllfrllrffrlrfrrlrllrflffrlflfrfllfflrrllrrfrlfrfrrllfffllfrrffffflrllrllfrfffrrfllfflfrrfflflflrr"/>
        <trajectory sample="391" generation="391000"
                    bestEnergy="-41.0" averageEnergy="-40.999" worstEnergy="-34.0"
                    bestConformation="Conformation 41.0 -41.0 Ffllfrllrffrlrfrrlrllrflffrlflfrfllfflrrllrrfrlfrfrrllfffllfrrffffflrllrllfrfffrrfllfflfrrfflflflrr"/>
        <trajectory sample="392" generation="392000"
                    bestEnergy="-41.0" averageEnergy="-40.9988" worstEnergy="-29.0"
                    bestConformation="Conformation 41.0 -41.0 Ffllfrllrffrlrfrrlrllrflffrlflfrfllfflrrllrrfrlfrfrrllfffllfrrffffflrllrllfrfffrrfllfflfrrfflflflrr"/>
        <trajectory sample="393" generation="393000"
                    bestEnergy="-41.0" averageEnergy="-40.9997" worstEnergy="-38.0"
                    bestConformation="Conformation 41.0 -41.0 Ffllfrllrffrlrfrrlrllrflffrlflfrfllfflrrllrrfrlfrfrrllfffllfrrffffflrllrllfrfffrrfllfflfrrfflflflrr"/>
        <trajectory sample="394" generation="394000"
                    bestEnergy="-41.0" averageEnergy="-41.0" worstEnergy="-41.0"
                    bestConformation="Conformation 41.0 -41.0 Ffllfrllrffrlrfrrlrllrflffrlflfrfllfflrrllrrfrlfrfrrllfffllfrrffffflrllrllfrfffrrfllfflfrrfflflflrr"/>
        <trajectory sample="395" generation="395000"
                    bestEnergy="-41.0" averageEnergy="-41.0" worstEnergy="-41.0"
                    bestConformation="Conformation 41.0 -41.0 Ffllfrllrffrlrfrrlrllrflffrlflfrfllfflrrllrrfrlfrfrrllfffllfrrffffflrllrllfrfffrrfllfflfrrfflflflrr"/>
        <trajectory sample="396" generation="396000"
                    bestEnergy="-41.0" averageEnergy="-41.0" worstEnergy="-41.0"
                    bestConformation="Conformation 41.0 -41.0 Ffllfrllrffrlrfrrlrllrflffrlflfrfllfflrrllrrfrlfrfrrllfffllfrrffffflrllrllfrfffrrfllfflfrrfflflflrr"/>
        <trajectory sample="397" generation="397000"
                    bestEnergy="-41.0" averageEnergy="-41.0" worstEnergy="-41.0"
                    bestConformation="Conformation 41.0 -41.0 Ffllfrllrffrlrfrrlrllrflffrlflfrfllfflrrllrrfrlfrfrrllfffllfrrffffflrllrllfrfffrrfllfflfrrfflflflrr"/>
        <trajectory sample="398" generation="398000"
                    bestEnergy="-41.0" averageEnergy="-41.0" worstEnergy="-41.0"
                    bestConformation="Conformation 41.0 -41.0 Ffllfrllrffrlrfrrlrllrflffrlflfrfllfflrrllrrfrlfrfrrllfffllfrrffffflrllrllfrfffrrfllfflfrrfflflflrr"/>
        <trajectory sample="399" generation="399000"
                    bestEnergy="-41.0" averageEnergy="-40.9999" worstEnergy="-40.0"
                    bestConformation="Conformation 41.0 -41.0 Ffllfrllrffrlrfrrlrllrflffrlflfrfllfflrrllrrfrlfrfrrllfffllfrrffffflrllrllfrfffrrfllfflfrrfflflflrr"/>
        <trajectory sample="400" generation="400000"
                    bestEnergy="-41.0" averageEnergy="-41.0" worstEnergy="-41.0"
                    bestConformation="Conformation 41.0 -41.0 Ffllfrllrffrlrfrrlrllrflffrlflfrfllfflrrllrrfrlfrfrrllfffllfrrffffflrllrllfrfffrrfllfflfrrfflflflrr"/>
    </run>
    <run number="3" numberOfGenerations="400001" populationSize="10000">
        <trajectory sample="0" generation="0"
                    bestEnergy="-26.0" averageEnergy="-10.6792" worstEnergy="-1.0"
                    bestConformation="Conformation 39.0 -39.0 Frrfllfrllrlrrfrlrfllfrrflffllfrffllrfrrllrrfrllfrrffflfllrrllrrfrllrflfllrfffrrflrllflrfrrllflfflr"/>
        <trajectory sample="1" generation="1000"
                    bestEnergy="-26.0" averageEnergy="-11.345" worstEnergy="-6.0"
                    bestConformation="Conformation 39.0 -39.0 Frrfllfrllrlrrfrlrfllfrrflffllfrffllrfrrllrrfrllfrrffflfllrrllrrfrllrflfllrfffrrflrllflrfrrllflfflr"/>
        <trajectory sample="2" generation="2000"
                    bestEnergy="-26.0" averageEnergy="-11.8775" worstEnergy="-7.0"
                    bestConformation="Conformation 39.0 -39.0 Frrfllfrllrlrrfrlrfllfrrflffllfrffllrfrrllrrfrllfrrffflfllrrllrrfrllrflfllrfffrrflrllflrfrrllflfflr"/>
        <trajectory sample="3" generation="3000"
                    bestEnergy="-26.0" averageEnergy="-12.3549" worstEnergy="-8.0"
                    bestConformation="Conformation 39.0 -39.0 Frrfllfrllrlrrfrlrfllfrrflffllfrffllrfrrllrrfrllfrrffflfllrrllrrfrllrflfllrfffrrflrllflrfrrllflfflr"/>
        <trajectory sample="4" generation="4000"
                    bestEnergy="-26.0" averageEnergy="-12.8002" worstEnergy="-9.0"
                    bestConformation="Conformation 39.0 -39.0 Frrfllfrllrlrrfrlrfllfrrflffllfrffllrfrrllrrfrllfrrffflfllrrllrrfrllrflfllrfffrrflrllflrfrrllflfflr"/>
        <trajectory sample="5" generation="5000"
                    bestEnergy="-26.0" averageEnergy="-13.2205" worstEnergy="-10.0"
                    bestConformation="Conformation 39.0 -39.0 Frrfllfrllrlrrfrlrfllfrrflffllfrffllrfrrllrrfrllfrrffflfllrrllrrfrllrflfllrfffrrflrllflrfrrllflfflr"/>
        <trajectory sample="6" generation="6000"
                    bestEnergy="-26.0" averageEnergy="-13.5867" worstEnergy="-10.0"
                    bestConformation="Conformation 39.0 -39.0 Frrfllfrllrlrrfrlrfllfrrflffllfrffllrfrrllrrfrllfrrffflfllrrllrrfrllrflfllrfffrrflrllflrfrrllflfflr"/>
        <trajectory sample="7" generation="7000"
                    bestEnergy="-26.0" averageEnergy="-13.9466" worstEnergy="-11.0"
                    bestConformation="Conformation 39.0 -39.0 Frrfllfrllrlrrfrlrfllfrrflffllfrffllrfrrllrrfrllfrrffflfllrrllrrfrllrflfllrfffrrflrllflrfrrllflfflr"/>
        <trajectory sample="8" generation="8000"
                    bestEnergy="-26.0" averageEnergy="-14.2717" worstEnergy="-11.0"
                    bestConformation="Conformation 39.0 -39.0 Frrfllfrllrlrrfrlrfllfrrflffllfrffllrfrrllrrfrllfrrffflfllrrllrrfrllrflfllrfffrrflrllflrfrrllflfflr"/>
        <trajectory sample="9" generation="9000"
                    bestEnergy="-26.0" averageEnergy="-14.6123" worstEnergy="-12.0"
                    bestConformation="Conformation 39.0 -39.0 Frrfllfrllrlrrfrlrfllfrrflffllfrffllrfrrllrrfrllfrrffflfllrrllrrfrllrflfllrfffrrflrllflrfrrllflfflr"/>
        <trajectory sample="10" generation="10000"
                    bestEnergy="-26.0" averageEnergy="-14.8973" worstEnergy="-12.0"
                    bestConformation="Conformation 39.0 -39.0 Frrfllfrllrlrrfrlrfllfrrflffllfrffllrfrrllrrfrllfrrffflfllrrllrrfrllrflfllrfffrrflrllflrfrrllflfflr"/>
        <trajectory sample="11" generation="11000"
                    bestEnergy="-26.0" averageEnergy="-15.2031" worstEnergy="-12.0"
                    bestConformation="Conformation 39.0 -39.0 Frrfllfrllrlrrfrlrfllfrrflffllfrffllrfrrllrrfrllfrrffflfllrrllrrfrllrflfllrfffrrflrllflrfrrllflfflr"/>
        <trajectory sample="12" generation="12000"
                    bestEnergy="-26.0" averageEnergy="-15.4882" worstEnergy="-13.0"
                    bestConformation="Conformation 39.0 -39.0 Frrfllfrllrlrrfrlrfllfrrflffllfrffllrfrrllrrfrllfrrffflfllrrllrrfrllrflfllrfffrrflrllflrfrrllflfflr"/>
        <trajectory sample="13" generation="13000"
                    bestEnergy="-26.0" averageEnergy="-15.7504" worstEnergy="-13.0"
                    bestConformation="Conformation 39.0 -39.0 Frrfllfrllrlrrfrlrfllfrrflffllfrffllrfrrllrrfrllfrrffflfllrrllrrfrllrflfllrfffrrflrllflrfrrllflfflr"/>
        <trajectory sample="14" generation="14000"
                    bestEnergy="-26.0" averageEnergy="-16.032" worstEnergy="-13.0"
                    bestConformation="Conformation 39.0 -39.0 Frrfllfrllrlrrfrlrfllfrrflffllfrffllrfrrllrrfrllfrrffflfllrrllrrfrllrflfllrfffrrflrllflrfrrllflfflr"/>
        <trajectory sample="15" generation="15000"
                    bestEnergy="-26.0" averageEnergy="-16.2918" worstEnergy="-11.0"
                    bestConformation="Conformation 39.0 -39.0 Frrfllfrllrlrrfrlrfllfrrflffllfrffllrfrrllrrfrllfrrffflfllrrllrrfrllrflfllrfffrrflrllflrfrrllflfflr"/>
        <trajectory sample="16" generation="16000"
                    bestEnergy="-26.0" averageEnergy="-16.5294" worstEnergy="-14.0"
                    bestConformation="Conformation 39.0 -39.0 Frrfllfrllrlrrfrlrfllfrrflffllfrffllrfrrllrrfrllfrrffflfllrrllrrfrllrflfllrfffrrflrllflrfrrllflfflr"/>
        <trajectory sample="17" generation="17000"
                    bestEnergy="-26.0" averageEnergy="-16.7848" worstEnergy="-14.0"
                    bestConformation="Conformation 39.0 -39.0 Frrfllfrllrlrrfrlrfllfrrflffllfrffllrfrrllrrfrllfrrffflfllrrllrrfrllrflfllrfffrrflrllflrfrrllflfflr"/>
        <trajectory sample="18" generation="18000"
                    bestEnergy="-26.0" averageEnergy="-17.0401" worstEnergy="-15.0"
                    bestConformation="Conformation 39.0 -39.0 Frrfllfrllrlrrfrlrfllfrrflffllfrffllrfrrllrrfrllfrrffflfllrrllrrfrllrflfllrfffrrflrllflrfrrllflfflr"/>
        <trajectory sample="19" generation="19000"
                    bestEnergy="-26.0" averageEnergy="-17.2623" worstEnergy="-14.0"
                    bestConformation="Conformation 39.0 -39.0 Frrfllfrllrlrrfrlrfllfrrflffllfrffllrfrrllrrfrllfrrffflfllrrllrrfrllrflfllrfffrrflrllflrfrrllflfflr"/>
        <trajectory sample="20" generation="20000"
                    bestEnergy="-26.0" averageEnergy="-17.4911" worstEnergy="-15.0"
                    bestConformation="Conformation 39.0 -39.0 Frrfllfrllrlrrfrlrfllfrrflffllfrffllrfrrllrrfrllfrrffflfllrrllrrfrllrflfllrfffrrflrllflrfrrllflfflr"/>
        <trajectory sample="21" generation="21000"
                    bestEnergy="-26.0" averageEnergy="-17.7492" worstEnergy="-15.0"
                    bestConformation="Conformation 39.0 -39.0 Frrfllfrllrlrrfrlrfllfrrflffllfrffllrfrrllrrfrllfrrffflfllrrllrrfrllrflfllrfffrrflrllflrfrrllflfflr"/>
        <trajectory sample="22" generation="22000"
                    bestEnergy="-26.0" averageEnergy="-17.95" worstEnergy="-16.0"
                    bestConformation="Conformation 39.0 -39.0 Frrfllfrllrlrrfrlrfllfrrflffllfrffllrfrrllrrfrllfrrffflfllrrllrrfrllrflfllrfffrrflrllflrfrrllflfflr"/>
        <trajectory sample="23" generation="23000"
                    bestEnergy="-27.0" averageEnergy="-18.1525" worstEnergy="-16.0"
                    bestConformation="Conformation 39.0 -39.0 Ffffflflrlrrlrrflrfllfrrflffllfrffllrfrrllrrfrllfrrffflfllrrllrrfrllrlrllflrffrrflrllflrfrrllflfflr"/>
        <trajectory sample="24" generation="24000"
                    bestEnergy="-27.0" averageEnergy="-18.3543" worstEnergy="-16.0"
                    bestConformation="Conformation 39.0 -39.0 Ffffflflrlrrlrrflrfllfrrflffllfrffllrfrrllrrfrllfrrffflfllrrllrrfrllrlrllflrffrrflrllflrfrrllflfflr"/>
        <trajectory sample="25" generation="25000"
                    bestEnergy="-27.0" averageEnergy="-18.5797" worstEnergy="-16.0"
                    bestConformation="Conformation 39.0 -39.0 Ffffflflrlrrlrrflrfllfrrflffllfrffllrfrrllrrfrllfrrffflfllrrllrrfrllrlrllflrffrrflrllflrfrrllflfflr"/>
        <trajectory sample="26" generation="26000"
                    bestEnergy="-29.0" averageEnergy="-18.7854" worstEnergy="-17.0"
                    bestConformation="Conformation 39.0 -39.0 Ffllrfllrlrrlrrflrfllfrrflffllfrffllrfrrllrrfrllfrrffflfllrrllrrfrllrffllfffffrrflrllflrfrrllflfflr"/>
        <trajectory sample="27" generation="27000"
                    bestEnergy="-29.0" averageEnergy="-18.9821" worstEnergy="-17.0"
                    bestConformation="Conformation 39.0 -39.0 Ffllrfllrlrrlrrflrfllfrrflffllfrffllrfrrllrrfrllfrrffflfllrrllrrfrllrffllfffffrrflrllflrfrrllflfflr"/>
        <trajectory sample="28" generation="28000"
                    bestEnergy="-29.0" averageEnergy="-19.1714" worstEnergy="-17.0"
                    bestConformation="Conformation 39.0 -39.0 Ffllrfllrlrrlrrflrfllfrrflffllfrffllrfrrllrrfrllfrrffflfllrrllrrfrllrffllfffffrrflrllflrfrrllflfflr"/>
        <trajectory sample="29" generation="29000"
                    bestEnergy="-29.0" averageEnergy="-19.3786" worstEnergy="-17.0"
                    bestConformation="Conformation 39.0 -39.0 Ffllrfllrlrrlrrflrfllfrrflffllfrffllrfrrllrrfrllfrrffflfllrrllrrfrllrffllfffffrrflrllflrfrrllflfflr"/>
        <trajectory sample="30" generation="30000"
                    bestEnergy="-29.0" averageEnergy="-19.5842" worstEnergy="-18.0"
                    bestConformation="Conformation 39.0 -39.0 Ffllrfllrlrrlrrflrfllfrrflffllfrffllrfrrllrrfrllfrrffflfllrrllrrfrllrffllfffffrrflrllflrfrrllflfflr"/>
        <trajectory sample="31" generation="31000"
                    bestEnergy="-29.0" averageEnergy="-19.7317" worstEnergy="-18.0"
                    bestConformation="Conformation 39.0 -39.0 Ffllrfllrlrrlrrflrfllfrrflffllfrffllrfrrllrrfrllfrrffflfllrrllrrfrllrffllfffffrrflrllflrfrrllflfflr"/>
        <trajectory sample="32" generation="32000"
                    bestEnergy="-29.0" averageEnergy="-19.89" worstEnergy="-18.0"
                    bestConformation="Conformation 39.0 -39.0 Ffllrfllrlrrlrrflrfllfrrflffllfrffllrfrrllrrfrllfrrffflfllrrllrrfrllrffllfffffrrflrllflrfrrllflfflr"/>
        <trajectory sample="33" generation="33000"
                    bestEnergy="-29.0" averageEnergy="-20.0673" worstEnergy="-18.0"
                    bestConformation="Conformation 39.0 -39.0 Ffllrfllrlrrlrrflrfllfrrflffllfrffllrfrrllrrfrllfrrffflfllrrllrrfrllrffllfffffrrflrllflrfrrllflfflr"/>
        <trajectory sample="34" generation="34000"
                    bestEnergy="-29.0" averageEnergy="-20.256" worstEnergy="-18.0"
                    bestConformation="Conformation 39.0 -39.0 Ffllrfllrlrrlrrflrfllfrrflffllfrffllrfrrllrrfrllfrrffflfllrrllrrfrllrffllfffffrrflrllflrfrrllflfflr"/>
        <trajectory sample="35" generation="35000"
                    bestEnergy="-29.0" averageEnergy="-20.4372" worstEnergy="-19.0"
                    bestConformation="Conformation 39.0 -39.0 Ffllrfllrlrrlrrflrfllfrrflffllfrffllrfrrllrrfrllfrrffflfllrrllrrfrllrffllfffffrrflrllflrfrrllflfflr"/>
        <trajectory sample="36" generation="36000"
                    bestEnergy="-29.0" averageEnergy="-20.582" worstEnergy="-19.0"
                    bestConformation="Conformation 39.0 -39.0 Ffllrfllrlrrlrrflrfllfrrflffllfrffllrfrrllrrfrllfrrffflfllrrllrrfrllrffllfffffrrflrllflrfrrllflfflr"/>
        <trajectory sample="37" generation="37000"
                    bestEnergy="-29.0" averageEnergy="-20.7272" worstEnergy="-14.0"
                    bestConformation="Conformation 39.0 -39.0 Ffllrfllrlrrlrrflrfllfrrflffllfrffllrfrrllrrfrllfrrffflfllrrllrrfrllrffllfffffrrflrllflrfrrllflfflr"/>
        <trajectory sample="38" generation="38000"
                    bestEnergy="-29.0" averageEnergy="-20.8787" worstEnergy="-19.0"
                    bestConformation="Conformation 39.0 -39.0 Ffllrfllrlrrlrrflrfllfrrflffllfrffllrfrrllrrfrllfrrffflfllrrllrrfrllrffllfffffrrflrllflrfrrllflfflr"/>
        <trajectory sample="39" generation="39000"
                    bestEnergy="-29.0" averageEnergy="-21.0519" worstEnergy="-19.0"
                    bestConformation="Conformation 39.0 -39.0 Ffllrfllrlrrlrrflrfllfrrflffllfrffllrfrrllrrfrllfrrffflfllrrllrrfrllrffllfffffrrflrllflrfrrllflfflr"/>
        <trajectory sample="40" generation="40000"
                    bestEnergy="-29.0" averageEnergy="-21.2491" worstEnergy="-19.0"
                    bestConformation="Conformation 39.0 -39.0 Ffllrfllrlrrlrrflrfllfrrflffllfrffllrfrrllrrfrllfrrffflfllrrllrrfrllrffllfffffrrflrllflrfrrllflfflr"/>
        <trajectory sample="41" generation="41000"
                    bestEnergy="-29.0" averageEnergy="-21.4002" worstEnergy="-20.0"
                    bestConformation="Conformation 39.0 -39.0 Ffllrfllrlrrlrrflrfllfrrflffllfrffllrfrrllrrfrllfrrffflfllrrllrrfrllrffllfffffrrflrllflrfrrllflfflr"/>
        <trajectory sample="42" generation="42000"
                    bestEnergy="-29.0" averageEnergy="-21.5374" worstEnergy="-20.0"
                    bestConformation="Conformation 39.0 -39.0 Ffllrfllrlrrlrrflrfllfrrflffllfrffllrfrrllrrfrllfrrffflfllrrllrrfrllrffllfffffrrflrllflrfrrllflfflr"/>
        <trajectory sample="43" generation="43000"
                    bestEnergy="-30.0" averageEnergy="-21.6844" worstEnergy="-20.0"
                    bestConformation="Conformation 39.0 -39.0 Ffffflflrlrrlrrflrfllfrrflffllfrffllrfrrllrrfrllfrrffflfllrrllrrfrllrffllfffffrrflrllflrfrrllflfflr"/>
        <trajectory sample="44" generation="44000"
                    bestEnergy="-30.0" averageEnergy="-21.8398" worstEnergy="-16.0"
                    bestConformation="Conformation 39.0 -39.0 Ffffflflrlrrlrrflrfllfrrflffllfrffllrfrrllrrfrllfrrffflfllrrllrrfrllrffllfffffrrflrllflrfrrllflfflr"/>
        <trajectory sample="45" generation="45000"
                    bestEnergy="-30.0" averageEnergy="-22.0025" worstEnergy="-20.0"
                    bestConformation="Conformation 39.0 -39.0 Ffffflflrlrrlrrflrfllfrrflffllfrffllrfrrllrrfrllfrrffflfllrrllrrfrllrffllfffffrrflrllflrfrrllflfflr"/>
        <trajectory sample="46" generation="46000"
                    bestEnergy="-30.0" averageEnergy="-22.1736" worstEnergy="-20.0"
                    bestConformation="Conformation 39.0 -39.0 Ffffflflrlrrlrrflrfllfrrflffllfrffllrfrrllrrfrllfrrffflfllrrllrrfrllrffllfffffrrflrllflrfrrllflfflr"/>
        <trajectory sample="47" generation="47000"
                    bestEnergy="-30.0" averageEnergy="-22.3425" worstEnergy="-18.0"
                    bestConformation="Conformation 39.0 -39.0 Ffffflflrlrrlrrflrfllfrrflffllfrffllrfrrllrrfrllfrrffflfllrrllrrfrllrffllfffffrrflrllflrfrrllflfflr"/>
        <trajectory sample="48" generation="48000"
                    bestEnergy="-30.0" averageEnergy="-22.4848" worstEnergy="-21.0"
                    bestConformation="Conformation 39.0 -39.0 Ffffflflrlrrlrrflrfllfrrflffllfrffllrfrrllrrfrllfrrffflfllrrllrrfrllrffllfffffrrflrllflrfrrllflfflr"/>
        <trajectory sample="49" generation="49000"
                    bestEnergy="-30.0" averageEnergy="-22.6148" worstEnergy="-20.0"
                    bestConformation="Conformation 39.0 -39.0 Ffffflflrlrrlrrflrfllfrrflffllfrffllrfrrllrrfrllfrrffflfllrrllrrfrllrffllfffffrrflrllflrfrrllflfflr"/>
        <trajectory sample="50" generation="50000"
                    bestEnergy="-30.0" averageEnergy="-22.765" worstEnergy="-20.0"
                    bestConformation="Conformation 39.0 -39.0 Ffffflflrlrrlrrflrfllfrrflffllfrffllrfrrllrrfrllfrrffflfllrrllrrfrllrffllfffffrrflrllflrfrrllflfflr"/>
        <trajectory sample="51" generation="51000"
                    bestEnergy="-30.0" averageEnergy="-22.9214" worstEnergy="-19.0"
                    bestConformation="Conformation 39.0 -39.0 Ffffflflrlrrlrrflrfllfrrflffllfrffllrfrrllrrfrllfrrffflfllrrllrrfrllrffllfffffrrflrllflrfrrllflfflr"/>
        <trajectory sample="52" generation="52000"
                    bestEnergy="-30.0" averageEnergy="-23.0924" worstEnergy="-21.0"
                    bestConformation="Conformation 39.0 -39.0 Ffffflflrlrrlrrflrfllfrrflffllfrffllrfrrllrrfrllfrrffflfllrrllrrfrllrffllfffffrrflrllflrfrrllflfflr"/>
        <trajectory sample="53" generation="53000"
                    bestEnergy="-30.0" averageEnergy="-23.2666" worstEnergy="-21.0"
                    bestConformation="Conformation 39.0 -39.0 Ffffflflrlrrlrrflrfllfrrflffllfrffllrfrrllrrfrllfrrffflfllrrllrrfrllrffllfffffrrflrllflrfrrllflfflr"/>
        <trajectory sample="54" generation="54000"
                    bestEnergy="-30.0" averageEnergy="-23.3999" worstEnergy="-22.0"
                    bestConformation="Conformation 39.0 -39.0 Ffffflflrlrrlrrflrfllfrrflffllfrffllrfrrllrrfrllfrrffflfllrrllrrfrllrffllfffffrrflrllflrfrrllflfflr"/>
        <trajectory sample="55" generation="55000"
                    bestEnergy="-30.0" averageEnergy="-23.5327" worstEnergy="-20.0"
                    bestConformation="Conformation 39.0 -39.0 Ffffflflrlrrlrrflrfllfrrflffllfrffllrfrrllrrfrllfrrffflfllrrllrrfrllrffllfffffrrflrllflrfrrllflfflr"/>
        <trajectory sample="56" generation="56000"
                    bestEnergy="-30.0" averageEnergy="-23.6696" worstEnergy="-22.0"
                    bestConformation="Conformation 39.0 -39.0 Ffffflflrlrrlrrflrfllfrrflffllfrffllrfrrllrrfrllfrrffflfllrrllrrfrllrffllfffffrrflrllflrfrrllflfflr"/>
        <trajectory sample="57" generation="57000"
                    bestEnergy="-30.0" averageEnergy="-23.8199" worstEnergy="-22.0"
                    bestConformation="Conformation 39.0 -39.0 Ffffflflrlrrlrrflrfllfrrflffllfrffllrfrrllrrfrllfrrffflfllrrllrrfrllrffllfffffrrflrllflrfrrllflfflr"/>
        <trajectory sample="58" generation="58000"
                    bestEnergy="-30.0" averageEnergy="-23.9802" worstEnergy="-17.0"
                    bestConformation="Conformation 39.0 -39.0 Ffffflflrlrrlrrflrfllfrrflffllfrffllrfrrllrrfrllfrrffflfllrrllrrfrllrffllfffffrrflrllflrfrrllflfflr"/>
        <trajectory sample="59" generation="59000"
                    bestEnergy="-30.0" averageEnergy="-24.156" worstEnergy="-22.0"
                    bestConformation="Conformation 39.0 -39.0 Ffffflflrlrrlrrflrfllfrrflffllfrffllrfrrllrrfrllfrrffflfllrrllrrfrllrffllfffffrrflrllflrfrrllflfflr"/>
        <trajectory sample="60" generation="60000"
                    bestEnergy="-30.0" averageEnergy="-24.2795" worstEnergy="-22.0"
                    bestConformation="Conformation 39.0 -39.0 Ffffflflrlrrlrrflrfllfrrflffllfrffllrfrrllrrfrllfrrffflfllrrllrrfrllrffllfffffrrflrllflrfrrllflfflr"/>
        <trajectory sample="61" generation="61000"
                    bestEnergy="-31.0" averageEnergy="-24.4038" worstEnergy="-20.0"
                    bestConformation="Conformation 39.0 -39.0 Ffffflflrlrrlrrflrfllfrrflffllfrffllrfrrllrrfrllfrrffflfllrrllrrfrllrflfllrfffrrflrllflrfrrllflfflr"/>
        <trajectory sample="62" generation="62000"
                    bestEnergy="-31.0" averageEnergy="-24.5225" worstEnergy="-23.0"
                    bestConformation="Conformation 39.0 -39.0 Ffffflflrlrrlrrflrfllfrrflffllfrffllrfrrllrrfrllfrrffflfllrrllrrfrllrflfllrfffrrflrllflrfrrllflfflr"/>
        <trajectory sample="63" generation="63000"
                    bestEnergy="-31.0" averageEnergy="-24.6512" worstEnergy="-15.0"
                    bestConformation="Conformation 39.0 -39.0 Ffffflflrlrrlrrflrfllfrrflffllfrffllrfrrllrrfrllfrrffflfllrrllrrfrllrflfllrfffrrflrllflrfrrllflfflr"/>
        <trajectory sample="64" generation="64000"
                    bestEnergy="-31.0" averageEnergy="-24.7909" worstEnergy="-23.0"
                    bestConformation="Conformation 39.0 -39.0 Ffffflflrlrrlrrflrfllfrrflffllfrffllrfrrllrrfrllfrrffflfllrrllrrfrllrflfllrfffrrflrllflrfrrllflfflr"/>
        <trajectory sample="65" generation="65000"
                    bestEnergy="-31.0" averageEnergy="-24.9352" worstEnergy="-20.0"
                    bestConformation="Conformation 39.0 -39.0 Ffffflflrlrrlrrflrfllfrrflffllfrffllrfrrllrrfrllfrrffflfllrrllrrfrllrflfllrfffrrflrllflrfrrllflfflr"/>
        <trajectory sample="66" generation="66000"
                    bestEnergy="-31.0" averageEnergy="-25.0738" worstEnergy="-24.0"
                    bestConformation="Conformation 39.0 -39.0 Ffffflflrlrrlrrflrfllfrrflffllfrffllrfrrllrrfrllfrrffflfllrrllrrfrllrflfllrfffrrflrllflrfrrllflfflr"/>
        <trajectory sample="67" generation="67000"
                    bestEnergy="-31.0" averageEnergy="-25.166" worstEnergy="-24.0"
                    bestConformation="Conformation 39.0 -39.0 Ffffflflrlrrlrrflrfllfrrflffllfrffllrfrrllrrfrllfrrffflfllrrllrrfrllrflfllrfffrrflrllflrfrrllflfflr"/>
        <trajectory sample="68" generation="68000"
                    bestEnergy="-31.0" averageEnergy="-25.2612" worstEnergy="-24.0"
                    bestConformation="Conformation 39.0 -39.0 Ffffflflrlrrlrrflrfllfrrflffllfrffllrfrrllrrfrllfrrffflfllrrllrrfrllrflfllrfffrrflrllflrfrrllflfflr"/>
        <trajectory sample="69" generation="69000"
                    bestEnergy="-31.0" averageEnergy="-25.3672" worstEnergy="-24.0"
                    bestConformation="Conformation 39.0 -39.0 Ffffflflrlrrlrrflrfllfrrflffllfrffllrfrrllrrfrllfrrffflfllrrllrrfrllrflfllrfffrrflrllflrfrrllflfflr"/>
        <trajectory sample="70" generation="70000"
                    bestEnergy="-31.0" averageEnergy="-25.4841" worstEnergy="-24.0"
                    bestConformation="Conformation 39.0 -39.0 Ffffflflrlrrlrrflrfllfrrflffllfrffllrfrrllrrfrllfrrffflfllrrllrrfrllrflfllrfffrrflrllflrfrrllflfflr"/>
        <trajectory sample="71" generation="71000"
                    bestEnergy="-31.0" averageEnergy="-25.6095" worstEnergy="-24.0"
                    bestConformation="Conformation 39.0 -39.0 Ffffflflrlrrlrrflrfllfrrflffllfrffllrfrrllrrfrllfrrffflfllrrllrrfrllrflfllrfffrrflrllflrfrrllflfflr"/>
        <trajectory sample="72" generation="72000"
                    bestEnergy="-31.0" averageEnergy="-25.7314" worstEnergy="-20.0"
                    bestConformation="Conformation 39.0 -39.0 Ffffflflrlrrlrrflrfllfrrflffllfrffllrfrrllrrfrllfrrffflfllrrllrrfrllrflfllrfffrrflrllflrfrrllflfflr"/>
        <trajectory sample="73" generation="73000"
                    bestEnergy="-31.0" averageEnergy="-25.8648" worstEnergy="-24.0"
                    bestConformation="Conformation 39.0 -39.0 Ffffflflrlrrlrrflrfllfrrflffllfrffllrfrrllrrfrllfrrffflfllrrllrrfrllrflfllrfffrrflrllflrfrrllflfflr"/>
        <trajectory sample="74" generation="74000"
                    bestEnergy="-31.0" averageEnergy="-25.9748" worstEnergy="-25.0"
                    bestConformation="Conformation 39.0 -39.0 Ffffflflrlrrlrrflrfllfrrflffllfrffllrfrrllrrfrllfrrffflfllrrllrrfrllrflfllrfffrrflrllflrfrrllflfflr"/>
        <trajectory sample="75" generation="75000"
                    bestEnergy="-31.0" averageEnergy="-26.0545" worstEnergy="-25.0"
                    bestConformation="Conformation 39.0 -39.0 Ffffflflrlrrlrrflrfllfrrflffllfrffllrfrrllrrfrllfrrffflfllrrllrrfrllrflfllrfffrrflrllflrfrrllflfflr"/>
        <trajectory sample="76" generation="76000"
                    bestEnergy="-31.0" averageEnergy="-26.1377" worstEnergy="-25.0"
                    bestConformation="Conformation 39.0 -39.0 Ffffflflrlrrlrrflrfllfrrflffllfrffllrfrrllrrfrllfrrffflfllrrllrrfrllrflfllrfffrrflrllflrfrrllflfflr"/>
        <trajectory sample="77" generation="77000"
                    bestEnergy="-31.0" averageEnergy="-26.2389" worstEnergy="-25.0"
                    bestConformation="Conformation 39.0 -39.0 Ffffflflrlrrlrrflrfllfrrflffllfrffllrfrrllrrfrllfrrffflfllrrllrrfrllrflfllrfffrrflrllflrfrrllflfflr"/>
        <trajectory sample="78" generation="78000"
                    bestEnergy="-31.0" averageEnergy="-26.3261" worstEnergy="-22.0"
                    bestConformation="Conformation 39.0 -39.0 Ffffflflrlrrlrrflrfllfrrflffllfrffllrfrrllrrfrllfrrffflfllrrllrrfrllrflfllrfffrrflrllflrfrrllflfflr"/>
        <trajectory sample="79" generation="79000"
                    bestEnergy="-31.0" averageEnergy="-26.4246" worstEnergy="-25.0"
                    bestConformation="Conformation 39.0 -39.0 Ffffflflrlrrlrrflrfllfrrflffllfrffllrfrrllrrfrllfrrffflfllrrllrrfrllrflfllrfffrrflrllflrfrrllflfflr"/>
        <trajectory sample="80" generation="80000"
                    bestEnergy="-31.0" averageEnergy="-26.5343" worstEnergy="-25.0"
                    bestConformation="Conformation 39.0 -39.0 Ffffflflrlrrlrrflrfllfrrflffllfrffllrfrrllrrfrllfrrffflfllrrllrrfrllrflfllrfffrrflrllflrfrrllflfflr"/>
        <trajectory sample="81" generation="81000"
                    bestEnergy="-33.0" averageEnergy="-26.6487" worstEnergy="-25.0"
                    bestConformation="Conformation 39.0 -39.0 Fffffrllrlrrlrrflrfllfrrflffllfrffllrfrrllrrfrllfrrffflfllrrllrrffrllrfllfffffrrflrllflrfrrllflfflr"/>
        <trajectory sample="82" generation="82000"
                    bestEnergy="-33.0" averageEnergy="-26.7497" worstEnergy="-26.0"
                    bestConformation="Conformation 39.0 -39.0 Fffffrllrlrrlrrflrfllfrrflffllfrffllrfrrllrrfrllfrrffflfllrrllrrffrllrfllfffffrrflrllflrfrrllflfflr"/>
        <trajectory sample="83" generation="83000"
                    bestEnergy="-33.0" averageEnergy="-26.8185" worstEnergy="-24.0"
                    bestConformation="Conformation 39.0 -39.0 Fffffrllrlrrlrrflrfllfrrflffllfrffllrfrrllrrfrllfrrffflfllrrllrrffrllrfllfffffrrflrllflrfrrllflfflr"/>
        <trajectory sample="84" generation="84000"
                    bestEnergy="-33.0" averageEnergy="-26.8888" worstEnergy="-26.0"
                    bestConformation="Conformation 39.0 -39.0 Fffffrllrlrrlrrflrfllfrrflffllfrffllrfrrllrrfrllfrrffflfllrrllrrffrllrfllfffffrrflrllflrfrrllflfflr"/>
        <trajectory sample="85" generation="85000"
                    bestEnergy="-33.0" averageEnergy="-26.9639" worstEnergy="-21.0"
                    bestConformation="Conformation 39.0 -39.0 Fffffrllrlrrlrrflrfllfrrflffllfrffllrfrrllrrfrllfrrffflfllrrllrrffrllrfllfffffrrflrllflrfrrllflfflr"/>
        <trajectory sample="86" generation="86000"
                    bestEnergy="-33.0" averageEnergy="-27.0401" worstEnergy="-26.0"
                    bestConformation="Conformation 39.0 -39.0 Fffffrllrlrrlrrflrfllfrrflffllfrffllrfrrllrrfrllfrrffflfllrrllrrffrllrfllfffffrrflrllflrfrrllflfflr"/>
        <trajectory sample="87" generation="87000"
                    bestEnergy="-33.0" averageEnergy="-27.1218" worstEnergy="-26.0"
                    bestConformation="Conformation 39.0 -39.0 Fffffrllrlrrlrrflrfllfrrflffllfrffllrfrrllrrfrllfrrffflfllrrllrrffrllrfllfffffrrflrllflrfrrllflfflr"/>
        <trajectory sample="88" generation="88000"
                    bestEnergy="-33.0" averageEnergy="-27.2037" worstEnergy="-26.0"
                    bestConformation="Conformation 39.0 -39.0 Fffffrllrlrrlrrflrfllfrrflffllfrffllrfrrllrrfrllfrrffflfllrrllrrffrllrfllfffffrrflrllflrfrrllflfflr"/>
        <trajectory sample="89" generation="89000"
                    bestEnergy="-33.0" averageEnergy="-27.2888" worstEnergy="-26.0"
                    bestConformation="Conformation 39.0 -39.0 Fffffrllrlrrlrrflrfllfrrflffllfrffllrfrrllrrfrllfrrffflfllrrllrrffrllrfllfffffrrflrllflrfrrllflfflr"/>
        <trajectory sample="90" generation="90000"
                    bestEnergy="-33.0" averageEnergy="-27.3875" worstEnergy="-24.0"
                    bestConformation="Conformation 39.0 -39.0 Fffffrllrlrrlrrflrfllfrrflffllfrffllrfrrllrrfrllfrrffflfllrrllrrffrllrfllfffffrrflrllflrfrrllflfflr"/>
        <trajectory sample="91" generation="91000"
                    bestEnergy="-33.0" averageEnergy="-27.483" worstEnergy="-25.0"
                    bestConformation="Conformation 39.0 -39.0 Fffffrllrlrrlrrflrfllfrrflffllfrffllrfrrllrrfrllfrrffflfllrrllrrffrllrfllfffffrrflrllflrfrrllflfflr"/>
        <trajectory sample="92" generation="92000"
                    bestEnergy="-33.0" averageEnergy="-27.5884" worstEnergy="-24.0"
                    bestConformation="Conformation 39.0 -39.0 Fffffrllrlrrlrrflrfllfrrflffllfrffllrfrrllrrfrllfrrffflfllrrllrrffrllrfllfffffrrflrllflrfrrllflfflr"/>
        <trajectory sample="93" generation="93000"
                    bestEnergy="-33.0" averageEnergy="-27.6863" worstEnergy="-27.0"
                    bestConformation="Conformation 39.0 -39.0 Fffffrllrlrrlrrflrfllfrrflffllfrffllrfrrllrrfrllfrrffflfllrrllrrffrllrfllfffffrrflrllflrfrrllflfflr"/>
        <trajectory sample="94" generation="94000"
                    bestEnergy="-33.0" averageEnergy="-27.7409" worstEnergy="-24.0"
                    bestConformation="Conformation 39.0 -39.0 Fffffrllrlrrlrrflrfllfrrflffllfrffllrfrrllrrfrllfrrffflfllrrllrrffrllrfllfffffrrflrllflrfrrllflfflr"/>
        <trajectory sample="95" generation="95000"
                    bestEnergy="-33.0" averageEnergy="-27.8013" worstEnergy="-27.0"
                    bestConformation="Conformation 39.0 -39.0 Fffffrllrlrrlrrflrfllfrrflffllfrffllrfrrllrrfrllfrrffflfllrrllrrffrllrfllfffffrrflrllflrfrrllflfflr"/>
        <trajectory sample="96" generation="96000"
                    bestEnergy="-33.0" averageEnergy="-27.8635" worstEnergy="-25.0"
                    bestConformation="Conformation 39.0 -39.0 Fffffrllrlrrlrrflrfllfrrflffllfrffllrfrrllrrfrllfrrffflfllrrllrrffrllrfllfffffrrflrllflrfrrllflfflr"/>
        <trajectory sample="97" generation="97000"
                    bestEnergy="-33.0" averageEnergy="-27.9341" worstEnergy="-27.0"
                    bestConformation="Conformation 39.0 -39.0 Fffffrllrlrrlrrflrfllfrrflffllfrffllrfrrllrrfrllfrrffflfllrrllrrffrllrfllfffffrrflrllflrfrrllflfflr"/>
        <trajectory sample="98" generation="98000"
                    bestEnergy="-33.0" averageEnergy="-28.0044" worstEnergy="-27.0"
                    bestConformation="Conformation 39.0 -39.0 Fffffrllrlrrlrrflrfllfrrflffllfrffllrfrrllrrfrllfrrffflfllrrllrrffrllrfllfffffrrflrllflrfrrllflfflr"/>
        <trajectory sample="99" generation="99000"
                    bestEnergy="-33.0" averageEnergy="-28.0756" worstEnergy="-25.0"
                    bestConformation="Conformation 39.0 -39.0 Fffffrllrlrrlrrflrfllfrrflffllfrffllrfrrllrrfrllfrrffflfllrrllrrffrllrfllfffffrrflrllflrfrrllflfflr"/>
        <trajectory sample="100" generation="100000"
                    bestEnergy="-33.0" averageEnergy="-28.1546" worstEnergy="-27.0"
                    bestConformation="Conformation 39.0 -39.0 Fffffrllrlrrlrrflrfllfrrflffllfrffllrfrrllrrfrllfrrffflfllrrllrrffrllrfllfffffrrflrllflrfrrllflfflr"/>
        <trajectory sample="101" generation="101000"
                    bestEnergy="-33.0" averageEnergy="-28.2399" worstEnergy="-23.0"
                    bestConformation="Conformation 39.0 -39.0 Fffffrllrlrrlrrflrfllfrrflffllfrffllrfrrllrrfrllfrrffflfllrrllrrffrllrfllfffffrrflrllflrfrrllflfflr"/>
        <trajectory sample="102" generation="102000"
                    bestEnergy="-33.0" averageEnergy="-28.3289" worstEnergy="-21.0"
                    bestConformation="Conformation 39.0 -39.0 Fffffrllrlrrlrrflrfllfrrflffllfrffllrfrrllrrfrllfrrffflfllrrllrrffrllrfllfffffrrflrllflrfrrllflfflr"/>
        <trajectory sample="103" generation="103000"
                    bestEnergy="-34.0" averageEnergy="-28.4209" worstEnergy="-27.0"
                    bestConformation="Conformation 39.0 -39.0 Fllrffllrlrrlrrflrfllfrrflffllfrffllrfrrllrrfrllfrrffflfllrrllrrffrllrfllfffffrrflrllflrfrffllffflr"/>
        <trajectory sample="104" generation="104000"
                    bestEnergy="-34.0" averageEnergy="-28.5149" worstEnergy="-27.0"
                    bestConformation="Conformation 39.0 -39.0 Fllrffllrlrrlrrflrfllfrrflffllfrffllrfrrllrrfrllfrrffflfllrrllrrffrllrfllfffffrrflrllflrfrffllffflr"/>
        <trajectory sample="105" generation="105000"
                    bestEnergy="-34.0" averageEnergy="-28.6157" worstEnergy="-27.0"
                    bestConformation="Conformation 39.0 -39.0 Fllrffllrlrrlrrflrfllfrrflffllfrffllrfrrllrrfrllfrrffflfllrrllrrffrllrfllfffffrrflrllflrfrffllffflr"/>
        <trajectory sample="106" generation="106000"
                    bestEnergy="-34.0" averageEnergy="-28.7195" worstEnergy="-28.0"
                    bestConformation="Conformation 39.0 -39.0 Fllrffllrlrrlrrflrfllfrrflffllfrffllrfrrllrrfrllfrrffflfllrrllrrffrllrfllfffffrrflrllflrfrffllffflr"/>
        <trajectory sample="107" generation="107000"
                    bestEnergy="-34.0" averageEnergy="-28.772" worstEnergy="-20.0"
                    bestConformation="Conformation 39.0 -39.0 Fllrffllrlrrlrrflrfllfrrflffllfrffllrfrrllrrfrllfrrffflfllrrllrrffrllrfllfffffrrflrllflrfrffllffflr"/>
        <trajectory sample="108" generation="108000"
                    bestEnergy="-34.0" averageEnergy="-28.8231" worstEnergy="-28.0"
                    bestConformation="Conformation 39.0 -39.0 Fllrffllrlrrlrrflrfllfrrflffllfrffllrfrrllrrfrllfrrffflfllrrllrrffrllrfllfffffrrflrllflrfrffllffflr"/>
        <trajectory sample="109" generation="109000"
                    bestEnergy="-34.0" averageEnergy="-28.8818" worstEnergy="-22.0"
                    bestConformation="Conformation 39.0 -39.0 Fllrffllrlrrlrrflrfllfrrflffllfrffllrfrrllrrfrllfrrffflfllrrllrrffrllrfllfffffrrflrllflrfrffllffflr"/>
        <trajectory sample="110" generation="110000"
                    bestEnergy="-34.0" averageEnergy="-28.9518" worstEnergy="-28.0"
                    bestConformation="Conformation 39.0 -39.0 Fllrffllrlrrlrrflrfllfrrflffllfrffllrfrrllrrfrllfrrffflfllrrllrrffrllrfllfffffrrflrllflrfrffllffflr"/>
        <trajectory sample="111" generation="111000"
                    bestEnergy="-34.0" averageEnergy="-29.0181" worstEnergy="-24.0"
                    bestConformation="Conformation 39.0 -39.0 Fllrffllrlrrlrrflrfllfrrflffllfrffllrfrrllrrfrllfrrffflfllrrllrrffrllrfllfffffrrflrllflrfrffllffflr"/>
        <trajectory sample="112" generation="112000"
                    bestEnergy="-34.0" averageEnergy="-29.0921" worstEnergy="-26.0"
                    bestConformation="Conformation 39.0 -39.0 Fllrffllrlrrlrrflrfllfrrflffllfrffllrfrrllrrfrllfrrffflfllrrllrrffrllrfllfffffrrflrllflrfrffllffflr"/>
        <trajectory sample="113" generation="113000"
                    bestEnergy="-35.0" averageEnergy="-29.1766" worstEnergy="-25.0"
                    bestConformation="Conformation 39.0 -39.0 Flrflrllrflrrfrflrfllfrrflffllfrffllrfrrllrrfrllfrrffflfllrrllrrfrllrflfllrfffrrflrllflrfrrllflfflr"/>
        <trajectory sample="114" generation="114000"
                    bestEnergy="-35.0" averageEnergy="-29.2515" worstEnergy="-28.0"
                    bestConformation="Conformation 39.0 -39.0 Flrflrllrflrrfrflrfllfrrflffllfrffllrfrrllrrfrllfrrffflfllrrllrrfrllrflfllrfffrrflrllflrfrrllflfflr"/>
        <trajectory sample="115" generation="115000"
                    bestEnergy="-35.0" averageEnergy="-29.3391" worstEnergy="-28.0"
                    bestConformation="Conformation 39.0 -39.0 Flrflrllrflrrfrflrfllfrrflffllfrffllrfrrllrrfrllfrrffflfllrrllrrfrllrflfllrfffrrflrllflrfrrllflfflr"/>
        <trajectory sample="116" generation="116000"
                    bestEnergy="-35.0" averageEnergy="-29.4305" worstEnergy="-26.0"
                    bestConformation="Conformation 39.0 -39.0 Flrflrllrflrrfrflrfllfrrflffllfrffllrfrrllrrfrllfrrffflfllrrllrrfrllrflfllrfffrrflrllflrfrrllflfflr"/>
        <trajectory sample="117" generation="117000"
                    bestEnergy="-35.0" averageEnergy="-29.5172" worstEnergy="-26.0"
                    bestConformation="Conformation 39.0 -39.0 Flrflrllrflrrfrflrfllfrrflffllfrffllrfrrllrrfrllfrrffflfllrrllrrfrllrflfllrfffrrflrllflrfrrllflfflr"/>
        <trajectory sample="118" generation="118000"
                    bestEnergy="-35.0" averageEnergy="-29.6094" worstEnergy="-29.0"
                    bestConformation="Conformation 39.0 -39.0 Flrflrllrflrrfrflrfllfrrflffllfrffllrfrrllrrfrllfrrffflfllrrllrrfrllrflfllrfffrrflrllflrfrrllflfflr"/>
        <trajectory sample="119" generation="119000"
                    bestEnergy="-36.0" averageEnergy="-29.6537" worstEnergy="-29.0"
                    bestConformation="Conformation 39.0 -39.0 Ffffflflrlrrlrrflrfllfrrflffllfrffllrfrrllrrfrllfrrffflfllrrllrrfrllrffllfffffrrflrllflrfrrllflfflr"/>
        <trajectory sample="120" generation="120000"
                    bestEnergy="-36.0" averageEnergy="-29.702" worstEnergy="-25.0"
                    bestConformation="Conformation 39.0 -39.0 Ffffflflrlrrlrrflrfllfrrflffllfrffllrfrrllrrfrllfrrffflfllrrllrrfrllrffllfffffrrflrllflrfrrllflfflr"/>
        <trajectory sample="121" generation="121000"
                    bestEnergy="-36.0" averageEnergy="-29.7481" worstEnergy="-29.0"
                    bestConformation="Conformation 39.0 -39.0 Ffffflflrlrrlrrflrfllfrrflffllfrffllrfrrllrrfrllfrrffflfllrrllrrfrllrffllfffffrrflrllflrfrrllflfflr"/>
        <trajectory sample="122" generation="122000"
                    bestEnergy="-36.0" averageEnergy="-29.7945" worstEnergy="-29.0"
                    bestConformation="Conformation 39.0 -39.0 Ffffflflrlrrlrrflrfllfrrflffllfrffllrfrrllrrfrllfrrffflfllrrllrrfrllrffllfffffrrflrllflrfrrllflfflr"/>
        <trajectory sample="123" generation="123000"
                    bestEnergy="-36.0" averageEnergy="-29.8552" worstEnergy="-29.0"
                    bestConformation="Conformation 39.0 -39.0 Ffffflflrlrrlrrflrfllfrrflffllfrffllrfrrllrrfrllfrrffflfllrrllrrfrllrffllfffffrrflrllflrfrrllflfflr"/>
        <trajectory sample="124" generation="124000"
                    bestEnergy="-36.0" averageEnergy="-29.9141" worstEnergy="-29.0"
                    bestConformation="Conformation 39.0 -39.0 Ffffflflrlrrlrrflrfllfrrflffllfrffllrfrrllrrfrllfrrffflfllrrllrrfrllrffllfffffrrflrllflrfrrllflfflr"/>
        <trajectory sample="125" generation="125000"
                    bestEnergy="-36.0" averageEnergy="-29.9732" worstEnergy="-27.0"
                    bestConformation="Conformation 39.0 -39.0 Ffffflflrlrrlrrflrfllfrrflffllfrffllrfrrllrrfrllfrrffflfllrrllrrfrllrffllfffffrrflrllflrfrrllflfflr"/>
        <trajectory sample="126" generation="126000"
                    bestEnergy="-36.0" averageEnergy="-30.0373" worstEnergy="-29.0"
                    bestConformation="Conformation 39.0 -39.0 Ffffflflrlrrlrrflrfllfrrflffllfrffllrfrrllrrfrllfrrffflfllrrllrrfrllrffllfffffrrflrllflrfrrllflfflr"/>
        <trajectory sample="127" generation="127000"
                    bestEnergy="-36.0" averageEnergy="-30.1051" worstEnergy="-29.0"
                    bestConformation="Conformation 39.0 -39.0 Ffffflflrlrrlrrflrfllfrrflffllfrffllrfrrllrrfrllfrrffflfllrrllrrfrllrffllfffffrrflrllflrfrrllflfflr"/>
        <trajectory sample="128" generation="128000"
                    bestEnergy="-36.0" averageEnergy="-30.175" worstEnergy="-29.0"
                    bestConformation="Conformation 39.0 -39.0 Ffffflflrlrrlrrflrfllfrrflffllfrffllrfrrllrrfrllfrrffflfllrrllrrfrllrffllfffffrrflrllflrfrrllflfflr"/>
        <trajectory sample="129" generation="129000"
                    bestEnergy="-36.0" averageEnergy="-30.2535" worstEnergy="-26.0"
                    bestConformation="Conformation 39.0 -39.0 Ffffflflrlrrlrrflrfllfrrflffllfrffllrfrrllrrfrllfrrffflfllrrllrrfrllrffllfffffrrflrllflrfrrllflfflr"/>
        <trajectory sample="130" generation="130000"
                    bestEnergy="-36.0" averageEnergy="-30.3369" worstEnergy="-29.0"
                    bestConformation="Conformation 39.0 -39.0 Ffffflflrlrrlrrflrfllfrrflffllfrffllrfrrllrrfrllfrrffflfllrrllrrfrllrffllfffffrrflrllflrfrrllflfflr"/>
        <trajectory sample="131" generation="131000"
                    bestEnergy="-36.0" averageEnergy="-30.4233" worstEnergy="-29.0"
                    bestConformation="Conformation 39.0 -39.0 Ffffflflrlrrlrrflrfllfrrflffllfrffllrfrrllrrfrllfrrffflfllrrllrrfrllrffllfffffrrflrllflrfrrllflfflr"/>
        <trajectory sample="132" generation="132000"
                    bestEnergy="-36.0" averageEnergy="-30.5114" worstEnergy="-29.0"
                    bestConformation="Conformation 39.0 -39.0 Ffffflflrlrrlrrflrfllfrrflffllfrffllrfrrllrrfrllfrrffflfllrrllrrfrllrffllfffffrrflrllflrfrrllflfflr"/>
        <trajectory sample="133" generation="133000"
                    bestEnergy="-36.0" averageEnergy="-30.5794" worstEnergy="-26.0"
                    bestConformation="Conformation 39.0 -39.0 Ffffflflrlrrlrrflrfllfrrflffllfrffllrfrrllrrfrllfrrffflfllrrllrrfrllrffllfffffrrflrllflrfrrllflfflr"/>
        <trajectory sample="134" generation="134000"
                    bestEnergy="-36.0" averageEnergy="-30.6162" worstEnergy="-30.0"
                    bestConformation="Conformation 39.0 -39.0 Ffffflflrlrrlrrflrfllfrrflffllfrffllrfrrllrrfrllfrrffflfllrrllrrfrllrffllfffffrrflrllflrfrrllflfflr"/>
        <trajectory sample="135" generation="135000"
                    bestEnergy="-36.0" averageEnergy="-30.66" worstEnergy="-29.0"
                    bestConformation="Conformation 39.0 -39.0 Ffffflflrlrrlrrflrfllfrrflffllfrffllrfrrllrrfrllfrrffflfllrrllrrfrllrffllfffffrrflrllflrfrrllflfflr"/>
        <trajectory sample="136" generation="136000"
                    bestEnergy="-37.0" averageEnergy="-30.7147" worstEnergy="-30.0"
                    bestConformation="Conformation 39.0 -39.0 Ffffflflrlrrlrrflrfllfrrflffllfrffllrfrrllrrfrllfrrffflfllrrllrrfrllrllrllrfffrrflrllflrfrffllffflr"/>
        <trajectory sample="137" generation="137000"
                    bestEnergy="-37.0" averageEnergy="-30.7645" worstEnergy="-30.0"
                    bestConformation="Conformation 39.0 -39.0 Ffffflflrlrrlrrflrfllfrrflffllfrffllrfrrllrrfrllfrrffflfllrrllrrfrllrllrllrfffrrflrllflrfrffllffflr"/>
        <trajectory sample="138" generation="138000"
                    bestEnergy="-37.0" averageEnergy="-30.8127" worstEnergy="-28.0"
                    bestConformation="Conformation 39.0 -39.0 Ffffflflrlrrlrrflrfllfrrflffllfrffllrfrrllrrfrllfrrffflfllrrllrrfrllrllrllrfffrrflrllflrfrffllffflr"/>
        <trajectory sample="139" generation="139000"
                    bestEnergy="-37.0" averageEnergy="-30.8687" worstEnergy="-28.0"
                    bestConformation="Conformation 39.0 -39.0 Ffffflflrlrrlrrflrfllfrrflffllfrffllrfrrllrrfrllfrrffflfllrrllrrfrllrllrllrfffrrflrllflrfrffllffflr"/>
        <trajectory sample="140" generation="140000"
                    bestEnergy="-37.0" averageEnergy="-30.9222" worstEnergy="-24.0"
                    bestConformation="Conformation 39.0 -39.0 Ffffflflrlrrlrrflrfllfrrflffllfrffllrfrrllrrfrllfrrffflfllrrllrrfrllrllrllrfffrrflrllflrfrffllffflr"/>
        <trajectory sample="141" generation="141000"
                    bestEnergy="-37.0" averageEnergy="-30.9872" worstEnergy="-30.0"
                    bestConformation="Conformation 39.0 -39.0 Ffffflflrlrrlrrflrfllfrrflffllfrffllrfrrllrrfrllfrrffflfllrrllrrfrllrllrllrfffrrflrllflrfrffllffflr"/>
        <trajectory sample="142" generation="142000"
                    bestEnergy="-37.0" averageEnergy="-31.0468" worstEnergy="-30.0"
                    bestConformation="Conformation 39.0 -39.0 Ffffflflrlrrlrrflrfllfrrflffllfrffllrfrrllrrfrllfrrffflfllrrllrrfrllrllrllrfffrrflrllflrfrffllffflr"/>
        <trajectory sample="143" generation="143000"
                    bestEnergy="-37.0" averageEnergy="-31.1126" worstEnergy="-26.0"
                    bestConformation="Conformation 39.0 -39.0 Ffffflflrlrrlrrflrfllfrrflffllfrffllrfrrllrrfrllfrrffflfllrrllrrfrllrllrllrfffrrflrllflrfrffllffflr"/>
        <trajectory sample="144" generation="144000"
                    bestEnergy="-37.0" averageEnergy="-31.1831" worstEnergy="-30.0"
                    bestConformation="Conformation 39.0 -39.0 Ffffflflrlrrlrrflrfllfrrflffllfrffllrfrrllrrfrllfrrffflfllrrllrrfrllrllrllrfffrrflrllflrfrffllffflr"/>
        <trajectory sample="145" generation="145000"
                    bestEnergy="-37.0" averageEnergy="-31.2579" worstEnergy="-30.0"
                    bestConformation="Conformation 39.0 -39.0 Ffffflflrlrrlrrflrfllfrrflffllfrffllrfrrllrrfrllfrrffflfllrrllrrfrllrllrllrfffrrflrllflrfrffllffflr"/>
        <trajectory sample="146" generation="146000"
                    bestEnergy="-37.0" averageEnergy="-31.3359" worstEnergy="-30.0"
                    bestConformation="Conformation 39.0 -39.0 Ffffflflrlrrlrrflrfllfrrflffllfrffllrfrrllrrfrllfrrffflfllrrllrrfrllrllrllrfffrrflrllflrfrffllffflr"/>
        <trajectory sample="147" generation="147000"
                    bestEnergy="-37.0" averageEnergy="-31.4163" worstEnergy="-26.0"
                    bestConformation="Conformation 39.0 -39.0 Ffffflflrlrrlrrflrfllfrrflffllfrffllrfrrllrrfrllfrrffflfllrrllrrfrllrllrllrfffrrflrllflrfrffllffflr"/>
        <trajectory sample="148" generation="148000"
                    bestEnergy="-37.0" averageEnergy="-31.4952" worstEnergy="-30.0"
                    bestConformation="Conformation 39.0 -39.0 Ffffflflrlrrlrrflrfllfrrflffllfrffllrfrrllrrfrllfrrffflfllrrllrrfrllrllrllrfffrrflrllflrfrffllffflr"/>
        <trajectory sample="149" generation="149000"
                    bestEnergy="-37.0" averageEnergy="-31.5589" worstEnergy="-28.0"
                    bestConformation="Conformation 39.0 -39.0 Ffffflflrlrrlrrflrfllfrrflffllfrffllrfrrllrrfrllfrrffflfllrrllrrfrllrllrllrfffrrflrllflrfrffllffflr"/>
        <trajectory sample="150" generation="150000"
                    bestEnergy="-37.0" averageEnergy="-31.6002" worstEnergy="-24.0"
                    bestConformation="Conformation 39.0 -39.0 Ffffflflrlrrlrrflrfllfrrflffllfrffllrfrrllrrfrllfrrffflfllrrllrrfrllrllrllrfffrrflrllflrfrffllffflr"/>
        <trajectory sample="151" generation="151000"
                    bestEnergy="-37.0" averageEnergy="-31.6431" worstEnergy="-30.0"
                    bestConformation="Conformation 39.0 -39.0 Ffffflflrlrrlrrflrfllfrrflffllfrffllrfrrllrrfrllfrrffflfllrrllrrfrllrllrllrfffrrflrllflrfrffllffflr"/>
        <trajectory sample="152" generation="152000"
                    bestEnergy="-37.0" averageEnergy="-31.6888" worstEnergy="-31.0"
                    bestConformation="Conformation 39.0 -39.0 Ffffflflrlrrlrrflrfllfrrflffllfrffllrfrrllrrfrllfrrffflfllrrllrrfrllrllrllrfffrrflrllflrfrffllffflr"/>
        <trajectory sample="153" generation="153000"
                    bestEnergy="-37.0" averageEnergy="-31.7385" worstEnergy="-28.0"
                    bestConformation="Conformation 39.0 -39.0 Ffffflflrlrrlrrflrfllfrrflffllfrffllrfrrllrrfrllfrrffflfllrrllrrfrllrllrllrfffrrflrllflrfrffllffflr"/>
        <trajectory sample="154" generation="154000"
                    bestEnergy="-37.0" averageEnergy="-31.7901" worstEnergy="-31.0"
                    bestConformation="Conformation 39.0 -39.0 Ffffflflrlrrlrrflrfllfrrflffllfrffllrfrrllrrfrllfrrffflfllrrllrrfrllrllrllrfffrrflrllflrfrffllffflr"/>
        <trajectory sample="155" generation="155000"
                    bestEnergy="-37.0" averageEnergy="-31.8427" worstEnergy="-27.0"
                    bestConformation="Conformation 39.0 -39.0 Ffffflflrlrrlrrflrfllfrrflffllfrffllrfrrllrrfrllfrrffflfllrrllrrfrllrllrllrfffrrflrllflrfrffllffflr"/>
        <trajectory sample="156" generation="156000"
                    bestEnergy="-37.0" averageEnergy="-31.9061" worstEnergy="-31.0"
                    bestConformation="Conformation 39.0 -39.0 Ffffflflrlrrlrrflrfllfrrflffllfrffllrfrrllrrfrllfrrffflfllrrllrrfrllrllrllrfffrrflrllflrfrffllffflr"/>
        <trajectory sample="157" generation="157000"
                    bestEnergy="-37.0" averageEnergy="-31.9592" worstEnergy="-27.0"
                    bestConformation="Conformation 39.0 -39.0 Ffffflflrlrrlrrflrfllfrrflffllfrffllrfrrllrrfrllfrrffflfllrrllrrfrllrllrllrfffrrflrllflrfrffllffflr"/>
        <trajectory sample="158" generation="158000"
                    bestEnergy="-37.0" averageEnergy="-32.0258" worstEnergy="-31.0"
                    bestConformation="Conformation 39.0 -39.0 Ffffflflrlrrlrrflrfllfrrflffllfrffllrfrrllrrfrllfrrffflfllrrllrrfrllrllrllrfffrrflrllflrfrffllffflr"/>
        <trajectory sample="159" generation="159000"
                    bestEnergy="-37.0" averageEnergy="-32.0873" worstEnergy="-31.0"
                    bestConformation="Conformation 39.0 -39.0 Ffffflflrlrrlrrflrfllfrrflffllfrffllrfrrllrrfrllfrrffflfllrrllrrfrllrllrllrfffrrflrllflrfrffllffflr"/>
        <trajectory sample="160" generation="160000"
                    bestEnergy="-38.0" averageEnergy="-32.1567" worstEnergy="-31.0"
                    bestConformation="Conformation 39.0 -39.0 Fffffrflrlrrlrrflrfllfrrflffllfrffllrfrrllrrfrllfrrffflfllrrllrrfrllrflfllrfffrrflrllflrfrrllflfflr"/>
        <trajectory sample="161" generation="161000"
                    bestEnergy="-38.0" averageEnergy="-32.2253" worstEnergy="-31.0"
                    bestConformation="Conformation 39.0 -39.0 Fffffrflrlrrlrrflrfllfrrflffllfrffllrfrrllrrfrllfrrffflfllrrllrrfrllrflfllrfffrrflrllflrfrrllflfflr"/>
        <trajectory sample="162" generation="162000"
                    bestEnergy="-38.0" averageEnergy="-32.3062" worstEnergy="-31.0"
                    bestConformation="Conformation 39.0 -39.0 Fffffrflrlrrlrrflrfllfrrflffllfrffllrfrrllrrfrllfrrffflfllrrllrrfrllrflfllrfffrrflrllflrfrrllflfflr"/>
        <trajectory sample="163" generation="163000"
                    bestEnergy="-38.0" averageEnergy="-32.3845" worstEnergy="-31.0"
                    bestConformation="Conformation 39.0 -39.0 Fffffrflrlrrlrrflrfllfrrflffllfrffllrfrrllrrfrllfrrffflfllrrllrrfrllrflfllrfffrrflrllflrfrrllflfflr"/>
        <trajectory sample="164" generation="164000"
                    bestEnergy="-38.0" averageEnergy="-32.4657" worstEnergy="-31.0"
                    bestConformation="Conformation 39.0 -39.0 Fffffrflrlrrlrrflrfllfrrflffllfrffllrfrrllrrfrllfrrffflfllrrllrrfrllrflfllrfffrrflrllflrfrrllflfflr"/>
        <trajectory sample="165" generation="165000"
                    bestEnergy="-38.0" averageEnergy="-32.5497" worstEnergy="-30.0"
                    bestConformation="Conformation 39.0 -39.0 Fffffrflrlrrlrrflrfllfrrflffllfrffllrfrrllrrfrllfrrffflfllrrllrrfrllrflfllrfffrrflrllflrfrrllflfflr"/>
        <trajectory sample="166" generation="166000"
                    bestEnergy="-38.0" averageEnergy="-32.6395" worstEnergy="-27.0"
                    bestConformation="Conformation 39.0 -39.0 Fffffrflrlrrlrrflrfllfrrflffllfrffllrfrrllrrfrllfrrffflfllrrllrrfrllrflfllrfffrrflrllflrfrrllflfflr"/>
        <trajectory sample="167" generation="167000"
                    bestEnergy="-38.0" averageEnergy="-32.7125" worstEnergy="-28.0"
                    bestConformation="Conformation 39.0 -39.0 Fffffrflrlrrlrrflrfllfrrflffllfrffllrfrrllrrfrllfrrffflfllrrllrrfrllrflfllrfffrrflrllflrfrrllflfflr"/>
        <trajectory sample="168" generation="168000"
                    bestEnergy="-38.0" averageEnergy="-32.7609" worstEnergy="-26.0"
                    bestConformation="Conformation 39.0 -39.0 Fffffrflrlrrlrrflrfllfrrflffllfrffllrfrrllrrfrllfrrffflfllrrllrrfrllrflfllrfffrrflrllflrfrrllflfflr"/>
        <trajectory sample="169" generation="169000"
                    bestEnergy="-38.0" averageEnergy="-32.8069" worstEnergy="-26.0"
                    bestConformation="Conformation 39.0 -39.0 Fffffrflrlrrlrrflrfllfrrflffllfrffllrfrrllrrfrllfrrffflfllrrllrrfrllrflfllrfffrrflrllflrfrrllflfflr"/>
        <trajectory sample="170" generation="170000"
                    bestEnergy="-38.0" averageEnergy="-32.8625" worstEnergy="-32.0"
                    bestConformation="Conformation 39.0 -39.0 Fffffrflrlrrlrrflrfllfrrflffllfrffllrfrrllrrfrllfrrffflfllrrllrrfrllrflfllrfffrrflrllflrfrrllflfflr"/>
        <trajectory sample="171" generation="171000"
                    bestEnergy="-38.0" averageEnergy="-32.914" worstEnergy="-25.0"
                    bestConformation="Conformation 39.0 -39.0 Fffffrflrlrrlrrflrfllfrrflffllfrffllrfrrllrrfrllfrrffflfllrrllrrfrllrflfllrfffrrflrllflrfrrllflfflr"/>
        <trajectory sample="172" generation="172000"
                    bestEnergy="-38.0" averageEnergy="-32.9748" worstEnergy="-32.0"
                    bestConformation="Conformation 39.0 -39.0 Fffffrflrlrrlrrflrfllfrrflffllfrffllrfrrllrrfrllfrrffflfllrrllrrfrllrflfllrfffrrflrllflrfrrllflfflr"/>
        <trajectory sample="173" generation="173000"
                    bestEnergy="-38.0" averageEnergy="-33.0325" worstEnergy="-32.0"
                    bestConformation="Conformation 39.0 -39.0 Fffffrflrlrrlrrflrfllfrrflffllfrffllrfrrllrrfrllfrrffflfllrrllrrfrllrflfllrfffrrflrllflrfrrllflfflr"/>
        <trajectory sample="174" generation="174000"
                    bestEnergy="-38.0" averageEnergy="-33.1002" worstEnergy="-32.0"
                    bestConformation="Conformation 39.0 -39.0 Fffffrflrlrrlrrflrfllfrrflffllfrffllrfrrllrrfrllfrrffflfllrrllrrfrllrflfllrfffrrflrllflrfrrllflfflr"/>
        <trajectory sample="175" generation="175000"
                    bestEnergy="-38.0" averageEnergy="-33.1659" worstEnergy="-32.0"
                    bestConformation="Conformation 39.0 -39.0 Fffffrflrlrrlrrflrfllfrrflffllfrffllrfrrllrrfrllfrrffflfllrrllrrfrllrflfllrfffrrflrllflrfrrllflfflr"/>
        <trajectory sample="176" generation="176000"
                    bestEnergy="-38.0" averageEnergy="-33.2383" worstEnergy="-29.0"
                    bestConformation="Conformation 39.0 -39.0 Fffffrflrlrrlrrflrfllfrrflffllfrffllrfrrllrrfrllfrrffflfllrrllrrfrllrflfllrfffrrflrllflrfrrllflfflr"/>
        <trajectory sample="177" generation="177000"
                    bestEnergy="-38.0" averageEnergy="-33.3153" worstEnergy="-27.0"
                    bestConformation="Conformation 39.0 -39.0 Fffffrflrlrrlrrflrfllfrrflffllfrffllrfrrllrrfrllfrrffflfllrrllrrfrllrflfllrfffrrflrllflrfrrllflfflr"/>
        <trajectory sample="178" generation="178000"
                    bestEnergy="-38.0" averageEnergy="-33.3948" worstEnergy="-32.0"
                    bestConformation="Conformation 39.0 -39.0 Fffffrflrlrrlrrflrfllfrrflffllfrffllrfrrllrrfrllfrrffflfllrrllrrfrllrflfllrfffrrflrllflrfrrllflfflr"/>
        <trajectory sample="179" generation="179000"
                    bestEnergy="-38.0" averageEnergy="-33.4715" worstEnergy="-32.0"
                    bestConformation="Conformation 39.0 -39.0 Fffffrflrlrrlrrflrfllfrrflffllfrffllrfrrllrrfrllfrrffflfllrrllrrfrllrflfllrfffrrflrllflrfrrllflfflr"/>
        <trajectory sample="180" generation="180000"
                    bestEnergy="-38.0" averageEnergy="-33.5564" worstEnergy="-31.0"
                    bestConformation="Conformation 39.0 -39.0 Fffffrflrlrrlrrflrfllfrrflffllfrffllrfrrllrrfrllfrrffflfllrrllrrfrllrflfllrfffrrflrllflrfrrllflfflr"/>
        <trajectory sample="181" generation="181000"
                    bestEnergy="-38.0" averageEnergy="-33.6443" worstEnergy="-29.0"
                    bestConformation="Conformation 39.0 -39.0 Fffffrflrlrrlrrflrfllfrrflffllfrffllrfrrllrrfrllfrrffflfllrrllrrfrllrflfllrfffrrflrllflrfrrllflfflr"/>
        <trajectory sample="182" generation="182000"
                    bestEnergy="-38.0" averageEnergy="-33.7007" worstEnergy="-33.0"
                    bestConformation="Conformation 39.0 -39.0 Fffffrflrlrrlrrflrfllfrrflffllfrffllrfrrllrrfrllfrrffflfllrrllrrfrllrflfllrfffrrflrllflrfrrllflfflr"/>
        <trajectory sample="183" generation="183000"
                    bestEnergy="-38.0" averageEnergy="-33.746" worstEnergy="-33.0"
                    bestConformation="Conformation 39.0 -39.0 Fffffrflrlrrlrrflrfllfrrflffllfrffllrfrrllrrfrllfrrffflfllrrllrrfrllrflfllrfffrrflrllflrfrrllflfflr"/>
        <trajectory sample="184" generation="184000"
                    bestEnergy="-38.0" averageEnergy="-33.7912" worstEnergy="-30.0"
                    bestConformation="Conformation 39.0 -39.0 Fffffrflrlrrlrrflrfllfrrflffllfrffllrfrrllrrfrllfrrffflfllrrllrrfrllrflfllrfffrrflrllflrfrrllflfflr"/>
        <trajectory sample="185" generation="185000"
                    bestEnergy="-38.0" averageEnergy="-33.8387" worstEnergy="-29.0"
                    bestConformation="Conformation 39.0 -39.0 Fffffrflrlrrlrrflrfllfrrflffllfrffllrfrrllrrfrllfrrffflfllrrllrrfrllrflfllrfffrrflrllflrfrrllflfflr"/>
        <trajectory sample="186" generation="186000"
                    bestEnergy="-38.0" averageEnergy="-33.8958" worstEnergy="-27.0"
                    bestConformation="Conformation 39.0 -39.0 Fffffrflrlrrlrrflrfllfrrflffllfrffllrfrrllrrfrllfrrffflfllrrllrrfrllrflfllrfffrrflrllflrfrrllflfflr"/>
        <trajectory sample="187" generation="187000"
                    bestEnergy="-38.0" averageEnergy="-33.9493" worstEnergy="-26.0"
                    bestConformation="Conformation 39.0 -39.0 Fffffrflrlrrlrrflrfllfrrflffllfrffllrfrrllrrfrllfrrffflfllrrllrrfrllrflfllrfffrrflrllflrfrrllflfflr"/>
        <trajectory sample="188" generation="188000"
                    bestEnergy="-38.0" averageEnergy="-34.0126" worstEnergy="-33.0"
                    bestConformation="Conformation 39.0 -39.0 Fffffrflrlrrlrrflrfllfrrflffllfrffllrfrrllrrfrllfrrffflfllrrllrrfrllrflfllrfffrrflrllflrfrrllflfflr"/>
        <trajectory sample="189" generation="189000"
                    bestEnergy="-38.0" averageEnergy="-34.0758" worstEnergy="-33.0"
                    bestConformation="Conformation 39.0 -39.0 Fffffrflrlrrlrrflrfllfrrflffllfrffllrfrrllrrfrllfrrffflfllrrllrrfrllrflfllrfffrrflrllflrfrrllflfflr"/>
        <trajectory sample="190" generation="190000"
                    bestEnergy="-38.0" averageEnergy="-34.1421" worstEnergy="-33.0"
                    bestConformation="Conformation 39.0 -39.0 Fffffrflrlrrlrrflrfllfrrflffllfrffllrfrrllrrfrllfrrffflfllrrllrrfrllrflfllrfffrrflrllflrfrrllflfflr"/>
        <trajectory sample="191" generation="191000"
                    bestEnergy="-38.0" averageEnergy="-34.2046" worstEnergy="-33.0"
                    bestConformation="Conformation 39.0 -39.0 Fffffrflrlrrlrrflrfllfrrflffllfrffllrfrrllrrfrllfrrffflfllrrllrrfrllrflfllrfffrrflrllflrfrrllflfflr"/>
        <trajectory sample="192" generation="192000"
                    bestEnergy="-38.0" averageEnergy="-34.2704" worstEnergy="-33.0"
                    bestConformation="Conformation 39.0 -39.0 Fffffrflrlrrlrrflrfllfrrflffllfrffllrfrrllrrfrllfrrffflfllrrllrrfrllrflfllrfffrrflrllflrfrrllflfflr"/>
        <trajectory sample="193" generation="193000"
                    bestEnergy="-39.0" averageEnergy="-34.3457" worstEnergy="-32.0"
                    bestConformation="Conformation 39.0 -39.0 Fffflrllrlrrlrrflrfllfrrflffllfrffllrfrrllrrfrllfrrffflfllrrllrrfrllrflfllrfffrrflrllflrfrrllflfflr"/>
        <trajectory sample="194" generation="194000"
                    bestEnergy="-39.0" averageEnergy="-34.4205" worstEnergy="-25.0"
                    bestConformation="Conformation 39.0 -39.0 Fffflrllrlrrlrrflrfllfrrflffllfrffllrfrrllrrfrllfrrffflfllrrllrrfrllrflfllrfffrrflrllflrfrrllflfflr"/>
        <trajectory sample="195" generation="195000"
                    bestEnergy="-39.0" averageEnergy="-34.4978" worstEnergy="-29.0"
                    bestConformation="Conformation 39.0 -39.0 Fffflrllrlrrlrrflrfllfrrflffllfrffllrfrrllrrfrllfrrffflfllrrllrrfrllrflfllrfffrrflrllflrfrrllflfflr"/>
        <trajectory sample="196" generation="196000"
                    bestEnergy="-39.0" averageEnergy="-34.5834" worstEnergy="-33.0"
                    bestConformation="Conformation 39.0 -39.0 Fffflrllrlrrlrrflrfllfrrflffllfrffllrfrrllrrfrllfrrffflfllrrllrrfrllrflfllrfffrrflrllflrfrrllflfflr"/>
        <trajectory sample="197" generation="197000"
                    bestEnergy="-39.0" averageEnergy="-34.666" worstEnergy="-33.0"
                    bestConformation="Conformation 39.0 -39.0 Fffflrllrlrrlrrflrfllfrrflffllfrffllrfrrllrrfrllfrrffflfllrrllrrfrllrflfllrfffrrflrllflrfrrllflfflr"/>
        <trajectory sample="198" generation="198000"
                    bestEnergy="-39.0" averageEnergy="-34.7479" worstEnergy="-34.0"
                    bestConformation="Conformation 39.0 -39.0 Fffflrllrlrrlrrflrfllfrrflffllfrffllrfrrllrrfrllfrrffflfllrrllrrfrllrflfllrfffrrflrllflrfrrllflfflr"/>
        <trajectory sample="199" generation="199000"
                    bestEnergy="-39.0" averageEnergy="-34.7912" worstEnergy="-32.0"
                    bestConformation="Conformation 39.0 -39.0 Fffflrllrlrrlrrflrfllfrrflffllfrffllrfrrllrrfrllfrrffflfllrrllrrfrllrflfllrfffrrflrllflrfrrllflfflr"/>
        <trajectory sample="200" generation="200000"
                    bestEnergy="-39.0" averageEnergy="-34.8423" worstEnergy="-32.0"
                    bestConformation="Conformation 39.0 -39.0 Fffflrllrlrrlrrflrfllfrrflffllfrffllrfrrllrrfrllfrrffflfllrrllrrfrllrflfllrfffrrflrllflrfrrllflfflr"/>
        <trajectory sample="201" generation="201000"
                    bestEnergy="-39.0" averageEnergy="-34.8911" worstEnergy="-32.0"
                    bestConformation="Conformation 39.0 -39.0 Fffflrllrlrrlrrflrfllfrrflffllfrffllrfrrllrrfrllfrrffflfllrrllrrfrllrflfllrfffrrflrllflrfrrllflfflr"/>
        <trajectory sample="202" generation="202000"
                    bestEnergy="-39.0" averageEnergy="-34.9423" worstEnergy="-31.0"
                    bestConformation="Conformation 39.0 -39.0 Fffflrllrlrrlrrflrfllfrrflffllfrffllrfrrllrrfrllfrrffflfllrrllrrfrllrflfllrfffrrflrllflrfrrllflfflr"/>
        <trajectory sample="203" generation="203000"
                    bestEnergy="-39.0" averageEnergy="-34.9918" worstEnergy="-32.0"
                    bestConformation="Conformation 39.0 -39.0 Fffflrllrlrrlrrflrfllfrrflffllfrffllrfrrllrrfrllfrrffflfllrrllrrfrllrflfllrfffrrflrllflrfrrllflfflr"/>
        <trajectory sample="204" generation="204000"
                    bestEnergy="-39.0" averageEnergy="-35.0486" worstEnergy="-33.0"
                    bestConformation="Conformation 39.0 -39.0 Fffflrllrlrrlrrflrfllfrrflffllfrffllrfrrllrrfrllfrrffflfllrrllrrfrllrflfllrfffrrflrllflrfrrllflfflr"/>
        <trajectory sample="205" generation="205000"
                    bestEnergy="-39.0" averageEnergy="-35.1101" worstEnergy="-34.0"
                    bestConformation="Conformation 39.0 -39.0 Fffflrllrlrrlrrflrfllfrrflffllfrffllrfrrllrrfrllfrrffflfllrrllrrfrllrflfllrfffrrflrllflrfrrllflfflr"/>
        <trajectory sample="206" generation="206000"
                    bestEnergy="-39.0" averageEnergy="-35.1677" worstEnergy="-33.0"
                    bestConformation="Conformation 39.0 -39.0 Fffflrllrlrrlrrflrfllfrrflffllfrffllrfrrllrrfrllfrrffflfllrrllrrfrllrflfllrfffrrflrllflrfrrllflfflr"/>
        <trajectory sample="207" generation="207000"
                    bestEnergy="-39.0" averageEnergy="-35.2318" worstEnergy="-30.0"
                    bestConformation="Conformation 39.0 -39.0 Fffflrllrlrrlrrflrfllfrrflffllfrffllrfrrllrrfrllfrrffflfllrrllrrfrllrflfllrfffrrflrllflrfrrllflfflr"/>
        <trajectory sample="208" generation="208000"
                    bestEnergy="-39.0" averageEnergy="-35.2945" worstEnergy="-34.0"
                    bestConformation="Conformation 39.0 -39.0 Fffflrllrlrrlrrflrfllfrrflffllfrffllrfrrllrrfrllfrrffflfllrrllrrfrllrflfllrfffrrflrllflrfrrllflfflr"/>
        <trajectory sample="209" generation="209000"
                    bestEnergy="-39.0" averageEnergy="-35.3655" worstEnergy="-30.0"
                    bestConformation="Conformation 39.0 -39.0 Fffflrllrlrrlrrflrfllfrrflffllfrffllrfrrllrrfrllfrrffflfllrrllrrfrllrflfllrfffrrflrllflrfrrllflfflr"/>
        <trajectory sample="210" generation="210000"
                    bestEnergy="-39.0" averageEnergy="-35.4391" worstEnergy="-34.0"
                    bestConformation="Conformation 39.0 -39.0 Fffflrllrlrrlrrflrfllfrrflffllfrffllrfrrllrrfrllfrrffflfllrrllrrfrllrflfllrfffrrflrllflrfrrllflfflr"/>
        <trajectory sample="211" generation="211000"
                    bestEnergy="-39.0" averageEnergy="-35.5207" worstEnergy="-34.0"
                    bestConformation="Conformation 39.0 -39.0 Fffflrllrlrrlrrflrfllfrrflffllfrffllrfrrllrrfrllfrrffflfllrrllrrfrllrflfllrfffrrflrllflrfrrllflfflr"/>
        <trajectory sample="212" generation="212000"
                    bestEnergy="-39.0" averageEnergy="-35.6034" worstEnergy="-30.0"
                    bestConformation="Conformation 39.0 -39.0 Fffflrllrlrrlrrflrfllfrrflffllfrffllrfrrllrrfrllfrrffflfllrrllrrfrllrflfllrfffrrflrllflrfrrllflfflr"/>
        <trajectory sample="213" generation="213000"
                    bestEnergy="-39.0" averageEnergy="-35.6852" worstEnergy="-32.0"
                    bestConformation="Conformation 39.0 -39.0 Fffflrllrlrrlrrflrfllfrrflffllfrffllrfrrllrrfrllfrrffflfllrrllrrfrllrflfllrfffrrflrllflrfrrllflfflr"/>
        <trajectory sample="214" generation="214000"
                    bestEnergy="-39.0" averageEnergy="-35.772" worstEnergy="-34.0"
                    bestConformation="Conformation 39.0 -39.0 Fffflrllrlrrlrrflrfllfrrflffllfrffllrfrrllrrfrllfrrffflfllrrllrrfrllrflfllrfffrrflrllflrfrrllflfflr"/>
        <trajectory sample="215" generation="215000"
                    bestEnergy="-39.0" averageEnergy="-35.8658" worstEnergy="-32.0"
                    bestConformation="Conformation 39.0 -39.0 Fffflrllrlrrlrrflrfllfrrflffllfrffllrfrrllrrfrllfrrffflfllrrllrrfrllrflfllrfffrrflrllflrfrrllflfflr"/>
        <trajectory sample="216" generation="216000"
                    bestEnergy="-39.0" averageEnergy="-35.9206" worstEnergy="-34.0"
                    bestConformation="Conformation 39.0 -39.0 Fffflrllrlrrlrrflrfllfrrflffllfrffllrfrrllrrfrllfrrffflfllrrllrrfrllrflfllrfffrrflrllflrfrrllflfflr"/>
        <trajectory sample="217" generation="217000"
                    bestEnergy="-39.0" averageEnergy="-35.9759" worstEnergy="-35.0"
                    bestConformation="Conformation 39.0 -39.0 Fffflrllrlrrlrrflrfllfrrflffllfrffllrfrrllrrfrllfrrffflfllrrllrrfrllrflfllrfffrrflrllflrfrrllflfflr"/>
        <trajectory sample="218" generation="218000"
                    bestEnergy="-39.0" averageEnergy="-36.03" worstEnergy="-33.0"
                    bestConformation="Conformation 39.0 -39.0 Fffflrllrlrrlrrflrfllfrrflffllfrffllrfrrllrrfrllfrrffflfllrrllrrfrllrflfllrfffrrflrllflrfrrllflfflr"/>
        <trajectory sample="219" generation="219000"
                    bestEnergy="-39.0" averageEnergy="-36.0743" worstEnergy="-33.0"
                    bestConformation="Conformation 39.0 -39.0 Fffflrllrlrrlrrflrfllfrrflffllfrffllrfrrllrrfrllfrrffflfllrrllrrfrllrflfllrfffrrflrllflrfrrllflfflr"/>
        <trajectory sample="220" generation="220000"
                    bestEnergy="-39.0" averageEnergy="-36.129" worstEnergy="-35.0"
                    bestConformation="Conformation 39.0 -39.0 Fffflrllrlrrlrrflrfllfrrflffllfrffllrfrrllrrfrllfrrffflfllrrllrrfrllrflfllrfffrrflrllflrfrrllflfflr"/>
        <trajectory sample="221" generation="221000"
                    bestEnergy="-39.0" averageEnergy="-36.1883" worstEnergy="-35.0"
                    bestConformation="Conformation 39.0 -39.0 Fffflrllrlrrlrrflrfllfrrflffllfrffllrfrrllrrfrllfrrffflfllrrllrrfrllrflfllrfffrrflrllflrfrrllflfflr"/>
        <trajectory sample="222" generation="222000"
                    bestEnergy="-39.0" averageEnergy="-36.2567" worstEnergy="-33.0"
                    bestConformation="Conformation 39.0 -39.0 Fffflrllrlrrlrrflrfllfrrflffllfrffllrfrrllrrfrllfrrffflfllrrllrrfrllrflfllrfffrrflrllflrfrrllflfflr"/>
        <trajectory sample="223" generation="223000"
                    bestEnergy="-39.0" averageEnergy="-36.3253" worstEnergy="-35.0"
                    bestConformation="Conformation 39.0 -39.0 Fffflrllrlrrlrrflrfllfrrflffllfrffllrfrrllrrfrllfrrffflfllrrllrrfrllrflfllrfffrrflrllflrfrrllflfflr"/>
        <trajectory sample="224" generation="224000"
                    bestEnergy="-39.0" averageEnergy="-36.3833" worstEnergy="-35.0"
                    bestConformation="Conformation 39.0 -39.0 Fffflrllrlrrlrrflrfllfrrflffllfrffllrfrrllrrfrllfrrffflfllrrllrrfrllrflfllrfffrrflrllflrfrrllflfflr"/>
        <trajectory sample="225" generation="225000"
                    bestEnergy="-39.0" averageEnergy="-36.4568" worstEnergy="-32.0"
                    bestConformation="Conformation 39.0 -39.0 Fffflrllrlrrlrrflrfllfrrflffllfrffllrfrrllrrfrllfrrffflfllrrllrrfrllrflfllrfffrrflrllflrfrrllflfflr"/>
        <trajectory sample="226" generation="226000"
                    bestEnergy="-39.0" averageEnergy="-36.5284" worstEnergy="-35.0"
                    bestConformation="Conformation 39.0 -39.0 Fffflrllrlrrlrrflrfllfrrflffllfrffllrfrrllrrfrllfrrffflfllrrllrrfrllrflfllrfffrrflrllflrfrrllflfflr"/>
        <trajectory sample="227" generation="227000"
                    bestEnergy="-39.0" averageEnergy="-36.5833" worstEnergy="-36.0"
                    bestConformation="Conformation 39.0 -39.0 Fffflrllrlrrlrrflrfllfrrflffllfrffllrfrrllrrfrllfrrffflfllrrllrrfrllrflfllrfffrrflrllflrfrrllflfflr"/>
        <trajectory sample="228" generation="228000"
                    bestEnergy="-39.0" averageEnergy="-36.6197" worstEnergy="-33.0"
                    bestConformation="Conformation 39.0 -39.0 Fffflrllrlrrlrrflrfllfrrflffllfrffllrfrrllrrfrllfrrffflfllrrllrrfrllrflfllrfffrrflrllflrfrrllflfflr"/>
        <trajectory sample="229" generation="229000"
                    bestEnergy="-39.0" averageEnergy="-36.6584" worstEnergy="-35.0"
                    bestConformation="Conformation 39.0 -39.0 Fffflrllrlrrlrrflrfllfrrflffllfrffllrfrrllrrfrllfrrffflfllrrllrrfrllrflfllrfffrrflrllflrfrrllflfflr"/>
        <trajectory sample="230" generation="230000"
                    bestEnergy="-39.0" averageEnergy="-36.6936" worstEnergy="-35.0"
                    bestConformation="Conformation 39.0 -39.0 Fffflrllrlrrlrrflrfllfrrflffllfrffllrfrrllrrfrllfrrffflfllrrllrrfrllrflfllrfffrrflrllflrfrrllflfflr"/>
        <trajectory sample="231" generation="231000"
                    bestEnergy="-39.0" averageEnergy="-36.7354" worstEnergy="-36.0"
                    bestConformation="Conformation 39.0 -39.0 Fffflrllrlrrlrrflrfllfrrflffllfrffllrfrrllrrfrllfrrffflfllrrllrrfrllrflfllrfffrrflrllflrfrrllflfflr"/>
        <trajectory sample="232" generation="232000"
                    bestEnergy="-39.0" averageEnergy="-36.7742" worstEnergy="-33.0"
                    bestConformation="Conformation 39.0 -39.0 Fffflrllrlrrlrrflrfllfrrflffllfrffllrfrrllrrfrllfrrffflfllrrllrrfrllrflfllrfffrrflrllflrfrrllflfflr"/>
        <trajectory sample="233" generation="233000"
                    bestEnergy="-39.0" averageEnergy="-36.8211" worstEnergy="-36.0"
                    bestConformation="Conformation 39.0 -39.0 Fffflrllrlrrlrrflrfllfrrflffllfrffllrfrrllrrfrllfrrffflfllrrllrrfrllrflfllrfffrrflrllflrfrrllflfflr"/>
        <trajectory sample="234" generation="234000"
                    bestEnergy="-39.0" averageEnergy="-36.8649" worstEnergy="-33.0"
                    bestConformation="Conformation 39.0 -39.0 Fffflrllrlrrlrrflrfllfrrflffllfrffllrfrrllrrfrllfrrffflfllrrllrrfrllrflfllrfffrrflrllflrfrrllflfflr"/>
        <trajectory sample="235" generation="235000"
                    bestEnergy="-39.0" averageEnergy="-36.9117" worstEnergy="-36.0"
                    bestConformation="Conformation 39.0 -39.0 Fffflrllrlrrlrrflrfllfrrflffllfrffllrfrrllrrfrllfrrffflfllrrllrrfrllrflfllrfffrrflrllflrfrrllflfflr"/>
        <trajectory sample="236" generation="236000"
                    bestEnergy="-39.0" averageEnergy="-36.9647" worstEnergy="-36.0"
                    bestConformation="Conformation 39.0 -39.0 Fffflrllrlrrlrrflrfllfrrflffllfrffllrfrrllrrfrllfrrffflfllrrllrrfrllrflfllrfffrrflrllflrfrrllflfflr"/>
        <trajectory sample="237" generation="237000"
                    bestEnergy="-39.0" averageEnergy="-37.0199" worstEnergy="-25.0"
                    bestConformation="Conformation 39.0 -39.0 Fffflrllrlrrlrrflrfllfrrflffllfrffllrfrrllrrfrllfrrffflfllrrllrrfrllrflfllrfffrrflrllflrfrrllflfflr"/>
        <trajectory sample="238" generation="238000"
                    bestEnergy="-39.0" averageEnergy="-37.0731" worstEnergy="-30.0"
                    bestConformation="Conformation 39.0 -39.0 Fffflrllrlrrlrrflrfllfrrflffllfrffllrfrrllrrfrllfrrffflfllrrllrrfrllrflfllrfffrrflrllflrfrrllflfflr"/>
        <trajectory sample="239" generation="239000"
                    bestEnergy="-39.0" averageEnergy="-37.1284" worstEnergy="-36.0"
                    bestConformation="Conformation 39.0 -39.0 Fffflrllrlrrlrrflrfllfrrflffllfrffllrfrrllrrfrllfrrffflfllrrllrrfrllrflfllrfffrrflrllflrfrrllflfflr"/>
        <trajectory sample="240" generation="240000"
                    bestEnergy="-39.0" averageEnergy="-37.1911" worstEnergy="-36.0"
                    bestConformation="Conformation 39.0 -39.0 Fffflrllrlrrlrrflrfllfrrflffllfrffllrfrrllrrfrllfrrffflfllrrllrrfrllrflfllrfffrrflrllflrfrrllflfflr"/>
        <trajectory sample="241" generation="241000"
                    bestEnergy="-39.0" averageEnergy="-37.2428" worstEnergy="-34.0"
                    bestConformation="Conformation 39.0 -39.0 Fffflrllrlrrlrrflrfllfrrflffllfrffllrfrrllrrfrllfrrffflfllrrllrrfrllrflfllrfffrrflrllflrfrrllflfflr"/>
        <trajectory sample="242" generation="242000"
                    bestEnergy="-39.0" averageEnergy="-37.305" worstEnergy="-33.0"
                    bestConformation="Conformation 39.0 -39.0 Fffflrllrlrrlrrflrfllfrrflffllfrffllrfrrllrrfrllfrrffflfllrrllrrfrllrflfllrfffrrflrllflrfrrllflfflr"/>
        <trajectory sample="243" generation="243000"
                    bestEnergy="-39.0" averageEnergy="-37.3506" worstEnergy="-37.0"
                    bestConformation="Conformation 39.0 -39.0 Fffflrllrlrrlrrflrfllfrrflffllfrffllrfrrllrrfrllfrrffflfllrrllrrfrllrflfllrfffrrflrllflrfrrllflfflr"/>
        <trajectory sample="244" generation="244000"
                    bestEnergy="-39.0" averageEnergy="-37.3742" worstEnergy="-33.0"
                    bestConformation="Conformation 39.0 -39.0 Fffflrllrlrrlrrflrfllfrrflffllfrffllrfrrllrrfrllfrrffflfllrrllrrfrllrflfllrfffrrflrllflrfrrllflfflr"/>
        <trajectory sample="245" generation="245000"
                    bestEnergy="-39.0" averageEnergy="-37.3983" worstEnergy="-32.0"
                    bestConformation="Conformation 39.0 -39.0 Fffflrllrlrrlrrflrfllfrrflffllfrffllrfrrllrrfrllfrrffflfllrrllrrfrllrflfllrfffrrflrllflrfrrllflfflr"/>
        <trajectory sample="246" generation="246000"
                    bestEnergy="-39.0" averageEnergy="-37.4234" worstEnergy="-37.0"
                    bestConformation="Conformation 39.0 -39.0 Fffflrllrlrrlrrflrfllfrrflffllfrffllrfrrllrrfrllfrrffflfllrrllrrfrllrflfllrfffrrflrllflrfrrllflfflr"/>
        <trajectory sample="247" generation="247000"
                    bestEnergy="-39.0" averageEnergy="-37.452" worstEnergy="-33.0"
                    bestConformation="Conformation 39.0 -39.0 Fffflrllrlrrlrrflrfllfrrflffllfrffllrfrrllrrfrllfrrffflfllrrllrrfrllrflfllrfffrrflrllflrfrrllflfflr"/>
        <trajectory sample="248" generation="248000"
                    bestEnergy="-39.0" averageEnergy="-37.481" worstEnergy="-34.0"
                    bestConformation="Conformation 39.0 -39.0 Fffflrllrlrrlrrflrfllfrrflffllfrffllrfrrllrrfrllfrrffflfllrrllrrfrllrflfllrfffrrflrllflrfrrllflfflr"/>
        <trajectory sample="249" generation="249000"
                    bestEnergy="-39.0" averageEnergy="-37.5085" worstEnergy="-32.0"
                    bestConformation="Conformation 39.0 -39.0 Fffflrllrlrrlrrflrfllfrrflffllfrffllrfrrllrrfrllfrrffflfllrrllrrfrllrflfllrfffrrflrllflrfrrllflfflr"/>
        <trajectory sample="250" generation="250000"
                    bestEnergy="-39.0" averageEnergy="-37.5386" worstEnergy="-33.0"
                    bestConformation="Conformation 39.0 -39.0 Fffflrllrlrrlrrflrfllfrrflffllfrffllrfrrllrrfrllfrrffflfllrrllrrfrllrflfllrfffrrflrllflrfrrllflfflr"/>
        <trajectory sample="251" generation="251000"
                    bestEnergy="-39.0" averageEnergy="-37.5742" worstEnergy="-34.0"
                    bestConformation="Conformation 39.0 -39.0 Fffflrllrlrrlrrflrfllfrrflffllfrffllrfrrllrrfrllfrrffflfllrrllrrfrllrflfllrfffrrflrllflrfrrllflfflr"/>
        <trajectory sample="252" generation="252000"
                    bestEnergy="-39.0" averageEnergy="-37.6041" worstEnergy="-37.0"
                    bestConformation="Conformation 39.0 -39.0 Fffflrllrlrrlrrflrfllfrrflffllfrffllrfrrllrrfrllfrrffflfllrrllrrfrllrflfllrfffrrflrllflrfrrllflfflr"/>
        <trajectory sample="253" generation="253000"
                    bestEnergy="-39.0" averageEnergy="-37.6342" worstEnergy="-33.0"
                    bestConformation="Conformation 39.0 -39.0 Fffflrllrlrrlrrflrfllfrrflffllfrffllrfrrllrrfrllfrrffflfllrrllrrfrllrflfllrfffrrflrllflrfrrllflfflr"/>
        <trajectory sample="254" generation="254000"
                    bestEnergy="-39.0" averageEnergy="-37.6688" worstEnergy="-37.0"
                    bestConformation="Conformation 39.0 -39.0 Fffflrllrlrrlrrflrfllfrrflffllfrffllrfrrllrrfrllfrrffflfllrrllrrfrllrflfllrfffrrflrllflrfrrllflfflr"/>
        <trajectory sample="255" generation="255000"
                    bestEnergy="-39.0" averageEnergy="-37.7066" worstEnergy="-33.0"
                    bestConformation="Conformation 39.0 -39.0 Fffflrllrlrrlrrflrfllfrrflffllfrffllrfrrllrrfrllfrrffflfllrrllrrfrllrflfllrfffrrflrllflrfrrllflfflr"/>
        <trajectory sample="256" generation="256000"
                    bestEnergy="-39.0" averageEnergy="-37.745" worstEnergy="-37.0"
                    bestConformation="Conformation 39.0 -39.0 Fffflrllrlrrlrrflrfllfrrflffllfrffllrfrrllrrfrllfrrffflfllrrllrrfrllrflfllrfffrrflrllflrfrrllflfflr"/>
        <trajectory sample="257" generation="257000"
                    bestEnergy="-39.0" averageEnergy="-37.7826" worstEnergy="-34.0"
                    bestConformation="Conformation 39.0 -39.0 Fffflrllrlrrlrrflrfllfrrflffllfrffllrfrrllrrfrllfrrffflfllrrllrrfrllrflfllrfffrrflrllflrfrrllflfflr"/>
        <trajectory sample="258" generation="258000"
                    bestEnergy="-39.0" averageEnergy="-37.8223" worstEnergy="-32.0"
                    bestConformation="Conformation 39.0 -39.0 Fffflrllrlrrlrrflrfllfrrflffllfrffllrfrrllrrfrllfrrffflfllrrllrrfrllrflfllrfffrrflrllflrfrrllflfflr"/>
        <trajectory sample="259" generation="259000"
                    bestEnergy="-39.0" averageEnergy="-37.8615" worstEnergy="-31.0"
                    bestConformation="Conformation 39.0 -39.0 Fffflrllrlrrlrrflrfllfrrflffllfrffllrfrrllrrfrllfrrffflfllrrllrrfrllrflfllrfffrrflrllflrfrrllflfflr"/>
        <trajectory sample="260" generation="260000"
                    bestEnergy="-39.0" averageEnergy="-37.9036" worstEnergy="-31.0"
                    bestConformation="Conformation 39.0 -39.0 Fffflrllrlrrlrrflrfllfrrflffllfrffllrfrrllrrfrllfrrffflfllrrllrrfrllrflfllrfffrrflrllflrfrrllflfflr"/>
        <trajectory sample="261" generation="261000"
                    bestEnergy="-39.0" averageEnergy="-37.9479" worstEnergy="-32.0"
                    bestConformation="Conformation 39.0 -39.0 Fffflrllrlrrlrrflrfllfrrflffllfrffllrfrrllrrfrllfrrffflfllrrllrrfrllrflfllrfffrrflrllflrfrrllflfflr"/>
        <trajectory sample="262" generation="262000"
                    bestEnergy="-39.0" averageEnergy="-37.9915" worstEnergy="-31.0"
                    bestConformation="Conformation 39.0 -39.0 Fffflrllrlrrlrrflrfllfrrflffllfrffllrfrrllrrfrllfrrffflfllrrllrrfrllrflfllrfffrrflrllflrfrrllflfflr"/>
        <trajectory sample="263" generation="263000"
                    bestEnergy="-39.0" averageEnergy="-38.0404" worstEnergy="-36.0"
                    bestConformation="Conformation 39.0 -39.0 Fffflrllrlrrlrrflrfllfrrflffllfrffllrfrrllrrfrllfrrffflfllrrllrrfrllrflfllrfffrrflrllflrfrrllflfflr"/>
        <trajectory sample="264" generation="264000"
                    bestEnergy="-39.0" averageEnergy="-38.0867" worstEnergy="-31.0"
                    bestConformation="Conformation 39.0 -39.0 Fffflrllrlrrlrrflrfllfrrflffllfrffllrfrrllrrfrllfrrffflfllrrllrrfrllrflfllrfffrrflrllflrfrrllflfflr"/>
        <trajectory sample="265" generation="265000"
                    bestEnergy="-39.0" averageEnergy="-38.1107" worstEnergy="-34.0"
                    bestConformation="Conformation 39.0 -39.0 Fffflrllrlrrlrrflrfllfrrflffllfrffllrfrrllrrfrllfrrffflfllrrllrrfrllrflfllrfffrrflrllflrfrrllflfflr"/>
        <trajectory sample="266" generation="266000"
                    bestEnergy="-39.0" averageEnergy="-38.1176" worstEnergy="-31.0"
                    bestConformation="Conformation 39.0 -39.0 Fffflrllrlrrlrrflrfllfrrflffllfrffllrfrrllrrfrllfrrffflfllrrllrrfrllrflfllrfffrrflrllflrfrrllflfflr"/>
        <trajectory sample="267" generation="267000"
                    bestEnergy="-39.0" averageEnergy="-38.1266" worstEnergy="-35.0"
                    bestConformation="Conformation 39.0 -39.0 Fffflrllrlrrlrrflrfllfrrflffllfrffllrfrrllrrfrllfrrffflfllrrllrrfrllrflfllrfffrrflrllflrfrrllflfflr"/>
        <trajectory sample="268" generation="268000"
                    bestEnergy="-39.0" averageEnergy="-38.1373" worstEnergy="-38.0"
                    bestConformation="Conformation 39.0 -39.0 Fffflrllrlrrlrrflrfllfrrflffllfrffllrfrrllrrfrllfrrffflfllrrllrrfrllrflfllrfffrrflrllflrfrrllflfflr"/>
        <trajectory sample="269" generation="269000"
                    bestEnergy="-39.0" averageEnergy="-38.1468" worstEnergy="-31.0"
                    bestConformation="Conformation 39.0 -39.0 Fffflrllrlrrlrrflrfllfrrflffllfrffllrfrrllrrfrllfrrffflfllrrllrrfrllrflfllrfffrrflrllflrfrrllflfflr"/>
        <trajectory sample="270" generation="270000"
                    bestEnergy="-39.0" averageEnergy="-38.1605" worstEnergy="-38.0"
                    bestConformation="Conformation 39.0 -39.0 Fffflrllrlrrlrrflrfllfrrflffllfrffllrfrrllrrfrllfrrffflfllrrllrrfrllrflfllrfffrrflrllflrfrrllflfflr"/>
        <trajectory sample="271" generation="271000"
                    bestEnergy="-39.0" averageEnergy="-38.1719" worstEnergy="-31.0"
                    bestConformation="Conformation 39.0 -39.0 Fffflrllrlrrlrrflrfllfrrflffllfrffllrfrrllrrfrllfrrffflfllrrllrrfrllrflfllrfffrrflrllflrfrrllflfflr"/>
        <trajectory sample="272" generation="272000"
                    bestEnergy="-39.0" averageEnergy="-38.1823" worstEnergy="-35.0"
                    bestConformation="Conformation 39.0 -39.0 Fffflrllrlrrlrrflrfllfrrflffllfrffllrfrrllrrfrllfrrffflfllrrllrrfrllrflfllrfffrrflrllflrfrrllflfflr"/>
        <trajectory sample="273" generation="273000"
                    bestEnergy="-39.0" averageEnergy="-38.1955" worstEnergy="-38.0"
                    bestConformation="Conformation 39.0 -39.0 Fffflrllrlrrlrrflrfllfrrflffllfrffllrfrrllrrfrllfrrffflfllrrllrrfrllrflfllrfffrrflrllflrfrrllflfflr"/>
        <trajectory sample="274" generation="274000"
                    bestEnergy="-39.0" averageEnergy="-38.21" worstEnergy="-33.0"
                    bestConformation="Conformation 39.0 -39.0 Fffflrllrlrrlrrflrfllfrrflffllfrffllrfrrllrrfrllfrrffflfllrrllrrfrllrflfllrfffrrflrllflrfrrllflfflr"/>
        <trajectory sample="275" generation="275000"
                    bestEnergy="-39.0" averageEnergy="-38.2266" worstEnergy="-34.0"
                    bestConformation="Conformation 39.0 -39.0 Fffflrllrlrrlrrflrfllfrrflffllfrffllrfrrllrrfrllfrrffflfllrrllrrfrllrflfllrfffrrflrllflrfrrllflfflr"/>
        <trajectory sample="276" generation="276000"
                    bestEnergy="-39.0" averageEnergy="-38.2444" worstEnergy="-34.0"
                    bestConformation="Conformation 39.0 -39.0 Fffflrllrlrrlrrflrfllfrrflffllfrffllrfrrllrrfrllfrrffflfllrrllrrfrllrflfllrfffrrflrllflrfrrllflfflr"/>
        <trajectory sample="277" generation="277000"
                    bestEnergy="-39.0" averageEnergy="-38.2594" worstEnergy="-38.0"
                    bestConformation="Conformation 39.0 -39.0 Fffflrllrlrrlrrflrfllfrrflffllfrffllrfrrllrrfrllfrrffflfllrrllrrfrllrflfllrfffrrflrllflrfrrllflfflr"/>
        <trajectory sample="278" generation="278000"
                    bestEnergy="-39.0" averageEnergy="-38.2746" worstEnergy="-37.0"
                    bestConformation="Conformation 39.0 -39.0 Fffflrllrlrrlrrflrfllfrrflffllfrffllrfrrllrrfrllfrrffflfllrrllrrfrllrflfllrfffrrflrllflrfrrllflfflr"/>
        <trajectory sample="279" generation="279000"
                    bestEnergy="-39.0" averageEnergy="-38.2902" worstEnergy="-35.0"
                    bestConformation="Conformation 39.0 -39.0 Fffflrllrlrrlrrflrfllfrrflffllfrffllrfrrllrrfrllfrrffflfllrrllrrfrllrflfllrfffrrflrllflrfrrllflfflr"/>
        <trajectory sample="280" generation="280000"
                    bestEnergy="-39.0" averageEnergy="-38.3083" worstEnergy="-34.0"
                    bestConformation="Conformation 39.0 -39.0 Fffflrllrlrrlrrflrfllfrrflffllfrffllrfrrllrrfrllfrrffflfllrrllrrfrllrflfllrfffrrflrllflrfrrllflfflr"/>
        <trajectory sample="281" generation="281000"
                    bestEnergy="-39.0" averageEnergy="-38.3274" worstEnergy="-35.0"
                    bestConformation="Conformation 39.0 -39.0 Fffflrllrlrrlrrflrfllfrrflffllfrffllrfrrllrrfrllfrrffflfllrrllrrfrllrflfllrfffrrflrllflrfrrllflfflr"/>
        <trajectory sample="282" generation="282000"
                    bestEnergy="-39.0" averageEnergy="-38.3448" worstEnergy="-38.0"
                    bestConformation="Conformation 39.0 -39.0 Fffflrllrlrrlrrflrfllfrrflffllfrffllrfrrllrrfrllfrrffflfllrrllrrfrllrflfllrfffrrflrllflrfrrllflfflr"/>
        <trajectory sample="283" generation="283000"
                    bestEnergy="-39.0" averageEnergy="-38.3657" worstEnergy="-38.0"
                    bestConformation="Conformation 39.0 -39.0 Fffflrllrlrrlrrflrfllfrrflffllfrffllrfrrllrrfrllfrrffflfllrrllrrfrllrflfllrfffrrflrllflrfrrllflfflr"/>
        <trajectory sample="284" generation="284000"
                    bestEnergy="-39.0" averageEnergy="-38.3856" worstEnergy="-37.0"
                    bestConformation="Conformation 39.0 -39.0 Fffflrllrlrrlrrflrfllfrrflffllfrffllrfrrllrrfrllfrrffflfllrrllrrfrllrflfllrfffrrflrllflrfrrllflfflr"/>
        <trajectory sample="285" generation="285000"
                    bestEnergy="-39.0" averageEnergy="-38.408" worstEnergy="-30.0"
                    bestConformation="Conformation 39.0 -39.0 Fffflrllrlrrlrrflrfllfrrflffllfrffllrfrrllrrfrllfrrffflfllrrllrrfrllrflfllrfffrrflrllflrfrrllflfflr"/>
        <trajectory sample="286" generation="286000"
                    bestEnergy="-39.0" averageEnergy="-38.434" worstEnergy="-34.0"
                    bestConformation="Conformation 39.0 -39.0 Fffflrllrlrrlrrflrfllfrrflffllfrffllrfrrllrrfrllfrrffflfllrrllrrfrllrflfllrfffrrflrllflrfrrllflfflr"/>
        <trajectory sample="287" generation="287000"
                    bestEnergy="-39.0" averageEnergy="-38.4603" worstEnergy="-30.0"
                    bestConformation="Conformation 39.0 -39.0 Fffflrllrlrrlrrflrfllfrrflffllfrffllrfrrllrrfrllfrrffflfllrrllrrfrllrflfllrfffrrflrllflrfrrllflfflr"/>
        <trajectory sample="288" generation="288000"
                    bestEnergy="-39.0" averageEnergy="-38.489" worstEnergy="-32.0"
                    bestConformation="Conformation 39.0 -39.0 Fffflrllrlrrlrrflrfllfrrflffllfrffllrfrrllrrfrllfrrffflfllrrllrrfrllrflfllrfffrrflrllflrfrrllflfflr"/>
        <trajectory sample="289" generation="289000"
                    bestEnergy="-39.0" averageEnergy="-38.5186" worstEnergy="-36.0"
                    bestConformation="Conformation 39.0 -39.0 Fffflrllrlrrlrrflrfllfrrflffllfrffllrfrrllrrfrllfrrffflfllrrllrrfrllrflfllrfffrrflrllflrfrrllflfflr"/>
        <trajectory sample="290" generation="290000"
                    bestEnergy="-39.0" averageEnergy="-38.5473" worstEnergy="-33.0"
                    bestConformation="Conformation 39.0 -39.0 Fffflrllrlrrlrrflrfllfrrflffllfrffllrfrrllrrfrllfrrffflfllrrllrrfrllrflfllrfffrrflrllflrfrrllflfflr"/>
        <trajectory sample="291" generation="291000"
                    bestEnergy="-39.0" averageEnergy="-38.5772" worstEnergy="-34.0"
                    bestConformation="Conformation 39.0 -39.0 Fffflrllrlrrlrrflrfllfrrflffllfrffllrfrrllrrfrllfrrffflfllrrllrrfrllrflfllrfffrrflrllflrfrrllflfflr"/>
        <trajectory sample="292" generation="292000"
                    bestEnergy="-39.0" averageEnergy="-38.6086" worstEnergy="-32.0"
                    bestConformation="Conformation 39.0 -39.0 Fffflrllrlrrlrrflrfllfrrflffllfrffllrfrrllrrfrllfrrffflfllrrllrrfrllrflfllrfffrrflrllflrfrrllflfflr"/>
        <trajectory sample="293" generation="293000"
                    bestEnergy="-39.0" averageEnergy="-38.6423" worstEnergy="-32.0"
                    bestConformation="Conformation 39.0 -39.0 Fffflrllrlrrlrrflrfllfrrflffllfrffllrfrrllrrfrllfrrffflfllrrllrrfrllrflfllrfffrrflrllflrfrrllflfflr"/>
        <trajectory sample="294" generation="294000"
                    bestEnergy="-39.0" averageEnergy="-38.6757" worstEnergy="-33.0"
                    bestConformation="Conformation 39.0 -39.0 Fffflrllrlrrlrrflrfllfrrflffllfrffllrfrrllrrfrllfrrffflfllrrllrrfrllrflfllrfffrrflrllflrfrrllflfflr"/>
        <trajectory sample="295" generation="295000"
                    bestEnergy="-39.0" averageEnergy="-38.7069" worstEnergy="-38.0"
                    bestConformation="Conformation 39.0 -39.0 Fffflrllrlrrlrrflrfllfrrflffllfrffllrfrrllrrfrllfrrffflfllrrllrrfrllrflfllrfffrrflrllflrfrrllflfflr"/>
        <trajectory sample="296" generation="296000"
                    bestEnergy="-39.0" averageEnergy="-38.7412" worstEnergy="-33.0"
                    bestConformation="Conformation 39.0 -39.0 Fffflrllrlrrlrrflrfllfrrflffllfrffllrfrrllrrfrllfrrffflfllrrllrrfrllrflfllrfffrrflrllflrfrrllflfflr"/>
        <trajectory sample="297" generation="297000"
                    bestEnergy="-39.0" averageEnergy="-38.7798" worstEnergy="-38.0"
                    bestConformation="Conformation 39.0 -39.0 Fffflrllrlrrlrrflrfllfrrflffllfrffllrfrrllrrfrllfrrffflfllrrllrrfrllrflfllrfffrrflrllflrfrrllflfflr"/>
        <trajectory sample="298" generation="298000"
                    bestEnergy="-39.0" averageEnergy="-38.8192" worstEnergy="-38.0"
                    bestConformation="Conformation 39.0 -39.0 Fffflrllrlrrlrrflrfllfrrflffllfrffllrfrrllrrfrllfrrffflfllrrllrrfrllrflfllrfffrrflrllflrfrrllflfflr"/>
        <trajectory sample="299" generation="299000"
                    bestEnergy="-39.0" averageEnergy="-38.858" worstEnergy="-36.0"
                    bestConformation="Conformation 39.0 -39.0 Fffflrllrlrrlrrflrfllfrrflffllfrffllrfrrllrrfrllfrrffflfllrrllrrfrllrflfllrfffrrflrllflrfrrllflfflr"/>
        <trajectory sample="300" generation="300000"
                    bestEnergy="-39.0" averageEnergy="-38.8976" worstEnergy="-32.0"
                    bestConformation="Conformation 39.0 -39.0 Fffflrllrlrrlrrflrfllfrrflffllfrffllrfrrllrrfrllfrrffflfllrrllrrfrllrflfllrfffrrflrllflrfrrllflfflr"/>
        <trajectory sample="301" generation="301000"
                    bestEnergy="-39.0" averageEnergy="-38.9403" worstEnergy="-38.0"
                    bestConformation="Conformation 39.0 -39.0 Fffflrllrlrrlrrflrfllfrrflffllfrffllrfrrllrrfrllfrrffflfllrrllrrfrllrflfllrfffrrflrllflrfrrllflfflr"/>
        <trajectory sample="302" generation="302000"
                    bestEnergy="-39.0" averageEnergy="-38.9815" worstEnergy="-36.0"
                    bestConformation="Conformation 39.0 -39.0 Fffflrllrlrrlrrflrfllfrrflffllfrffllrfrrllrrfrllfrrffflfllrrllrrfrllrflfllrfffrrflrllflrfrrllflfflr"/>
        <trajectory sample="303" generation="303000"
                    bestEnergy="-39.0" averageEnergy="-39.0" worstEnergy="-39.0"
                    bestConformation="Conformation 39.0 -39.0 Fffflrllrlrrlrrflrfllfrrflffllfrffllrfrrllrrfrllfrrffflfllrrllrrfrllrflfllrfffrrflrllflrfrrllflfflr"/>
        <trajectory sample="304" generation="304000"
                    bestEnergy="-39.0" averageEnergy="-38.9997" worstEnergy="-36.0"
                    bestConformation="Conformation 39.0 -39.0 Fffflrllrlrrlrrflrfllfrrflffllfrffllrfrrllrrfrllfrrffflfllrrllrrfrllrflfllrfffrrflrllflrfrrllflfflr"/>
        <trajectory sample="305" generation="305000"
                    bestEnergy="-39.0" averageEnergy="-38.9994" worstEnergy="-33.0"
                    bestConformation="Conformation 39.0 -39.0 Fffflrllrlrrlrrflrfllfrrflffllfrffllrfrrllrrfrllfrrffflfllrrllrrfrllrflfllrfffrrflrllflrfrrllflfflr"/>
        <trajectory sample="306" generation="306000"
                    bestEnergy="-39.0" averageEnergy="-39.0" worstEnergy="-39.0"
                    bestConformation="Conformation 39.0 -39.0 Fffflrllrlrrlrrflrfllfrrflffllfrffllrfrrllrrfrllfrrffflfllrrllrrfrllrflfllrfffrrflrllflrfrrllflfflr"/>
        <trajectory sample="307" generation="307000"
                    bestEnergy="-39.0" averageEnergy="-38.9991" worstEnergy="-30.0"
                    bestConformation="Conformation 39.0 -39.0 Fffflrllrlrrlrrflrfllfrrflffllfrffllrfrrllrrfrllfrrffflfllrrllrrfrllrflfllrfffrrflrllflrfrrllflfflr"/>
        <trajectory sample="308" generation="308000"
                    bestEnergy="-39.0" averageEnergy="-39.0" worstEnergy="-39.0"
                    bestConformation="Conformation 39.0 -39.0 Fffflrllrlrrlrrflrfllfrrflffllfrffllrfrrllrrfrllfrrffflfllrrllrrfrllrflfllrfffrrflrllflrfrrllflfflr"/>
        <trajectory sample="309" generation="309000"
                    bestEnergy="-39.0" averageEnergy="-39.0" worstEnergy="-39.0"
                    bestConformation="Conformation 39.0 -39.0 Fffflrllrlrrlrrflrfllfrrflffllfrffllrfrrllrrfrllfrrffflfllrrllrrfrllrflfllrfffrrflrllflrfrrllflfflr"/>
        <trajectory sample="310" generation="310000"
                    bestEnergy="-39.0" averageEnergy="-38.9996" worstEnergy="-35.0"
                    bestConformation="Conformation 39.0 -39.0 Fffflrllrlrrlrrflrfllfrrflffllfrffllrfrrllrrfrllfrrffflfllrrllrrfrllrflfllrfffrrflrllflrfrrllflfflr"/>
        <trajectory sample="311" generation="311000"
                    bestEnergy="-39.0" averageEnergy="-39.0" worstEnergy="-39.0"
                    bestConformation="Conformation 39.0 -39.0 Fffflrllrlrrlrrflrfllfrrflffllfrffllrfrrllrrfrllfrrffflfllrrllrrfrllrflfllrfffrrflrllflrfrrllflfflr"/>
        <trajectory sample="312" generation="312000"
                    bestEnergy="-39.0" averageEnergy="-38.9997" worstEnergy="-36.0"
                    bestConformation="Conformation 39.0 -39.0 Fffflrllrlrrlrrflrfllfrrflffllfrffllrfrrllrrfrllfrrffflfllrrllrrfrllrflfllrfffrrflrllflrfrrllflfflr"/>
        <trajectory sample="313" generation="313000"
                    bestEnergy="-39.0" averageEnergy="-38.9995" worstEnergy="-34.0"
                    bestConformation="Conformation 39.0 -39.0 Fffflrllrlrrlrrflrfllfrrflffllfrffllrfrrllrrfrllfrrffflfllrrllrrfrllrflfllrfffrrflrllflrfrrllflfflr"/>
        <trajectory sample="314" generation="314000"
                    bestEnergy="-39.0" averageEnergy="-39.0" worstEnergy="-39.0"
                    bestConformation="Conformation 39.0 -39.0 Fffflrllrlrrlrrflrfllfrrflffllfrffllrfrrllrrfrllfrrffflfllrrllrrfrllrflfllrfffrrflrllflrfrrllflfflr"/>
        <trajectory sample="315" generation="315000"
                    bestEnergy="-39.0" averageEnergy="-38.9997" worstEnergy="-36.0"
                    bestConformation="Conformation 39.0 -39.0 Fffflrllrlrrlrrflrfllfrrflffllfrffllrfrrllrrfrllfrrffflfllrrllrrfrllrflfllrfffrrflrllflrfrrllflfflr"/>
        <trajectory sample="316" generation="316000"
                    bestEnergy="-39.0" averageEnergy="-38.9991" worstEnergy="-30.0"
                    bestConformation="Conformation 39.0 -39.0 Fffflrllrlrrlrrflrfllfrrflffllfrffllrfrrllrrfrllfrrffflfllrrllrrfrllrflfllrfffrrflrllflrfrrllflfflr"/>
        <trajectory sample="317" generation="317000"
                    bestEnergy="-39.0" averageEnergy="-39.0" worstEnergy="-39.0"
                    bestConformation="Conformation 39.0 -39.0 Fffflrllrlrrlrrflrfllfrrflffllfrffllrfrrllrrfrllfrrffflfllrrllrrfrllrflfllrfffrrflrllflrfrrllflfflr"/>
        <trajectory sample="318" generation="318000"
                    bestEnergy="-39.0" averageEnergy="-38.9993" worstEnergy="-32.0"
                    bestConformation="Conformation 39.0 -39.0 Fffflrllrlrrlrrflrfllfrrflffllfrffllrfrrllrrfrllfrrffflfllrrllrrfrllrflfllrfffrrflrllflrfrrllflfflr"/>
        <trajectory sample="319" generation="319000"
                    bestEnergy="-39.0" averageEnergy="-38.9997" worstEnergy="-36.0"
                    bestConformation="Conformation 39.0 -39.0 Fffflrllrlrrlrrflrfllfrrflffllfrffllrfrrllrrfrllfrrffflfllrrllrrfrllrflfllrfffrrflrllflrfrrllflfflr"/>
        <trajectory sample="320" generation="320000"
                    bestEnergy="-39.0" averageEnergy="-39.0" worstEnergy="-39.0"
                    bestConformation="Conformation 39.0 -39.0 Fffflrllrlrrlrrflrfllfrrflffllfrffllrfrrllrrfrllfrrffflfllrrllrrfrllrflfllrfffrrflrllflrfrrllflfflr"/>
        <trajectory sample="321" generation="321000"
                    bestEnergy="-39.0" averageEnergy="-39.0" worstEnergy="-39.0"
                    bestConformation="Conformation 39.0 -39.0 Fffflrllrlrrlrrflrfllfrrflffllfrffllrfrrllrrfrllfrrffflfllrrllrrfrllrflfllrfffrrflrllflrfrrllflfflr"/>
        <trajectory sample="322" generation="322000"
                    bestEnergy="-39.0" averageEnergy="-38.9992" worstEnergy="-31.0"
                    bestConformation="Conformation 39.0 -39.0 Fffflrllrlrrlrrflrfllfrrflffllfrffllrfrrllrrfrllfrrffflfllrrllrrfrllrflfllrfffrrflrllflrfrrllflfflr"/>
        <trajectory sample="323" generation="323000"
                    bestEnergy="-39.0" averageEnergy="-38.9997" worstEnergy="-36.0"
                    bestConformation="Conformation 39.0 -39.0 Fffflrllrlrrlrrflrfllfrrflffllfrffllrfrrllrrfrllfrrffflfllrrllrrfrllrflfllrfffrrflrllflrfrrllflfflr"/>
        <trajectory sample="324" generation="324000"
                    bestEnergy="-39.0" averageEnergy="-38.9995" worstEnergy="-34.0"
                    bestConformation="Conformation 39.0 -39.0 Fffflrllrlrrlrrflrfllfrrflffllfrffllrfrrllrrfrllfrrffflfllrrllrrfrllrflfllrfffrrflrllflrfrrllflfflr"/>
        <trajectory sample="325" generation="325000"
                    bestEnergy="-39.0" averageEnergy="-38.9992" worstEnergy="-31.0"
                    bestConformation="Conformation 39.0 -39.0 Fffflrllrlrrlrrflrfllfrrflffllfrffllrfrrllrrfrllfrrffflfllrrllrrfrllrflfllrfffrrflrllflrfrrllflfflr"/>
        <trajectory sample="326" generation="326000"
                    bestEnergy="-39.0" averageEnergy="-38.9996" worstEnergy="-35.0"
                    bestConformation="Conformation 39.0 -39.0 Fffflrllrlrrlrrflrfllfrrflffllfrffllrfrrllrrfrllfrrffflfllrrllrrfrllrflfllrfffrrflrllflrfrrllflfflr"/>
        <trajectory sample="327" generation="327000"
                    bestEnergy="-39.0" averageEnergy="-38.9995" worstEnergy="-34.0"
                    bestConformation="Conformation 39.0 -39.0 Fffflrllrlrrlrrflrfllfrrflffllfrffllrfrrllrrfrllfrrffflfllrrllrrfrllrflfllrfffrrflrllflrfrrllflfflr"/>
        <trajectory sample="328" generation="328000"
                    bestEnergy="-39.0" averageEnergy="-38.9995" worstEnergy="-34.0"
                    bestConformation="Conformation 39.0 -39.0 Fffflrllrlrrlrrflrfllfrrflffllfrffllrfrrllrrfrllfrrffflfllrrllrrfrllrflfllrfffrrflrllflrfrrllflfflr"/>
        <trajectory sample="329" generation="329000"
                    bestEnergy="-39.0" averageEnergy="-39.0" worstEnergy="-39.0"
                    bestConformation="Conformation 39.0 -39.0 Fffflrllrlrrlrrflrfllfrrflffllfrffllrfrrllrrfrllfrrffflfllrrllrrfrllrflfllrfffrrflrllflrfrrllflfflr"/>
        <trajectory sample="330" generation="330000"
                    bestEnergy="-39.0" averageEnergy="-39.0" worstEnergy="-39.0"
                    bestConformation="Conformation 39.0 -39.0 Fffflrllrlrrlrrflrfllfrrflffllfrffllrfrrllrrfrllfrrffflfllrrllrrfrllrflfllrfffrrflrllflrfrrllflfflr"/>
        <trajectory sample="331" generation="331000"
                    bestEnergy="-39.0" averageEnergy="-38.9995" worstEnergy="-34.0"
                    bestConformation="Conformation 39.0 -39.0 Fffflrllrlrrlrrflrfllfrrflffllfrffllrfrrllrrfrllfrrffflfllrrllrrfrllrflfllrfffrrflrllflrfrrllflfflr"/>
        <trajectory sample="332" generation="332000"
                    bestEnergy="-39.0" averageEnergy="-38.9995" worstEnergy="-34.0"
                    bestConformation="Conformation 39.0 -39.0 Fffflrllrlrrlrrflrfllfrrflffllfrffllrfrrllrrfrllfrrffflfllrrllrrfrllrflfllrfffrrflrllflrfrrllflfflr"/>
        <trajectory sample="333" generation="333000"
                    bestEnergy="-39.0" averageEnergy="-38.9999" worstEnergy="-38.0"
                    bestConformation="Conformation 39.0 -39.0 Fffflrllrlrrlrrflrfllfrrflffllfrffllrfrrllrrfrllfrrffflfllrrllrrfrllrflfllrfffrrflrllflrfrrllflfflr"/>
        <trajectory sample="334" generation="334000"
                    bestEnergy="-39.0" averageEnergy="-38.9997" worstEnergy="-36.0"
                    bestConformation="Conformation 39.0 -39.0 Fffflrllrlrrlrrflrfllfrrflffllfrffllrfrrllrrfrllfrrffflfllrrllrrfrllrflfllrfffrrflrllflrfrrllflfflr"/>
        <trajectory sample="335" generation="335000"
                    bestEnergy="-39.0" averageEnergy="-38.9997" worstEnergy="-36.0"
                    bestConformation="Conformation 39.0 -39.0 Fffflrllrlrrlrrflrfllfrrflffllfrffllrfrrllrrfrllfrrffflfllrrllrrfrllrflfllrfffrrflrllflrfrrllflfflr"/>
        <trajectory sample="336" generation="336000"
                    bestEnergy="-39.0" averageEnergy="-38.9993" worstEnergy="-32.0"
                    bestConformation="Conformation 39.0 -39.0 Fffflrllrlrrlrrflrfllfrrflffllfrffllrfrrllrrfrllfrrffflfllrrllrrfrllrflfllrfffrrflrllflrfrrllflfflr"/>
        <trajectory sample="337" generation="337000"
                    bestEnergy="-39.0" averageEnergy="-38.9998" worstEnergy="-37.0"
                    bestConformation="Conformation 39.0 -39.0 Fffflrllrlrrlrrflrfllfrrflffllfrffllrfrrllrrfrllfrrffflfllrrllrrfrllrflfllrfffrrflrllflrfrrllflfflr"/>
        <trajectory sample="338" generation="338000"
                    bestEnergy="-39.0" averageEnergy="-39.0" worstEnergy="-39.0"
                    bestConformation="Conformation 39.0 -39.0 Fffflrllrlrrlrrflrfllfrrflffllfrffllrfrrllrrfrllfrrffflfllrrllrrfrllrflfllrfffrrflrllflrfrrllflfflr"/>
        <trajectory sample="339" generation="339000"
                    bestEnergy="-39.0" averageEnergy="-39.0" worstEnergy="-39.0"
                    bestConformation="Conformation 39.0 -39.0 Fffflrllrlrrlrrflrfllfrrflffllfrffllrfrrllrrfrllfrrffflfllrrllrrfrllrflfllrfffrrflrllflrfrrllflfflr"/>
        <trajectory sample="340" generation="340000"
                    bestEnergy="-39.0" averageEnergy="-38.9997" worstEnergy="-36.0"
                    bestConformation="Conformation 39.0 -39.0 Fffflrllrlrrlrrflrfllfrrflffllfrffllrfrrllrrfrllfrrffflfllrrllrrfrllrflfllrfffrrflrllflrfrrllflfflr"/>
        <trajectory sample="341" generation="341000"
                    bestEnergy="-39.0" averageEnergy="-38.9993" worstEnergy="-32.0"
                    bestConformation="Conformation 39.0 -39.0 Fffflrllrlrrlrrflrfllfrrflffllfrffllrfrrllrrfrllfrrffflfllrrllrrfrllrflfllrfffrrflrllflrfrrllflfflr"/>
        <trajectory sample="342" generation="342000"
                    bestEnergy="-39.0" averageEnergy="-38.9995" worstEnergy="-34.0"
                    bestConformation="Conformation 39.0 -39.0 Fffflrllrlrrlrrflrfllfrrflffllfrffllrfrrllrrfrllfrrffflfllrrllrrfrllrflfllrfffrrflrllflrfrrllflfflr"/>
        <trajectory sample="343" generation="343000"
                    bestEnergy="-39.0" averageEnergy="-38.9994" worstEnergy="-33.0"
                    bestConformation="Conformation 39.0 -39.0 Fffflrllrlrrlrrflrfllfrrflffllfrffllrfrrllrrfrllfrrffflfllrrllrrfrllrflfllrfffrrflrllflrfrrllflfflr"/>
        <trajectory sample="344" generation="344000"
                    bestEnergy="-39.0" averageEnergy="-39.0" worstEnergy="-39.0"
                    bestConformation="Conformation 39.0 -39.0 Fffflrllrlrrlrrflrfllfrrflffllfrffllrfrrllrrfrllfrrffflfllrrllrrfrllrflfllrfffrrflrllflrfrrllflfflr"/>
        <trajectory sample="345" generation="345000"
                    bestEnergy="-39.0" averageEnergy="-38.9997" worstEnergy="-36.0"
                    bestConformation="Conformation 39.0 -39.0 Fffflrllrlrrlrrflrfllfrrflffllfrffllrfrrllrrfrllfrrffflfllrrllrrfrllrflfllrfffrrflrllflrfrrllflfflr"/>
        <trajectory sample="346" generation="346000"
                    bestEnergy="-39.0" averageEnergy="-38.9997" worstEnergy="-36.0"
                    bestConformation="Conformation 39.0 -39.0 Fffflrllrlrrlrrflrfllfrrflffllfrffllrfrrllrrfrllfrrffflfllrrllrrfrllrflfllrfffrrflrllflrfrrllflfflr"/>
        <trajectory sample="347" generation="347000"
                    bestEnergy="-39.0" averageEnergy="-38.9997" worstEnergy="-36.0"
                    bestConformation="Conformation 39.0 -39.0 Fffflrllrlrrlrrflrfllfrrflffllfrffllrfrrllrrfrllfrrffflfllrrllrrfrllrflfllrfffrrflrllflrfrrllflfflr"/>
        <trajectory sample="348" generation="348000"
                    bestEnergy="-39.0" averageEnergy="-38.9997" worstEnergy="-36.0"
                    bestConformation="Conformation 39.0 -39.0 Fffflrllrlrrlrrflrfllfrrflffllfrffllrfrrllrrfrllfrrffflfllrrllrrfrllrflfllrfffrrflrllflrfrrllflfflr"/>
        <trajectory sample="349" generation="349000"
                    bestEnergy="-39.0" averageEnergy="-38.9997" worstEnergy="-36.0"
                    bestConformation="Conformation 39.0 -39.0 Fffflrllrlrrlrrflrfllfrrflffllfrffllrfrrllrrfrllfrrffflfllrrllrrfrllrflfllrfffrrflrllflrfrrllflfflr"/>
        <trajectory sample="350" generation="350000"
                    bestEnergy="-39.0" averageEnergy="-38.9994" worstEnergy="-33.0"
                    bestConformation="Conformation 39.0 -39.0 Fffflrllrlrrlrrflrfllfrrflffllfrffllrfrrllrrfrllfrrffflfllrrllrrfrllrflfllrfffrrflrllflrfrrllflfflr"/>
        <trajectory sample="351" generation="351000"
                    bestEnergy="-39.0" averageEnergy="-38.9995" worstEnergy="-34.0"
                    bestConformation="Conformation 39.0 -39.0 Fffflrllrlrrlrrflrfllfrrflffllfrffllrfrrllrrfrllfrrffflfllrrllrrfrllrflfllrfffrrflrllflrfrrllflfflr"/>
        <trajectory sample="352" generation="352000"
                    bestEnergy="-39.0" averageEnergy="-38.9993" worstEnergy="-32.0"
                    bestConformation="Conformation 39.0 -39.0 Fffflrllrlrrlrrflrfllfrrflffllfrffllrfrrllrrfrllfrrffflfllrrllrrfrllrflfllrfffrrflrllflrfrrllflfflr"/>
        <trajectory sample="353" generation="353000"
                    bestEnergy="-39.0" averageEnergy="-38.9994" worstEnergy="-33.0"
                    bestConformation="Conformation 39.0 -39.0 Fffflrllrlrrlrrflrfllfrrflffllfrffllrfrrllrrfrllfrrffflfllrrllrrfrllrflfllrfffrrflrllflrfrrllflfflr"/>
        <trajectory sample="354" generation="354000"
                    bestEnergy="-39.0" averageEnergy="-38.9996" worstEnergy="-35.0"
                    bestConformation="Conformation 39.0 -39.0 Fffflrllrlrrlrrflrfllfrrflffllfrffllrfrrllrrfrllfrrffflfllrrllrrfrllrflfllrfffrrflrllflrfrrllflfflr"/>
        <trajectory sample="355" generation="355000"
                    bestEnergy="-39.0" averageEnergy="-38.9997" worstEnergy="-36.0"
                    bestConformation="Conformation 39.0 -39.0 Fffflrllrlrrlrrflrfllfrrflffllfrffllrfrrllrrfrllfrrffflfllrrllrrfrllrflfllrfffrrflrllflrfrrllflfflr"/>
        <trajectory sample="356" generation="356000"
                    bestEnergy="-39.0" averageEnergy="-38.9995" worstEnergy="-34.0"
                    bestConformation="Conformation 39.0 -39.0 Fffflrllrlrrlrrflrfllfrrflffllfrffllrfrrllrrfrllfrrffflfllrrllrrfrllrflfllrfffrrflrllflrfrrllflfflr"/>
        <trajectory sample="357" generation="357000"
                    bestEnergy="-39.0" averageEnergy="-38.9994" worstEnergy="-33.0"
                    bestConformation="Conformation 39.0 -39.0 Fffflrllrlrrlrrflrfllfrrflffllfrffllrfrrllrrfrllfrrffflfllrrllrrfrllrflfllrfffrrflrllflrfrrllflfflr"/>
        <trajectory sample="358" generation="358000"
                    bestEnergy="-39.0" averageEnergy="-39.0" worstEnergy="-39.0"
                    bestConformation="Conformation 39.0 -39.0 Fffflrllrlrrlrrflrfllfrrflffllfrffllrfrrllrrfrllfrrffflfllrrllrrfrllrflfllrfffrrflrllflrfrrllflfflr"/>
        <trajectory sample="359" generation="359000"
                    bestEnergy="-39.0" averageEnergy="-38.9992" worstEnergy="-31.0"
                    bestConformation="Conformation 39.0 -39.0 Fffflrllrlrrlrrflrfllfrrflffllfrffllrfrrllrrfrllfrrffflfllrrllrrfrllrflfllrfffrrflrllflrfrrllflfflr"/>
        <trajectory sample="360" generation="360000"
                    bestEnergy="-39.0" averageEnergy="-38.9995" worstEnergy="-34.0"
                    bestConformation="Conformation 39.0 -39.0 Fffflrllrlrrlrrflrfllfrrflffllfrffllrfrrllrrfrllfrrffflfllrrllrrfrllrflfllrfffrrflrllflrfrrllflfflr"/>
        <trajectory sample="361" generation="361000"
                    bestEnergy="-39.0" averageEnergy="-38.9997" worstEnergy="-36.0"
                    bestConformation="Conformation 39.0 -39.0 Fffflrllrlrrlrrflrfllfrrflffllfrffllrfrrllrrfrllfrrffflfllrrllrrfrllrflfllrfffrrflrllflrfrrllflfflr"/>
        <trajectory sample="362" generation="362000"
                    bestEnergy="-39.0" averageEnergy="-38.9997" worstEnergy="-36.0"
                    bestConformation="Conformation 39.0 -39.0 Fffflrllrlrrlrrflrfllfrrflffllfrffllrfrrllrrfrllfrrffflfllrrllrrfrllrflfllrfffrrflrllflrfrrllflfflr"/>
        <trajectory sample="363" generation="363000"
                    bestEnergy="-39.0" averageEnergy="-39.0" worstEnergy="-39.0"
                    bestConformation="Conformation 39.0 -39.0 Fffflrllrlrrlrrflrfllfrrflffllfrffllrfrrllrrfrllfrrffflfllrrllrrfrllrflfllrfffrrflrllflrfrrllflfflr"/>
        <trajectory sample="364" generation="364000"
                    bestEnergy="-39.0" averageEnergy="-39.0" worstEnergy="-39.0"
                    bestConformation="Conformation 39.0 -39.0 Fffflrllrlrrlrrflrfllfrrflffllfrffllrfrrllrrfrllfrrffflfllrrllrrfrllrflfllrfffrrflrllflrfrrllflfflr"/>
        <trajectory sample="365" generation="365000"
                    bestEnergy="-39.0" averageEnergy="-38.9994" worstEnergy="-33.0"
                    bestConformation="Conformation 39.0 -39.0 Fffflrllrlrrlrrflrfllfrrflffllfrffllrfrrllrrfrllfrrffflfllrrllrrfrllrflfllrfffrrflrllflrfrrllflfflr"/>
        <trajectory sample="366" generation="366000"
                    bestEnergy="-39.0" averageEnergy="-38.9992" worstEnergy="-31.0"
                    bestConformation="Conformation 39.0 -39.0 Fffflrllrlrrlrrflrfllfrrflffllfrffllrfrrllrrfrllfrrffflfllrrllrrfrllrflfllrfffrrflrllflrfrrllflfflr"/>
        <trajectory sample="367" generation="367000"
                    bestEnergy="-39.0" averageEnergy="-38.9995" worstEnergy="-34.0"
                    bestConformation="Conformation 39.0 -39.0 Fffflrllrlrrlrrflrfllfrrflffllfrffllrfrrllrrfrllfrrffflfllrrllrrfrllrflfllrfffrrflrllflrfrrllflfflr"/>
        <trajectory sample="368" generation="368000"
                    bestEnergy="-39.0" averageEnergy="-38.9994" worstEnergy="-33.0"
                    bestConformation="Conformation 39.0 -39.0 Fffflrllrlrrlrrflrfllfrrflffllfrffllrfrrllrrfrllfrrffflfllrrllrrfrllrflfllrfffrrflrllflrfrrllflfflr"/>
        <trajectory sample="369" generation="369000"
                    bestEnergy="-39.0" averageEnergy="-38.9991" worstEnergy="-30.0"
                    bestConformation="Conformation 39.0 -39.0 Fffflrllrlrrlrrflrfllfrrflffllfrffllrfrrllrrfrllfrrffflfllrrllrrfrllrflfllrfffrrflrllflrfrrllflfflr"/>
        <trajectory sample="370" generation="370000"
                    bestEnergy="-39.0" averageEnergy="-38.9992" worstEnergy="-31.0"
                    bestConformation="Conformation 39.0 -39.0 Fffflrllrlrrlrrflrfllfrrflffllfrffllrfrrllrrfrllfrrffflfllrrllrrfrllrflfllrfffrrflrllflrfrrllflfflr"/>
        <trajectory sample="371" generation="371000"
                    bestEnergy="-39.0" averageEnergy="-38.9997" worstEnergy="-36.0"
                    bestConformation="Conformation 39.0 -39.0 Fffflrllrlrrlrrflrfllfrrflffllfrffllrfrrllrrfrllfrrffflfllrrllrrfrllrflfllrfffrrflrllflrfrrllflfflr"/>
        <trajectory sample="372" generation="372000"
                    bestEnergy="-39.0" averageEnergy="-39.0" worstEnergy="-39.0"
                    bestConformation="Conformation 39.0 -39.0 Fffflrllrlrrlrrflrfllfrrflffllfrffllrfrrllrrfrllfrrffflfllrrllrrfrllrflfllrfffrrflrllflrfrrllflfflr"/>
        <trajectory sample="373" generation="373000"
                    bestEnergy="-39.0" averageEnergy="-38.9997" worstEnergy="-36.0"
                    bestConformation="Conformation 39.0 -39.0 Fffflrllrlrrlrrflrfllfrrflffllfrffllrfrrllrrfrllfrrffflfllrrllrrfrllrflfllrfffrrflrllflrfrrllflfflr"/>
        <trajectory sample="374" generation="374000"
                    bestEnergy="-39.0" averageEnergy="-38.9997" worstEnergy="-36.0"
                    bestConformation="Conformation 39.0 -39.0 Fffflrllrlrrlrrflrfllfrrflffllfrffllrfrrllrrfrllfrrffflfllrrllrrfrllrflfllrfffrrflrllflrfrrllflfflr"/>
        <trajectory sample="375" generation="375000"
                    bestEnergy="-39.0" averageEnergy="-39.0" worstEnergy="-39.0"
                    bestConformation="Conformation 39.0 -39.0 Fffflrllrlrrlrrflrfllfrrflffllfrffllrfrrllrrfrllfrrffflfllrrllrrfrllrflfllrfffrrflrllflrfrrllflfflr"/>
        <trajectory sample="376" generation="376000"
                    bestEnergy="-39.0" averageEnergy="-38.9997" worstEnergy="-36.0"
                    bestConformation="Conformation 39.0 -39.0 Fffflrllrlrrlrrflrfllfrrflffllfrffllrfrrllrrfrllfrrffflfllrrllrrfrllrflfllrfffrrflrllflrfrrllflfflr"/>
        <trajectory sample="377" generation="377000"
                    bestEnergy="-39.0" averageEnergy="-38.9993" worstEnergy="-32.0"
                    bestConformation="Conformation 39.0 -39.0 Fffflrllrlrrlrrflrfllfrrflffllfrffllrfrrllrrfrllfrrffflfllrrllrrfrllrflfllrfffrrflrllflrfrrllflfflr"/>
        <trajectory sample="378" generation="378000"
                    bestEnergy="-39.0" averageEnergy="-38.9993" worstEnergy="-32.0"
                    bestConformation="Conformation 39.0 -39.0 Fffflrllrlrrlrrflrfllfrrflffllfrffllrfrrllrrfrllfrrffflfllrrllrrfrllrflfllrfffrrflrllflrfrrllflfflr"/>
        <trajectory sample="379" generation="379000"
                    bestEnergy="-39.0" averageEnergy="-38.9993" worstEnergy="-32.0"
                    bestConformation="Conformation 39.0 -39.0 Fffflrllrlrrlrrflrfllfrrflffllfrffllrfrrllrrfrllfrrffflfllrrllrrfrllrflfllrfffrrflrllflrfrrllflfflr"/>
        <trajectory sample="380" generation="380000"
                    bestEnergy="-39.0" averageEnergy="-38.9996" worstEnergy="-35.0"
                    bestConformation="Conformation 39.0 -39.0 Fffflrllrlrrlrrflrfllfrrflffllfrffllrfrrllrrfrllfrrffflfllrrllrrfrllrflfllrfffrrflrllflrfrrllflfflr"/>
        <trajectory sample="381" generation="381000"
                    bestEnergy="-39.0" averageEnergy="-38.9997" worstEnergy="-36.0"
                    bestConformation="Conformation 39.0 -39.0 Fffflrllrlrrlrrflrfllfrrflffllfrffllrfrrllrrfrllfrrffflfllrrllrrfrllrflfllrfffrrflrllflrfrrllflfflr"/>
        <trajectory sample="382" generation="382000"
                    bestEnergy="-39.0" averageEnergy="-39.0" worstEnergy="-39.0"
                    bestConformation="Conformation 39.0 -39.0 Fffflrllrlrrlrrflrfllfrrflffllfrffllrfrrllrrfrllfrrffflfllrrllrrfrllrflfllrfffrrflrllflrfrrllflfflr"/>
        <trajectory sample="383" generation="383000"
                    bestEnergy="-39.0" averageEnergy="-38.9999" worstEnergy="-38.0"
                    bestConformation="Conformation 39.0 -39.0 Fffflrllrlrrlrrflrfllfrrflffllfrffllrfrrllrrfrllfrrffflfllrrllrrfrllrflfllrfffrrflrllflrfrrllflfflr"/>
        <trajectory sample="384" generation="384000"
                    bestEnergy="-39.0" averageEnergy="-38.9998" worstEnergy="-37.0"
                    bestConformation="Conformation 39.0 -39.0 Fffflrllrlrrlrrflrfllfrrflffllfrffllrfrrllrrfrllfrrffflfllrrllrrfrllrflfllrfffrrflrllflrfrrllflfflr"/>
        <trajectory sample="385" generation="385000"
                    bestEnergy="-39.0" averageEnergy="-38.9994" worstEnergy="-33.0"
                    bestConformation="Conformation 39.0 -39.0 Fffflrllrlrrlrrflrfllfrrflffllfrffllrfrrllrrfrllfrrffflfllrrllrrfrllrflfllrfffrrflrllflrfrrllflfflr"/>
        <trajectory sample="386" generation="386000"
                    bestEnergy="-39.0" averageEnergy="-38.9994" worstEnergy="-33.0"
                    bestConformation="Conformation 39.0 -39.0 Fffflrllrlrrlrrflrfllfrrflffllfrffllrfrrllrrfrllfrrffflfllrrllrrfrllrflfllrfffrrflrllflrfrrllflfflr"/>
        <trajectory sample="387" generation="387000"
                    bestEnergy="-39.0" averageEnergy="-39.0" worstEnergy="-39.0"
                    bestConformation="Conformation 39.0 -39.0 Fffflrllrlrrlrrflrfllfrrflffllfrffllrfrrllrrfrllfrrffflfllrrllrrfrllrflfllrfffrrflrllflrfrrllflfflr"/>
        <trajectory sample="388" generation="388000"
                    bestEnergy="-39.0" averageEnergy="-39.0" worstEnergy="-39.0"
                    bestConformation="Conformation 39.0 -39.0 Fffflrllrlrrlrrflrfllfrrflffllfrffllrfrrllrrfrllfrrffflfllrrllrrfrllrflfllrfffrrflrllflrfrrllflfflr"/>
        <trajectory sample="389" generation="389000"
                    bestEnergy="-39.0" averageEnergy="-39.0" worstEnergy="-39.0"
                    bestConformation="Conformation 39.0 -39.0 Fffflrllrlrrlrrflrfllfrrflffllfrffllrfrrllrrfrllfrrffflfllrrllrrfrllrflfllrfffrrflrllflrfrrllflfflr"/>
        <trajectory sample="390" generation="390000"
                    bestEnergy="-39.0" averageEnergy="-38.9995" worstEnergy="-34.0"
                    bestConformation="Conformation 39.0 -39.0 Fffflrllrlrrlrrflrfllfrrflffllfrffllrfrrllrrfrllfrrffflfllrrllrrfrllrflfllrfffrrflrllflrfrrllflfflr"/>
        <trajectory sample="391" generation="391000"
                    bestEnergy="-39.0" averageEnergy="-38.9994" worstEnergy="-33.0"
                    bestConformation="Conformation 39.0 -39.0 Fffflrllrlrrlrrflrfllfrrflffllfrffllrfrrllrrfrllfrrffflfllrrllrrfrllrflfllrfffrrflrllflrfrrllflfflr"/>
        <trajectory sample="392" generation="392000"
                    bestEnergy="-39.0" averageEnergy="-38.9995" worstEnergy="-34.0"
                    bestConformation="Conformation 39.0 -39.0 Fffflrllrlrrlrrflrfllfrrflffllfrffllrfrrllrrfrllfrrffflfllrrllrrfrllrflfllrfffrrflrllflrfrrllflfflr"/>
        <trajectory sample="393" generation="393000"
                    bestEnergy="-39.0" averageEnergy="-38.9997" worstEnergy="-36.0"
                    bestConformation="Conformation 39.0 -39.0 Fffflrllrlrrlrrflrfllfrrflffllfrffllrfrrllrrfrllfrrffflfllrrllrrfrllrflfllrfffrrflrllflrfrrllflfflr"/>
        <trajectory sample="394" generation="394000"
                    bestEnergy="-39.0" averageEnergy="-39.0" worstEnergy="-39.0"
                    bestConformation="Conformation 39.0 -39.0 Fffflrllrlrrlrrflrfllfrrflffllfrffllrfrrllrrfrllfrrffflfllrrllrrfrllrflfllrfffrrflrllflrfrrllflfflr"/>
        <trajectory sample="395" generation="395000"
                    bestEnergy="-39.0" averageEnergy="-38.9995" worstEnergy="-34.0"
                    bestConformation="Conformation 39.0 -39.0 Fffflrllrlrrlrrflrfllfrrflffllfrffllrfrrllrrfrllfrrffflfllrrllrrfrllrflfllrfffrrflrllflrfrrllflfflr"/>
        <trajectory sample="396" generation="396000"
                    bestEnergy="-39.0" averageEnergy="-38.9997" worstEnergy="-36.0"
                    bestConformation="Conformation 39.0 -39.0 Fffflrllrlrrlrrflrfllfrrflffllfrffllrfrrllrrfrllfrrffflfllrrllrrfrllrflfllrfffrrflrllflrfrrllflfflr"/>
        <trajectory sample="397" generation="397000"
                    bestEnergy="-39.0" averageEnergy="-38.9995" worstEnergy="-34.0"
                    bestConformation="Conformation 39.0 -39.0 Fffflrllrlrrlrrflrfllfrrflffllfrffllrfrrllrrfrllfrrffflfllrrllrrfrllrflfllrfffrrflrllflrfrrllflfflr"/>
        <trajectory sample="398" generation="398000"
                    bestEnergy="-39.0" averageEnergy="-38.9995" worstEnergy="-34.0"
                    bestConformation="Conformation 39.0 -39.0 Fffflrllrlrrlrrflrfllfrrflffllfrffllrfrrllrrfrllfrrffflfllrrllrrfrllrflfllrfffrrflrllflrfrrllflfflr"/>
        <trajectory sample="399" generation="399000"
                    bestEnergy="-39.0" averageEnergy="-39.0" worstEnergy="-39.0"
                    bestConformation="Conformation 39.0 -39.0 Fffflrllrlrrlrrflrfllfrrflffllfrffllrfrrllrrfrllfrrffflfllrrllrrfrllrflfllrfffrrflrllflrfrrllflfflr"/>
        <trajectory sample="400" generation="400000"
                    bestEnergy="-39.0" averageEnergy="-39.0" worstEnergy="-39.0"
                    bestConformation="Conformation 39.0 -39.0 Fffflrllrlrrlrrflrfllfrrflffllfrffllrfrrllrrfrllfrrffflfllrrllrrfrllrflfllrfffrrflrllflrfrrllflfflr"/>
    </run>
    <run number="4" numberOfGenerations="400001" populationSize="10000">
        <trajectory sample="0" generation="0"
                    bestEnergy="-25.0" averageEnergy="-10.7169" worstEnergy="-1.0"
                    bestConformation="Conformation 40.0 -40.0 Frlrrfllrrflrlrlfrllfffrrfffllfffflfrllfffrrflfrrfllffrrlrrllrrllrlrlrllflrflrfrrlrllrllfrfrllflrll"/>
        <trajectory sample="1" generation="1000"
                    bestEnergy="-25.0" averageEnergy="-11.417" worstEnergy="-6.0"
                    bestConformation="Conformation 40.0 -40.0 Frlrrfllrrflrlrlfrllfffrrfffllfffflfrllfffrrflfrrfllffrrlrrllrrllrlrlrllflrflrfrrlrllrllfrfrllflrll"/>
        <trajectory sample="2" generation="2000"
                    bestEnergy="-25.0" averageEnergy="-11.9583" worstEnergy="-7.0"
                    bestConformation="Conformation 40.0 -40.0 Frlrrfllrrflrlrlfrllfffrrfffllfffflfrllfffrrflfrrfllffrrlrrllrrllrlrlrllflrflrfrrlrllrllfrfrllflrll"/>
        <trajectory sample="3" generation="3000"
                    bestEnergy="-25.0" averageEnergy="-12.4379" worstEnergy="-8.0"
                    bestConformation="Conformation 40.0 -40.0 Frlrrfllrrflrlrlfrllfffrrfffllfffflfrllfffrrflfrrfllffrrlrrllrrllrlrlrllflrflrfrrlrllrllfrfrllflrll"/>
        <trajectory sample="4" generation="4000"
                    bestEnergy="-25.0" averageEnergy="-12.8642" worstEnergy="-9.0"
                    bestConformation="Conformation 40.0 -40.0 Frlrrfllrrflrlrlfrllfffrrfffllfffflfrllfffrrflfrrfllffrrlrrllrrllrlrlrllflrflrfrrlrllrllfrfrllflrll"/>
        <trajectory sample="5" generation="5000"
                    bestEnergy="-25.0" averageEnergy="-13.2834" worstEnergy="-10.0"
                    bestConformation="Conformation 40.0 -40.0 Frlrrfllrrflrlrlfrllfffrrfffllfffflfrllfffrrflfrrfllffrrlrrllrrllrlrlrllflrflrfrrlrllrllfrfrllflrll"/>
        <trajectory sample="6" generation="6000"
                    bestEnergy="-25.0" averageEnergy="-13.6509" worstEnergy="-10.0"
                    bestConformation="Conformation 40.0 -40.0 Frlrrfllrrflrlrlfrllfffrrfffllfffflfrllfffrrflfrrfllffrrlrrllrrllrlrlrllflrflrfrrlrllrllfrfrllflrll"/>
        <trajectory sample="7" generation="7000"
                    bestEnergy="-25.0" averageEnergy="-14.006" worstEnergy="-11.0"
                    bestConformation="Conformation 40.0 -40.0 Frlrrfllrrflrlrlfrllfffrrfffllfffflfrllfffrrflfrrfllffrrlrrllrrllrlrlrllflrflrfrrlrllrllfrfrllflrll"/>
        <trajectory sample="8" generation="8000"
                    bestEnergy="-25.0" averageEnergy="-14.3215" worstEnergy="-11.0"
                    bestConformation="Conformation 40.0 -40.0 Frlrrfllrrflrlrlfrllfffrrfffllfffflfrllfffrrflfrrfllffrrlrrllrrllrlrlrllflrflrfrrlrllrllfrfrllflrll"/>
        <trajectory sample="9" generation="9000"
                    bestEnergy="-25.0" averageEnergy="-14.65" worstEnergy="-12.0"
                    bestConformation="Conformation 40.0 -40.0 Frlrrfllrrflrlrlfrllfffrrfffllfffflfrllfffrrflfrrfllffrrlrrllrrllrlrlrllflrflrfrrlrllrllfrfrllflrll"/>
        <trajectory sample="10" generation="10000"
                    bestEnergy="-25.0" averageEnergy="-14.9411" worstEnergy="-12.0"
                    bestConformation="Conformation 40.0 -40.0 Frlrrfllrrflrlrlfrllfffrrfffllfffflfrllfffrrflfrrfllffrrlrrllrrllrlrlrllflrflrfrrlrllrllfrfrllflrll"/>
        <trajectory sample="11" generation="11000"
                    bestEnergy="-25.0" averageEnergy="-15.2517" worstEnergy="-12.0"
                    bestConformation="Conformation 40.0 -40.0 Frlrrfllrrflrlrlfrllfffrrfffllfffflfrllfffrrflfrrfllffrrlrrllrrllrlrlrllflrflrfrrlrllrllfrfrllflrll"/>
        <trajectory sample="12" generation="12000"
                    bestEnergy="-25.0" averageEnergy="-15.5427" worstEnergy="-13.0"
                    bestConformation="Conformation 40.0 -40.0 Frlrrfllrrflrlrlfrllfffrrfffllfffflfrllfffrrflfrrfllffrrlrrllrrllrlrlrllflrflrfrrlrllrllfrfrllflrll"/>
        <trajectory sample="13" generation="13000"
                    bestEnergy="-25.0" averageEnergy="-15.8143" worstEnergy="-13.0"
                    bestConformation="Conformation 40.0 -40.0 Frlrrfllrrflrlrlfrllfffrrfffllfffflfrllfffrrflfrrfllffrrlrrllrrllrlrlrllflrflrfrrlrllrllfrfrllflrll"/>
        <trajectory sample="14" generation="14000"
                    bestEnergy="-25.0" averageEnergy="-16.1212" worstEnergy="-13.0"
                    bestConformation="Conformation 40.0 -40.0 Frlrrfllrrflrlrlfrllfffrrfffllfffflfrllfffrrflfrrfllffrrlrrllrrllrlrlrllflrflrfrrlrllrllfrfrllflrll"/>
        <trajectory sample="15" generation="15000"
                    bestEnergy="-25.0" averageEnergy="-16.3672" worstEnergy="-14.0"
                    bestConformation="Conformation 40.0 -40.0 Frlrrfllrrflrlrlfrllfffrrfffllfffflfrllfffrrflfrrfllffrrlrrllrrllrlrlrllflrflrfrrlrllrllfrfrllflrll"/>
        <trajectory sample="16" generation="16000"
                    bestEnergy="-25.0" averageEnergy="-16.6243" worstEnergy="-13.0"
                    bestConformation="Conformation 40.0 -40.0 Frlrrfllrrflrlrlfrllfffrrfffllfffflfrllfffrrflfrrfllffrrlrrllrrllrlrlrllflrflrfrrlrllrllfrfrllflrll"/>
        <trajectory sample="17" generation="17000"
                    bestEnergy="-25.0" averageEnergy="-16.8958" worstEnergy="-14.0"
                    bestConformation="Conformation 40.0 -40.0 Frlrrfllrrflrlrlfrllfffrrfffllfffflfrllfffrrflfrrfllffrrlrrllrrllrlrlrllflrflrfrrlrllrllfrfrllflrll"/>
        <trajectory sample="18" generation="18000"
                    bestEnergy="-25.0" averageEnergy="-17.1424" worstEnergy="-12.0"
                    bestConformation="Conformation 40.0 -40.0 Frlrrfllrrflrlrlfrllfffrrfffllfffflfrllfffrrflfrrfllffrrlrrllrrllrlrlrllflrflrfrrlrllrllfrfrllflrll"/>
        <trajectory sample="19" generation="19000"
                    bestEnergy="-25.0" averageEnergy="-17.3636" worstEnergy="-15.0"
                    bestConformation="Conformation 40.0 -40.0 Frlrrfllrrflrlrlfrllfffrrfffllfffflfrllfffrrflfrrfllffrrlrrllrrllrlrlrllflrflrfrrlrllrllfrfrllflrll"/>
        <trajectory sample="20" generation="20000"
                    bestEnergy="-26.0" averageEnergy="-17.6131" worstEnergy="-15.0"
                    bestConformation="Conformation 40.0 -40.0 Frlrrfllrrflfrflfrllfffrrfflfllrfflfrllfffrrflfrrfllffrrlrrllrrlflfrlrllrlffflfllrfrrlrffrlrrlfrlrr"/>
        <trajectory sample="21" generation="21000"
                    bestEnergy="-26.0" averageEnergy="-17.8685" worstEnergy="-16.0"
                    bestConformation="Conformation 40.0 -40.0 Frlrrfllrrflfrflfrllfffrrfflfllrfflfrllfffrrflfrrfllffrrlrrllrrlflfrlrllrlffflfllrfrrlrffrlrrlfrlrr"/>
        <trajectory sample="22" generation="22000"
                    bestEnergy="-26.0" averageEnergy="-18.0672" worstEnergy="-16.0"
                    bestConformation="Conformation 40.0 -40.0 Frlrrfllrrflfrflfrllfffrrfflfllrfflfrllfffrrflfrrfllffrrlrrllrrlflfrlrllrlffflfllrfrrlrffrlrrlfrlrr"/>
        <trajectory sample="23" generation="23000"
                    bestEnergy="-26.0" averageEnergy="-18.2712" worstEnergy="-16.0"
                    bestConformation="Conformation 40.0 -40.0 Frlrrfllrrflfrflfrllfffrrfflfllrfflfrllfffrrflfrrfllffrrlrrllrrlflfrlrllrlffflfllrfrrlrffrlrrlfrlrr"/>
        <trajectory sample="24" generation="24000"
                    bestEnergy="-26.0" averageEnergy="-18.4935" worstEnergy="-16.0"
                    bestConformation="Conformation 40.0 -40.0 Frlrrfllrrflfrflfrllfffrrfflfllrfflfrllfffrrflfrrfllffrrlrrllrrlflfrlrllrlffflfllrfrrlrffrlrrlfrlrr"/>
        <trajectory sample="25" generation="25000"
                    bestEnergy="-26.0" averageEnergy="-18.742" worstEnergy="-16.0"
                    bestConformation="Conformation 40.0 -40.0 Frlrrfllrrflfrflfrllfffrrfflfllrfflfrllfffrrflfrrfllffrrlrrllrrlflfrlrllrlffflfllrfrrlrffrlrrlfrlrr"/>
        <trajectory sample="26" generation="26000"
                    bestEnergy="-26.0" averageEnergy="-18.9316" worstEnergy="-17.0"
                    bestConformation="Conformation 40.0 -40.0 Frlrrfllrrflfrflfrllfffrrfflfllrfflfrllfffrrflfrrfllffrrlrrllrrlflfrlrllrlffflfllrfrrlrffrlrrlfrlrr"/>
        <trajectory sample="27" generation="27000"
                    bestEnergy="-26.0" averageEnergy="-19.1296" worstEnergy="-17.0"
                    bestConformation="Conformation 40.0 -40.0 Frlrrfllrrflfrflfrllfffrrfflfllrfflfrllfffrrflfrrfllffrrlrrllrrlflfrlrllrlffflfllrfrrlrffrlrrlfrlrr"/>
        <trajectory sample="28" generation="28000"
                    bestEnergy="-26.0" averageEnergy="-19.3376" worstEnergy="-17.0"
                    bestConformation="Conformation 40.0 -40.0 Frlrrfllrrflfrflfrllfffrrfflfllrfflfrllfffrrflfrrfllffrrlrrllrrlflfrlrllrlffflfllrfrrlrffrlrrlfrlrr"/>
        <trajectory sample="29" generation="29000"
                    bestEnergy="-26.0" averageEnergy="-19.5646" worstEnergy="-17.0"
                    bestConformation="Conformation 40.0 -40.0 Frlrrfllrrflfrflfrllfffrrfflfllrfflfrllfffrrflfrrfllffrrlrrllrrlflfrlrllrlffflfllrfrrlrffrlrrlfrlrr"/>
        <trajectory sample="30" generation="30000"
                    bestEnergy="-26.0" averageEnergy="-19.7509" worstEnergy="-16.0"
                    bestConformation="Conformation 40.0 -40.0 Frlrrfllrrflfrflfrllfffrrfflfllrfflfrllfffrrflfrrfllffrrlrrllrrlflfrlrllrlffflfllrfrrlrffrlrrlfrlrr"/>
        <trajectory sample="31" generation="31000"
                    bestEnergy="-28.0" averageEnergy="-19.9272" worstEnergy="-18.0"
                    bestConformation="Conformation 40.0 -40.0 Frlrrfllrrflfrflfrllfffrrfffllfffflfrllfffrrflfrrfllffrrlrrllrrlflrlffflrllrflfllrfrrlrffrlrrlfrlrr"/>
        <trajectory sample="32" generation="32000"
                    bestEnergy="-28.0" averageEnergy="-20.1012" worstEnergy="-18.0"
                    bestConformation="Conformation 40.0 -40.0 Frlrrfllrrflfrflfrllfffrrfffllfffflfrllfffrrflfrrfllffrrlrrllrrlflrlffflrllrflfllrfrrlrffrlrrlfrlrr"/>
        <trajectory sample="33" generation="33000"
                    bestEnergy="-28.0" averageEnergy="-20.3058" worstEnergy="-18.0"
                    bestConformation="Conformation 40.0 -40.0 Frlrrfllrrflfrflfrllfffrrfffllfffflfrllfffrrflfrrfllffrrlrrllrrlflrlffflrllrflfllrfrrlrffrlrrlfrlrr"/>
        <trajectory sample="34" generation="34000"
                    bestEnergy="-28.0" averageEnergy="-20.5069" worstEnergy="-19.0"
                    bestConformation="Conformation 40.0 -40.0 Frlrrfllrrflfrflfrllfffrrfffllfffflfrllfffrrflfrrfllffrrlrrllrrlflrlffflrllrflfllrfrrlrffrlrrlfrlrr"/>
        <trajectory sample="35" generation="35000"
                    bestEnergy="-28.0" averageEnergy="-20.6427" worstEnergy="-12.0"
                    bestConformation="Conformation 40.0 -40.0 Frlrrfllrrflfrflfrllfffrrfffllfffflfrllfffrrflfrrfllffrrlrrllrrlflrlffflrllrflfllrfrrlrffrlrrlfrlrr"/>
        <trajectory sample="36" generation="36000"
                    bestEnergy="-28.0" averageEnergy="-20.8025" worstEnergy="-19.0"
                    bestConformation="Conformation 40.0 -40.0 Frlrrfllrrflfrflfrllfffrrfffllfffflfrllfffrrflfrrfllffrrlrrllrrlflrlffflrllrflfllrfrrlrffrlrrlfrlrr"/>
        <trajectory sample="37" generation="37000"
                    bestEnergy="-28.0" averageEnergy="-20.9628" worstEnergy="-19.0"
                    bestConformation="Conformation 40.0 -40.0 Frlrrfllrrflfrflfrllfffrrfffllfffflfrllfffrrflfrrfllffrrlrrllrrlflrlffflrllrflfllrfrrlrffrlrrlfrlrr"/>
        <trajectory sample="38" generation="38000"
                    bestEnergy="-28.0" averageEnergy="-21.1356" worstEnergy="-19.0"
                    bestConformation="Conformation 40.0 -40.0 Frlrrfllrrflfrflfrllfffrrfffllfffflfrllfffrrflfrrfllffrrlrrllrrlflrlffflrllrflfllrfrrlrffrlrrlfrlrr"/>
        <trajectory sample="39" generation="39000"
                    bestEnergy="-29.0" averageEnergy="-21.3264" worstEnergy="-12.0"
                    bestConformation="Conformation 40.0 -40.0 Frlrrfllrrflfrflfrllfffrrfffllfffflfrllfffrrflfrrfllffrrlrrllrrllrlrlfflrllrflfllrfrrlrffrlrrlfrlrr"/>
        <trajectory sample="40" generation="40000"
                    bestEnergy="-29.0" averageEnergy="-21.4501" worstEnergy="-20.0"
                    bestConformation="Conformation 40.0 -40.0 Frlrrfllrrflfrflfrllfffrrfffllfffflfrllfffrrflfrrfllffrrlrrllrrllrlrlfflrllrflfllrfrrlrffrlrrlfrlrr"/>
        <trajectory sample="41" generation="41000"
                    bestEnergy="-29.0" averageEnergy="-21.588" worstEnergy="-20.0"
                    bestConformation="Conformation 40.0 -40.0 Frlrrfllrrflfrflfrllfffrrfffllfffflfrllfffrrflfrrfllffrrlrrllrrllrlrlfflrllrflfllrfrrlrffrlrrlfrlrr"/>
        <trajectory sample="42" generation="42000"
                    bestEnergy="-29.0" averageEnergy="-21.7317" worstEnergy="-18.0"
                    bestConformation="Conformation 40.0 -40.0 Frlrrfllrrflfrflfrllfffrrfffllfffflfrllfffrrflfrrfllffrrlrrllrrllrlrlfflrllrflfllrfrrlrffrlrrlfrlrr"/>
        <trajectory sample="43" generation="43000"
                    bestEnergy="-29.0" averageEnergy="-21.8805" worstEnergy="-20.0"
                    bestConformation="Conformation 40.0 -40.0 Frlrrfllrrflfrflfrllfffrrfffllfffflfrllfffrrflfrrfllffrrlrrllrrllrlrlfflrllrflfllrfrrlrffrlrrlfrlrr"/>
        <trajectory sample="44" generation="44000"
                    bestEnergy="-30.0" averageEnergy="-22.0456" worstEnergy="-16.0"
                    bestConformation="Conformation 40.0 -40.0 Frlrrfllrrflfrflfrllfffrrfffllfffflfrllfffrrflfrrfllffrrlrrllrrllrlrlfflrllrflfllrfrrlrffrlrrlfrlrr"/>
        <trajectory sample="45" generation="45000"
                    bestEnergy="-30.0" averageEnergy="-22.2017" worstEnergy="-21.0"
                    bestConformation="Conformation 40.0 -40.0 Frlrrfllrrflfrflfrllfffrrfffllfffflfrllfffrrflfrrfllffrrlrrllrrllrlrlfflrllrflfllrfrrlrffrlrrlfrlrr"/>
        <trajectory sample="46" generation="46000"
                    bestEnergy="-30.0" averageEnergy="-22.3099" worstEnergy="-21.0"
                    bestConformation="Conformation 40.0 -40.0 Frlrrfllrrflfrflfrllfffrrfffllfffflfrllfffrrflfrrfllffrrlrrllrrllrlrlfflrllrflfllrfrrlrffrlrrlfrlrr"/>
        <trajectory sample="47" generation="47000"
                    bestEnergy="-30.0" averageEnergy="-22.4285" worstEnergy="-19.0"
                    bestConformation="Conformation 40.0 -40.0 Frlrrfllrrflfrflfrllfffrrfffllfffflfrllfffrrflfrrfllffrrlrrllrrllrlrlfflrllrflfllrfrrlrffrlrrlfrlrr"/>
        <trajectory sample="48" generation="48000"
                    bestEnergy="-30.0" averageEnergy="-22.5561" worstEnergy="-21.0"
                    bestConformation="Conformation 40.0 -40.0 Frlrrfllrrflfrflfrllfffrrfffllfffflfrllfffrrflfrrfllffrrlrrllrrllrlrlfflrllrflfllrfrrlrffrlrrlfrlrr"/>
        <trajectory sample="49" generation="49000"
                    bestEnergy="-30.0" averageEnergy="-22.7001" worstEnergy="-21.0"
                    bestConformation="Conformation 40.0 -40.0 Frlrrfllrrflfrflfrllfffrrfffllfffflfrllfffrrflfrrfllffrrlrrllrrllrlrlfflrllrflfllrfrrlrffrlrrlfrlrr"/>
        <trajectory sample="50" generation="50000"
                    bestEnergy="-30.0" averageEnergy="-22.8471" worstEnergy="-21.0"
                    bestConformation="Conformation 40.0 -40.0 Frlrrfllrrflfrflfrllfffrrfffllfffflfrllfffrrflfrrfllffrrlrrllrrllrlrlfflrllrflfllrfrrlrffrlrrlfrlrr"/>
        <trajectory sample="51" generation="51000"
                    bestEnergy="-30.0" averageEnergy="-22.9978" worstEnergy="-21.0"
                    bestConformation="Conformation 40.0 -40.0 Frlrrfllrrflfrflfrllfffrrfffllfffflfrllfffrrflfrrfllffrrlrrllrrllrlrlfflrllrflfllrfrrlrffrlrrlfrlrr"/>
        <trajectory sample="52" generation="52000"
                    bestEnergy="-30.0" averageEnergy="-23.1269" worstEnergy="-17.0"
                    bestConformation="Conformation 40.0 -40.0 Frlrrfllrrflfrflfrllfffrrfffllfffflfrllfffrrflfrrfllffrrlrrllrrllrlrlfflrllrflfllrfrrlrffrlrrlfrlrr"/>
        <trajectory sample="53" generation="53000"
                    bestEnergy="-30.0" averageEnergy="-23.2274" worstEnergy="-18.0"
                    bestConformation="Conformation 40.0 -40.0 Frlrrfllrrflfrflfrllfffrrfffllfffflfrllfffrrflfrrfllffrrlrrllrrllrlrlfflrllrflfllrfrrlrffrlrrlfrlrr"/>
        <trajectory sample="54" generation="54000"
                    bestEnergy="-30.0" averageEnergy="-23.3392" worstEnergy="-22.0"
                    bestConformation="Conformation 40.0 -40.0 Frlrrfllrrflfrflfrllfffrrfffllfffflfrllfffrrflfrrfllffrrlrrllrrllrlrlfflrllrflfllrfrrlrffrlrrlfrlrr"/>
        <trajectory sample="55" generation="55000"
                    bestEnergy="-30.0" averageEnergy="-23.4657" worstEnergy="-22.0"
                    bestConformation="Conformation 40.0 -40.0 Frlrrfllrrflfrflfrllfffrrfffllfffflfrllfffrrflfrrfllffrrlrrllrrllrlrlfflrllrflfllrfrrlrffrlrrlfrlrr"/>
        <trajectory sample="56" generation="56000"
                    bestEnergy="-30.0" averageEnergy="-23.5895" worstEnergy="-22.0"
                    bestConformation="Conformation 40.0 -40.0 Frlrrfllrrflfrflfrllfffrrfffllfffflfrllfffrrflfrrfllffrrlrrllrrllrlrlfflrllrflfllrfrrlrffrlrrlfrlrr"/>
        <trajectory sample="57" generation="57000"
                    bestEnergy="-30.0" averageEnergy="-23.7135" worstEnergy="-21.0"
                    bestConformation="Conformation 40.0 -40.0 Frlrrfllrrflfrflfrllfffrrfffllfffflfrllfffrrflfrrfllffrrlrrllrrllrlrlfflrllrflfllrfrrlrffrlrrlfrlrr"/>
        <trajectory sample="58" generation="58000"
                    bestEnergy="-32.0" averageEnergy="-23.8525" worstEnergy="-22.0"
                    bestConformation="Conformation 40.0 -40.0 Frlrrfllrrflfrflfrllfffrrfffllfffflfrllfffrrflfrrfllffrrlrrllrrllrflffflrllrflfllrfrrlrfffrrlffrlrr"/>
        <trajectory sample="59" generation="59000"
                    bestEnergy="-32.0" averageEnergy="-23.97" worstEnergy="-23.0"
                    bestConformation="Conformation 40.0 -40.0 Frlrrfllrrflfrflfrllfffrrfffllfffflfrllfffrrflfrrfllffrrlrrllrrllrflffflrllrflfllrfrrlrfffrrlffrlrr"/>
        <trajectory sample="60" generation="60000"
                    bestEnergy="-32.0" averageEnergy="-24.0647" worstEnergy="-23.0"
                    bestConformation="Conformation 40.0 -40.0 Frlrrfllrrflfrflfrllfffrrfffllfffflfrllfffrrflfrrfllffrrlrrllrrllrflffflrllrflfllrfrrlrfffrrlffrlrr"/>
        <trajectory sample="61" generation="61000"
                    bestEnergy="-32.0" averageEnergy="-24.1619" worstEnergy="-23.0"
                    bestConformation="Conformation 40.0 -40.0 Frlrrfllrrflfrflfrllfffrrfffllfffflfrllfffrrflfrrfllffrrlrrllrrllrflffflrllrflfllrfrrlrfffrrlffrlrr"/>
        <trajectory sample="62" generation="62000"
                    bestEnergy="-32.0" averageEnergy="-24.2717" worstEnergy="-23.0"
                    bestConformation="Conformation 40.0 -40.0 Frlrrfllrrflfrflfrllfffrrfffllfffflfrllfffrrflfrrfllffrrlrrllrrllrflffflrllrflfllrfrrlrfffrrlffrlrr"/>
        <trajectory sample="63" generation="63000"
                    bestEnergy="-32.0" averageEnergy="-24.3889" worstEnergy="-23.0"
                    bestConformation="Conformation 40.0 -40.0 Frlrrfllrrflfrflfrllfffrrfffllfffflfrllfffrrflfrrfllffrrlrrllrrllrflffflrllrflfllrfrrlrfffrrlffrlrr"/>
        <trajectory sample="64" generation="64000"
                    bestEnergy="-32.0" averageEnergy="-24.5123" worstEnergy="-23.0"
                    bestConformation="Conformation 40.0 -40.0 Frlrrfllrrflfrflfrllfffrrfffllfffflfrllfffrrflfrrfllffrrlrrllrrllrflffflrllrflfllrfrrlrfffrrlffrlrr"/>
        <trajectory sample="65" generation="65000"
                    bestEnergy="-33.0" averageEnergy="-24.6378" worstEnergy="-23.0"
                    bestConformation="Conformation 40.0 -40.0 Frlrrfllrrflfrflfrllfffrrfffllfffflfrllfffrrflfrrfllffrrlrrllrrlflfrlfflrllrflfllrfrrlrffrlrrlfrlrr"/>
        <trajectory sample="66" generation="66000"
                    bestEnergy="-33.0" averageEnergy="-24.7694" worstEnergy="-23.0"
                    bestConformation="Conformation 40.0 -40.0 Frlrrfllrrflfrflfrllfffrrfffllfffflfrllfffrrflfrrfllffrrlrrllrrlflfrlfflrllrflfllrfrrlrffrlrrlfrlrr"/>
        <trajectory sample="67" generation="67000"
                    bestEnergy="-33.0" averageEnergy="-24.8827" worstEnergy="-20.0"
                    bestConformation="Conformation 40.0 -40.0 Frlrrfllrrflfrflfrllfffrrfffllfffflfrllfffrrflfrrfllffrrlrrllrrlflfrlfflrllrflfllrfrrlrffrlrrlfrlrr"/>
        <trajectory sample="68" generation="68000"
                    bestEnergy="-33.0" averageEnergy="-24.9743" worstEnergy="-22.0"
                    bestConformation="Conformation 40.0 -40.0 Frlrrfllrrflfrflfrllfffrrfffllfffflfrllfffrrflfrrfllffrrlrrllrrlflfrlfflrllrflfllrfrrlrffrlrrlfrlrr"/>
        <trajectory sample="69" generation="69000"
                    bestEnergy="-33.0" averageEnergy="-25.0713" worstEnergy="-24.0"
                    bestConformation="Conformation 40.0 -40.0 Frlrrfllrrflfrflfrllfffrrfffllfffflfrllfffrrflfrrfllffrrlrrllrrlflfrlfflrllrflfllrfrrlrffrlrrlfrlrr"/>
        <trajectory sample="70" generation="70000"
                    bestEnergy="-33.0" averageEnergy="-25.1735" worstEnergy="-24.0"
                    bestConformation="Conformation 40.0 -40.0 Frlrrfllrrflfrflfrllfffrrfffllfffflfrllfffrrflfrrfllffrrlrrllrrlflfrlfflrllrflfllrfrrlrffrlrrlfrlrr"/>
        <trajectory sample="71" generation="71000"
                    bestEnergy="-33.0" averageEnergy="-25.2854" worstEnergy="-24.0"
                    bestConformation="Conformation 40.0 -40.0 Frlrrfllrrflfrflfrllfffrrfffllfffflfrllfffrrflfrrfllffrrlrrllrrlflfrlfflrllrflfllrfrrlrffrlrrlfrlrr"/>
        <trajectory sample="72" generation="72000"
                    bestEnergy="-34.0" averageEnergy="-25.4063" worstEnergy="-24.0"
                    bestConformation="Conformation 40.0 -40.0 Frlrrfllrrflfrflfrllfffrrfffllfffflfrllfffrrflfrrfllffrrlrrllrrllrlrlfflrllrflfllrfrrlrffrlrfrlrlrr"/>
        <trajectory sample="73" generation="73000"
                    bestEnergy="-34.0" averageEnergy="-25.5319" worstEnergy="-22.0"
                    bestConformation="Conformation 40.0 -40.0 Frlrrfllrrflfrflfrllfffrrfffllfffflfrllfffrrflfrrfllffrrlrrllrrllrlrlfflrllrflfllrfrrlrffrlrfrlrlrr"/>
        <trajectory sample="74" generation="74000"
                    bestEnergy="-34.0" averageEnergy="-25.6653" worstEnergy="-24.0"
                    bestConformation="Conformation 40.0 -40.0 Frlrrfllrrflfrflfrllfffrrfffllfffflfrllfffrrflfrrfllffrrlrrllrrllrlrlfflrllrflfllrfrrlrffrlrfrlrlrr"/>
        <trajectory sample="75" generation="75000"
                    bestEnergy="-34.0" averageEnergy="-25.8104" worstEnergy="-23.0"
                    bestConformation="Conformation 40.0 -40.0 Frlrrfllrrflfrflfrllfffrrfffllfffflfrllfffrrflfrrfllffrrlrrllrrllrlrlfflrllrflfllrfrrlrffrlrfrlrlrr"/>
        <trajectory sample="76" generation="76000"
                    bestEnergy="-34.0" averageEnergy="-25.9482" worstEnergy="-24.0"
                    bestConformation="Conformation 40.0 -40.0 Frlrrfllrrflfrflfrllfffrrfffllfffflfrllfffrrflfrrfllffrrlrrllrrllrlrlfflrllrflfllrfrrlrffrlrfrlrlrr"/>
        <trajectory sample="77" generation="77000"
                    bestEnergy="-34.0" averageEnergy="-26.0552" worstEnergy="-22.0"
                    bestConformation="Conformation 40.0 -40.0 Frlrrfllrrflfrflfrllfffrrfffllfffflfrllfffrrflfrrfllffrrlrrllrrllrlrlfflrllrflfllrfrrlrffrlrfrlrlrr"/>
        <trajectory sample="78" generation="78000"
                    bestEnergy="-34.0" averageEnergy="-26.1628" worstEnergy="-25.0"
                    bestConformation="Conformation 40.0 -40.0 Frlrrfllrrflfrflfrllfffrrfffllfffflfrllfffrrflfrrfllffrrlrrllrrllrlrlfflrllrflfllrfrrlrffrlrfrlrlrr"/>
        <trajectory sample="79" generation="79000"
                    bestEnergy="-34.0" averageEnergy="-26.2759" worstEnergy="-25.0"
                    bestConformation="Conformation 40.0 -40.0 Frlrrfllrrflfrflfrllfffrrfffllfffflfrllfffrrflfrrfllffrrlrrllrrllrlrlfflrllrflfllrfrrlrffrlrfrlrlrr"/>
        <trajectory sample="80" generation="80000"
                    bestEnergy="-34.0" averageEnergy="-26.385" worstEnergy="-25.0"
                    bestConformation="Conformation 40.0 -40.0 Frlrrfllrrflfrflfrllfffrrfffllfffflfrllfffrrflfrrfllffrrlrrllrrllrlrlfflrllrflfllrfrrlrffrlrfrlrlrr"/>
        <trajectory sample="81" generation="81000"
                    bestEnergy="-34.0" averageEnergy="-26.5197" worstEnergy="-24.0"
                    bestConformation="Conformation 40.0 -40.0 Frlrrfllrrflfrflfrllfffrrfffllfffflfrllfffrrflfrrfllffrrlrrllrrllrlrlfflrllrflfllrfrrlrffrlrfrlrlrr"/>
        <trajectory sample="82" generation="82000"
                    bestEnergy="-34.0" averageEnergy="-26.6562" worstEnergy="-25.0"
                    bestConformation="Conformation 40.0 -40.0 Frlrrfllrrflfrflfrllfffrrfffllfffflfrllfffrrflfrrfllffrrlrrllrrllrlrlfflrllrflfllrfrrlrffrlrfrlrlrr"/>
        <trajectory sample="83" generation="83000"
                    bestEnergy="-34.0" averageEnergy="-26.8034" worstEnergy="-22.0"
                    bestConformation="Conformation 40.0 -40.0 Frlrrfllrrflfrflfrllfffrrfffllfffflfrllfffrrflfrrfllffrrlrrllrrllrlrlfflrllrflfllrfrrlrffrlrfrlrlrr"/>
        <trajectory sample="84" generation="84000"
                    bestEnergy="-34.0" averageEnergy="-26.9611" worstEnergy="-25.0"
                    bestConformation="Conformation 40.0 -40.0 Frlrrfllrrflfrflfrllfffrrfffllfffflfrllfffrrflfrrfllffrrlrrllrrllrlrlfflrllrflfllrfrrlrffrlrfrlrlrr"/>
        <trajectory sample="85" generation="85000"
                    bestEnergy="-35.0" averageEnergy="-27.0893" worstEnergy="-24.0"
                    bestConformation="Conformation 40.0 -40.0 Frlrrfllrrflfrflfrllfffrrfffllfffflfrllfffrrflfrrfllffrrlrrllrrlflfrlfflrllrflfllrfrrlrffrlrrlfrlrr"/>
        <trajectory sample="86" generation="86000"
                    bestEnergy="-35.0" averageEnergy="-27.1917" worstEnergy="-26.0"
                    bestConformation="Conformation 40.0 -40.0 Frlrrfllrrflfrflfrllfffrrfffllfffflfrllfffrrflfrrfllffrrlrrllrrlflfrlfflrllrflfllrfrrlrffrlrrlfrlrr"/>
        <trajectory sample="87" generation="87000"
                    bestEnergy="-35.0" averageEnergy="-27.3089" worstEnergy="-26.0"
                    bestConformation="Conformation 40.0 -40.0 Frlrrfllrrflfrflfrllfffrrfffllfffflfrllfffrrflfrrfllffrrlrrllrrlflfrlfflrllrflfllrfrrlrffrlrrlfrlrr"/>
        <trajectory sample="88" generation="88000"
                    bestEnergy="-35.0" averageEnergy="-27.4356" worstEnergy="-26.0"
                    bestConformation="Conformation 40.0 -40.0 Frlrrfllrrflfrflfrllfffrrfffllfffflfrllfffrrflfrrfllffrrlrrllrrlflfrlfflrllrflfllrfrrlrffrlrrlfrlrr"/>
        <trajectory sample="89" generation="89000"
                    bestEnergy="-35.0" averageEnergy="-27.5614" worstEnergy="-26.0"
                    bestConformation="Conformation 40.0 -40.0 Frlrrfllrrflfrflfrllfffrrfffllfffflfrllfffrrflfrrfllffrrlrrllrrlflfrlfflrllrflfllrfrrlrffrlrrlfrlrr"/>
        <trajectory sample="90" generation="90000"
                    bestEnergy="-35.0" averageEnergy="-27.7031" worstEnergy="-24.0"
                    bestConformation="Conformation 40.0 -40.0 Frlrrfllrrflfrflfrllfffrrfffllfffflfrllfffrrflfrrfllffrrlrrllrrlflfrlfflrllrflfllrfrrlrffrlrrlfrlrr"/>
        <trajectory sample="91" generation="91000"
                    bestEnergy="-35.0" averageEnergy="-27.8511" worstEnergy="-26.0"
                    bestConformation="Conformation 40.0 -40.0 Frlrrfllrrflfrflfrllfffrrfffllfffflfrllfffrrflfrrfllffrrlrrllrrlflfrlfflrllrflfllrfrrlrffrlrrlfrlrr"/>
        <trajectory sample="92" generation="92000"
                    bestEnergy="-35.0" averageEnergy="-28.0149" worstEnergy="-26.0"
                    bestConformation="Conformation 40.0 -40.0 Frlrrfllrrflfrflfrllfffrrfffllfffflfrllfffrrflfrrfllffrrlrrllrrlflfrlfflrllrflfllrfrrlrffrlrrlfrlrr"/>
        <trajectory sample="93" generation="93000"
                    bestEnergy="-35.0" averageEnergy="-28.1295" worstEnergy="-21.0"
                    bestConformation="Conformation 40.0 -40.0 Frlrrfllrrflfrflfrllfffrrfffllfffflfrllfffrrflfrrfllffrrlrrllrrlflfrlfflrllrflfllrfrrlrffrlrrlfrlrr"/>
        <trajectory sample="94" generation="94000"
                    bestEnergy="-35.0" averageEnergy="-28.2344" worstEnergy="-27.0"
                    bestConformation="Conformation 40.0 -40.0 Frlrrfllrrflfrflfrllfffrrfffllfffflfrllfffrrflfrrfllffrrlrrllrrlflfrlfflrllrflfllrfrrlrffrlrrlfrlrr"/>
        <trajectory sample="95" generation="95000"
                    bestEnergy="-35.0" averageEnergy="-28.3552" worstEnergy="-26.0"
                    bestConformation="Conformation 40.0 -40.0 Frlrrfllrrflfrflfrllfffrrfffllfffflfrllfffrrflfrrfllffrrlrrllrrlflfrlfflrllrflfllrfrrlrffrlrrlfrlrr"/>
        <trajectory sample="96" generation="96000"
                    bestEnergy="-35.0" averageEnergy="-28.4867" worstEnergy="-26.0"
                    bestConformation="Conformation 40.0 -40.0 Frlrrfllrrflfrflfrllfffrrfffllfffflfrllfffrrflfrrfllffrrlrrllrrlflfrlfflrllrflfllrfrrlrffrlrrlfrlrr"/>
        <trajectory sample="97" generation="97000"
                    bestEnergy="-35.0" averageEnergy="-28.6159" worstEnergy="-25.0"
                    bestConformation="Conformation 40.0 -40.0 Frlrrfllrrflfrflfrllfffrrfffllfffflfrllfffrrflfrrfllffrrlrrllrrlflfrlfflrllrflfllrfrrlrffrlrrlfrlrr"/>
        <trajectory sample="98" generation="98000"
                    bestEnergy="-35.0" averageEnergy="-28.7463" worstEnergy="-23.0"
                    bestConformation="Conformation 40.0 -40.0 Frlrrfllrrflfrflfrllfffrrfffllfffflfrllfffrrflfrrfllffrrlrrllrrlflfrlfflrllrflfllrfrrlrffrlrrlfrlrr"/>
        <trajectory sample="99" generation="99000"
                    bestEnergy="-36.0" averageEnergy="-28.8986" worstEnergy="-27.0"
                    bestConformation="Conformation 40.0 -40.0 Frlrrfllrrflfrflfrllfffrrfffllfffflfrllfffrrflfrrfllffrrlrrllrrlflrlffflrllrflfllrfrrlrfffrrlffrlrr"/>
        <trajectory sample="100" generation="100000"
                    bestEnergy="-36.0" averageEnergy="-29.059" worstEnergy="-26.0"
                    bestConformation="Conformation 40.0 -40.0 Frlrrfllrrflfrflfrllfffrrfffllfffflfrllfffrrflfrrfllffrrlrrllrrlflrlffflrllrflfllrfrrlrfffrrlffrlrr"/>
        <trajectory sample="101" generation="101000"
                    bestEnergy="-36.0" averageEnergy="-29.163" worstEnergy="-28.0"
                    bestConformation="Conformation 40.0 -40.0 Frlrrfllrrflfrflfrllfffrrfffllfffflfrllfffrrflfrrfllffrrlrrllrrlflrlffflrllrflfllrfrrlrfffrrlffrlrr"/>
        <trajectory sample="102" generation="102000"
                    bestEnergy="-36.0" averageEnergy="-29.2762" worstEnergy="-23.0"
                    bestConformation="Conformation 40.0 -40.0 Frlrrfllrrflfrflfrllfffrrfffllfffflfrllfffrrflfrrfllffrrlrrllrrlflrlffflrllrflfllrfrrlrfffrrlffrlrr"/>
        <trajectory sample="103" generation="103000"
                    bestEnergy="-36.0" averageEnergy="-29.3959" worstEnergy="-28.0"
                    bestConformation="Conformation 40.0 -40.0 Frlrrfllrrflfrflfrllfffrrfffllfffflfrllfffrrflfrrfllffrrlrrllrrlflrlffflrllrflfllrfrrlrfffrrlffrlrr"/>
        <trajectory sample="104" generation="104000"
                    bestEnergy="-36.0" averageEnergy="-29.5283" worstEnergy="-23.0"
                    bestConformation="Conformation 40.0 -40.0 Frlrrfllrrflfrflfrllfffrrfffllfffflfrllfffrrflfrrfllffrrlrrllrrlflrlffflrllrflfllrfrrlrfffrrlffrlrr"/>
        <trajectory sample="105" generation="105000"
                    bestEnergy="-36.0" averageEnergy="-29.6614" worstEnergy="-27.0"
                    bestConformation="Conformation 40.0 -40.0 Frlrrfllrrflfrflfrllfffrrfffllfffflfrllfffrrflfrrfllffrrlrrllrrlflrlffflrllrflfllrfrrlrfffrrlffrlrr"/>
        <trajectory sample="106" generation="106000"
                    bestEnergy="-36.0" averageEnergy="-29.8034" worstEnergy="-28.0"
                    bestConformation="Conformation 40.0 -40.0 Frlrrfllrrflfrflfrllfffrrfffllfffflfrllfffrrflfrrfllffrrlrrllrrlflrlffflrllrflfllrfrrlrfffrrlffrlrr"/>
        <trajectory sample="107" generation="107000"
                    bestEnergy="-36.0" averageEnergy="-29.9467" worstEnergy="-28.0"
                    bestConformation="Conformation 40.0 -40.0 Frlrrfllrrflfrflfrllfffrrfffllfffflfrllfffrrflfrrfllffrrlrrllrrlflrlffflrllrflfllrfrrlrfffrrlffrlrr"/>
        <trajectory sample="108" generation="108000"
                    bestEnergy="-36.0" averageEnergy="-30.0979" worstEnergy="-28.0"
                    bestConformation="Conformation 40.0 -40.0 Frlrrfllrrflfrflfrllfffrrfffllfffflfrllfffrrflfrrfllffrrlrrllrrlflrlffflrllrflfllrfrrlrfffrrlffrlrr"/>
        <trajectory sample="109" generation="109000"
                    bestEnergy="-36.0" averageEnergy="-30.1938" worstEnergy="-29.0"
                    bestConformation="Conformation 40.0 -40.0 Frlrrfllrrflfrflfrllfffrrfffllfffflfrllfffrrflfrrfllffrrlrrllrrlflrlffflrllrflfllrfrrlrfffrrlffrlrr"/>
        <trajectory sample="110" generation="110000"
                    bestEnergy="-36.0" averageEnergy="-30.3023" worstEnergy="-29.0"
                    bestConformation="Conformation 40.0 -40.0 Frlrrfllrrflfrflfrllfffrrfffllfffflfrllfffrrflfrrfllffrrlrrllrrlflrlffflrllrflfllrfrrlrfffrrlffrlrr"/>
        <trajectory sample="111" generation="111000"
                    bestEnergy="-36.0" averageEnergy="-30.4172" worstEnergy="-29.0"
                    bestConformation="Conformation 40.0 -40.0 Frlrrfllrrflfrflfrllfffrrfffllfffflfrllfffrrflfrrfllffrrlrrllrrlflrlffflrllrflfllrfrrlrfffrrlffrlrr"/>
        <trajectory sample="112" generation="112000"
                    bestEnergy="-36.0" averageEnergy="-30.534" worstEnergy="-24.0"
                    bestConformation="Conformation 40.0 -40.0 Frlrrfllrrflfrflfrllfffrrfffllfffflfrllfffrrflfrrfllffrrlrrllrrlflrlffflrllrflfllrfrrlrfffrrlffrlrr"/>
        <trajectory sample="113" generation="113000"
                    bestEnergy="-36.0" averageEnergy="-30.6622" worstEnergy="-29.0"
                    bestConformation="Conformation 40.0 -40.0 Frlrrfllrrflfrflfrllfffrrfffllfffflfrllfffrrflfrrfllffrrlrrllrrlflrlffflrllrflfllrfrrlrfffrrlffrlrr"/>
        <trajectory sample="114" generation="114000"
                    bestEnergy="-36.0" averageEnergy="-30.8012" worstEnergy="-29.0"
                    bestConformation="Conformation 40.0 -40.0 Frlrrfllrrflfrflfrllfffrrfffllfffflfrllfffrrflfrrfllffrrlrrllrrlflrlffflrllrflfllrfrrlrfffrrlffrlrr"/>
        <trajectory sample="115" generation="115000"
                    bestEnergy="-36.0" averageEnergy="-30.9447" worstEnergy="-25.0"
                    bestConformation="Conformation 40.0 -40.0 Frlrrfllrrflfrflfrllfffrrfffllfffflfrllfffrrflfrrfllffrrlrrllrrlflrlffflrllrflfllrfrrlrfffrrlffrlrr"/>
        <trajectory sample="116" generation="116000"
                    bestEnergy="-36.0" averageEnergy="-31.0538" worstEnergy="-30.0"
                    bestConformation="Conformation 40.0 -40.0 Frlrrfllrrflfrflfrllfffrrfffllfffflfrllfffrrflfrrfllffrrlrrllrrlflrlffflrllrflfllrfrrlrfffrrlffrlrr"/>
        <trajectory sample="117" generation="117000"
                    bestEnergy="-36.0" averageEnergy="-31.1486" worstEnergy="-21.0"
                    bestConformation="Conformation 40.0 -40.0 Frlrrfllrrflfrflfrllfffrrfffllfffflfrllfffrrflfrrfllffrrlrrllrrlflrlffflrllrflfllrfrrlrfffrrlffrlrr"/>
        <trajectory sample="118" generation="118000"
                    bestEnergy="-36.0" averageEnergy="-31.2514" worstEnergy="-30.0"
                    bestConformation="Conformation 40.0 -40.0 Frlrrfllrrflfrflfrllfffrrfffllfffflfrllfffrrflfrrfllffrrlrrllrrlflrlffflrllrflfllrfrrlrfffrrlffrlrr"/>
        <trajectory sample="119" generation="119000"
                    bestEnergy="-36.0" averageEnergy="-31.3583" worstEnergy="-30.0"
                    bestConformation="Conformation 40.0 -40.0 Frlrrfllrrflfrflfrllfffrrfffllfffflfrllfffrrflfrrfllffrrlrrllrrlflrlffflrllrflfllrfrrlrfffrrlffrlrr"/>
        <trajectory sample="120" generation="120000"
                    bestEnergy="-36.0" averageEnergy="-31.4722" worstEnergy="-27.0"
                    bestConformation="Conformation 40.0 -40.0 Frlrrfllrrflfrflfrllfffrrfffllfffflfrllfffrrflfrrfllffrrlrrllrrlflrlffflrllrflfllrfrrlrfffrrlffrlrr"/>
        <trajectory sample="121" generation="121000"
                    bestEnergy="-36.0" averageEnergy="-31.5991" worstEnergy="-26.0"
                    bestConformation="Conformation 40.0 -40.0 Frlrrfllrrflfrflfrllfffrrfffllfffflfrllfffrrflfrrfllffrrlrrllrrlflrlffflrllrflfllrfrrlrfffrrlffrlrr"/>
        <trajectory sample="122" generation="122000"
                    bestEnergy="-37.0" averageEnergy="-31.7186" worstEnergy="-30.0"
                    bestConformation="Conformation 40.0 -40.0 Frfrrlffrrflfrflfrllfffrrfflfllrfflfrllfffrrflfrrfllffrrlrrllrrlflrlffflrllrflfllrfrrlrffrlrrlfrlrr"/>
        <trajectory sample="123" generation="123000"
                    bestEnergy="-37.0" averageEnergy="-31.8482" worstEnergy="-30.0"
                    bestConformation="Conformation 40.0 -40.0 Frfrrlffrrflfrflfrllfffrrfflfllrfflfrllfffrrflfrrfllffrrlrrllrrlflrlffflrllrflfllrfrrlrffrlrrlfrlrr"/>
        <trajectory sample="124" generation="124000"
                    bestEnergy="-37.0" averageEnergy="-31.9779" worstEnergy="-30.0"
                    bestConformation="Conformation 40.0 -40.0 Frfrrlffrrflfrflfrllfffrrfflfllrfflfrllfffrrflfrrfllffrrlrrllrrlflrlffflrllrflfllrfrrlrffrlrrlfrlrr"/>
        <trajectory sample="125" generation="125000"
                    bestEnergy="-37.0" averageEnergy="-32.0658" worstEnergy="-29.0"
                    bestConformation="Conformation 40.0 -40.0 Frfrrlffrrflfrflfrllfffrrfflfllrfflfrllfffrrflfrrfllffrrlrrllrrlflrlffflrllrflfllrfrrlrffrlrrlfrlrr"/>
        <trajectory sample="126" generation="126000"
                    bestEnergy="-37.0" averageEnergy="-32.1502" worstEnergy="-30.0"
                    bestConformation="Conformation 40.0 -40.0 Frfrrlffrrflfrflfrllfffrrfflfllrfflfrllfffrrflfrrfllffrrlrrllrrlflrlffflrllrflfllrfrrlrffrlrrlfrlrr"/>
        <trajectory sample="127" generation="127000"
                    bestEnergy="-37.0" averageEnergy="-32.2401" worstEnergy="-30.0"
                    bestConformation="Conformation 40.0 -40.0 Frfrrlffrrflfrflfrllfffrrfflfllrfflfrllfffrrflfrrfllffrrlrrllrrlflrlffflrllrflfllrfrrlrffrlrrlfrlrr"/>
        <trajectory sample="128" generation="128000"
                    bestEnergy="-37.0" averageEnergy="-32.3446" worstEnergy="-31.0"
                    bestConformation="Conformation 40.0 -40.0 Frfrrlffrrflfrflfrllfffrrfflfllrfflfrllfffrrflfrrfllffrrlrrllrrlflrlffflrllrflfllrfrrlrffrlrrlfrlrr"/>
        <trajectory sample="129" generation="129000"
                    bestEnergy="-37.0" averageEnergy="-32.4435" worstEnergy="-31.0"
                    bestConformation="Conformation 40.0 -40.0 Frfrrlffrrflfrflfrllfffrrfflfllrfflfrllfffrrflfrrfllffrrlrrllrrlflrlffflrllrflfllrfrrlrffrlrrlfrlrr"/>
        <trajectory sample="130" generation="130000"
                    bestEnergy="-37.0" averageEnergy="-32.5411" worstEnergy="-31.0"
                    bestConformation="Conformation 40.0 -40.0 Frfrrlffrrflfrflfrllfffrrfflfllrfflfrllfffrrflfrrfllffrrlrrllrrlflrlffflrllrflfllrfrrlrffrlrrlfrlrr"/>
        <trajectory sample="131" generation="131000"
                    bestEnergy="-37.0" averageEnergy="-32.6554" worstEnergy="-31.0"
                    bestConformation="Conformation 40.0 -40.0 Frfrrlffrrflfrflfrllfffrrfflfllrfflfrllfffrrflfrrfllffrrlrrllrrlflrlffflrllrflfllrfrrlrffrlrrlfrlrr"/>
        <trajectory sample="132" generation="132000"
                    bestEnergy="-38.0" averageEnergy="-32.7349" worstEnergy="-29.0"
                    bestConformation="Conformation 40.0 -40.0 Frlrrfllrrflfrflfrllfffrrfffllfffflfrllfffrrflfrrfllffrrlrrllrrllrlrlfflrllrflfllrfrrlrfffrffrlrlrr"/>
        <trajectory sample="133" generation="133000"
                    bestEnergy="-38.0" averageEnergy="-32.804" worstEnergy="-30.0"
                    bestConformation="Conformation 40.0 -40.0 Frlrrfllrrflfrflfrllfffrrfffllfffflfrllfffrrflfrrfllffrrlrrllrrllrlrlfflrllrflfllrfrrlrfffrffrlrlrr"/>
        <trajectory sample="134" generation="134000"
                    bestEnergy="-38.0" averageEnergy="-32.8681" worstEnergy="-32.0"
                    bestConformation="Conformation 40.0 -40.0 Frlrrfllrrflfrflfrllfffrrfffllfffflfrllfffrrflfrrfllffrrlrrllrrllrlrlfflrllrflfllrfrrlrfffrffrlrlrr"/>
        <trajectory sample="135" generation="135000"
                    bestEnergy="-38.0" averageEnergy="-32.9396" worstEnergy="-29.0"
                    bestConformation="Conformation 40.0 -40.0 Frlrrfllrrflfrflfrllfffrrfffllfffflfrllfffrrflfrrfllffrrlrrllrrllrlrlfflrllrflfllrfrrlrfffrffrlrlrr"/>
        <trajectory sample="136" generation="136000"
                    bestEnergy="-38.0" averageEnergy="-33.0149" worstEnergy="-31.0"
                    bestConformation="Conformation 40.0 -40.0 Frlrrfllrrflfrflfrllfffrrfffllfffflfrllfffrrflfrrfllffrrlrrllrrllrlrlfflrllrflfllrfrrlrfffrffrlrlrr"/>
        <trajectory sample="137" generation="137000"
                    bestEnergy="-38.0" averageEnergy="-33.0906" worstEnergy="-32.0"
                    bestConformation="Conformation 40.0 -40.0 Frlrrfllrrflfrflfrllfffrrfffllfffflfrllfffrrflfrrfllffrrlrrllrrllrlrlfflrllrflfllrfrrlrfffrffrlrlrr"/>
        <trajectory sample="138" generation="138000"
                    bestEnergy="-38.0" averageEnergy="-33.1733" worstEnergy="-32.0"
                    bestConformation="Conformation 40.0 -40.0 Frlrrfllrrflfrflfrllfffrrfffllfffflfrllfffrrflfrrfllffrrlrrllrrllrlrlfflrllrflfllrfrrlrfffrffrlrlrr"/>
        <trajectory sample="139" generation="139000"
                    bestEnergy="-39.0" averageEnergy="-33.2639" worstEnergy="-32.0"
                    bestConformation="Conformation 40.0 -40.0 Frlrrfllrrflfrflfrllfffrrfffllfffflfrllfffrrflfrrfllffrrlrrllrrllrlrlfflrllrflfllrfrrlrffrlrfrlrlrr"/>
        <trajectory sample="140" generation="140000"
                    bestEnergy="-39.0" averageEnergy="-33.3522" worstEnergy="-31.0"
                    bestConformation="Conformation 40.0 -40.0 Frlrrfllrrflfrflfrllfffrrfffllfffflfrllfffrrflfrrfllffrrlrrllrrllrlrlfflrllrflfllrfrrlrffrlrfrlrlrr"/>
        <trajectory sample="141" generation="141000"
                    bestEnergy="-39.0" averageEnergy="-33.4484" worstEnergy="-30.0"
                    bestConformation="Conformation 40.0 -40.0 Frlrrfllrrflfrflfrllfffrrfffllfffflfrllfffrrflfrrfllffrrlrrllrrllrlrlfflrllrflfllrfrrlrffrlrfrlrlrr"/>
        <trajectory sample="142" generation="142000"
                    bestEnergy="-39.0" averageEnergy="-33.5486" worstEnergy="-32.0"
                    bestConformation="Conformation 40.0 -40.0 Frlrrfllrrflfrflfrllfffrrfffllfffflfrllfffrrflfrrfllffrrlrrllrrllrlrlfflrllrflfllrfrrlrffrlrfrlrlrr"/>
        <trajectory sample="143" generation="143000"
                    bestEnergy="-39.0" averageEnergy="-33.6405" worstEnergy="-28.0"
                    bestConformation="Conformation 40.0 -40.0 Frlrrfllrrflfrflfrllfffrrfffllfffflfrllfffrrflfrrfllffrrlrrllrrllrlrlfflrllrflfllrfrrlrffrlrfrlrlrr"/>
        <trajectory sample="144" generation="144000"
                    bestEnergy="-39.0" averageEnergy="-33.6957" worstEnergy="-33.0"
                    bestConformation="Conformation 40.0 -40.0 Frlrrfllrrflfrflfrllfffrrfffllfffflfrllfffrrflfrrfllffrrlrrllrrllrlrlfflrllrflfllrfrrlrffrlrfrlrlrr"/>
        <trajectory sample="145" generation="145000"
                    bestEnergy="-39.0" averageEnergy="-33.7496" worstEnergy="-31.0"
                    bestConformation="Conformation 40.0 -40.0 Frlrrfllrrflfrflfrllfffrrfffllfffflfrllfffrrflfrrfllffrrlrrllrrllrlrlfflrllrflfllrfrrlrffrlrfrlrlrr"/>
        <trajectory sample="146" generation="146000"
                    bestEnergy="-39.0" averageEnergy="-33.8089" worstEnergy="-26.0"
                    bestConformation="Conformation 40.0 -40.0 Frlrrfllrrflfrflfrllfffrrfffllfffflfrllfffrrflfrrfllffrrlrrllrrllrlrlfflrllrflfllrfrrlrffrlrfrlrlrr"/>
        <trajectory sample="147" generation="147000"
                    bestEnergy="-39.0" averageEnergy="-33.8686" worstEnergy="-33.0"
                    bestConformation="Conformation 40.0 -40.0 Frlrrfllrrflfrflfrllfffrrfffllfffflfrllfffrrflfrrfllffrrlrrllrrllrlrlfflrllrflfllrfrrlrffrlrfrlrlrr"/>
        <trajectory sample="148" generation="148000"
                    bestEnergy="-39.0" averageEnergy="-33.9341" worstEnergy="-32.0"
                    bestConformation="Conformation 40.0 -40.0 Frlrrfllrrflfrflfrllfffrrfffllfffflfrllfffrrflfrrfllffrrlrrllrrllrlrlfflrllrflfllrfrrlrffrlrfrlrlrr"/>
        <trajectory sample="149" generation="149000"
                    bestEnergy="-39.0" averageEnergy="-33.9991" worstEnergy="-28.0"
                    bestConformation="Conformation 40.0 -40.0 Frlrrfllrrflfrflfrllfffrrfffllfffflfrllfffrrflfrrfllffrrlrrllrrllrlrlfflrllrflfllrfrrlrffrlrfrlrlrr"/>
        <trajectory sample="150" generation="150000"
                    bestEnergy="-39.0" averageEnergy="-34.0774" worstEnergy="-33.0"
                    bestConformation="Conformation 40.0 -40.0 Frlrrfllrrflfrflfrllfffrrfffllfffflfrllfffrrflfrrfllffrrlrrllrrllrlrlfflrllrflfllrfrrlrffrlrfrlrlrr"/>
        <trajectory sample="151" generation="151000"
                    bestEnergy="-40.0" averageEnergy="-34.1565" worstEnergy="-31.0"
                    bestConformation="Conformation 40.0 -40.0 Frlrrfllrrflfrflfrllfffrrfffllfffflfrllfffrrflfrrfllffrrlrrllrrlflfrflflrlffflfllrfrrlrffrlrrlfrlrr"/>
        <trajectory sample="152" generation="152000"
                    bestEnergy="-40.0" averageEnergy="-34.2416" worstEnergy="-32.0"
                    bestConformation="Conformation 40.0 -40.0 Frlrrfllrrflfrflfrllfffrrfffllfffflfrllfffrrflfrrfllffrrlrrllrrlflfrflflrlffflfllrfrrlrffrlrrlfrlrr"/>
        <trajectory sample="153" generation="153000"
                    bestEnergy="-40.0" averageEnergy="-34.3203" worstEnergy="-32.0"
                    bestConformation="Conformation 40.0 -40.0 Frlrrfllrrflfrflfrllfffrrfffllfffflfrllfffrrflfrrfllffrrlrrllrrlflfrflflrlffflfllrfrrlrffrlrrlfrlrr"/>
        <trajectory sample="154" generation="154000"
                    bestEnergy="-40.0" averageEnergy="-34.411" worstEnergy="-32.0"
                    bestConformation="Conformation 40.0 -40.0 Frlrrfllrrflfrflfrllfffrrfffllfffflfrllfffrrflfrrfllffrrlrrllrrlflfrflflrlffflfllrfrrlrffrlrrlfrlrr"/>
        <trajectory sample="155" generation="155000"
                    bestEnergy="-40.0" averageEnergy="-34.5047" worstEnergy="-30.0"
                    bestConformation="Conformation 40.0 -40.0 Frlrrfllrrflfrflfrllfffrrfffllfffflfrllfffrrflfrrfllffrrlrrllrrlflfrflflrlffflfllrfrrlrffrlrrlfrlrr"/>
        <trajectory sample="156" generation="156000"
                    bestEnergy="-40.0" averageEnergy="-34.5491" worstEnergy="-34.0"
                    bestConformation="Conformation 40.0 -40.0 Frlrrfllrrflfrflfrllfffrrfffllfffflfrllfffrrflfrrfllffrrlrrllrrlflfrflflrlffflfllrfrrlrffrlrrlfrlrr"/>
        <trajectory sample="157" generation="157000"
                    bestEnergy="-40.0" averageEnergy="-34.5934" worstEnergy="-32.0"
                    bestConformation="Conformation 40.0 -40.0 Frlrrfllrrflfrflfrllfffrrfffllfffflfrllfffrrflfrrfllffrrlrrllrrlflfrflflrlffflfllrfrrlrffrlrrlfrlrr"/>
        <trajectory sample="158" generation="158000"
                    bestEnergy="-40.0" averageEnergy="-34.6394" worstEnergy="-25.0"
                    bestConformation="Conformation 40.0 -40.0 Frlrrfllrrflfrflfrllfffrrfffllfffflfrllfffrrflfrrfllffrrlrrllrrlflfrflflrlffflfllrfrrlrffrlrrlfrlrr"/>
        <trajectory sample="159" generation="159000"
                    bestEnergy="-40.0" averageEnergy="-34.6833" worstEnergy="-34.0"
                    bestConformation="Conformation 40.0 -40.0 Frlrrfllrrflfrflfrllfffrrfffllfffflfrllfffrrflfrrfllffrrlrrllrrlflfrflflrlffflfllrfrrlrffrlrrlfrlrr"/>
        <trajectory sample="160" generation="160000"
                    bestEnergy="-40.0" averageEnergy="-34.7327" worstEnergy="-30.0"
                    bestConformation="Conformation 40.0 -40.0 Frlrrfllrrflfrflfrllfffrrfffllfffflfrllfffrrflfrrfllffrrlrrllrrlflfrflflrlffflfllrfrrlrffrlrrlfrlrr"/>
        <trajectory sample="161" generation="161000"
                    bestEnergy="-40.0" averageEnergy="-34.7842" worstEnergy="-29.0"
                    bestConformation="Conformation 40.0 -40.0 Frlrrfllrrflfrflfrllfffrrfffllfffflfrllfffrrflfrrfllffrrlrrllrrlflfrflflrlffflfllrfrrlrffrlrrlfrlrr"/>
        <trajectory sample="162" generation="162000"
                    bestEnergy="-40.0" averageEnergy="-34.8484" worstEnergy="-34.0"
                    bestConformation="Conformation 40.0 -40.0 Frlrrfllrrflfrflfrllfffrrfffllfffflfrllfffrrflfrrfllffrrlrrllrrlflfrflflrlffflfllrfrrlrffrlrrlfrlrr"/>
        <trajectory sample="163" generation="163000"
                    bestEnergy="-40.0" averageEnergy="-34.9055" worstEnergy="-34.0"
                    bestConformation="Conformation 40.0 -40.0 Frlrrfllrrflfrflfrllfffrrfffllfffflfrllfffrrflfrrfllffrrlrrllrrlflfrflflrlffflfllrfrrlrffrlrrlfrlrr"/>
        <trajectory sample="164" generation="164000"
                    bestEnergy="-40.0" averageEnergy="-34.9752" worstEnergy="-31.0"
                    bestConformation="Conformation 40.0 -40.0 Frlrrfllrrflfrflfrllfffrrfffllfffflfrllfffrrflfrrfllffrrlrrllrrlflfrflflrlffflfllrfrrlrffrlrrlfrlrr"/>
        <trajectory sample="165" generation="165000"
                    bestEnergy="-40.0" averageEnergy="-35.0469" worstEnergy="-34.0"
                    bestConformation="Conformation 40.0 -40.0 Frlrrfllrrflfrflfrllfffrrfffllfffflfrllfffrrflfrrfllffrrlrrllrrlflfrflflrlffflfllrfrrlrffrlrrlfrlrr"/>
        <trajectory sample="166" generation="166000"
                    bestEnergy="-40.0" averageEnergy="-35.1281" worstEnergy="-34.0"
                    bestConformation="Conformation 40.0 -40.0 Frlrrfllrrflfrflfrllfffrrfffllfffflfrllfffrrflfrrfllffrrlrrllrrlflfrflflrlffflfllrfrrlrffrlrrlfrlrr"/>
        <trajectory sample="167" generation="167000"
                    bestEnergy="-40.0" averageEnergy="-35.2081" worstEnergy="-23.0"
                    bestConformation="Conformation 40.0 -40.0 Frlrrfllrrflfrflfrllfffrrfffllfffflfrllfffrrflfrrfllffrrlrrllrrlflfrflflrlffflfllrfrrlrffrlrrlfrlrr"/>
        <trajectory sample="168" generation="168000"
                    bestEnergy="-40.0" averageEnergy="-35.2943" worstEnergy="-34.0"
                    bestConformation="Conformation 40.0 -40.0 Frlrrfllrrflfrflfrllfffrrfffllfffflfrllfffrrflfrrfllffrrlrrllrrlflfrflflrlffflfllrfrrlrffrlrrlfrlrr"/>
        <trajectory sample="169" generation="169000"
                    bestEnergy="-40.0" averageEnergy="-35.3831" worstEnergy="-34.0"
                    bestConformation="Conformation 40.0 -40.0 Frlrrfllrrflfrflfrllfffrrfffllfffflfrllfffrrflfrrfllffrrlrrllrrlflfrflflrlffflfllrfrrlrffrlrrlfrlrr"/>
        <trajectory sample="170" generation="170000"
                    bestEnergy="-40.0" averageEnergy="-35.4811" worstEnergy="-34.0"
                    bestConformation="Conformation 40.0 -40.0 Frlrrfllrrflfrflfrllfffrrfffllfffflfrllfffrrflfrrfllffrrlrrllrrlflfrflflrlffflfllrfrrlrffrlrrlfrlrr"/>
        <trajectory sample="171" generation="171000"
                    bestEnergy="-40.0" averageEnergy="-35.5309" worstEnergy="-35.0"
                    bestConformation="Conformation 40.0 -40.0 Frlrrfllrrflfrflfrllfffrrfffllfffflfrllfffrrflfrrfllffrrlrrllrrlflfrflflrlffflfllrfrrlrffrlrrlfrlrr"/>
        <trajectory sample="172" generation="172000"
                    bestEnergy="-40.0" averageEnergy="-35.5722" worstEnergy="-35.0"
                    bestConformation="Conformation 40.0 -40.0 Frlrrfllrrflfrflfrllfffrrfffllfffflfrllfffrrflfrrfllffrrlrrllrrlflfrflflrlffflfllrfrrlrffrlrrlfrlrr"/>
        <trajectory sample="173" generation="173000"
                    bestEnergy="-40.0" averageEnergy="-35.6241" worstEnergy="-35.0"
                    bestConformation="Conformation 40.0 -40.0 Frlrrfllrrflfrflfrllfffrrfffllfffflfrllfffrrflfrrfllffrrlrrllrrlflfrflflrlffflfllrfrrlrffrlrrlfrlrr"/>
        <trajectory sample="174" generation="174000"
                    bestEnergy="-40.0" averageEnergy="-35.6737" worstEnergy="-35.0"
                    bestConformation="Conformation 40.0 -40.0 Frlrrfllrrflfrflfrllfffrrfffllfffflfrllfffrrflfrrfllffrrlrrllrrlflfrflflrlffflfllrfrrlrffrlrrlfrlrr"/>
        <trajectory sample="175" generation="175000"
                    bestEnergy="-40.0" averageEnergy="-35.7289" worstEnergy="-35.0"
                    bestConformation="Conformation 40.0 -40.0 Frlrrfllrrflfrflfrllfffrrfffllfffflfrllfffrrflfrrfllffrrlrrllrrlflfrflflrlffflfllrfrrlrffrlrrlfrlrr"/>
        <trajectory sample="176" generation="176000"
                    bestEnergy="-40.0" averageEnergy="-35.7816" worstEnergy="-28.0"
                    bestConformation="Conformation 40.0 -40.0 Frlrrfllrrflfrflfrllfffrrfffllfffflfrllfffrrflfrrfllffrrlrrllrrlflfrflflrlffflfllrfrrlrffrlrrlfrlrr"/>
        <trajectory sample="177" generation="177000"
                    bestEnergy="-40.0" averageEnergy="-35.8438" worstEnergy="-35.0"
                    bestConformation="Conformation 40.0 -40.0 Frlrrfllrrflfrflfrllfffrrfffllfffflfrllfffrrflfrrfllffrrlrrllrrlflfrflflrlffflfllrfrrlrffrlrrlfrlrr"/>
        <trajectory sample="178" generation="178000"
                    bestEnergy="-40.0" averageEnergy="-35.9059" worstEnergy="-35.0"
                    bestConformation="Conformation 40.0 -40.0 Frlrrfllrrflfrflfrllfffrrfffllfffflfrllfffrrflfrrfllffrrlrrllrrlflfrflflrlffflfllrfrrlrffrlrrlfrlrr"/>
        <trajectory sample="179" generation="179000"
                    bestEnergy="-40.0" averageEnergy="-35.9775" worstEnergy="-35.0"
                    bestConformation="Conformation 40.0 -40.0 Frlrrfllrrflfrflfrllfffrrfffllfffflfrllfffrrflfrrfllffrrlrrllrrlflfrflflrlffflfllrfrrlrffrlrrlfrlrr"/>
        <trajectory sample="180" generation="180000"
                    bestEnergy="-40.0" averageEnergy="-36.0525" worstEnergy="-33.0"
                    bestConformation="Conformation 40.0 -40.0 Frlrrfllrrflfrflfrllfffrrfffllfffflfrllfffrrflfrrfllffrrlrrllrrlflfrflflrlffflfllrfrrlrffrlrrlfrlrr"/>
        <trajectory sample="181" generation="181000"
                    bestEnergy="-40.0" averageEnergy="-36.1281" worstEnergy="-35.0"
                    bestConformation="Conformation 40.0 -40.0 Frlrrfllrrflfrflfrllfffrrfffllfffflfrllfffrrflfrrfllffrrlrrllrrlflfrflflrlffflfllrfrrlrffrlrrlfrlrr"/>
        <trajectory sample="182" generation="182000"
                    bestEnergy="-40.0" averageEnergy="-36.2132" worstEnergy="-35.0"
                    bestConformation="Conformation 40.0 -40.0 Frlrrfllrrflfrflfrllfffrrfffllfffflfrllfffrrflfrrfllffrrlrrllrrlflfrflflrlffflfllrfrrlrffrlrrlfrlrr"/>
        <trajectory sample="183" generation="183000"
                    bestEnergy="-40.0" averageEnergy="-36.2994" worstEnergy="-31.0"
                    bestConformation="Conformation 40.0 -40.0 Frlrrfllrrflfrflfrllfffrrfffllfffflfrllfffrrflfrrfllffrrlrrllrrlflfrflflrlffflfllrfrrlrffrlrrlfrlrr"/>
        <trajectory sample="184" generation="184000"
                    bestEnergy="-40.0" averageEnergy="-36.3982" worstEnergy="-35.0"
                    bestConformation="Conformation 40.0 -40.0 Frlrrfllrrflfrflfrllfffrrfffllfffflfrllfffrrflfrrfllffrrlrrllrrlflfrflflrlffflfllrfrrlrffrlrrlfrlrr"/>
        <trajectory sample="185" generation="185000"
                    bestEnergy="-40.0" averageEnergy="-36.4983" worstEnergy="-27.0"
                    bestConformation="Conformation 40.0 -40.0 Frlrrfllrrflfrflfrllfffrrfffllfffflfrllfffrrflfrrfllffrrlrrllrrlflfrflflrlffflfllrfrrlrffrlrrlfrlrr"/>
        <trajectory sample="186" generation="186000"
                    bestEnergy="-40.0" averageEnergy="-36.5938" worstEnergy="-35.0"
                    bestConformation="Conformation 40.0 -40.0 Frlrrfllrrflfrflfrllfffrrfffllfffflfrllfffrrflfrrfllffrrlrrllrrlflfrflflrlffflfllrfrrlrffrlrrlfrlrr"/>
        <trajectory sample="187" generation="187000"
                    bestEnergy="-40.0" averageEnergy="-36.6885" worstEnergy="-32.0"
                    bestConformation="Conformation 40.0 -40.0 Frlrrfllrrflfrflfrllfffrrfffllfffflfrllfffrrflfrrfllffrrlrrllrrlflfrflflrlffflfllrfrrlrffrlrrlfrlrr"/>
        <trajectory sample="188" generation="188000"
                    bestEnergy="-40.0" averageEnergy="-36.7429" worstEnergy="-36.0"
                    bestConformation="Conformation 40.0 -40.0 Frlrrfllrrflfrflfrllfffrrfffllfffflfrllfffrrflfrrfllffrrlrrllrrlflfrflflrlffflfllrfrrlrffrlrrlfrlrr"/>
        <trajectory sample="189" generation="189000"
                    bestEnergy="-40.0" averageEnergy="-36.8056" worstEnergy="-35.0"
                    bestConformation="Conformation 40.0 -40.0 Frlrrfllrrflfrflfrllfffrrfffllfffflfrllfffrrflfrrfllffrrlrrllrrlflfrflflrlffflfllrfrrlrffrlrrlfrlrr"/>
        <trajectory sample="190" generation="190000"
                    bestEnergy="-40.0" averageEnergy="-36.8749" worstEnergy="-33.0"
                    bestConformation="Conformation 40.0 -40.0 Frlrrfllrrflfrflfrllfffrrfffllfffflfrllfffrrflfrrfllffrrlrrllrrlflfrflflrlffflfllrfrrlrffrlrrlfrlrr"/>
        <trajectory sample="191" generation="191000"
                    bestEnergy="-40.0" averageEnergy="-36.9441" worstEnergy="-31.0"
                    bestConformation="Conformation 40.0 -40.0 Frlrrfllrrflfrflfrllfffrrfffllfffflfrllfffrrflfrrfllffrrlrrllrrlflfrflflrlffflfllrfrrlrffrlrrlfrlrr"/>
        <trajectory sample="192" generation="192000"
                    bestEnergy="-40.0" averageEnergy="-37.0215" worstEnergy="-35.0"
                    bestConformation="Conformation 40.0 -40.0 Frlrrfllrrflfrflfrllfffrrfffllfffflfrllfffrrflfrrfllffrrlrrllrrlflfrflflrlffflfllrfrrlrffrlrrlfrlrr"/>
        <trajectory sample="193" generation="193000"
                    bestEnergy="-40.0" averageEnergy="-37.1056" worstEnergy="-36.0"
                    bestConformation="Conformation 40.0 -40.0 Frlrrfllrrflfrflfrllfffrrfffllfffflfrllfffrrflfrrfllffrrlrrllrrlflfrflflrlffflfllrfrrlrffrlrrlfrlrr"/>
        <trajectory sample="194" generation="194000"
                    bestEnergy="-40.0" averageEnergy="-37.1924" worstEnergy="-29.0"
                    bestConformation="Conformation 40.0 -40.0 Frlrrfllrrflfrflfrllfffrrfffllfffflfrllfffrrflfrrfllffrrlrrllrrlflfrflflrlffflfllrfrrlrffrlrrlfrlrr"/>
        <trajectory sample="195" generation="195000"
                    bestEnergy="-40.0" averageEnergy="-37.2818" worstEnergy="-31.0"
                    bestConformation="Conformation 40.0 -40.0 Frlrrfllrrflfrflfrllfffrrfffllfffflfrllfffrrflfrrfllffrrlrrllrrlflfrflflrlffflfllrfrrlrffrlrrlfrlrr"/>
        <trajectory sample="196" generation="196000"
                    bestEnergy="-40.0" averageEnergy="-37.3764" worstEnergy="-35.0"
                    bestConformation="Conformation 40.0 -40.0 Frlrrfllrrflfrflfrllfffrrfffllfffflfrllfffrrflfrrfllffrrlrrllrrlflfrflflrlffflfllrfrrlrffrlrrlfrlrr"/>
        <trajectory sample="197" generation="197000"
                    bestEnergy="-40.0" averageEnergy="-37.4695" worstEnergy="-36.0"
                    bestConformation="Conformation 40.0 -40.0 Frlrrfllrrflfrflfrllfffrrfffllfffflfrllfffrrflfrrfllffrrlrrllrrlflfrflflrlffflfllrfrrlrffrlrrlfrlrr"/>
        <trajectory sample="198" generation="198000"
                    bestEnergy="-40.0" averageEnergy="-37.5566" worstEnergy="-37.0"
                    bestConformation="Conformation 40.0 -40.0 Frlrrfllrrflfrflfrllfffrrfffllfffflfrllfffrrflfrrfllffrrlrrllrrlflfrflflrlffflfllrfrrlrffrlrrlfrlrr"/>
        <trajectory sample="199" generation="199000"
                    bestEnergy="-40.0" averageEnergy="-37.6129" worstEnergy="-37.0"
                    bestConformation="Conformation 40.0 -40.0 Frlrrfllrrflfrflfrllfffrrfffllfffflfrllfffrrflfrrfllffrrlrrllrrlflfrflflrlffflfllrfrrlrffrlrrlfrlrr"/>
        <trajectory sample="200" generation="200000"
                    bestEnergy="-40.0" averageEnergy="-37.671" worstEnergy="-28.0"
                    bestConformation="Conformation 40.0 -40.0 Frlrrfllrrflfrflfrllfffrrfffllfffflfrllfffrrflfrrfllffrrlrrllrrlflfrflflrlffflfllrfrrlrffrlrrlfrlrr"/>
        <trajectory sample="201" generation="201000"
                    bestEnergy="-40.0" averageEnergy="-37.7336" worstEnergy="-33.0"
                    bestConformation="Conformation 40.0 -40.0 Frlrrfllrrflfrflfrllfffrrfffllfffflfrllfffrrflfrrfllffrrlrrllrrlflfrflflrlffflfllrfrrlrffrlrrlfrlrr"/>
        <trajectory sample="202" generation="202000"
                    bestEnergy="-40.0" averageEnergy="-37.8" worstEnergy="-37.0"
                    bestConformation="Conformation 40.0 -40.0 Frlrrfllrrflfrflfrllfffrrfffllfffflfrllfffrrflfrrfllffrrlrrllrrlflfrflflrlffflfllrfrrlrffrlrrlfrlrr"/>
        <trajectory sample="203" generation="203000"
                    bestEnergy="-40.0" averageEnergy="-37.8673" worstEnergy="-37.0"
                    bestConformation="Conformation 40.0 -40.0 Frlrrfllrrflfrflfrllfffrrfffllfffflfrllfffrrflfrrfllffrrlrrllrrlflfrflflrlffflfllrfrrlrffrlrrlfrlrr"/>
        <trajectory sample="204" generation="204000"
                    bestEnergy="-40.0" averageEnergy="-37.9463" worstEnergy="-37.0"
                    bestConformation="Conformation 40.0 -40.0 Frlrrfllrrflfrflfrllfffrrfffllfffflfrllfffrrflfrrfllffrrlrrllrrlflfrflflrlffflfllrfrrlrffrlrrlfrlrr"/>
        <trajectory sample="205" generation="205000"
                    bestEnergy="-40.0" averageEnergy="-38.0234" worstEnergy="-36.0"
                    bestConformation="Conformation 40.0 -40.0 Frlrrfllrrflfrflfrllfffrrfffllfffflfrllfffrrflfrrfllffrrlrrllrrlflfrflflrlffflfllrfrrlrffrlrrlfrlrr"/>
        <trajectory sample="206" generation="206000"
                    bestEnergy="-40.0" averageEnergy="-38.1074" worstEnergy="-37.0"
                    bestConformation="Conformation 40.0 -40.0 Frlrrfllrrflfrflfrllfffrrfffllfffflfrllfffrrflfrrfllffrrlrrllrrlflfrflflrlffflfllrfrrlrffrlrrlfrlrr"/>
        <trajectory sample="207" generation="207000"
                    bestEnergy="-40.0" averageEnergy="-38.1951" worstEnergy="-37.0"
                    bestConformation="Conformation 40.0 -40.0 Frlrrfllrrflfrflfrllfffrrfffllfffflfrllfffrrflfrrfllffrrlrrllrrlflfrflflrlffflfllrfrrlrffrlrrlfrlrr"/>
        <trajectory sample="208" generation="208000"
                    bestEnergy="-40.0" averageEnergy="-38.2931" worstEnergy="-32.0"
                    bestConformation="Conformation 40.0 -40.0 Frlrrfllrrflfrflfrllfffrrfffllfffflfrllfffrrflfrrfllffrrlrrllrrlflfrflflrlffflfllrfrrlrffrlrrlfrlrr"/>
        <trajectory sample="209" generation="209000"
                    bestEnergy="-40.0" averageEnergy="-38.3908" worstEnergy="-37.0"
                    bestConformation="Conformation 40.0 -40.0 Frlrrfllrrflfrflfrllfffrrfffllfffflfrllfffrrflfrrfllffrrlrrllrrlflfrflflrlffflfllrfrrlrffrlrrlfrlrr"/>
        <trajectory sample="210" generation="210000"
                    bestEnergy="-40.0" averageEnergy="-38.4894" worstEnergy="-33.0"
                    bestConformation="Conformation 40.0 -40.0 Frlrrfllrrflfrflfrllfffrrfffllfffflfrllfffrrflfrrfllffrrlrrllrrlflfrflflrlffflfllrfrrlrffrlrrlfrlrr"/>
        <trajectory sample="211" generation="211000"
                    bestEnergy="-40.0" averageEnergy="-38.6022" worstEnergy="-37.0"
                    bestConformation="Conformation 40.0 -40.0 Frlrrfllrrflfrflfrllfffrrfffllfffflfrllfffrrflfrrfllffrrlrrllrrlflfrflflrlffflfllrfrrlrffrlrrlfrlrr"/>
        <trajectory sample="212" generation="212000"
                    bestEnergy="-40.0" averageEnergy="-38.7183" worstEnergy="-37.0"
                    bestConformation="Conformation 40.0 -40.0 Frlrrfllrrflfrflfrllfffrrfffllfffflfrllfffrrflfrrfllffrrlrrllrrlflfrflflrlffflfllrfrrlrffrlrrlfrlrr"/>
        <trajectory sample="213" generation="213000"
                    bestEnergy="-40.0" averageEnergy="-38.8481" worstEnergy="-38.0"
                    bestConformation="Conformation 40.0 -40.0 Frlrrfllrrflfrflfrllfffrrfffllfffflfrllfffrrflfrrfllffrrlrrllrrlflfrflflrlffflfllrfrrlrffrlrrlfrlrr"/>
        <trajectory sample="214" generation="214000"
                    bestEnergy="-40.0" averageEnergy="-38.907" worstEnergy="-32.0"
                    bestConformation="Conformation 40.0 -40.0 Frlrrfllrrflfrflfrllfffrrfffllfffflfrllfffrrflfrrfllffrrlrrllrrlflfrflflrlffflfllrfrrlrffrlrrlfrlrr"/>
        <trajectory sample="215" generation="215000"
                    bestEnergy="-40.0" averageEnergy="-38.9679" worstEnergy="-37.0"
                    bestConformation="Conformation 40.0 -40.0 Frlrrfllrrflfrflfrllfffrrfffllfffflfrllfffrrflfrrfllffrrlrrllrrlflfrflflrlffflfllrfrrlrffrlrrlfrlrr"/>
        <trajectory sample="216" generation="216000"
                    bestEnergy="-40.0" averageEnergy="-39.0395" worstEnergy="-38.0"
                    bestConformation="Conformation 40.0 -40.0 Frlrrfllrrflfrflfrllfffrrfffllfffflfrllfffrrflfrrfllffrrlrrllrrlflfrflflrlffflfllrfrrlrffrlrrlfrlrr"/>
        <trajectory sample="217" generation="217000"
                    bestEnergy="-40.0" averageEnergy="-39.1115" worstEnergy="-38.0"
                    bestConformation="Conformation 40.0 -40.0 Frlrrfllrrflfrflfrllfffrrfffllfffflfrllfffrrflfrrfllffrrlrrllrrlflfrflflrlffflfllrfrrlrffrlrrlfrlrr"/>
        <trajectory sample="218" generation="218000"
                    bestEnergy="-40.0" averageEnergy="-39.1858" worstEnergy="-38.0"
                    bestConformation="Conformation 40.0 -40.0 Frlrrfllrrflfrflfrllfffrrfffllfffflfrllfffrrflfrrfllffrrlrrllrrlflfrflflrlffflfllrfrrlrffrlrrlfrlrr"/>
        <trajectory sample="219" generation="219000"
                    bestEnergy="-40.0" averageEnergy="-39.2625" worstEnergy="-35.0"
                    bestConformation="Conformation 40.0 -40.0 Frlrrfllrrflfrflfrllfffrrfffllfffflfrllfffrrflfrrfllffrrlrrllrrlflfrflflrlffflfllrfrrlrffrlrrlfrlrr"/>
        <trajectory sample="220" generation="220000"
                    bestEnergy="-40.0" averageEnergy="-39.3418" worstEnergy="-37.0"
                    bestConformation="Conformation 40.0 -40.0 Frlrrfllrrflfrflfrllfffrrfffllfffflfrllfffrrflfrrfllffrrlrrllrrlflfrflflrlffflfllrfrrlrffrlrrlfrlrr"/>
        <trajectory sample="221" generation="221000"
                    bestEnergy="-40.0" averageEnergy="-39.4226" worstEnergy="-38.0"
                    bestConformation="Conformation 40.0 -40.0 Frlrrfllrrflfrflfrllfffrrfffllfffflfrllfffrrflfrrfllffrrlrrllrrlflfrflflrlffflfllrfrrlrffrlrrlfrlrr"/>
        <trajectory sample="222" generation="222000"
                    bestEnergy="-40.0" averageEnergy="-39.5092" worstEnergy="-37.0"
                    bestConformation="Conformation 40.0 -40.0 Frlrrfllrrflfrflfrllfffrrfffllfffflfrllfffrrflfrrfllffrrlrrllrrlflfrflflrlffflfllrfrrlrffrlrrlfrlrr"/>
        <trajectory sample="223" generation="223000"
                    bestEnergy="-40.0" averageEnergy="-39.5947" worstEnergy="-38.0"
                    bestConformation="Conformation 40.0 -40.0 Frlrrfllrrflfrflfrllfffrrfffllfffflfrllfffrrflfrrfllffrrlrrllrrlflfrflflrlffflfllrfrrlrffrlrrlfrlrr"/>
        <trajectory sample="224" generation="224000"
                    bestEnergy="-40.0" averageEnergy="-39.6893" worstEnergy="-38.0"
                    bestConformation="Conformation 40.0 -40.0 Frlrrfllrrflfrflfrllfffrrfffllfffflfrllfffrrflfrrfllffrrlrrllrrlflfrflflrlffflfllrfrrlrffrlrrlfrlrr"/>
        <trajectory sample="225" generation="225000"
                    bestEnergy="-40.0" averageEnergy="-39.7368" worstEnergy="-39.0"
                    bestConformation="Conformation 40.0 -40.0 Frlrrfllrrflfrflfrllfffrrfffllfffflfrllfffrrflfrrfllffrrlrrllrrlflfrflflrlffflfllrfrrlrffrlrrlfrlrr"/>
        <trajectory sample="226" generation="226000"
                    bestEnergy="-40.0" averageEnergy="-39.7829" worstEnergy="-39.0"
                    bestConformation="Conformation 40.0 -40.0 Frlrrfllrrflfrflfrllfffrrfffllfffflfrllfffrrflfrrfllffrrlrrllrrlflfrflflrlffflfllrfrrlrffrlrrlfrlrr"/>
        <trajectory sample="227" generation="227000"
                    bestEnergy="-40.0" averageEnergy="-39.8258" worstEnergy="-36.0"
                    bestConformation="Conformation 40.0 -40.0 Frlrrfllrrflfrflfrllfffrrfffllfffflfrllfffrrflfrrfllffrrlrrllrrlflfrflflrlffflfllrfrrlrffrlrrlfrlrr"/>
        <trajectory sample="228" generation="228000"
                    bestEnergy="-40.0" averageEnergy="-39.8711" worstEnergy="-38.0"
                    bestConformation="Conformation 40.0 -40.0 Frlrrfllrrflfrflfrllfffrrfffllfffflfrllfffrrflfrrfllffrrlrrllrrlflfrflflrlffflfllrfrrlrffrlrrlfrlrr"/>
        <trajectory sample="229" generation="229000"
                    bestEnergy="-40.0" averageEnergy="-39.9159" worstEnergy="-39.0"
                    bestConformation="Conformation 40.0 -40.0 Frlrrfllrrflfrflfrllfffrrfffllfffflfrllfffrrflfrrfllffrrlrrllrrlflfrflflrlffflfllrfrrlrffrlrrlfrlrr"/>
        <trajectory sample="230" generation="230000"
                    bestEnergy="-40.0" averageEnergy="-39.9686" worstEnergy="-39.0"
                    bestConformation="Conformation 40.0 -40.0 Frlrrfllrrflfrflfrllfffrrfffllfffflfrllfffrrflfrrfllffrrlrrllrrlflfrflflrlffflfllrfrrlrffrlrrlfrlrr"/>
        <trajectory sample="231" generation="231000"
                    bestEnergy="-40.0" averageEnergy="-40.0" worstEnergy="-40.0"
                    bestConformation="Conformation 40.0 -40.0 Frlrrfllrrflfrflfrllfffrrfffllfffflfrllfffrrflfrrfllffrrlrrllrrlflfrflflrlffflfllrfrrlrffrlrrlfrlrr"/>
        <trajectory sample="232" generation="232000"
                    bestEnergy="-40.0" averageEnergy="-39.9996" worstEnergy="-36.0"
                    bestConformation="Conformation 40.0 -40.0 Frlrrfllrrflfrflfrllfffrrfffllfffflfrllfffrrflfrrfllffrrlrrllrrlflfrflflrlffflfllrfrrlrffrlrrlfrlrr"/>
        <trajectory sample="233" generation="233000"
                    bestEnergy="-40.0" averageEnergy="-39.9998" worstEnergy="-38.0"
                    bestConformation="Conformation 40.0 -40.0 Frlrrfllrrflfrflfrllfffrrfffllfffflfrllfffrrflfrrfllffrrlrrllrrlflfrflflrlffflfllrfrrlrffrlrrlfrlrr"/>
        <trajectory sample="234" generation="234000"
                    bestEnergy="-40.0" averageEnergy="-39.9991" worstEnergy="-31.0"
                    bestConformation="Conformation 40.0 -40.0 Frlrrfllrrflfrflfrllfffrrfffllfffflfrllfffrrflfrrfllffrrlrrllrrlflfrflflrlffflfllrfrrlrffrlrrlfrlrr"/>
        <trajectory sample="235" generation="235000"
                    bestEnergy="-40.0" averageEnergy="-39.9992" worstEnergy="-32.0"
                    bestConformation="Conformation 40.0 -40.0 Frlrrfllrrflfrflfrllfffrrfffllfffflfrllfffrrflfrrfllffrrlrrllrrlflfrflflrlffflfllrfrrlrffrlrrlfrlrr"/>
        <trajectory sample="236" generation="236000"
                    bestEnergy="-40.0" averageEnergy="-40.0" worstEnergy="-40.0"
                    bestConformation="Conformation 40.0 -40.0 Frlrrfllrrflfrflfrllfffrrfffllfffflfrllfffrrflfrrfllffrrlrrllrrlflfrflflrlffflfllrfrrlrffrlrrlfrlrr"/>
        <trajectory sample="237" generation="237000"
                    bestEnergy="-40.0" averageEnergy="-40.0" worstEnergy="-40.0"
                    bestConformation="Conformation 40.0 -40.0 Frlrrfllrrflfrflfrllfffrrfffllfffflfrllfffrrflfrrfllffrrlrrllrrlflfrflflrlffflfllrfrrlrffrlrrlfrlrr"/>
        <trajectory sample="238" generation="238000"
                    bestEnergy="-40.0" averageEnergy="-40.0" worstEnergy="-40.0"
                    bestConformation="Conformation 40.0 -40.0 Frlrrfllrrflfrflfrllfffrrfffllfffflfrllfffrrflfrrfllffrrlrrllrrlflfrflflrlffflfllrfrrlrffrlrrlfrlrr"/>
        <trajectory sample="239" generation="239000"
                    bestEnergy="-40.0" averageEnergy="-40.0" worstEnergy="-40.0"
                    bestConformation="Conformation 40.0 -40.0 Frlrrfllrrflfrflfrllfffrrfffllfffflfrllfffrrflfrrfllffrrlrrllrrlflfrflflrlffflfllrfrrlrffrlrrlfrlrr"/>
        <trajectory sample="240" generation="240000"
                    bestEnergy="-40.0" averageEnergy="-40.0" worstEnergy="-40.0"
                    bestConformation="Conformation 40.0 -40.0 Frlrrfllrrflfrflfrllfffrrfffllfffflfrllfffrrflfrrfllffrrlrrllrrlflfrflflrlffflfllrfrrlrffrlrrlfrlrr"/>
        <trajectory sample="241" generation="241000"
                    bestEnergy="-40.0" averageEnergy="-39.9987" worstEnergy="-27.0"
                    bestConformation="Conformation 40.0 -40.0 Frlrrfllrrflfrflfrllfffrrfffllfffflfrllfffrrflfrrfllffrrlrrllrrlflfrflflrlffflfllrfrrlrffrlrrlfrlrr"/>
        <trajectory sample="242" generation="242000"
                    bestEnergy="-40.0" averageEnergy="-40.0" worstEnergy="-40.0"
                    bestConformation="Conformation 40.0 -40.0 Frlrrfllrrflfrflfrllfffrrfffllfffflfrllfffrrflfrrfllffrrlrrllrrlflfrflflrlffflfllrfrrlrffrlrrlfrlrr"/>
        <trajectory sample="243" generation="243000"
                    bestEnergy="-40.0" averageEnergy="-39.9998" worstEnergy="-38.0"
                    bestConformation="Conformation 40.0 -40.0 Frlrrfllrrflfrflfrllfffrrfffllfffflfrllfffrrflfrrfllffrrlrrllrrlflfrflflrlffflfllrfrrlrffrlrrlfrlrr"/>
        <trajectory sample="244" generation="244000"
                    bestEnergy="-40.0" averageEnergy="-39.9991" worstEnergy="-31.0"
                    bestConformation="Conformation 40.0 -40.0 Frlrrfllrrflfrflfrllfffrrfffllfffflfrllfffrrflfrrfllffrrlrrllrrlflfrflflrlffflfllrfrrlrffrlrrlfrlrr"/>
        <trajectory sample="245" generation="245000"
                    bestEnergy="-40.0" averageEnergy="-39.9998" worstEnergy="-38.0"
                    bestConformation="Conformation 40.0 -40.0 Frlrrfllrrflfrflfrllfffrrfffllfffflfrllfffrrflfrrfllffrrlrrllrrlflfrflflrlffflfllrfrrlrffrlrrlfrlrr"/>
        <trajectory sample="246" generation="246000"
                    bestEnergy="-40.0" averageEnergy="-39.9989" worstEnergy="-29.0"
                    bestConformation="Conformation 40.0 -40.0 Frlrrfllrrflfrflfrllfffrrfffllfffflfrllfffrrflfrrfllffrrlrrllrrlflfrflflrlffflfllrfrrlrffrlrrlfrlrr"/>
        <trajectory sample="247" generation="247000"
                    bestEnergy="-40.0" averageEnergy="-40.0" worstEnergy="-40.0"
                    bestConformation="Conformation 40.0 -40.0 Frlrrfllrrflfrflfrllfffrrfffllfffflfrllfffrrflfrrfllffrrlrrllrrlflfrflflrlffflfllrfrrlrffrlrrlfrlrr"/>
        <trajectory sample="248" generation="248000"
                    bestEnergy="-40.0" averageEnergy="-40.0" worstEnergy="-40.0"
                    bestConformation="Conformation 40.0 -40.0 Frlrrfllrrflfrflfrllfffrrfffllfffflfrllfffrrflfrrfllffrrlrrllrrlflfrflflrlffflfllrfrrlrffrlrrlfrlrr"/>
        <trajectory sample="249" generation="249000"
                    bestEnergy="-40.0" averageEnergy="-39.9998" worstEnergy="-38.0"
                    bestConformation="Conformation 40.0 -40.0 Frlrrfllrrflfrflfrllfffrrfffllfffflfrllfffrrflfrrfllffrrlrrllrrlflfrflflrlffflfllrfrrlrffrlrrlfrlrr"/>
        <trajectory sample="250" generation="250000"
                    bestEnergy="-40.0" averageEnergy="-39.9991" worstEnergy="-31.0"
                    bestConformation="Conformation 40.0 -40.0 Frlrrfllrrflfrflfrllfffrrfffllfffflfrllfffrrflfrrfllffrrlrrllrrlflfrflflrlffflfllrfrrlrffrlrrlfrlrr"/>
        <trajectory sample="251" generation="251000"
                    bestEnergy="-40.0" averageEnergy="-40.0" worstEnergy="-40.0"
                    bestConformation="Conformation 40.0 -40.0 Frlrrfllrrflfrflfrllfffrrfffllfffflfrllfffrrflfrrfllffrrlrrllrrlflfrflflrlffflfllrfrrlrffrlrrlfrlrr"/>
        <trajectory sample="252" generation="252000"
                    bestEnergy="-40.0" averageEnergy="-39.9998" worstEnergy="-38.0"
                    bestConformation="Conformation 40.0 -40.0 Frlrrfllrrflfrflfrllfffrrfffllfffflfrllfffrrflfrrfllffrrlrrllrrlflfrflflrlffflfllrfrrlrffrlrrlfrlrr"/>
        <trajectory sample="253" generation="253000"
                    bestEnergy="-40.0" averageEnergy="-39.9997" worstEnergy="-37.0"
                    bestConformation="Conformation 40.0 -40.0 Frlrrfllrrflfrflfrllfffrrfffllfffflfrllfffrrflfrrfllffrrlrrllrrlflfrflflrlffflfllrfrrlrffrlrrlfrlrr"/>
        <trajectory sample="254" generation="254000"
                    bestEnergy="-40.0" averageEnergy="-39.9998" worstEnergy="-38.0"
                    bestConformation="Conformation 40.0 -40.0 Frlrrfllrrflfrflfrllfffrrfffllfffflfrllfffrrflfrrfllffrrlrrllrrlflfrflflrlffflfllrfrrlrffrlrrlfrlrr"/>
        <trajectory sample="255" generation="255000"
                    bestEnergy="-40.0" averageEnergy="-39.9998" worstEnergy="-38.0"
                    bestConformation="Conformation 40.0 -40.0 Frlrrfllrrflfrflfrllfffrrfffllfffflfrllfffrrflfrrfllffrrlrrllrrlflfrflflrlffflfllrfrrlrffrlrrlfrlrr"/>
        <trajectory sample="256" generation="256000"
                    bestEnergy="-40.0" averageEnergy="-39.9988" worstEnergy="-28.0"
                    bestConformation="Conformation 40.0 -40.0 Frlrrfllrrflfrflfrllfffrrfffllfffflfrllfffrrflfrrfllffrrlrrllrrlflfrflflrlffflfllrfrrlrffrlrrlfrlrr"/>
        <trajectory sample="257" generation="257000"
                    bestEnergy="-40.0" averageEnergy="-39.9998" worstEnergy="-38.0"
                    bestConformation="Conformation 40.0 -40.0 Frlrrfllrrflfrflfrllfffrrfffllfffflfrllfffrrflfrrfllffrrlrrllrrlflfrflflrlffflfllrfrrlrffrlrrlfrlrr"/>
        <trajectory sample="258" generation="258000"
                    bestEnergy="-40.0" averageEnergy="-39.9997" worstEnergy="-37.0"
                    bestConformation="Conformation 40.0 -40.0 Frlrrfllrrflfrflfrllfffrrfffllfffflfrllfffrrflfrrfllffrrlrrllrrlflfrflflrlffflfllrfrrlrffrlrrlfrlrr"/>
        <trajectory sample="259" generation="259000"
                    bestEnergy="-40.0" averageEnergy="-40.0" worstEnergy="-40.0"
                    bestConformation="Conformation 40.0 -40.0 Frlrrfllrrflfrflfrllfffrrfffllfffflfrllfffrrflfrrfllffrrlrrllrrlflfrflflrlffflfllrfrrlrffrlrrlfrlrr"/>
        <trajectory sample="260" generation="260000"
                    bestEnergy="-40.0" averageEnergy="-39.9997" worstEnergy="-37.0"
                    bestConformation="Conformation 40.0 -40.0 Frlrrfllrrflfrflfrllfffrrfffllfffflfrllfffrrflfrrfllffrrlrrllrrlflfrflflrlffflfllrfrrlrffrlrrlfrlrr"/>
        <trajectory sample="261" generation="261000"
                    bestEnergy="-40.0" averageEnergy="-40.0" worstEnergy="-40.0"
                    bestConformation="Conformation 40.0 -40.0 Frlrrfllrrflfrflfrllfffrrfffllfffflfrllfffrrflfrrfllffrrlrrllrrlflfrflflrlffflfllrfrrlrffrlrrlfrlrr"/>
        <trajectory sample="262" generation="262000"
                    bestEnergy="-40.0" averageEnergy="-40.0" worstEnergy="-40.0"
                    bestConformation="Conformation 40.0 -40.0 Frlrrfllrrflfrflfrllfffrrfffllfffflfrllfffrrflfrrfllffrrlrrllrrlflfrflflrlffflfllrfrrlrffrlrrlfrlrr"/>
        <trajectory sample="263" generation="263000"
                    bestEnergy="-40.0" averageEnergy="-40.0" worstEnergy="-40.0"
                    bestConformation="Conformation 40.0 -40.0 Frlrrfllrrflfrflfrllfffrrfffllfffflfrllfffrrflfrrfllffrrlrrllrrlflfrflflrlffflfllrfrrlrffrlrrlfrlrr"/>
        <trajectory sample="264" generation="264000"
                    bestEnergy="-40.0" averageEnergy="-39.9996" worstEnergy="-36.0"
                    bestConformation="Conformation 40.0 -40.0 Frlrrfllrrflfrflfrllfffrrfffllfffflfrllfffrrflfrrfllffrrlrrllrrlflfrflflrlffflfllrfrrlrffrlrrlfrlrr"/>
        <trajectory sample="265" generation="265000"
                    bestEnergy="-40.0" averageEnergy="-40.0" worstEnergy="-40.0"
                    bestConformation="Conformation 40.0 -40.0 Frlrrfllrrflfrflfrllfffrrfffllfffflfrllfffrrflfrrfllffrrlrrllrrlflfrflflrlffflfllrfrrlrffrlrrlfrlrr"/>
        <trajectory sample="266" generation="266000"
                    bestEnergy="-40.0" averageEnergy="-39.9999" worstEnergy="-39.0"
                    bestConformation="Conformation 40.0 -40.0 Frlrrfllrrflfrflfrllfffrrfffllfffflfrllfffrrflfrrfllffrrlrrllrrlflfrflflrlffflfllrfrrlrffrlrrlfrlrr"/>
        <trajectory sample="267" generation="267000"
                    bestEnergy="-40.0" averageEnergy="-40.0" worstEnergy="-40.0"
                    bestConformation="Conformation 40.0 -40.0 Frlrrfllrrflfrflfrllfffrrfffllfffflfrllfffrrflfrrfllffrrlrrllrrlflfrflflrlffflfllrfrrlrffrlrrlfrlrr"/>
        <trajectory sample="268" generation="268000"
                    bestEnergy="-40.0" averageEnergy="-40.0" worstEnergy="-40.0"
                    bestConformation="Conformation 40.0 -40.0 Frlrrfllrrflfrflfrllfffrrfffllfffflfrllfffrrflfrrfllffrrlrrllrrlflfrflflrlffflfllrfrrlrffrlrrlfrlrr"/>
        <trajectory sample="269" generation="269000"
                    bestEnergy="-40.0" averageEnergy="-40.0" worstEnergy="-40.0"
                    bestConformation="Conformation 40.0 -40.0 Frlrrfllrrflfrflfrllfffrrfffllfffflfrllfffrrflfrrfllffrrlrrllrrlflfrflflrlffflfllrfrrlrffrlrrlfrlrr"/>
        <trajectory sample="270" generation="270000"
                    bestEnergy="-40.0" averageEnergy="-39.9998" worstEnergy="-38.0"
                    bestConformation="Conformation 40.0 -40.0 Frlrrfllrrflfrflfrllfffrrfffllfffflfrllfffrrflfrrfllffrrlrrllrrlflfrflflrlffflfllrfrrlrffrlrrlfrlrr"/>
        <trajectory sample="271" generation="271000"
                    bestEnergy="-40.0" averageEnergy="-40.0" worstEnergy="-40.0"
                    bestConformation="Conformation 40.0 -40.0 Frlrrfllrrflfrflfrllfffrrfffllfffflfrllfffrrflfrrfllffrrlrrllrrlflfrflflrlffflfllrfrrlrffrlrrlfrlrr"/>
        <trajectory sample="272" generation="272000"
                    bestEnergy="-40.0" averageEnergy="-39.9999" worstEnergy="-39.0"
                    bestConformation="Conformation 40.0 -40.0 Frlrrfllrrflfrflfrllfffrrfffllfffflfrllfffrrflfrrfllffrrlrrllrrlflfrflflrlffflfllrfrrlrffrlrrlfrlrr"/>
        <trajectory sample="273" generation="273000"
                    bestEnergy="-40.0" averageEnergy="-39.9993" worstEnergy="-33.0"
                    bestConformation="Conformation 40.0 -40.0 Frlrrfllrrflfrflfrllfffrrfffllfffflfrllfffrrflfrrfllffrrlrrllrrlflfrflflrlffflfllrfrrlrffrlrrlfrlrr"/>
        <trajectory sample="274" generation="274000"
                    bestEnergy="-40.0" averageEnergy="-39.9997" worstEnergy="-37.0"
                    bestConformation="Conformation 40.0 -40.0 Frlrrfllrrflfrflfrllfffrrfffllfffflfrllfffrrflfrrfllffrrlrrllrrlflfrflflrlffflfllrfrrlrffrlrrlfrlrr"/>
        <trajectory sample="275" generation="275000"
                    bestEnergy="-40.0" averageEnergy="-39.9998" worstEnergy="-38.0"
                    bestConformation="Conformation 40.0 -40.0 Frlrrfllrrflfrflfrllfffrrfffllfffflfrllfffrrflfrrfllffrrlrrllrrlflfrflflrlffflfllrfrrlrffrlrrlfrlrr"/>
        <trajectory sample="276" generation="276000"
                    bestEnergy="-40.0" averageEnergy="-40.0" worstEnergy="-40.0"
                    bestConformation="Conformation 40.0 -40.0 Frlrrfllrrflfrflfrllfffrrfffllfffflfrllfffrrflfrrfllffrrlrrllrrlflfrflflrlffflfllrfrrlrffrlrrlfrlrr"/>
        <trajectory sample="277" generation="277000"
                    bestEnergy="-40.0" averageEnergy="-40.0" worstEnergy="-40.0"
                    bestConformation="Conformation 40.0 -40.0 Frlrrfllrrflfrflfrllfffrrfffllfffflfrllfffrrflfrrfllffrrlrrllrrlflfrflflrlffflfllrfrrlrffrlrrlfrlrr"/>
        <trajectory sample="278" generation="278000"
                    bestEnergy="-40.0" averageEnergy="-40.0" worstEnergy="-40.0"
                    bestConformation="Conformation 40.0 -40.0 Frlrrfllrrflfrflfrllfffrrfffllfffflfrllfffrrflfrrfllffrrlrrllrrlflfrflflrlffflfllrfrrlrffrlrrlfrlrr"/>
        <trajectory sample="279" generation="279000"
                    bestEnergy="-40.0" averageEnergy="-39.9998" worstEnergy="-38.0"
                    bestConformation="Conformation 40.0 -40.0 Frlrrfllrrflfrflfrllfffrrfffllfffflfrllfffrrflfrrfllffrrlrrllrrlflfrflflrlffflfllrfrrlrffrlrrlfrlrr"/>
        <trajectory sample="280" generation="280000"
                    bestEnergy="-40.0" averageEnergy="-39.9998" worstEnergy="-38.0"
                    bestConformation="Conformation 40.0 -40.0 Frlrrfllrrflfrflfrllfffrrfffllfffflfrllfffrrflfrrfllffrrlrrllrrlflfrflflrlffflfllrfrrlrffrlrrlfrlrr"/>
        <trajectory sample="281" generation="281000"
                    bestEnergy="-40.0" averageEnergy="-39.9998" worstEnergy="-38.0"
                    bestConformation="Conformation 40.0 -40.0 Frlrrfllrrflfrflfrllfffrrfffllfffflfrllfffrrflfrrfllffrrlrrllrrlflfrflflrlffflfllrfrrlrffrlrrlfrlrr"/>
        <trajectory sample="282" generation="282000"
                    bestEnergy="-40.0" averageEnergy="-39.9988" worstEnergy="-28.0"
                    bestConformation="Conformation 40.0 -40.0 Frlrrfllrrflfrflfrllfffrrfffllfffflfrllfffrrflfrrfllffrrlrrllrrlflfrflflrlffflfllrfrrlrffrlrrlfrlrr"/>
        <trajectory sample="283" generation="283000"
                    bestEnergy="-40.0" averageEnergy="-39.9997" worstEnergy="-37.0"
                    bestConformation="Conformation 40.0 -40.0 Frlrrfllrrflfrflfrllfffrrfffllfffflfrllfffrrflfrrfllffrrlrrllrrlflfrflflrlffflfllrfrrlrffrlrrlfrlrr"/>
        <trajectory sample="284" generation="284000"
                    bestEnergy="-40.0" averageEnergy="-39.9994" worstEnergy="-34.0"
                    bestConformation="Conformation 40.0 -40.0 Frlrrfllrrflfrflfrllfffrrfffllfffflfrllfffrrflfrrfllffrrlrrllrrlflfrflflrlffflfllrfrrlrffrlrrlfrlrr"/>
        <trajectory sample="285" generation="285000"
                    bestEnergy="-40.0" averageEnergy="-39.9998" worstEnergy="-38.0"
                    bestConformation="Conformation 40.0 -40.0 Frlrrfllrrflfrflfrllfffrrfffllfffflfrllfffrrflfrrfllffrrlrrllrrlflfrflflrlffflfllrfrrlrffrlrrlfrlrr"/>
        <trajectory sample="286" generation="286000"
                    bestEnergy="-40.0" averageEnergy="-40.0" worstEnergy="-40.0"
                    bestConformation="Conformation 40.0 -40.0 Frlrrfllrrflfrflfrllfffrrfffllfffflfrllfffrrflfrrfllffrrlrrllrrlflfrflflrlffflfllrfrrlrffrlrrlfrlrr"/>
        <trajectory sample="287" generation="287000"
                    bestEnergy="-40.0" averageEnergy="-40.0" worstEnergy="-40.0"
                    bestConformation="Conformation 40.0 -40.0 Frlrrfllrrflfrflfrllfffrrfffllfffflfrllfffrrflfrrfllffrrlrrllrrlflfrflflrlffflfllrfrrlrffrlrrlfrlrr"/>
        <trajectory sample="288" generation="288000"
                    bestEnergy="-40.0" averageEnergy="-40.0" worstEnergy="-40.0"
                    bestConformation="Conformation 40.0 -40.0 Frlrrfllrrflfrflfrllfffrrfffllfffflfrllfffrrflfrrfllffrrlrrllrrlflfrflflrlffflfllrfrrlrffrlrrlfrlrr"/>
        <trajectory sample="289" generation="289000"
                    bestEnergy="-40.0" averageEnergy="-39.9989" worstEnergy="-31.0"
                    bestConformation="Conformation 40.0 -40.0 Frlrrfllrrflfrflfrllfffrrfffllfffflfrllfffrrflfrrfllffrrlrrllrrlflfrflflrlffflfllrfrrlrffrlrrlfrlrr"/>
        <trajectory sample="290" generation="290000"
                    bestEnergy="-40.0" averageEnergy="-39.9994" worstEnergy="-36.0"
                    bestConformation="Conformation 40.0 -40.0 Frlrrfllrrflfrflfrllfffrrfffllfffflfrllfffrrflfrrfllffrrlrrllrrlflfrflflrlffflfllrfrrlrffrlrrlfrlrr"/>
        <trajectory sample="291" generation="291000"
                    bestEnergy="-40.0" averageEnergy="-40.0" worstEnergy="-40.0"
                    bestConformation="Conformation 40.0 -40.0 Frlrrfllrrflfrflfrllfffrrfffllfffflfrllfffrrflfrrfllffrrlrrllrrlflfrflflrlffflfllrfrrlrffrlrrlfrlrr"/>
        <trajectory sample="292" generation="292000"
                    bestEnergy="-40.0" averageEnergy="-40.0" worstEnergy="-40.0"
                    bestConformation="Conformation 40.0 -40.0 Frlrrfllrrflfrflfrllfffrrfffllfffflfrllfffrrflfrrfllffrrlrrllrrlflfrflflrlffflfllrfrrlrffrlrrlfrlrr"/>
        <trajectory sample="293" generation="293000"
                    bestEnergy="-40.0" averageEnergy="-40.0" worstEnergy="-40.0"
                    bestConformation="Conformation 40.0 -40.0 Frlrrfllrrflfrflfrllfffrrfffllfffflfrllfffrrflfrrfllffrrlrrllrrlflfrflflrlffflfllrfrrlrffrlrrlfrlrr"/>
        <trajectory sample="294" generation="294000"
                    bestEnergy="-40.0" averageEnergy="-39.9998" worstEnergy="-38.0"
                    bestConformation="Conformation 40.0 -40.0 Frlrrfllrrflfrflfrllfffrrfffllfffflfrllfffrrflfrrfllffrrlrrllrrlflfrflflrlffflfllrfrrlrffrlrrlfrlrr"/>
        <trajectory sample="295" generation="295000"
                    bestEnergy="-40.0" averageEnergy="-40.0" worstEnergy="-40.0"
                    bestConformation="Conformation 40.0 -40.0 Frlrrfllrrflfrflfrllfffrrfffllfffflfrllfffrrflfrrfllffrrlrrllrrlflfrflflrlffflfllrfrrlrffrlrrlfrlrr"/>
        <trajectory sample="296" generation="296000"
                    bestEnergy="-40.0" averageEnergy="-39.9996" worstEnergy="-36.0"
                    bestConformation="Conformation 40.0 -40.0 Frlrrfllrrflfrflfrllfffrrfffllfffflfrllfffrrflfrrfllffrrlrrllrrlflfrflflrlffflfllrfrrlrffrlrrlfrlrr"/>
        <trajectory sample="297" generation="297000"
                    bestEnergy="-40.0" averageEnergy="-39.9998" worstEnergy="-38.0"
                    bestConformation="Conformation 40.0 -40.0 Frlrrfllrrflfrflfrllfffrrfffllfffflfrllfffrrflfrrfllffrrlrrllrrlflfrflflrlffflfllrfrrlrffrlrrlfrlrr"/>
        <trajectory sample="298" generation="298000"
                    bestEnergy="-40.0" averageEnergy="-39.9996" worstEnergy="-36.0"
                    bestConformation="Conformation 40.0 -40.0 Frlrrfllrrflfrflfrllfffrrfffllfffflfrllfffrrflfrrfllffrrlrrllrrlflfrflflrlffflfllrfrrlrffrlrrlfrlrr"/>
        <trajectory sample="299" generation="299000"
                    bestEnergy="-40.0" averageEnergy="-40.0" worstEnergy="-40.0"
                    bestConformation="Conformation 40.0 -40.0 Frlrrfllrrflfrflfrllfffrrfffllfffflfrllfffrrflfrrfllffrrlrrllrrlflfrflflrlffflfllrfrrlrffrlrrlfrlrr"/>
        <trajectory sample="300" generation="300000"
                    bestEnergy="-40.0" averageEnergy="-39.9995" worstEnergy="-35.0"
                    bestConformation="Conformation 40.0 -40.0 Frlrrfllrrflfrflfrllfffrrfffllfffflfrllfffrrflfrrfllffrrlrrllrrlflfrflflrlffflfllrfrrlrffrlrrlfrlrr"/>
        <trajectory sample="301" generation="301000"
                    bestEnergy="-40.0" averageEnergy="-39.9998" worstEnergy="-38.0"
                    bestConformation="Conformation 40.0 -40.0 Frlrrfllrrflfrflfrllfffrrfffllfffflfrllfffrrflfrrfllffrrlrrllrrlflfrflflrlffflfllrfrrlrffrlrrlfrlrr"/>
        <trajectory sample="302" generation="302000"
                    bestEnergy="-40.0" averageEnergy="-40.0" worstEnergy="-40.0"
                    bestConformation="Conformation 40.0 -40.0 Frlrrfllrrflfrflfrllfffrrfffllfffflfrllfffrrflfrrfllffrrlrrllrrlflfrflflrlffflfllrfrrlrffrlrrlfrlrr"/>
        <trajectory sample="303" generation="303000"
                    bestEnergy="-40.0" averageEnergy="-39.9997" worstEnergy="-37.0"
                    bestConformation="Conformation 40.0 -40.0 Frlrrfllrrflfrflfrllfffrrfffllfffflfrllfffrrflfrrfllffrrlrrllrrlflfrflflrlffflfllrfrrlrffrlrrlfrlrr"/>
        <trajectory sample="304" generation="304000"
                    bestEnergy="-40.0" averageEnergy="-40.0" worstEnergy="-40.0"
                    bestConformation="Conformation 40.0 -40.0 Frlrrfllrrflfrflfrllfffrrfffllfffflfrllfffrrflfrrfllffrrlrrllrrlflfrflflrlffflfllrfrrlrffrlrrlfrlrr"/>
        <trajectory sample="305" generation="305000"
                    bestEnergy="-40.0" averageEnergy="-40.0" worstEnergy="-40.0"
                    bestConformation="Conformation 40.0 -40.0 Frlrrfllrrflfrflfrllfffrrfffllfffflfrllfffrrflfrrfllffrrlrrllrrlflfrflflrlffflfllrfrrlrffrlrrlfrlrr"/>
        <trajectory sample="306" generation="306000"
                    bestEnergy="-40.0" averageEnergy="-40.0" worstEnergy="-40.0"
                    bestConformation="Conformation 40.0 -40.0 Frlrrfllrrflfrflfrllfffrrfffllfffflfrllfffrrflfrrfllffrrlrrllrrlflfrflflrlffflfllrfrrlrffrlrrlfrlrr"/>
        <trajectory sample="307" generation="307000"
                    bestEnergy="-40.0" averageEnergy="-40.0" worstEnergy="-40.0"
                    bestConformation="Conformation 40.0 -40.0 Frlrrfllrrflfrflfrllfffrrfffllfffflfrllfffrrflfrrfllffrrlrrllrrlflfrflflrlffflfllrfrrlrffrlrrlfrlrr"/>
        <trajectory sample="308" generation="308000"
                    bestEnergy="-40.0" averageEnergy="-39.9996" worstEnergy="-36.0"
                    bestConformation="Conformation 40.0 -40.0 Frlrrfllrrflfrflfrllfffrrfffllfffflfrllfffrrflfrrfllffrrlrrllrrlflfrflflrlffflfllrfrrlrffrlrrlfrlrr"/>
        <trajectory sample="309" generation="309000"
                    bestEnergy="-40.0" averageEnergy="-39.9991" worstEnergy="-31.0"
                    bestConformation="Conformation 40.0 -40.0 Frlrrfllrrflfrflfrllfffrrfffllfffflfrllfffrrflfrrfllffrrlrrllrrlflfrflflrlffflfllrfrrlrffrlrrlfrlrr"/>
        <trajectory sample="310" generation="310000"
                    bestEnergy="-40.0" averageEnergy="-39.9989" worstEnergy="-29.0"
                    bestConformation="Conformation 40.0 -40.0 Frlrrfllrrflfrflfrllfffrrfffllfffflfrllfffrrflfrrfllffrrlrrllrrlflfrflflrlffflfllrfrrlrffrlrrlfrlrr"/>
        <trajectory sample="311" generation="311000"
                    bestEnergy="-40.0" averageEnergy="-39.9998" worstEnergy="-38.0"
                    bestConformation="Conformation 40.0 -40.0 Frlrrfllrrflfrflfrllfffrrfffllfffflfrllfffrrflfrrfllffrrlrrllrrlflfrflflrlffflfllrfrrlrffrlrrlfrlrr"/>
        <trajectory sample="312" generation="312000"
                    bestEnergy="-40.0" averageEnergy="-39.9993" worstEnergy="-33.0"
                    bestConformation="Conformation 40.0 -40.0 Frlrrfllrrflfrflfrllfffrrfffllfffflfrllfffrrflfrrfllffrrlrrllrrlflfrflflrlffflfllrfrrlrffrlrrlfrlrr"/>
        <trajectory sample="313" generation="313000"
                    bestEnergy="-40.0" averageEnergy="-39.9998" worstEnergy="-38.0"
                    bestConformation="Conformation 40.0 -40.0 Frlrrfllrrflfrflfrllfffrrfffllfffflfrllfffrrflfrrfllffrrlrrllrrlflfrflflrlffflfllrfrrlrffrlrrlfrlrr"/>
        <trajectory sample="314" generation="314000"
                    bestEnergy="-40.0" averageEnergy="-40.0" worstEnergy="-40.0"
                    bestConformation="Conformation 40.0 -40.0 Frlrrfllrrflfrflfrllfffrrfffllfffflfrllfffrrflfrrfllffrrlrrllrrlflfrflflrlffflfllrfrrlrffrlrrlfrlrr"/>
        <trajectory sample="315" generation="315000"
                    bestEnergy="-40.0" averageEnergy="-40.0" worstEnergy="-40.0"
                    bestConformation="Conformation 40.0 -40.0 Frlrrfllrrflfrflfrllfffrrfffllfffflfrllfffrrflfrrfllffrrlrrllrrlflfrflflrlffflfllrfrrlrffrlrrlfrlrr"/>
        <trajectory sample="316" generation="316000"
                    bestEnergy="-40.0" averageEnergy="-39.9991" worstEnergy="-31.0"
                    bestConformation="Conformation 40.0 -40.0 Frlrrfllrrflfrflfrllfffrrfffllfffflfrllfffrrflfrrfllffrrlrrllrrlflfrflflrlffflfllrfrrlrffrlrrlfrlrr"/>
        <trajectory sample="317" generation="317000"
                    bestEnergy="-40.0" averageEnergy="-39.9998" worstEnergy="-38.0"
                    bestConformation="Conformation 40.0 -40.0 Frlrrfllrrflfrflfrllfffrrfffllfffflfrllfffrrflfrrfllffrrlrrllrrlflfrflflrlffflfllrfrrlrffrlrrlfrlrr"/>
        <trajectory sample="318" generation="318000"
                    bestEnergy="-40.0" averageEnergy="-39.9996" worstEnergy="-36.0"
                    bestConformation="Conformation 40.0 -40.0 Frlrrfllrrflfrflfrllfffrrfffllfffflfrllfffrrflfrrfllffrrlrrllrrlflfrflflrlffflfllrfrrlrffrlrrlfrlrr"/>
        <trajectory sample="319" generation="319000"
                    bestEnergy="-40.0" averageEnergy="-40.0" worstEnergy="-40.0"
                    bestConformation="Conformation 40.0 -40.0 Frlrrfllrrflfrflfrllfffrrfffllfffflfrllfffrrflfrrfllffrrlrrllrrlflfrflflrlffflfllrfrrlrffrlrrlfrlrr"/>
        <trajectory sample="320" generation="320000"
                    bestEnergy="-40.0" averageEnergy="-40.0" worstEnergy="-40.0"
                    bestConformation="Conformation 40.0 -40.0 Frlrrfllrrflfrflfrllfffrrfffllfffflfrllfffrrflfrrfllffrrlrrllrrlflfrflflrlffflfllrfrrlrffrlrrlfrlrr"/>
        <trajectory sample="321" generation="321000"
                    bestEnergy="-40.0" averageEnergy="-39.9998" worstEnergy="-38.0"
                    bestConformation="Conformation 40.0 -40.0 Frlrrfllrrflfrflfrllfffrrfffllfffflfrllfffrrflfrrfllffrrlrrllrrlflfrflflrlffflfllrfrrlrffrlrrlfrlrr"/>
        <trajectory sample="322" generation="322000"
                    bestEnergy="-40.0" averageEnergy="-39.9998" worstEnergy="-38.0"
                    bestConformation="Conformation 40.0 -40.0 Frlrrfllrrflfrflfrllfffrrfffllfffflfrllfffrrflfrrfllffrrlrrllrrlflfrflflrlffflfllrfrrlrffrlrrlfrlrr"/>
        <trajectory sample="323" generation="323000"
                    bestEnergy="-40.0" averageEnergy="-40.0" worstEnergy="-40.0"
                    bestConformation="Conformation 40.0 -40.0 Frlrrfllrrflfrflfrllfffrrfffllfffflfrllfffrrflfrrfllffrrlrrllrrlflfrflflrlffflfllrfrrlrffrlrrlfrlrr"/>
        <trajectory sample="324" generation="324000"
                    bestEnergy="-40.0" averageEnergy="-40.0" worstEnergy="-40.0"
                    bestConformation="Conformation 40.0 -40.0 Frlrrfllrrflfrflfrllfffrrfffllfffflfrllfffrrflfrrfllffrrlrrllrrlflfrflflrlffflfllrfrrlrffrlrrlfrlrr"/>
        <trajectory sample="325" generation="325000"
                    bestEnergy="-40.0" averageEnergy="-39.9991" worstEnergy="-31.0"
                    bestConformation="Conformation 40.0 -40.0 Frlrrfllrrflfrflfrllfffrrfffllfffflfrllfffrrflfrrfllffrrlrrllrrlflfrflflrlffflfllrfrrlrffrlrrlfrlrr"/>
        <trajectory sample="326" generation="326000"
                    bestEnergy="-40.0" averageEnergy="-40.0" worstEnergy="-40.0"
                    bestConformation="Conformation 40.0 -40.0 Frlrrfllrrflfrflfrllfffrrfffllfffflfrllfffrrflfrrfllffrrlrrllrrlflfrflflrlffflfllrfrrlrffrlrrlfrlrr"/>
        <trajectory sample="327" generation="327000"
                    bestEnergy="-40.0" averageEnergy="-40.0" worstEnergy="-40.0"
                    bestConformation="Conformation 40.0 -40.0 Frlrrfllrrflfrflfrllfffrrfffllfffflfrllfffrrflfrrfllffrrlrrllrrlflfrflflrlffflfllrfrrlrffrlrrlfrlrr"/>
        <trajectory sample="328" generation="328000"
                    bestEnergy="-40.0" averageEnergy="-39.999" worstEnergy="-30.0"
                    bestConformation="Conformation 40.0 -40.0 Frlrrfllrrflfrflfrllfffrrfffllfffflfrllfffrrflfrrfllffrrlrrllrrlflfrflflrlffflfllrfrrlrffrlrrlfrlrr"/>
        <trajectory sample="329" generation="329000"
                    bestEnergy="-40.0" averageEnergy="-40.0" worstEnergy="-40.0"
                    bestConformation="Conformation 40.0 -40.0 Frlrrfllrrflfrflfrllfffrrfffllfffflfrllfffrrflfrrfllffrrlrrllrrlflfrflflrlffflfllrfrrlrffrlrrlfrlrr"/>
        <trajectory sample="330" generation="330000"
                    bestEnergy="-40.0" averageEnergy="-39.9998" worstEnergy="-38.0"
                    bestConformation="Conformation 40.0 -40.0 Frlrrfllrrflfrflfrllfffrrfffllfffflfrllfffrrflfrrfllffrrlrrllrrlflfrflflrlffflfllrfrrlrffrlrrlfrlrr"/>
        <trajectory sample="331" generation="331000"
                    bestEnergy="-40.0" averageEnergy="-40.0" worstEnergy="-40.0"
                    bestConformation="Conformation 40.0 -40.0 Frlrrfllrrflfrflfrllfffrrfffllfffflfrllfffrrflfrrfllffrrlrrllrrlflfrflflrlffflfllrfrrlrffrlrrlfrlrr"/>
        <trajectory sample="332" generation="332000"
                    bestEnergy="-40.0" averageEnergy="-39.9997" worstEnergy="-37.0"
                    bestConformation="Conformation 40.0 -40.0 Frlrrfllrrflfrflfrllfffrrfffllfffflfrllfffrrflfrrfllffrrlrrllrrlflfrflflrlffflfllrfrrlrffrlrrlfrlrr"/>
        <trajectory sample="333" generation="333000"
                    bestEnergy="-40.0" averageEnergy="-40.0" worstEnergy="-40.0"
                    bestConformation="Conformation 40.0 -40.0 Frlrrfllrrflfrflfrllfffrrfffllfffflfrllfffrrflfrrfllffrrlrrllrrlflfrflflrlffflfllrfrrlrffrlrrlfrlrr"/>
        <trajectory sample="334" generation="334000"
                    bestEnergy="-40.0" averageEnergy="-39.9991" worstEnergy="-31.0"
                    bestConformation="Conformation 40.0 -40.0 Frlrrfllrrflfrflfrllfffrrfffllfffflfrllfffrrflfrrfllffrrlrrllrrlflfrflflrlffflfllrfrrlrffrlrrlfrlrr"/>
        <trajectory sample="335" generation="335000"
                    bestEnergy="-40.0" averageEnergy="-40.0" worstEnergy="-40.0"
                    bestConformation="Conformation 40.0 -40.0 Frlrrfllrrflfrflfrllfffrrfffllfffflfrllfffrrflfrrfllffrrlrrllrrlflfrflflrlffflfllrfrrlrffrlrrlfrlrr"/>
        <trajectory sample="336" generation="336000"
                    bestEnergy="-40.0" averageEnergy="-39.9996" worstEnergy="-36.0"
                    bestConformation="Conformation 40.0 -40.0 Frlrrfllrrflfrflfrllfffrrfffllfffflfrllfffrrflfrrfllffrrlrrllrrlflfrflflrlffflfllrfrrlrffrlrrlfrlrr"/>
        <trajectory sample="337" generation="337000"
                    bestEnergy="-40.0" averageEnergy="-40.0" worstEnergy="-40.0"
                    bestConformation="Conformation 40.0 -40.0 Frlrrfllrrflfrflfrllfffrrfffllfffflfrllfffrrflfrrfllffrrlrrllrrlflfrflflrlffflfllrfrrlrffrlrrlfrlrr"/>
        <trajectory sample="338" generation="338000"
                    bestEnergy="-40.0" averageEnergy="-40.0" worstEnergy="-40.0"
                    bestConformation="Conformation 40.0 -40.0 Frlrrfllrrflfrflfrllfffrrfffllfffflfrllfffrrflfrrfllffrrlrrllrrlflfrflflrlffflfllrfrrlrffrlrrlfrlrr"/>
        <trajectory sample="339" generation="339000"
                    bestEnergy="-40.0" averageEnergy="-40.0" worstEnergy="-40.0"
                    bestConformation="Conformation 40.0 -40.0 Frlrrfllrrflfrflfrllfffrrfffllfffflfrllfffrrflfrrfllffrrlrrllrrlflfrflflrlffflfllrfrrlrffrlrrlfrlrr"/>
        <trajectory sample="340" generation="340000"
                    bestEnergy="-40.0" averageEnergy="-40.0" worstEnergy="-40.0"
                    bestConformation="Conformation 40.0 -40.0 Frlrrfllrrflfrflfrllfffrrfffllfffflfrllfffrrflfrrfllffrrlrrllrrlflfrflflrlffflfllrfrrlrffrlrrlfrlrr"/>
        <trajectory sample="341" generation="341000"
                    bestEnergy="-40.0" averageEnergy="-40.0" worstEnergy="-40.0"
                    bestConformation="Conformation 40.0 -40.0 Frlrrfllrrflfrflfrllfffrrfffllfffflfrllfffrrflfrrfllffrrlrrllrrlflfrflflrlffflfllrfrrlrffrlrrlfrlrr"/>
        <trajectory sample="342" generation="342000"
                    bestEnergy="-40.0" averageEnergy="-39.9992" worstEnergy="-32.0"
                    bestConformation="Conformation 40.0 -40.0 Frlrrfllrrflfrflfrllfffrrfffllfffflfrllfffrrflfrrfllffrrlrrllrrlflfrflflrlffflfllrfrrlrffrlrrlfrlrr"/>
        <trajectory sample="343" generation="343000"
                    bestEnergy="-40.0" averageEnergy="-39.9989" worstEnergy="-29.0"
                    bestConformation="Conformation 40.0 -40.0 Frlrrfllrrflfrflfrllfffrrfffllfffflfrllfffrrflfrrfllffrrlrrllrrlflfrflflrlffflfllrfrrlrffrlrrlfrlrr"/>
        <trajectory sample="344" generation="344000"
                    bestEnergy="-40.0" averageEnergy="-39.9997" worstEnergy="-37.0"
                    bestConformation="Conformation 40.0 -40.0 Frlrrfllrrflfrflfrllfffrrfffllfffflfrllfffrrflfrrfllffrrlrrllrrlflfrflflrlffflfllrfrrlrffrlrrlfrlrr"/>
        <trajectory sample="345" generation="345000"
                    bestEnergy="-40.0" averageEnergy="-40.0" worstEnergy="-40.0"
                    bestConformation="Conformation 40.0 -40.0 Frlrrfllrrflfrflfrllfffrrfffllfffflfrllfffrrflfrrfllffrrlrrllrrlflfrflflrlffflfllrfrrlrffrlrrlfrlrr"/>
        <trajectory sample="346" generation="346000"
                    bestEnergy="-40.0" averageEnergy="-40.0" worstEnergy="-40.0"
                    bestConformation="Conformation 40.0 -40.0 Frlrrfllrrflfrflfrllfffrrfffllfffflfrllfffrrflfrrfllffrrlrrllrrlflfrflflrlffflfllrfrrlrffrlrrlfrlrr"/>
        <trajectory sample="347" generation="347000"
                    bestEnergy="-40.0" averageEnergy="-39.9996" worstEnergy="-36.0"
                    bestConformation="Conformation 40.0 -40.0 Frlrrfllrrflfrflfrllfffrrfffllfffflfrllfffrrflfrrfllffrrlrrllrrlflfrflflrlffflfllrfrrlrffrlrrlfrlrr"/>
        <trajectory sample="348" generation="348000"
                    bestEnergy="-40.0" averageEnergy="-40.0" worstEnergy="-40.0"
                    bestConformation="Conformation 40.0 -40.0 Frlrrfllrrflfrflfrllfffrrfffllfffflfrllfffrrflfrrfllffrrlrrllrrlflfrflflrlffflfllrfrrlrffrlrrlfrlrr"/>
        <trajectory sample="349" generation="349000"
                    bestEnergy="-40.0" averageEnergy="-39.9992" worstEnergy="-32.0"
                    bestConformation="Conformation 40.0 -40.0 Frlrrfllrrflfrflfrllfffrrfffllfffflfrllfffrrflfrrfllffrrlrrllrrlflfrflflrlffflfllrfrrlrffrlrrlfrlrr"/>
        <trajectory sample="350" generation="350000"
                    bestEnergy="-40.0" averageEnergy="-40.0" worstEnergy="-40.0"
                    bestConformation="Conformation 40.0 -40.0 Frlrrfllrrflfrflfrllfffrrfffllfffflfrllfffrrflfrrfllffrrlrrllrrlflfrflflrlffflfllrfrrlrffrlrrlfrlrr"/>
        <trajectory sample="351" generation="351000"
                    bestEnergy="-40.0" averageEnergy="-40.0" worstEnergy="-40.0"
                    bestConformation="Conformation 40.0 -40.0 Frlrrfllrrflfrflfrllfffrrfffllfffflfrllfffrrflfrrfllffrrlrrllrrlflfrflflrlffflfllrfrrlrffrlrrlfrlrr"/>
        <trajectory sample="352" generation="352000"
                    bestEnergy="-40.0" averageEnergy="-40.0" worstEnergy="-40.0"
                    bestConformation="Conformation 40.0 -40.0 Frlrrfllrrflfrflfrllfffrrfffllfffflfrllfffrrflfrrfllffrrlrrllrrlflfrflflrlffflfllrfrrlrffrlrrlfrlrr"/>
        <trajectory sample="353" generation="353000"
                    bestEnergy="-40.0" averageEnergy="-39.9989" worstEnergy="-29.0"
                    bestConformation="Conformation 40.0 -40.0 Frlrrfllrrflfrflfrllfffrrfffllfffflfrllfffrrflfrrfllffrrlrrllrrlflfrflflrlffflfllrfrrlrffrlrrlfrlrr"/>
        <trajectory sample="354" generation="354000"
                    bestEnergy="-40.0" averageEnergy="-39.9997" worstEnergy="-37.0"
                    bestConformation="Conformation 40.0 -40.0 Frlrrfllrrflfrflfrllfffrrfffllfffflfrllfffrrflfrrfllffrrlrrllrrlflfrflflrlffflfllrfrrlrffrlrrlfrlrr"/>
        <trajectory sample="355" generation="355000"
                    bestEnergy="-40.0" averageEnergy="-39.9998" worstEnergy="-38.0"
                    bestConformation="Conformation 40.0 -40.0 Frlrrfllrrflfrflfrllfffrrfffllfffflfrllfffrrflfrrfllffrrlrrllrrlflfrflflrlffflfllrfrrlrffrlrrlfrlrr"/>
        <trajectory sample="356" generation="356000"
                    bestEnergy="-40.0" averageEnergy="-40.0" worstEnergy="-40.0"
                    bestConformation="Conformation 40.0 -40.0 Frlrrfllrrflfrflfrllfffrrfffllfffflfrllfffrrflfrrfllffrrlrrllrrlflfrflflrlffflfllrfrrlrffrlrrlfrlrr"/>
        <trajectory sample="357" generation="357000"
                    bestEnergy="-40.0" averageEnergy="-39.9998" worstEnergy="-38.0"
                    bestConformation="Conformation 40.0 -40.0 Frlrrfllrrflfrflfrllfffrrfffllfffflfrllfffrrflfrrfllffrrlrrllrrlflfrflflrlffflfllrfrrlrffrlrrlfrlrr"/>
        <trajectory sample="358" generation="358000"
                    bestEnergy="-40.0" averageEnergy="-40.0" worstEnergy="-40.0"
                    bestConformation="Conformation 40.0 -40.0 Frlrrfllrrflfrflfrllfffrrfffllfffflfrllfffrrflfrrfllffrrlrrllrrlflfrflflrlffflfllrfrrlrffrlrrlfrlrr"/>
        <trajectory sample="359" generation="359000"
                    bestEnergy="-40.0" averageEnergy="-39.9998" worstEnergy="-38.0"
                    bestConformation="Conformation 40.0 -40.0 Frlrrfllrrflfrflfrllfffrrfffllfffflfrllfffrrflfrrfllffrrlrrllrrlflfrflflrlffflfllrfrrlrffrlrrlfrlrr"/>
        <trajectory sample="360" generation="360000"
                    bestEnergy="-40.0" averageEnergy="-40.0" worstEnergy="-40.0"
                    bestConformation="Conformation 40.0 -40.0 Frlrrfllrrflfrflfrllfffrrfffllfffflfrllfffrrflfrrfllffrrlrrllrrlflfrflflrlffflfllrfrrlrffrlrrlfrlrr"/>
        <trajectory sample="361" generation="361000"
                    bestEnergy="-40.0" averageEnergy="-40.0" worstEnergy="-40.0"
                    bestConformation="Conformation 40.0 -40.0 Frlrrfllrrflfrflfrllfffrrfffllfffflfrllfffrrflfrrfllffrrlrrllrrlflfrflflrlffflfllrfrrlrffrlrrlfrlrr"/>
        <trajectory sample="362" generation="362000"
                    bestEnergy="-40.0" averageEnergy="-40.0" worstEnergy="-40.0"
                    bestConformation="Conformation 40.0 -40.0 Frlrrfllrrflfrflfrllfffrrfffllfffflfrllfffrrflfrrfllffrrlrrllrrlflfrflflrlffflfllrfrrlrffrlrrlfrlrr"/>
        <trajectory sample="363" generation="363000"
                    bestEnergy="-40.0" averageEnergy="-39.9999" worstEnergy="-39.0"
                    bestConformation="Conformation 40.0 -40.0 Frlrrfllrrflfrflfrllfffrrfffllfffflfrllfffrrflfrrfllffrrlrrllrrlflfrflflrlffflfllrfrrlrffrlrrlfrlrr"/>
        <trajectory sample="364" generation="364000"
                    bestEnergy="-40.0" averageEnergy="-39.9996" worstEnergy="-36.0"
                    bestConformation="Conformation 40.0 -40.0 Frlrrfllrrflfrflfrllfffrrfffllfffflfrllfffrrflfrrfllffrrlrrllrrlflfrflflrlffflfllrfrrlrffrlrrlfrlrr"/>
        <trajectory sample="365" generation="365000"
                    bestEnergy="-40.0" averageEnergy="-40.0" worstEnergy="-40.0"
                    bestConformation="Conformation 40.0 -40.0 Frlrrfllrrflfrflfrllfffrrfffllfffflfrllfffrrflfrrfllffrrlrrllrrlflfrflflrlffflfllrfrrlrffrlrrlfrlrr"/>
        <trajectory sample="366" generation="366000"
                    bestEnergy="-40.0" averageEnergy="-39.9998" worstEnergy="-38.0"
                    bestConformation="Conformation 40.0 -40.0 Frlrrfllrrflfrflfrllfffrrfffllfffflfrllfffrrflfrrfllffrrlrrllrrlflfrflflrlffflfllrfrrlrffrlrrlfrlrr"/>
        <trajectory sample="367" generation="367000"
                    bestEnergy="-40.0" averageEnergy="-39.9996" worstEnergy="-36.0"
                    bestConformation="Conformation 40.0 -40.0 Frlrrfllrrflfrflfrllfffrrfffllfffflfrllfffrrflfrrfllffrrlrrllrrlflfrflflrlffflfllrfrrlrffrlrrlfrlrr"/>
        <trajectory sample="368" generation="368000"
                    bestEnergy="-40.0" averageEnergy="-40.0" worstEnergy="-40.0"
                    bestConformation="Conformation 40.0 -40.0 Frlrrfllrrflfrflfrllfffrrfffllfffflfrllfffrrflfrrfllffrrlrrllrrlflfrflflrlffflfllrfrrlrffrlrrlfrlrr"/>
        <trajectory sample="369" generation="369000"
                    bestEnergy="-40.0" averageEnergy="-39.9998" worstEnergy="-38.0"
                    bestConformation="Conformation 40.0 -40.0 Frlrrfllrrflfrflfrllfffrrfffllfffflfrllfffrrflfrrfllffrrlrrllrrlflfrflflrlffflfllrfrrlrffrlrrlfrlrr"/>
        <trajectory sample="370" generation="370000"
                    bestEnergy="-40.0" averageEnergy="-39.999" worstEnergy="-30.0"
                    bestConformation="Conformation 40.0 -40.0 Frlrrfllrrflfrflfrllfffrrfffllfffflfrllfffrrflfrrfllffrrlrrllrrlflfrflflrlffflfllrfrrlrffrlrrlfrlrr"/>
        <trajectory sample="371" generation="371000"
                    bestEnergy="-40.0" averageEnergy="-39.9998" worstEnergy="-38.0"
                    bestConformation="Conformation 40.0 -40.0 Frlrrfllrrflfrflfrllfffrrfffllfffflfrllfffrrflfrrfllffrrlrrllrrlflfrflflrlffflfllrfrrlrffrlrrlfrlrr"/>
        <trajectory sample="372" generation="372000"
                    bestEnergy="-40.0" averageEnergy="-40.0" worstEnergy="-40.0"
                    bestConformation="Conformation 40.0 -40.0 Frlrrfllrrflfrflfrllfffrrfffllfffflfrllfffrrflfrrfllffrrlrrllrrlflfrflflrlffflfllrfrrlrffrlrrlfrlrr"/>
        <trajectory sample="373" generation="373000"
                    bestEnergy="-40.0" averageEnergy="-40.0" worstEnergy="-40.0"
                    bestConformation="Conformation 40.0 -40.0 Frlrrfllrrflfrflfrllfffrrfffllfffflfrllfffrrflfrrfllffrrlrrllrrlflfrflflrlffflfllrfrrlrffrlrrlfrlrr"/>
        <trajectory sample="374" generation="374000"
                    bestEnergy="-40.0" averageEnergy="-39.9996" worstEnergy="-36.0"
                    bestConformation="Conformation 40.0 -40.0 Frlrrfllrrflfrflfrllfffrrfffllfffflfrllfffrrflfrrfllffrrlrrllrrlflfrflflrlffflfllrfrrlrffrlrrlfrlrr"/>
        <trajectory sample="375" generation="375000"
                    bestEnergy="-40.0" averageEnergy="-40.0" worstEnergy="-40.0"
                    bestConformation="Conformation 40.0 -40.0 Frlrrfllrrflfrflfrllfffrrfffllfffflfrllfffrrflfrrfllffrrlrrllrrlflfrflflrlffflfllrfrrlrffrlrrlfrlrr"/>
        <trajectory sample="376" generation="376000"
                    bestEnergy="-40.0" averageEnergy="-40.0" worstEnergy="-40.0"
                    bestConformation="Conformation 40.0 -40.0 Frlrrfllrrflfrflfrllfffrrfffllfffflfrllfffrrflfrrfllffrrlrrllrrlflfrflflrlffflfllrfrrlrffrlrrlfrlrr"/>
        <trajectory sample="377" generation="377000"
                    bestEnergy="-40.0" averageEnergy="-39.9996" worstEnergy="-36.0"
                    bestConformation="Conformation 40.0 -40.0 Frlrrfllrrflfrflfrllfffrrfffllfffflfrllfffrrflfrrfllffrrlrrllrrlflfrflflrlffflfllrfrrlrffrlrrlfrlrr"/>
        <trajectory sample="378" generation="378000"
                    bestEnergy="-40.0" averageEnergy="-39.9991" worstEnergy="-31.0"
                    bestConformation="Conformation 40.0 -40.0 Frlrrfllrrflfrflfrllfffrrfffllfffflfrllfffrrflfrrfllffrrlrrllrrlflfrflflrlffflfllrfrrlrffrlrrlfrlrr"/>
        <trajectory sample="379" generation="379000"
                    bestEnergy="-40.0" averageEnergy="-40.0" worstEnergy="-40.0"
                    bestConformation="Conformation 40.0 -40.0 Frlrrfllrrflfrflfrllfffrrfffllfffflfrllfffrrflfrrfllffrrlrrllrrlflfrflflrlffflfllrfrrlrffrlrrlfrlrr"/>
        <trajectory sample="380" generation="380000"
                    bestEnergy="-40.0" averageEnergy="-39.9998" worstEnergy="-38.0"
                    bestConformation="Conformation 40.0 -40.0 Frlrrfllrrflfrflfrllfffrrfffllfffflfrllfffrrflfrrfllffrrlrrllrrlflfrflflrlffflfllrfrrlrffrlrrlfrlrr"/>
        <trajectory sample="381" generation="381000"
                    bestEnergy="-40.0" averageEnergy="-40.0" worstEnergy="-40.0"
                    bestConformation="Conformation 40.0 -40.0 Frlrrfllrrflfrflfrllfffrrfffllfffflfrllfffrrflfrrfllffrrlrrllrrlflfrflflrlffflfllrfrrlrffrlrrlfrlrr"/>
        <trajectory sample="382" generation="382000"
                    bestEnergy="-40.0" averageEnergy="-39.9997" worstEnergy="-37.0"
                    bestConformation="Conformation 40.0 -40.0 Frlrrfllrrflfrflfrllfffrrfffllfffflfrllfffrrflfrrfllffrrlrrllrrlflfrflflrlffflfllrfrrlrffrlrrlfrlrr"/>
        <trajectory sample="383" generation="383000"
                    bestEnergy="-40.0" averageEnergy="-40.0" worstEnergy="-40.0"
                    bestConformation="Conformation 40.0 -40.0 Frlrrfllrrflfrflfrllfffrrfffllfffflfrllfffrrflfrrfllffrrlrrllrrlflfrflflrlffflfllrfrrlrffrlrrlfrlrr"/>
        <trajectory sample="384" generation="384000"
                    bestEnergy="-40.0" averageEnergy="-40.0" worstEnergy="-40.0"
                    bestConformation="Conformation 40.0 -40.0 Frlrrfllrrflfrflfrllfffrrfffllfffflfrllfffrrflfrrfllffrrlrrllrrlflfrflflrlffflfllrfrrlrffrlrrlfrlrr"/>
        <trajectory sample="385" generation="385000"
                    bestEnergy="-40.0" averageEnergy="-39.9997" worstEnergy="-37.0"
                    bestConformation="Conformation 40.0 -40.0 Frlrrfllrrflfrflfrllfffrrfffllfffflfrllfffrrflfrrfllffrrlrrllrrlflfrflflrlffflfllrfrrlrffrlrrlfrlrr"/>
        <trajectory sample="386" generation="386000"
                    bestEnergy="-40.0" averageEnergy="-40.0" worstEnergy="-40.0"
                    bestConformation="Conformation 40.0 -40.0 Frlrrfllrrflfrflfrllfffrrfffllfffflfrllfffrrflfrrfllffrrlrrllrrlflfrflflrlffflfllrfrrlrffrlrrlfrlrr"/>
        <trajectory sample="387" generation="387000"
                    bestEnergy="-40.0" averageEnergy="-39.9998" worstEnergy="-38.0"
                    bestConformation="Conformation 40.0 -40.0 Frlrrfllrrflfrflfrllfffrrfffllfffflfrllfffrrflfrrfllffrrlrrllrrlflfrflflrlffflfllrfrrlrffrlrrlfrlrr"/>
        <trajectory sample="388" generation="388000"
                    bestEnergy="-40.0" averageEnergy="-39.9996" worstEnergy="-36.0"
                    bestConformation="Conformation 40.0 -40.0 Frlrrfllrrflfrflfrllfffrrfffllfffflfrllfffrrflfrrfllffrrlrrllrrlflfrflflrlffflfllrfrrlrffrlrrlfrlrr"/>
        <trajectory sample="389" generation="389000"
                    bestEnergy="-40.0" averageEnergy="-40.0" worstEnergy="-40.0"
                    bestConformation="Conformation 40.0 -40.0 Frlrrfllrrflfrflfrllfffrrfffllfffflfrllfffrrflfrrfllffrrlrrllrrlflfrflflrlffflfllrfrrlrffrlrrlfrlrr"/>
        <trajectory sample="390" generation="390000"
                    bestEnergy="-40.0" averageEnergy="-40.0" worstEnergy="-40.0"
                    bestConformation="Conformation 40.0 -40.0 Frlrrfllrrflfrflfrllfffrrfffllfffflfrllfffrrflfrrfllffrrlrrllrrlflfrflflrlffflfllrfrrlrffrlrrlfrlrr"/>
        <trajectory sample="391" generation="391000"
                    bestEnergy="-40.0" averageEnergy="-40.0" worstEnergy="-40.0"
                    bestConformation="Conformation 40.0 -40.0 Frlrrfllrrflfrflfrllfffrrfffllfffflfrllfffrrflfrrfllffrrlrrllrrlflfrflflrlffflfllrfrrlrffrlrrlfrlrr"/>
        <trajectory sample="392" generation="392000"
                    bestEnergy="-40.0" averageEnergy="-40.0" worstEnergy="-40.0"
                    bestConformation="Conformation 40.0 -40.0 Frlrrfllrrflfrflfrllfffrrfffllfffflfrllfffrrflfrrfllffrrlrrllrrlflfrflflrlffflfllrfrrlrffrlrrlfrlrr"/>
        <trajectory sample="393" generation="393000"
                    bestEnergy="-40.0" averageEnergy="-40.0" worstEnergy="-40.0"
                    bestConformation="Conformation 40.0 -40.0 Frlrrfllrrflfrflfrllfffrrfffllfffflfrllfffrrflfrrfllffrrlrrllrrlflfrflflrlffflfllrfrrlrffrlrrlfrlrr"/>
        <trajectory sample="394" generation="394000"
                    bestEnergy="-40.0" averageEnergy="-39.9996" worstEnergy="-37.0"
                    bestConformation="Conformation 40.0 -40.0 Frlrrfllrrflfrflfrllfffrrfffllfffflfrllfffrrflfrrfllffrrlrrllrrlflfrflflrlffflfllrfrrlrffrlrrlfrlrr"/>
        <trajectory sample="395" generation="395000"
                    bestEnergy="-40.0" averageEnergy="-40.0" worstEnergy="-40.0"
                    bestConformation="Conformation 40.0 -40.0 Frlrrfllrrflfrflfrllfffrrfffllfffflfrllfffrrflfrrfllffrrlrrllrrlflfrflflrlffflfllrfrrlrffrlrrlfrlrr"/>
        <trajectory sample="396" generation="396000"
                    bestEnergy="-40.0" averageEnergy="-39.9996" worstEnergy="-36.0"
                    bestConformation="Conformation 40.0 -40.0 Frlrrfllrrflfrflfrllfffrrfffllfffflfrllfffrrflfrrfllffrrlrrllrrlflfrflflrlffflfllrfrrlrffrlrrlfrlrr"/>
        <trajectory sample="397" generation="397000"
                    bestEnergy="-40.0" averageEnergy="-40.0" worstEnergy="-40.0"
                    bestConformation="Conformation 40.0 -40.0 Frlrrfllrrflfrflfrllfffrrfffllfffflfrllfffrrflfrrfllffrrlrrllrrlflfrflflrlffflfllrfrrlrffrlrrlfrlrr"/>
        <trajectory sample="398" generation="398000"
                    bestEnergy="-40.0" averageEnergy="-39.9998" worstEnergy="-38.0"
                    bestConformation="Conformation 40.0 -40.0 Frlrrfllrrflfrflfrllfffrrfffllfffflfrllfffrrflfrrfllffrrlrrllrrlflfrflflrlffflfllrfrrlrffrlrrlfrlrr"/>
        <trajectory sample="399" generation="399000"
                    bestEnergy="-40.0" averageEnergy="-40.0" worstEnergy="-40.0"
                    bestConformation="Conformation 40.0 -40.0 Frlrrfllrrflfrflfrllfffrrfffllfffflfrllfffrrflfrrfllffrrlrrllrrlflfrflflrlffflfllrfrrlrffrlrrlfrlrr"/>
        <trajectory sample="400" generation="400000"
                    bestEnergy="-40.0" averageEnergy="-39.9997" worstEnergy="-37.0"
                    bestConformation="Conformation 40.0 -40.0 Frlrrfllrrflfrflfrllfffrrfffllfffflfrllfffrrflfrrfllffrrlrrllrrlflfrflflrlffflfllrfrrlrffrlrrlfrlrr"/>
    </run>
    <run number="5" numberOfGenerations="400001" populationSize="10000">
        <trajectory sample="0" generation="0"
                    bestEnergy="-25.0" averageEnergy="-10.7124" worstEnergy="-1.0"
                    bestConformation="Conformation 40.0 -40.0 Flfrrflfrlfflrrfrflrrlfrllrfllfffrlfrllfrrlrrlrllrllfrrffrffrllffrflfrllfflrlffrfffrrfflfflfflfllrr"/>
        <trajectory sample="1" generation="1000"
                    bestEnergy="-25.0" averageEnergy="-11.3928" worstEnergy="-6.0"
                    bestConformation="Conformation 40.0 -40.0 Flfrrflfrlfflrrfrflrrlfrllrfllfffrlfrllfrrlrrlrllrllfrrffrffrllffrflfrllfflrlffrfffrrfflfflfflfllrr"/>
        <trajectory sample="2" generation="2000"
                    bestEnergy="-25.0" averageEnergy="-11.9123" worstEnergy="-7.0"
                    bestConformation="Conformation 40.0 -40.0 Flfrrflfrlfflrrfrflrrlfrllrfllfffrlfrllfrrlrrlrllrllfrrffrffrllffrflfrllfflrlffrfffrrfflfflfflfllrr"/>
        <trajectory sample="3" generation="3000"
                    bestEnergy="-25.0" averageEnergy="-12.38" worstEnergy="-8.0"
                    bestConformation="Conformation 40.0 -40.0 Flfrrflfrlfflrrfrflrrlfrllrfllfffrlfrllfrrlrrlrllrllfrrffrffrllffrflfrllfflrlffrfffrrfflfflfflfllrr"/>
        <trajectory sample="4" generation="4000"
                    bestEnergy="-25.0" averageEnergy="-12.8331" worstEnergy="-9.0"
                    bestConformation="Conformation 40.0 -40.0 Flfrrflfrlfflrrfrflrrlfrllrfllfffrlfrllfrrlrrlrllrllfrrffrffrllffrflfrllfflrlffrfffrrfflfflfflfllrr"/>
        <trajectory sample="5" generation="5000"
                    bestEnergy="-25.0" averageEnergy="-13.2606" worstEnergy="-10.0"
                    bestConformation="Conformation 40.0 -40.0 Flfrrflfrlfflrrfrflrrlfrllrfllfffrlfrllfrrlrrlrllrllfrrffrffrllffrflfrllfflrlffrfffrrfflfflfflfllrr"/>
        <trajectory sample="6" generation="6000"
                    bestEnergy="-25.0" averageEnergy="-13.6413" worstEnergy="-10.0"
                    bestConformation="Conformation 40.0 -40.0 Flfrrflfrlfflrrfrflrrlfrllrfllfffrlfrllfrrlrrlrllrllfrrffrffrllffrflfrllfflrlffrfffrrfflfflfflfllrr"/>
        <trajectory sample="7" generation="7000"
                    bestEnergy="-25.0" averageEnergy="-14.0173" worstEnergy="-11.0"
                    bestConformation="Conformation 40.0 -40.0 Flfrrflfrlfflrrfrflrrlfrllrfllfffrlfrllfrrlrrlrllrllfrrffrffrllffrflfrllfflrlffrfffrrfflfflfflfllrr"/>
        <trajectory sample="8" generation="8000"
                    bestEnergy="-25.0" averageEnergy="-14.3551" worstEnergy="-11.0"
                    bestConformation="Conformation 40.0 -40.0 Flfrrflfrlfflrrfrflrrlfrllrfllfffrlfrllfrrlrrlrllrllfrrffrffrllffrflfrllfflrlffrfffrrfflfflfflfllrr"/>
        <trajectory sample="9" generation="9000"
                    bestEnergy="-25.0" averageEnergy="-14.6988" worstEnergy="-12.0"
                    bestConformation="Conformation 40.0 -40.0 Flfrrflfrlfflrrfrflrrlfrllrfllfffrlfrllfrrlrrlrllrllfrrffrffrllffrflfrllfflrlffrfffrrfflfflfflfllrr"/>
        <trajectory sample="10" generation="10000"
                    bestEnergy="-25.0" averageEnergy="-14.9975" worstEnergy="-12.0"
                    bestConformation="Conformation 40.0 -40.0 Flfrrflfrlfflrrfrflrrlfrllrfllfffrlfrllfrrlrrlrllrllfrrffrffrllffrflfrllfflrlffrfffrrfflfflfflfllrr"/>
        <trajectory sample="11" generation="11000"
                    bestEnergy="-25.0" averageEnergy="-15.3088" worstEnergy="-12.0"
                    bestConformation="Conformation 40.0 -40.0 Flfrrflfrlfflrrfrflrrlfrllrfllfffrlfrllfrrlrrlrllrllfrrffrffrllffrflfrllfflrlffrfffrrfflfflfflfllrr"/>
        <trajectory sample="12" generation="12000"
                    bestEnergy="-25.0" averageEnergy="-15.5933" worstEnergy="-13.0"
                    bestConformation="Conformation 40.0 -40.0 Flfrrflfrlfflrrfrflrrlfrllrfllfffrlfrllfrrlrrlrllrllfrrffrffrllffrflfrllfflrlffrfffrrfflfflfflfllrr"/>
        <trajectory sample="13" generation="13000"
                    bestEnergy="-25.0" averageEnergy="-15.8602" worstEnergy="-13.0"
                    bestConformation="Conformation 40.0 -40.0 Flfrrflfrlfflrrfrflrrlfrllrfllfffrlfrllfrrlrrlrllrllfrrffrffrllffrflfrllfflrlffrfffrrfflfflfflfllrr"/>
        <trajectory sample="14" generation="14000"
                    bestEnergy="-25.0" averageEnergy="-16.1666" worstEnergy="-13.0"
                    bestConformation="Conformation 40.0 -40.0 Flfrrflfrlfflrrfrflrrlfrllrfllfffrlfrllfrrlrrlrllrllfrrffrffrllffrflfrllfflrlffrfffrrfflfflfflfllrr"/>
        <trajectory sample="15" generation="15000"
                    bestEnergy="-25.0" averageEnergy="-16.3948" worstEnergy="-14.0"
                    bestConformation="Conformation 40.0 -40.0 Flfrrflfrlfflrrfrflrrlfrllrfllfffrlfrllfrrlrrlrllrllfrrffrffrllffrflfrllfflrlffrfffrrfflfflfflfllrr"/>
        <trajectory sample="16" generation="16000"
                    bestEnergy="-25.0" averageEnergy="-16.631" worstEnergy="-14.0"
                    bestConformation="Conformation 40.0 -40.0 Flfrrflfrlfflrrfrflrrlfrllrfllfffrlfrllfrrlrrlrllrllfrrffrffrllffrflfrllfflrlffrfffrrfflfflfflfllrr"/>
        <trajectory sample="17" generation="17000"
                    bestEnergy="-25.0" averageEnergy="-16.9048" worstEnergy="-14.0"
                    bestConformation="Conformation 40.0 -40.0 Flfrrflfrlfflrrfrflrrlfrllrfllfffrlfrllfrrlrrlrllrllfrrffrffrllffrflfrllfflrlffrfffrrfflfflfflfllrr"/>
        <trajectory sample="18" generation="18000"
                    bestEnergy="-25.0" averageEnergy="-17.1425" worstEnergy="-15.0"
                    bestConformation="Conformation 40.0 -40.0 Flfrrflfrlfflrrfrflrrlfrllrfllfffrlfrllfrrlrrlrllrllfrrffrffrllffrflfrllfflrlffrfffrrfflfflfflfllrr"/>
        <trajectory sample="19" generation="19000"
                    bestEnergy="-27.0" averageEnergy="-17.3716" worstEnergy="-15.0"
                    bestConformation="Conformation 40.0 -40.0 Flfrlflfrlfflrrfrflrrlfrllrfllffrlffrllfrrlrrlrllrllfrrffrffrllffrflfrllfflrlffrfffrrfflfflfflfllrr"/>
        <trajectory sample="20" generation="20000"
                    bestEnergy="-27.0" averageEnergy="-17.6129" worstEnergy="-15.0"
                    bestConformation="Conformation 40.0 -40.0 Flfrlflfrlfflrrfrflrrlfrllrfllffrlffrllfrrlrrlrllrllfrrffrffrllffrflfrllfflrlffrfffrrfflfflfflfllrr"/>
        <trajectory sample="21" generation="21000"
                    bestEnergy="-27.0" averageEnergy="-17.8421" worstEnergy="-16.0"
                    bestConformation="Conformation 40.0 -40.0 Flfrlflfrlfflrrfrflrrlfrllrfllffrlffrllfrrlrrlrllrllfrrffrffrllffrflfrllfflrlffrfffrrfflfflfflfllrr"/>
        <trajectory sample="22" generation="22000"
                    bestEnergy="-27.0" averageEnergy="-18.04" worstEnergy="-16.0"
                    bestConformation="Conformation 40.0 -40.0 Flfrlflfrlfflrrfrflrrlfrllrfllffrlffrllfrrlrrlrllrllfrrffrffrllffrflfrllfflrlffrfffrrfflfflfflfllrr"/>
        <trajectory sample="23" generation="23000"
                    bestEnergy="-27.0" averageEnergy="-18.2467" worstEnergy="-16.0"
                    bestConformation="Conformation 40.0 -40.0 Flfrlflfrlfflrrfrflrrlfrllrfllffrlffrllfrrlrrlrllrllfrrffrffrllffrflfrllfflrlffrfffrrfflfflfflfllrr"/>
        <trajectory sample="24" generation="24000"
                    bestEnergy="-27.0" averageEnergy="-18.4606" worstEnergy="-16.0"
                    bestConformation="Conformation 40.0 -40.0 Flfrlflfrlfflrrfrflrrlfrllrfllffrlffrllfrrlrrlrllrllfrrffrffrllffrflfrllfflrlffrfffrrfflfflfflfllrr"/>
        <trajectory sample="25" generation="25000"
                    bestEnergy="-27.0" averageEnergy="-18.6723" worstEnergy="-17.0"
                    bestConformation="Conformation 40.0 -40.0 Flfrlflfrlfflrrfrflrrlfrllrfllffrlffrllfrrlrrlrllrllfrrffrffrllffrflfrllfflrlffrfffrrfflfflfflfllrr"/>
        <trajectory sample="26" generation="26000"
                    bestEnergy="-27.0" averageEnergy="-18.8413" worstEnergy="-17.0"
                    bestConformation="Conformation 40.0 -40.0 Flfrlflfrlfflrrfrflrrlfrllrfllffrlffrllfrrlrrlrllrllfrrffrffrllffrflfrllfflrlffrfffrrfflfflfflfllrr"/>
        <trajectory sample="27" generation="27000"
                    bestEnergy="-27.0" averageEnergy="-19.018" worstEnergy="-17.0"
                    bestConformation="Conformation 40.0 -40.0 Flfrlflfrlfflrrfrflrrlfrllrfllffrlffrllfrrlrrlrllrllfrrffrffrllffrflfrllfflrlffrfffrrfflfflfflfllrr"/>
        <trajectory sample="28" generation="28000"
                    bestEnergy="-27.0" averageEnergy="-19.213" worstEnergy="-17.0"
                    bestConformation="Conformation 40.0 -40.0 Flfrlflfrlfflrrfrflrrlfrllrfllffrlffrllfrrlrrlrllrllfrrffrffrllffrflfrllfflrlffrfffrrfflfflfflfllrr"/>
        <trajectory sample="29" generation="29000"
                    bestEnergy="-27.0" averageEnergy="-19.4079" worstEnergy="-17.0"
                    bestConformation="Conformation 40.0 -40.0 Flfrlflfrlfflrrfrflrrlfrllrfllffrlffrllfrrlrrlrllrllfrrffrffrllffrflfrllfflrlffrfffrrfflfflfflfllrr"/>
        <trajectory sample="30" generation="30000"
                    bestEnergy="-27.0" averageEnergy="-19.5769" worstEnergy="-17.0"
                    bestConformation="Conformation 40.0 -40.0 Flfrlflfrlfflrrfrflrrlfrllrfllffrlffrllfrrlrrlrllrllfrrffrffrllffrflfrllfflrlffrfffrrfflfflfflfllrr"/>
        <trajectory sample="31" generation="31000"
                    bestEnergy="-27.0" averageEnergy="-19.7306" worstEnergy="-18.0"
                    bestConformation="Conformation 40.0 -40.0 Flfrlflfrlfflrrfrflrrlfrllrfllffrlffrllfrrlrrlrllrllfrrffrffrllffrflfrllfflrlffrfffrrfflfflfflfllrr"/>
        <trajectory sample="32" generation="32000"
                    bestEnergy="-27.0" averageEnergy="-19.9004" worstEnergy="-18.0"
                    bestConformation="Conformation 40.0 -40.0 Flfrlflfrlfflrrfrflrrlfrllrfllffrlffrllfrrlrrlrllrllfrrffrffrllffrflfrllfflrlffrfffrrfflfflfflfllrr"/>
        <trajectory sample="33" generation="33000"
                    bestEnergy="-27.0" averageEnergy="-20.0624" worstEnergy="-18.0"
                    bestConformation="Conformation 40.0 -40.0 Flfrlflfrlfflrrfrflrrlfrllrfllffrlffrllfrrlrrlrllrllfrrffrffrllffrflfrllfflrlffrfffrrfflfflfflfllrr"/>
        <trajectory sample="34" generation="34000"
                    bestEnergy="-27.0" averageEnergy="-20.2437" worstEnergy="-18.0"
                    bestConformation="Conformation 40.0 -40.0 Flfrlflfrlfflrrfrflrrlfrllrfllffrlffrllfrrlrrlrllrllfrrffrffrllffrflfrllfflrlffrfffrrfflfflfflfllrr"/>
        <trajectory sample="35" generation="35000"
                    bestEnergy="-27.0" averageEnergy="-20.387" worstEnergy="-16.0"
                    bestConformation="Conformation 40.0 -40.0 Flfrlflfrlfflrrfrflrrlfrllrfllffrlffrllfrrlrrlrllrllfrrffrffrllffrflfrllfflrlffrfffrrfflfflfflfllrr"/>
        <trajectory sample="36" generation="36000"
                    bestEnergy="-28.0" averageEnergy="-20.5144" worstEnergy="-19.0"
                    bestConformation="Conformation 40.0 -40.0 Flllfflfrlfflrrfrflrrlfrllrfllffrlffrllfrrlrrlrllrllfrrffrffrllffrlfrfllfflrlffrfffrrfflfflfflfllrr"/>
        <trajectory sample="37" generation="37000"
                    bestEnergy="-28.0" averageEnergy="-20.6543" worstEnergy="-18.0"
                    bestConformation="Conformation 40.0 -40.0 Flllfflfrlfflrrfrflrrlfrllrfllffrlffrllfrrlrrlrllrllfrrffrffrllffrlfrfllfflrlffrfffrrfflfflfflfllrr"/>
        <trajectory sample="38" generation="38000"
                    bestEnergy="-28.0" averageEnergy="-20.8009" worstEnergy="-19.0"
                    bestConformation="Conformation 40.0 -40.0 Flllfflfrlfflrrfrflrrlfrllrfllffrlffrllfrrlrrlrllrllfrrffrffrllffrlfrfllfflrlffrfffrrfflfflfflfllrr"/>
        <trajectory sample="39" generation="39000"
                    bestEnergy="-28.0" averageEnergy="-20.9606" worstEnergy="-19.0"
                    bestConformation="Conformation 40.0 -40.0 Flllfflfrlfflrrfrflrrlfrllrfllffrlffrllfrrlrrlrllrllfrrffrffrllffrlfrfllfflrlffrfffrrfflfflfflfllrr"/>
        <trajectory sample="40" generation="40000"
                    bestEnergy="-28.0" averageEnergy="-21.1215" worstEnergy="-19.0"
                    bestConformation="Conformation 40.0 -40.0 Flllfflfrlfflrrfrflrrlfrllrfllffrlffrllfrrlrrlrllrllfrrffrffrllffrlfrfllfflrlffrfffrrfflfflfflfllrr"/>
        <trajectory sample="41" generation="41000"
                    bestEnergy="-28.0" averageEnergy="-21.2362" worstEnergy="-18.0"
                    bestConformation="Conformation 40.0 -40.0 Flllfflfrlfflrrfrflrrlfrllrfllffrlffrllfrrlrrlrllrllfrrffrffrllffrlfrfllfflrlffrfffrrfflfflfflfllrr"/>
        <trajectory sample="42" generation="42000"
                    bestEnergy="-28.0" averageEnergy="-21.3457" worstEnergy="-20.0"
                    bestConformation="Conformation 40.0 -40.0 Flllfflfrlfflrrfrflrrlfrllrfllffrlffrllfrrlrrlrllrllfrrffrffrllffrlfrfllfflrlffrfffrrfflfflfflfllrr"/>
        <trajectory sample="43" generation="43000"
                    bestEnergy="-28.0" averageEnergy="-21.4581" worstEnergy="-13.0"
                    bestConformation="Conformation 40.0 -40.0 Flllfflfrlfflrrfrflrrlfrllrfllffrlffrllfrrlrrlrllrllfrrffrffrllffrlfrfllfflrlffrfffrrfflfflfflfllrr"/>
        <trajectory sample="44" generation="44000"
                    bestEnergy="-28.0" averageEnergy="-21.5781" worstEnergy="-20.0"
                    bestConformation="Conformation 40.0 -40.0 Flllfflfrlfflrrfrflrrlfrllrfllffrlffrllfrrlrrlrllrllfrrffrffrllffrlfrfllfflrlffrfffrrfflfflfflfllrr"/>
        <trajectory sample="45" generation="45000"
                    bestEnergy="-28.0" averageEnergy="-21.7061" worstEnergy="-20.0"
                    bestConformation="Conformation 40.0 -40.0 Flllfflfrlfflrrfrflrrlfrllrfllffrlffrllfrrlrrlrllrllfrrffrffrllffrlfrfllfflrlffrfffrrfflfflfflfllrr"/>
        <trajectory sample="46" generation="46000"
                    bestEnergy="-28.0" averageEnergy="-21.8526" worstEnergy="-20.0"
                    bestConformation="Conformation 40.0 -40.0 Flllfflfrlfflrrfrflrrlfrllrfllffrlffrllfrrlrrlrllrllfrrffrffrllffrlfrfllfflrlffrfffrrfflfflfflfllrr"/>
        <trajectory sample="47" generation="47000"
                    bestEnergy="-28.0" averageEnergy="-21.9779" worstEnergy="-21.0"
                    bestConformation="Conformation 40.0 -40.0 Flllfflfrlfflrrfrflrrlfrllrfllffrlffrllfrrlrrlrllrllfrrffrffrllffrlfrfllfflrlffrfffrrfflfflfflfllrr"/>
        <trajectory sample="48" generation="48000"
                    bestEnergy="-28.0" averageEnergy="-22.0687" worstEnergy="-20.0"
                    bestConformation="Conformation 40.0 -40.0 Flllfflfrlfflrrfrflrrlfrllrfllffrlffrllfrrlrrlrllrllfrrffrffrllffrlfrfllfflrlffrfffrrfflfflfflfllrr"/>
        <trajectory sample="49" generation="49000"
                    bestEnergy="-28.0" averageEnergy="-22.1652" worstEnergy="-21.0"
                    bestConformation="Conformation 40.0 -40.0 Flllfflfrlfflrrfrflrrlfrllrfllffrlffrllfrrlrrlrllrllfrrffrffrllffrlfrfllfflrlffrfffrrfflfflfflfllrr"/>
        <trajectory sample="50" generation="50000"
                    bestEnergy="-28.0" averageEnergy="-22.2675" worstEnergy="-19.0"
                    bestConformation="Conformation 40.0 -40.0 Flllfflfrlfflrrfrflrrlfrllrfllffrlffrllfrrlrrlrllrllfrrffrffrllffrlfrfllfflrlffrfffrrfflfflfflfllrr"/>
        <trajectory sample="51" generation="51000"
                    bestEnergy="-28.0" averageEnergy="-22.3768" worstEnergy="-21.0"
                    bestConformation="Conformation 40.0 -40.0 Flllfflfrlfflrrfrflrrlfrllrfllffrlffrllfrrlrrlrllrllfrrffrffrllffrlfrfllfflrlffrfffrrfflfflfflfllrr"/>
        <trajectory sample="52" generation="52000"
                    bestEnergy="-29.0" averageEnergy="-22.4914" worstEnergy="-20.0"
                    bestConformation="Conformation 40.0 -40.0 Flrllflfrlfflrrfrflrrlfrllrfllffrlffrllfrrlrrlrllrllfrrffrffrllffrflfrllfflrlffrfffrrfflfflfflfllrr"/>
        <trajectory sample="53" generation="53000"
                    bestEnergy="-29.0" averageEnergy="-22.6044" worstEnergy="-21.0"
                    bestConformation="Conformation 40.0 -40.0 Flrllflfrlfflrrfrflrrlfrllrfllffrlffrllfrrlrrlrllrllfrrffrffrllffrflfrllfflrlffrfffrrfflfflfflfllrr"/>
        <trajectory sample="54" generation="54000"
                    bestEnergy="-29.0" averageEnergy="-22.7305" worstEnergy="-21.0"
                    bestConformation="Conformation 40.0 -40.0 Flrllflfrlfflrrfrflrrlfrllrfllffrlffrllfrrlrrlrllrllfrrffrffrllffrflfrllfflrlffrfffrrfflfflfflfllrr"/>
        <trajectory sample="55" generation="55000"
                    bestEnergy="-30.0" averageEnergy="-22.8661" worstEnergy="-22.0"
                    bestConformation="Conformation 40.0 -40.0 Flrrfllfrlfflrrfrflrrlfrllrfllfffrlfrllfrrlrrlrllrllfrrffrffrllffrflrlflfflrlffrfffrrfflfflfflfllrr"/>
        <trajectory sample="56" generation="56000"
                    bestEnergy="-30.0" averageEnergy="-22.9399" worstEnergy="-22.0"
                    bestConformation="Conformation 40.0 -40.0 Flrrfllfrlfflrrfrflrrlfrllrfllfffrlfrllfrrlrrlrllrllfrrffrffrllffrflrlflfflrlffrfffrrfflfflfflfllrr"/>
        <trajectory sample="57" generation="57000"
                    bestEnergy="-30.0" averageEnergy="-23.0257" worstEnergy="-19.0"
                    bestConformation="Conformation 40.0 -40.0 Flrrfllfrlfflrrfrflrrlfrllrfllfffrlfrllfrrlrrlrllrllfrrffrffrllffrflrlflfflrlffrfffrrfflfflfflfllrr"/>
        <trajectory sample="58" generation="58000"
                    bestEnergy="-30.0" averageEnergy="-23.1147" worstEnergy="-22.0"
                    bestConformation="Conformation 40.0 -40.0 Flrrfllfrlfflrrfrflrrlfrllrfllfffrlfrllfrrlrrlrllrllfrrffrffrllffrflrlflfflrlffrfffrrfflfflfflfllrr"/>
        <trajectory sample="59" generation="59000"
                    bestEnergy="-30.0" averageEnergy="-23.2055" worstEnergy="-22.0"
                    bestConformation="Conformation 40.0 -40.0 Flrrfllfrlfflrrfrflrrlfrllrfllfffrlfrllfrrlrrlrllrllfrrffrffrllffrflrlflfflrlffrfffrrfflfflfflfllrr"/>
        <trajectory sample="60" generation="60000"
                    bestEnergy="-30.0" averageEnergy="-23.3036" worstEnergy="-18.0"
                    bestConformation="Conformation 40.0 -40.0 Flrrfllfrlfflrrfrflrrlfrllrfllfffrlfrllfrrlrrlrllrllfrrffrffrllffrflrlflfflrlffrfffrrfflfflfflfllrr"/>
        <trajectory sample="61" generation="61000"
                    bestEnergy="-30.0" averageEnergy="-23.4155" worstEnergy="-22.0"
                    bestConformation="Conformation 40.0 -40.0 Flrrfllfrlfflrrfrflrrlfrllrfllfffrlfrllfrrlrrlrllrllfrrffrffrllffrflrlflfflrlffrfffrrfflfflfflfllrr"/>
        <trajectory sample="62" generation="62000"
                    bestEnergy="-30.0" averageEnergy="-23.526" worstEnergy="-22.0"
                    bestConformation="Conformation 40.0 -40.0 Flrrfllfrlfflrrfrflrrlfrllrfllfffrlfrllfrrlrrlrllrllfrrffrffrllffrflrlflfflrlffrfffrrfflfflfflfllrr"/>
        <trajectory sample="63" generation="63000"
                    bestEnergy="-30.0" averageEnergy="-23.644" worstEnergy="-22.0"
                    bestConformation="Conformation 40.0 -40.0 Flrrfllfrlfflrrfrflrrlfrllrfllfffrlfrllfrrlrrlrllrllfrrffrffrllffrflrlflfflrlffrfffrrfflfflfflfllrr"/>
        <trajectory sample="64" generation="64000"
                    bestEnergy="-30.0" averageEnergy="-23.7626" worstEnergy="-22.0"
                    bestConformation="Conformation 40.0 -40.0 Flrrfllfrlfflrrfrflrrlfrllrfllfffrlfrllfrrlrrlrllrllfrrffrffrllffrflrlflfflrlffrfffrrfflfflfflfllrr"/>
        <trajectory sample="65" generation="65000"
                    bestEnergy="-30.0" averageEnergy="-23.8587" worstEnergy="-22.0"
                    bestConformation="Conformation 40.0 -40.0 Flrrfllfrlfflrrfrflrrlfrllrfllfffrlfrllfrrlrrlrllrllfrrffrffrllffrflrlflfflrlffrfffrrfflfflfflfllrr"/>
        <trajectory sample="66" generation="66000"
                    bestEnergy="-30.0" averageEnergy="-23.9346" worstEnergy="-22.0"
                    bestConformation="Conformation 40.0 -40.0 Flrrfllfrlfflrrfrflrrlfrllrfllfffrlfrllfrrlrrlrllrllfrrffrffrllffrflrlflfflrlffrfffrrfflfflfflfllrr"/>
        <trajectory sample="67" generation="67000"
                    bestEnergy="-30.0" averageEnergy="-24.0193" worstEnergy="-23.0"
                    bestConformation="Conformation 40.0 -40.0 Flrrfllfrlfflrrfrflrrlfrllrfllfffrlfrllfrrlrrlrllrllfrrffrffrllffrflrlflfflrlffrfffrrfflfflfflfllrr"/>
        <trajectory sample="68" generation="68000"
                    bestEnergy="-30.0" averageEnergy="-24.1085" worstEnergy="-21.0"
                    bestConformation="Conformation 40.0 -40.0 Flrrfllfrlfflrrfrflrrlfrllrfllfffrlfrllfrrlrrlrllrllfrrffrffrllffrflrlflfflrlffrfffrrfflfflfflfllrr"/>
        <trajectory sample="69" generation="69000"
                    bestEnergy="-30.0" averageEnergy="-24.1947" worstEnergy="-18.0"
                    bestConformation="Conformation 40.0 -40.0 Flrrfllfrlfflrrfrflrrlfrllrfllfffrlfrllfrrlrrlrllrllfrrffrffrllffrflrlflfflrlffrfffrrfflfflfflfllrr"/>
        <trajectory sample="70" generation="70000"
                    bestEnergy="-30.0" averageEnergy="-24.2829" worstEnergy="-22.0"
                    bestConformation="Conformation 40.0 -40.0 Flrrfllfrlfflrrfrflrrlfrllrfllfffrlfrllfrrlrrlrllrllfrrffrffrllffrflrlflfflrlffrfffrrfflfflfflfllrr"/>
        <trajectory sample="71" generation="71000"
                    bestEnergy="-30.0" averageEnergy="-24.3802" worstEnergy="-23.0"
                    bestConformation="Conformation 40.0 -40.0 Flrrfllfrlfflrrfrflrrlfrllrfllfffrlfrllfrrlrrlrllrllfrrffrffrllffrflrlflfflrlffrfffrrfflfflfflfllrr"/>
        <trajectory sample="72" generation="72000"
                    bestEnergy="-30.0" averageEnergy="-24.4865" worstEnergy="-23.0"
                    bestConformation="Conformation 40.0 -40.0 Flrrfllfrlfflrrfrflrrlfrllrfllfffrlfrllfrrlrrlrllrllfrrffrffrllffrflrlflfflrlffrfffrrfflfflfflfllrr"/>
        <trajectory sample="73" generation="73000"
                    bestEnergy="-30.0" averageEnergy="-24.6003" worstEnergy="-23.0"
                    bestConformation="Conformation 40.0 -40.0 Flrrfllfrlfflrrfrflrrlfrllrfllfffrlfrllfrrlrrlrllrllfrrffrffrllffrflrlflfflrlffrfffrrfflfflfflfllrr"/>
        <trajectory sample="74" generation="74000"
                    bestEnergy="-31.0" averageEnergy="-24.7319" worstEnergy="-23.0"
                    bestConformation="Conformation 40.0 -40.0 Ffrllflfrlfflrrfrflrrlfrllrfllffrlffrllfrrlrrlrllrllfrrffrffrllfffrflrllfflrlffrfffrrfflfflfflfllrr"/>
        <trajectory sample="75" generation="75000"
                    bestEnergy="-31.0" averageEnergy="-24.8293" worstEnergy="-24.0"
                    bestConformation="Conformation 40.0 -40.0 Ffrllflfrlfflrrfrflrrlfrllrfllffrlffrllfrrlrrlrllrllfrrffrffrllfffrflrllfflrlffrfffrrfflfflfflfllrr"/>
        <trajectory sample="76" generation="76000"
                    bestEnergy="-31.0" averageEnergy="-24.9058" worstEnergy="-24.0"
                    bestConformation="Conformation 40.0 -40.0 Ffrllflfrlfflrrfrflrrlfrllrfllffrlffrllfrrlrrlrllrllfrrffrffrllfffrflrllfflrlffrfffrrfflfflfflfllrr"/>
        <trajectory sample="77" generation="77000"
                    bestEnergy="-31.0" averageEnergy="-24.9801" worstEnergy="-24.0"
                    bestConformation="Conformation 40.0 -40.0 Ffrllflfrlfflrrfrflrrlfrllrfllffrlffrllfrrlrrlrllrllfrrffrffrllfffrflrllfflrlffrfffrrfflfflfflfllrr"/>
        <trajectory sample="78" generation="78000"
                    bestEnergy="-31.0" averageEnergy="-25.0623" worstEnergy="-23.0"
                    bestConformation="Conformation 40.0 -40.0 Ffrllflfrlfflrrfrflrrlfrllrfllffrlffrllfrrlrrlrllrllfrrffrffrllfffrflrllfflrlffrfffrrfflfflfflfllrr"/>
        <trajectory sample="79" generation="79000"
                    bestEnergy="-31.0" averageEnergy="-25.1497" worstEnergy="-24.0"
                    bestConformation="Conformation 40.0 -40.0 Ffrllflfrlfflrrfrflrrlfrllrfllffrlffrllfrrlrrlrllrllfrrffrffrllfffrflrllfflrlffrfffrrfflfflfflfllrr"/>
        <trajectory sample="80" generation="80000"
                    bestEnergy="-31.0" averageEnergy="-25.2396" worstEnergy="-22.0"
                    bestConformation="Conformation 40.0 -40.0 Ffrllflfrlfflrrfrflrrlfrllrfllffrlffrllfrrlrrlrllrllfrrffrffrllfffrflrllfflrlffrfffrrfflfflfflfllrr"/>
        <trajectory sample="81" generation="81000"
                    bestEnergy="-31.0" averageEnergy="-25.3349" worstEnergy="-24.0"
                    bestConformation="Conformation 40.0 -40.0 Ffrllflfrlfflrrfrflrrlfrllrfllffrlffrllfrrlrrlrllrllfrrffrffrllfffrflrllfflrlffrfffrrfflfflfflfllrr"/>
        <trajectory sample="82" generation="82000"
                    bestEnergy="-31.0" averageEnergy="-25.4311" worstEnergy="-24.0"
                    bestConformation="Conformation 40.0 -40.0 Ffrllflfrlfflrrfrflrrlfrllrfllffrlffrllfrrlrrlrllrllfrrffrffrllfffrflrllfflrlffrfffrrfflfflfflfllrr"/>
        <trajectory sample="83" generation="83000"
                    bestEnergy="-34.0" averageEnergy="-25.5412" worstEnergy="-23.0"
                    bestConformation="Conformation 40.0 -40.0 Flrllflfrlfflrrfrflrrlfrllrfllffrlffrllfrrlrrlrllrllfrrffrffrllffrflfrllfflrlffrfffrrfflfflfflfllrr"/>
        <trajectory sample="84" generation="84000"
                    bestEnergy="-34.0" averageEnergy="-25.6454" worstEnergy="-24.0"
                    bestConformation="Conformation 40.0 -40.0 Flrllflfrlfflrrfrflrrlfrllrfllffrlffrllfrrlrrlrllrllfrrffrffrllffrflfrllfflrlffrfffrrfflfflfflfllrr"/>
        <trajectory sample="85" generation="85000"
                    bestEnergy="-34.0" averageEnergy="-25.7577" worstEnergy="-23.0"
                    bestConformation="Conformation 40.0 -40.0 Flrllflfrlfflrrfrflrrlfrllrfllffrlffrllfrrlrrlrllrllfrrffrffrllffrflfrllfflrlffrfffrrfflfflfflfllrr"/>
        <trajectory sample="86" generation="86000"
                    bestEnergy="-34.0" averageEnergy="-25.8547" worstEnergy="-25.0"
                    bestConformation="Conformation 40.0 -40.0 Flrllflfrlfflrrfrflrrlfrllrfllffrlffrllfrrlrrlrllrllfrrffrffrllffrflfrllfflrlffrfffrrfflfflfflfllrr"/>
        <trajectory sample="87" generation="87000"
                    bestEnergy="-34.0" averageEnergy="-25.9233" worstEnergy="-25.0"
                    bestConformation="Conformation 40.0 -40.0 Flrllflfrlfflrrfrflrrlfrllrfllffrlffrllfrrlrrlrllrllfrrffrffrllffrflfrllfflrlffrfffrrfflfflfflfllrr"/>
        <trajectory sample="88" generation="88000"
                    bestEnergy="-34.0" averageEnergy="-25.995" worstEnergy="-25.0"
                    bestConformation="Conformation 40.0 -40.0 Flrllflfrlfflrrfrflrrlfrllrfllffrlffrllfrrlrrlrllrllfrrffrffrllffrflfrllfflrlffrfffrrfflfflfflfllrr"/>
        <trajectory sample="89" generation="89000"
                    bestEnergy="-34.0" averageEnergy="-26.0671" worstEnergy="-25.0"
                    bestConformation="Conformation 40.0 -40.0 Flrllflfrlfflrrfrflrrlfrllrfllffrlffrllfrrlrrlrllrllfrrffrffrllffrflfrllfflrlffrfffrrfflfflfflfllrr"/>
        <trajectory sample="90" generation="90000"
                    bestEnergy="-34.0" averageEnergy="-26.1526" worstEnergy="-25.0"
                    bestConformation="Conformation 40.0 -40.0 Flrllflfrlfflrrfrflrrlfrllrfllffrlffrllfrrlrrlrllrllfrrffrffrllffrflfrllfflrlffrfffrrfflfflfflfllrr"/>
        <trajectory sample="91" generation="91000"
                    bestEnergy="-34.0" averageEnergy="-26.2404" worstEnergy="-23.0"
                    bestConformation="Conformation 40.0 -40.0 Flrllflfrlfflrrfrflrrlfrllrfllffrlffrllfrrlrrlrllrllfrrffrffrllffrflfrllfflrlffrfffrrfflfflfflfllrr"/>
        <trajectory sample="92" generation="92000"
                    bestEnergy="-34.0" averageEnergy="-26.3297" worstEnergy="-25.0"
                    bestConformation="Conformation 40.0 -40.0 Flrllflfrlfflrrfrflrrlfrllrfllffrlffrllfrrlrrlrllrllfrrffrffrllffrflfrllfflrlffrfffrrfflfflfflfllrr"/>
        <trajectory sample="93" generation="93000"
                    bestEnergy="-34.0" averageEnergy="-26.4283" worstEnergy="-25.0"
                    bestConformation="Conformation 40.0 -40.0 Flrllflfrlfflrrfrflrrlfrllrfllffrlffrllfrrlrrlrllrllfrrffrffrllffrflfrllfflrlffrfffrrfflfflfflfllrr"/>
        <trajectory sample="94" generation="94000"
                    bestEnergy="-34.0" averageEnergy="-26.5326" worstEnergy="-25.0"
                    bestConformation="Conformation 40.0 -40.0 Flrllflfrlfflrrfrflrrlfrllrfllffrlffrllfrrlrrlrllrllfrrffrffrllffrflfrllfflrlffrfffrrfflfflfflfllrr"/>
        <trajectory sample="95" generation="95000"
                    bestEnergy="-34.0" averageEnergy="-26.6348" worstEnergy="-25.0"
                    bestConformation="Conformation 40.0 -40.0 Flrllflfrlfflrrfrflrrlfrllrfllffrlffrllfrrlrrlrllrllfrrffrffrllffrflfrllfflrlffrfffrrfflfflfflfllrr"/>
        <trajectory sample="96" generation="96000"
                    bestEnergy="-34.0" averageEnergy="-26.7437" worstEnergy="-25.0"
                    bestConformation="Conformation 40.0 -40.0 Flrllflfrlfflrrfrflrrlfrllrfllffrlffrllfrrlrrlrllrllfrrffrffrllffrflfrllfflrlffrfffrrfflfflfflfllrr"/>
        <trajectory sample="97" generation="97000"
                    bestEnergy="-34.0" averageEnergy="-26.8484" worstEnergy="-26.0"
                    bestConformation="Conformation 40.0 -40.0 Flrllflfrlfflrrfrflrrlfrllrfllffrlffrllfrrlrrlrllrllfrrffrffrllffrflfrllfflrlffrfffrrfflfflfflfllrr"/>
        <trajectory sample="98" generation="98000"
                    bestEnergy="-34.0" averageEnergy="-26.9124" worstEnergy="-25.0"
                    bestConformation="Conformation 40.0 -40.0 Flrllflfrlfflrrfrflrrlfrllrfllffrlffrllfrrlrrlrllrllfrrffrffrllffrflfrllfflrlffrfffrrfflfflfflfllrr"/>
        <trajectory sample="99" generation="99000"
                    bestEnergy="-34.0" averageEnergy="-26.9816" worstEnergy="-26.0"
                    bestConformation="Conformation 40.0 -40.0 Flrllflfrlfflrrfrflrrlfrllrfllffrlffrllfrrlrrlrllrllfrrffrffrllffrflfrllfflrlffrfffrrfflfflfflfllrr"/>
        <trajectory sample="100" generation="100000"
                    bestEnergy="-34.0" averageEnergy="-27.0583" worstEnergy="-26.0"
                    bestConformation="Conformation 40.0 -40.0 Flrllflfrlfflrrfrflrrlfrllrfllffrlffrllfrrlrrlrllrllfrrffrffrllffrflfrllfflrlffrfffrrfflfflfflfllrr"/>
        <trajectory sample="101" generation="101000"
                    bestEnergy="-34.0" averageEnergy="-27.1361" worstEnergy="-18.0"
                    bestConformation="Conformation 40.0 -40.0 Flrllflfrlfflrrfrflrrlfrllrfllffrlffrllfrrlrrlrllrllfrrffrffrllffrflfrllfflrlffrfffrrfflfflfflfllrr"/>
        <trajectory sample="102" generation="102000"
                    bestEnergy="-34.0" averageEnergy="-27.2265" worstEnergy="-26.0"
                    bestConformation="Conformation 40.0 -40.0 Flrllflfrlfflrrfrflrrlfrllrfllffrlffrllfrrlrrlrllrllfrrffrffrllffrflfrllfflrlffrfffrrfflfflfflfllrr"/>
        <trajectory sample="103" generation="103000"
                    bestEnergy="-34.0" averageEnergy="-27.3135" worstEnergy="-25.0"
                    bestConformation="Conformation 40.0 -40.0 Flrllflfrlfflrrfrflrrlfrllrfllffrlffrllfrrlrrlrllrllfrrffrffrllffrflfrllfflrlffrfffrrfflfflfflfllrr"/>
        <trajectory sample="104" generation="104000"
                    bestEnergy="-34.0" averageEnergy="-27.402" worstEnergy="-22.0"
                    bestConformation="Conformation 40.0 -40.0 Flrllflfrlfflrrfrflrrlfrllrfllffrlffrllfrrlrrlrllrllfrrffrffrllffrflfrllfflrlffrfffrrfflfflfflfllrr"/>
        <trajectory sample="105" generation="105000"
                    bestEnergy="-34.0" averageEnergy="-27.4943" worstEnergy="-25.0"
                    bestConformation="Conformation 40.0 -40.0 Flrllflfrlfflrrfrflrrlfrllrfllffrlffrllfrrlrrlrllrllfrrffrffrllffrflfrllfflrlffrfffrrfflfflfflfllrr"/>
        <trajectory sample="106" generation="106000"
                    bestEnergy="-34.0" averageEnergy="-27.5937" worstEnergy="-25.0"
                    bestConformation="Conformation 40.0 -40.0 Flrllflfrlfflrrfrflrrlfrllrfllffrlffrllfrrlrrlrllrllfrrffrffrllffrflfrllfflrlffrfffrrfflfflfflfllrr"/>
        <trajectory sample="107" generation="107000"
                    bestEnergy="-34.0" averageEnergy="-27.6946" worstEnergy="-26.0"
                    bestConformation="Conformation 40.0 -40.0 Flrllflfrlfflrrfrflrrlfrllrfllffrlffrllfrrlrrlrllrllfrrffrffrllffrflfrllfflrlffrfffrrfflfflfflfllrr"/>
        <trajectory sample="108" generation="108000"
                    bestEnergy="-34.0" averageEnergy="-27.7793" worstEnergy="-27.0"
                    bestConformation="Conformation 40.0 -40.0 Flrllflfrlfflrrfrflrrlfrllrfllffrlffrllfrrlrrlrllrllfrrffrffrllffrflfrllfflrlffrfffrrfflfflfflfllrr"/>
        <trajectory sample="109" generation="109000"
                    bestEnergy="-34.0" averageEnergy="-27.8346" worstEnergy="-23.0"
                    bestConformation="Conformation 40.0 -40.0 Flrllflfrlfflrrfrflrrlfrllrfllffrlffrllfrrlrrlrllrllfrrffrffrllffrflfrllfflrlffrfffrrfflfflfflfllrr"/>
        <trajectory sample="110" generation="110000"
                    bestEnergy="-34.0" averageEnergy="-27.8935" worstEnergy="-26.0"
                    bestConformation="Conformation 40.0 -40.0 Flrllflfrlfflrrfrflrrlfrllrfllffrlffrllfrrlrrlrllrllfrrffrffrllffrflfrllfflrlffrfffrrfflfflfflfllrr"/>
        <trajectory sample="111" generation="111000"
                    bestEnergy="-37.0" averageEnergy="-27.9662" worstEnergy="-27.0"
                    bestConformation="Conformation 40.0 -40.0 Flrllflfrlfflrrfrflrrlfrllrfllfffrlfrllfrrlrrlrllrllfrrffrffrllffrflfrllfflrlffrfffrrfflfflfflfllrr"/>
        <trajectory sample="112" generation="112000"
                    bestEnergy="-37.0" averageEnergy="-28.0348" worstEnergy="-25.0"
                    bestConformation="Conformation 40.0 -40.0 Flrllflfrlfflrrfrflrrlfrllrfllfffrlfrllfrrlrrlrllrllfrrffrffrllffrflfrllfflrlffrfffrrfflfflfflfllrr"/>
        <trajectory sample="113" generation="113000"
                    bestEnergy="-37.0" averageEnergy="-28.1019" worstEnergy="-27.0"
                    bestConformation="Conformation 40.0 -40.0 Flrllflfrlfflrrfrflrrlfrllrfllfffrlfrllfrrlrrlrllrllfrrffrffrllffrflfrllfflrlffrfffrrfflfflfflfllrr"/>
        <trajectory sample="114" generation="114000"
                    bestEnergy="-37.0" averageEnergy="-28.1826" worstEnergy="-22.0"
                    bestConformation="Conformation 40.0 -40.0 Flrllflfrlfflrrfrflrrlfrllrfllfffrlfrllfrrlrrlrllrllfrrffrffrllffrflfrllfflrlffrfffrrfflfflfflfllrr"/>
        <trajectory sample="115" generation="115000"
                    bestEnergy="-37.0" averageEnergy="-28.2651" worstEnergy="-27.0"
                    bestConformation="Conformation 40.0 -40.0 Flrllflfrlfflrrfrflrrlfrllrfllfffrlfrllfrrlrrlrllrllfrrffrffrllffrflfrllfflrlffrfffrrfflfflfflfllrr"/>
        <trajectory sample="116" generation="116000"
                    bestEnergy="-37.0" averageEnergy="-28.3425" worstEnergy="-24.0"
                    bestConformation="Conformation 40.0 -40.0 Flrllflfrlfflrrfrflrrlfrllrfllfffrlfrllfrrlrrlrllrllfrrffrffrllffrflfrllfflrlffrfffrrfflfflfflfllrr"/>
        <trajectory sample="117" generation="117000"
                    bestEnergy="-37.0" averageEnergy="-28.4286" worstEnergy="-27.0"
                    bestConformation="Conformation 40.0 -40.0 Flrllflfrlfflrrfrflrrlfrllrfllfffrlfrllfrrlrrlrllrllfrrffrffrllffrflfrllfflrlffrfffrrfflfflfflfllrr"/>
        <trajectory sample="118" generation="118000"
                    bestEnergy="-37.0" averageEnergy="-28.5279" worstEnergy="-27.0"
                    bestConformation="Conformation 40.0 -40.0 Flrllflfrlfflrrfrflrrlfrllrfllfffrlfrllfrrlrrlrllrllfrrffrffrllffrflfrllfflrlffrfffrrfflfflfflfllrr"/>
        <trajectory sample="119" generation="119000"
                    bestEnergy="-37.0" averageEnergy="-28.623" worstEnergy="-27.0"
                    bestConformation="Conformation 40.0 -40.0 Flrllflfrlfflrrfrflrrlfrllrfllfffrlfrllfrrlrrlrllrllfrrffrffrllffrflfrllfflrlffrfffrrfflfflfflfllrr"/>
        <trajectory sample="120" generation="120000"
                    bestEnergy="-37.0" averageEnergy="-28.7119" worstEnergy="-26.0"
                    bestConformation="Conformation 40.0 -40.0 Flrllflfrlfflrrfrflrrlfrllrfllfffrlfrllfrrlrrlrllrllfrrffrffrllffrflfrllfflrlffrfffrrfflfflfflfllrr"/>
        <trajectory sample="121" generation="121000"
                    bestEnergy="-37.0" averageEnergy="-28.7658" worstEnergy="-25.0"
                    bestConformation="Conformation 40.0 -40.0 Flrllflfrlfflrrfrflrrlfrllrfllfffrlfrllfrrlrrlrllrllfrrffrffrllffrflfrllfflrlffrfffrrfflfflfflfllrr"/>
        <trajectory sample="122" generation="122000"
                    bestEnergy="-37.0" averageEnergy="-28.8261" worstEnergy="-28.0"
                    bestConformation="Conformation 40.0 -40.0 Flrllflfrlfflrrfrflrrlfrllrfllfffrlfrllfrrlrrlrllrllfrrffrffrllffrflfrllfflrlffrfffrrfflfflfflfllrr"/>
        <trajectory sample="123" generation="123000"
                    bestEnergy="-37.0" averageEnergy="-28.8888" worstEnergy="-28.0"
                    bestConformation="Conformation 40.0 -40.0 Flrllflfrlfflrrfrflrrlfrllrfllfffrlfrllfrrlrrlrllrllfrrffrffrllffrflfrllfflrlffrfffrrfflfflfflfllrr"/>
        <trajectory sample="124" generation="124000"
                    bestEnergy="-37.0" averageEnergy="-28.9527" worstEnergy="-28.0"
                    bestConformation="Conformation 40.0 -40.0 Flrllflfrlfflrrfrflrrlfrllrfllfffrlfrllfrrlrrlrllrllfrrffrffrllffrflfrllfflrlffrfffrrfflfflfflfllrr"/>
        <trajectory sample="125" generation="125000"
                    bestEnergy="-37.0" averageEnergy="-29.0185" worstEnergy="-28.0"
                    bestConformation="Conformation 40.0 -40.0 Flrllflfrlfflrrfrflrrlfrllrfllfffrlfrllfrrlrrlrllrllfrrffrffrllffrflfrllfflrlffrfffrrfflfflfflfllrr"/>
        <trajectory sample="126" generation="126000"
                    bestEnergy="-37.0" averageEnergy="-29.0938" worstEnergy="-28.0"
                    bestConformation="Conformation 40.0 -40.0 Flrllflfrlfflrrfrflrrlfrllrfllfffrlfrllfrrlrrlrllrllfrrffrffrllffrflfrllfflrlffrfffrrfflfflfflfllrr"/>
        <trajectory sample="127" generation="127000"
                    bestEnergy="-37.0" averageEnergy="-29.167" worstEnergy="-26.0"
                    bestConformation="Conformation 40.0 -40.0 Flrllflfrlfflrrfrflrrlfrllrfllfffrlfrllfrrlrrlrllrllfrrffrffrllffrflfrllfflrlffrfffrrfflfflfflfllrr"/>
        <trajectory sample="128" generation="128000"
                    bestEnergy="-37.0" averageEnergy="-29.2516" worstEnergy="-28.0"
                    bestConformation="Conformation 40.0 -40.0 Flrllflfrlfflrrfrflrrlfrllrfllfffrlfrllfrrlrrlrllrllfrrffrffrllffrflfrllfflrlffrfffrrfflfflfflfllrr"/>
        <trajectory sample="129" generation="129000"
                    bestEnergy="-37.0" averageEnergy="-29.3265" worstEnergy="-28.0"
                    bestConformation="Conformation 40.0 -40.0 Flrllflfrlfflrrfrflrrlfrllrfllfffrlfrllfrrlrrlrllrllfrrffrffrllffrflfrllfflrlffrfffrrfflfflfflfllrr"/>
        <trajectory sample="130" generation="130000"
                    bestEnergy="-37.0" averageEnergy="-29.4141" worstEnergy="-28.0"
                    bestConformation="Conformation 40.0 -40.0 Flrllflfrlfflrrfrflrrlfrllrfllfffrlfrllfrrlrrlrllrllfrrffrffrllffrflfrllfflrlffrfffrrfflfflfflfllrr"/>
        <trajectory sample="131" generation="131000"
                    bestEnergy="-37.0" averageEnergy="-29.4963" worstEnergy="-24.0"
                    bestConformation="Conformation 40.0 -40.0 Flrllflfrlfflrrfrflrrlfrllrfllfffrlfrllfrrlrrlrllrllfrrffrffrllffrflfrllfflrlffrfffrrfflfflfflfllrr"/>
        <trajectory sample="132" generation="132000"
                    bestEnergy="-37.0" averageEnergy="-29.5979" worstEnergy="-24.0"
                    bestConformation="Conformation 40.0 -40.0 Flrllflfrlfflrrfrflrrlfrllrfllfffrlfrllfrrlrrlrllrllfrrffrffrllffrflfrllfflrlffrfffrrfflfflfflfllrr"/>
        <trajectory sample="133" generation="133000"
                    bestEnergy="-37.0" averageEnergy="-29.6921" worstEnergy="-29.0"
                    bestConformation="Conformation 40.0 -40.0 Flrllflfrlfflrrfrflrrlfrllrfllfffrlfrllfrrlrrlrllrllfrrffrffrllffrflfrllfflrlffrfffrrfflfflfflfllrr"/>
        <trajectory sample="134" generation="134000"
                    bestEnergy="-37.0" averageEnergy="-29.7429" worstEnergy="-29.0"
                    bestConformation="Conformation 40.0 -40.0 Flrllflfrlfflrrfrflrrlfrllrfllfffrlfrllfrrlrrlrllrllfrrffrffrllffrflfrllfflrlffrfffrrfflfflfflfllrr"/>
        <trajectory sample="135" generation="135000"
                    bestEnergy="-37.0" averageEnergy="-29.7979" worstEnergy="-29.0"
                    bestConformation="Conformation 40.0 -40.0 Flrllflfrlfflrrfrflrrlfrllrfllfffrlfrllfrrlrrlrllrllfrrffrffrllffrflfrllfflrlffrfffrrfflfflfflfllrr"/>
        <trajectory sample="136" generation="136000"
                    bestEnergy="-37.0" averageEnergy="-29.8547" worstEnergy="-26.0"
                    bestConformation="Conformation 40.0 -40.0 Flrllflfrlfflrrfrflrrlfrllrfllfffrlfrllfrrlrrlrllrllfrrffrffrllffrflfrllfflrlffrfffrrfflfflfflfllrr"/>
        <trajectory sample="137" generation="137000"
                    bestEnergy="-37.0" averageEnergy="-29.9102" worstEnergy="-28.0"
                    bestConformation="Conformation 40.0 -40.0 Flrllflfrlfflrrfrflrrlfrllrfllfffrlfrllfrrlrrlrllrllfrrffrffrllffrflfrllfflrlffrfffrrfflfflfflfllrr"/>
        <trajectory sample="138" generation="138000"
                    bestEnergy="-37.0" averageEnergy="-29.9798" worstEnergy="-29.0"
                    bestConformation="Conformation 40.0 -40.0 Flrllflfrlfflrrfrflrrlfrllrfllfffrlfrllfrrlrrlrllrllfrrffrffrllffrflfrllfflrlffrfffrrfflfflfflfllrr"/>
        <trajectory sample="139" generation="139000"
                    bestEnergy="-37.0" averageEnergy="-30.042" worstEnergy="-26.0"
                    bestConformation="Conformation 40.0 -40.0 Flrllflfrlfflrrfrflrrlfrllrfllfffrlfrllfrrlrrlrllrllfrrffrffrllffrflfrllfflrlffrfffrrfflfflfflfllrr"/>
        <trajectory sample="140" generation="140000"
                    bestEnergy="-37.0" averageEnergy="-30.1083" worstEnergy="-26.0"
                    bestConformation="Conformation 40.0 -40.0 Flrllflfrlfflrrfrflrrlfrllrfllfffrlfrllfrrlrrlrllrllfrrffrffrllffrflfrllfflrlffrfffrrfflfflfflfllrr"/>
        <trajectory sample="141" generation="141000"
                    bestEnergy="-37.0" averageEnergy="-30.1809" worstEnergy="-28.0"
                    bestConformation="Conformation 40.0 -40.0 Flrllflfrlfflrrfrflrrlfrllrfllfffrlfrllfrrlrrlrllrllfrrffrffrllffrflfrllfflrlffrfffrrfflfflfflfllrr"/>
        <trajectory sample="142" generation="142000"
                    bestEnergy="-37.0" averageEnergy="-30.2588" worstEnergy="-29.0"
                    bestConformation="Conformation 40.0 -40.0 Flrllflfrlfflrrfrflrrlfrllrfllfffrlfrllfrrlrrlrllrllfrrffrffrllffrflfrllfflrlffrfffrrfflfflfflfllrr"/>
        <trajectory sample="143" generation="143000"
                    bestEnergy="-37.0" averageEnergy="-30.3345" worstEnergy="-27.0"
                    bestConformation="Conformation 40.0 -40.0 Flrllflfrlfflrrfrflrrlfrllrfllfffrlfrllfrrlrrlrllrllfrrffrffrllffrflfrllfflrlffrfffrrfflfflfflfllrr"/>
        <trajectory sample="144" generation="144000"
                    bestEnergy="-37.0" averageEnergy="-30.4174" worstEnergy="-29.0"
                    bestConformation="Conformation 40.0 -40.0 Flrllflfrlfflrrfrflrrlfrllrfllfffrlfrllfrrlrrlrllrllfrrffrffrllffrflfrllfflrlffrfffrrfflfflfflfllrr"/>
        <trajectory sample="145" generation="145000"
                    bestEnergy="-37.0" averageEnergy="-30.4981" worstEnergy="-26.0"
                    bestConformation="Conformation 40.0 -40.0 Flrllflfrlfflrrfrflrrlfrllrfllfffrlfrllfrrlrrlrllrllfrrffrffrllffrflfrllfflrlffrfffrrfflfflfflfllrr"/>
        <trajectory sample="146" generation="146000"
                    bestEnergy="-37.0" averageEnergy="-30.5992" worstEnergy="-26.0"
                    bestConformation="Conformation 40.0 -40.0 Flrllflfrlfflrrfrflrrlfrllrfllfffrlfrllfrrlrrlrllrllfrrffrffrllffrflfrllfflrlffrfffrrfflfflfflfllrr"/>
        <trajectory sample="147" generation="147000"
                    bestEnergy="-37.0" averageEnergy="-30.6891" worstEnergy="-29.0"
                    bestConformation="Conformation 40.0 -40.0 Flrllflfrlfflrrfrflrrlfrllrfllfffrlfrllfrrlrrlrllrllfrrffrffrllffrflfrllfflrlffrfffrrfflfflfflfllrr"/>
        <trajectory sample="148" generation="148000"
                    bestEnergy="-37.0" averageEnergy="-30.7604" worstEnergy="-29.0"
                    bestConformation="Conformation 40.0 -40.0 Flrllflfrlfflrrfrflrrlfrllrfllfffrlfrllfrrlrrlrllrllfrrffrffrllffrflfrllfflrlffrfffrrfflfflfflfllrr"/>
        <trajectory sample="149" generation="149000"
                    bestEnergy="-37.0" averageEnergy="-30.8147" worstEnergy="-30.0"
                    bestConformation="Conformation 40.0 -40.0 Flrllflfrlfflrrfrflrrlfrllrfllfffrlfrllfrrlrrlrllrllfrrffrffrllffrflfrllfflrlffrfffrrfflfflfflfllrr"/>
        <trajectory sample="150" generation="150000"
                    bestEnergy="-37.0" averageEnergy="-30.8707" worstEnergy="-30.0"
                    bestConformation="Conformation 40.0 -40.0 Flrllflfrlfflrrfrflrrlfrllrfllfffrlfrllfrrlrrlrllrllfrrffrffrllffrflfrllfflrlffrfffrrfflfflfflfllrr"/>
        <trajectory sample="151" generation="151000"
                    bestEnergy="-37.0" averageEnergy="-30.9278" worstEnergy="-28.0"
                    bestConformation="Conformation 40.0 -40.0 Flrllflfrlfflrrfrflrrlfrllrfllfffrlfrllfrrlrrlrllrllfrrffrffrllffrflfrllfflrlffrfffrrfflfflfflfllrr"/>
        <trajectory sample="152" generation="152000"
                    bestEnergy="-37.0" averageEnergy="-30.9844" worstEnergy="-30.0"
                    bestConformation="Conformation 40.0 -40.0 Flrllflfrlfflrrfrflrrlfrllrfllfffrlfrllfrrlrrlrllrllfrrffrffrllffrflfrllfflrlffrfffrrfflfflfflfllrr"/>
        <trajectory sample="153" generation="153000"
                    bestEnergy="-37.0" averageEnergy="-31.0549" worstEnergy="-30.0"
                    bestConformation="Conformation 40.0 -40.0 Flrllflfrlfflrrfrflrrlfrllrfllfffrlfrllfrrlrrlrllrllfrrffrffrllffrflfrllfflrlffrfffrrfflfflfflfllrr"/>
        <trajectory sample="154" generation="154000"
                    bestEnergy="-37.0" averageEnergy="-31.1204" worstEnergy="-30.0"
                    bestConformation="Conformation 40.0 -40.0 Flrllflfrlfflrrfrflrrlfrllrfllfffrlfrllfrrlrrlrllrllfrrffrffrllffrflfrllfflrlffrfffrrfflfflfflfllrr"/>
        <trajectory sample="155" generation="155000"
                    bestEnergy="-37.0" averageEnergy="-31.1943" worstEnergy="-30.0"
                    bestConformation="Conformation 40.0 -40.0 Flrllflfrlfflrrfrflrrlfrllrfllfffrlfrllfrrlrrlrllrllfrrffrffrllffrflfrllfflrlffrfffrrfflfflfflfllrr"/>
        <trajectory sample="156" generation="156000"
                    bestEnergy="-37.0" averageEnergy="-31.2729" worstEnergy="-30.0"
                    bestConformation="Conformation 40.0 -40.0 Flrllflfrlfflrrfrflrrlfrllrfllfffrlfrllfrrlrrlrllrllfrrffrffrllffrflfrllfflrlffrfffrrfflfflfflfllrr"/>
        <trajectory sample="157" generation="157000"
                    bestEnergy="-37.0" averageEnergy="-31.3555" worstEnergy="-30.0"
                    bestConformation="Conformation 40.0 -40.0 Flrllflfrlfflrrfrflrrlfrllrfllfffrlfrllfrrlrrlrllrllfrrffrffrllffrflfrllfflrlffrfffrrfflfflfflfllrr"/>
        <trajectory sample="158" generation="158000"
                    bestEnergy="-37.0" averageEnergy="-31.4436" worstEnergy="-28.0"
                    bestConformation="Conformation 40.0 -40.0 Flrllflfrlfflrrfrflrrlfrllrfllfffrlfrllfrrlrrlrllrllfrrffrffrllffrflfrllfflrlffrfffrrfflfflfflfllrr"/>
        <trajectory sample="159" generation="159000"
                    bestEnergy="-37.0" averageEnergy="-31.532" worstEnergy="-27.0"
                    bestConformation="Conformation 40.0 -40.0 Flrllflfrlfflrrfrflrrlfrllrfllfffrlfrllfrrlrrlrllrllfrrffrffrllffrflfrllfflrlffrfffrrfflfflfflfllrr"/>
        <trajectory sample="160" generation="160000"
                    bestEnergy="-37.0" averageEnergy="-31.6248" worstEnergy="-30.0"
                    bestConformation="Conformation 40.0 -40.0 Flrllflfrlfflrrfrflrrlfrllrfllfffrlfrllfrrlrrlrllrllfrrffrffrllffrflfrllfflrlffrfffrrfflfflfflfllrr"/>
        <trajectory sample="161" generation="161000"
                    bestEnergy="-37.0" averageEnergy="-31.7234" worstEnergy="-30.0"
                    bestConformation="Conformation 40.0 -40.0 Flrllflfrlfflrrfrflrrlfrllrfllfffrlfrllfrrlrrlrllrllfrrffrffrllffrflfrllfflrlffrfffrrfflfflfflfllrr"/>
        <trajectory sample="162" generation="162000"
                    bestEnergy="-37.0" averageEnergy="-31.7709" worstEnergy="-24.0"
                    bestConformation="Conformation 40.0 -40.0 Flrllflfrlfflrrfrflrrlfrllrfllfffrlfrllfrrlrrlrllrllfrrffrffrllffrflfrllfflrlffrfffrrfflfflfflfllrr"/>
        <trajectory sample="163" generation="163000"
                    bestEnergy="-37.0" averageEnergy="-31.8263" worstEnergy="-28.0"
                    bestConformation="Conformation 40.0 -40.0 Flrllflfrlfflrrfrflrrlfrllrfllfffrlfrllfrrlrrlrllrllfrrffrffrllffrflfrllfflrlffrfffrrfflfflfflfllrr"/>
        <trajectory sample="164" generation="164000"
                    bestEnergy="-37.0" averageEnergy="-31.8817" worstEnergy="-31.0"
                    bestConformation="Conformation 40.0 -40.0 Flrllflfrlfflrrfrflrrlfrllrfllfffrlfrllfrrlrrlrllrllfrrffrffrllffrflfrllfflrlffrfffrrfflfflfflfllrr"/>
        <trajectory sample="165" generation="165000"
                    bestEnergy="-37.0" averageEnergy="-31.9425" worstEnergy="-28.0"
                    bestConformation="Conformation 40.0 -40.0 Flrllflfrlfflrrfrflrrlfrllrfllfffrlfrllfrrlrrlrllrllfrrffrffrllffrflfrllfflrlffrfffrrfflfflfflfllrr"/>
        <trajectory sample="166" generation="166000"
                    bestEnergy="-37.0" averageEnergy="-32.0004" worstEnergy="-31.0"
                    bestConformation="Conformation 40.0 -40.0 Flrllflfrlfflrrfrflrrlfrllrfllfffrlfrllfrrlrrlrllrllfrrffrffrllffrflfrllfflrlffrfffrrfflfflfflfllrr"/>
        <trajectory sample="167" generation="167000"
                    bestEnergy="-37.0" averageEnergy="-32.0686" worstEnergy="-31.0"
                    bestConformation="Conformation 40.0 -40.0 Flrllflfrlfflrrfrflrrlfrllrfllfffrlfrllfrrlrrlrllrllfrrffrffrllffrflfrllfflrlffrfffrrfflfflfflfllrr"/>
        <trajectory sample="168" generation="168000"
                    bestEnergy="-37.0" averageEnergy="-32.1355" worstEnergy="-28.0"
                    bestConformation="Conformation 40.0 -40.0 Flrllflfrlfflrrfrflrrlfrllrfllfffrlfrllfrrlrrlrllrllfrrffrffrllffrflfrllfflrlffrfffrrfflfflfflfllrr"/>
        <trajectory sample="169" generation="169000"
                    bestEnergy="-37.0" averageEnergy="-32.2093" worstEnergy="-31.0"
                    bestConformation="Conformation 40.0 -40.0 Flrllflfrlfflrrfrflrrlfrllrfllfffrlfrllfrrlrrlrllrllfrrffrffrllffrflfrllfflrlffrfffrrfflfflfflfllrr"/>
        <trajectory sample="170" generation="170000"
                    bestEnergy="-37.0" averageEnergy="-32.2906" worstEnergy="-31.0"
                    bestConformation="Conformation 40.0 -40.0 Flrllflfrlfflrrfrflrrlfrllrfllfffrlfrllfrrlrrlrllrllfrrffrffrllffrflfrllfflrlffrfffrrfflfflfflfllrr"/>
        <trajectory sample="171" generation="171000"
                    bestEnergy="-37.0" averageEnergy="-32.364" worstEnergy="-31.0"
                    bestConformation="Conformation 40.0 -40.0 Flrllflfrlfflrrfrflrrlfrllrfllfffrlfrllfrrlrrlrllrllfrrffrffrllffrflfrllfflrlffrfffrrfflfflfflfllrr"/>
        <trajectory sample="172" generation="172000"
                    bestEnergy="-37.0" averageEnergy="-32.4397" worstEnergy="-28.0"
                    bestConformation="Conformation 40.0 -40.0 Flrllflfrlfflrrfrflrrlfrllrfllfffrlfrllfrrlrrlrllrllfrrffrffrllffrflfrllfflrlffrfffrrfflfflfflfllrr"/>
        <trajectory sample="173" generation="173000"
                    bestEnergy="-37.0" averageEnergy="-32.5268" worstEnergy="-31.0"
                    bestConformation="Conformation 40.0 -40.0 Flrllflfrlfflrrfrflrrlfrllrfllfffrlfrllfrrlrrlrllrllfrrffrffrllffrflfrllfflrlffrfffrrfflfflfflfllrr"/>
        <trajectory sample="174" generation="174000"
                    bestEnergy="-37.0" averageEnergy="-32.615" worstEnergy="-31.0"
                    bestConformation="Conformation 40.0 -40.0 Flrllflfrlfflrrfrflrrlfrllrfllfffrlfrllfrrlrrlrllrllfrrffrffrllffrflfrllfflrlffrfffrrfflfflfflfllrr"/>
        <trajectory sample="175" generation="175000"
                    bestEnergy="-37.0" averageEnergy="-32.7033" worstEnergy="-28.0"
                    bestConformation="Conformation 40.0 -40.0 Flrllflfrlfflrrfrflrrlfrllrfllfffrlfrllfrrlrrlrllrllfrrffrffrllffrflfrllfflrlffrfffrrfflfflfflfllrr"/>
        <trajectory sample="176" generation="176000"
                    bestEnergy="-37.0" averageEnergy="-32.7881" worstEnergy="-32.0"
                    bestConformation="Conformation 40.0 -40.0 Flrllflfrlfflrrfrflrrlfrllrfllfffrlfrllfrrlrrlrllrllfrrffrffrllffrflfrllfflrlffrfffrrfflfflfflfllrr"/>
        <trajectory sample="177" generation="177000"
                    bestEnergy="-37.0" averageEnergy="-32.8354" worstEnergy="-23.0"
                    bestConformation="Conformation 40.0 -40.0 Flrllflfrlfflrrfrflrrlfrllrfllfffrlfrllfrrlrrlrllrllfrrffrffrllffrflfrllfflrlffrfffrrfflfflfflfllrr"/>
        <trajectory sample="178" generation="178000"
                    bestEnergy="-37.0" averageEnergy="-32.8869" worstEnergy="-32.0"
                    bestConformation="Conformation 40.0 -40.0 Flrllflfrlfflrrfrflrrlfrllrfllfffrlfrllfrrlrrlrllrllfrrffrffrllffrflfrllfflrlffrfffrrfflfflfflfllrr"/>
        <trajectory sample="179" generation="179000"
                    bestEnergy="-37.0" averageEnergy="-32.9463" worstEnergy="-32.0"
                    bestConformation="Conformation 40.0 -40.0 Flrllflfrlfflrrfrflrrlfrllrfllfffrlfrllfrrlrrlrllrllfrrffrffrllffrflfrllfflrlffrfffrrfflfflfflfllrr"/>
        <trajectory sample="180" generation="180000"
                    bestEnergy="-37.0" averageEnergy="-33.0067" worstEnergy="-29.0"
                    bestConformation="Conformation 40.0 -40.0 Flrllflfrlfflrrfrflrrlfrllrfllfffrlfrllfrrlrrlrllrllfrrffrffrllffrflfrllfflrlffrfffrrfflfflfflfllrr"/>
        <trajectory sample="181" generation="181000"
                    bestEnergy="-37.0" averageEnergy="-33.0712" worstEnergy="-32.0"
                    bestConformation="Conformation 40.0 -40.0 Flrllflfrlfflrrfrflrrlfrllrfllfffrlfrllfrrlrrlrllrllfrrffrffrllffrflfrllfflrlffrfffrrfflfflfflfllrr"/>
        <trajectory sample="182" generation="182000"
                    bestEnergy="-37.0" averageEnergy="-33.1403" worstEnergy="-26.0"
                    bestConformation="Conformation 40.0 -40.0 Flrllflfrlfflrrfrflrrlfrllrfllfffrlfrllfrrlrrlrllrllfrrffrffrllffrflfrllfflrlffrfffrrfflfflfflfllrr"/>
        <trajectory sample="183" generation="183000"
                    bestEnergy="-37.0" averageEnergy="-33.2078" worstEnergy="-32.0"
                    bestConformation="Conformation 40.0 -40.0 Flrllflfrlfflrrfrflrrlfrllrfllfffrlfrllfrrlrrlrllrllfrrffrffrllffrflfrllfflrlffrfffrrfflfflfflfllrr"/>
        <trajectory sample="184" generation="184000"
                    bestEnergy="-37.0" averageEnergy="-33.279" worstEnergy="-32.0"
                    bestConformation="Conformation 40.0 -40.0 Flrllflfrlfflrrfrflrrlfrllrfllfffrlfrllfrrlrrlrllrllfrrffrffrllffrflfrllfflrlffrfffrrfflfflfflfllrr"/>
        <trajectory sample="185" generation="185000"
                    bestEnergy="-37.0" averageEnergy="-33.3516" worstEnergy="-28.0"
                    bestConformation="Conformation 40.0 -40.0 Flrllflfrlfflrrfrflrrlfrllrfllfffrlfrllfrrlrrlrllrllfrrffrffrllffrflfrllfflrlffrfffrrfflfflfflfllrr"/>
        <trajectory sample="186" generation="186000"
                    bestEnergy="-37.0" averageEnergy="-33.4288" worstEnergy="-31.0"
                    bestConformation="Conformation 40.0 -40.0 Flrllflfrlfflrrfrflrrlfrllrfllfffrlfrllfrrlrrlrllrllfrrffrffrllffrflfrllfflrlffrfffrrfflfflfflfllrr"/>
        <trajectory sample="187" generation="187000"
                    bestEnergy="-37.0" averageEnergy="-33.509" worstEnergy="-29.0"
                    bestConformation="Conformation 40.0 -40.0 Flrllflfrlfflrrfrflrrlfrllrfllfffrlfrllfrrlrrlrllrllfrrffrffrllffrflfrllfflrlffrfffrrfflfflfflfllrr"/>
        <trajectory sample="188" generation="188000"
                    bestEnergy="-38.0" averageEnergy="-33.5923" worstEnergy="-26.0"
                    bestConformation="Conformation 40.0 -40.0 Fffrrllfrlflrfrfrflrrlfrllrfllffrlffrllfrrlrrlrllrllfrrffrffrllffrflrllrllrflffrfffrrfflfflfflfllrr"/>
        <trajectory sample="189" generation="189000"
                    bestEnergy="-38.0" averageEnergy="-33.6728" worstEnergy="-33.0"
                    bestConformation="Conformation 40.0 -40.0 Fffrrllfrlflrfrfrflrrlfrllrfllffrlffrllfrrlrrlrllrllfrrffrffrllffrflrllrllrflffrfffrrfflfflfflfllrr"/>
        <trajectory sample="190" generation="190000"
                    bestEnergy="-38.0" averageEnergy="-33.7191" worstEnergy="-33.0"
                    bestConformation="Conformation 40.0 -40.0 Fffrrllfrlflrfrfrflrrlfrllrfllffrlffrllfrrlrrlrllrllfrrffrffrllffrflrllrllrflffrfffrrfflfflfflfllrr"/>
        <trajectory sample="191" generation="191000"
                    bestEnergy="-38.0" averageEnergy="-33.7605" worstEnergy="-33.0"
                    bestConformation="Conformation 40.0 -40.0 Fffrrllfrlflrfrfrflrrlfrllrfllffrlffrllfrrlrrlrllrllfrrffrffrllffrflrllrllrflffrfffrrfflfflfflfllrr"/>
        <trajectory sample="192" generation="192000"
                    bestEnergy="-38.0" averageEnergy="-33.8183" worstEnergy="-33.0"
                    bestConformation="Conformation 40.0 -40.0 Fffrrllfrlflrfrfrflrrlfrllrfllffrlffrllfrrlrrlrllrllfrrffrffrllffrflrllrllrflffrfffrrfflfflfflfllrr"/>
        <trajectory sample="193" generation="193000"
                    bestEnergy="-38.0" averageEnergy="-33.8785" worstEnergy="-30.0"
                    bestConformation="Conformation 40.0 -40.0 Fffrrllfrlflrfrfrflrrlfrllrfllffrlffrllfrrlrrlrllrllfrrffrffrllffrflrllrllrflffrfffrrfflfflfflfllrr"/>
        <trajectory sample="194" generation="194000"
                    bestEnergy="-38.0" averageEnergy="-33.9339" worstEnergy="-33.0"
                    bestConformation="Conformation 40.0 -40.0 Fffrrllfrlflrfrfrflrrlfrllrfllffrlffrllfrrlrrlrllrllfrrffrffrllffrflrllrllrflffrfffrrfflfflfflfllrr"/>
        <trajectory sample="195" generation="195000"
                    bestEnergy="-38.0" averageEnergy="-33.9988" worstEnergy="-33.0"
                    bestConformation="Conformation 40.0 -40.0 Fffrrllfrlflrfrfrflrrlfrllrfllffrlffrllfrrlrrlrllrllfrrffrffrllffrflrllrllrflffrfffrrfflfflfflfllrr"/>
        <trajectory sample="196" generation="196000"
                    bestEnergy="-38.0" averageEnergy="-34.0671" worstEnergy="-33.0"
                    bestConformation="Conformation 40.0 -40.0 Fffrrllfrlflrfrfrflrrlfrllrfllffrlffrllfrrlrrlrllrllfrrffrffrllffrflrllrllrflffrfffrrfflfflfflfllrr"/>
        <trajectory sample="197" generation="197000"
                    bestEnergy="-38.0" averageEnergy="-34.1348" worstEnergy="-33.0"
                    bestConformation="Conformation 40.0 -40.0 Fffrrllfrlflrfrfrflrrlfrllrfllffrlffrllfrrlrrlrllrllfrrffrffrllffrflrllrllrflffrfffrrfflfflfflfllrr"/>
        <trajectory sample="198" generation="198000"
                    bestEnergy="-38.0" averageEnergy="-34.2036" worstEnergy="-29.0"
                    bestConformation="Conformation 40.0 -40.0 Fffrrllfrlflrfrfrflrrlfrllrfllffrlffrllfrrlrrlrllrllfrrffrffrllffrflrllrllrflffrfffrrfflfflfflfllrr"/>
        <trajectory sample="199" generation="199000"
                    bestEnergy="-38.0" averageEnergy="-34.2765" worstEnergy="-33.0"
                    bestConformation="Conformation 40.0 -40.0 Fffrrllfrlflrfrfrflrrlfrllrfllffrlffrllfrrlrrlrllrllfrrffrffrllffrflrllrllrflffrfffrrfflfflfflfllrr"/>
        <trajectory sample="200" generation="200000"
                    bestEnergy="-38.0" averageEnergy="-34.3486" worstEnergy="-33.0"
                    bestConformation="Conformation 40.0 -40.0 Fffrrllfrlflrfrfrflrrlfrllrfllffrlffrllfrrlrrlrllrllfrrffrffrllffrflrllrllrflffrfffrrfflfflfflfllrr"/>
        <trajectory sample="201" generation="201000"
                    bestEnergy="-38.0" averageEnergy="-34.4315" worstEnergy="-30.0"
                    bestConformation="Conformation 40.0 -40.0 Fffrrllfrlflrfrfrflrrlfrllrfllffrlffrllfrrlrrlrllrllfrrffrffrllffrflrllrllrflffrfffrrfflfflfflfllrr"/>
        <trajectory sample="202" generation="202000"
                    bestEnergy="-38.0" averageEnergy="-34.516" worstEnergy="-30.0"
                    bestConformation="Conformation 40.0 -40.0 Fffrrllfrlflrfrfrflrrlfrllrfllffrlffrllfrrlrrlrllrllfrrffrffrllffrflrllrllrflffrfffrrfflfflfflfllrr"/>
        <trajectory sample="203" generation="203000"
                    bestEnergy="-38.0" averageEnergy="-34.5997" worstEnergy="-33.0"
                    bestConformation="Conformation 40.0 -40.0 Fffrrllfrlflrfrfrflrrlfrllrfllffrlffrllfrrlrrlrllrllfrrffrffrllffrflrllrllrflffrfffrrfflfflfflfllrr"/>
        <trajectory sample="204" generation="204000"
                    bestEnergy="-38.0" averageEnergy="-34.6508" worstEnergy="-34.0"
                    bestConformation="Conformation 40.0 -40.0 Fffrrllfrlflrfrfrflrrlfrllrfllffrlffrllfrrlrrlrllrllfrrffrffrllffrflrllrllrflffrfffrrfflfflfflfllrr"/>
        <trajectory sample="205" generation="205000"
                    bestEnergy="-38.0" averageEnergy="-34.7011" worstEnergy="-31.0"
                    bestConformation="Conformation 40.0 -40.0 Fffrrllfrlflrfrfrflrrlfrllrfllffrlffrllfrrlrrlrllrllfrrffrffrllffrflrllrllrflffrfffrrfflfflfflfllrr"/>
        <trajectory sample="206" generation="206000"
                    bestEnergy="-38.0" averageEnergy="-34.7554" worstEnergy="-31.0"
                    bestConformation="Conformation 40.0 -40.0 Fffrrllfrlflrfrfrflrrlfrllrfllffrlffrllfrrlrrlrllrllfrrffrffrllffrflrllrllrflffrfffrrfflfflfflfllrr"/>
        <trajectory sample="207" generation="207000"
                    bestEnergy="-38.0" averageEnergy="-34.81" worstEnergy="-34.0"
                    bestConformation="Conformation 40.0 -40.0 Fffrrllfrlflrfrfrflrrlfrllrfllffrlffrllfrrlrrlrllrllfrrffrffrllffrflrllrllrflffrfffrrfflfflfflfllrr"/>
        <trajectory sample="208" generation="208000"
                    bestEnergy="-40.0" averageEnergy="-34.864" worstEnergy="-34.0"
                    bestConformation="Conformation 40.0 -40.0 Flrllflfrlfflrrfrflrrlfrllrfllffrlffrllfrrlrrlrllrllfrrffrffrllffrflfrllfflrlffrfffrrfflfflfflfllrr"/>
        <trajectory sample="209" generation="209000"
                    bestEnergy="-40.0" averageEnergy="-34.9189" worstEnergy="-28.0"
                    bestConformation="Conformation 40.0 -40.0 Flrllflfrlfflrrfrflrrlfrllrfllffrlffrllfrrlrrlrllrllfrrffrffrllffrflfrllfflrlffrfffrrfflfflfflfllrr"/>
        <trajectory sample="210" generation="210000"
                    bestEnergy="-40.0" averageEnergy="-34.9811" worstEnergy="-29.0"
                    bestConformation="Conformation 40.0 -40.0 Flrllflfrlfflrrfrflrrlfrllrfllffrlffrllfrrlrrlrllrllfrrffrffrllffrflfrllfflrlffrfffrrfflfflfflfllrr"/>
        <trajectory sample="211" generation="211000"
                    bestEnergy="-40.0" averageEnergy="-35.0457" worstEnergy="-34.0"
                    bestConformation="Conformation 40.0 -40.0 Flrllflfrlfflrrfrflrrlfrllrfllffrlffrllfrrlrrlrllrllfrrffrffrllffrflfrllfflrlffrfffrrfflfflfflfllrr"/>
        <trajectory sample="212" generation="212000"
                    bestEnergy="-40.0" averageEnergy="-35.1143" worstEnergy="-34.0"
                    bestConformation="Conformation 40.0 -40.0 Flrllflfrlfflrrfrflrrlfrllrfllffrlffrllfrrlrrlrllrllfrrffrffrllffrflfrllfflrlffrfffrrfflfflfflfllrr"/>
        <trajectory sample="213" generation="213000"
                    bestEnergy="-40.0" averageEnergy="-35.188" worstEnergy="-33.0"
                    bestConformation="Conformation 40.0 -40.0 Flrllflfrlfflrrfrflrrlfrllrfllffrlffrllfrrlrrlrllrllfrrffrffrllffrflfrllfflrlffrfffrrfflfflfflfllrr"/>
        <trajectory sample="214" generation="214000"
                    bestEnergy="-40.0" averageEnergy="-35.2531" worstEnergy="-32.0"
                    bestConformation="Conformation 40.0 -40.0 Flrllflfrlfflrrfrflrrlfrllrfllffrlffrllfrrlrrlrllrllfrrffrffrllffrflfrllfflrlffrfffrrfflfflfflfllrr"/>
        <trajectory sample="215" generation="215000"
                    bestEnergy="-40.0" averageEnergy="-35.3258" worstEnergy="-30.0"
                    bestConformation="Conformation 40.0 -40.0 Flrllflfrlfflrrfrflrrlfrllrfllffrlffrllfrrlrrlrllrllfrrffrffrllffrflfrllfflrlffrfffrrfflfflfflfllrr"/>
        <trajectory sample="216" generation="216000"
                    bestEnergy="-40.0" averageEnergy="-35.3985" worstEnergy="-34.0"
                    bestConformation="Conformation 40.0 -40.0 Flrllflfrlfflrrfrflrrlfrllrfllffrlffrllfrrlrrlrllrllfrrffrffrllffrflfrllfflrlffrfffrrfflfflfflfllrr"/>
        <trajectory sample="217" generation="217000"
                    bestEnergy="-40.0" averageEnergy="-35.4767" worstEnergy="-34.0"
                    bestConformation="Conformation 40.0 -40.0 Flrllflfrlfflrrfrflrrlfrllrfllffrlffrllfrrlrrlrllrllfrrffrffrllffrflfrllfflrlffrfffrrfflfflfflfllrr"/>
        <trajectory sample="218" generation="218000"
                    bestEnergy="-40.0" averageEnergy="-35.568" worstEnergy="-34.0"
                    bestConformation="Conformation 40.0 -40.0 Flrllflfrlfflrrfrflrrlfrllrfllffrlffrllfrrlrrlrllrllfrrffrffrllffrflfrllfflrlffrfffrrfflfflfflfllrr"/>
        <trajectory sample="219" generation="219000"
                    bestEnergy="-40.0" averageEnergy="-35.6487" worstEnergy="-33.0"
                    bestConformation="Conformation 40.0 -40.0 Flrllflfrlfflrrfrflrrlfrllrfllffrlffrllfrrlrrlrllrllfrrffrffrllffrflfrllfflrlffrfffrrfflfflfflfllrr"/>
        <trajectory sample="220" generation="220000"
                    bestEnergy="-40.0" averageEnergy="-35.7352" worstEnergy="-28.0"
                    bestConformation="Conformation 40.0 -40.0 Flrllflfrlfflrrfrflrrlfrllrfllffrlffrllfrrlrrlrllrllfrrffrffrllffrflfrllfflrlffrfffrrfflfflfflfllrr"/>
        <trajectory sample="221" generation="221000"
                    bestEnergy="-40.0" averageEnergy="-35.829" worstEnergy="-34.0"
                    bestConformation="Conformation 40.0 -40.0 Flrllflfrlfflrrfrflrrlfrllrfllffrlffrllfrrlrrlrllrllfrrffrffrllffrflfrllfflrlffrfffrrfflfflfflfllrr"/>
        <trajectory sample="222" generation="222000"
                    bestEnergy="-40.0" averageEnergy="-35.928" worstEnergy="-34.0"
                    bestConformation="Conformation 40.0 -40.0 Flrllflfrlfflrrfrflrrlfrllrfllffrlffrllfrrlrrlrllrllfrrffrffrllffrflfrllfflrlffrfffrrfflfflfflfllrr"/>
        <trajectory sample="223" generation="223000"
                    bestEnergy="-40.0" averageEnergy="-36.032" worstEnergy="-34.0"
                    bestConformation="Conformation 40.0 -40.0 Flrllflfrlfflrrfrflrrlfrllrfllffrlffrllfrrlrrlrllrllfrrffrffrllffrflfrllfflrlffrfffrrfflfflfflfllrr"/>
        <trajectory sample="224" generation="224000"
                    bestEnergy="-40.0" averageEnergy="-36.0939" worstEnergy="-31.0"
                    bestConformation="Conformation 40.0 -40.0 Flrllflfrlfflrrfrflrrlfrllrfllffrlffrllfrrlrrlrllrllfrrffrffrllffrflfrllfflrlffrfffrrfflfflfflfllrr"/>
        <trajectory sample="225" generation="225000"
                    bestEnergy="-40.0" averageEnergy="-36.1577" worstEnergy="-32.0"
                    bestConformation="Conformation 40.0 -40.0 Flrllflfrlfflrrfrflrrlfrllrfllffrlffrllfrrlrrlrllrllfrrffrffrllffrflfrllfflrlffrfffrrfflfflfflfllrr"/>
        <trajectory sample="226" generation="226000"
                    bestEnergy="-40.0" averageEnergy="-36.2213" worstEnergy="-35.0"
                    bestConformation="Conformation 40.0 -40.0 Flrllflfrlfflrrfrflrrlfrllrfllffrlffrllfrrlrrlrllrllfrrffrffrllffrflfrllfflrlffrfffrrfflfflfflfllrr"/>
        <trajectory sample="227" generation="227000"
                    bestEnergy="-40.0" averageEnergy="-36.2829" worstEnergy="-35.0"
                    bestConformation="Conformation 40.0 -40.0 Flrllflfrlfflrrfrflrrlfrllrfllffrlffrllfrrlrrlrllrllfrrffrffrllffrflfrllfflrlffrfffrrfflfflfflfllrr"/>
        <trajectory sample="228" generation="228000"
                    bestEnergy="-40.0" averageEnergy="-36.3555" worstEnergy="-35.0"
                    bestConformation="Conformation 40.0 -40.0 Flrllflfrlfflrrfrflrrlfrllrfllffrlffrllfrrlrrlrllrllfrrffrffrllffrflfrllfflrlffrfffrrfflfflfflfllrr"/>
        <trajectory sample="229" generation="229000"
                    bestEnergy="-40.0" averageEnergy="-36.4171" worstEnergy="-35.0"
                    bestConformation="Conformation 40.0 -40.0 Flrllflfrlfflrrfrflrrlfrllrfllffrlffrllfrrlrrlrllrllfrrffrffrllffrflfrllfflrlffrfffrrfflfflfflfllrr"/>
        <trajectory sample="230" generation="230000"
                    bestEnergy="-40.0" averageEnergy="-36.4908" worstEnergy="-32.0"
                    bestConformation="Conformation 40.0 -40.0 Flrllflfrlfflrrfrflrrlfrllrfllffrlffrllfrrlrrlrllrllfrrffrffrllffrflfrllfflrlffrfffrrfflfflfflfllrr"/>
        <trajectory sample="231" generation="231000"
                    bestEnergy="-40.0" averageEnergy="-36.5644" worstEnergy="-35.0"
                    bestConformation="Conformation 40.0 -40.0 Flrllflfrlfflrrfrflrrlfrllrfllffrlffrllfrrlrrlrllrllfrrffrffrllffrflfrllfflrlffrfffrrfflfflfflfllrr"/>
        <trajectory sample="232" generation="232000"
                    bestEnergy="-40.0" averageEnergy="-36.6445" worstEnergy="-35.0"
                    bestConformation="Conformation 40.0 -40.0 Flrllflfrlfflrrfrflrrlfrllrfllffrlffrllfrrlrrlrllrllfrrffrffrllffrflfrllfflrlffrfffrrfflfflfflfllrr"/>
        <trajectory sample="233" generation="233000"
                    bestEnergy="-40.0" averageEnergy="-36.6972" worstEnergy="-36.0"
                    bestConformation="Conformation 40.0 -40.0 Flrllflfrlfflrrfrflrrlfrllrfllffrlffrllfrrlrrlrllrllfrrffrffrllffrflfrllfflrlffrfffrrfflfflfflfllrr"/>
        <trajectory sample="234" generation="234000"
                    bestEnergy="-40.0" averageEnergy="-36.7317" worstEnergy="-32.0"
                    bestConformation="Conformation 40.0 -40.0 Flrllflfrlfflrrfrflrrlfrllrfllffrlffrllfrrlrrlrllrllfrrffrffrllffrflfrllfflrlffrfffrrfflfflfflfllrr"/>
        <trajectory sample="235" generation="235000"
                    bestEnergy="-40.0" averageEnergy="-36.7716" worstEnergy="-36.0"
                    bestConformation="Conformation 40.0 -40.0 Flrllflfrlfflrrfrflrrlfrllrfllffrlffrllfrrlrrlrllrllfrrffrffrllffrflfrllfflrlffrfffrrfflfflfflfllrr"/>
        <trajectory sample="236" generation="236000"
                    bestEnergy="-40.0" averageEnergy="-36.8119" worstEnergy="-36.0"
                    bestConformation="Conformation 40.0 -40.0 Flrllflfrlfflrrfrflrrlfrllrfllffrlffrllfrrlrrlrllrllfrrffrffrllffrflfrllfflrlffrfffrrfflfflfflfllrr"/>
        <trajectory sample="237" generation="237000"
                    bestEnergy="-40.0" averageEnergy="-36.8498" worstEnergy="-36.0"
                    bestConformation="Conformation 40.0 -40.0 Flrllflfrlfflrrfrflrrlfrllrfllffrlffrllfrrlrrlrllrllfrrffrffrllffrflfrllfflrlffrfffrrfflfflfflfllrr"/>
        <trajectory sample="238" generation="238000"
                    bestEnergy="-40.0" averageEnergy="-36.8902" worstEnergy="-32.0"
                    bestConformation="Conformation 40.0 -40.0 Flrllflfrlfflrrfrflrrlfrllrfllffrlffrllfrrlrrlrllrllfrrffrffrllffrflfrllfflrlffrfffrrfflfflfflfllrr"/>
        <trajectory sample="239" generation="239000"
                    bestEnergy="-40.0" averageEnergy="-36.9333" worstEnergy="-29.0"
                    bestConformation="Conformation 40.0 -40.0 Flrllflfrlfflrrfrflrrlfrllrfllffrlffrllfrrlrrlrllrllfrrffrffrllffrflfrllfflrlffrfffrrfflfflfflfllrr"/>
        <trajectory sample="240" generation="240000"
                    bestEnergy="-40.0" averageEnergy="-36.9776" worstEnergy="-36.0"
                    bestConformation="Conformation 40.0 -40.0 Flrllflfrlfflrrfrflrrlfrllrfllffrlffrllfrrlrrlrllrllfrrffrffrllffrflfrllfflrlffrfffrrfflfflfflfllrr"/>
        <trajectory sample="241" generation="241000"
                    bestEnergy="-40.0" averageEnergy="-37.0224" worstEnergy="-32.0"
                    bestConformation="Conformation 40.0 -40.0 Flrllflfrlfflrrfrflrrlfrllrfllffrlffrllfrrlrrlrllrllfrrffrffrllffrflfrllfflrlffrfffrrfflfflfflfllrr"/>
        <trajectory sample="242" generation="242000"
                    bestEnergy="-40.0" averageEnergy="-37.064" worstEnergy="-35.0"
                    bestConformation="Conformation 40.0 -40.0 Flrllflfrlfflrrfrflrrlfrllrfllffrlffrllfrrlrrlrllrllfrrffrffrllffrflfrllfflrlffrfffrrfflfflfflfllrr"/>
        <trajectory sample="243" generation="243000"
                    bestEnergy="-40.0" averageEnergy="-37.0962" worstEnergy="-37.0"
                    bestConformation="Conformation 40.0 -40.0 Flrllflfrlfflrrfrflrrlfrllrfllffrlffrllfrrlrrlrllrllfrrffrffrllffrflfrllfflrlffrfffrrfflfflfflfllrr"/>
        <trajectory sample="244" generation="244000"
                    bestEnergy="-40.0" averageEnergy="-37.1021" worstEnergy="-29.0"
                    bestConformation="Conformation 40.0 -40.0 Flrllflfrlfflrrfrflrrlfrllrfllffrlffrllfrrlrrlrllrllfrrffrffrllffrflfrllfflrlffrfffrrfflfflfflfllrr"/>
        <trajectory sample="245" generation="245000"
                    bestEnergy="-40.0" averageEnergy="-37.1119" worstEnergy="-37.0"
                    bestConformation="Conformation 40.0 -40.0 Flrllflfrlfflrrfrflrrlfrllrfllffrlffrllfrrlrrlrllrllfrrffrffrllffrflfrllfflrlffrfffrrfflfflfflfllrr"/>
        <trajectory sample="246" generation="246000"
                    bestEnergy="-40.0" averageEnergy="-37.1182" worstEnergy="-32.0"
                    bestConformation="Conformation 40.0 -40.0 Flrllflfrlfflrrfrflrrlfrllrfllffrlffrllfrrlrrlrllrllfrrffrffrllffrflfrllfflrlffrfffrrfflfflfflfllrr"/>
        <trajectory sample="247" generation="247000"
                    bestEnergy="-40.0" averageEnergy="-37.1277" worstEnergy="-37.0"
                    bestConformation="Conformation 40.0 -40.0 Flrllflfrlfflrrfrflrrlfrllrfllffrlffrllfrrlrrlrllrllfrrffrffrllffrflfrllfflrlffrfffrrfflfflfflfllrr"/>
        <trajectory sample="248" generation="248000"
                    bestEnergy="-40.0" averageEnergy="-37.1361" worstEnergy="-31.0"
                    bestConformation="Conformation 40.0 -40.0 Flrllflfrlfflrrfrflrrlfrllrfllffrlffrllfrrlrrlrllrllfrrffrffrllffrflfrllfflrlffrfffrrfflfflfflfllrr"/>
        <trajectory sample="249" generation="249000"
                    bestEnergy="-40.0" averageEnergy="-37.144" worstEnergy="-36.0"
                    bestConformation="Conformation 40.0 -40.0 Flrllflfrlfflrrfrflrrlfrllrfllffrlffrllfrrlrrlrllrllfrrffrffrllffrflfrllfflrlffrfffrrfflfflfflfllrr"/>
        <trajectory sample="250" generation="250000"
                    bestEnergy="-40.0" averageEnergy="-37.1538" worstEnergy="-37.0"
                    bestConformation="Conformation 40.0 -40.0 Flrllflfrlfflrrfrflrrlfrllrfllffrlffrllfrrlrrlrllrllfrrffrffrllffrflfrllfflrlffrfffrrfflfflfflfllrr"/>
        <trajectory sample="251" generation="251000"
                    bestEnergy="-40.0" averageEnergy="-37.1648" worstEnergy="-30.0"
                    bestConformation="Conformation 40.0 -40.0 Flrllflfrlfflrrfrflrrlfrllrfllffrlffrllfrrlrrlrllrllfrrffrffrllffrflfrllfflrlffrfffrrfflfflfflfllrr"/>
        <trajectory sample="252" generation="252000"
                    bestEnergy="-40.0" averageEnergy="-37.1767" worstEnergy="-30.0"
                    bestConformation="Conformation 40.0 -40.0 Flrllflfrlfflrrfrflrrlfrllrfllffrlffrllfrrlrrlrllrllfrrffrffrllffrflfrllfflrlffrfffrrfflfflfflfllrr"/>
        <trajectory sample="253" generation="253000"
                    bestEnergy="-40.0" averageEnergy="-37.1886" worstEnergy="-29.0"
                    bestConformation="Conformation 40.0 -40.0 Flrllflfrlfflrrfrflrrlfrllrfllffrlffrllfrrlrrlrllrllfrrffrffrllffrflfrllfflrlffrfffrrfflfflfflfllrr"/>
        <trajectory sample="254" generation="254000"
                    bestEnergy="-40.0" averageEnergy="-37.2022" worstEnergy="-37.0"
                    bestConformation="Conformation 40.0 -40.0 Flrllflfrlfflrrfrflrrlfrllrfllffrlffrllfrrlrrlrllrllfrrffrffrllffrflfrllfflrlffrfffrrfflfflfflfllrr"/>
        <trajectory sample="255" generation="255000"
                    bestEnergy="-40.0" averageEnergy="-37.2156" worstEnergy="-37.0"
                    bestConformation="Conformation 40.0 -40.0 Flrllflfrlfflrrfrflrrlfrllrfllffrlffrllfrrlrrlrllrllfrrffrffrllffrflfrllfflrlffrfffrrfflfflfflfllrr"/>
        <trajectory sample="256" generation="256000"
                    bestEnergy="-40.0" averageEnergy="-37.2281" worstEnergy="-32.0"
                    bestConformation="Conformation 40.0 -40.0 Flrllflfrlfflrrfrflrrlfrllrfllffrlffrllfrrlrrlrllrllfrrffrffrllffrflfrllfflrlffrfffrrfflfflfflfllrr"/>
        <trajectory sample="257" generation="257000"
                    bestEnergy="-40.0" averageEnergy="-37.2417" worstEnergy="-34.0"
                    bestConformation="Conformation 40.0 -40.0 Flrllflfrlfflrrfrflrrlfrllrfllffrlffrllfrrlrrlrllrllfrrffrffrllffrflfrllfflrlffrfffrrfflfflfflfllrr"/>
        <trajectory sample="258" generation="258000"
                    bestEnergy="-40.0" averageEnergy="-37.2572" worstEnergy="-37.0"
                    bestConformation="Conformation 40.0 -40.0 Flrllflfrlfflrrfrflrrlfrllrfllffrlffrllfrrlrrlrllrllfrrffrffrllffrflfrllfflrlffrfffrrfflfflfflfllrr"/>
        <trajectory sample="259" generation="259000"
                    bestEnergy="-40.0" averageEnergy="-37.2748" worstEnergy="-32.0"
                    bestConformation="Conformation 40.0 -40.0 Flrllflfrlfflrrfrflrrlfrllrfllffrlffrllfrrlrrlrllrllfrrffrffrllffrflfrllfflrlffrfffrrfflfflfflfllrr"/>
        <trajectory sample="260" generation="260000"
                    bestEnergy="-40.0" averageEnergy="-37.2916" worstEnergy="-33.0"
                    bestConformation="Conformation 40.0 -40.0 Flrllflfrlfflrrfrflrrlfrllrfllffrlffrllfrrlrrlrllrllfrrffrffrllffrflfrllfflrlffrfffrrfflfflfflfllrr"/>
        <trajectory sample="261" generation="261000"
                    bestEnergy="-40.0" averageEnergy="-37.3122" worstEnergy="-34.0"
                    bestConformation="Conformation 40.0 -40.0 Flrllflfrlfflrrfrflrrlfrllrfllffrlffrllfrrlrrlrllrllfrrffrffrllffrflfrllfflrlffrfffrrfflfflfflfllrr"/>
        <trajectory sample="262" generation="262000"
                    bestEnergy="-40.0" averageEnergy="-37.3324" worstEnergy="-34.0"
                    bestConformation="Conformation 40.0 -40.0 Flrllflfrlfflrrfrflrrlfrllrfllffrlffrllfrrlrrlrllrllfrrffrffrllffrflfrllfflrlffrfffrrfflfflfflfllrr"/>
        <trajectory sample="263" generation="263000"
                    bestEnergy="-40.0" averageEnergy="-37.3541" worstEnergy="-30.0"
                    bestConformation="Conformation 40.0 -40.0 Flrllflfrlfflrrfrflrrlfrllrfllffrlffrllfrrlrrlrllrllfrrffrffrllffrflfrllfflrlffrfffrrfflfflfflfllrr"/>
        <trajectory sample="264" generation="264000"
                    bestEnergy="-40.0" averageEnergy="-37.3741" worstEnergy="-35.0"
                    bestConformation="Conformation 40.0 -40.0 Flrllflfrlfflrrfrflrrlfrllrfllffrlffrllfrrlrrlrllrllfrrffrffrllffrflfrllfflrlffrfffrrfflfflfflfllrr"/>
        <trajectory sample="265" generation="265000"
                    bestEnergy="-40.0" averageEnergy="-37.3962" worstEnergy="-33.0"
                    bestConformation="Conformation 40.0 -40.0 Flrllflfrlfflrrfrflrrlfrllrfllffrlffrllfrrlrrlrllrllfrrffrffrllffrflfrllfflrlffrfffrrfflfflfflfllrr"/>
        <trajectory sample="266" generation="266000"
                    bestEnergy="-40.0" averageEnergy="-37.4211" worstEnergy="-32.0"
                    bestConformation="Conformation 40.0 -40.0 Flrllflfrlfflrrfrflrrlfrllrfllffrlffrllfrrlrrlrllrllfrrffrffrllffrflfrllfflrlffrfffrrfflfflfflfllrr"/>
        <trajectory sample="267" generation="267000"
                    bestEnergy="-40.0" averageEnergy="-37.4451" worstEnergy="-30.0"
                    bestConformation="Conformation 40.0 -40.0 Flrllflfrlfflrrfrflrrlfrllrfllffrlffrllfrrlrrlrllrllfrrffrffrllffrflfrllfflrlffrfffrrfflfflfflfllrr"/>
        <trajectory sample="268" generation="268000"
                    bestEnergy="-40.0" averageEnergy="-37.4676" worstEnergy="-37.0"
                    bestConformation="Conformation 40.0 -40.0 Flrllflfrlfflrrfrflrrlfrllrfllffrlffrllfrrlrrlrllrllfrrffrffrllffrflfrllfflrlffrfffrrfflfflfflfllrr"/>
        <trajectory sample="269" generation="269000"
                    bestEnergy="-40.0" averageEnergy="-37.4928" worstEnergy="-37.0"
                    bestConformation="Conformation 40.0 -40.0 Flrllflfrlfflrrfrflrrlfrllrfllffrlffrllfrrlrrlrllrllfrrffrffrllffrflfrllfflrlffrfffrrfflfflfflfllrr"/>
        <trajectory sample="270" generation="270000"
                    bestEnergy="-40.0" averageEnergy="-37.52" worstEnergy="-34.0"
                    bestConformation="Conformation 40.0 -40.0 Flrllflfrlfflrrfrflrrlfrllrfllffrlffrllfrrlrrlrllrllfrrffrffrllffrflfrllfflrlffrfffrrfflfflfflfllrr"/>
        <trajectory sample="271" generation="271000"
                    bestEnergy="-40.0" averageEnergy="-37.547" worstEnergy="-32.0"
                    bestConformation="Conformation 40.0 -40.0 Flrllflfrlfflrrfrflrrlfrllrfllffrlffrllfrrlrrlrllrllfrrffrffrllffrflfrllfflrlffrfffrrfflfflfflfllrr"/>
        <trajectory sample="272" generation="272000"
                    bestEnergy="-40.0" averageEnergy="-37.5757" worstEnergy="-29.0"
                    bestConformation="Conformation 40.0 -40.0 Flrllflfrlfflrrfrflrrlfrllrfllffrlffrllfrrlrrlrllrllfrrffrffrllffrflfrllfflrlffrfffrrfflfflfflfllrr"/>
        <trajectory sample="273" generation="273000"
                    bestEnergy="-40.0" averageEnergy="-37.6084" worstEnergy="-37.0"
                    bestConformation="Conformation 40.0 -40.0 Flrllflfrlfflrrfrflrrlfrllrfllffrlffrllfrrlrrlrllrllfrrffrffrllffrflfrllfflrlffrfffrrfflfflfflfllrr"/>
        <trajectory sample="274" generation="274000"
                    bestEnergy="-40.0" averageEnergy="-37.6392" worstEnergy="-34.0"
                    bestConformation="Conformation 40.0 -40.0 Flrllflfrlfflrrfrflrrlfrllrfllffrlffrllfrrlrrlrllrllfrrffrffrllffrflfrllfflrlffrfffrrfflfflfflfllrr"/>
        <trajectory sample="275" generation="275000"
                    bestEnergy="-40.0" averageEnergy="-37.669" worstEnergy="-33.0"
                    bestConformation="Conformation 40.0 -40.0 Flrllflfrlfflrrfrflrrlfrllrfllffrlffrllfrrlrrlrllrllfrrffrffrllffrflfrllfflrlffrfffrrfflfflfflfllrr"/>
        <trajectory sample="276" generation="276000"
                    bestEnergy="-40.0" averageEnergy="-37.702" worstEnergy="-35.0"
                    bestConformation="Conformation 40.0 -40.0 Flrllflfrlfflrrfrflrrlfrllrfllffrlffrllfrrlrrlrllrllfrrffrffrllffrflfrllfflrlffrfffrrfflfflfflfllrr"/>
        <trajectory sample="277" generation="277000"
                    bestEnergy="-40.0" averageEnergy="-37.7397" worstEnergy="-35.0"
                    bestConformation="Conformation 40.0 -40.0 Flrllflfrlfflrrfrflrrlfrllrfllffrlffrllfrrlrrlrllrllfrrffrffrllffrflfrllfflrlffrfffrrfflfflfflfllrr"/>
        <trajectory sample="278" generation="278000"
                    bestEnergy="-40.0" averageEnergy="-37.7759" worstEnergy="-36.0"
                    bestConformation="Conformation 40.0 -40.0 Flrllflfrlfflrrfrflrrlfrllrfllffrlffrllfrrlrrlrllrllfrrffrffrllffrflfrllfflrlffrfffrrfflfflfflfllrr"/>
        <trajectory sample="279" generation="279000"
                    bestEnergy="-40.0" averageEnergy="-37.811" worstEnergy="-37.0"
                    bestConformation="Conformation 40.0 -40.0 Flrllflfrlfflrrfrflrrlfrllrfllffrlffrllfrrlrrlrllrllfrrffrffrllffrflfrllfflrlffrfffrrfflfflfflfllrr"/>
        <trajectory sample="280" generation="280000"
                    bestEnergy="-40.0" averageEnergy="-37.8486" worstEnergy="-35.0"
                    bestConformation="Conformation 40.0 -40.0 Flrllflfrlfflrrfrflrrlfrllrfllffrlffrllfrrlrrlrllrllfrrffrffrllffrflfrllfflrlffrfffrrfflfflfflfllrr"/>
        <trajectory sample="281" generation="281000"
                    bestEnergy="-40.0" averageEnergy="-37.8907" worstEnergy="-37.0"
                    bestConformation="Conformation 40.0 -40.0 Flrllflfrlfflrrfrflrrlfrllrfllffrlffrllfrrlrrlrllrllfrrffrffrllffrflfrllfflrlffrfffrrfflfflfflfllrr"/>
        <trajectory sample="282" generation="282000"
                    bestEnergy="-40.0" averageEnergy="-37.9324" worstEnergy="-35.0"
                    bestConformation="Conformation 40.0 -40.0 Flrllflfrlfflrrfrflrrlfrllrfllffrlffrllfrrlrrlrllrllfrrffrffrllffrflfrllfflrlffrfffrrfflfflfflfllrr"/>
        <trajectory sample="283" generation="283000"
                    bestEnergy="-40.0" averageEnergy="-37.9724" worstEnergy="-37.0"
                    bestConformation="Conformation 40.0 -40.0 Flrllflfrlfflrrfrflrrlfrllrfllffrlffrllfrrlrrlrllrllfrrffrffrllffrflfrllfflrlffrfffrrfflfflfflfllrr"/>
        <trajectory sample="284" generation="284000"
                    bestEnergy="-40.0" averageEnergy="-38.0133" worstEnergy="-35.0"
                    bestConformation="Conformation 40.0 -40.0 Flrllflfrlfflrrfrflrrlfrllrfllffrlffrllfrrlrrlrllrllfrrffrffrllffrflfrllfflrlffrfffrrfflfflfflfllrr"/>
        <trajectory sample="285" generation="285000"
                    bestEnergy="-40.0" averageEnergy="-38.0441" worstEnergy="-33.0"
                    bestConformation="Conformation 40.0 -40.0 Flrllflfrlfflrrfrflrrlfrllrfllffrlffrllfrrlrrlrllrllfrrffrffrllffrflfrllfflrlffrfffrrfflfflfflfllrr"/>
        <trajectory sample="286" generation="286000"
                    bestEnergy="-40.0" averageEnergy="-38.049" worstEnergy="-33.0"
                    bestConformation="Conformation 40.0 -40.0 Flrllflfrlfflrrfrflrrlfrllrfllffrlffrllfrrlrrlrllrllfrrffrffrllffrflfrllfflrlffrfffrrfflfflfflfllrr"/>
        <trajectory sample="287" generation="287000"
                    bestEnergy="-40.0" averageEnergy="-38.0531" worstEnergy="-33.0"
                    bestConformation="Conformation 40.0 -40.0 Flrllflfrlfflrrfrflrrlfrllrfllffrlffrllfrrlrrlrllrllfrrffrffrllffrflfrllfflrlffrfffrrfflfflfflfllrr"/>
        <trajectory sample="288" generation="288000"
                    bestEnergy="-40.0" averageEnergy="-38.0575" worstEnergy="-35.0"
                    bestConformation="Conformation 40.0 -40.0 Flrllflfrlfflrrfrflrrlfrllrfllffrlffrllfrrlrrlrllrllfrrffrffrllffrflfrllfflrlffrfffrrfflfflfflfllrr"/>
        <trajectory sample="289" generation="289000"
                    bestEnergy="-40.0" averageEnergy="-38.0619" worstEnergy="-36.0"
                    bestConformation="Conformation 40.0 -40.0 Flrllflfrlfflrrfrflrrlfrllrfllffrlffrllfrrlrrlrllrllfrrffrffrllffrflfrllfflrlffrfffrrfflfflfflfllrr"/>
        <trajectory sample="290" generation="290000"
                    bestEnergy="-40.0" averageEnergy="-38.0669" worstEnergy="-34.0"
                    bestConformation="Conformation 40.0 -40.0 Flrllflfrlfflrrfrflrrlfrllrfllffrlffrllfrrlrrlrllrllfrrffrffrllffrflfrllfflrlffrfffrrfflfflfflfllrr"/>
        <trajectory sample="291" generation="291000"
                    bestEnergy="-40.0" averageEnergy="-38.0726" worstEnergy="-35.0"
                    bestConformation="Conformation 40.0 -40.0 Flrllflfrlfflrrfrflrrlfrllrfllffrlffrllfrrlrrlrllrllfrrffrffrllffrflfrllfflrlffrfffrrfflfflfflfllrr"/>
        <trajectory sample="292" generation="292000"
                    bestEnergy="-40.0" averageEnergy="-38.0784" worstEnergy="-38.0"
                    bestConformation="Conformation 40.0 -40.0 Flrllflfrlfflrrfrflrrlfrllrfllffrlffrllfrrlrrlrllrllfrrffrffrllffrflfrllfflrlffrfffrrfflfflfflfllrr"/>
        <trajectory sample="293" generation="293000"
                    bestEnergy="-40.0" averageEnergy="-38.0841" worstEnergy="-31.0"
                    bestConformation="Conformation 40.0 -40.0 Flrllflfrlfflrrfrflrrlfrllrfllffrlffrllfrrlrrlrllrllfrrffrffrllffrflfrllfflrlffrfffrrfflfflfflfllrr"/>
        <trajectory sample="294" generation="294000"
                    bestEnergy="-40.0" averageEnergy="-38.0912" worstEnergy="-32.0"
                    bestConformation="Conformation 40.0 -40.0 Flrllflfrlfflrrfrflrrlfrllrfllffrlffrllfrrlrrlrllrllfrrffrffrllffrflfrllfflrlffrfffrrfflfflfflfllrr"/>
        <trajectory sample="295" generation="295000"
                    bestEnergy="-40.0" averageEnergy="-38.0969" worstEnergy="-38.0"
                    bestConformation="Conformation 40.0 -40.0 Flrllflfrlfflrrfrflrrlfrllrfllffrlffrllfrrlrrlrllrllfrrffrffrllffrflfrllfflrlffrfffrrfflfflfflfllrr"/>
        <trajectory sample="296" generation="296000"
                    bestEnergy="-40.0" averageEnergy="-38.1016" worstEnergy="-38.0"
                    bestConformation="Conformation 40.0 -40.0 Flrllflfrlfflrrfrflrrlfrllrfllffrlffrllfrrlrrlrllrllfrrffrffrllffrflfrllfflrlffrfffrrfflfflfflfllrr"/>
        <trajectory sample="297" generation="297000"
                    bestEnergy="-40.0" averageEnergy="-38.1095" worstEnergy="-38.0"
                    bestConformation="Conformation 40.0 -40.0 Flrllflfrlfflrrfrflrrlfrllrfllffrlffrllfrrlrrlrllrllfrrffrffrllffrflfrllfflrlffrfffrrfflfflfflfllrr"/>
        <trajectory sample="298" generation="298000"
                    bestEnergy="-40.0" averageEnergy="-38.1179" worstEnergy="-38.0"
                    bestConformation="Conformation 40.0 -40.0 Flrllflfrlfflrrfrflrrlfrllrfllffrlffrllfrrlrrlrllrllfrrffrffrllffrflfrllfflrlffrfffrrfflfflfflfllrr"/>
        <trajectory sample="299" generation="299000"
                    bestEnergy="-40.0" averageEnergy="-38.1259" worstEnergy="-35.0"
                    bestConformation="Conformation 40.0 -40.0 Flrllflfrlfflrrfrflrrlfrllrfllffrlffrllfrrlrrlrllrllfrrffrffrllffrflfrllfflrlffrfffrrfflfflfflfllrr"/>
        <trajectory sample="300" generation="300000"
                    bestEnergy="-40.0" averageEnergy="-38.1371" worstEnergy="-37.0"
                    bestConformation="Conformation 40.0 -40.0 Flrllflfrlfflrrfrflrrlfrllrfllffrlffrllfrrlrrlrllrllfrrffrffrllffrflfrllfflrlffrfffrrfflfflfflfllrr"/>
        <trajectory sample="301" generation="301000"
                    bestEnergy="-40.0" averageEnergy="-38.1475" worstEnergy="-36.0"
                    bestConformation="Conformation 40.0 -40.0 Flrllflfrlfflrrfrflrrlfrllrfllffrlffrllfrrlrrlrllrllfrrffrffrllffrflfrllfflrlffrfffrrfflfflfflfllrr"/>
        <trajectory sample="302" generation="302000"
                    bestEnergy="-40.0" averageEnergy="-38.1575" worstEnergy="-36.0"
                    bestConformation="Conformation 40.0 -40.0 Flrllflfrlfflrrfrflrrlfrllrfllffrlffrllfrrlrrlrllrllfrrffrffrllffrflfrllfflrlffrfffrrfflfflfflfllrr"/>
        <trajectory sample="303" generation="303000"
                    bestEnergy="-40.0" averageEnergy="-38.1698" worstEnergy="-34.0"
                    bestConformation="Conformation 40.0 -40.0 Flrllflfrlfflrrfrflrrlfrllrfllffrlffrllfrrlrrlrllrllfrrffrffrllffrflfrllfflrlffrfffrrfflfflfflfllrr"/>
        <trajectory sample="304" generation="304000"
                    bestEnergy="-40.0" averageEnergy="-38.1806" worstEnergy="-31.0"
                    bestConformation="Conformation 40.0 -40.0 Flrllflfrlfflrrfrflrrlfrllrfllffrlffrllfrrlrrlrllrllfrrffrffrllffrflfrllfflrlffrfffrrfflfflfflfllrr"/>
        <trajectory sample="305" generation="305000"
                    bestEnergy="-40.0" averageEnergy="-38.1972" worstEnergy="-38.0"
                    bestConformation="Conformation 40.0 -40.0 Flrllflfrlfflrrfrflrrlfrllrfllffrlffrllfrrlrrlrllrllfrrffrffrllffrflfrllfflrlffrfffrrfflfflfflfllrr"/>
        <trajectory sample="306" generation="306000"
                    bestEnergy="-40.0" averageEnergy="-38.2124" worstEnergy="-30.0"
                    bestConformation="Conformation 40.0 -40.0 Flrllflfrlfflrrfrflrrlfrllrfllffrlffrllfrrlrrlrllrllfrrffrffrllffrflfrllfflrlffrfffrrfflfflfflfllrr"/>
        <trajectory sample="307" generation="307000"
                    bestEnergy="-40.0" averageEnergy="-38.2284" worstEnergy="-32.0"
                    bestConformation="Conformation 40.0 -40.0 Flrllflfrlfflrrfrflrrlfrllrfllffrlffrllfrrlrrlrllrllfrrffrffrllffrflfrllfflrlffrfffrrfflfflfflfllrr"/>
        <trajectory sample="308" generation="308000"
                    bestEnergy="-40.0" averageEnergy="-38.2455" worstEnergy="-38.0"
                    bestConformation="Conformation 40.0 -40.0 Flrllflfrlfflrrfrflrrlfrllrfllffrlffrllfrrlrrlrllrllfrrffrffrllffrflfrllfflrlffrfffrrfflfflfflfllrr"/>
        <trajectory sample="309" generation="309000"
                    bestEnergy="-40.0" averageEnergy="-38.2632" worstEnergy="-38.0"
                    bestConformation="Conformation 40.0 -40.0 Flrllflfrlfflrrfrflrrlfrllrfllffrlffrllfrrlrrlrllrllfrrffrffrllffrflfrllfflrlffrfffrrfflfflfflfllrr"/>
        <trajectory sample="310" generation="310000"
                    bestEnergy="-40.0" averageEnergy="-38.2807" worstEnergy="-32.0"
                    bestConformation="Conformation 40.0 -40.0 Flrllflfrlfflrrfrflrrlfrllrfllffrlffrllfrrlrrlrllrllfrrffrffrllffrflfrllfflrlffrfffrrfflfflfflfllrr"/>
        <trajectory sample="311" generation="311000"
                    bestEnergy="-40.0" averageEnergy="-38.3018" worstEnergy="-38.0"
                    bestConformation="Conformation 40.0 -40.0 Flrllflfrlfflrrfrflrrlfrllrfllffrlffrllfrrlrrlrllrllfrrffrffrllffrflfrllfflrlffrfffrrfflfflfflfllrr"/>
        <trajectory sample="312" generation="312000"
                    bestEnergy="-40.0" averageEnergy="-38.3203" worstEnergy="-32.0"
                    bestConformation="Conformation 40.0 -40.0 Flrllflfrlfflrrfrflrrlfrllrfllffrlffrllfrrlrrlrllrllfrrffrffrllffrflfrllfflrlffrfffrrfflfflfflfllrr"/>
        <trajectory sample="313" generation="313000"
                    bestEnergy="-40.0" averageEnergy="-38.3442" worstEnergy="-30.0"
                    bestConformation="Conformation 40.0 -40.0 Flrllflfrlfflrrfrflrrlfrllrfllffrlffrllfrrlrrlrllrllfrrffrffrllffrflfrllfflrlffrfffrrfflfflfflfllrr"/>
        <trajectory sample="314" generation="314000"
                    bestEnergy="-40.0" averageEnergy="-38.3678" worstEnergy="-33.0"
                    bestConformation="Conformation 40.0 -40.0 Flrllflfrlfflrrfrflrrlfrllrfllffrlffrllfrrlrrlrllrllfrrffrffrllffrflfrllfflrlffrfffrrfflfflfflfllrr"/>
        <trajectory sample="315" generation="315000"
                    bestEnergy="-40.0" averageEnergy="-38.3941" worstEnergy="-35.0"
                    bestConformation="Conformation 40.0 -40.0 Flrllflfrlfflrrfrflrrlfrllrfllffrlffrllfrrlrrlrllrllfrrffrffrllffrflfrllfflrlffrfffrrfflfflfflfllrr"/>
        <trajectory sample="316" generation="316000"
                    bestEnergy="-40.0" averageEnergy="-38.4214" worstEnergy="-30.0"
                    bestConformation="Conformation 40.0 -40.0 Flrllflfrlfflrrfrflrrlfrllrfllffrlffrllfrrlrrlrllrllfrrffrffrllffrflfrllfflrlffrfffrrfflfflfflfllrr"/>
        <trajectory sample="317" generation="317000"
                    bestEnergy="-40.0" averageEnergy="-38.4503" worstEnergy="-35.0"
                    bestConformation="Conformation 40.0 -40.0 Flrllflfrlfflrrfrflrrlfrllrfllffrlffrllfrrlrrlrllrllfrrffrffrllffrflfrllfflrlffrfffrrfflfflfflfllrr"/>
        <trajectory sample="318" generation="318000"
                    bestEnergy="-40.0" averageEnergy="-38.4815" worstEnergy="-38.0"
                    bestConformation="Conformation 40.0 -40.0 Flrllflfrlfflrrfrflrrlfrllrfllffrlffrllfrrlrrlrllrllfrrffrffrllffrflfrllfflrlffrfffrrfflfflfflfllrr"/>
        <trajectory sample="319" generation="319000"
                    bestEnergy="-40.0" averageEnergy="-38.5119" worstEnergy="-38.0"
                    bestConformation="Conformation 40.0 -40.0 Flrllflfrlfflrrfrflrrlfrllrfllffrlffrllfrrlrrlrllrllfrrffrffrllffrflfrllfflrlffrfffrrfflfflfflfllrr"/>
        <trajectory sample="320" generation="320000"
                    bestEnergy="-40.0" averageEnergy="-38.5449" worstEnergy="-35.0"
                    bestConformation="Conformation 40.0 -40.0 Flrllflfrlfflrrfrflrrlfrllrfllffrlffrllfrrlrrlrllrllfrrffrffrllffrflfrllfflrlffrfffrrfflfflfflfllrr"/>
        <trajectory sample="321" generation="321000"
                    bestEnergy="-40.0" averageEnergy="-38.5782" worstEnergy="-36.0"
                    bestConformation="Conformation 40.0 -40.0 Flrllflfrlfflrrfrflrrlfrllrfllffrlffrllfrrlrrlrllrllfrrffrffrllffrflfrllfflrlffrfffrrfflfflfflfllrr"/>
        <trajectory sample="322" generation="322000"
                    bestEnergy="-40.0" averageEnergy="-38.616" worstEnergy="-30.0"
                    bestConformation="Conformation 40.0 -40.0 Flrllflfrlfflrrfrflrrlfrllrfllffrlffrllfrrlrrlrllrllfrrffrffrllffrflfrllfflrlffrfffrrfflfflfflfllrr"/>
        <trajectory sample="323" generation="323000"
                    bestEnergy="-40.0" averageEnergy="-38.6516" worstEnergy="-37.0"
                    bestConformation="Conformation 40.0 -40.0 Flrllflfrlfflrrfrflrrlfrllrfllffrlffrllfrrlrrlrllrllfrrffrffrllffrflfrllfflrlffrfffrrfflfflfflfllrr"/>
        <trajectory sample="324" generation="324000"
                    bestEnergy="-40.0" averageEnergy="-38.6882" worstEnergy="-38.0"
                    bestConformation="Conformation 40.0 -40.0 Flrllflfrlfflrrfrflrrlfrllrfllffrlffrllfrrlrrlrllrllfrrffrffrllffrflfrllfflrlffrfffrrfflfflfflfllrr"/>
        <trajectory sample="325" generation="325000"
                    bestEnergy="-40.0" averageEnergy="-38.7287" worstEnergy="-33.0"
                    bestConformation="Conformation 40.0 -40.0 Flrllflfrlfflrrfrflrrlfrllrfllffrlffrllfrrlrrlrllrllfrrffrffrllffrflfrllfflrlffrfffrrfflfflfflfllrr"/>
        <trajectory sample="326" generation="326000"
                    bestEnergy="-40.0" averageEnergy="-38.7737" worstEnergy="-38.0"
                    bestConformation="Conformation 40.0 -40.0 Flrllflfrlfflrrfrflrrlfrllrfllffrlffrllfrrlrrlrllrllfrrffrffrllffrflfrllfflrlffrfffrrfflfflfflfllrr"/>
        <trajectory sample="327" generation="327000"
                    bestEnergy="-40.0" averageEnergy="-38.817" worstEnergy="-36.0"
                    bestConformation="Conformation 40.0 -40.0 Flrllflfrlfflrrfrflrrlfrllrfllffrlffrllfrrlrrlrllrllfrrffrffrllffrflfrllfflrlffrfffrrfflfflfflfllrr"/>
        <trajectory sample="328" generation="328000"
                    bestEnergy="-40.0" averageEnergy="-38.8596" worstEnergy="-38.0"
                    bestConformation="Conformation 40.0 -40.0 Flrllflfrlfflrrfrflrrlfrllrfllffrlffrllfrrlrrlrllrllfrrffrffrllffrflfrllfflrlffrfffrrfflfflfflfllrr"/>
        <trajectory sample="329" generation="329000"
                    bestEnergy="-40.0" averageEnergy="-38.9095" worstEnergy="-36.0"
                    bestConformation="Conformation 40.0 -40.0 Flrllflfrlfflrrfrflrrlfrllrfllffrlffrllfrrlrrlrllrllfrrffrffrllffrflfrllfflrlffrfffrrfflfflfflfllrr"/>
        <trajectory sample="330" generation="330000"
                    bestEnergy="-40.0" averageEnergy="-38.9576" worstEnergy="-31.0"
                    bestConformation="Conformation 40.0 -40.0 Flrllflfrlfflrrfrflrrlfrllrfllffrlffrllfrrlrrlrllrllfrrffrffrllffrflfrllfflrlffrfffrrfflfflfflfllrr"/>
        <trajectory sample="331" generation="331000"
                    bestEnergy="-40.0" averageEnergy="-39.0108" worstEnergy="-37.0"
                    bestConformation="Conformation 40.0 -40.0 Flrllflfrlfflrrfrflrrlfrllrfllffrlffrllfrrlrrlrllrllfrrffrffrllffrflfrllfflrlffrfffrrfflfflfflfllrr"/>
        <trajectory sample="332" generation="332000"
                    bestEnergy="-40.0" averageEnergy="-39.0632" worstEnergy="-35.0"
                    bestConformation="Conformation 40.0 -40.0 Flrllflfrlfflrrfrflrrlfrllrfllffrlffrllfrrlrrlrllrllfrrffrffrllffrflfrllfflrlffrfffrrfflfflfflfllrr"/>
        <trajectory sample="333" generation="333000"
                    bestEnergy="-40.0" averageEnergy="-39.1187" worstEnergy="-36.0"
                    bestConformation="Conformation 40.0 -40.0 Flrllflfrlfflrrfrflrrlfrllrfllffrlffrllfrrlrrlrllrllfrrffrffrllffrflfrllfflrlffrfffrrfflfflfflfllrr"/>
        <trajectory sample="334" generation="334000"
                    bestEnergy="-40.0" averageEnergy="-39.1732" worstEnergy="-33.0"
                    bestConformation="Conformation 40.0 -40.0 Flrllflfrlfflrrfrflrrlfrllrfllffrlffrllfrrlrrlrllrllfrrffrffrllffrflfrllfflrlffrfffrrfflfflfflfllrr"/>
        <trajectory sample="335" generation="335000"
                    bestEnergy="-40.0" averageEnergy="-39.2294" worstEnergy="-38.0"
                    bestConformation="Conformation 40.0 -40.0 Flrllflfrlfflrrfrflrrlfrllrfllffrlffrllfrrlrrlrllrllfrrffrffrllffrflfrllfflrlffrfffrrfflfflfflfllrr"/>
        <trajectory sample="336" generation="336000"
                    bestEnergy="-40.0" averageEnergy="-39.2886" worstEnergy="-34.0"
                    bestConformation="Conformation 40.0 -40.0 Flrllflfrlfflrrfrflrrlfrllrfllffrlffrllfrrlrrlrllrllfrrffrffrllffrflfrllfflrlffrfffrrfflfflfflfllrr"/>
        <trajectory sample="337" generation="337000"
                    bestEnergy="-40.0" averageEnergy="-39.3491" worstEnergy="-38.0"
                    bestConformation="Conformation 40.0 -40.0 Flrllflfrlfflrrfrflrrlfrllrfllffrlffrllfrrlrrlrllrllfrrffrffrllffrflfrllfflrlffrfffrrfflfflfflfllrr"/>
        <trajectory sample="338" generation="338000"
                    bestEnergy="-40.0" averageEnergy="-39.4052" worstEnergy="-35.0"
                    bestConformation="Conformation 40.0 -40.0 Flrllflfrlfflrrfrflrrlfrllrfllffrlffrllfrrlrrlrllrllfrrffrffrllffrflfrllfflrlffrfffrrfflfflfflfllrr"/>
        <trajectory sample="339" generation="339000"
                    bestEnergy="-40.0" averageEnergy="-39.4325" worstEnergy="-36.0"
                    bestConformation="Conformation 40.0 -40.0 Flrllflfrlfflrrfrflrrlfrllrfllffrlffrllfrrlrrlrllrllfrrffrffrllffrflfrllfflrlffrfffrrfflfflfflfllrr"/>
        <trajectory sample="340" generation="340000"
                    bestEnergy="-40.0" averageEnergy="-39.4575" worstEnergy="-37.0"
                    bestConformation="Conformation 40.0 -40.0 Flrllflfrlfflrrfrflrrlfrllrfllffrlffrllfrrlrrlrllrllfrrffrffrllffrflfrllfflrlffrfffrrfflfflfflfllrr"/>
        <trajectory sample="341" generation="341000"
                    bestEnergy="-40.0" averageEnergy="-39.4831" worstEnergy="-39.0"
                    bestConformation="Conformation 40.0 -40.0 Flrllflfrlfflrrfrflrrlfrllrfllffrlffrllfrrlrrlrllrllfrrffrffrllffrflfrllfflrlffrfffrrfflfflfflfllrr"/>
        <trajectory sample="342" generation="342000"
                    bestEnergy="-40.0" averageEnergy="-39.5099" worstEnergy="-36.0"
                    bestConformation="Conformation 40.0 -40.0 Flrllflfrlfflrrfrflrrlfrllrfllffrlffrllfrrlrrlrllrllfrrffrffrllffrflfrllfflrlffrfffrrfflfflfflfllrr"/>
        <trajectory sample="343" generation="343000"
                    bestEnergy="-40.0" averageEnergy="-39.5381" worstEnergy="-35.0"
                    bestConformation="Conformation 40.0 -40.0 Flrllflfrlfflrrfrflrrlfrllrfllffrlffrllfrrlrrlrllrllfrrffrffrllffrflfrllfflrlffrfffrrfflfflfflfllrr"/>
        <trajectory sample="344" generation="344000"
                    bestEnergy="-40.0" averageEnergy="-39.5692" worstEnergy="-39.0"
                    bestConformation="Conformation 40.0 -40.0 Flrllflfrlfflrrfrflrrlfrllrfllffrlffrllfrrlrrlrllrllfrrffrffrllffrflfrllfflrlffrfffrrfflfflfflfllrr"/>
        <trajectory sample="345" generation="345000"
                    bestEnergy="-40.0" averageEnergy="-39.6032" worstEnergy="-35.0"
                    bestConformation="Conformation 40.0 -40.0 Flrllflfrlfflrrfrflrrlfrllrfllffrlffrllfrrlrrlrllrllfrrffrffrllffrflfrllfflrlffrfffrrfflfflfflfllrr"/>
        <trajectory sample="346" generation="346000"
                    bestEnergy="-40.0" averageEnergy="-39.6384" worstEnergy="-33.0"
                    bestConformation="Conformation 40.0 -40.0 Flrllflfrlfflrrfrflrrlfrllrfllffrlffrllfrrlrrlrllrllfrrffrffrllffrflfrllfflrlffrfffrrfflfflfflfllrr"/>
        <trajectory sample="347" generation="347000"
                    bestEnergy="-40.0" averageEnergy="-39.6718" worstEnergy="-33.0"
                    bestConformation="Conformation 40.0 -40.0 Flrllflfrlfflrrfrflrrlfrllrfllffrlffrllfrrlrrlrllrllfrrffrffrllffrflfrllfflrlffrfffrrfflfflfflfllrr"/>
        <trajectory sample="348" generation="348000"
                    bestEnergy="-40.0" averageEnergy="-39.7114" worstEnergy="-39.0"
                    bestConformation="Conformation 40.0 -40.0 Flrllflfrlfflrrfrflrrlfrllrfllffrlffrllfrrlrrlrllrllfrrffrffrllffrflfrllfflrlffrfffrrfflfflfflfllrr"/>
        <trajectory sample="349" generation="349000"
                    bestEnergy="-40.0" averageEnergy="-39.7456" worstEnergy="-38.0"
                    bestConformation="Conformation 40.0 -40.0 Flrllflfrlfflrrfrflrrlfrllrfllffrlffrllfrrlrrlrllrllfrrffrffrllffrflfrllfflrlffrfffrrfflfflfflfllrr"/>
        <trajectory sample="350" generation="350000"
                    bestEnergy="-40.0" averageEnergy="-39.7864" worstEnergy="-36.0"
                    bestConformation="Conformation 40.0 -40.0 Flrllflfrlfflrrfrflrrlfrllrfllffrlffrllfrrlrrlrllrllfrrffrffrllffrflfrllfflrlffrfffrrfflfflfflfllrr"/>
        <trajectory sample="351" generation="351000"
                    bestEnergy="-40.0" averageEnergy="-39.828" worstEnergy="-39.0"
                    bestConformation="Conformation 40.0 -40.0 Flrllflfrlfflrrfrflrrlfrllrfllffrlffrllfrrlrrlrllrllfrrffrffrllffrflfrllfflrlffrfffrrfflfflfflfllrr"/>
        <trajectory sample="352" generation="352000"
                    bestEnergy="-40.0" averageEnergy="-39.8673" worstEnergy="-37.0"
                    bestConformation="Conformation 40.0 -40.0 Flrllflfrlfflrrfrflrrlfrllrfllffrlffrllfrrlrrlrllrllfrrffrffrllffrflfrllfflrlffrfffrrfflfflfflfllrr"/>
        <trajectory sample="353" generation="353000"
                    bestEnergy="-40.0" averageEnergy="-39.905" worstEnergy="-39.0"
                    bestConformation="Conformation 40.0 -40.0 Flrllflfrlfflrrfrflrrlfrllrfllffrlffrllfrrlrrlrllrllfrrffrffrllffrflfrllfflrlffrfffrrfflfflfflfllrr"/>
        <trajectory sample="354" generation="354000"
                    bestEnergy="-40.0" averageEnergy="-39.9482" worstEnergy="-36.0"
                    bestConformation="Conformation 40.0 -40.0 Flrllflfrlfflrrfrflrrlfrllrfllffrlffrllfrrlrrlrllrllfrrffrffrllffrflfrllfflrlffrfffrrfflfflfflfllrr"/>
        <trajectory sample="355" generation="355000"
                    bestEnergy="-40.0" averageEnergy="-39.9936" worstEnergy="-39.0"
                    bestConformation="Conformation 40.0 -40.0 Flrllflfrlfflrrfrflrrlfrllrfllffrlffrllfrrlrrlrllrllfrrffrffrllffrflfrllfflrlffrfffrrfflfflfflfllrr"/>
        <trajectory sample="356" generation="356000"
                    bestEnergy="-40.0" averageEnergy="-39.9993" worstEnergy="-33.0"
                    bestConformation="Conformation 40.0 -40.0 Flrllflfrlfflrrfrflrrlfrllrfllffrlffrllfrrlrrlrllrllfrrffrffrllffrflfrllfflrlffrfffrrfflfflfflfllrr"/>
        <trajectory sample="357" generation="357000"
                    bestEnergy="-40.0" averageEnergy="-40.0" worstEnergy="-40.0"
                    bestConformation="Conformation 40.0 -40.0 Flrllflfrlfflrrfrflrrlfrllrfllffrlffrllfrrlrrlrllrllfrrffrffrllffrflfrllfflrlffrfffrrfflfflfflfllrr"/>
        <trajectory sample="358" generation="358000"
                    bestEnergy="-40.0" averageEnergy="-39.9997" worstEnergy="-37.0"
                    bestConformation="Conformation 40.0 -40.0 Flrllflfrlfflrrfrflrrlfrllrfllffrlffrllfrrlrrlrllrllfrrffrffrllffrflfrllfflrlffrfffrrfflfflfflfllrr"/>
        <trajectory sample="359" generation="359000"
                    bestEnergy="-40.0" averageEnergy="-40.0" worstEnergy="-40.0"
                    bestConformation="Conformation 40.0 -40.0 Flrllflfrlfflrrfrflrrlfrllrfllffrlffrllfrrlrrlrllrllfrrffrffrllffrflfrllfflrlffrfffrrfflfflfflfllrr"/>
        <trajectory sample="360" generation="360000"
                    bestEnergy="-40.0" averageEnergy="-39.9995" worstEnergy="-35.0"
                    bestConformation="Conformation 40.0 -40.0 Flrllflfrlfflrrfrflrrlfrllrfllffrlffrllfrrlrrlrllrllfrrffrffrllffrflfrllfflrlffrfffrrfflfflfflfllrr"/>
        <trajectory sample="361" generation="361000"
                    bestEnergy="-40.0" averageEnergy="-40.0" worstEnergy="-40.0"
                    bestConformation="Conformation 40.0 -40.0 Flrllflfrlfflrrfrflrrlfrllrfllffrlffrllfrrlrrlrllrllfrrffrffrllffrflfrllfflrlffrfffrrfflfflfflfllrr"/>
        <trajectory sample="362" generation="362000"
                    bestEnergy="-40.0" averageEnergy="-39.9993" worstEnergy="-33.0"
                    bestConformation="Conformation 40.0 -40.0 Flrllflfrlfflrrfrflrrlfrllrfllffrlffrllfrrlrrlrllrllfrrffrffrllffrflfrllfflrlffrfffrrfflfflfflfllrr"/>
        <trajectory sample="363" generation="363000"
                    bestEnergy="-40.0" averageEnergy="-39.9996" worstEnergy="-36.0"
                    bestConformation="Conformation 40.0 -40.0 Flrllflfrlfflrrfrflrrlfrllrfllffrlffrllfrrlrrlrllrllfrrffrffrllffrflfrllfflrlffrfffrrfflfflfflfllrr"/>
        <trajectory sample="364" generation="364000"
                    bestEnergy="-40.0" averageEnergy="-39.9999" worstEnergy="-39.0"
                    bestConformation="Conformation 40.0 -40.0 Flrllflfrlfflrrfrflrrlfrllrfllffrlffrllfrrlrrlrllrllfrrffrffrllffrflfrllfflrlffrfffrrfflfflfflfllrr"/>
        <trajectory sample="365" generation="365000"
                    bestEnergy="-40.0" averageEnergy="-40.0" worstEnergy="-40.0"
                    bestConformation="Conformation 40.0 -40.0 Flrllflfrlfflrrfrflrrlfrllrfllffrlffrllfrrlrrlrllrllfrrffrffrllffrflfrllfflrlffrfffrrfflfflfflfllrr"/>
        <trajectory sample="366" generation="366000"
                    bestEnergy="-40.0" averageEnergy="-39.9995" worstEnergy="-35.0"
                    bestConformation="Conformation 40.0 -40.0 Flrllflfrlfflrrfrflrrlfrllrfllffrlffrllfrrlrrlrllrllfrrffrffrllffrflfrllfflrlffrfffrrfflfflfflfllrr"/>
        <trajectory sample="367" generation="367000"
                    bestEnergy="-40.0" averageEnergy="-39.9993" worstEnergy="-33.0"
                    bestConformation="Conformation 40.0 -40.0 Flrllflfrlfflrrfrflrrlfrllrfllffrlffrllfrrlrrlrllrllfrrffrffrllffrflfrllfflrlffrfffrrfflfflfflfllrr"/>
        <trajectory sample="368" generation="368000"
                    bestEnergy="-40.0" averageEnergy="-40.0" worstEnergy="-40.0"
                    bestConformation="Conformation 40.0 -40.0 Flrllflfrlfflrrfrflrrlfrllrfllffrlffrllfrrlrrlrllrllfrrffrffrllffrflfrllfflrlffrfffrrfflfflfflfllrr"/>
        <trajectory sample="369" generation="369000"
                    bestEnergy="-40.0" averageEnergy="-39.9999" worstEnergy="-39.0"
                    bestConformation="Conformation 40.0 -40.0 Flrllflfrlfflrrfrflrrlfrllrfllffrlffrllfrrlrrlrllrllfrrffrffrllffrflfrllfflrlffrfffrrfflfflfflfllrr"/>
        <trajectory sample="370" generation="370000"
                    bestEnergy="-40.0" averageEnergy="-40.0" worstEnergy="-40.0"
                    bestConformation="Conformation 40.0 -40.0 Flrllflfrlfflrrfrflrrlfrllrfllffrlffrllfrrlrrlrllrllfrrffrffrllffrflfrllfflrlffrfffrrfflfflfflfllrr"/>
        <trajectory sample="371" generation="371000"
                    bestEnergy="-40.0" averageEnergy="-39.9999" worstEnergy="-39.0"
                    bestConformation="Conformation 40.0 -40.0 Flrllflfrlfflrrfrflrrlfrllrfllffrlffrllfrrlrrlrllrllfrrffrffrllffrflfrllfflrlffrfffrrfflfflfflfllrr"/>
        <trajectory sample="372" generation="372000"
                    bestEnergy="-40.0" averageEnergy="-39.9995" worstEnergy="-35.0"
                    bestConformation="Conformation 40.0 -40.0 Flrllflfrlfflrrfrflrrlfrllrfllffrlffrllfrrlrrlrllrllfrrffrffrllffrflfrllfflrlffrfffrrfflfflfflfllrr"/>
        <trajectory sample="373" generation="373000"
                    bestEnergy="-40.0" averageEnergy="-40.0" worstEnergy="-40.0"
                    bestConformation="Conformation 40.0 -40.0 Flrllflfrlfflrrfrflrrlfrllrfllffrlffrllfrrlrrlrllrllfrrffrffrllffrflfrllfflrlffrfffrrfflfflfflfllrr"/>
        <trajectory sample="374" generation="374000"
                    bestEnergy="-40.0" averageEnergy="-40.0" worstEnergy="-40.0"
                    bestConformation="Conformation 40.0 -40.0 Flrllflfrlfflrrfrflrrlfrllrfllffrlffrllfrrlrrlrllrllfrrffrffrllffrflfrllfflrlffrfffrrfflfflfflfllrr"/>
        <trajectory sample="375" generation="375000"
                    bestEnergy="-40.0" averageEnergy="-39.9996" worstEnergy="-36.0"
                    bestConformation="Conformation 40.0 -40.0 Flrllflfrlfflrrfrflrrlfrllrfllffrlffrllfrrlrrlrllrllfrrffrffrllffrflfrllfflrlffrfffrrfflfflfflfllrr"/>
        <trajectory sample="376" generation="376000"
                    bestEnergy="-40.0" averageEnergy="-39.9994" worstEnergy="-34.0"
                    bestConformation="Conformation 40.0 -40.0 Flrllflfrlfflrrfrflrrlfrllrfllffrlffrllfrrlrrlrllrllfrrffrffrllffrflfrllfflrlffrfffrrfflfflfflfllrr"/>
        <trajectory sample="377" generation="377000"
                    bestEnergy="-40.0" averageEnergy="-40.0" worstEnergy="-40.0"
                    bestConformation="Conformation 40.0 -40.0 Flrllflfrlfflrrfrflrrlfrllrfllffrlffrllfrrlrrlrllrllfrrffrffrllffrflfrllfflrlffrfffrrfflfflfflfllrr"/>
        <trajectory sample="378" generation="378000"
                    bestEnergy="-40.0" averageEnergy="-39.9992" worstEnergy="-32.0"
                    bestConformation="Conformation 40.0 -40.0 Flrllflfrlfflrrfrflrrlfrllrfllffrlffrllfrrlrrlrllrllfrrffrffrllffrflfrllfflrlffrfffrrfflfflfflfllrr"/>
        <trajectory sample="379" generation="379000"
                    bestEnergy="-40.0" averageEnergy="-39.9992" worstEnergy="-32.0"
                    bestConformation="Conformation 40.0 -40.0 Flrllflfrlfflrrfrflrrlfrllrfllffrlffrllfrrlrrlrllrllfrrffrffrllffrflfrllfflrlffrfffrrfflfflfflfllrr"/>
        <trajectory sample="380" generation="380000"
                    bestEnergy="-40.0" averageEnergy="-39.9996" worstEnergy="-36.0"
                    bestConformation="Conformation 40.0 -40.0 Flrllflfrlfflrrfrflrrlfrllrfllffrlffrllfrrlrrlrllrllfrrffrffrllffrflfrllfflrlffrfffrrfflfflfflfllrr"/>
        <trajectory sample="381" generation="381000"
                    bestEnergy="-40.0" averageEnergy="-40.0" worstEnergy="-40.0"
                    bestConformation="Conformation 40.0 -40.0 Flrllflfrlfflrrfrflrrlfrllrfllffrlffrllfrrlrrlrllrllfrrffrffrllffrflfrllfflrlffrfffrrfflfflfflfllrr"/>
        <trajectory sample="382" generation="382000"
                    bestEnergy="-40.0" averageEnergy="-40.0" worstEnergy="-40.0"
                    bestConformation="Conformation 40.0 -40.0 Flrllflfrlfflrrfrflrrlfrllrfllffrlffrllfrrlrrlrllrllfrrffrffrllffrflfrllfflrlffrfffrrfflfflfflfllrr"/>
        <trajectory sample="383" generation="383000"
                    bestEnergy="-40.0" averageEnergy="-39.9995" worstEnergy="-35.0"
                    bestConformation="Conformation 40.0 -40.0 Flrllflfrlfflrrfrflrrlfrllrfllffrlffrllfrrlrrlrllrllfrrffrffrllffrflfrllfflrlffrfffrrfflfflfflfllrr"/>
        <trajectory sample="384" generation="384000"
                    bestEnergy="-40.0" averageEnergy="-39.9997" worstEnergy="-37.0"
                    bestConformation="Conformation 40.0 -40.0 Flrllflfrlfflrrfrflrrlfrllrfllffrlffrllfrrlrrlrllrllfrrffrffrllffrflfrllfflrlffrfffrrfflfflfflfllrr"/>
        <trajectory sample="385" generation="385000"
                    bestEnergy="-40.0" averageEnergy="-39.9994" worstEnergy="-34.0"
                    bestConformation="Conformation 40.0 -40.0 Flrllflfrlfflrrfrflrrlfrllrfllffrlffrllfrrlrrlrllrllfrrffrffrllffrflfrllfflrlffrfffrrfflfflfflfllrr"/>
        <trajectory sample="386" generation="386000"
                    bestEnergy="-40.0" averageEnergy="-40.0" worstEnergy="-40.0"
                    bestConformation="Conformation 40.0 -40.0 Flrllflfrlfflrrfrflrrlfrllrfllffrlffrllfrrlrrlrllrllfrrffrffrllffrflfrllfflrlffrfffrrfflfflfflfllrr"/>
        <trajectory sample="387" generation="387000"
                    bestEnergy="-40.0" averageEnergy="-40.0" worstEnergy="-40.0"
                    bestConformation="Conformation 40.0 -40.0 Flrllflfrlfflrrfrflrrlfrllrfllffrlffrllfrrlrrlrllrllfrrffrffrllffrflfrllfflrlffrfffrrfflfflfflfllrr"/>
        <trajectory sample="388" generation="388000"
                    bestEnergy="-40.0" averageEnergy="-39.9995" worstEnergy="-35.0"
                    bestConformation="Conformation 40.0 -40.0 Flrllflfrlfflrrfrflrrlfrllrfllffrlffrllfrrlrrlrllrllfrrffrffrllffrflfrllfflrlffrfffrrfflfflfflfllrr"/>
        <trajectory sample="389" generation="389000"
                    bestEnergy="-40.0" averageEnergy="-39.9996" worstEnergy="-36.0"
                    bestConformation="Conformation 40.0 -40.0 Flrllflfrlfflrrfrflrrlfrllrfllffrlffrllfrrlrrlrllrllfrrffrffrllffrflfrllfflrlffrfffrrfflfflfflfllrr"/>
        <trajectory sample="390" generation="390000"
                    bestEnergy="-40.0" averageEnergy="-39.9999" worstEnergy="-39.0"
                    bestConformation="Conformation 40.0 -40.0 Flrllflfrlfflrrfrflrrlfrllrfllffrlffrllfrrlrrlrllrllfrrffrffrllffrflfrllfflrlffrfffrrfflfflfflfllrr"/>
        <trajectory sample="391" generation="391000"
                    bestEnergy="-40.0" averageEnergy="-40.0" worstEnergy="-40.0"
                    bestConformation="Conformation 40.0 -40.0 Flrllflfrlfflrrfrflrrlfrllrfllffrlffrllfrrlrrlrllrllfrrffrffrllffrflfrllfflrlffrfffrrfflfflfflfllrr"/>
        <trajectory sample="392" generation="392000"
                    bestEnergy="-40.0" averageEnergy="-39.9995" worstEnergy="-35.0"
                    bestConformation="Conformation 40.0 -40.0 Flrllflfrlfflrrfrflrrlfrllrfllffrlffrllfrrlrrlrllrllfrrffrffrllffrflfrllfflrlffrfffrrfflfflfflfllrr"/>
        <trajectory sample="393" generation="393000"
                    bestEnergy="-40.0" averageEnergy="-40.0" worstEnergy="-40.0"
                    bestConformation="Conformation 40.0 -40.0 Flrllflfrlfflrrfrflrrlfrllrfllffrlffrllfrrlrrlrllrllfrrffrffrllffrflfrllfflrlffrfffrrfflfflfflfllrr"/>
        <trajectory sample="394" generation="394000"
                    bestEnergy="-40.0" averageEnergy="-40.0" worstEnergy="-40.0"
                    bestConformation="Conformation 40.0 -40.0 Flrllflfrlfflrrfrflrrlfrllrfllffrlffrllfrrlrrlrllrllfrrffrffrllffrflfrllfflrlffrfffrrfflfflfflfllrr"/>
        <trajectory sample="395" generation="395000"
                    bestEnergy="-40.0" averageEnergy="-39.9996" worstEnergy="-36.0"
                    bestConformation="Conformation 40.0 -40.0 Flrllflfrlfflrrfrflrrlfrllrfllffrlffrllfrrlrrlrllrllfrrffrffrllffrflfrllfflrlffrfffrrfflfflfflfllrr"/>
        <trajectory sample="396" generation="396000"
                    bestEnergy="-40.0" averageEnergy="-39.9996" worstEnergy="-36.0"
                    bestConformation="Conformation 40.0 -40.0 Flrllflfrlfflrrfrflrrlfrllrfllffrlffrllfrrlrrlrllrllfrrffrffrllffrflfrllfflrlffrfffrrfflfflfflfllrr"/>
        <trajectory sample="397" generation="397000"
                    bestEnergy="-40.0" averageEnergy="-40.0" worstEnergy="-40.0"
                    bestConformation="Conformation 40.0 -40.0 Flrllflfrlfflrrfrflrrlfrllrfllffrlffrllfrrlrrlrllrllfrrffrffrllffrflfrllfflrlffrfffrrfflfflfflfllrr"/>
        <trajectory sample="398" generation="398000"
                    bestEnergy="-40.0" averageEnergy="-40.0" worstEnergy="-40.0"
                    bestConformation="Conformation 40.0 -40.0 Flrllflfrlfflrrfrflrrlfrllrfllffrlffrllfrrlrrlrllrllfrrffrffrllffrflfrllfflrlffrfffrrfflfflfflfllrr"/>
        <trajectory sample="399" generation="399000"
                    bestEnergy="-40.0" averageEnergy="-39.9992" worstEnergy="-32.0"
                    bestConformation="Conformation 40.0 -40.0 Flrllflfrlfflrrfrflrrlfrllrfllffrlffrllfrrlrrlrllrllfrrffrffrllffrflfrllfflrlffrfffrrfflfflfflfllrr"/>
        <trajectory sample="400" generation="400000"
                    bestEnergy="-40.0" averageEnergy="-39.9994" worstEnergy="-34.0"
                    bestConformation="Conformation 40.0 -40.0 Flrllflfrlfflrrfrflrrlfrllrfllffrlffrllfrrlrrlrllrllfrrffrffrllffrflfrllfflrlffrfffrrfflfflfflfllrr"/>
    </run>
    <run number="6" numberOfGenerations="400001" populationSize="10000">
        <trajectory sample="0" generation="0"
                    bestEnergy="-24.0" averageEnergy="-10.6717" worstEnergy="-1.0"
                    bestConformation="Conformation 37.0 -37.0 Frflffrfllffrffrfrrllflrfffrllfrfflfrllffllrrfrfllffrfrrllflfrrlrrllfrlrrffffrrllflrflrrlfffllrlfll"/>
        <trajectory sample="1" generation="1000"
                    bestEnergy="-24.0" averageEnergy="-11.3534" worstEnergy="-6.0"
                    bestConformation="Conformation 37.0 -37.0 Frflffrfllffrffrfrrllflrfffrllfrfflfrllffllrrfrfllffrfrrllflfrrlrrllfrlrrffffrrllflrflrrlfffllrlfll"/>
        <trajectory sample="2" generation="2000"
                    bestEnergy="-25.0" averageEnergy="-11.9016" worstEnergy="-7.0"
                    bestConformation="Conformation 37.0 -37.0 Frflffrfllffrffrfrrllflrffrllrlrfflfrllffllrrfrfllffrfrrllflfrrlrrlflfrfrfrlfrrllflrflrrlfffllrlfll"/>
        <trajectory sample="3" generation="3000"
                    bestEnergy="-25.0" averageEnergy="-12.3635" worstEnergy="-8.0"
                    bestConformation="Conformation 37.0 -37.0 Frflffrfllffrffrfrrllflrffrllrlrfflfrllffllrrfrfllffrfrrllflfrrlrrlflfrfrfrlfrrllflrflrrlfffllrlfll"/>
        <trajectory sample="4" generation="4000"
                    bestEnergy="-25.0" averageEnergy="-12.785" worstEnergy="-9.0"
                    bestConformation="Conformation 37.0 -37.0 Frflffrfllffrffrfrrllflrffrllrlrfflfrllffllrrfrfllffrfrrllflfrrlrrlflfrfrfrlfrrllflrflrrlfffllrlfll"/>
        <trajectory sample="5" generation="5000"
                    bestEnergy="-25.0" averageEnergy="-13.1885" worstEnergy="-10.0"
                    bestConformation="Conformation 37.0 -37.0 Frflffrfllffrffrfrrllflrffrllrlrfflfrllffllrrfrfllffrfrrllflfrrlrrlflfrfrfrlfrrllflrflrrlfffllrlfll"/>
        <trajectory sample="6" generation="6000"
                    bestEnergy="-25.0" averageEnergy="-13.5525" worstEnergy="-9.0"
                    bestConformation="Conformation 37.0 -37.0 Frflffrfllffrffrfrrllflrffrllrlrfflfrllffllrrfrfllffrfrrllflfrrlrrlflfrfrfrlfrrllflrflrrlfffllrlfll"/>
        <trajectory sample="7" generation="7000"
                    bestEnergy="-26.0" averageEnergy="-13.9262" worstEnergy="-11.0"
                    bestConformation="Conformation 37.0 -37.0 Frflffrfllffrffrfrrllflrfffrllfrfflfrllffllrrfrfllffrfrrllflfrrlrrlflfrfrfrlfrrllflrflrrlfffllrlfll"/>
        <trajectory sample="8" generation="8000"
                    bestEnergy="-26.0" averageEnergy="-14.2529" worstEnergy="-11.0"
                    bestConformation="Conformation 37.0 -37.0 Frflffrfllffrffrfrrllflrfffrllfrfflfrllffllrrfrfllffrfrrllflfrrlrrlflfrfrfrlfrrllflrflrrlfffllrlfll"/>
        <trajectory sample="9" generation="9000"
                    bestEnergy="-26.0" averageEnergy="-14.6066" worstEnergy="-9.0"
                    bestConformation="Conformation 37.0 -37.0 Frflffrfllffrffrfrrllflrfffrllfrfflfrllffllrrfrfllffrfrrllflfrrlrrlflfrfrfrlfrrllflrflrrlfffllrlfll"/>
        <trajectory sample="10" generation="10000"
                    bestEnergy="-26.0" averageEnergy="-14.9137" worstEnergy="-12.0"
                    bestConformation="Conformation 37.0 -37.0 Frflffrfllffrffrfrrllflrfffrllfrfflfrllffllrrfrfllffrfrrllflfrrlrrlflfrfrfrlfrrllflrflrrlfffllrlfll"/>
        <trajectory sample="11" generation="11000"
                    bestEnergy="-26.0" averageEnergy="-15.2375" worstEnergy="-12.0"
                    bestConformation="Conformation 37.0 -37.0 Frflffrfllffrffrfrrllflrfffrllfrfflfrllffllrrfrfllffrfrrllflfrrlrrlflfrfrfrlfrrllflrflrrlfffllrlfll"/>
        <trajectory sample="12" generation="12000"
                    bestEnergy="-26.0" averageEnergy="-15.5634" worstEnergy="-13.0"
                    bestConformation="Conformation 37.0 -37.0 Frflffrfllffrffrfrrllflrfffrllfrfflfrllffllrrfrfllffrfrrllflfrrlrrlflfrfrfrlfrrllflrflrrlfffllrlfll"/>
        <trajectory sample="13" generation="13000"
                    bestEnergy="-26.0" averageEnergy="-15.8434" worstEnergy="-12.0"
                    bestConformation="Conformation 37.0 -37.0 Frflffrfllffrffrfrrllflrfffrllfrfflfrllffllrrfrfllffrfrrllflfrrlrrlflfrfrfrlfrrllflrflrrlfffllrlfll"/>
        <trajectory sample="14" generation="14000"
                    bestEnergy="-26.0" averageEnergy="-16.1423" worstEnergy="-13.0"
                    bestConformation="Conformation 37.0 -37.0 Frflffrfllffrffrfrrllflrfffrllfrfflfrllffllrrfrfllffrfrrllflfrrlrrlflfrfrfrlfrrllflrflrrlfffllrlfll"/>
        <trajectory sample="15" generation="15000"
                    bestEnergy="-26.0" averageEnergy="-16.4358" worstEnergy="-14.0"
                    bestConformation="Conformation 37.0 -37.0 Frflffrfllffrffrfrrllflrfffrllfrfflfrllffllrrfrfllffrfrrllflfrrlrrlflfrfrfrlfrrllflrflrrlfffllrlfll"/>
        <trajectory sample="16" generation="16000"
                    bestEnergy="-26.0" averageEnergy="-16.7012" worstEnergy="-14.0"
                    bestConformation="Conformation 37.0 -37.0 Frflffrfllffrffrfrrllflrfffrllfrfflfrllffllrrfrfllffrfrrllflfrrlrrlflfrfrfrlfrrllflrflrrlfffllrlfll"/>
        <trajectory sample="17" generation="17000"
                    bestEnergy="-26.0" averageEnergy="-16.9918" worstEnergy="-14.0"
                    bestConformation="Conformation 37.0 -37.0 Frflffrfllffrffrfrrllflrfffrllfrfflfrllffllrrfrfllffrfrrllflfrrlrrlflfrfrfrlfrrllflrflrrlfffllrlfll"/>
        <trajectory sample="18" generation="18000"
                    bestEnergy="-28.0" averageEnergy="-17.2561" worstEnergy="-15.0"
                    bestConformation="Conformation 37.0 -37.0 Frflffrfllffrffrfrrllflrfffrllfrfflfrllffllrrfrfllffrfrrllflfrrlrlrlrfrflrrlfrrllflrflrrlfffllrlfll"/>
        <trajectory sample="19" generation="19000"
                    bestEnergy="-28.0" averageEnergy="-17.4956" worstEnergy="-15.0"
                    bestConformation="Conformation 37.0 -37.0 Frflffrfllffrffrfrrllflrfffrllfrfflfrllffllrrfrfllffrfrrllflfrrlrlrlrfrflrrlfrrllflrflrrlfffllrlfll"/>
        <trajectory sample="20" generation="20000"
                    bestEnergy="-28.0" averageEnergy="-17.7426" worstEnergy="-15.0"
                    bestConformation="Conformation 37.0 -37.0 Frflffrfllffrffrfrrllflrfffrllfrfflfrllffllrrfrfllffrfrrllflfrrlrlrlrfrflrrlfrrllflrflrrlfffllrlfll"/>
        <trajectory sample="21" generation="21000"
                    bestEnergy="-28.0" averageEnergy="-18.0146" worstEnergy="-16.0"
                    bestConformation="Conformation 37.0 -37.0 Frflffrfllffrffrfrrllflrfffrllfrfflfrllffllrrfrfllffrfrrllflfrrlrlrlrfrflrrlfrrllflrflrrlfffllrlfll"/>
        <trajectory sample="22" generation="22000"
                    bestEnergy="-28.0" averageEnergy="-18.2343" worstEnergy="-16.0"
                    bestConformation="Conformation 37.0 -37.0 Frflffrfllffrffrfrrllflrfffrllfrfflfrllffllrrfrfllffrfrrllflfrrlrlrlrfrflrrlfrrllflrflrrlfffllrlfll"/>
        <trajectory sample="23" generation="23000"
                    bestEnergy="-28.0" averageEnergy="-18.4698" worstEnergy="-16.0"
                    bestConformation="Conformation 37.0 -37.0 Frflffrfllffrffrfrrllflrfffrllfrfflfrllffllrrfrfllffrfrrllflfrrlrlrlrfrflrrlfrrllflrflrrlfffllrlfll"/>
        <trajectory sample="24" generation="24000"
                    bestEnergy="-28.0" averageEnergy="-18.7017" worstEnergy="-16.0"
                    bestConformation="Conformation 37.0 -37.0 Frflffrfllffrffrfrrllflrfffrllfrfflfrllffllrrfrfllffrfrrllflfrrlrlrlrfrflrrlfrrllflrflrrlfffllrlfll"/>
        <trajectory sample="25" generation="25000"
                    bestEnergy="-28.0" averageEnergy="-18.9164" worstEnergy="-17.0"
                    bestConformation="Conformation 37.0 -37.0 Frflffrfllffrffrfrrllflrfffrllfrfflfrllffllrrfrfllffrfrrllflfrrlrlrlrfrflrrlfrrllflrflrrlfffllrlfll"/>
        <trajectory sample="26" generation="26000"
                    bestEnergy="-28.0" averageEnergy="-19.1142" worstEnergy="-17.0"
                    bestConformation="Conformation 37.0 -37.0 Frflffrfllffrffrfrrllflrfffrllfrfflfrllffllrrfrfllffrfrrllflfrrlrlrlrfrflrrlfrrllflrflrrlfffllrlfll"/>
        <trajectory sample="27" generation="27000"
                    bestEnergy="-28.0" averageEnergy="-19.3394" worstEnergy="-17.0"
                    bestConformation="Conformation 37.0 -37.0 Frflffrfllffrffrfrrllflrfffrllfrfflfrllffllrrfrfllffrfrrllflfrrlrlrlrfrflrrlfrrllflrflrrlfffllrlfll"/>
        <trajectory sample="28" generation="28000"
                    bestEnergy="-28.0" averageEnergy="-19.5566" worstEnergy="-17.0"
                    bestConformation="Conformation 37.0 -37.0 Frflffrfllffrffrfrrllflrfffrllfrfflfrllffllrrfrfllffrfrrllflfrrlrlrlrfrflrrlfrrllflrflrrlfffllrlfll"/>
        <trajectory sample="29" generation="29000"
                    bestEnergy="-28.0" averageEnergy="-19.7614" worstEnergy="-18.0"
                    bestConformation="Conformation 37.0 -37.0 Frflffrfllffrffrfrrllflrfffrllfrfflfrllffllrrfrfllffrfrrllflfrrlrlrlrfrflrrlfrrllflrflrrlfffllrlfll"/>
        <trajectory sample="30" generation="30000"
                    bestEnergy="-28.0" averageEnergy="-19.9317" worstEnergy="-18.0"
                    bestConformation="Conformation 37.0 -37.0 Frflffrfllffrffrfrrllflrfffrllfrfflfrllffllrrfrfllffrfrrllflfrrlrlrlrfrflrrlfrrllflrflrrlfffllrlfll"/>
        <trajectory sample="31" generation="31000"
                    bestEnergy="-28.0" averageEnergy="-20.1083" worstEnergy="-18.0"
                    bestConformation="Conformation 37.0 -37.0 Frflffrfllffrffrfrrllflrfffrllfrfflfrllffllrrfrfllffrfrrllflfrrlrlrlrfrflrrlfrrllflrflrrlfffllrlfll"/>
        <trajectory sample="32" generation="32000"
                    bestEnergy="-28.0" averageEnergy="-20.3022" worstEnergy="-18.0"
                    bestConformation="Conformation 37.0 -37.0 Frflffrfllffrffrfrrllflrfffrllfrfflfrllffllrrfrfllffrfrrllflfrrlrlrlrfrflrrlfrrllflrflrrlfffllrlfll"/>
        <trajectory sample="33" generation="33000"
                    bestEnergy="-28.0" averageEnergy="-20.5134" worstEnergy="-18.0"
                    bestConformation="Conformation 37.0 -37.0 Frflffrfllffrffrfrrllflrfffrllfrfflfrllffllrrfrfllffrfrrllflfrrlrlrlrfrflrrlfrrllflrflrrlfffllrlfll"/>
        <trajectory sample="34" generation="34000"
                    bestEnergy="-28.0" averageEnergy="-20.6798" worstEnergy="-15.0"
                    bestConformation="Conformation 37.0 -37.0 Frflffrfllffrffrfrrllflrfffrllfrfflfrllffllrrfrfllffrfrrllflfrrlrlrlrfrflrrlfrrllflrflrrlfffllrlfll"/>
        <trajectory sample="35" generation="35000"
                    bestEnergy="-28.0" averageEnergy="-20.835" worstEnergy="-19.0"
                    bestConformation="Conformation 37.0 -37.0 Frflffrfllffrffrfrrllflrfffrllfrfflfrllffllrrfrfllffrfrrllflfrrlrlrlrfrflrrlfrrllflrflrrlfffllrlfll"/>
        <trajectory sample="36" generation="36000"
                    bestEnergy="-28.0" averageEnergy="-21.0049" worstEnergy="-19.0"
                    bestConformation="Conformation 37.0 -37.0 Frflffrfllffrffrfrrllflrfffrllfrfflfrllffllrrfrfllffrfrrllflfrrlrlrlrfrflrrlfrrllflrflrrlfffllrlfll"/>
        <trajectory sample="37" generation="37000"
                    bestEnergy="-28.0" averageEnergy="-21.1903" worstEnergy="-17.0"
                    bestConformation="Conformation 37.0 -37.0 Frflffrfllffrffrfrrllflrfffrllfrfflfrllffllrrfrfllffrfrrllflfrrlrlrlrfrflrrlfrrllflrflrrlfffllrlfll"/>
        <trajectory sample="38" generation="38000"
                    bestEnergy="-28.0" averageEnergy="-21.3838" worstEnergy="-19.0"
                    bestConformation="Conformation 37.0 -37.0 Frflffrfllffrffrfrrllflrfffrllfrfflfrllffllrrfrfllffrfrrllflfrrlrlrlrfrflrrlfrrllflrflrrlfffllrlfll"/>
        <trajectory sample="39" generation="39000"
                    bestEnergy="-28.0" averageEnergy="-21.5504" worstEnergy="-20.0"
                    bestConformation="Conformation 37.0 -37.0 Frflffrfllffrffrfrrllflrfffrllfrfflfrllffllrrfrfllffrfrrllflfrrlrlrlrfrflrrlfrrllflrflrrlfffllrlfll"/>
        <trajectory sample="40" generation="40000"
                    bestEnergy="-28.0" averageEnergy="-21.6865" worstEnergy="-20.0"
                    bestConformation="Conformation 37.0 -37.0 Frflffrfllffrffrfrrllflrfffrllfrfflfrllffllrrfrfllffrfrrllflfrrlrlrlrfrflrrlfrrllflrflrrlfffllrlfll"/>
        <trajectory sample="41" generation="41000"
                    bestEnergy="-28.0" averageEnergy="-21.8414" worstEnergy="-20.0"
                    bestConformation="Conformation 37.0 -37.0 Frflffrfllffrffrfrrllflrfffrllfrfflfrllffllrrfrfllffrfrrllflfrrlrlrlrfrflrrlfrrllflrflrrlfffllrlfll"/>
        <trajectory sample="42" generation="42000"
                    bestEnergy="-29.0" averageEnergy="-22.0077" worstEnergy="-20.0"
                    bestConformation="Conformation 37.0 -37.0 Frflffrfllffrffrfrrllflrffrllrlrfflfrllffllrrfrfllffrfrrllflfrrlrrllfrlrrffffrrllflrflrrlfffllrlfll"/>
        <trajectory sample="43" generation="43000"
                    bestEnergy="-29.0" averageEnergy="-22.1763" worstEnergy="-20.0"
                    bestConformation="Conformation 37.0 -37.0 Frflffrfllffrffrfrrllflrffrllrlrfflfrllffllrrfrfllffrfrrllflfrrlrrllfrlrrffffrrllflrflrrlfffllrlfll"/>
        <trajectory sample="44" generation="44000"
                    bestEnergy="-30.0" averageEnergy="-22.3374" worstEnergy="-21.0"
                    bestConformation="Conformation 37.0 -37.0 Frlrllfrllffrffrfrrllflrffrllrlrfflfrllffllrrfrfllffrfrrllflfrrlrrllrlrfrrlffrrllflrflrrlfffllrlfll"/>
        <trajectory sample="45" generation="45000"
                    bestEnergy="-30.0" averageEnergy="-22.4551" worstEnergy="-21.0"
                    bestConformation="Conformation 37.0 -37.0 Frlrllfrllffrffrfrrllflrffrllrlrfflfrllffllrrfrfllffrfrrllflfrrlrrllrlrfrrlffrrllflrflrrlfffllrlfll"/>
        <trajectory sample="46" generation="46000"
                    bestEnergy="-30.0" averageEnergy="-22.5888" worstEnergy="-21.0"
                    bestConformation="Conformation 37.0 -37.0 Frlrllfrllffrffrfrrllflrffrllrlrfflfrllffllrrfrfllffrfrrllflfrrlrrllrlrfrrlffrrllflrflrrlfffllrlfll"/>
        <trajectory sample="47" generation="47000"
                    bestEnergy="-30.0" averageEnergy="-22.7241" worstEnergy="-21.0"
                    bestConformation="Conformation 37.0 -37.0 Frlrllfrllffrffrfrrllflrffrllrlrfflfrllffllrrfrfllffrfrrllflfrrlrrllrlrfrrlffrrllflrflrrlfffllrlfll"/>
        <trajectory sample="48" generation="48000"
                    bestEnergy="-30.0" averageEnergy="-22.8659" worstEnergy="-19.0"
                    bestConformation="Conformation 37.0 -37.0 Frlrllfrllffrffrfrrllflrffrllrlrfflfrllffllrrfrfllffrfrrllflfrrlrrllrlrfrrlffrrllflrflrrlfffllrlfll"/>
        <trajectory sample="49" generation="49000"
                    bestEnergy="-30.0" averageEnergy="-23.0123" worstEnergy="-21.0"
                    bestConformation="Conformation 37.0 -37.0 Frlrllfrllffrffrfrrllflrffrllrlrfflfrllffllrrfrfllffrfrrllflfrrlrrllrlrfrrlffrrllflrflrrlfffllrlfll"/>
        <trajectory sample="50" generation="50000"
                    bestEnergy="-30.0" averageEnergy="-23.1689" worstEnergy="-21.0"
                    bestConformation="Conformation 37.0 -37.0 Frlrllfrllffrffrfrrllflrffrllrlrfflfrllffllrrfrfllffrfrrllflfrrlrrllrlrfrrlffrrllflrflrrlfffllrlfll"/>
        <trajectory sample="51" generation="51000"
                    bestEnergy="-30.0" averageEnergy="-23.2805" worstEnergy="-22.0"
                    bestConformation="Conformation 37.0 -37.0 Frlrllfrllffrffrfrrllflrffrllrlrfflfrllffllrrfrfllffrfrrllflfrrlrrllrlrfrrlffrrllflrflrrlfffllrlfll"/>
        <trajectory sample="52" generation="52000"
                    bestEnergy="-30.0" averageEnergy="-23.3952" worstEnergy="-22.0"
                    bestConformation="Conformation 37.0 -37.0 Frlrllfrllffrffrfrrllflrffrllrlrfflfrllffllrrfrfllffrfrrllflfrrlrrllrlrfrrlffrrllflrflrrlfffllrlfll"/>
        <trajectory sample="53" generation="53000"
                    bestEnergy="-30.0" averageEnergy="-23.515" worstEnergy="-22.0"
                    bestConformation="Conformation 37.0 -37.0 Frlrllfrllffrffrfrrllflrffrllrlrfflfrllffllrrfrfllffrfrrllflfrrlrrllrlrfrrlffrrllflrflrrlfffllrlfll"/>
        <trajectory sample="54" generation="54000"
                    bestEnergy="-30.0" averageEnergy="-23.6399" worstEnergy="-18.0"
                    bestConformation="Conformation 37.0 -37.0 Frlrllfrllffrffrfrrllflrffrllrlrfflfrllffllrrfrfllffrfrrllflfrrlrrllrlrfrrlffrrllflrflrrlfffllrlfll"/>
        <trajectory sample="55" generation="55000"
                    bestEnergy="-30.0" averageEnergy="-23.7685" worstEnergy="-22.0"
                    bestConformation="Conformation 37.0 -37.0 Frlrllfrllffrffrfrrllflrffrllrlrfflfrllffllrrfrfllffrfrrllflfrrlrrllrlrfrrlffrrllflrflrrlfffllrlfll"/>
        <trajectory sample="56" generation="56000"
                    bestEnergy="-30.0" averageEnergy="-23.9124" worstEnergy="-22.0"
                    bestConformation="Conformation 37.0 -37.0 Frlrllfrllffrffrfrrllflrffrllrlrfflfrllffllrrfrfllffrfrrllflfrrlrrllrlrfrrlffrrllflrflrrlfffllrlfll"/>
        <trajectory sample="57" generation="57000"
                    bestEnergy="-30.0" averageEnergy="-24.0573" worstEnergy="-21.0"
                    bestConformation="Conformation 37.0 -37.0 Frlrllfrllffrffrfrrllflrffrllrlrfflfrllffllrrfrfllffrfrrllflfrrlrrllrlrfrrlffrrllflrflrrlfffllrlfll"/>
        <trajectory sample="58" generation="58000"
                    bestEnergy="-30.0" averageEnergy="-24.1596" worstEnergy="-23.0"
                    bestConformation="Conformation 37.0 -37.0 Frlrllfrllffrffrfrrllflrffrllrlrfflfrllffllrrfrfllffrfrrllflfrrlrrllrlrfrrlffrrllflrflrrlfffllrlfll"/>
        <trajectory sample="59" generation="59000"
                    bestEnergy="-30.0" averageEnergy="-24.2616" worstEnergy="-23.0"
                    bestConformation="Conformation 37.0 -37.0 Frlrllfrllffrffrfrrllflrffrllrlrfflfrllffllrrfrfllffrfrrllflfrrlrrllrlrfrrlffrrllflrflrrlfffllrlfll"/>
        <trajectory sample="60" generation="60000"
                    bestEnergy="-30.0" averageEnergy="-24.3671" worstEnergy="-23.0"
                    bestConformation="Conformation 37.0 -37.0 Frlrllfrllffrffrfrrllflrffrllrlrfflfrllffllrrfrfllffrfrrllflfrrlrrllrlrfrrlffrrllflrflrrlfffllrlfll"/>
        <trajectory sample="61" generation="61000"
                    bestEnergy="-30.0" averageEnergy="-24.4752" worstEnergy="-22.0"
                    bestConformation="Conformation 37.0 -37.0 Frlrllfrllffrffrfrrllflrffrllrlrfflfrllffllrrfrfllffrfrrllflfrrlrrllrlrfrrlffrrllflrflrrlfffllrlfll"/>
        <trajectory sample="62" generation="62000"
                    bestEnergy="-30.0" averageEnergy="-24.5936" worstEnergy="-18.0"
                    bestConformation="Conformation 37.0 -37.0 Frlrllfrllffrffrfrrllflrffrllrlrfflfrllffllrrfrfllffrfrrllflfrrlrrllrlrfrrlffrrllflrflrrlfffllrlfll"/>
        <trajectory sample="63" generation="63000"
                    bestEnergy="-30.0" averageEnergy="-24.7184" worstEnergy="-23.0"
                    bestConformation="Conformation 37.0 -37.0 Frlrllfrllffrffrfrrllflrffrllrlrfflfrllffllrrfrfllffrfrrllflfrrlrrllrlrfrrlffrrllflrflrrlfffllrlfll"/>
        <trajectory sample="64" generation="64000"
                    bestEnergy="-30.0" averageEnergy="-24.8498" worstEnergy="-23.0"
                    bestConformation="Conformation 37.0 -37.0 Frlrllfrllffrffrfrrllflrffrllrlrfflfrllffllrrfrfllffrfrrllflfrrlrrllrlrfrrlffrrllflrflrrlfffllrlfll"/>
        <trajectory sample="65" generation="65000"
                    bestEnergy="-30.0" averageEnergy="-24.9679" worstEnergy="-18.0"
                    bestConformation="Conformation 37.0 -37.0 Frlrllfrllffrffrfrrllflrffrllrlrfflfrllffllrrfrfllffrfrrllflfrrlrrllrlrfrrlffrrllflrflrrlfffllrlfll"/>
        <trajectory sample="66" generation="66000"
                    bestEnergy="-30.0" averageEnergy="-25.0446" worstEnergy="-24.0"
                    bestConformation="Conformation 37.0 -37.0 Frlrllfrllffrffrfrrllflrffrllrlrfflfrllffllrrfrfllffrfrrllflfrrlrrllrlrfrrlffrrllflrflrrlfffllrlfll"/>
        <trajectory sample="67" generation="67000"
                    bestEnergy="-30.0" averageEnergy="-25.1346" worstEnergy="-22.0"
                    bestConformation="Conformation 37.0 -37.0 Frlrllfrllffrffrfrrllflrffrllrlrfflfrllffllrrfrfllffrfrrllflfrrlrrllrlrfrrlffrrllflrflrrlfffllrlfll"/>
        <trajectory sample="68" generation="68000"
                    bestEnergy="-30.0" averageEnergy="-25.2272" worstEnergy="-21.0"
                    bestConformation="Conformation 37.0 -37.0 Frlrllfrllffrffrfrrllflrffrllrlrfflfrllffllrrfrfllffrfrrllflfrrlrrllrlrfrrlffrrllflrflrrlfffllrlfll"/>
        <trajectory sample="69" generation="69000"
                    bestEnergy="-30.0" averageEnergy="-25.3318" worstEnergy="-24.0"
                    bestConformation="Conformation 37.0 -37.0 Frlrllfrllffrffrfrrllflrffrllrlrfflfrllffllrrfrfllffrfrrllflfrrlrrllrlrfrrlffrrllflrflrrlfffllrlfll"/>
        <trajectory sample="70" generation="70000"
                    bestEnergy="-32.0" averageEnergy="-25.4338" worstEnergy="-23.0"
                    bestConformation="Conformation 37.0 -37.0 Frflffrfllffrffrfrrllflrffrllrlrfflfrllffllrrfrfllffrfrrllflfrrflfrrllrfrrlffrrllflrflrrlfffllrlfll"/>
        <trajectory sample="71" generation="71000"
                    bestEnergy="-32.0" averageEnergy="-25.5449" worstEnergy="-21.0"
                    bestConformation="Conformation 37.0 -37.0 Frflffrfllffrffrfrrllflrffrllrlrfflfrllffllrrfrfllffrfrrllflfrrflfrrllrfrrlffrrllflrflrrlfffllrlfll"/>
        <trajectory sample="72" generation="72000"
                    bestEnergy="-32.0" averageEnergy="-25.6604" worstEnergy="-24.0"
                    bestConformation="Conformation 37.0 -37.0 Frflffrfllffrffrfrrllflrffrllrlrfflfrllffllrrfrfllffrfrrllflfrrflfrrllrfrrlffrrllflrflrrlfffllrlfll"/>
        <trajectory sample="73" generation="73000"
                    bestEnergy="-32.0" averageEnergy="-25.7632" worstEnergy="-25.0"
                    bestConformation="Conformation 37.0 -37.0 Frflffrfllffrffrfrrllflrffrllrlrfflfrllffllrrfrfllffrfrrllflfrrflfrrllrfrrlffrrllflrflrrlfffllrlfll"/>
        <trajectory sample="74" generation="74000"
                    bestEnergy="-32.0" averageEnergy="-25.8267" worstEnergy="-25.0"
                    bestConformation="Conformation 37.0 -37.0 Frflffrfllffrffrfrrllflrffrllrlrfflfrllffllrrfrfllffrfrrllflfrrflfrrllrfrrlffrrllflrflrrlfffllrlfll"/>
        <trajectory sample="75" generation="75000"
                    bestEnergy="-32.0" averageEnergy="-25.8945" worstEnergy="-20.0"
                    bestConformation="Conformation 37.0 -37.0 Frflffrfllffrffrfrrllflrffrllrlrfflfrllffllrrfrfllffrfrrllflfrrflfrrllrfrrlffrrllflrflrrlfffllrlfll"/>
        <trajectory sample="76" generation="76000"
                    bestEnergy="-32.0" averageEnergy="-25.9698" worstEnergy="-25.0"
                    bestConformation="Conformation 37.0 -37.0 Frflffrfllffrffrfrrllflrffrllrlrfflfrllffllrrfrfllffrfrrllflfrrflfrrllrfrrlffrrllflrflrrlfffllrlfll"/>
        <trajectory sample="77" generation="77000"
                    bestEnergy="-32.0" averageEnergy="-26.0423" worstEnergy="-23.0"
                    bestConformation="Conformation 37.0 -37.0 Frflffrfllffrffrfrrllflrffrllrlrfflfrllffllrrfrfllffrfrrllflfrrflfrrllrfrrlffrrllflrflrrlfffllrlfll"/>
        <trajectory sample="78" generation="78000"
                    bestEnergy="-32.0" averageEnergy="-26.1234" worstEnergy="-25.0"
                    bestConformation="Conformation 37.0 -37.0 Frflffrfllffrffrfrrllflrffrllrlrfflfrllffllrrfrfllffrfrrllflfrrflfrrllrfrrlffrrllflrflrrlfffllrlfll"/>
        <trajectory sample="79" generation="79000"
                    bestEnergy="-32.0" averageEnergy="-26.2089" worstEnergy="-25.0"
                    bestConformation="Conformation 37.0 -37.0 Frflffrfllffrffrfrrllflrffrllrlrfflfrllffllrrfrfllffrfrrllflfrrflfrrllrfrrlffrrllflrflrrlfffllrlfll"/>
        <trajectory sample="80" generation="80000"
                    bestEnergy="-32.0" averageEnergy="-26.3003" worstEnergy="-25.0"
                    bestConformation="Conformation 37.0 -37.0 Frflffrfllffrffrfrrllflrffrllrlrfflfrllffllrrfrfllffrfrrllflfrrflfrrllrfrrlffrrllflrflrrlfffllrlfll"/>
        <trajectory sample="81" generation="81000"
                    bestEnergy="-32.0" averageEnergy="-26.3997" worstEnergy="-22.0"
                    bestConformation="Conformation 37.0 -37.0 Frflffrfllffrffrfrrllflrffrllrlrfflfrllffllrrfrfllffrfrrllflfrrflfrrllrfrrlffrrllflrflrrlfffllrlfll"/>
        <trajectory sample="82" generation="82000"
                    bestEnergy="-32.0" averageEnergy="-26.5032" worstEnergy="-25.0"
                    bestConformation="Conformation 37.0 -37.0 Frflffrfllffrffrfrrllflrffrllrlrfflfrllffllrrfrfllffrfrrllflfrrflfrrllrfrrlffrrllflrflrrlfffllrlfll"/>
        <trajectory sample="83" generation="83000"
                    bestEnergy="-32.0" averageEnergy="-26.6121" worstEnergy="-25.0"
                    bestConformation="Conformation 37.0 -37.0 Frflffrfllffrffrfrrllflrffrllrlrfflfrllffllrrfrfllffrfrrllflfrrflfrrllrfrrlffrrllflrflrrlfffllrlfll"/>
        <trajectory sample="84" generation="84000"
                    bestEnergy="-32.0" averageEnergy="-26.7077" worstEnergy="-24.0"
                    bestConformation="Conformation 37.0 -37.0 Frflffrfllffrffrfrrllflrffrllrlrfflfrllffllrrfrfllffrfrrllflfrrflfrrllrfrrlffrrllflrflrrlfffllrlfll"/>
        <trajectory sample="85" generation="85000"
                    bestEnergy="-32.0" averageEnergy="-26.7682" worstEnergy="-26.0"
                    bestConformation="Conformation 37.0 -37.0 Frflffrfllffrffrfrrllflrffrllrlrfflfrllffllrrfrfllffrfrrllflfrrflfrrllrfrrlffrrllflrflrrlfffllrlfll"/>
        <trajectory sample="86" generation="86000"
                    bestEnergy="-32.0" averageEnergy="-26.8352" worstEnergy="-26.0"
                    bestConformation="Conformation 37.0 -37.0 Frflffrfllffrffrfrrllflrffrllrlrfflfrllffllrrfrfllffrfrrllflfrrflfrrllrfrrlffrrllflrflrrlfffllrlfll"/>
        <trajectory sample="87" generation="87000"
                    bestEnergy="-32.0" averageEnergy="-26.8992" worstEnergy="-26.0"
                    bestConformation="Conformation 37.0 -37.0 Frflffrfllffrffrfrrllflrffrllrlrfflfrllffllrrfrfllffrfrrllflfrrflfrrllrfrrlffrrllflrflrrlfffllrlfll"/>
        <trajectory sample="88" generation="88000"
                    bestEnergy="-32.0" averageEnergy="-26.9663" worstEnergy="-26.0"
                    bestConformation="Conformation 37.0 -37.0 Frflffrfllffrffrfrrllflrffrllrlrfflfrllffllrrfrfllffrfrrllflfrrflfrrllrfrrlffrrllflrflrrlfffllrlfll"/>
        <trajectory sample="89" generation="89000"
                    bestEnergy="-32.0" averageEnergy="-27.0416" worstEnergy="-26.0"
                    bestConformation="Conformation 37.0 -37.0 Frflffrfllffrffrfrrllflrffrllrlrfflfrllffllrrfrfllffrfrrllflfrrflfrrllrfrrlffrrllflrflrrlfffllrlfll"/>
        <trajectory sample="90" generation="90000"
                    bestEnergy="-32.0" averageEnergy="-27.1206" worstEnergy="-26.0"
                    bestConformation="Conformation 37.0 -37.0 Frflffrfllffrffrfrrllflrffrllrlrfflfrllffllrrfrfllffrfrrllflfrrflfrrllrfrrlffrrllflrflrrlfffllrlfll"/>
        <trajectory sample="91" generation="91000"
                    bestEnergy="-32.0" averageEnergy="-27.2089" worstEnergy="-26.0"
                    bestConformation="Conformation 37.0 -37.0 Frflffrfllffrffrfrrllflrffrllrlrfflfrllffllrrfrfllffrfrrllflfrrflfrrllrfrrlffrrllflrflrrlfffllrlfll"/>
        <trajectory sample="92" generation="92000"
                    bestEnergy="-32.0" averageEnergy="-27.2976" worstEnergy="-26.0"
                    bestConformation="Conformation 37.0 -37.0 Frflffrfllffrffrfrrllflrffrllrlrfflfrllffllrrfrfllffrfrrllflfrrflfrrllrfrrlffrrllflrflrrlfffllrlfll"/>
        <trajectory sample="93" generation="93000"
                    bestEnergy="-33.0" averageEnergy="-27.3887" worstEnergy="-22.0"
                    bestConformation="Conformation 37.0 -37.0 Frflffrfllffrffrfrrllflrfffrllfrfflfrllffllrrfrfllffrfrrllflfrrlrrllffrrlrfffrrllflrflrrlfffllrlfll"/>
        <trajectory sample="94" generation="94000"
                    bestEnergy="-33.0" averageEnergy="-27.4878" worstEnergy="-22.0"
                    bestConformation="Conformation 37.0 -37.0 Frflffrfllffrffrfrrllflrfffrllfrfflfrllffllrrfrfllffrfrrllflfrrlrrllffrrlrfffrrllflrflrrlfffllrlfll"/>
        <trajectory sample="95" generation="95000"
                    bestEnergy="-33.0" averageEnergy="-27.5929" worstEnergy="-26.0"
                    bestConformation="Conformation 37.0 -37.0 Frflffrfllffrffrfrrllflrfffrllfrfflfrllffllrrfrfllffrfrrllflfrrlrrllffrrlrfffrrllflrflrrlfffllrlfll"/>
        <trajectory sample="96" generation="96000"
                    bestEnergy="-33.0" averageEnergy="-27.6708" worstEnergy="-27.0"
                    bestConformation="Conformation 37.0 -37.0 Frflffrfllffrffrfrrllflrfffrllfrfflfrllffllrrfrfllffrfrrllflfrrlrrllffrrlrfffrrllflrflrrlfffllrlfll"/>
        <trajectory sample="97" generation="97000"
                    bestEnergy="-33.0" averageEnergy="-27.7207" worstEnergy="-24.0"
                    bestConformation="Conformation 37.0 -37.0 Frflffrfllffrffrfrrllflrfffrllfrfflfrllffllrrfrfllffrfrrllflfrrlrrllffrrlrfffrrllflrflrrlfffllrlfll"/>
        <trajectory sample="98" generation="98000"
                    bestEnergy="-33.0" averageEnergy="-27.7803" worstEnergy="-27.0"
                    bestConformation="Conformation 37.0 -37.0 Frflffrfllffrffrfrrllflrfffrllfrfflfrllffllrrfrfllffrfrrllflfrrlrrllffrrlrfffrrllflrflrrlfffllrlfll"/>
        <trajectory sample="99" generation="99000"
                    bestEnergy="-33.0" averageEnergy="-27.8412" worstEnergy="-27.0"
                    bestConformation="Conformation 37.0 -37.0 Frflffrfllffrffrfrrllflrfffrllfrfflfrllffllrrfrfllffrfrrllflfrrlrrllffrrlrfffrrllflrflrrlfffllrlfll"/>
        <trajectory sample="100" generation="100000"
                    bestEnergy="-33.0" averageEnergy="-27.9085" worstEnergy="-27.0"
                    bestConformation="Conformation 37.0 -37.0 Frflffrfllffrffrfrrllflrfffrllfrfflfrllffllrrfrfllffrfrrllflfrrlrrllffrrlrfffrrllflrflrrlfffllrlfll"/>
        <trajectory sample="101" generation="101000"
                    bestEnergy="-33.0" averageEnergy="-27.9808" worstEnergy="-27.0"
                    bestConformation="Conformation 37.0 -37.0 Frflffrfllffrffrfrrllflrfffrllfrfflfrllffllrrfrfllffrfrrllflfrrlrrllffrrlrfffrrllflrflrrlfffllrlfll"/>
        <trajectory sample="102" generation="102000"
                    bestEnergy="-33.0" averageEnergy="-28.0522" worstEnergy="-24.0"
                    bestConformation="Conformation 37.0 -37.0 Frflffrfllffrffrfrrllflrfffrllfrfflfrllffllrrfrfllffrfrrllflfrrlrrllffrrlrfffrrllflrflrrlfffllrlfll"/>
        <trajectory sample="103" generation="103000"
                    bestEnergy="-33.0" averageEnergy="-28.1236" worstEnergy="-27.0"
                    bestConformation="Conformation 37.0 -37.0 Frflffrfllffrffrfrrllflrfffrllfrfflfrllffllrrfrfllffrfrrllflfrrlrrllffrrlrfffrrllflrflrrlfffllrlfll"/>
        <trajectory sample="104" generation="104000"
                    bestEnergy="-33.0" averageEnergy="-28.1994" worstEnergy="-23.0"
                    bestConformation="Conformation 37.0 -37.0 Frflffrfllffrffrfrrllflrfffrllfrfflfrllffllrrfrfllffrfrrllflfrrlrrllffrrlrfffrrllflrflrrlfffllrlfll"/>
        <trajectory sample="105" generation="105000"
                    bestEnergy="-33.0" averageEnergy="-28.2835" worstEnergy="-27.0"
                    bestConformation="Conformation 37.0 -37.0 Frflffrfllffrffrfrrllflrfffrllfrfflfrllffllrrfrfllffrfrrllflfrrlrrllffrrlrfffrrllflrflrrlfffllrlfll"/>
        <trajectory sample="106" generation="106000"
                    bestEnergy="-33.0" averageEnergy="-28.3796" worstEnergy="-27.0"
                    bestConformation="Conformation 37.0 -37.0 Frflffrfllffrffrfrrllflrfffrllfrfflfrllffllrrfrfllffrfrrllflfrrlrrllffrrlrfffrrllflrflrrlfffllrlfll"/>
        <trajectory sample="107" generation="107000"
                    bestEnergy="-33.0" averageEnergy="-28.4706" worstEnergy="-27.0"
                    bestConformation="Conformation 37.0 -37.0 Frflffrfllffrffrfrrllflrfffrllfrfflfrllffllrrfrfllffrfrrllflfrrlrrllffrrlrfffrrllflrflrrlfffllrlfll"/>
        <trajectory sample="108" generation="108000"
                    bestEnergy="-33.0" averageEnergy="-28.5642" worstEnergy="-27.0"
                    bestConformation="Conformation 37.0 -37.0 Frflffrfllffrffrfrrllflrfffrllfrfflfrllffllrrfrfllffrfrrllflfrrlrrllffrrlrfffrrllflrflrrlfffllrlfll"/>
        <trajectory sample="109" generation="109000"
                    bestEnergy="-33.0" averageEnergy="-28.6182" worstEnergy="-28.0"
                    bestConformation="Conformation 37.0 -37.0 Frflffrfllffrffrfrrllflrfffrllfrfflfrllffllrrfrfllffrfrrllflfrrlrrllffrrlrfffrrllflrflrrlfffllrlfll"/>
        <trajectory sample="110" generation="110000"
                    bestEnergy="-33.0" averageEnergy="-28.6675" worstEnergy="-23.0"
                    bestConformation="Conformation 37.0 -37.0 Frflffrfllffrffrfrrllflrfffrllfrfflfrllffllrrfrfllffrfrrllflfrrlrrllffrrlrfffrrllflrflrrlfffllrlfll"/>
        <trajectory sample="111" generation="111000"
                    bestEnergy="-33.0" averageEnergy="-28.72" worstEnergy="-19.0"
                    bestConformation="Conformation 37.0 -37.0 Frflffrfllffrffrfrrllflrfffrllfrfflfrllffllrrfrfllffrfrrllflfrrlrrllffrrlrfffrrllflrflrrlfffllrlfll"/>
        <trajectory sample="112" generation="112000"
                    bestEnergy="-33.0" averageEnergy="-28.7785" worstEnergy="-21.0"
                    bestConformation="Conformation 37.0 -37.0 Frflffrfllffrffrfrrllflrfffrllfrfflfrllffllrrfrfllffrfrrllflfrrlrrllffrrlrfffrrllflrflrrlfffllrlfll"/>
        <trajectory sample="113" generation="113000"
                    bestEnergy="-33.0" averageEnergy="-28.8414" worstEnergy="-28.0"
                    bestConformation="Conformation 37.0 -37.0 Frflffrfllffrffrfrrllflrfffrllfrfflfrllffllrrfrfllffrfrrllflfrrlrrllffrrlrfffrrllflrflrrlfffllrlfll"/>
        <trajectory sample="114" generation="114000"
                    bestEnergy="-33.0" averageEnergy="-28.9043" worstEnergy="-28.0"
                    bestConformation="Conformation 37.0 -37.0 Frflffrfllffrffrfrrllflrfffrllfrfflfrllffllrrfrfllffrfrrllflfrrlrrllffrrlrfffrrllflrflrrlfffllrlfll"/>
        <trajectory sample="115" generation="115000"
                    bestEnergy="-33.0" averageEnergy="-28.9677" worstEnergy="-23.0"
                    bestConformation="Conformation 37.0 -37.0 Frflffrfllffrffrfrrllflrfffrllfrfflfrllffllrrfrfllffrfrrllflfrrlrrllffrrlrfffrrllflrflrrlfffllrlfll"/>
        <trajectory sample="116" generation="116000"
                    bestEnergy="-33.0" averageEnergy="-29.0346" worstEnergy="-28.0"
                    bestConformation="Conformation 37.0 -37.0 Frflffrfllffrffrfrrllflrfffrllfrfflfrllffllrrfrfllffrfrrllflfrrlrrllffrrlrfffrrllflrflrrlfffllrlfll"/>
        <trajectory sample="117" generation="117000"
                    bestEnergy="-33.0" averageEnergy="-29.1106" worstEnergy="-28.0"
                    bestConformation="Conformation 37.0 -37.0 Frflffrfllffrffrfrrllflrfffrllfrfflfrllffllrrfrfllffrfrrllflfrrlrrllffrrlrfffrrllflrflrrlfffllrlfll"/>
        <trajectory sample="118" generation="118000"
                    bestEnergy="-33.0" averageEnergy="-29.1855" worstEnergy="-26.0"
                    bestConformation="Conformation 37.0 -37.0 Frflffrfllffrffrfrrllflrfffrllfrfflfrllffllrrfrfllffrfrrllflfrrlrrllffrrlrfffrrllflrflrrlfffllrlfll"/>
        <trajectory sample="119" generation="119000"
                    bestEnergy="-33.0" averageEnergy="-29.2679" worstEnergy="-28.0"
                    bestConformation="Conformation 37.0 -37.0 Frflffrfllffrffrfrrllflrfffrllfrfflfrllffllrrfrfllffrfrrllflfrrlrrllffrrlrfffrrllflrflrrlfffllrlfll"/>
        <trajectory sample="120" generation="120000"
                    bestEnergy="-33.0" averageEnergy="-29.3518" worstEnergy="-28.0"
                    bestConformation="Conformation 37.0 -37.0 Frflffrfllffrffrfrrllflrfffrllfrfflfrllffllrrfrfllffrfrrllflfrrlrrllffrrlrfffrrllflrflrrlfffllrlfll"/>
        <trajectory sample="121" generation="121000"
                    bestEnergy="-33.0" averageEnergy="-29.444" worstEnergy="-28.0"
                    bestConformation="Conformation 37.0 -37.0 Frflffrfllffrffrfrrllflrfffrllfrfflfrllffllrrfrfllffrfrrllflfrrlrrllffrrlrfffrrllflrflrrlfffllrlfll"/>
        <trajectory sample="122" generation="122000"
                    bestEnergy="-33.0" averageEnergy="-29.5412" worstEnergy="-28.0"
                    bestConformation="Conformation 37.0 -37.0 Frflffrfllffrffrfrrllflrfffrllfrfflfrllffllrrfrfllffrfrrllflfrrlrrllffrrlrfffrrllflrflrrlfffllrlfll"/>
        <trajectory sample="123" generation="123000"
                    bestEnergy="-33.0" averageEnergy="-29.6206" worstEnergy="-25.0"
                    bestConformation="Conformation 37.0 -37.0 Frflffrfllffrffrfrrllflrfffrllfrfflfrllffllrrfrfllffrfrrllflfrrlrrllffrrlrfffrrllflrflrrlfffllrlfll"/>
        <trajectory sample="124" generation="124000"
                    bestEnergy="-33.0" averageEnergy="-29.6706" worstEnergy="-24.0"
                    bestConformation="Conformation 37.0 -37.0 Frflffrfllffrffrfrrllflrfffrllfrfflfrllffllrrfrfllffrfrrllflfrrlrrllffrrlrfffrrllflrflrrlfffllrlfll"/>
        <trajectory sample="125" generation="125000"
                    bestEnergy="-33.0" averageEnergy="-29.7275" worstEnergy="-27.0"
                    bestConformation="Conformation 37.0 -37.0 Frflffrfllffrffrfrrllflrfffrllfrfflfrllffllrrfrfllffrfrrllflfrrlrrllffrrlrfffrrllflrflrrlfffllrlfll"/>
        <trajectory sample="126" generation="126000"
                    bestEnergy="-33.0" averageEnergy="-29.7799" worstEnergy="-27.0"
                    bestConformation="Conformation 37.0 -37.0 Frflffrfllffrffrfrrllflrfffrllfrfflfrllffllrrfrfllffrfrrllflfrrlrrllffrrlrfffrrllflrflrrlfffllrlfll"/>
        <trajectory sample="127" generation="127000"
                    bestEnergy="-34.0" averageEnergy="-29.8388" worstEnergy="-27.0"
                    bestConformation="Conformation 37.0 -37.0 Frflffrfllffrffrfrrllflrffrllrlrfflfrllffllrrfrfllffrfrrllflfrrlrlrlrrlfrrlffrrllflrflrrlfffllrlfll"/>
        <trajectory sample="128" generation="128000"
                    bestEnergy="-34.0" averageEnergy="-29.9022" worstEnergy="-29.0"
                    bestConformation="Conformation 37.0 -37.0 Frflffrfllffrffrfrrllflrffrllrlrfflfrllffllrrfrfllffrfrrllflfrrlrlrlrrlfrrlffrrllflrflrrlfffllrlfll"/>
        <trajectory sample="129" generation="129000"
                    bestEnergy="-34.0" averageEnergy="-29.9657" worstEnergy="-29.0"
                    bestConformation="Conformation 37.0 -37.0 Frflffrfllffrffrfrrllflrffrllrlrfflfrllffllrrfrfllffrfrrllflfrrlrlrlrrlfrrlffrrllflrflrrlfffllrlfll"/>
        <trajectory sample="130" generation="130000"
                    bestEnergy="-34.0" averageEnergy="-30.0292" worstEnergy="-29.0"
                    bestConformation="Conformation 37.0 -37.0 Frflffrfllffrffrfrrllflrffrllrlrfflfrllffllrrfrfllffrfrrllflfrrlrlrlrrlfrrlffrrllflrflrrlfffllrlfll"/>
        <trajectory sample="131" generation="131000"
                    bestEnergy="-34.0" averageEnergy="-30.1069" worstEnergy="-29.0"
                    bestConformation="Conformation 37.0 -37.0 Frflffrfllffrffrfrrllflrffrllrlrfflfrllffllrrfrfllffrfrrllflfrrlrlrlrrlfrrlffrrllflrflrrlfffllrlfll"/>
        <trajectory sample="132" generation="132000"
                    bestEnergy="-34.0" averageEnergy="-30.1852" worstEnergy="-20.0"
                    bestConformation="Conformation 37.0 -37.0 Frflffrfllffrffrfrrllflrffrllrlrfflfrllffllrrfrfllffrfrrllflfrrlrlrlrrlfrrlffrrllflrflrrlfffllrlfll"/>
        <trajectory sample="133" generation="133000"
                    bestEnergy="-34.0" averageEnergy="-30.2572" worstEnergy="-26.0"
                    bestConformation="Conformation 37.0 -37.0 Frflffrfllffrffrfrrllflrffrllrlrfflfrllffllrrfrfllffrfrrllflfrrlrlrlrrlfrrlffrrllflrflrrlfffllrlfll"/>
        <trajectory sample="134" generation="134000"
                    bestEnergy="-34.0" averageEnergy="-30.3422" worstEnergy="-29.0"
                    bestConformation="Conformation 37.0 -37.0 Frflffrfllffrffrfrrllflrffrllrlrfflfrllffllrrfrfllffrfrrllflfrrlrlrlrrlfrrlffrrllflrflrrlfffllrlfll"/>
        <trajectory sample="135" generation="135000"
                    bestEnergy="-34.0" averageEnergy="-30.4161" worstEnergy="-29.0"
                    bestConformation="Conformation 37.0 -37.0 Frflffrfllffrffrfrrllflrffrllrlrfflfrllffllrrfrfllffrfrrllflfrrlrlrlrrlfrrlffrrllflrflrrlfffllrlfll"/>
        <trajectory sample="136" generation="136000"
                    bestEnergy="-34.0" averageEnergy="-30.5042" worstEnergy="-25.0"
                    bestConformation="Conformation 37.0 -37.0 Frflffrfllffrffrfrrllflrffrllrlrfflfrllffllrrfrfllffrfrrllflfrrlrlrlrrlfrrlffrrllflrflrrlfffllrlfll"/>
        <trajectory sample="137" generation="137000"
                    bestEnergy="-34.0" averageEnergy="-30.5996" worstEnergy="-26.0"
                    bestConformation="Conformation 37.0 -37.0 Frflffrfllffrffrfrrllflrffrllrlrfflfrllffllrrfrfllffrfrrllflfrrlrlrlrrlfrrlffrrllflrflrrlfffllrlfll"/>
        <trajectory sample="138" generation="138000"
                    bestEnergy="-34.0" averageEnergy="-30.6824" worstEnergy="-25.0"
                    bestConformation="Conformation 37.0 -37.0 Frflffrfllffrffrfrrllflrffrllrlrfflfrllffllrrfrfllffrfrrllflfrrlrlrlrrlfrrlffrrllflrflrrlfffllrlfll"/>
        <trajectory sample="139" generation="139000"
                    bestEnergy="-34.0" averageEnergy="-30.7337" worstEnergy="-29.0"
                    bestConformation="Conformation 37.0 -37.0 Frflffrfllffrffrfrrllflrffrllrlrfflfrllffllrrfrfllffrfrrllflfrrlrlrlrrlfrrlffrrllflrflrrlfffllrlfll"/>
        <trajectory sample="140" generation="140000"
                    bestEnergy="-34.0" averageEnergy="-30.7888" worstEnergy="-30.0"
                    bestConformation="Conformation 37.0 -37.0 Frflffrfllffrffrfrrllflrffrllrlrfflfrllffllrrfrfllffrfrrllflfrrlrlrlrrlfrrlffrrllflrflrrlfffllrlfll"/>
        <trajectory sample="141" generation="141000"
                    bestEnergy="-34.0" averageEnergy="-30.8438" worstEnergy="-29.0"
                    bestConformation="Conformation 37.0 -37.0 Frflffrfllffrffrfrrllflrffrllrlrfflfrllffllrrfrfllffrfrrllflfrrlrlrlrrlfrrlffrrllflrflrrlfffllrlfll"/>
        <trajectory sample="142" generation="142000"
                    bestEnergy="-34.0" averageEnergy="-30.9042" worstEnergy="-29.0"
                    bestConformation="Conformation 37.0 -37.0 Frflffrfllffrffrfrrllflrffrllrlrfflfrllffllrrfrfllffrfrrllflfrrlrlrlrrlfrrlffrrllflrflrrlfffllrlfll"/>
        <trajectory sample="143" generation="143000"
                    bestEnergy="-34.0" averageEnergy="-30.9689" worstEnergy="-23.0"
                    bestConformation="Conformation 37.0 -37.0 Frflffrfllffrffrfrrllflrffrllrlrfflfrllffllrrfrfllffrfrrllflfrrlrlrlrrlfrrlffrrllflrflrrlfffllrlfll"/>
        <trajectory sample="144" generation="144000"
                    bestEnergy="-34.0" averageEnergy="-31.0321" worstEnergy="-30.0"
                    bestConformation="Conformation 37.0 -37.0 Frflffrfllffrffrfrrllflrffrllrlrfflfrllffllrrfrfllffrfrrllflfrrlrlrlrrlfrrlffrrllflrflrrlfffllrlfll"/>
        <trajectory sample="145" generation="145000"
                    bestEnergy="-34.0" averageEnergy="-31.1026" worstEnergy="-30.0"
                    bestConformation="Conformation 37.0 -37.0 Frflffrfllffrffrfrrllflrffrllrlrfflfrllffllrrfrfllffrfrrllflfrrlrlrlrrlfrrlffrrllflrflrrlfffllrlfll"/>
        <trajectory sample="146" generation="146000"
                    bestEnergy="-34.0" averageEnergy="-31.1771" worstEnergy="-28.0"
                    bestConformation="Conformation 37.0 -37.0 Frflffrfllffrffrfrrllflrffrllrlrfflfrllffllrrfrfllffrfrrllflfrrlrlrlrrlfrrlffrrllflrflrrlfffllrlfll"/>
        <trajectory sample="147" generation="147000"
                    bestEnergy="-34.0" averageEnergy="-31.2459" worstEnergy="-30.0"
                    bestConformation="Conformation 37.0 -37.0 Frflffrfllffrffrfrrllflrffrllrlrfflfrllffllrrfrfllffrfrrllflfrrlrlrlrrlfrrlffrrllflrflrrlfffllrlfll"/>
        <trajectory sample="148" generation="148000"
                    bestEnergy="-34.0" averageEnergy="-31.3229" worstEnergy="-25.0"
                    bestConformation="Conformation 37.0 -37.0 Frflffrfllffrffrfrrllflrffrllrlrfflfrllffllrrfrfllffrfrrllflfrrlrlrlrrlfrrlffrrllflrflrrlfffllrlfll"/>
        <trajectory sample="149" generation="149000"
                    bestEnergy="-34.0" averageEnergy="-31.4005" worstEnergy="-30.0"
                    bestConformation="Conformation 37.0 -37.0 Frflffrfllffrffrfrrllflrffrllrlrfflfrllffllrrfrfllffrfrrllflfrrlrlrlrrlfrrlffrrllflrflrrlfffllrlfll"/>
        <trajectory sample="150" generation="150000"
                    bestEnergy="-34.0" averageEnergy="-31.4835" worstEnergy="-26.0"
                    bestConformation="Conformation 37.0 -37.0 Frflffrfllffrffrfrrllflrffrllrlrfflfrllffllrrfrfllffrfrrllflfrrlrlrlrrlfrrlffrrllflrflrrlfffllrlfll"/>
        <trajectory sample="151" generation="151000"
                    bestEnergy="-34.0" averageEnergy="-31.5796" worstEnergy="-29.0"
                    bestConformation="Conformation 37.0 -37.0 Frflffrfllffrffrfrrllflrffrllrlrfflfrllffllrrfrfllffrfrrllflfrrlrlrlrrlfrrlffrrllflrflrrlfffllrlfll"/>
        <trajectory sample="152" generation="152000"
                    bestEnergy="-34.0" averageEnergy="-31.6675" worstEnergy="-30.0"
                    bestConformation="Conformation 37.0 -37.0 Frflffrfllffrffrfrrllflrffrllrlrfflfrllffllrrfrfllffrfrrllflfrrlrlrlrrlfrrlffrrllflrflrrlfffllrlfll"/>
        <trajectory sample="153" generation="153000"
                    bestEnergy="-34.0" averageEnergy="-31.7346" worstEnergy="-31.0"
                    bestConformation="Conformation 37.0 -37.0 Frflffrfllffrffrfrrllflrffrllrlrfflfrllffllrrfrfllffrfrrllflfrrlrlrlrrlfrrlffrrllflrflrrlfffllrlfll"/>
        <trajectory sample="154" generation="154000"
                    bestEnergy="-34.0" averageEnergy="-31.7768" worstEnergy="-24.0"
                    bestConformation="Conformation 37.0 -37.0 Frflffrfllffrffrfrrllflrffrllrlrfflfrllffllrrfrfllffrfrrllflfrrlrlrlrrlfrrlffrrllflrflrrlfffllrlfll"/>
        <trajectory sample="155" generation="155000"
                    bestEnergy="-34.0" averageEnergy="-31.8259" worstEnergy="-26.0"
                    bestConformation="Conformation 37.0 -37.0 Frflffrfllffrffrfrrllflrffrllrlrfflfrllffllrrfrfllffrfrrllflfrrlrlrlrrlfrrlffrrllflrflrrlfffllrlfll"/>
        <trajectory sample="156" generation="156000"
                    bestEnergy="-34.0" averageEnergy="-31.8739" worstEnergy="-30.0"
                    bestConformation="Conformation 37.0 -37.0 Frflffrfllffrffrfrrllflrffrllrlrfflfrllffllrrfrfllffrfrrllflfrrlrlrlrrlfrrlffrrllflrflrrlfffllrlfll"/>
        <trajectory sample="157" generation="157000"
                    bestEnergy="-34.0" averageEnergy="-31.9225" worstEnergy="-29.0"
                    bestConformation="Conformation 37.0 -37.0 Frflffrfllffrffrfrrllflrffrllrlrfflfrllffllrrfrfllffrfrrllflfrrlrlrlrrlfrrlffrrllflrflrrlfffllrlfll"/>
        <trajectory sample="158" generation="158000"
                    bestEnergy="-34.0" averageEnergy="-31.9747" worstEnergy="-31.0"
                    bestConformation="Conformation 37.0 -37.0 Frflffrfllffrffrfrrllflrffrllrlrfflfrllffllrrfrfllffrfrrllflfrrlrlrlrrlfrrlffrrllflrflrrlfffllrlfll"/>
        <trajectory sample="159" generation="159000"
                    bestEnergy="-35.0" averageEnergy="-32.0225" worstEnergy="-31.0"
                    bestConformation="Conformation 37.0 -37.0 Frllflfrlrfllfflrlrrfrllrrlfllrrfflfrllffllrrfrfllffrfrrllflfrrflfrrllrfrrlffrrllflrflrrlfffllrlfll"/>
        <trajectory sample="160" generation="160000"
                    bestEnergy="-35.0" averageEnergy="-32.0753" worstEnergy="-31.0"
                    bestConformation="Conformation 37.0 -37.0 Frllflfrlrfllfflrlrrfrllrrlfllrrfflfrllffllrrfrfllffrfrrllflfrrflfrrllrfrrlffrrllflrflrrlfffllrlfll"/>
        <trajectory sample="161" generation="161000"
                    bestEnergy="-35.0" averageEnergy="-32.128" worstEnergy="-29.0"
                    bestConformation="Conformation 37.0 -37.0 Frllflfrlrfllfflrlrrfrllrrlfllrrfflfrllffllrrfrfllffrfrrllflfrrflfrrllrfrrlffrrllflrflrrlfffllrlfll"/>
        <trajectory sample="162" generation="162000"
                    bestEnergy="-35.0" averageEnergy="-32.1646" worstEnergy="-32.0"
                    bestConformation="Conformation 37.0 -37.0 Frllflfrlrfllfflrlrrfrllrrlfllrrfflfrllffllrrfrfllffrfrrllflfrrflfrrllrfrrlffrrllflrflrrlfffllrlfll"/>
        <trajectory sample="163" generation="163000"
                    bestEnergy="-35.0" averageEnergy="-32.1761" worstEnergy="-32.0"
                    bestConformation="Conformation 37.0 -37.0 Frllflfrlrfllfflrlrrfrllrrlfllrrfflfrllffllrrfrfllffrfrrllflfrrflfrrllrfrrlffrrllflrflrrlfffllrlfll"/>
        <trajectory sample="164" generation="164000"
                    bestEnergy="-35.0" averageEnergy="-32.1884" worstEnergy="-29.0"
                    bestConformation="Conformation 37.0 -37.0 Frllflfrlrfllfflrlrrfrllrrlfllrrfflfrllffllrrfrfllffrfrrllflfrrflfrrllrfrrlffrrllflrflrrlfffllrlfll"/>
        <trajectory sample="165" generation="165000"
                    bestEnergy="-35.0" averageEnergy="-32.2036" worstEnergy="-32.0"
                    bestConformation="Conformation 37.0 -37.0 Frllflfrlrfllfflrlrrfrllrrlfllrrfflfrllffllrrfrfllffrfrrllflfrrflfrrllrfrrlffrrllflrflrrlfffllrlfll"/>
        <trajectory sample="166" generation="166000"
                    bestEnergy="-35.0" averageEnergy="-32.2197" worstEnergy="-30.0"
                    bestConformation="Conformation 37.0 -37.0 Frllflfrlrfllfflrlrrfrllrrlfllrrfflfrllffllrrfrfllffrfrrllflfrrflfrrllrfrrlffrrllflrflrrlfffllrlfll"/>
        <trajectory sample="167" generation="167000"
                    bestEnergy="-35.0" averageEnergy="-32.2363" worstEnergy="-32.0"
                    bestConformation="Conformation 37.0 -37.0 Frllflfrlrfllfflrlrrfrllrrlfllrrfflfrllffllrrfrfllffrfrrllflfrrflfrrllrfrrlffrrllflrflrrlfffllrlfll"/>
        <trajectory sample="168" generation="168000"
                    bestEnergy="-35.0" averageEnergy="-32.2569" worstEnergy="-32.0"
                    bestConformation="Conformation 37.0 -37.0 Frllflfrlrfllfflrlrrfrllrrlfllrrfflfrllffllrrfrfllffrfrrllflfrrflfrrllrfrrlffrrllflrflrrlfffllrlfll"/>
        <trajectory sample="169" generation="169000"
                    bestEnergy="-35.0" averageEnergy="-32.277" worstEnergy="-32.0"
                    bestConformation="Conformation 37.0 -37.0 Frllflfrlrfllfflrlrrfrllrrlfllrrfflfrllffllrrfrfllffrfrrllflfrrflfrrllrfrrlffrrllflrflrrlfffllrlfll"/>
        <trajectory sample="170" generation="170000"
                    bestEnergy="-35.0" averageEnergy="-32.2999" worstEnergy="-29.0"
                    bestConformation="Conformation 37.0 -37.0 Frllflfrlrfllfflrlrrfrllrrlfllrrfflfrllffllrrfrfllffrfrrllflfrrflfrrllrfrrlffrrllflrflrrlfffllrlfll"/>
        <trajectory sample="171" generation="171000"
                    bestEnergy="-35.0" averageEnergy="-32.3228" worstEnergy="-29.0"
                    bestConformation="Conformation 37.0 -37.0 Frllflfrlrfllfflrlrrfrllrrlfllrrfflfrllffllrrfrfllffrfrrllflfrrflfrrllrfrrlffrrllflrflrrlfffllrlfll"/>
        <trajectory sample="172" generation="172000"
                    bestEnergy="-35.0" averageEnergy="-32.3485" worstEnergy="-32.0"
                    bestConformation="Conformation 37.0 -37.0 Frllflfrlrfllfflrlrrfrllrrlfllrrfflfrllffllrrfrfllffrfrrllflfrrflfrrllrfrrlffrrllflrflrrlfffllrlfll"/>
        <trajectory sample="173" generation="173000"
                    bestEnergy="-35.0" averageEnergy="-32.3741" worstEnergy="-32.0"
                    bestConformation="Conformation 37.0 -37.0 Frllflfrlrfllfflrlrrfrllrrlfllrrfflfrllffllrrfrfllffrfrrllflfrrflfrrllrfrrlffrrllflrflrrlfffllrlfll"/>
        <trajectory sample="174" generation="174000"
                    bestEnergy="-35.0" averageEnergy="-32.4003" worstEnergy="-32.0"
                    bestConformation="Conformation 37.0 -37.0 Frllflfrlrfllfflrlrrfrllrrlfllrrfflfrllffllrrfrfllffrfrrllflfrrflfrrllrfrrlffrrllflrflrrlfffllrlfll"/>
        <trajectory sample="175" generation="175000"
                    bestEnergy="-35.0" averageEnergy="-32.4277" worstEnergy="-25.0"
                    bestConformation="Conformation 37.0 -37.0 Frllflfrlrfllfflrlrrfrllrrlfllrrfflfrllffllrrfrfllffrfrrllflfrrflfrrllrfrrlffrrllflrflrrlfffllrlfll"/>
        <trajectory sample="176" generation="176000"
                    bestEnergy="-35.0" averageEnergy="-32.4552" worstEnergy="-28.0"
                    bestConformation="Conformation 37.0 -37.0 Frllflfrlrfllfflrlrrfrllrrlfllrrfflfrllffllrrfrfllffrfrrllflfrrflfrrllrfrrlffrrllflrflrrlfffllrlfll"/>
        <trajectory sample="177" generation="177000"
                    bestEnergy="-35.0" averageEnergy="-32.4879" worstEnergy="-32.0"
                    bestConformation="Conformation 37.0 -37.0 Frllflfrlrfllfflrlrrfrllrrlfllrrfflfrllffllrrfrfllffrfrrllflfrrflfrrllrfrrlffrrllflrflrrlfffllrlfll"/>
        <trajectory sample="178" generation="178000"
                    bestEnergy="-35.0" averageEnergy="-32.5187" worstEnergy="-32.0"
                    bestConformation="Conformation 37.0 -37.0 Frllflfrlrfllfflrlrrfrllrrlfllrrfflfrllffllrrfrfllffrfrrllflfrrflfrrllrfrrlffrrllflrflrrlfffllrlfll"/>
        <trajectory sample="179" generation="179000"
                    bestEnergy="-35.0" averageEnergy="-32.5495" worstEnergy="-23.0"
                    bestConformation="Conformation 37.0 -37.0 Frllflfrlrfllfflrlrrfrllrrlfllrrfflfrllffllrrfrfllffrfrrllflfrrflfrrllrfrrlffrrllflrflrrlfffllrlfll"/>
        <trajectory sample="180" generation="180000"
                    bestEnergy="-35.0" averageEnergy="-32.5875" worstEnergy="-29.0"
                    bestConformation="Conformation 37.0 -37.0 Frllflfrlrfllfflrlrrfrllrrlfllrrfflfrllffllrrfrfllffrfrrllflfrrflfrrllrfrrlffrrllflrflrrlfffllrlfll"/>
        <trajectory sample="181" generation="181000"
                    bestEnergy="-35.0" averageEnergy="-32.6256" worstEnergy="-32.0"
                    bestConformation="Conformation 37.0 -37.0 Frllflfrlrfllfflrlrrfrllrrlfllrrfflfrllffllrrfrfllffrfrrllflfrrflfrrllrfrrlffrrllflrflrrlfffllrlfll"/>
        <trajectory sample="182" generation="182000"
                    bestEnergy="-35.0" averageEnergy="-32.6648" worstEnergy="-32.0"
                    bestConformation="Conformation 37.0 -37.0 Frllflfrlrfllfflrlrrfrllrrlfllrrfflfrllffllrrfrfllffrfrrllflfrrflfrrllrfrrlffrrllflrflrrlfffllrlfll"/>
        <trajectory sample="183" generation="183000"
                    bestEnergy="-35.0" averageEnergy="-32.7063" worstEnergy="-26.0"
                    bestConformation="Conformation 37.0 -37.0 Frllflfrlrfllfflrlrrfrllrrlfllrrfflfrllffllrrfrfllffrfrrllflfrrflfrrllrfrrlffrrllflrflrrlfffllrlfll"/>
        <trajectory sample="184" generation="184000"
                    bestEnergy="-35.0" averageEnergy="-32.7511" worstEnergy="-27.0"
                    bestConformation="Conformation 37.0 -37.0 Frllflfrlrfllfflrlrrfrllrrlfllrrfflfrllffllrrfrfllffrfrrllflfrrflfrrllrfrrlffrrllflrflrrlfffllrlfll"/>
        <trajectory sample="185" generation="185000"
                    bestEnergy="-35.0" averageEnergy="-32.7933" worstEnergy="-32.0"
                    bestConformation="Conformation 37.0 -37.0 Frllflfrlrfllfflrlrrfrllrrlfllrrfflfrllffllrrfrfllffrfrrllflfrrflfrrllrfrrlffrrllflrflrrlfffllrlfll"/>
        <trajectory sample="186" generation="186000"
                    bestEnergy="-35.0" averageEnergy="-32.8388" worstEnergy="-29.0"
                    bestConformation="Conformation 37.0 -37.0 Frllflfrlrfllfflrlrrfrllrrlfllrrfflfrllffllrrfrfllffrfrrllflfrrflfrrllrfrrlffrrllflrflrrlfffllrlfll"/>
        <trajectory sample="187" generation="187000"
                    bestEnergy="-36.0" averageEnergy="-32.8866" worstEnergy="-32.0"
                    bestConformation="Conformation 38.0 -38.0 Frlrrfllrllrrfrflrfrrllrfffrllfrfflfrllffllrrfrfllffrfrrllflfrrflfrrlflrrffrlrrllflrflrrlfffllrlfll"/>
        <trajectory sample="188" generation="188000"
                    bestEnergy="-36.0" averageEnergy="-32.9369" worstEnergy="-27.0"
                    bestConformation="Conformation 38.0 -38.0 Frlrrfllrllrrfrflrfrrllrfffrllfrfflfrllffllrrfrfllffrfrrllflfrrflfrrlflrrffrlrrllflrflrrlfffllrlfll"/>
        <trajectory sample="189" generation="189000"
                    bestEnergy="-36.0" averageEnergy="-32.9885" worstEnergy="-32.0"
                    bestConformation="Conformation 38.0 -38.0 Frlrrfllrllrrfrflrfrrllrfffrllfrfflfrllffllrrfrfllffrfrrllflfrrflfrrlflrrffrlrrllflrflrrlfffllrlfll"/>
        <trajectory sample="190" generation="190000"
                    bestEnergy="-36.0" averageEnergy="-33.0422" worstEnergy="-32.0"
                    bestConformation="Conformation 38.0 -38.0 Frlrrfllrllrrfrflrfrrllrfffrllfrfflfrllffllrrfrfllffrfrrllflfrrflfrrlflrrffrlrrllflrflrrlfffllrlfll"/>
        <trajectory sample="191" generation="191000"
                    bestEnergy="-36.0" averageEnergy="-33.095" worstEnergy="-30.0"
                    bestConformation="Conformation 38.0 -38.0 Frlrrfllrllrrfrflrfrrllrfffrllfrfflfrllffllrrfrfllffrfrrllflfrrflfrrlflrrffrlrrllflrflrrlfffllrlfll"/>
        <trajectory sample="192" generation="192000"
                    bestEnergy="-36.0" averageEnergy="-33.1437" worstEnergy="-33.0"
                    bestConformation="Conformation 38.0 -38.0 Frlrrfllrllrrfrflrfrrllrfffrllfrfflfrllffllrrfrfllffrfrrllflfrrflfrrlflrrffrlrrllflrflrrlfffllrlfll"/>
        <trajectory sample="193" generation="193000"
                    bestEnergy="-36.0" averageEnergy="-33.1569" worstEnergy="-33.0"
                    bestConformation="Conformation 38.0 -38.0 Frlrrfllrllrrfrflrfrrllrfffrllfrfflfrllffllrrfrfllffrfrrllflfrrflfrrlflrrffrlrrllflrflrrlfffllrlfll"/>
        <trajectory sample="194" generation="194000"
                    bestEnergy="-36.0" averageEnergy="-33.1699" worstEnergy="-30.0"
                    bestConformation="Conformation 38.0 -38.0 Frlrrfllrllrrfrflrfrrllrfffrllfrfflfrllffllrrfrfllffrfrrllflfrrflfrrlflrrffrlrrllflrflrrlfffllrlfll"/>
        <trajectory sample="195" generation="195000"
                    bestEnergy="-36.0" averageEnergy="-33.1846" worstEnergy="-33.0"
                    bestConformation="Conformation 38.0 -38.0 Frlrrfllrllrrfrflrfrrllrfffrllfrfflfrllffllrrfrfllffrfrrllflfrrflfrrlflrrffrlrrllflrflrrlfffllrlfll"/>
        <trajectory sample="196" generation="196000"
                    bestEnergy="-36.0" averageEnergy="-33.1984" worstEnergy="-29.0"
                    bestConformation="Conformation 38.0 -38.0 Frlrrfllrllrrfrflrfrrllrfffrllfrfflfrllffllrrfrfllffrfrrllflfrrflfrrlflrrffrlrrllflrflrrlfffllrlfll"/>
        <trajectory sample="197" generation="197000"
                    bestEnergy="-36.0" averageEnergy="-33.2137" worstEnergy="-33.0"
                    bestConformation="Conformation 38.0 -38.0 Frlrrfllrllrrfrflrfrrllrfffrllfrfflfrllffllrrfrfllffrfrrllflfrrflfrrlflrrffrlrrllflrflrrlfffllrlfll"/>
        <trajectory sample="198" generation="198000"
                    bestEnergy="-36.0" averageEnergy="-33.2297" worstEnergy="-31.0"
                    bestConformation="Conformation 38.0 -38.0 Frlrrfllrllrrfrflrfrrllrfffrllfrfflfrllffllrrfrfllffrfrrllflfrrflfrrlflrrffrlrrllflrflrrlfffllrlfll"/>
        <trajectory sample="199" generation="199000"
                    bestEnergy="-36.0" averageEnergy="-33.2471" worstEnergy="-27.0"
                    bestConformation="Conformation 38.0 -38.0 Frlrrfllrllrrfrflrfrrllrfffrllfrfflfrllffllrrfrfllffrfrrllflfrrflfrrlflrrffrlrrllflrflrrlfffllrlfll"/>
        <trajectory sample="200" generation="200000"
                    bestEnergy="-36.0" averageEnergy="-33.2676" worstEnergy="-33.0"
                    bestConformation="Conformation 38.0 -38.0 Frlrrfllrllrrfrflrfrrllrfffrllfrfflfrllffllrrfrfllffrfrrllflfrrflfrrlflrrffrlrrllflrflrrlfffllrlfll"/>
        <trajectory sample="201" generation="201000"
                    bestEnergy="-36.0" averageEnergy="-33.2896" worstEnergy="-33.0"
                    bestConformation="Conformation 38.0 -38.0 Frlrrfllrllrrfrflrfrrllrfffrllfrfflfrllffllrrfrfllffrfrrllflfrrflfrrlflrrffrlrrllflrflrrlfffllrlfll"/>
        <trajectory sample="202" generation="202000"
                    bestEnergy="-36.0" averageEnergy="-33.3113" worstEnergy="-33.0"
                    bestConformation="Conformation 38.0 -38.0 Frlrrfllrllrrfrflrfrrllrfffrllfrfflfrllffllrrfrfllffrfrrllflfrrflfrrlflrrffrlrrllflrflrrlfffllrlfll"/>
        <trajectory sample="203" generation="203000"
                    bestEnergy="-36.0" averageEnergy="-33.3332" worstEnergy="-30.0"
                    bestConformation="Conformation 38.0 -38.0 Frlrrfllrllrrfrflrfrrllrfffrllfrfflfrllffllrrfrfllffrfrrllflfrrflfrrlflrrffrlrrllflrflrrlfffllrlfll"/>
        <trajectory sample="204" generation="204000"
                    bestEnergy="-36.0" averageEnergy="-33.356" worstEnergy="-31.0"
                    bestConformation="Conformation 38.0 -38.0 Frlrrfllrllrrfrflrfrrllrfffrllfrfflfrllffllrrfrfllffrfrrllflfrrflfrrlflrrffrlrrllflrflrrlfffllrlfll"/>
        <trajectory sample="205" generation="205000"
                    bestEnergy="-36.0" averageEnergy="-33.3825" worstEnergy="-33.0"
                    bestConformation="Conformation 38.0 -38.0 Frlrrfllrllrrfrflrfrrllrfffrllfrfflfrllffllrrfrfllffrfrrllflfrrflfrrlflrrffrlrrllflrflrrlfffllrlfll"/>
        <trajectory sample="206" generation="206000"
                    bestEnergy="-36.0" averageEnergy="-33.4101" worstEnergy="-28.0"
                    bestConformation="Conformation 38.0 -38.0 Frlrrfllrllrrfrflrfrrllrfffrllfrfflfrllffllrrfrfllffrfrrllflfrrflfrrlflrrffrlrrllflrflrrlfffllrlfll"/>
        <trajectory sample="207" generation="207000"
                    bestEnergy="-36.0" averageEnergy="-33.4368" worstEnergy="-22.0"
                    bestConformation="Conformation 38.0 -38.0 Frlrrfllrllrrfrflrfrrllrfffrllfrfflfrllffllrrfrfllffrfrrllflfrrflfrrlflrrffrlrrllflrflrrlfffllrlfll"/>
        <trajectory sample="208" generation="208000"
                    bestEnergy="-36.0" averageEnergy="-33.4681" worstEnergy="-33.0"
                    bestConformation="Conformation 38.0 -38.0 Frlrrfllrllrrfrflrfrrllrfffrllfrfflfrllffllrrfrfllffrfrrllflfrrflfrrlflrrffrlrrllflrflrrlfffllrlfll"/>
        <trajectory sample="209" generation="209000"
                    bestEnergy="-36.0" averageEnergy="-33.4985" worstEnergy="-33.0"
                    bestConformation="Conformation 38.0 -38.0 Frlrrfllrllrrfrflrfrrllrfffrllfrfflfrllffllrrfrfllffrfrrllflfrrflfrrlflrrffrlrrllflrflrrlfffllrlfll"/>
        <trajectory sample="210" generation="210000"
                    bestEnergy="-36.0" averageEnergy="-33.5325" worstEnergy="-26.0"
                    bestConformation="Conformation 38.0 -38.0 Frlrrfllrllrrfrflrfrrllrfffrllfrfflfrllffllrrfrfllffrfrrllflfrrflfrrlflrrffrlrrllflrflrrlfffllrlfll"/>
        <trajectory sample="211" generation="211000"
                    bestEnergy="-36.0" averageEnergy="-33.5667" worstEnergy="-33.0"
                    bestConformation="Conformation 38.0 -38.0 Frlrrfllrllrrfrflrfrrllrfffrllfrfflfrllffllrrfrfllffrfrrllflfrrflfrrlflrrffrlrrllflrflrrlfffllrlfll"/>
        <trajectory sample="212" generation="212000"
                    bestEnergy="-36.0" averageEnergy="-33.601" worstEnergy="-30.0"
                    bestConformation="Conformation 38.0 -38.0 Frlrrfllrllrrfrflrfrrllrfffrllfrfflfrllffllrrfrfllffrfrrllflfrrflfrrlflrrffrlrrllflrflrrlfffllrlfll"/>
        <trajectory sample="213" generation="213000"
                    bestEnergy="-36.0" averageEnergy="-33.6362" worstEnergy="-31.0"
                    bestConformation="Conformation 38.0 -38.0 Frlrrfllrllrrfrflrfrrllrfffrllfrfflfrllffllrrfrfllffrfrrllflfrrflfrrlflrrffrlrrllflrflrrlfffllrlfll"/>
        <trajectory sample="214" generation="214000"
                    bestEnergy="-36.0" averageEnergy="-33.675" worstEnergy="-30.0"
                    bestConformation="Conformation 38.0 -38.0 Frlrrfllrllrrfrflrfrrllrfffrllfrfflfrllffllrrfrfllffrfrrllflfrrflfrrlflrrffrlrrllflrflrrlfffllrlfll"/>
        <trajectory sample="215" generation="215000"
                    bestEnergy="-36.0" averageEnergy="-33.718" worstEnergy="-29.0"
                    bestConformation="Conformation 38.0 -38.0 Frlrrfllrllrrfrflrfrrllrfffrllfrfflfrllffllrrfrfllffrfrrllflfrrflfrrlflrrffrlrrllflrflrrlfffllrlfll"/>
        <trajectory sample="216" generation="216000"
                    bestEnergy="-36.0" averageEnergy="-33.7605" worstEnergy="-33.0"
                    bestConformation="Conformation 38.0 -38.0 Frlrrfllrllrrfrflrfrrllrfffrllfrfflfrllffllrrfrfllffrfrrllflfrrflfrrlflrrffrlrrllflrflrrlfffllrlfll"/>
        <trajectory sample="217" generation="217000"
                    bestEnergy="-36.0" averageEnergy="-33.807" worstEnergy="-31.0"
                    bestConformation="Conformation 38.0 -38.0 Frlrrfllrllrrfrflrfrrllrfffrllfrfflfrllffllrrfrfllffrfrrllflfrrflfrrlflrrffrlrrllflrflrrlfffllrlfll"/>
        <trajectory sample="218" generation="218000"
                    bestEnergy="-36.0" averageEnergy="-33.8576" worstEnergy="-33.0"
                    bestConformation="Conformation 38.0 -38.0 Frlrrfllrllrrfrflrfrrllrfffrllfrfflfrllffllrrfrfllffrfrrllflfrrflfrrlflrrffrlrrllflrflrrlfffllrlfll"/>
        <trajectory sample="219" generation="219000"
                    bestEnergy="-36.0" averageEnergy="-33.9011" worstEnergy="-33.0"
                    bestConformation="Conformation 38.0 -38.0 Frlrrfllrllrrfrflrfrrllrfffrllfrfflfrllffllrrfrfllffrfrrllflfrrflfrrlflrrffrlrrllflrflrrlfffllrlfll"/>
        <trajectory sample="220" generation="220000"
                    bestEnergy="-36.0" averageEnergy="-33.9477" worstEnergy="-33.0"
                    bestConformation="Conformation 38.0 -38.0 Frlrrfllrllrrfrflrfrrllrfffrllfrfflfrllffllrrfrfllffrfrrllflfrrflfrrlflrrffrlrrllflrflrrlfffllrlfll"/>
        <trajectory sample="221" generation="221000"
                    bestEnergy="-36.0" averageEnergy="-34.0023" worstEnergy="-29.0"
                    bestConformation="Conformation 38.0 -38.0 Frlrrfllrllrrfrflrfrrllrfffrllfrfflfrllffllrrfrfllffrfrrllflfrrflfrrlflrrffrlrrllflrflrrlfffllrlfll"/>
        <trajectory sample="222" generation="222000"
                    bestEnergy="-36.0" averageEnergy="-34.0578" worstEnergy="-33.0"
                    bestConformation="Conformation 38.0 -38.0 Frlrrfllrllrrfrflrfrrllrfffrllfrfflfrllffllrrfrfllffrfrrllflfrrflfrrlflrrffrlrrllflrflrrlfffllrlfll"/>
        <trajectory sample="223" generation="223000"
                    bestEnergy="-36.0" averageEnergy="-34.1139" worstEnergy="-33.0"
                    bestConformation="Conformation 38.0 -38.0 Frlrrfllrllrrfrflrfrrllrfffrllfrfflfrllffllrrfrfllffrfrrllflfrrflfrrlflrrffrlrrllflrflrrlfffllrlfll"/>
        <trajectory sample="224" generation="224000"
                    bestEnergy="-36.0" averageEnergy="-34.1707" worstEnergy="-30.0"
                    bestConformation="Conformation 38.0 -38.0 Frlrrfllrllrrfrflrfrrllrfffrllfrfflfrllffllrrfrfllffrfrrllflfrrflfrrlflrrffrlrrllflrflrrlfffllrlfll"/>
        <trajectory sample="225" generation="225000"
                    bestEnergy="-36.0" averageEnergy="-34.2175" worstEnergy="-33.0"
                    bestConformation="Conformation 38.0 -38.0 Frlrrfllrllrrfrflrfrrllrfffrllfrfflfrllffllrrfrfllffrfrrllflfrrflfrrlflrrffrlrrllflrflrrlfffllrlfll"/>
        <trajectory sample="226" generation="226000"
                    bestEnergy="-36.0" averageEnergy="-34.2342" worstEnergy="-33.0"
                    bestConformation="Conformation 38.0 -38.0 Frlrrfllrllrrfrflrfrrllrfffrllfrfflfrllffllrrfrfllffrfrrllflfrrflfrrlflrrffrlrrllflrflrrlfffllrlfll"/>
        <trajectory sample="227" generation="227000"
                    bestEnergy="-36.0" averageEnergy="-34.2513" worstEnergy="-28.0"
                    bestConformation="Conformation 38.0 -38.0 Frlrrfllrllrrfrflrfrrllrfffrllfrfflfrllffllrrfrfllffrfrrllflfrrflfrrlflrrffrlrrllflrflrrlfffllrlfll"/>
        <trajectory sample="228" generation="228000"
                    bestEnergy="-36.0" averageEnergy="-34.2692" worstEnergy="-34.0"
                    bestConformation="Conformation 38.0 -38.0 Frlrrfllrllrrfrflrfrrllrfffrllfrfflfrllffllrrfrfllffrfrrllflfrrflfrrlflrrffrlrrllflrflrrlfffllrlfll"/>
        <trajectory sample="229" generation="229000"
                    bestEnergy="-36.0" averageEnergy="-34.2887" worstEnergy="-30.0"
                    bestConformation="Conformation 38.0 -38.0 Frlrrfllrllrrfrflrfrrllrfffrllfrfflfrllffllrrfrfllffrfrrllflfrrflfrrlflrrffrlrrllflrflrrlfffllrlfll"/>
        <trajectory sample="230" generation="230000"
                    bestEnergy="-37.0" averageEnergy="-34.3116" worstEnergy="-33.0"
                    bestConformation="Conformation 37.0 -37.0 Ffllflfrlrfllfflrlrrfrllrrlfllrrfflfrllffllrrfrfllffrfrrllflfrrflfrrllrfrrlffrrllflrflrrlfffllrlfll"/>
        <trajectory sample="231" generation="231000"
                    bestEnergy="-37.0" averageEnergy="-34.3343" worstEnergy="-32.0"
                    bestConformation="Conformation 37.0 -37.0 Ffllflfrlrfllfflrlrrfrllrrlfllrrfflfrllffllrrfrfllffrfrrllflfrrflfrrllrfrrlffrrllflrflrrlfffllrlfll"/>
        <trajectory sample="232" generation="232000"
                    bestEnergy="-37.0" averageEnergy="-34.3576" worstEnergy="-33.0"
                    bestConformation="Conformation 37.0 -37.0 Ffllflfrlrfllfflrlrrfrllrrlfllrrfflfrllffllrrfrfllffrfrrllflfrrflfrrllrfrrlffrrllflrflrrlfffllrlfll"/>
        <trajectory sample="233" generation="233000"
                    bestEnergy="-37.0" averageEnergy="-34.3833" worstEnergy="-32.0"
                    bestConformation="Conformation 37.0 -37.0 Ffllflfrlrfllfflrlrrfrllrrlfllrrfflfrllffllrrfrfllffrfrrllflfrrflfrrllrfrrlffrrllflrflrrlfffllrlfll"/>
        <trajectory sample="234" generation="234000"
                    bestEnergy="-37.0" averageEnergy="-34.4132" worstEnergy="-34.0"
                    bestConformation="Conformation 37.0 -37.0 Ffllflfrlrfllfflrlrrfrllrrlfllrrfflfrllffllrrfrfllffrfrrllflfrrflfrrllrfrrlffrrllflrflrrlfffllrlfll"/>
        <trajectory sample="235" generation="235000"
                    bestEnergy="-37.0" averageEnergy="-34.44" worstEnergy="-34.0"
                    bestConformation="Conformation 37.0 -37.0 Ffllflfrlrfllfflrlrrfrllrrlfllrrfflfrllffllrrfrfllffrfrrllflfrrflfrrllrfrrlffrrllflrflrrlfffllrlfll"/>
        <trajectory sample="236" generation="236000"
                    bestEnergy="-37.0" averageEnergy="-34.4703" worstEnergy="-34.0"
                    bestConformation="Conformation 37.0 -37.0 Ffllflfrlrfllfflrlrrfrllrrlfllrrfflfrllffllrrfrfllffrfrrllflfrrflfrrllrfrrlffrrllflrflrrlfffllrlfll"/>
        <trajectory sample="237" generation="237000"
                    bestEnergy="-37.0" averageEnergy="-34.498" worstEnergy="-34.0"
                    bestConformation="Conformation 37.0 -37.0 Ffllflfrlrfllfflrlrrfrllrrlfllrrfflfrllffllrrfrfllffrfrrllflfrrflfrrllrfrrlffrrllflrflrrlfffllrlfll"/>
        <trajectory sample="238" generation="238000"
                    bestEnergy="-37.0" averageEnergy="-34.5309" worstEnergy="-34.0"
                    bestConformation="Conformation 37.0 -37.0 Ffllflfrlrfllfflrlrrfrllrrlfllrrfflfrllffllrrfrfllffrfrrllflfrrflfrrllrfrrlffrrllflrflrrlfffllrlfll"/>
        <trajectory sample="239" generation="239000"
                    bestEnergy="-37.0" averageEnergy="-34.5645" worstEnergy="-25.0"
                    bestConformation="Conformation 37.0 -37.0 Ffllflfrlrfllfflrlrrfrllrrlfllrrfflfrllffllrrfrfllffrfrrllflfrrflfrrllrfrrlffrrllflrflrrlfffllrlfll"/>
        <trajectory sample="240" generation="240000"
                    bestEnergy="-37.0" averageEnergy="-34.5982" worstEnergy="-34.0"
                    bestConformation="Conformation 37.0 -37.0 Ffllflfrlrfllfflrlrrfrllrrlfllrrfflfrllffllrrfrfllffrfrrllflfrrflfrrllrfrrlffrrllflrflrrlfffllrlfll"/>
        <trajectory sample="241" generation="241000"
                    bestEnergy="-37.0" averageEnergy="-34.635" worstEnergy="-30.0"
                    bestConformation="Conformation 37.0 -37.0 Ffllflfrlrfllfflrlrrfrllrrlfllrrfflfrllffllrrfrfllffrfrrllflfrrflfrrllrfrrlffrrllflrflrrlfffllrlfll"/>
        <trajectory sample="242" generation="242000"
                    bestEnergy="-37.0" averageEnergy="-34.6755" worstEnergy="-34.0"
                    bestConformation="Conformation 37.0 -37.0 Ffllflfrlrfllfflrlrrfrllrrlfllrrfflfrllffllrrfrfllffrfrrllflfrrflfrrllrfrrlffrrllflrflrrlfffllrlfll"/>
        <trajectory sample="243" generation="243000"
                    bestEnergy="-37.0" averageEnergy="-34.718" worstEnergy="-34.0"
                    bestConformation="Conformation 37.0 -37.0 Ffllflfrlrfllfflrlrrfrllrrlfllrrfflfrllffllrrfrfllffrfrrllflfrrflfrrllrfrrlffrrllflrflrrlfffllrlfll"/>
        <trajectory sample="244" generation="244000"
                    bestEnergy="-37.0" averageEnergy="-34.7603" worstEnergy="-34.0"
                    bestConformation="Conformation 37.0 -37.0 Ffllflfrlrfllfflrlrrfrllrrlfllrrfflfrllffllrrfrfllffrfrrllflfrrflfrrllrfrrlffrrllflrflrrlfffllrlfll"/>
        <trajectory sample="245" generation="245000"
                    bestEnergy="-37.0" averageEnergy="-34.8029" worstEnergy="-25.0"
                    bestConformation="Conformation 37.0 -37.0 Ffllflfrlrfllfflrlrrfrllrrlfllrrfflfrllffllrrfrfllffrfrrllflfrrflfrrllrfrrlffrrllflrflrrlfffllrlfll"/>
        <trajectory sample="246" generation="246000"
                    bestEnergy="-37.0" averageEnergy="-34.8454" worstEnergy="-34.0"
                    bestConformation="Conformation 37.0 -37.0 Ffllflfrlrfllfflrlrrfrllrrlfllrrfflfrllffllrrfrfllffrfrrllflfrrflfrrllrfrrlffrrllflrflrrlfffllrlfll"/>
        <trajectory sample="247" generation="247000"
                    bestEnergy="-37.0" averageEnergy="-34.8916" worstEnergy="-33.0"
                    bestConformation="Conformation 37.0 -37.0 Ffllflfrlrfllfflrlrrfrllrrlfllrrfflfrllffllrrfrfllffrfrrllflfrrflfrrllrfrrlffrrllflrflrrlfffllrlfll"/>
        <trajectory sample="248" generation="248000"
                    bestEnergy="-37.0" averageEnergy="-34.9426" worstEnergy="-31.0"
                    bestConformation="Conformation 37.0 -37.0 Ffllflfrlrfllfflrlrrfrllrrlfllrrfflfrllffllrrfrfllffrfrrllflfrrflfrrllrfrrlffrrllflrflrrlfffllrlfll"/>
        <trajectory sample="249" generation="249000"
                    bestEnergy="-37.0" averageEnergy="-34.9933" worstEnergy="-32.0"
                    bestConformation="Conformation 37.0 -37.0 Ffllflfrlrfllfflrlrrfrllrrlfllrrfflfrllffllrrfrfllffrfrrllflfrrflfrrllrfrrlffrrllflrflrrlfffllrlfll"/>
        <trajectory sample="250" generation="250000"
                    bestEnergy="-37.0" averageEnergy="-35.0466" worstEnergy="-34.0"
                    bestConformation="Conformation 37.0 -37.0 Ffllflfrlrfllfflrlrrfrllrrlfllrrfflfrllffllrrfrfllffrfrrllflfrrflfrrllrfrrlffrrllflrflrrlfffllrlfll"/>
        <trajectory sample="251" generation="251000"
                    bestEnergy="-37.0" averageEnergy="-35.0985" worstEnergy="-34.0"
                    bestConformation="Conformation 37.0 -37.0 Ffllflfrlrfllfflrlrrfrllrrlfllrrfflfrllffllrrfrfllffrfrrllflfrrflfrrllrfrrlffrrllflrflrrlfffllrlfll"/>
        <trajectory sample="252" generation="252000"
                    bestEnergy="-37.0" averageEnergy="-35.1548" worstEnergy="-34.0"
                    bestConformation="Conformation 37.0 -37.0 Ffllflfrlrfllfflrlrrfrllrrlfllrrfflfrllffllrrfrfllffrfrrllflfrrflfrrllrfrrlffrrllflrflrrlfffllrlfll"/>
        <trajectory sample="253" generation="253000"
                    bestEnergy="-37.0" averageEnergy="-35.2002" worstEnergy="-35.0"
                    bestConformation="Conformation 37.0 -37.0 Ffllflfrlrfllfflrlrrfrllrrlfllrrfflfrllffllrrfrfllffrfrrllflfrrflfrrllrfrrlffrrllflrflrrlfffllrlfll"/>
        <trajectory sample="254" generation="254000"
                    bestEnergy="-37.0" averageEnergy="-35.2169" worstEnergy="-35.0"
                    bestConformation="Conformation 37.0 -37.0 Ffllflfrlrfllfflrlrrfrllrrlfllrrfflfrllffllrrfrfllffrfrrllflfrrflfrrllrfrrlffrrllflrflrrlfffllrlfll"/>
        <trajectory sample="255" generation="255000"
                    bestEnergy="-37.0" averageEnergy="-35.2339" worstEnergy="-35.0"
                    bestConformation="Conformation 37.0 -37.0 Ffllflfrlrfllfflrlrrfrllrrlfllrrfflfrllffllrrfrfllffrfrrllflfrrflfrrllrfrrlffrrllflrflrrlfffllrlfll"/>
        <trajectory sample="256" generation="256000"
                    bestEnergy="-37.0" averageEnergy="-35.2517" worstEnergy="-35.0"
                    bestConformation="Conformation 37.0 -37.0 Ffllflfrlrfllfflrlrrfrllrrlfllrrfflfrllffllrrfrfllffrfrrllflfrrflfrrllrfrrlffrrllflrflrrlfffllrlfll"/>
        <trajectory sample="257" generation="257000"
                    bestEnergy="-37.0" averageEnergy="-35.2692" worstEnergy="-30.0"
                    bestConformation="Conformation 37.0 -37.0 Ffllflfrlrfllfflrlrrfrllrrlfllrrfflfrllffllrrfrfllffrfrrllflfrrflfrrllrfrrlffrrllflrflrrlfffllrlfll"/>
        <trajectory sample="258" generation="258000"
                    bestEnergy="-37.0" averageEnergy="-35.2903" worstEnergy="-30.0"
                    bestConformation="Conformation 37.0 -37.0 Ffllflfrlrfllfflrlrrfrllrrlfllrrfflfrllffllrrfrfllffrfrrllflfrrflfrrllrfrrlffrrllflrflrrlfffllrlfll"/>
        <trajectory sample="259" generation="259000"
                    bestEnergy="-37.0" averageEnergy="-35.314" worstEnergy="-35.0"
                    bestConformation="Conformation 37.0 -37.0 Ffllflfrlrfllfflrlrrfrllrrlfllrrfflfrllffllrrfrfllffrfrrllflfrrflfrrllrfrrlffrrllflrflrrlfffllrlfll"/>
        <trajectory sample="260" generation="260000"
                    bestEnergy="-37.0" averageEnergy="-35.3371" worstEnergy="-31.0"
                    bestConformation="Conformation 37.0 -37.0 Ffllflfrlrfllfflrlrrfrllrrlfllrrfflfrllffllrrfrfllffrfrrllflfrrflfrrllrfrrlffrrllflrflrrlfffllrlfll"/>
        <trajectory sample="261" generation="261000"
                    bestEnergy="-37.0" averageEnergy="-35.3606" worstEnergy="-34.0"
                    bestConformation="Conformation 37.0 -37.0 Ffllflfrlrfllfflrlrrfrllrrlfllrrfflfrllffllrrfrfllffrfrrllflfrrflfrrllrfrrlffrrllflrflrrlfffllrlfll"/>
        <trajectory sample="262" generation="262000"
                    bestEnergy="-37.0" averageEnergy="-35.3836" worstEnergy="-35.0"
                    bestConformation="Conformation 37.0 -37.0 Ffllflfrlrfllfflrlrrfrllrrlfllrrfflfrllffllrrfrfllffrfrrllflfrrflfrrllrfrrlffrrllflrflrrlfffllrlfll"/>
        <trajectory sample="263" generation="263000"
                    bestEnergy="-37.0" averageEnergy="-35.4073" worstEnergy="-35.0"
                    bestConformation="Conformation 37.0 -37.0 Ffllflfrlrfllfflrlrrfrllrrlfllrrfflfrllffllrrfrfllffrfrrllflfrrflfrrllrfrrlffrrllflrflrrlfffllrlfll"/>
        <trajectory sample="264" generation="264000"
                    bestEnergy="-37.0" averageEnergy="-35.4345" worstEnergy="-35.0"
                    bestConformation="Conformation 37.0 -37.0 Ffllflfrlrfllfflrlrrfrllrrlfllrrfflfrllffllrrfrfllffrfrrllflfrrflfrrllrfrrlffrrllflrflrrlfffllrlfll"/>
        <trajectory sample="265" generation="265000"
                    bestEnergy="-37.0" averageEnergy="-35.4613" worstEnergy="-28.0"
                    bestConformation="Conformation 37.0 -37.0 Ffllflfrlrfllfflrlrrfrllrrlfllrrfflfrllffllrrfrfllffrfrrllflfrrflfrrllrfrrlffrrllflrflrrlfffllrlfll"/>
        <trajectory sample="266" generation="266000"
                    bestEnergy="-37.0" averageEnergy="-35.4917" worstEnergy="-35.0"
                    bestConformation="Conformation 37.0 -37.0 Ffllflfrlrfllfflrlrrfrllrrlfllrrfflfrllffllrrfrfllffrfrrllflfrrflfrrllrfrrlffrrllflrflrrlfffllrlfll"/>
        <trajectory sample="267" generation="267000"
                    bestEnergy="-37.0" averageEnergy="-35.5238" worstEnergy="-34.0"
                    bestConformation="Conformation 37.0 -37.0 Ffllflfrlrfllfflrlrrfrllrrlfllrrfflfrllffllrrfrfllffrfrrllflfrrflfrrllrfrrlffrrllflrflrrlfffllrlfll"/>
        <trajectory sample="268" generation="268000"
                    bestEnergy="-37.0" averageEnergy="-35.557" worstEnergy="-30.0"
                    bestConformation="Conformation 37.0 -37.0 Ffllflfrlrfllfflrlrrfrllrrlfllrrfflfrllffllrrfrfllffrfrrllflfrrflfrrllrfrrlffrrllflrflrrlfffllrlfll"/>
        <trajectory sample="269" generation="269000"
                    bestEnergy="-37.0" averageEnergy="-35.5927" worstEnergy="-35.0"
                    bestConformation="Conformation 37.0 -37.0 Ffllflfrlrfllfflrlrrfrllrrlfllrrfflfrllffllrrfrfllffrfrrllflfrrflfrrllrfrrlffrrllflrflrrlfffllrlfll"/>
        <trajectory sample="270" generation="270000"
                    bestEnergy="-37.0" averageEnergy="-35.6291" worstEnergy="-35.0"
                    bestConformation="Conformation 37.0 -37.0 Ffllflfrlrfllfflrlrrfrllrrlfllrrfflfrllffllrrfrfllffrfrrllflfrrflfrrllrfrrlffrrllflrflrrlfffllrlfll"/>
        <trajectory sample="271" generation="271000"
                    bestEnergy="-37.0" averageEnergy="-35.667" worstEnergy="-35.0"
                    bestConformation="Conformation 37.0 -37.0 Ffllflfrlrfllfflrlrrfrllrrlfllrrfflfrllffllrrfrfllffrfrrllflfrrflfrrllrfrrlffrrllflrflrrlfffllrlfll"/>
        <trajectory sample="272" generation="272000"
                    bestEnergy="-37.0" averageEnergy="-35.7031" worstEnergy="-35.0"
                    bestConformation="Conformation 37.0 -37.0 Ffllflfrlrfllfflrlrrfrllrrlfllrrfflfrllffllrrfrfllffrfrrllflfrrflfrrllrfrrlffrrllflrflrrlfffllrlfll"/>
        <trajectory sample="273" generation="273000"
                    bestEnergy="-37.0" averageEnergy="-35.7462" worstEnergy="-33.0"
                    bestConformation="Conformation 37.0 -37.0 Ffllflfrlrfllfflrlrrfrllrrlfllrrfflfrllffllrrfrfllffrfrrllflfrrflfrrllrfrrlffrrllflrflrrlfffllrlfll"/>
        <trajectory sample="274" generation="274000"
                    bestEnergy="-37.0" averageEnergy="-35.7888" worstEnergy="-28.0"
                    bestConformation="Conformation 37.0 -37.0 Ffllflfrlrfllfflrlrrfrllrrlfllrrfflfrllffllrrfrfllffrfrrllflfrrflfrrllrfrrlffrrllflrflrrlfffllrlfll"/>
        <trajectory sample="275" generation="275000"
                    bestEnergy="-37.0" averageEnergy="-35.827" worstEnergy="-35.0"
                    bestConformation="Conformation 37.0 -37.0 Ffllflfrlrfllfflrlrrfrllrrlfllrrfflfrllffllrrfrfllffrfrrllflfrrflfrrllrfrrlffrrllflrflrrlfffllrlfll"/>
        <trajectory sample="276" generation="276000"
                    bestEnergy="-37.0" averageEnergy="-35.8707" worstEnergy="-35.0"
                    bestConformation="Conformation 37.0 -37.0 Ffllflfrlrfllfflrlrrfrllrrlfllrrfflfrllffllrrfrfllffrfrrllflfrrflfrrllrfrrlffrrllflrflrrlfffllrlfll"/>
        <trajectory sample="277" generation="277000"
                    bestEnergy="-37.0" averageEnergy="-35.9177" worstEnergy="-35.0"
                    bestConformation="Conformation 37.0 -37.0 Ffllflfrlrfllfflrlrrfrllrrlfllrrfflfrllffllrrfrfllffrfrrllflfrrflfrrllrfrrlffrrllflrflrrlfffllrlfll"/>
        <trajectory sample="278" generation="278000"
                    bestEnergy="-37.0" averageEnergy="-35.9656" worstEnergy="-35.0"
                    bestConformation="Conformation 37.0 -37.0 Ffllflfrlrfllfflrlrrfrllrrlfllrrfflfrllffllrrfrfllffrfrrllflfrrflfrrllrfrrlffrrllflrflrrlfffllrlfll"/>
        <trajectory sample="279" generation="279000"
                    bestEnergy="-37.0" averageEnergy="-36.0158" worstEnergy="-35.0"
                    bestConformation="Conformation 37.0 -37.0 Ffllflfrlrfllfflrlrrfrllrrlfllrrfflfrllffllrrfrfllffrfrrllflfrrflfrrllrfrrlffrrllflrflrrlfffllrlfll"/>
        <trajectory sample="280" generation="280000"
                    bestEnergy="-37.0" averageEnergy="-36.0275" worstEnergy="-29.0"
                    bestConformation="Conformation 37.0 -37.0 Ffllflfrlrfllfflrlrrfrllrrlfllrrfflfrllffllrrfrfllffrfrrllflfrrflfrrllrfrrlffrrllflrflrrlfffllrlfll"/>
        <trajectory sample="281" generation="281000"
                    bestEnergy="-37.0" averageEnergy="-36.0303" worstEnergy="-30.0"
                    bestConformation="Conformation 37.0 -37.0 Ffllflfrlrfllfflrlrrfrllrrlfllrrfflfrllffllrrfrfllffrfrrllflfrrflfrrllrfrrlffrrllflrflrrlfffllrlfll"/>
        <trajectory sample="282" generation="282000"
                    bestEnergy="-37.0" averageEnergy="-36.0347" worstEnergy="-36.0"
                    bestConformation="Conformation 37.0 -37.0 Ffllflfrlrfllfflrlrrfrllrrlfllrrfflfrllffllrrfrfllffrfrrllflfrrflfrrllrfrrlffrrllflrflrrlfffllrlfll"/>
        <trajectory sample="283" generation="283000"
                    bestEnergy="-37.0" averageEnergy="-36.0387" worstEnergy="-36.0"
                    bestConformation="Conformation 37.0 -37.0 Ffllflfrlrfllfflrlrrfrllrrlfllrrfflfrllffllrrfrfllffrfrrllflfrrflfrrllrfrrlffrrllflrflrrlfffllrlfll"/>
        <trajectory sample="284" generation="284000"
                    bestEnergy="-37.0" averageEnergy="-36.0423" worstEnergy="-30.0"
                    bestConformation="Conformation 37.0 -37.0 Ffllflfrlrfllfflrlrrfrllrrlfllrrfflfrllffllrrfrfllffrfrrllflfrrflfrrllrfrrlffrrllflrflrrlfffllrlfll"/>
        <trajectory sample="285" generation="285000"
                    bestEnergy="-37.0" averageEnergy="-36.0468" worstEnergy="-36.0"
                    bestConformation="Conformation 37.0 -37.0 Ffllflfrlrfllfflrlrrfrllrrlfllrrfflfrllffllrrfrfllffrfrrllflfrrflfrrllrfrrlffrrllflrflrrlfffllrlfll"/>
        <trajectory sample="286" generation="286000"
                    bestEnergy="-37.0" averageEnergy="-36.0506" worstEnergy="-36.0"
                    bestConformation="Conformation 37.0 -37.0 Ffllflfrlrfllfflrlrrfrllrrlfllrrfflfrllffllrrfrfllffrfrrllflfrrflfrrllrfrrlffrrllflrflrrlfffllrlfll"/>
        <trajectory sample="287" generation="287000"
                    bestEnergy="-37.0" averageEnergy="-36.0545" worstEnergy="-36.0"
                    bestConformation="Conformation 37.0 -37.0 Ffllflfrlrfllfflrlrrfrllrrlfllrrfflfrllffllrrfrfllffrfrrllflfrrflfrrllrfrrlffrrllflrflrrlfffllrlfll"/>
        <trajectory sample="288" generation="288000"
                    bestEnergy="-37.0" averageEnergy="-36.0601" worstEnergy="-36.0"
                    bestConformation="Conformation 37.0 -37.0 Ffllflfrlrfllfflrlrrfrllrrlfllrrfflfrllffllrrfrfllffrfrrllflfrrflfrrllrfrrlffrrllflrflrrlfffllrlfll"/>
        <trajectory sample="289" generation="289000"
                    bestEnergy="-37.0" averageEnergy="-36.0653" worstEnergy="-36.0"
                    bestConformation="Conformation 37.0 -37.0 Ffllflfrlrfllfflrlrrfrllrrlfllrrfflfrllffllrrfrfllffrfrrllflfrrflfrrllrfrrlffrrllflrflrrlfffllrlfll"/>
        <trajectory sample="290" generation="290000"
                    bestEnergy="-37.0" averageEnergy="-36.071" worstEnergy="-36.0"
                    bestConformation="Conformation 37.0 -37.0 Ffllflfrlrfllfflrlrrfrllrrlfllrrfflfrllffllrrfrfllffrfrrllflfrrflfrrllrfrrlffrrllflrflrrlfffllrlfll"/>
        <trajectory sample="291" generation="291000"
                    bestEnergy="-37.0" averageEnergy="-36.077" worstEnergy="-36.0"
                    bestConformation="Conformation 37.0 -37.0 Ffllflfrlrfllfflrlrrfrllrrlfllrrfflfrllffllrrfrfllffrfrrllflfrrflfrrllrfrrlffrrllflrflrrlfffllrlfll"/>
        <trajectory sample="292" generation="292000"
                    bestEnergy="-37.0" averageEnergy="-36.0828" worstEnergy="-34.0"
                    bestConformation="Conformation 37.0 -37.0 Ffllflfrlrfllfflrlrrfrllrrlfllrrfflfrllffllrrfrfllffrfrrllflfrrflfrrllrfrrlffrrllflrflrrlfffllrlfll"/>
        <trajectory sample="293" generation="293000"
                    bestEnergy="-37.0" averageEnergy="-36.0892" worstEnergy="-29.0"
                    bestConformation="Conformation 37.0 -37.0 Ffllflfrlrfllfflrlrrfrllrrlfllrrfflfrllffllrrfrfllffrfrrllflfrrflfrrllrfrrlffrrllflrflrrlfffllrlfll"/>
        <trajectory sample="294" generation="294000"
                    bestEnergy="-37.0" averageEnergy="-36.0963" worstEnergy="-30.0"
                    bestConformation="Conformation 37.0 -37.0 Ffllflfrlrfllfflrlrrfrllrrlfllrrfflfrllffllrrfrfllffrfrrllflfrrflfrrllrfrrlffrrllflrflrrlfffllrlfll"/>
        <trajectory sample="295" generation="295000"
                    bestEnergy="-37.0" averageEnergy="-36.1042" worstEnergy="-36.0"
                    bestConformation="Conformation 37.0 -37.0 Ffllflfrlrfllfflrlrrfrllrrlfllrrfflfrllffllrrfrfllffrfrrllflfrrflfrrllrfrrlffrrllflrflrrlfffllrlfll"/>
        <trajectory sample="296" generation="296000"
                    bestEnergy="-37.0" averageEnergy="-36.1133" worstEnergy="-32.0"
                    bestConformation="Conformation 37.0 -37.0 Ffllflfrlrfllfflrlrrfrllrrlfllrrfflfrllffllrrfrfllffrfrrllflfrrflfrrllrfrrlffrrllflrflrrlfffllrlfll"/>
        <trajectory sample="297" generation="297000"
                    bestEnergy="-37.0" averageEnergy="-36.1214" worstEnergy="-31.0"
                    bestConformation="Conformation 37.0 -37.0 Ffllflfrlrfllfflrlrrfrllrrlfllrrfflfrllffllrrfrfllffrfrrllflfrrflfrrllrfrrlffrrllflrflrrlfffllrlfll"/>
        <trajectory sample="298" generation="298000"
                    bestEnergy="-37.0" averageEnergy="-36.1316" worstEnergy="-31.0"
                    bestConformation="Conformation 37.0 -37.0 Ffllflfrlrfllfflrlrrfrllrrlfllrrfflfrllffllrrfrfllffrfrrllflfrrflfrrllrfrrlffrrllflrflrrlfffllrlfll"/>
        <trajectory sample="299" generation="299000"
                    bestEnergy="-37.0" averageEnergy="-36.1427" worstEnergy="-36.0"
                    bestConformation="Conformation 37.0 -37.0 Ffllflfrlrfllfflrlrrfrllrrlfllrrfflfrllffllrrfrfllffrfrrllflfrrflfrrllrfrrlffrrllflrflrrlfffllrlfll"/>
        <trajectory sample="300" generation="300000"
                    bestEnergy="-37.0" averageEnergy="-36.1536" worstEnergy="-36.0"
                    bestConformation="Conformation 37.0 -37.0 Ffllflfrlrfllfflrlrrfrllrrlfllrrfflfrllffllrrfrfllffrfrrllflfrrflfrrllrfrrlffrrllflrflrrlfffllrlfll"/>
        <trajectory sample="301" generation="301000"
                    bestEnergy="-37.0" averageEnergy="-36.1657" worstEnergy="-36.0"
                    bestConformation="Conformation 37.0 -37.0 Ffllflfrlrfllfflrlrrfrllrrlfllrrfflfrllffllrrfrfllffrfrrllflfrrflfrrllrfrrlffrrllflrflrrlfffllrlfll"/>
        <trajectory sample="302" generation="302000"
                    bestEnergy="-37.0" averageEnergy="-36.1773" worstEnergy="-36.0"
                    bestConformation="Conformation 37.0 -37.0 Ffllflfrlrfllfflrlrrfrllrrlfllrrfflfrllffllrrfrfllffrfrrllflfrrflfrrllrfrrlffrrllflrflrrlfffllrlfll"/>
        <trajectory sample="303" generation="303000"
                    bestEnergy="-37.0" averageEnergy="-36.1897" worstEnergy="-30.0"
                    bestConformation="Conformation 37.0 -37.0 Ffllflfrlrfllfflrlrrfrllrrlfllrrfflfrllffllrrfrfllffrfrrllflfrrflfrrllrfrrlffrrllflrflrrlfffllrlfll"/>
        <trajectory sample="304" generation="304000"
                    bestEnergy="-37.0" averageEnergy="-36.2053" worstEnergy="-35.0"
                    bestConformation="Conformation 37.0 -37.0 Ffllflfrlrfllfflrlrrfrllrrlfllrrfflfrllffllrrfrfllffrfrrllflfrrflfrrllrfrrlffrrllflrflrrlfffllrlfll"/>
        <trajectory sample="305" generation="305000"
                    bestEnergy="-37.0" averageEnergy="-36.2213" worstEnergy="-36.0"
                    bestConformation="Conformation 37.0 -37.0 Ffllflfrlrfllfflrlrrfrllrrlfllrrfflfrllffllrrfrfllffrfrrllflfrrflfrrllrfrrlffrrllflrflrrlfffllrlfll"/>
        <trajectory sample="306" generation="306000"
                    bestEnergy="-37.0" averageEnergy="-36.2348" worstEnergy="-21.0"
                    bestConformation="Conformation 37.0 -37.0 Ffllflfrlrfllfflrlrrfrllrrlfllrrfflfrllffllrrfrfllffrfrrllflfrrflfrrllrfrrlffrrllflrflrrlfffllrlfll"/>
        <trajectory sample="307" generation="307000"
                    bestEnergy="-37.0" averageEnergy="-36.2541" worstEnergy="-35.0"
                    bestConformation="Conformation 37.0 -37.0 Ffllflfrlrfllfflrlrrfrllrrlfllrrfflfrllffllrrfrfllffrfrrllflfrrflfrrllrfrrlffrrllflrflrrlfffllrlfll"/>
        <trajectory sample="308" generation="308000"
                    bestEnergy="-37.0" averageEnergy="-36.272" worstEnergy="-30.0"
                    bestConformation="Conformation 37.0 -37.0 Ffllflfrlrfllfflrlrrfrllrrlfllrrfflfrllffllrrfrfllffrfrrllflfrrflfrrllrfrrlffrrllflrflrrlfffllrlfll"/>
        <trajectory sample="309" generation="309000"
                    bestEnergy="-37.0" averageEnergy="-36.2931" worstEnergy="-28.0"
                    bestConformation="Conformation 37.0 -37.0 Ffllflfrlrfllfflrlrrfrllrrlfllrrfflfrllffllrrfrfllffrfrrllflfrrflfrrllrfrrlffrrllflrflrrlfffllrlfll"/>
        <trajectory sample="310" generation="310000"
                    bestEnergy="-37.0" averageEnergy="-36.3149" worstEnergy="-36.0"
                    bestConformation="Conformation 37.0 -37.0 Ffllflfrlrfllfflrlrrfrllrrlfllrrfflfrllffllrrfrfllffrfrrllflfrrflfrrllrfrrlffrrllflrflrrlfffllrlfll"/>
        <trajectory sample="311" generation="311000"
                    bestEnergy="-37.0" averageEnergy="-36.3375" worstEnergy="-32.0"
                    bestConformation="Conformation 37.0 -37.0 Ffllflfrlrfllfflrlrrfrllrrlfllrrfflfrllffllrrfrfllffrfrrllflfrrflfrrllrfrrlffrrllflrflrrlfffllrlfll"/>
        <trajectory sample="312" generation="312000"
                    bestEnergy="-37.0" averageEnergy="-36.3572" worstEnergy="-36.0"
                    bestConformation="Conformation 37.0 -37.0 Ffllflfrlrfllfflrlrrfrllrrlfllrrfflfrllffllrrfrfllffrfrrllflfrrflfrrllrfrrlffrrllflrflrrlfffllrlfll"/>
        <trajectory sample="313" generation="313000"
                    bestEnergy="-37.0" averageEnergy="-36.3794" worstEnergy="-36.0"
                    bestConformation="Conformation 37.0 -37.0 Ffllflfrlrfllfflrlrrfrllrrlfllrrfflfrllffllrrfrfllffrfrrllflfrrflfrrllrfrrlffrrllflrflrrlfffllrlfll"/>
        <trajectory sample="314" generation="314000"
                    bestEnergy="-37.0" averageEnergy="-36.4045" worstEnergy="-36.0"
                    bestConformation="Conformation 37.0 -37.0 Ffllflfrlrfllfflrlrrfrllrrlfllrrfflfrllffllrrfrfllffrfrrllflfrrflfrrllrfrrlffrrllflrflrrlfffllrlfll"/>
        <trajectory sample="315" generation="315000"
                    bestEnergy="-37.0" averageEnergy="-36.4287" worstEnergy="-34.0"
                    bestConformation="Conformation 37.0 -37.0 Ffllflfrlrfllfflrlrrfrllrrlfllrrfflfrllffllrrfrfllffrfrrllflfrrflfrrllrfrrlffrrllflrflrrlfffllrlfll"/>
        <trajectory sample="316" generation="316000"
                    bestEnergy="-37.0" averageEnergy="-36.4528" worstEnergy="-31.0"
                    bestConformation="Conformation 37.0 -37.0 Ffllflfrlrfllfflrlrrfrllrrlfllrrfflfrllffllrrfrfllffrfrrllflfrrflfrrllrfrrlffrrllflrflrrlfffllrlfll"/>
        <trajectory sample="317" generation="317000"
                    bestEnergy="-37.0" averageEnergy="-36.4833" worstEnergy="-34.0"
                    bestConformation="Conformation 37.0 -37.0 Ffllflfrlrfllfflrlrrfrllrrlfllrrfflfrllffllrrfrfllffrfrrllflfrrflfrrllrfrrlffrrllflrflrrlfffllrlfll"/>
        <trajectory sample="318" generation="318000"
                    bestEnergy="-37.0" averageEnergy="-36.5127" worstEnergy="-36.0"
                    bestConformation="Conformation 37.0 -37.0 Ffllflfrlrfllfflrlrrfrllrrlfllrrfflfrllffllrrfrfllffrfrrllflfrrflfrrllrfrrlffrrllflrflrrlfffllrlfll"/>
        <trajectory sample="319" generation="319000"
                    bestEnergy="-37.0" averageEnergy="-36.5416" worstEnergy="-30.0"
                    bestConformation="Conformation 37.0 -37.0 Ffllflfrlrfllfflrlrrfrllrrlfllrrfflfrllffllrrfrfllffrfrrllflfrrflfrrllrfrrlffrrllflrflrrlfffllrlfll"/>
        <trajectory sample="320" generation="320000"
                    bestEnergy="-37.0" averageEnergy="-36.573" worstEnergy="-35.0"
                    bestConformation="Conformation 37.0 -37.0 Ffllflfrlrfllfflrlrrfrllrrlfllrrfflfrllffllrrfrfllffrfrrllflfrrflfrrllrfrrlffrrllflrflrrlfffllrlfll"/>
        <trajectory sample="321" generation="321000"
                    bestEnergy="-37.0" averageEnergy="-36.6048" worstEnergy="-29.0"
                    bestConformation="Conformation 37.0 -37.0 Ffllflfrlrfllfflrlrrfrllrrlfllrrfflfrllffllrrfrfllffrfrrllflfrrflfrrllrfrrlffrrllflrflrrlfffllrlfll"/>
        <trajectory sample="322" generation="322000"
                    bestEnergy="-37.0" averageEnergy="-36.6399" worstEnergy="-33.0"
                    bestConformation="Conformation 37.0 -37.0 Ffllflfrlrfllfflrlrrfrllrrlfllrrfflfrllffllrrfrfllffrfrrllflfrrflfrrllrfrrlffrrllflrflrrlfffllrlfll"/>
        <trajectory sample="323" generation="323000"
                    bestEnergy="-37.0" averageEnergy="-36.6758" worstEnergy="-36.0"
                    bestConformation="Conformation 37.0 -37.0 Ffllflfrlrfllfflrlrrfrllrrlfllrrfflfrllffllrrfrfllffrfrrllflfrrflfrrllrfrrlffrrllflrflrrlfffllrlfll"/>
        <trajectory sample="324" generation="324000"
                    bestEnergy="-37.0" averageEnergy="-36.7119" worstEnergy="-30.0"
                    bestConformation="Conformation 37.0 -37.0 Ffllflfrlrfllfflrlrrfrllrrlfllrrfflfrllffllrrfrfllffrfrrllflfrrflfrrllrfrrlffrrllflrflrrlfffllrlfll"/>
        <trajectory sample="325" generation="325000"
                    bestEnergy="-37.0" averageEnergy="-36.7518" worstEnergy="-36.0"
                    bestConformation="Conformation 37.0 -37.0 Ffllflfrlrfllfflrlrrfrllrrlfllrrfflfrllffllrrfrfllffrfrrllflfrrflfrrllrfrrlffrrllflrflrrlfffllrlfll"/>
        <trajectory sample="326" generation="326000"
                    bestEnergy="-37.0" averageEnergy="-36.7902" worstEnergy="-36.0"
                    bestConformation="Conformation 37.0 -37.0 Ffllflfrlrfllfflrlrrfrllrrlfllrrfflfrllffllrrfrfllffrfrrllflfrrflfrrllrfrrlffrrllflrflrrlfffllrlfll"/>
        <trajectory sample="327" generation="327000"
                    bestEnergy="-37.0" averageEnergy="-36.8295" worstEnergy="-30.0"
                    bestConformation="Conformation 37.0 -37.0 Ffllflfrlrfllfflrlrrfrllrrlfllrrfflfrllffllrrfrfllffrfrrllflfrrflfrrllrfrrlffrrllflrflrrlfffllrlfll"/>
        <trajectory sample="328" generation="328000"
                    bestEnergy="-37.0" averageEnergy="-36.8717" worstEnergy="-30.0"
                    bestConformation="Conformation 37.0 -37.0 Ffllflfrlrfllfflrlrrfrllrrlfllrrfflfrllffllrrfrfllffrfrrllflfrrflfrrllrfrrlffrrllflrflrrlfffllrlfll"/>
        <trajectory sample="329" generation="329000"
                    bestEnergy="-37.0" averageEnergy="-36.9128" worstEnergy="-36.0"
                    bestConformation="Conformation 37.0 -37.0 Ffllflfrlrfllfflrlrrfrllrrlfllrrfflfrllffllrrfrfllffrfrrllflfrrflfrrllrfrrlffrrllflrflrrlfffllrlfll"/>
        <trajectory sample="330" generation="330000"
                    bestEnergy="-37.0" averageEnergy="-36.9561" worstEnergy="-36.0"
                    bestConformation="Conformation 37.0 -37.0 Ffllflfrlrfllfflrlrrfrllrrlfllrrfflfrllffllrrfrfllffrfrrllflfrrflfrrllrfrrlffrrllflrflrrlfffllrlfll"/>
        <trajectory sample="331" generation="331000"
                    bestEnergy="-37.0" averageEnergy="-37.0" worstEnergy="-37.0"
                    bestConformation="Conformation 37.0 -37.0 Ffllflfrlrfllfflrlrrfrllrrlfllrrfflfrllffllrrfrfllffrfrrllflfrrflfrrllrfrrlffrrllflrflrrlfffllrlfll"/>
        <trajectory sample="332" generation="332000"
                    bestEnergy="-37.0" averageEnergy="-36.9992" worstEnergy="-29.0"
                    bestConformation="Conformation 37.0 -37.0 Ffllflfrlrfllfflrlrrfrllrrlfllrrfflfrllffllrrfrfllffrfrrllflfrrflfrrllrfrrlffrrllflrflrrlfffllrlfll"/>
        <trajectory sample="333" generation="333000"
                    bestEnergy="-37.0" averageEnergy="-36.9992" worstEnergy="-29.0"
                    bestConformation="Conformation 37.0 -37.0 Ffllflfrlrfllfflrlrrfrllrrlfllrrfflfrllffllrrfrfllffrfrrllflfrrflfrrllrfrrlffrrllflrflrrlfffllrlfll"/>
        <trajectory sample="334" generation="334000"
                    bestEnergy="-37.0" averageEnergy="-36.9994" worstEnergy="-31.0"
                    bestConformation="Conformation 37.0 -37.0 Ffllflfrlrfllfflrlrrfrllrrlfllrrfflfrllffllrrfrfllffrfrrllflfrrflfrrllrfrrlffrrllflrflrrlfffllrlfll"/>
        <trajectory sample="335" generation="335000"
                    bestEnergy="-37.0" averageEnergy="-36.9993" worstEnergy="-30.0"
                    bestConformation="Conformation 37.0 -37.0 Ffllflfrlrfllfflrlrrfrllrrlfllrrfflfrllffllrrfrfllffrfrrllflfrrflfrrllrfrrlffrrllflrflrrlfffllrlfll"/>
        <trajectory sample="336" generation="336000"
                    bestEnergy="-37.0" averageEnergy="-36.9998" worstEnergy="-35.0"
                    bestConformation="Conformation 37.0 -37.0 Ffllflfrlrfllfflrlrrfrllrrlfllrrfflfrllffllrrfrfllffrfrrllflfrrflfrrllrfrrlffrrllflrflrrlfffllrlfll"/>
        <trajectory sample="337" generation="337000"
                    bestEnergy="-38.0" averageEnergy="-37.0001" worstEnergy="-37.0"
                    bestConformation="Conformation 38.0 -38.0 Frlrrfllrllrrfrflrfrrllrfffrllfrfflfrllffllrrfrfllffrfrrllflfrrfllrrfflrrffffrrllflrflrrlfffllrlfll"/>
        <trajectory sample="338" generation="338000"
                    bestEnergy="-38.0" averageEnergy="-36.9993" worstEnergy="-29.0"
                    bestConformation="Conformation 38.0 -38.0 Frlrrfllrllrrfrflrfrrllrfffrllfrfflfrllffllrrfrfllffrfrrllflfrrfllrrfflrrffffrrllflrflrrlfffllrlfll"/>
        <trajectory sample="339" generation="339000"
                    bestEnergy="-38.0" averageEnergy="-36.9995" worstEnergy="-31.0"
                    bestConformation="Conformation 38.0 -38.0 Frlrrfllrllrrfrflrfrrllrfffrllfrfflfrllffllrrfrfllffrfrrllflfrrfllrrfflrrffffrrllflrflrrlfffllrlfll"/>
        <trajectory sample="340" generation="340000"
                    bestEnergy="-38.0" averageEnergy="-37.0001" worstEnergy="-37.0"
                    bestConformation="Conformation 38.0 -38.0 Frlrrfllrllrrfrflrfrrllrfffrllfrfflfrllffllrrfrfllffrfrrllflfrrfllrrfflrrffffrrllflrflrrlfffllrlfll"/>
        <trajectory sample="341" generation="341000"
                    bestEnergy="-38.0" averageEnergy="-37.0001" worstEnergy="-37.0"
                    bestConformation="Conformation 38.0 -38.0 Frlrrfllrllrrfrflrfrrllrfffrllfrfflfrllffllrrfrfllffrfrrllflfrrfllrrfflrrffffrrllflrflrrlfffllrlfll"/>
        <trajectory sample="342" generation="342000"
                    bestEnergy="-38.0" averageEnergy="-36.9996" worstEnergy="-31.0"
                    bestConformation="Conformation 38.0 -38.0 Frlrrfllrllrrfrflrfrrllrfffrllfrfflfrllffllrrfrfllffrfrrllflfrrfllrrfflrrffffrrllflrflrrlfffllrlfll"/>
        <trajectory sample="343" generation="343000"
                    bestEnergy="-38.0" averageEnergy="-36.9994" worstEnergy="-29.0"
                    bestConformation="Conformation 38.0 -38.0 Frlrrfllrllrrfrflrfrrllrfffrllfrfflfrllffllrrfrfllffrfrrllflfrrfllrrfflrrffffrrllflrflrrlfffllrlfll"/>
        <trajectory sample="344" generation="344000"
                    bestEnergy="-38.0" averageEnergy="-37.0001" worstEnergy="-36.0"
                    bestConformation="Conformation 38.0 -38.0 Frlrrfllrllrrfrflrfrrllrfffrllfrfflfrllffllrrfrfllffrfrrllflfrrfllrrfflrrffffrrllflrflrrlfffllrlfll"/>
        <trajectory sample="345" generation="345000"
                    bestEnergy="-38.0" averageEnergy="-36.9997" worstEnergy="-32.0"
                    bestConformation="Conformation 38.0 -38.0 Frlrrfllrllrrfrflrfrrllrfffrllfrfflfrllffllrrfrfllffrfrrllflfrrfllrrfflrrffffrrllflrflrrlfffllrlfll"/>
        <trajectory sample="346" generation="346000"
                    bestEnergy="-38.0" averageEnergy="-37.0002" worstEnergy="-37.0"
                    bestConformation="Conformation 38.0 -38.0 Frlrrfllrllrrfrflrfrrllrfffrllfrfflfrllffllrrfrfllffrfrrllflfrrfllrrfflrrffffrrllflrflrrlfffllrlfll"/>
        <trajectory sample="347" generation="347000"
                    bestEnergy="-38.0" averageEnergy="-36.9987" worstEnergy="-22.0"
                    bestConformation="Conformation 38.0 -38.0 Frlrrfllrllrrfrflrfrrllrfffrllfrfflfrllffllrrfrfllffrfrrllflfrrfllrrfflrrffffrrllflrflrrlfffllrlfll"/>
        <trajectory sample="348" generation="348000"
                    bestEnergy="-38.0" averageEnergy="-37.0002" worstEnergy="-37.0"
                    bestConformation="Conformation 38.0 -38.0 Frlrrfllrllrrfrflrfrrllrfffrllfrfflfrllffllrrfrfllffrfrrllflfrrfllrrfflrrffffrrllflrflrrlfffllrlfll"/>
        <trajectory sample="349" generation="349000"
                    bestEnergy="-38.0" averageEnergy="-37.0002" worstEnergy="-37.0"
                    bestConformation="Conformation 38.0 -38.0 Frlrrfllrllrrfrflrfrrllrfffrllfrfflfrllffllrrfrfllffrfrrllflfrrfllrrfflrrffffrrllflrflrrlfffllrlfll"/>
        <trajectory sample="350" generation="350000"
                    bestEnergy="-38.0" averageEnergy="-37.0003" worstEnergy="-37.0"
                    bestConformation="Conformation 38.0 -38.0 Frlrrfllrllrrfrflrfrrllrfffrllfrfflfrllffllrrfrfllffrfrrllflfrrfllrrfflrrffffrrllflrflrrlfffllrlfll"/>
        <trajectory sample="351" generation="351000"
                    bestEnergy="-38.0" averageEnergy="-37.0003" worstEnergy="-37.0"
                    bestConformation="Conformation 38.0 -38.0 Frlrrfllrllrrfrflrfrrllrfffrllfrfflfrllffllrrfrfllffrfrrllflfrrfllrrfflrrffffrrllflrflrrlfffllrlfll"/>
        <trajectory sample="352" generation="352000"
                    bestEnergy="-38.0" averageEnergy="-37.0003" worstEnergy="-37.0"
                    bestConformation="Conformation 38.0 -38.0 Frlrrfllrllrrfrflrfrrllrfffrllfrfflfrllffllrrfrfllffrfrrllflfrrfllrrfflrrffffrrllflrflrrlfffllrlfll"/>
        <trajectory sample="353" generation="353000"
                    bestEnergy="-38.0" averageEnergy="-36.9998" worstEnergy="-32.0"
                    bestConformation="Conformation 38.0 -38.0 Frlrrfllrllrrfrflrfrrllrfffrllfrfflfrllffllrrfrfllffrfrrllflfrrfllrrfflrrffffrrllflrflrrlfffllrlfll"/>
        <trajectory sample="354" generation="354000"
                    bestEnergy="-38.0" averageEnergy="-37.0003" worstEnergy="-37.0"
                    bestConformation="Conformation 38.0 -38.0 Frlrrfllrllrrfrflrfrrllrfffrllfrfflfrllffllrrfrfllffrfrrllflfrrfllrrfflrrffffrrllflrflrrlfffllrlfll"/>
        <trajectory sample="355" generation="355000"
                    bestEnergy="-38.0" averageEnergy="-36.9997" worstEnergy="-31.0"
                    bestConformation="Conformation 38.0 -38.0 Frlrrfllrllrrfrflrfrrllrfffrllfrfflfrllffllrrfrfllffrfrrllflfrrfllrrfflrrffffrrllflrflrrlfffllrlfll"/>
        <trajectory sample="356" generation="356000"
                    bestEnergy="-38.0" averageEnergy="-37.0002" worstEnergy="-36.0"
                    bestConformation="Conformation 38.0 -38.0 Frlrrfllrllrrfrflrfrrllrfffrllfrfflfrllffllrrfrfllffrfrrllflfrrfllrrfflrrffffrrllflrflrrlfffllrlfll"/>
        <trajectory sample="357" generation="357000"
                    bestEnergy="-38.0" averageEnergy="-37.0003" worstEnergy="-37.0"
                    bestConformation="Conformation 38.0 -38.0 Frlrrfllrllrrfrflrfrrllrfffrllfrfflfrllffllrrfrfllffrfrrllflfrrfllrrfflrrffffrrllflrflrrlfffllrlfll"/>
        <trajectory sample="358" generation="358000"
                    bestEnergy="-38.0" averageEnergy="-37.0003" worstEnergy="-37.0"
                    bestConformation="Conformation 38.0 -38.0 Frlrrfllrllrrfrflrfrrllrfffrllfrfflfrllffllrrfrfllffrfrrllflfrrfllrrfflrrffffrrllflrflrrlfffllrlfll"/>
        <trajectory sample="359" generation="359000"
                    bestEnergy="-38.0" averageEnergy="-37.0003" worstEnergy="-37.0"
                    bestConformation="Conformation 38.0 -38.0 Frlrrfllrllrrfrflrfrrllrfffrllfrfflfrllffllrrfrfllffrfrrllflfrrfllrrfflrrffffrrllflrflrrlfffllrlfll"/>
        <trajectory sample="360" generation="360000"
                    bestEnergy="-38.0" averageEnergy="-37.0003" worstEnergy="-37.0"
                    bestConformation="Conformation 38.0 -38.0 Frlrrfllrllrrfrflrfrrllrfffrllfrfflfrllffllrrfrfllffrfrrllflfrrfllrrfflrrffffrrllflrflrrlfffllrlfll"/>
        <trajectory sample="361" generation="361000"
                    bestEnergy="-38.0" averageEnergy="-37.0" worstEnergy="-34.0"
                    bestConformation="Conformation 38.0 -38.0 Frlrrfllrllrrfrflrfrrllrfffrllfrfflfrllffllrrfrfllffrfrrllflfrrfllrrfflrrffffrrllflrflrrlfffllrlfll"/>
        <trajectory sample="362" generation="362000"
                    bestEnergy="-38.0" averageEnergy="-37.0001" worstEnergy="-35.0"
                    bestConformation="Conformation 38.0 -38.0 Frlrrfllrllrrfrflrfrrllrfffrllfrfflfrllffllrrfrfllffrfrrllflfrrfllrrfflrrffffrrllflrflrrlfffllrlfll"/>
        <trajectory sample="363" generation="363000"
                    bestEnergy="-38.0" averageEnergy="-36.9997" worstEnergy="-31.0"
                    bestConformation="Conformation 38.0 -38.0 Frlrrfllrllrrfrflrfrrllrfffrllfrfflfrllffllrrfrfllffrfrrllflfrrfllrrfflrrffffrrllflrflrrlfffllrlfll"/>
        <trajectory sample="364" generation="364000"
                    bestEnergy="-38.0" averageEnergy="-36.9998" worstEnergy="-31.0"
                    bestConformation="Conformation 38.0 -38.0 Frlrrfllrllrrfrflrfrrllrfffrllfrfflfrllffllrrfrfllffrfrrllflfrrfllrrfflrrffffrrllflrflrrlfffllrlfll"/>
        <trajectory sample="365" generation="365000"
                    bestEnergy="-38.0" averageEnergy="-37.0004" worstEnergy="-37.0"
                    bestConformation="Conformation 38.0 -38.0 Frlrrfllrllrrfrflrfrrllrfffrllfrfflfrllffllrrfrfllffrfrrllflfrrfllrrfflrrffffrrllflrflrrlfffllrlfll"/>
        <trajectory sample="366" generation="366000"
                    bestEnergy="-38.0" averageEnergy="-37.0004" worstEnergy="-37.0"
                    bestConformation="Conformation 38.0 -38.0 Frlrrfllrllrrfrflrfrrllrfffrllfrfflfrllffllrrfrfllffrfrrllflfrrfllrrfflrrffffrrllflrflrrlfffllrlfll"/>
        <trajectory sample="367" generation="367000"
                    bestEnergy="-38.0" averageEnergy="-37.0002" worstEnergy="-35.0"
                    bestConformation="Conformation 38.0 -38.0 Frlrrfllrllrrfrflrfrrllrfffrllfrfflfrllffllrrfrfllffrfrrllflfrrfllrrfflrrffffrrllflrflrrlfffllrlfll"/>
        <trajectory sample="368" generation="368000"
                    bestEnergy="-38.0" averageEnergy="-37.0005" worstEnergy="-37.0"
                    bestConformation="Conformation 38.0 -38.0 Frlrrfllrllrrfrflrfrrllrfffrllfrfflfrllffllrrfrfllffrfrrllflfrrfllrrfflrrffffrrllflrflrrlfffllrlfll"/>
        <trajectory sample="369" generation="369000"
                    bestEnergy="-38.0" averageEnergy="-36.9999" worstEnergy="-31.0"
                    bestConformation="Conformation 38.0 -38.0 Frlrrfllrllrrfrflrfrrllrfffrllfrfflfrllffllrrfrfllffrfrrllflfrrfllrrfflrrffffrrllflrflrrlfffllrlfll"/>
        <trajectory sample="370" generation="370000"
                    bestEnergy="-38.0" averageEnergy="-37.0006" worstEnergy="-37.0"
                    bestConformation="Conformation 38.0 -38.0 Frlrrfllrllrrfrflrfrrllrfffrllfrfflfrllffllrrfrfllffrfrrllflfrrfllrrfflrrffffrrllflrflrrlfffllrlfll"/>
        <trajectory sample="371" generation="371000"
                    bestEnergy="-38.0" averageEnergy="-37.0006" worstEnergy="-37.0"
                    bestConformation="Conformation 38.0 -38.0 Frlrrfllrllrrfrflrfrrllrfffrllfrfflfrllffllrrfrfllffrfrrllflfrrfllrrfflrrffffrrllflrflrrlfffllrlfll"/>
        <trajectory sample="372" generation="372000"
                    bestEnergy="-38.0" averageEnergy="-37.0004" worstEnergy="-35.0"
                    bestConformation="Conformation 38.0 -38.0 Frlrrfllrllrrfrflrfrrllrfffrllfrfflfrllffllrrfrfllffrfrrllflfrrfllrrfflrrffffrrllflrflrrlfffllrlfll"/>
        <trajectory sample="373" generation="373000"
                    bestEnergy="-38.0" averageEnergy="-37.0" worstEnergy="-31.0"
                    bestConformation="Conformation 38.0 -38.0 Frlrrfllrllrrfrflrfrrllrfffrllfrfflfrllffllrrfrfllffrfrrllflfrrfllrrfflrrffffrrllflrflrrlfffllrlfll"/>
        <trajectory sample="374" generation="374000"
                    bestEnergy="-38.0" averageEnergy="-36.9999" worstEnergy="-30.0"
                    bestConformation="Conformation 38.0 -38.0 Frlrrfllrllrrfrflrfrrllrfffrllfrfflfrllffllrrfrfllffrfrrllflfrrfllrrfflrrffffrrllflrflrrlfffllrlfll"/>
        <trajectory sample="375" generation="375000"
                    bestEnergy="-38.0" averageEnergy="-37.0003" worstEnergy="-34.0"
                    bestConformation="Conformation 38.0 -38.0 Frlrrfllrllrrfrflrfrrllrfffrllfrfflfrllffllrrfrfllffrfrrllflfrrfllrrfflrrffffrrllflrflrrlfffllrlfll"/>
        <trajectory sample="376" generation="376000"
                    bestEnergy="-38.0" averageEnergy="-37.0006" worstEnergy="-37.0"
                    bestConformation="Conformation 38.0 -38.0 Frlrrfllrllrrfrflrfrrllrfffrllfrfflfrllffllrrfrfllffrfrrllflfrrfllrrfflrrffffrrllflrflrrlfffllrlfll"/>
        <trajectory sample="377" generation="377000"
                    bestEnergy="-38.0" averageEnergy="-37.0006" worstEnergy="-36.0"
                    bestConformation="Conformation 38.0 -38.0 Frlrrfllrllrrfrflrfrrllrfffrllfrfflfrllffllrrfrfllffrfrrllflfrrfllrrfflrrffffrrllflrflrrlfffllrlfll"/>
        <trajectory sample="378" generation="378000"
                    bestEnergy="-38.0" averageEnergy="-37.0005" worstEnergy="-35.0"
                    bestConformation="Conformation 38.0 -38.0 Frlrrfllrllrrfrflrfrrllrfffrllfrfflfrllffllrrfrfllffrfrrllflfrrfllrrfflrrffffrrllflrflrrlfffllrlfll"/>
        <trajectory sample="379" generation="379000"
                    bestEnergy="-38.0" averageEnergy="-36.9999" worstEnergy="-28.0"
                    bestConformation="Conformation 38.0 -38.0 Frlrrfllrllrrfrflrfrrllrfffrllfrfflfrllffllrrfrfllffrfrrllflfrrfllrrfflrrffffrrllflrflrrlfffllrlfll"/>
        <trajectory sample="380" generation="380000"
                    bestEnergy="-38.0" averageEnergy="-37.0008" worstEnergy="-37.0"
                    bestConformation="Conformation 38.0 -38.0 Frlrrfllrllrrfrflrfrrllrfffrllfrfflfrllffllrrfrfllffrfrrllflfrrfllrrfflrrffffrrllflrflrrlfffllrlfll"/>
        <trajectory sample="381" generation="381000"
                    bestEnergy="-38.0" averageEnergy="-37.0003" worstEnergy="-32.0"
                    bestConformation="Conformation 38.0 -38.0 Frlrrfllrllrrfrflrfrrllrfffrllfrfflfrllffllrrfrfllffrfrrllflfrrfllrrfflrrffffrrllflrflrrlfffllrlfll"/>
        <trajectory sample="382" generation="382000"
                    bestEnergy="-38.0" averageEnergy="-37.0005" worstEnergy="-34.0"
                    bestConformation="Conformation 38.0 -38.0 Frlrrfllrllrrfrflrfrrllrfffrllfrfflfrllffllrrfrfllffrfrrllflfrrfllrrfflrrffffrrllflrflrrlfffllrlfll"/>
        <trajectory sample="383" generation="383000"
                    bestEnergy="-38.0" averageEnergy="-37.0004" worstEnergy="-33.0"
                    bestConformation="Conformation 38.0 -38.0 Frlrrfllrllrrfrflrfrrllrfffrllfrfflfrllffllrrfrfllffrfrrllflfrrfllrrfflrrffffrrllflrflrrlfffllrlfll"/>
        <trajectory sample="384" generation="384000"
                    bestEnergy="-38.0" averageEnergy="-37.0004" worstEnergy="-33.0"
                    bestConformation="Conformation 38.0 -38.0 Frlrrfllrllrrfrflrfrrllrfffrllfrfflfrllffllrrfrfllffrfrrllflfrrfllrrfflrrffffrrllflrflrrlfffllrlfll"/>
        <trajectory sample="385" generation="385000"
                    bestEnergy="-38.0" averageEnergy="-37.001" worstEnergy="-37.0"
                    bestConformation="Conformation 38.0 -38.0 Frlrrfllrllrrfrflrfrrllrfffrllfrfflfrllffllrrfrfllffrfrrllflfrrfllrrfflrrffffrrllflrflrrlfffllrlfll"/>
        <trajectory sample="386" generation="386000"
                    bestEnergy="-38.0" averageEnergy="-37.001" worstEnergy="-37.0"
                    bestConformation="Conformation 38.0 -38.0 Frlrrfllrllrrfrflrfrrllrfffrllfrfflfrllffllrrfrfllffrfrrllflfrrfllrrfflrrffffrrllflrflrrlfffllrlfll"/>
        <trajectory sample="387" generation="387000"
                    bestEnergy="-38.0" averageEnergy="-37.001" worstEnergy="-37.0"
                    bestConformation="Conformation 38.0 -38.0 Frlrrfllrllrrfrflrfrrllrfffrllfrfflfrllffllrrfrfllffrfrrllflfrrfllrrfflrrffffrrllflrflrrlfffllrlfll"/>
        <trajectory sample="388" generation="388000"
                    bestEnergy="-38.0" averageEnergy="-37.001" worstEnergy="-37.0"
                    bestConformation="Conformation 38.0 -38.0 Frlrrfllrllrrfrflrfrrllrfffrllfrfflfrllffllrrfrfllffrfrrllflfrrfllrrfflrrffffrrllflrflrrlfffllrlfll"/>
        <trajectory sample="389" generation="389000"
                    bestEnergy="-38.0" averageEnergy="-37.001" worstEnergy="-37.0"
                    bestConformation="Conformation 38.0 -38.0 Frlrrfllrllrrfrflrfrrllrfffrllfrfflfrllffllrrfrfllffrfrrllflfrrfllrrfflrrffffrrllflrflrrlfffllrlfll"/>
        <trajectory sample="390" generation="390000"
                    bestEnergy="-38.0" averageEnergy="-37.0005" worstEnergy="-32.0"
                    bestConformation="Conformation 38.0 -38.0 Frlrrfllrllrrfrflrfrrllrfffrllfrfflfrllffllrrfrfllffrfrrllflfrrfllrrfflrrffffrrllflrflrrlfffllrlfll"/>
        <trajectory sample="391" generation="391000"
                    bestEnergy="-38.0" averageEnergy="-37.0008" worstEnergy="-34.0"
                    bestConformation="Conformation 38.0 -38.0 Frlrrfllrllrrfrflrfrrllrfffrllfrfflfrllffllrrfrfllffrfrrllflfrrfllrrfflrrffffrrllflrflrrlfffllrlfll"/>
        <trajectory sample="392" generation="392000"
                    bestEnergy="-38.0" averageEnergy="-37.0011" worstEnergy="-34.0"
                    bestConformation="Conformation 38.0 -38.0 Frlrrfllrllrrfrflrfrrllrfffrllfrfflfrllffllrrfrfllffrfrrllflfrrfllrrfflrrffffrrllflrflrrlfffllrlfll"/>
        <trajectory sample="393" generation="393000"
                    bestEnergy="-38.0" averageEnergy="-37.0014" worstEnergy="-37.0"
                    bestConformation="Conformation 38.0 -38.0 Frlrrfllrllrrfrflrfrrllrfffrllfrfflfrllffllrrfrfllffrfrrllflfrrfllrrfflrrffffrrllflrflrrlfffllrlfll"/>
        <trajectory sample="394" generation="394000"
                    bestEnergy="-38.0" averageEnergy="-37.0012" worstEnergy="-35.0"
                    bestConformation="Conformation 38.0 -38.0 Frlrrfllrllrrfrflrfrrllrfffrllfrfflfrllffllrrfrfllffrfrrllflfrrfllrrfflrrffffrrllflrflrrlfffllrlfll"/>
        <trajectory sample="395" generation="395000"
                    bestEnergy="-38.0" averageEnergy="-37.0013" worstEnergy="-34.0"
                    bestConformation="Conformation 38.0 -38.0 Frlrrfllrllrrfrflrfrrllrfffrllfrfflfrllffllrrfrfllffrfrrllflfrrfllrrfflrrffffrrllflrflrrlfffllrlfll"/>
        <trajectory sample="396" generation="396000"
                    bestEnergy="-38.0" averageEnergy="-37.0017" worstEnergy="-35.0"
                    bestConformation="Conformation 38.0 -38.0 Frlrrfllrllrrfrflrfrrllrfffrllfrfflfrllffllrrfrfllffrfrrllflfrrfllrrfflrrffffrrllflrflrrlfffllrlfll"/>
        <trajectory sample="397" generation="397000"
                    bestEnergy="-38.0" averageEnergy="-37.0011" worstEnergy="-29.0"
                    bestConformation="Conformation 38.0 -38.0 Frlrrfllrllrrfrflrfrrllrfffrllfrfflfrllffllrrfrfllffrfrrllflfrrfllrrfflrrffffrrllflrflrrlfffllrlfll"/>
        <trajectory sample="398" generation="398000"
                    bestEnergy="-39.0" averageEnergy="-37.0023" worstEnergy="-37.0"
                    bestConformation="Conformation 39.0 -39.0 Frflffrfllffrffrfrrllflrffrllrlrfflfrllffllrrfrfllffrfrrllflfrrlffrfrllrrfrffllrfflrflrrlfffllrlfll"/>
        <trajectory sample="399" generation="399000"
                    bestEnergy="-39.0" averageEnergy="-37.0021" worstEnergy="-35.0"
                    bestConformation="Conformation 39.0 -39.0 Frflffrfllffrffrfrrllflrffrllrlrfflfrllffllrrfrfllffrfrrllflfrrlffrfrllrrfrffllrfflrflrrlfffllrlfll"/>
        <trajectory sample="400" generation="400000"
                    bestEnergy="-39.0" averageEnergy="-37.0024" worstEnergy="-37.0"
                    bestConformation="Conformation 39.0 -39.0 Frflffrfllffrffrfrrllflrffrllrlrfflfrllffllrrfrfllffrfrrllflfrrlffrfrllrrfrffllrfflrflrrlfffllrlfll"/>
    </run>
    <run number="7" numberOfGenerations="400001" populationSize="10000">
        <trajectory sample="0" generation="0"
                    bestEnergy="-26.0" averageEnergy="-10.7115" worstEnergy="0.0"
                    bestConformation="Conformation 38.0 -38.0 Flfrffrlrrfflflrllfrrllrrflfrrlffffrfrrlffflrllrlrrllflfflrrfrffflfrlrrfrlflfrrfllrllrlfrfflfllrrll"/>
        <trajectory sample="1" generation="1000"
                    bestEnergy="-26.0" averageEnergy="-11.4119" worstEnergy="-6.0"
                    bestConformation="Conformation 38.0 -38.0 Flfrffrlrrfflflrllfrrllrrflfrrlffffrfrrlffflrllrlrrllflfflrrfrffflfrlrrfrlflfrrfllrllrlfrfflfllrrll"/>
        <trajectory sample="2" generation="2000"
                    bestEnergy="-26.0" averageEnergy="-11.9411" worstEnergy="-7.0"
                    bestConformation="Conformation 38.0 -38.0 Flfrffrlrrfflflrllfrrllrrflfrrlffffrfrrlffflrllrlrrllflfflrrfrffflfrlrrfrlflfrrfllrllrlfrfflfllrrll"/>
        <trajectory sample="3" generation="3000"
                    bestEnergy="-26.0" averageEnergy="-12.4276" worstEnergy="-8.0"
                    bestConformation="Conformation 38.0 -38.0 Flfrffrlrrfflflrllfrrllrrflfrrlffffrfrrlffflrllrlrrllflfflrrfrffflfrlrrfrlflfrrfllrllrlfrfflfllrrll"/>
        <trajectory sample="4" generation="4000"
                    bestEnergy="-26.0" averageEnergy="-12.8467" worstEnergy="-9.0"
                    bestConformation="Conformation 38.0 -38.0 Flfrffrlrrfflflrllfrrllrrflfrrlffffrfrrlffflrllrlrrllflfflrrfrffflfrlrrfrlflfrrfllrllrlfrfflfllrrll"/>
        <trajectory sample="5" generation="5000"
                    bestEnergy="-26.0" averageEnergy="-13.2442" worstEnergy="-10.0"
                    bestConformation="Conformation 38.0 -38.0 Flfrffrlrrfflflrllfrrllrrflfrrlffffrfrrlffflrllrlrrllflfflrrfrffflfrlrrfrlflfrrfllrllrlfrfflfllrrll"/>
        <trajectory sample="6" generation="6000"
                    bestEnergy="-26.0" averageEnergy="-13.614" worstEnergy="-10.0"
                    bestConformation="Conformation 38.0 -38.0 Flfrffrlrrfflflrllfrrllrrflfrrlffffrfrrlffflrllrlrrllflfflrrfrffflfrlrrfrlflfrrfllrllrlfrfflfllrrll"/>
        <trajectory sample="7" generation="7000"
                    bestEnergy="-26.0" averageEnergy="-13.9555" worstEnergy="-11.0"
                    bestConformation="Conformation 38.0 -38.0 Flfrffrlrrfflflrllfrrllrrflfrrlffffrfrrlffflrllrlrrllflfflrrfrffflfrlrrfrlflfrrfllrllrlfrfflfllrrll"/>
        <trajectory sample="8" generation="8000"
                    bestEnergy="-26.0" averageEnergy="-14.2729" worstEnergy="-11.0"
                    bestConformation="Conformation 38.0 -38.0 Flfrffrlrrfflflrllfrrllrrflfrrlffffrfrrlffflrllrlrrllflfflrrfrffflfrlrrfrlflfrrfllrllrlfrfflfllrrll"/>
        <trajectory sample="9" generation="9000"
                    bestEnergy="-26.0" averageEnergy="-14.6291" worstEnergy="-12.0"
                    bestConformation="Conformation 38.0 -38.0 Flfrffrlrrfflflrllfrrllrrflfrrlffffrfrrlffflrllrlrrllflfflrrfrffflfrlrrfrlflfrrfllrllrlfrfflfllrrll"/>
        <trajectory sample="10" generation="10000"
                    bestEnergy="-26.0" averageEnergy="-14.9298" worstEnergy="-12.0"
                    bestConformation="Conformation 38.0 -38.0 Flfrffrlrrfflflrllfrrllrrflfrrlffffrfrrlffflrllrlrrllflfflrrfrffflfrlrrfrlflfrrfllrllrlfrfflfllrrll"/>
        <trajectory sample="11" generation="11000"
                    bestEnergy="-26.0" averageEnergy="-15.2533" worstEnergy="-12.0"
                    bestConformation="Conformation 38.0 -38.0 Flfrffrlrrfflflrllfrrllrrflfrrlffffrfrrlffflrllrlrrllflfflrrfrffflfrlrrfrlflfrrfllrllrlfrfflfllrrll"/>
        <trajectory sample="12" generation="12000"
                    bestEnergy="-26.0" averageEnergy="-15.5358" worstEnergy="-13.0"
                    bestConformation="Conformation 38.0 -38.0 Flfrffrlrrfflflrllfrrllrrflfrrlffffrfrrlffflrllrlrrllflfflrrfrffflfrlrrfrlflfrrfllrllrlfrfflfllrrll"/>
        <trajectory sample="13" generation="13000"
                    bestEnergy="-27.0" averageEnergy="-15.8128" worstEnergy="-13.0"
                    bestConformation="Conformation 38.0 -38.0 Frlrrffrllrlrllrllfrrllrrflfrfrlfffrfrrlffflrllrlrrllflfflrrfrffflffrfrfrllrlrrfllrllrlfrfflfllrrll"/>
        <trajectory sample="14" generation="14000"
                    bestEnergy="-27.0" averageEnergy="-16.1161" worstEnergy="-13.0"
                    bestConformation="Conformation 38.0 -38.0 Frlrrffrllrlrllrllfrrllrrflfrfrlfffrfrrlffflrllrlrrllflfflrrfrffflffrfrfrllrlrrfllrllrlfrfflfllrrll"/>
        <trajectory sample="15" generation="15000"
                    bestEnergy="-27.0" averageEnergy="-16.3894" worstEnergy="-14.0"
                    bestConformation="Conformation 38.0 -38.0 Frlrrffrllrlrllrllfrrllrrflfrfrlfffrfrrlffflrllrlrrllflfflrrfrffflffrfrfrllrlrrfllrllrlfrfflfllrrll"/>
        <trajectory sample="16" generation="16000"
                    bestEnergy="-27.0" averageEnergy="-16.6471" worstEnergy="-14.0"
                    bestConformation="Conformation 38.0 -38.0 Frlrrffrllrlrllrllfrrllrrflfrfrlfffrfrrlffflrllrlrrllflfflrrfrffflffrfrfrllrlrrfllrllrlfrfflfllrrll"/>
        <trajectory sample="17" generation="17000"
                    bestEnergy="-27.0" averageEnergy="-16.9126" worstEnergy="-14.0"
                    bestConformation="Conformation 38.0 -38.0 Frlrrffrllrlrllrllfrrllrrflfrfrlfffrfrrlffflrllrlrrllflfflrrfrffflffrfrfrllrlrrfllrllrlfrfflfllrrll"/>
        <trajectory sample="18" generation="18000"
                    bestEnergy="-27.0" averageEnergy="-17.1684" worstEnergy="-15.0"
                    bestConformation="Conformation 38.0 -38.0 Frlrrffrllrlrllrllfrrllrrflfrfrlfffrfrrlffflrllrlrrllflfflrrfrffflffrfrfrllrlrrfllrllrlfrfflfllrrll"/>
        <trajectory sample="19" generation="19000"
                    bestEnergy="-27.0" averageEnergy="-17.3818" worstEnergy="-15.0"
                    bestConformation="Conformation 38.0 -38.0 Frlrrffrllrlrllrllfrrllrrflfrfrlfffrfrrlffflrllrlrrllflfflrrfrffflffrfrfrllrlrrfllrllrlfrfflfllrrll"/>
        <trajectory sample="20" generation="20000"
                    bestEnergy="-28.0" averageEnergy="-17.6243" worstEnergy="-15.0"
                    bestConformation="Conformation 38.0 -38.0 Flfrfrllrflffrrflfrrfllfflfrfrrllrrlrrllfrffrrfllfrllfffrllflrfffffrlrrfrlflfrrfllrllrlfrfflfllrrll"/>
        <trajectory sample="21" generation="21000"
                    bestEnergy="-28.0" averageEnergy="-17.8894" worstEnergy="-10.0"
                    bestConformation="Conformation 38.0 -38.0 Flfrfrllrflffrrflfrrfllfflfrfrrllrrlrrllfrffrrfllfrllfffrllflrfffffrlrrfrlflfrrfllrllrlfrfflfllrrll"/>
        <trajectory sample="22" generation="22000"
                    bestEnergy="-28.0" averageEnergy="-18.1332" worstEnergy="-14.0"
                    bestConformation="Conformation 38.0 -38.0 Flfrfrllrflffrrflfrrfllfflfrfrrllrrlrrllfrffrrfllfrllfffrllflrfffffrlrrfrlflfrrfllrllrlfrfflfllrrll"/>
        <trajectory sample="23" generation="23000"
                    bestEnergy="-28.0" averageEnergy="-18.3575" worstEnergy="-16.0"
                    bestConformation="Conformation 38.0 -38.0 Flfrfrllrflffrrflfrrfllfflfrfrrllrrlrrllfrffrrfllfrllfffrllflrfffffrlrrfrlflfrrfllrllrlfrfflfllrrll"/>
        <trajectory sample="24" generation="24000"
                    bestEnergy="-31.0" averageEnergy="-18.596" worstEnergy="-16.0"
                    bestConformation="Conformation 38.0 -38.0 Flflrllfrrllrlffllfrrllrrflfrrlffffrfrrlffflrllrlrrllflfflrrfrffllrfrrlrlrfffllfrflrrfrflfflrllffll"/>
        <trajectory sample="25" generation="25000"
                    bestEnergy="-31.0" averageEnergy="-18.8381" worstEnergy="-16.0"
                    bestConformation="Conformation 38.0 -38.0 Flflrllfrrllrlffllfrrllrrflfrrlffffrfrrlffflrllrlrrllflfflrrfrffllrfrrlrlrfffllfrflrrfrflfflrllffll"/>
        <trajectory sample="26" generation="26000"
                    bestEnergy="-31.0" averageEnergy="-19.0657" worstEnergy="-17.0"
                    bestConformation="Conformation 38.0 -38.0 Flflrllfrrllrlffllfrrllrrflfrrlffffrfrrlffflrllrlrrllflfflrrfrffllrfrrlrlrfffllfrflrrfrflfflrllffll"/>
        <trajectory sample="27" generation="27000"
                    bestEnergy="-31.0" averageEnergy="-19.2903" worstEnergy="-17.0"
                    bestConformation="Conformation 38.0 -38.0 Flflrllfrrllrlffllfrrllrrflfrrlffffrfrrlffflrllrlrrllflfflrrfrffllrfrrlrlrfffllfrflrrfrflfflrllffll"/>
        <trajectory sample="28" generation="28000"
                    bestEnergy="-31.0" averageEnergy="-19.5139" worstEnergy="-17.0"
                    bestConformation="Conformation 38.0 -38.0 Flflrllfrrllrlffllfrrllrrflfrrlffffrfrrlffflrllrlrrllflfflrrfrffllrfrrlrlrfffllfrflrrfrflfflrllffll"/>
        <trajectory sample="29" generation="29000"
                    bestEnergy="-31.0" averageEnergy="-19.7411" worstEnergy="-17.0"
                    bestConformation="Conformation 38.0 -38.0 Flflrllfrrllrlffllfrrllrrflfrrlffffrfrrlffflrllrlrrllflfflrrfrffllrfrrlrlrfffllfrflrrfrflfflrllffll"/>
        <trajectory sample="30" generation="30000"
                    bestEnergy="-31.0" averageEnergy="-19.9555" worstEnergy="-18.0"
                    bestConformation="Conformation 38.0 -38.0 Flflrllfrrllrlffllfrrllrrflfrrlffffrfrrlffflrllrlrrllflfflrrfrffllrfrrlrlrfffllfrflrrfrflfflrllffll"/>
        <trajectory sample="31" generation="31000"
                    bestEnergy="-31.0" averageEnergy="-20.1444" worstEnergy="-18.0"
                    bestConformation="Conformation 38.0 -38.0 Flflrllfrrllrlffllfrrllrrflfrrlffffrfrrlffflrllrlrrllflfflrrfrffllrfrrlrlrfffllfrflrrfrflfflrllffll"/>
        <trajectory sample="32" generation="32000"
                    bestEnergy="-31.0" averageEnergy="-20.3517" worstEnergy="-17.0"
                    bestConformation="Conformation 38.0 -38.0 Flflrllfrrllrlffllfrrllrrflfrrlffffrfrrlffflrllrlrrllflfflrrfrffllrfrrlrlrfffllfrflrrfrflfflrllffll"/>
        <trajectory sample="33" generation="33000"
                    bestEnergy="-31.0" averageEnergy="-20.5674" worstEnergy="-18.0"
                    bestConformation="Conformation 38.0 -38.0 Flflrllfrrllrlffllfrrllrrflfrrlffffrfrrlffflrllrlrrllflfflrrfrffllrfrrlrlrfffllfrflrrfrflfflrllffll"/>
        <trajectory sample="34" generation="34000"
                    bestEnergy="-31.0" averageEnergy="-20.7414" worstEnergy="-19.0"
                    bestConformation="Conformation 38.0 -38.0 Flflrllfrrllrlffllfrrllrrflfrrlffffrfrrlffflrllrlrrllflfflrrfrffllrfrrlrlrfffllfrflrrfrflfflrllffll"/>
        <trajectory sample="35" generation="35000"
                    bestEnergy="-31.0" averageEnergy="-20.9074" worstEnergy="-19.0"
                    bestConformation="Conformation 38.0 -38.0 Flflrllfrrllrlffllfrrllrrflfrrlffffrfrrlffflrllrlrrllflfflrrfrffllrfrrlrlrfffllfrflrrfrflfflrllffll"/>
        <trajectory sample="36" generation="36000"
                    bestEnergy="-31.0" averageEnergy="-21.0822" worstEnergy="-19.0"
                    bestConformation="Conformation 38.0 -38.0 Flflrllfrrllrlffllfrrllrrflfrrlffffrfrrlffflrllrlrrllflfflrrfrffllrfrrlrlrfffllfrflrrfrflfflrllffll"/>
        <trajectory sample="37" generation="37000"
                    bestEnergy="-31.0" averageEnergy="-21.2633" worstEnergy="-19.0"
                    bestConformation="Conformation 38.0 -38.0 Flflrllfrrllrlffllfrrllrrflfrrlffffrfrrlffflrllrlrrllflfflrrfrffllrfrrlrlrfffllfrflrrfrflfflrllffll"/>
        <trajectory sample="38" generation="38000"
                    bestEnergy="-31.0" averageEnergy="-21.4427" worstEnergy="-18.0"
                    bestConformation="Conformation 38.0 -38.0 Flflrllfrrllrlffllfrrllrrflfrrlffffrfrrlffflrllrlrrllflfflrrfrffllrfrrlrlrfffllfrflrrfrflfflrllffll"/>
        <trajectory sample="39" generation="39000"
                    bestEnergy="-31.0" averageEnergy="-21.5821" worstEnergy="-20.0"
                    bestConformation="Conformation 38.0 -38.0 Flflrllfrrllrlffllfrrllrrflfrrlffffrfrrlffflrllrlrrllflfflrrfrffllrfrrlrlrfffllfrflrrfrflfflrllffll"/>
        <trajectory sample="40" generation="40000"
                    bestEnergy="-31.0" averageEnergy="-21.7309" worstEnergy="-20.0"
                    bestConformation="Conformation 38.0 -38.0 Flflrllfrrllrlffllfrrllrrflfrrlffffrfrrlffflrllrlrrllflfflrrfrffllrfrrlrlrfffllfrflrrfrflfflrllffll"/>
        <trajectory sample="41" generation="41000"
                    bestEnergy="-31.0" averageEnergy="-21.8858" worstEnergy="-20.0"
                    bestConformation="Conformation 38.0 -38.0 Flflrllfrrllrlffllfrrllrrflfrrlffffrfrrlffflrllrlrrllflfflrrfrffllrfrrlrlrfffllfrflrrfrflfflrllffll"/>
        <trajectory sample="42" generation="42000"
                    bestEnergy="-31.0" averageEnergy="-22.0551" worstEnergy="-20.0"
                    bestConformation="Conformation 38.0 -38.0 Flflrllfrrllrlffllfrrllrrflfrrlffffrfrrlffflrllrlrrllflfflrrfrffllrfrrlrlrfffllfrflrrfrflfflrllffll"/>
        <trajectory sample="43" generation="43000"
                    bestEnergy="-31.0" averageEnergy="-22.2242" worstEnergy="-12.0"
                    bestConformation="Conformation 38.0 -38.0 Flflrllfrrllrlffllfrrllrrflfrrlffffrfrrlffflrllrlrrllflfflrrfrffllrfrrlrlrfffllfrflrrfrflfflrllffll"/>
        <trajectory sample="44" generation="44000"
                    bestEnergy="-31.0" averageEnergy="-22.3466" worstEnergy="-18.0"
                    bestConformation="Conformation 38.0 -38.0 Flflrllfrrllrlffllfrrllrrflfrrlffffrfrrlffflrllrlrrllflfflrrfrffllrfrrlrlrfffllfrflrrfrflfflrllffll"/>
        <trajectory sample="45" generation="45000"
                    bestEnergy="-31.0" averageEnergy="-22.4698" worstEnergy="-21.0"
                    bestConformation="Conformation 38.0 -38.0 Flflrllfrrllrlffllfrrllrrflfrrlffffrfrrlffflrllrlrrllflfflrrfrffllrfrrlrlrfffllfrflrrfrflfflrllffll"/>
        <trajectory sample="46" generation="46000"
                    bestEnergy="-31.0" averageEnergy="-22.6034" worstEnergy="-21.0"
                    bestConformation="Conformation 38.0 -38.0 Flflrllfrrllrlffllfrrllrrflfrrlffffrfrrlffflrllrlrrllflfflrrfrffllrfrrlrlrfffllfrflrrfrflfflrllffll"/>
        <trajectory sample="47" generation="47000"
                    bestEnergy="-31.0" averageEnergy="-22.7492" worstEnergy="-21.0"
                    bestConformation="Conformation 38.0 -38.0 Flflrllfrrllrlffllfrrllrrflfrrlffffrfrrlffflrllrlrrllflfflrrfrffllrfrrlrlrfffllfrflrrfrflfflrllffll"/>
        <trajectory sample="48" generation="48000"
                    bestEnergy="-31.0" averageEnergy="-22.9012" worstEnergy="-21.0"
                    bestConformation="Conformation 38.0 -38.0 Flflrllfrrllrlffllfrrllrrflfrrlffffrfrrlffflrllrlrrllflfflrrfrffllrfrrlrlrfffllfrflrrfrflfflrllffll"/>
        <trajectory sample="49" generation="49000"
                    bestEnergy="-31.0" averageEnergy="-23.0605" worstEnergy="-20.0"
                    bestConformation="Conformation 38.0 -38.0 Flflrllfrrllrlffllfrrllrrflfrrlffffrfrrlffflrllrlrrllflfflrrfrffllrfrrlrlrfffllfrflrrfrflfflrllffll"/>
        <trajectory sample="50" generation="50000"
                    bestEnergy="-31.0" averageEnergy="-23.1787" worstEnergy="-22.0"
                    bestConformation="Conformation 38.0 -38.0 Flflrllfrrllrlffllfrrllrrflfrrlffffrfrrlffflrllrlrrllflfflrrfrffllrfrrlrlrfffllfrflrrfrflfflrllffll"/>
        <trajectory sample="51" generation="51000"
                    bestEnergy="-31.0" averageEnergy="-23.2877" worstEnergy="-22.0"
                    bestConformation="Conformation 38.0 -38.0 Flflrllfrrllrlffllfrrllrrflfrrlffffrfrrlffflrllrlrrllflfflrrfrffllrfrrlrlrfffllfrflrrfrflfflrllffll"/>
        <trajectory sample="52" generation="52000"
                    bestEnergy="-31.0" averageEnergy="-23.4069" worstEnergy="-18.0"
                    bestConformation="Conformation 38.0 -38.0 Flflrllfrrllrlffllfrrllrrflfrrlffffrfrrlffflrllrlrrllflfflrrfrffllrfrrlrlrfffllfrflrrfrflfflrllffll"/>
        <trajectory sample="53" generation="53000"
                    bestEnergy="-31.0" averageEnergy="-23.5338" worstEnergy="-21.0"
                    bestConformation="Conformation 38.0 -38.0 Flflrllfrrllrlffllfrrllrrflfrrlffffrfrrlffflrllrlrrllflfflrrfrffllrfrrlrlrfffllfrflrrfrflfflrllffll"/>
        <trajectory sample="54" generation="54000"
                    bestEnergy="-31.0" averageEnergy="-23.6618" worstEnergy="-22.0"
                    bestConformation="Conformation 38.0 -38.0 Flflrllfrrllrlffllfrrllrrflfrrlffffrfrrlffflrllrlrrllflfflrrfrffllrfrrlrlrfffllfrflrrfrflfflrllffll"/>
        <trajectory sample="55" generation="55000"
                    bestEnergy="-31.0" averageEnergy="-23.8109" worstEnergy="-22.0"
                    bestConformation="Conformation 38.0 -38.0 Flflrllfrrllrlffllfrrllrrflfrrlffffrfrrlffflrllrlrrllflfflrrfrffllrfrrlrlrfffllfrflrrfrflfflrllffll"/>
        <trajectory sample="56" generation="56000"
                    bestEnergy="-31.0" averageEnergy="-23.9551" worstEnergy="-16.0"
                    bestConformation="Conformation 38.0 -38.0 Flflrllfrrllrlffllfrrllrrflfrrlffffrfrrlffflrllrlrrllflfflrrfrffllrfrrlrlrfffllfrflrrfrflfflrllffll"/>
        <trajectory sample="57" generation="57000"
                    bestEnergy="-31.0" averageEnergy="-24.1134" worstEnergy="-22.0"
                    bestConformation="Conformation 38.0 -38.0 Flflrllfrrllrlffllfrrllrrflfrrlffffrfrrlffflrllrlrrllflfflrrfrffllrfrrlrlrfffllfrflrrfrflfflrllffll"/>
        <trajectory sample="58" generation="58000"
                    bestEnergy="-31.0" averageEnergy="-24.229" worstEnergy="-23.0"
                    bestConformation="Conformation 38.0 -38.0 Flflrllfrrllrlffllfrrllrrflfrrlffffrfrrlffflrllrlrrllflfflrrfrffllrfrrlrlrfffllfrflrrfrflfflrllffll"/>
        <trajectory sample="59" generation="59000"
                    bestEnergy="-31.0" averageEnergy="-24.3332" worstEnergy="-21.0"
                    bestConformation="Conformation 38.0 -38.0 Flflrllfrrllrlffllfrrllrrflfrrlffffrfrrlffflrllrlrrllflfflrrfrffllrfrrlrlrfffllfrflrrfrflfflrllffll"/>
        <trajectory sample="60" generation="60000"
                    bestEnergy="-31.0" averageEnergy="-24.4385" worstEnergy="-23.0"
                    bestConformation="Conformation 38.0 -38.0 Flflrllfrrllrlffllfrrllrrflfrrlffffrfrrlffflrllrlrrllflfflrrfrffllrfrrlrlrfffllfrflrrfrflfflrllffll"/>
        <trajectory sample="61" generation="61000"
                    bestEnergy="-31.0" averageEnergy="-24.5488" worstEnergy="-23.0"
                    bestConformation="Conformation 38.0 -38.0 Flflrllfrrllrlffllfrrllrrflfrrlffffrfrrlffflrllrlrrllflfflrrfrffllrfrrlrlrfffllfrflrrfrflfflrllffll"/>
        <trajectory sample="62" generation="62000"
                    bestEnergy="-31.0" averageEnergy="-24.6676" worstEnergy="-20.0"
                    bestConformation="Conformation 38.0 -38.0 Flflrllfrrllrlffllfrrllrrflfrrlffffrfrrlffflrllrlrrllflfflrrfrffllrfrrlrlrfffllfrflrrfrflfflrllffll"/>
        <trajectory sample="63" generation="63000"
                    bestEnergy="-31.0" averageEnergy="-24.7919" worstEnergy="-21.0"
                    bestConformation="Conformation 38.0 -38.0 Flflrllfrrllrlffllfrrllrrflfrrlffffrfrrlffflrllrlrrllflfflrrfrffllrfrrlrlrfffllfrflrrfrflfflrllffll"/>
        <trajectory sample="64" generation="64000"
                    bestEnergy="-31.0" averageEnergy="-24.9338" worstEnergy="-23.0"
                    bestConformation="Conformation 38.0 -38.0 Flflrllfrrllrlffllfrrllrrflfrrlffffrfrrlffflrllrlrrllflfflrrfrffllrfrrlrlrfffllfrflrrfrflfflrllffll"/>
        <trajectory sample="65" generation="65000"
                    bestEnergy="-31.0" averageEnergy="-25.0628" worstEnergy="-24.0"
                    bestConformation="Conformation 38.0 -38.0 Flflrllfrrllrlffllfrrllrrflfrrlffffrfrrlffflrllrlrrllflfflrrfrffllrfrrlrlrfffllfrflrrfrflfflrllffll"/>
        <trajectory sample="66" generation="66000"
                    bestEnergy="-31.0" averageEnergy="-25.1583" worstEnergy="-24.0"
                    bestConformation="Conformation 38.0 -38.0 Flflrllfrrllrlffllfrrllrrflfrrlffffrfrrlffflrllrlrrllflfflrrfrffllrfrrlrlrfffllfrflrrfrflfflrllffll"/>
        <trajectory sample="67" generation="67000"
                    bestEnergy="-31.0" averageEnergy="-25.2543" worstEnergy="-24.0"
                    bestConformation="Conformation 38.0 -38.0 Flflrllfrrllrlffllfrrllrrflfrrlffffrfrrlffflrllrlrrllflfflrrfrffllrfrrlrlrfffllfrflrrfrflfflrllffll"/>
        <trajectory sample="68" generation="68000"
                    bestEnergy="-32.0" averageEnergy="-25.3559" worstEnergy="-24.0"
                    bestConformation="Conformation 38.0 -38.0 Fllrfllfrrllrlffllfrrllrrflfrrlffffrfrrlffflrllrlrrllflfflrrfrffflffrfrfrlflfrrfllrllrlrrfllfflfrlf"/>
        <trajectory sample="69" generation="69000"
                    bestEnergy="-33.0" averageEnergy="-25.4698" worstEnergy="-24.0"
                    bestConformation="Conformation 38.0 -38.0 Flfrrllfrrfflflrllfrrllrrflfrrlffffrfrrlffflrllrlrrllflfflrrfrfflrllrlrllrffrllfrflrrfrflfflrllflrr"/>
        <trajectory sample="70" generation="70000"
                    bestEnergy="-33.0" averageEnergy="-25.5771" worstEnergy="-22.0"
                    bestConformation="Conformation 38.0 -38.0 Flfrrllfrrfflflrllfrrllrrflfrrlffffrfrrlffflrllrlrrllflfflrrfrfflrllrlrllrffrllfrflrrfrflfflrllflrr"/>
        <trajectory sample="71" generation="71000"
                    bestEnergy="-33.0" averageEnergy="-25.6922" worstEnergy="-24.0"
                    bestConformation="Conformation 38.0 -38.0 Flfrrllfrrfflflrllfrrllrrflfrrlffffrfrrlffflrllrlrrllflfflrrfrfflrllrlrllrffrllfrflrrfrflfflrllflrr"/>
        <trajectory sample="72" generation="72000"
                    bestEnergy="-33.0" averageEnergy="-25.8168" worstEnergy="-13.0"
                    bestConformation="Conformation 38.0 -38.0 Flfrrllfrrfflflrllfrrllrrflfrrlffffrfrrlffflrllrlrrllflfflrrfrfflrllrlrllrffrllfrflrrfrflfflrllflrr"/>
        <trajectory sample="73" generation="73000"
                    bestEnergy="-33.0" averageEnergy="-25.9396" worstEnergy="-25.0"
                    bestConformation="Conformation 38.0 -38.0 Flfrrllfrrfflflrllfrrllrrflfrrlffffrfrrlffflrllrlrrllflfflrrfrfflrllrlrllrffrllfrflrrfrflfflrllflrr"/>
        <trajectory sample="74" generation="74000"
                    bestEnergy="-33.0" averageEnergy="-26.0134" worstEnergy="-25.0"
                    bestConformation="Conformation 38.0 -38.0 Flfrrllfrrfflflrllfrrllrrflfrrlffffrfrrlffflrllrlrrllflfflrrfrfflrllrlrllrffrllfrflrrfrflfflrllflrr"/>
        <trajectory sample="75" generation="75000"
                    bestEnergy="-33.0" averageEnergy="-26.0921" worstEnergy="-24.0"
                    bestConformation="Conformation 38.0 -38.0 Flfrrllfrrfflflrllfrrllrrflfrrlffffrfrrlffflrllrlrrllflfflrrfrfflrllrlrllrffrllfrflrrfrflfflrllflrr"/>
        <trajectory sample="76" generation="76000"
                    bestEnergy="-33.0" averageEnergy="-26.1778" worstEnergy="-18.0"
                    bestConformation="Conformation 38.0 -38.0 Flfrrllfrrfflflrllfrrllrrflfrrlffffrfrrlffflrllrlrrllflfflrrfrfflrllrlrllrffrllfrflrrfrflfflrllflrr"/>
        <trajectory sample="77" generation="77000"
                    bestEnergy="-33.0" averageEnergy="-26.2675" worstEnergy="-24.0"
                    bestConformation="Conformation 38.0 -38.0 Flfrrllfrrfflflrllfrrllrrflfrrlffffrfrrlffflrllrlrrllflfflrrfrfflrllrlrllrffrllfrflrrfrflfflrllflrr"/>
        <trajectory sample="78" generation="78000"
                    bestEnergy="-33.0" averageEnergy="-26.359" worstEnergy="-24.0"
                    bestConformation="Conformation 38.0 -38.0 Flfrrllfrrfflflrllfrrllrrflfrrlffffrfrrlffflrllrlrrllflfflrrfrfflrllrlrllrffrllfrflrrfrflfflrllflrr"/>
        <trajectory sample="79" generation="79000"
                    bestEnergy="-33.0" averageEnergy="-26.4625" worstEnergy="-25.0"
                    bestConformation="Conformation 38.0 -38.0 Flfrrllfrrfflflrllfrrllrrflfrrlffffrfrrlffflrllrlrrllflfflrrfrfflrllrlrllrffrllfrflrrfrflfflrllflrr"/>
        <trajectory sample="80" generation="80000"
                    bestEnergy="-33.0" averageEnergy="-26.5694" worstEnergy="-25.0"
                    bestConformation="Conformation 38.0 -38.0 Flfrrllfrrfflflrllfrrllrrflfrrlffffrfrrlffflrllrlrrllflfflrrfrfflrllrlrllrffrllfrflrrfrflfflrllflrr"/>
        <trajectory sample="81" generation="81000"
                    bestEnergy="-33.0" averageEnergy="-26.6888" worstEnergy="-22.0"
                    bestConformation="Conformation 38.0 -38.0 Flfrrllfrrfflflrllfrrllrrflfrrlffffrfrrlffflrllrlrrllflfflrrfrfflrllrlrllrffrllfrflrrfrflfflrllflrr"/>
        <trajectory sample="82" generation="82000"
                    bestEnergy="-33.0" averageEnergy="-26.8093" worstEnergy="-23.0"
                    bestConformation="Conformation 38.0 -38.0 Flfrrllfrrfflflrllfrrllrrflfrrlffffrfrrlffflrllrlrrllflfflrrfrfflrllrlrllrffrllfrflrrfrflfflrllflrr"/>
        <trajectory sample="83" generation="83000"
                    bestEnergy="-33.0" averageEnergy="-26.9138" worstEnergy="-26.0"
                    bestConformation="Conformation 38.0 -38.0 Flfrrllfrrfflflrllfrrllrrflfrrlffffrfrrlffflrllrlrrllflfflrrfrfflrllrlrllrffrllfrflrrfrflfflrllflrr"/>
        <trajectory sample="84" generation="84000"
                    bestEnergy="-33.0" averageEnergy="-26.9784" worstEnergy="-18.0"
                    bestConformation="Conformation 38.0 -38.0 Flfrrllfrrfflflrllfrrllrrflfrrlffffrfrrlffflrllrlrrllflfflrrfrfflrllrlrllrffrllfrflrrfrflfflrllflrr"/>
        <trajectory sample="85" generation="85000"
                    bestEnergy="-33.0" averageEnergy="-27.0533" worstEnergy="-26.0"
                    bestConformation="Conformation 38.0 -38.0 Flfrrllfrrfflflrllfrrllrrflfrrlffffrfrrlffflrllrlrrllflfflrrfrfflrllrlrllrffrllfrflrrfrflfflrllflrr"/>
        <trajectory sample="86" generation="86000"
                    bestEnergy="-33.0" averageEnergy="-27.1372" worstEnergy="-26.0"
                    bestConformation="Conformation 38.0 -38.0 Flfrrllfrrfflflrllfrrllrrflfrrlffffrfrrlffflrllrlrrllflfflrrfrfflrllrlrllrffrllfrflrrfrflfflrllflrr"/>
        <trajectory sample="87" generation="87000"
                    bestEnergy="-33.0" averageEnergy="-27.2244" worstEnergy="-26.0"
                    bestConformation="Conformation 38.0 -38.0 Flfrrllfrrfflflrllfrrllrrflfrrlffffrfrrlffflrllrlrrllflfflrrfrfflrllrlrllrffrllfrflrrfrflfflrllflrr"/>
        <trajectory sample="88" generation="88000"
                    bestEnergy="-33.0" averageEnergy="-27.3152" worstEnergy="-26.0"
                    bestConformation="Conformation 38.0 -38.0 Flfrrllfrrfflflrllfrrllrrflfrrlffffrfrrlffflrllrlrrllflfflrrfrfflrllrlrllrffrllfrflrrfrflfflrllflrr"/>
        <trajectory sample="89" generation="89000"
                    bestEnergy="-33.0" averageEnergy="-27.4083" worstEnergy="-26.0"
                    bestConformation="Conformation 38.0 -38.0 Flfrrllfrrfflflrllfrrllrrflfrrlffffrfrrlffflrllrlrrllflfflrrfrfflrllrlrllrffrllfrflrrfrflfflrllflrr"/>
        <trajectory sample="90" generation="90000"
                    bestEnergy="-33.0" averageEnergy="-27.5109" worstEnergy="-25.0"
                    bestConformation="Conformation 38.0 -38.0 Flfrrllfrrfflflrllfrrllrrflfrrlffffrfrrlffflrllrlrrllflfflrrfrfflrllrlrllrffrllfrflrrfrflfflrllflrr"/>
        <trajectory sample="91" generation="91000"
                    bestEnergy="-33.0" averageEnergy="-27.6111" worstEnergy="-26.0"
                    bestConformation="Conformation 38.0 -38.0 Flfrrllfrrfflflrllfrrllrrflfrrlffffrfrrlffflrllrlrrllflfflrrfrfflrllrlrllrffrllfrflrrfrflfflrllflrr"/>
        <trajectory sample="92" generation="92000"
                    bestEnergy="-33.0" averageEnergy="-27.7149" worstEnergy="-25.0"
                    bestConformation="Conformation 38.0 -38.0 Flfrrllfrrfflflrllfrrllrrflfrrlffffrfrrlffflrllrlrrllflfflrrfrfflrllrlrllrffrllfrflrrfrflfflrllflrr"/>
        <trajectory sample="93" generation="93000"
                    bestEnergy="-33.0" averageEnergy="-27.8243" worstEnergy="-26.0"
                    bestConformation="Conformation 38.0 -38.0 Flfrrllfrrfflflrllfrrllrrflfrrlffffrfrrlffflrllrlrrllflfflrrfrfflrllrlrllrffrllfrflrrfrflfflrllflrr"/>
        <trajectory sample="94" generation="94000"
                    bestEnergy="-33.0" averageEnergy="-27.8962" worstEnergy="-27.0"
                    bestConformation="Conformation 38.0 -38.0 Flfrrllfrrfflflrllfrrllrrflfrrlffffrfrrlffflrllrlrrllflfflrrfrfflrllrlrllrffrllfrflrrfrflfflrllflrr"/>
        <trajectory sample="95" generation="95000"
                    bestEnergy="-33.0" averageEnergy="-27.9561" worstEnergy="-27.0"
                    bestConformation="Conformation 38.0 -38.0 Flfrrllfrrfflflrllfrrllrrflfrrlffffrfrrlffflrllrlrrllflfflrrfrfflrllrlrllrffrllfrflrrfrflfflrllflrr"/>
        <trajectory sample="96" generation="96000"
                    bestEnergy="-33.0" averageEnergy="-28.0226" worstEnergy="-27.0"
                    bestConformation="Conformation 38.0 -38.0 Flfrrllfrrfflflrllfrrllrrflfrrlffffrfrrlffflrllrlrrllflfflrrfrfflrllrlrllrffrllfrflrrfrflfflrllflrr"/>
        <trajectory sample="97" generation="97000"
                    bestEnergy="-33.0" averageEnergy="-28.0954" worstEnergy="-27.0"
                    bestConformation="Conformation 38.0 -38.0 Flfrrllfrrfflflrllfrrllrrflfrrlffffrfrrlffflrllrlrrllflfflrrfrfflrllrlrllrffrllfrflrrfrflfflrllflrr"/>
        <trajectory sample="98" generation="98000"
                    bestEnergy="-33.0" averageEnergy="-28.1664" worstEnergy="-27.0"
                    bestConformation="Conformation 38.0 -38.0 Flfrrllfrrfflflrllfrrllrrflfrrlffffrfrrlffflrllrlrrllflfflrrfrfflrllrlrllrffrllfrflrrfrflfflrllflrr"/>
        <trajectory sample="99" generation="99000"
                    bestEnergy="-33.0" averageEnergy="-28.2477" worstEnergy="-27.0"
                    bestConformation="Conformation 38.0 -38.0 Flfrrllfrrfflflrllfrrllrrflfrrlffffrfrrlffflrllrlrrllflfflrrfrfflrllrlrllrffrllfrflrrfrflfflrllflrr"/>
        <trajectory sample="100" generation="100000"
                    bestEnergy="-33.0" averageEnergy="-28.3329" worstEnergy="-26.0"
                    bestConformation="Conformation 38.0 -38.0 Flfrrllfrrfflflrllfrrllrrflfrrlffffrfrrlffflrllrlrrllflfflrrfrfflrllrlrllrffrllfrflrrfrflfflrllflrr"/>
        <trajectory sample="101" generation="101000"
                    bestEnergy="-33.0" averageEnergy="-28.4216" worstEnergy="-23.0"
                    bestConformation="Conformation 38.0 -38.0 Flfrrllfrrfflflrllfrrllrrflfrrlffffrfrrlffflrllrlrrllflfflrrfrfflrllrlrllrffrllfrflrrfrflfflrllflrr"/>
        <trajectory sample="102" generation="102000"
                    bestEnergy="-33.0" averageEnergy="-28.5105" worstEnergy="-25.0"
                    bestConformation="Conformation 38.0 -38.0 Flfrrllfrrfflflrllfrrllrrflfrrlffffrfrrlffflrllrlrrllflfflrrfrfflrllrlrllrffrllfrflrrfrflfflrllflrr"/>
        <trajectory sample="103" generation="103000"
                    bestEnergy="-33.0" averageEnergy="-28.6093" worstEnergy="-27.0"
                    bestConformation="Conformation 38.0 -38.0 Flfrrllfrrfflflrllfrrllrrflfrrlffffrfrrlffflrllrlrrllflfflrrfrfflrllrlrllrffrllfrflrrfrflfflrllflrr"/>
        <trajectory sample="104" generation="104000"
                    bestEnergy="-34.0" averageEnergy="-28.7025" worstEnergy="-28.0"
                    bestConformation="Conformation 38.0 -38.0 Flflrlrlrfllrrfrlfrrfllfflfrfrrllrrlrrllfrffrrfllfrllfffrllflrfffffrlrrfrlflfrrfllrllrlrrlfllrlfrlf"/>
        <trajectory sample="105" generation="105000"
                    bestEnergy="-34.0" averageEnergy="-28.7583" worstEnergy="-25.0"
                    bestConformation="Conformation 38.0 -38.0 Flflrlrlrfllrrfrlfrrfllfflfrfrrllrrlrrllfrffrrfllfrllfffrllflrfffffrlrrfrlflfrrfllrllrlrrlfllrlfrlf"/>
        <trajectory sample="106" generation="106000"
                    bestEnergy="-34.0" averageEnergy="-28.8137" worstEnergy="-27.0"
                    bestConformation="Conformation 38.0 -38.0 Flflrlrlrfllrrfrlfrrfllfflfrfrrllrrlrrllfrffrrfllfrllfffrllflrfffffrlrrfrlflfrrfllrllrlrrlfllrlfrlf"/>
        <trajectory sample="107" generation="107000"
                    bestEnergy="-34.0" averageEnergy="-28.8731" worstEnergy="-21.0"
                    bestConformation="Conformation 38.0 -38.0 Flflrlrlrfllrrfrlfrrfllfflfrfrrllrrlrrllfrffrrfllfrllfffrllflrfffffrlrrfrlflfrrfllrllrlrrlfllrlfrlf"/>
        <trajectory sample="108" generation="108000"
                    bestEnergy="-34.0" averageEnergy="-28.9298" worstEnergy="-16.0"
                    bestConformation="Conformation 38.0 -38.0 Flflrlrlrfllrrfrlfrrfllfflfrfrrllrrlrrllfrffrrfllfrllfffrllflrfffffrlrrfrlflfrrfllrllrlrrlfllrlfrlf"/>
        <trajectory sample="109" generation="109000"
                    bestEnergy="-34.0" averageEnergy="-28.997" worstEnergy="-28.0"
                    bestConformation="Conformation 38.0 -38.0 Flflrlrlrfllrrfrlfrrfllfflfrfrrllrrlrrllfrffrrfllfrllfffrllflrfffffrlrrfrlflfrrfllrllrlrrlfllrlfrlf"/>
        <trajectory sample="110" generation="110000"
                    bestEnergy="-34.0" averageEnergy="-29.0638" worstEnergy="-28.0"
                    bestConformation="Conformation 38.0 -38.0 Flflrlrlrfllrrfrlfrrfllfflfrfrrllrrlrrllfrffrrfllfrllfffrllflrfffffrlrrfrlflfrrfllrllrlrrlfllrlfrlf"/>
        <trajectory sample="111" generation="111000"
                    bestEnergy="-34.0" averageEnergy="-29.1352" worstEnergy="-26.0"
                    bestConformation="Conformation 38.0 -38.0 Flflrlrlrfllrrfrlfrrfllfflfrfrrllrrlrrllfrffrrfllfrllfffrllflrfffffrlrrfrlflfrrfllrllrlrrlfllrlfrlf"/>
        <trajectory sample="112" generation="112000"
                    bestEnergy="-34.0" averageEnergy="-29.211" worstEnergy="-28.0"
                    bestConformation="Conformation 38.0 -38.0 Flflrlrlrfllrrfrlfrrfllfflfrfrrllrrlrrllfrffrrfllfrllfffrllflrfffffrlrrfrlflfrrfllrllrlrrlfllrlfrlf"/>
        <trajectory sample="113" generation="113000"
                    bestEnergy="-34.0" averageEnergy="-29.2785" worstEnergy="-21.0"
                    bestConformation="Conformation 38.0 -38.0 Flflrlrlrfllrrfrlfrrfllfflfrfrrllrrlrrllfrffrrfllfrllfffrllflrfffffrlrrfrlflfrrfllrllrlrrlfllrlfrlf"/>
        <trajectory sample="114" generation="114000"
                    bestEnergy="-34.0" averageEnergy="-29.3585" worstEnergy="-28.0"
                    bestConformation="Conformation 38.0 -38.0 Flflrlrlrfllrrfrlfrrfllfflfrfrrllrrlrrllfrffrrfllfrllfffrllflrfffffrlrrfrlflfrrfllrllrlrrlfllrlfrlf"/>
        <trajectory sample="115" generation="115000"
                    bestEnergy="-34.0" averageEnergy="-29.4417" worstEnergy="-28.0"
                    bestConformation="Conformation 38.0 -38.0 Flflrlrlrfllrrfrlfrrfllfflfrfrrllrrlrrllfrffrrfllfrllfffrllflrfffffrlrrfrlflfrrfllrllrlrrlfllrlfrlf"/>
        <trajectory sample="116" generation="116000"
                    bestEnergy="-34.0" averageEnergy="-29.5266" worstEnergy="-25.0"
                    bestConformation="Conformation 38.0 -38.0 Flflrlrlrfllrrfrlfrrfllfflfrfrrllrrlrrllfrffrrfllfrllfffrllflrfffffrlrrfrlflfrrfllrllrlrrlfllrlfrlf"/>
        <trajectory sample="117" generation="117000"
                    bestEnergy="-34.0" averageEnergy="-29.6158" worstEnergy="-21.0"
                    bestConformation="Conformation 38.0 -38.0 Flflrlrlrfllrrfrlfrrfllfflfrfrrllrrlrrllfrffrrfllfrllfffrllflrfffffrlrrfrlflfrrfllrllrlrrlfllrlfrlf"/>
        <trajectory sample="118" generation="118000"
                    bestEnergy="-34.0" averageEnergy="-29.6917" worstEnergy="-29.0"
                    bestConformation="Conformation 38.0 -38.0 Flflrlrlrfllrrfrlfrrfllfflfrfrrllrrlrrllfrffrrfllfrllfffrllflrfffffrlrrfrlflfrrfllrllrlrrlfllrlfrlf"/>
        <trajectory sample="119" generation="119000"
                    bestEnergy="-34.0" averageEnergy="-29.7353" worstEnergy="-29.0"
                    bestConformation="Conformation 38.0 -38.0 Flflrlrlrfllrrfrlfrrfllfflfrfrrllrrlrrllfrffrrfllfrllfffrllflrfffffrlrrfrlflfrrfllrllrlrrlfllrlfrlf"/>
        <trajectory sample="120" generation="120000"
                    bestEnergy="-34.0" averageEnergy="-29.7838" worstEnergy="-29.0"
                    bestConformation="Conformation 38.0 -38.0 Flflrlrlrfllrrfrlfrrfllfflfrfrrllrrlrrllfrffrrfllfrllfffrllflrfffffrlrrfrlflfrrfllrllrlrrlfllrlfrlf"/>
        <trajectory sample="121" generation="121000"
                    bestEnergy="-34.0" averageEnergy="-29.8372" worstEnergy="-25.0"
                    bestConformation="Conformation 38.0 -38.0 Flflrlrlrfllrrfrlfrrfllfflfrfrrllrrlrrllfrffrrfllfrllfffrllflrfffffrlrrfrlflfrrfllrllrlrrlfllrlfrlf"/>
        <trajectory sample="122" generation="122000"
                    bestEnergy="-34.0" averageEnergy="-29.8914" worstEnergy="-25.0"
                    bestConformation="Conformation 38.0 -38.0 Flflrlrlrfllrrfrlfrrfllfflfrfrrllrrlrrllfrffrrfllfrllfffrllflrfffffrlrrfrlflfrrfllrllrlrrlfllrlfrlf"/>
        <trajectory sample="123" generation="123000"
                    bestEnergy="-34.0" averageEnergy="-29.9494" worstEnergy="-29.0"
                    bestConformation="Conformation 38.0 -38.0 Flflrlrlrfllrrfrlfrrfllfflfrfrrllrrlrrllfrffrrfllfrllfffrllflrfffffrlrrfrlflfrrfllrllrlrrlfllrlfrlf"/>
        <trajectory sample="124" generation="124000"
                    bestEnergy="-34.0" averageEnergy="-30.009" worstEnergy="-28.0"
                    bestConformation="Conformation 38.0 -38.0 Flflrlrlrfllrrfrlfrrfllfflfrfrrllrrlrrllfrffrrfllfrllfffrllflrfffffrlrrfrlflfrrfllrllrlrrlfllrlfrlf"/>
        <trajectory sample="125" generation="125000"
                    bestEnergy="-34.0" averageEnergy="-30.0642" worstEnergy="-28.0"
                    bestConformation="Conformation 38.0 -38.0 Flflrlrlrfllrrfrlfrrfllfflfrfrrllrrlrrllfrffrrfllfrllfffrllflrfffffrlrrfrlflfrrfllrllrlrrlfllrlfrlf"/>
        <trajectory sample="126" generation="126000"
                    bestEnergy="-34.0" averageEnergy="-30.1268" worstEnergy="-29.0"
                    bestConformation="Conformation 38.0 -38.0 Flflrlrlrfllrrfrlfrrfllfflfrfrrllrrlrrllfrffrrfllfrllfffrllflrfffffrlrrfrlflfrrfllrllrlrrlfllrlfrlf"/>
        <trajectory sample="127" generation="127000"
                    bestEnergy="-34.0" averageEnergy="-30.1878" worstEnergy="-29.0"
                    bestConformation="Conformation 38.0 -38.0 Flflrlrlrfllrrfrlfrrfllfflfrfrrllrrlrrllfrffrrfllfrllfffrllflrfffffrlrrfrlflfrrfllrllrlrrlfllrlfrlf"/>
        <trajectory sample="128" generation="128000"
                    bestEnergy="-34.0" averageEnergy="-30.2548" worstEnergy="-29.0"
                    bestConformation="Conformation 38.0 -38.0 Flflrlrlrfllrrfrlfrrfllfflfrfrrllrrlrrllfrffrrfllfrllfffrllflrfffffrlrrfrlflfrrfllrllrlrrlfllrlfrlf"/>
        <trajectory sample="129" generation="129000"
                    bestEnergy="-34.0" averageEnergy="-30.323" worstEnergy="-26.0"
                    bestConformation="Conformation 38.0 -38.0 Flflrlrlrfllrrfrlfrrfllfflfrfrrllrrlrrllfrffrrfllfrllfffrllflrfffffrlrrfrlflfrrfllrllrlrrlfllrlfrlf"/>
        <trajectory sample="130" generation="130000"
                    bestEnergy="-34.0" averageEnergy="-30.3949" worstEnergy="-25.0"
                    bestConformation="Conformation 38.0 -38.0 Flflrlrlrfllrrfrlfrrfllfflfrfrrllrrlrrllfrffrrfllfrllfffrllflrfffffrlrrfrlflfrrfllrllrlrrlfllrlfrlf"/>
        <trajectory sample="131" generation="131000"
                    bestEnergy="-35.0" averageEnergy="-30.4712" worstEnergy="-21.0"
                    bestConformation="Conformation 38.0 -38.0 Fllflrllrflffrrflfrrfllfflfrfrrllrrlrrllfrffrrfllfrllfffrllflrfffffrlrrfrlflfrrfllrllrlfrfflfllrrll"/>
        <trajectory sample="132" generation="132000"
                    bestEnergy="-35.0" averageEnergy="-30.5559" worstEnergy="-26.0"
                    bestConformation="Conformation 38.0 -38.0 Fllflrllrflffrrflfrrfllfflfrfrrllrrlrrllfrffrrfllfrllfffrllflrfffffrlrrfrlflfrrfllrllrlfrfflfllrrll"/>
        <trajectory sample="133" generation="133000"
                    bestEnergy="-35.0" averageEnergy="-30.6363" worstEnergy="-25.0"
                    bestConformation="Conformation 38.0 -38.0 Fllflrllrflffrrflfrrfllfflfrfrrllrrlrrllfrffrrfllfrllfffrllflrfffffrlrrfrlflfrrfllrllrlfrfflfllrrll"/>
        <trajectory sample="134" generation="134000"
                    bestEnergy="-35.0" averageEnergy="-30.6995" worstEnergy="-26.0"
                    bestConformation="Conformation 38.0 -38.0 Fllflrllrflffrrflfrrfllfflfrfrrllrrlrrllfrffrrfllfrllfffrllflrfffffrlrrfrlflfrrfllrllrlfrfflfllrrll"/>
        <trajectory sample="135" generation="135000"
                    bestEnergy="-35.0" averageEnergy="-30.7474" worstEnergy="-30.0"
                    bestConformation="Conformation 38.0 -38.0 Fllflrllrflffrrflfrrfllfflfrfrrllrrlrrllfrffrrfllfrllfffrllflrfffffrlrrfrlflfrrfllrllrlfrfflfllrrll"/>
        <trajectory sample="136" generation="136000"
                    bestEnergy="-35.0" averageEnergy="-30.7928" worstEnergy="-28.0"
                    bestConformation="Conformation 38.0 -38.0 Fllflrllrflffrrflfrrfllfflfrfrrllrrlrrllfrffrrfllfrllfffrllflrfffffrlrrfrlflfrrfllrllrlfrfflfllrrll"/>
        <trajectory sample="137" generation="137000"
                    bestEnergy="-35.0" averageEnergy="-30.8403" worstEnergy="-26.0"
                    bestConformation="Conformation 38.0 -38.0 Fllflrllrflffrrflfrrfllfflfrfrrllrrlrrllfrffrrfllfrllfffrllflrfffffrlrrfrlflfrrfllrllrlfrfflfllrrll"/>
        <trajectory sample="138" generation="138000"
                    bestEnergy="-35.0" averageEnergy="-30.8968" worstEnergy="-30.0"
                    bestConformation="Conformation 38.0 -38.0 Fllflrllrflffrrflfrrfllfflfrfrrllrrlrrllfrffrrfllfrllfffrllflrfffffrlrrfrlflfrrfllrllrlfrfflfllrrll"/>
        <trajectory sample="139" generation="139000"
                    bestEnergy="-35.0" averageEnergy="-30.9492" worstEnergy="-29.0"
                    bestConformation="Conformation 38.0 -38.0 Fllflrllrflffrrflfrrfllfflfrfrrllrrlrrllfrffrrfllfrllfffrllflrfffffrlrrfrlflfrrfllrllrlfrfflfllrrll"/>
        <trajectory sample="140" generation="140000"
                    bestEnergy="-35.0" averageEnergy="-31.0087" worstEnergy="-30.0"
                    bestConformation="Conformation 38.0 -38.0 Fllflrllrflffrrflfrrfllfflfrfrrllrrlrrllfrffrrfllfrllfffrllflrfffffrlrrfrlflfrrfllrllrlfrfflfllrrll"/>
        <trajectory sample="141" generation="141000"
                    bestEnergy="-35.0" averageEnergy="-31.065" worstEnergy="-30.0"
                    bestConformation="Conformation 38.0 -38.0 Fllflrllrflffrrflfrrfllfflfrfrrllrrlrrllfrffrrfllfrllfffrllflrfffffrlrrfrlflfrrfllrllrlfrfflfllrrll"/>
        <trajectory sample="142" generation="142000"
                    bestEnergy="-35.0" averageEnergy="-31.1255" worstEnergy="-28.0"
                    bestConformation="Conformation 38.0 -38.0 Fllflrllrflffrrflfrrfllfflfrfrrllrrlrrllfrffrrfllfrllfffrllflrfffffrlrrfrlflfrrfllrllrlfrfflfllrrll"/>
        <trajectory sample="143" generation="143000"
                    bestEnergy="-35.0" averageEnergy="-31.1855" worstEnergy="-24.0"
                    bestConformation="Conformation 38.0 -38.0 Fllflrllrflffrrflfrrfllfflfrfrrllrrlrrllfrffrrfllfrllfffrllflrfffffrlrrfrlflfrrfllrllrlfrfflfllrrll"/>
        <trajectory sample="144" generation="144000"
                    bestEnergy="-36.0" averageEnergy="-31.2535" worstEnergy="-23.0"
                    bestConformation="Conformation 38.0 -38.0 Flfrllrffllrrfrfllfrrllrrflfrrlffffrfrrlffflrllrlrrllflfflrrfrffllrflrlrllfrrllfrflrrfrflfflrllffll"/>
        <trajectory sample="145" generation="145000"
                    bestEnergy="-36.0" averageEnergy="-31.3146" worstEnergy="-19.0"
                    bestConformation="Conformation 38.0 -38.0 Flfrllrffllrrfrfllfrrllrrflfrrlffffrfrrlffflrllrlrrllflfflrrfrffllrflrlrllfrrllfrflrrfrflfflrllffll"/>
        <trajectory sample="146" generation="146000"
                    bestEnergy="-36.0" averageEnergy="-31.3852" worstEnergy="-30.0"
                    bestConformation="Conformation 38.0 -38.0 Flfrllrffllrrfrfllfrrllrrflfrrlffffrfrrlffflrllrlrrllflfflrrfrffllrflrlrllfrrllfrflrrfrflfflrllffll"/>
        <trajectory sample="147" generation="147000"
                    bestEnergy="-36.0" averageEnergy="-31.4547" worstEnergy="-28.0"
                    bestConformation="Conformation 38.0 -38.0 Flfrllrffllrrfrfllfrrllrrflfrrlffffrfrrlffflrllrlrrllflfflrrfrffllrflrlrllfrrllfrflrrfrflfflrllffll"/>
        <trajectory sample="148" generation="148000"
                    bestEnergy="-36.0" averageEnergy="-31.5217" worstEnergy="-30.0"
                    bestConformation="Conformation 38.0 -38.0 Flfrllrffllrrfrfllfrrllrrflfrrlffffrfrrlffflrllrlrrllflfflrrfrffllrflrlrllfrrllfrflrrfrflfflrllffll"/>
        <trajectory sample="149" generation="149000"
                    bestEnergy="-36.0" averageEnergy="-31.5966" worstEnergy="-30.0"
                    bestConformation="Conformation 38.0 -38.0 Flfrllrffllrrfrfllfrrllrrflfrrlffffrfrrlffflrllrlrrllflfflrrfrffllrflrlrllfrrllfrflrrfrflfflrllffll"/>
        <trajectory sample="150" generation="150000"
                    bestEnergy="-36.0" averageEnergy="-31.639" worstEnergy="-30.0"
                    bestConformation="Conformation 38.0 -38.0 Flfrllrffllrrfrfllfrrllrrflfrrlffffrfrrlffflrllrlrrllflfflrrfrffllrflrlrllfrrllfrflrrfrflfflrllffll"/>
        <trajectory sample="151" generation="151000"
                    bestEnergy="-36.0" averageEnergy="-31.6745" worstEnergy="-31.0"
                    bestConformation="Conformation 38.0 -38.0 Flfrllrffllrrfrfllfrrllrrflfrrlffffrfrrlffflrllrlrrllflfflrrfrffllrflrlrllfrrllfrflrrfrflfflrllffll"/>
        <trajectory sample="152" generation="152000"
                    bestEnergy="-36.0" averageEnergy="-31.7116" worstEnergy="-20.0"
                    bestConformation="Conformation 38.0 -38.0 Flfrllrffllrrfrfllfrrllrrflfrrlffffrfrrlffflrllrlrrllflfflrrfrffllrflrlrllfrrllfrflrrfrflfflrllffll"/>
        <trajectory sample="153" generation="153000"
                    bestEnergy="-36.0" averageEnergy="-31.7534" worstEnergy="-29.0"
                    bestConformation="Conformation 38.0 -38.0 Flfrllrffllrrfrfllfrrllrrflfrrlffffrfrrlffflrllrlrrllflfflrrfrffllrflrlrllfrrllfrflrrfrflfflrllffll"/>
        <trajectory sample="154" generation="154000"
                    bestEnergy="-36.0" averageEnergy="-31.7974" worstEnergy="-31.0"
                    bestConformation="Conformation 38.0 -38.0 Flfrllrffllrrfrfllfrrllrrflfrrlffffrfrrlffflrllrlrrllflfflrrfrffllrflrlrllfrrllfrflrrfrflfflrllffll"/>
        <trajectory sample="155" generation="155000"
                    bestEnergy="-36.0" averageEnergy="-31.848" worstEnergy="-31.0"
                    bestConformation="Conformation 38.0 -38.0 Flfrllrffllrrfrfllfrrllrrflfrrlffffrfrrlffflrllrlrrllflfflrrfrffllrflrlrllfrrllfrflrrfrflfflrllffll"/>
        <trajectory sample="156" generation="156000"
                    bestEnergy="-36.0" averageEnergy="-31.8916" worstEnergy="-30.0"
                    bestConformation="Conformation 38.0 -38.0 Flfrllrffllrrfrfllfrrllrrflfrrlffffrfrrlffflrllrlrrllflfflrrfrffllrflrlrllfrrllfrflrrfrflfflrllffll"/>
        <trajectory sample="157" generation="157000"
                    bestEnergy="-36.0" averageEnergy="-31.9415" worstEnergy="-25.0"
                    bestConformation="Conformation 38.0 -38.0 Flfrllrffllrrfrfllfrrllrrflfrrlffffrfrrlffflrllrlrrllflfflrrfrffllrflrlrllfrrllfrflrrfrflfflrllffll"/>
        <trajectory sample="158" generation="158000"
                    bestEnergy="-36.0" averageEnergy="-31.9898" worstEnergy="-29.0"
                    bestConformation="Conformation 38.0 -38.0 Flfrllrffllrrfrfllfrrllrrflfrrlffffrfrrlffflrllrlrrllflfflrrfrffllrflrlrllfrrllfrflrrfrflfflrllffll"/>
        <trajectory sample="159" generation="159000"
                    bestEnergy="-36.0" averageEnergy="-32.0394" worstEnergy="-31.0"
                    bestConformation="Conformation 38.0 -38.0 Flfrllrffllrrfrfllfrrllrrflfrrlffffrfrrlffflrllrlrrllflfflrrfrffllrflrlrllfrrllfrflrrfrflfflrllffll"/>
        <trajectory sample="160" generation="160000"
                    bestEnergy="-36.0" averageEnergy="-32.0994" worstEnergy="-29.0"
                    bestConformation="Conformation 38.0 -38.0 Flfrllrffllrrfrfllfrrllrrflfrrlffffrfrrlffflrllrlrrllflfflrrfrffllrflrlrllfrrllfrflrrfrflfflrllffll"/>
        <trajectory sample="161" generation="161000"
                    bestEnergy="-36.0" averageEnergy="-32.1588" worstEnergy="-31.0"
                    bestConformation="Conformation 38.0 -38.0 Flfrllrffllrrfrfllfrrllrrflfrrlffffrfrrlffflrllrlrrllflfflrrfrffllrflrlrllfrrllfrflrrfrflfflrllffll"/>
        <trajectory sample="162" generation="162000"
                    bestEnergy="-36.0" averageEnergy="-32.2143" worstEnergy="-31.0"
                    bestConformation="Conformation 38.0 -38.0 Flfrllrffllrrfrfllfrrllrrflfrrlffffrfrrlffflrllrlrrllflfflrrfrffllrflrlrllfrrllfrflrrfrflfflrllffll"/>
        <trajectory sample="163" generation="163000"
                    bestEnergy="-36.0" averageEnergy="-32.2742" worstEnergy="-28.0"
                    bestConformation="Conformation 38.0 -38.0 Flfrllrffllrrfrfllfrrllrrflfrrlffffrfrrlffflrllrlrrllflfflrrfrffllrflrlrllfrrllfrflrrfrflfflrllffll"/>
        <trajectory sample="164" generation="164000"
                    bestEnergy="-36.0" averageEnergy="-32.336" worstEnergy="-31.0"
                    bestConformation="Conformation 38.0 -38.0 Flfrllrffllrrfrfllfrrllrrflfrrlffffrfrrlffflrllrlrrllflfflrrfrffllrflrlrllfrrllfrflrrfrflfflrllffll"/>
        <trajectory sample="165" generation="165000"
                    bestEnergy="-36.0" averageEnergy="-32.3974" worstEnergy="-28.0"
                    bestConformation="Conformation 38.0 -38.0 Flfrllrffllrrfrfllfrrllrrflfrrlffffrfrrlffflrllrlrrllflfflrrfrffllrflrlrllfrrllfrflrrfrflfflrllffll"/>
        <trajectory sample="166" generation="166000"
                    bestEnergy="-36.0" averageEnergy="-32.4612" worstEnergy="-29.0"
                    bestConformation="Conformation 38.0 -38.0 Flfrllrffllrrfrfllfrrllrrflfrrlffffrfrrlffflrllrlrrllflfflrrfrffllrflrlrllfrrllfrflrrfrflfflrllffll"/>
        <trajectory sample="167" generation="167000"
                    bestEnergy="-36.0" averageEnergy="-32.5255" worstEnergy="-30.0"
                    bestConformation="Conformation 38.0 -38.0 Flfrllrffllrrfrfllfrrllrrflfrrlffffrfrrlffflrllrlrrllflfflrrfrffllrflrlrllfrrllfrflrrfrflfflrllffll"/>
        <trajectory sample="168" generation="168000"
                    bestEnergy="-36.0" averageEnergy="-32.5635" worstEnergy="-26.0"
                    bestConformation="Conformation 38.0 -38.0 Flfrllrffllrrfrfllfrrllrrflfrrlffffrfrrlffflrllrlrrllflfflrrfrffllrflrlrllfrrllfrflrrfrflfflrllffll"/>
        <trajectory sample="169" generation="169000"
                    bestEnergy="-36.0" averageEnergy="-32.5907" worstEnergy="-27.0"
                    bestConformation="Conformation 38.0 -38.0 Flfrllrffllrrfrfllfrrllrrflfrrlffffrfrrlffflrllrlrrllflfflrrfrffllrflrlrllfrrllfrflrrfrflfflrllffll"/>
        <trajectory sample="170" generation="170000"
                    bestEnergy="-36.0" averageEnergy="-32.6261" worstEnergy="-32.0"
                    bestConformation="Conformation 38.0 -38.0 Flfrllrffllrrfrfllfrrllrrflfrrlffffrfrrlffflrllrlrrllflfflrrfrffllrflrlrllfrrllfrflrrfrflfflrllffll"/>
        <trajectory sample="171" generation="171000"
                    bestEnergy="-36.0" averageEnergy="-32.6587" worstEnergy="-31.0"
                    bestConformation="Conformation 38.0 -38.0 Flfrllrffllrrfrfllfrrllrrflfrrlffffrfrrlffflrllrlrrllflfflrrfrffllrflrlrllfrrllfrflrrfrflfflrllffll"/>
        <trajectory sample="172" generation="172000"
                    bestEnergy="-36.0" averageEnergy="-32.6977" worstEnergy="-32.0"
                    bestConformation="Conformation 38.0 -38.0 Flfrllrffllrrfrfllfrrllrrflfrrlffffrfrrlffflrllrlrrllflfflrrfrffllrflrlrllfrrllfrflrrfrflfflrllffll"/>
        <trajectory sample="173" generation="173000"
                    bestEnergy="-36.0" averageEnergy="-32.7339" worstEnergy="-26.0"
                    bestConformation="Conformation 38.0 -38.0 Flfrllrffllrrfrfllfrrllrrflfrrlffffrfrrlffflrllrlrrllflfflrrfrffllrflrlrllfrrllfrflrrfrflfflrllffll"/>
        <trajectory sample="174" generation="174000"
                    bestEnergy="-36.0" averageEnergy="-32.7699" worstEnergy="-30.0"
                    bestConformation="Conformation 38.0 -38.0 Flfrllrffllrrfrfllfrrllrrflfrrlffffrfrrlffflrllrlrrllflfflrrfrffllrflrlrllfrrllfrflrrfrflfflrllffll"/>
        <trajectory sample="175" generation="175000"
                    bestEnergy="-36.0" averageEnergy="-32.8081" worstEnergy="-27.0"
                    bestConformation="Conformation 38.0 -38.0 Flfrllrffllrrfrfllfrrllrrflfrrlffffrfrrlffflrllrlrrllflfflrrfrffllrflrlrllfrrllfrflrrfrflfflrllffll"/>
        <trajectory sample="176" generation="176000"
                    bestEnergy="-36.0" averageEnergy="-32.8498" worstEnergy="-27.0"
                    bestConformation="Conformation 38.0 -38.0 Flfrllrffllrrfrfllfrrllrrflfrrlffffrfrrlffflrllrlrrllflfflrrfrffllrflrlrllfrrllfrflrrfrflfflrllffll"/>
        <trajectory sample="177" generation="177000"
                    bestEnergy="-36.0" averageEnergy="-32.8902" worstEnergy="-32.0"
                    bestConformation="Conformation 38.0 -38.0 Flfrllrffllrrfrfllfrrllrrflfrrlffffrfrrlffflrllrlrrllflfflrrfrffllrflrlrllfrrllfrflrrfrflfflrllffll"/>
        <trajectory sample="178" generation="178000"
                    bestEnergy="-36.0" averageEnergy="-32.9303" worstEnergy="-27.0"
                    bestConformation="Conformation 38.0 -38.0 Flfrllrffllrrfrfllfrrllrrflfrrlffffrfrrlffflrllrlrrllflfflrrfrffllrflrlrllfrrllfrflrrfrflfflrllffll"/>
        <trajectory sample="179" generation="179000"
                    bestEnergy="-36.0" averageEnergy="-32.9729" worstEnergy="-29.0"
                    bestConformation="Conformation 38.0 -38.0 Flfrllrffllrrfrfllfrrllrrflfrrlffffrfrrlffflrllrlrrllflfflrrfrffllrflrlrllfrrllfrflrrfrflfflrllffll"/>
        <trajectory sample="180" generation="180000"
                    bestEnergy="-36.0" averageEnergy="-33.0163" worstEnergy="-30.0"
                    bestConformation="Conformation 38.0 -38.0 Flfrllrffllrrfrfllfrrllrrflfrrlffffrfrrlffflrllrlrrllflfflrrfrffllrflrlrllfrrllfrflrrfrflfflrllffll"/>
        <trajectory sample="181" generation="181000"
                    bestEnergy="-36.0" averageEnergy="-33.062" worstEnergy="-29.0"
                    bestConformation="Conformation 38.0 -38.0 Flfrllrffllrrfrfllfrrllrrflfrrlffffrfrrlffflrllrlrrllflfflrrfrffllrflrlrllfrrllfrflrrfrflfflrllffll"/>
        <trajectory sample="182" generation="182000"
                    bestEnergy="-36.0" averageEnergy="-33.11" worstEnergy="-32.0"
                    bestConformation="Conformation 38.0 -38.0 Flfrllrffllrrfrfllfrrllrrflfrrlffffrfrrlffflrllrlrrllflfflrrfrffllrflrlrllfrrllfrflrrfrflfflrllffll"/>
        <trajectory sample="183" generation="183000"
                    bestEnergy="-36.0" averageEnergy="-33.158" worstEnergy="-29.0"
                    bestConformation="Conformation 38.0 -38.0 Flfrllrffllrrfrfllfrrllrrflfrrlffffrfrrlffflrllrlrrllflfflrrfrffllrflrlrllfrrllfrflrrfrflfflrllffll"/>
        <trajectory sample="184" generation="184000"
                    bestEnergy="-36.0" averageEnergy="-33.2106" worstEnergy="-32.0"
                    bestConformation="Conformation 38.0 -38.0 Flfrllrffllrrfrfllfrrllrrflfrrlffffrfrrlffflrllrlrrllflfflrrfrffllrflrlrllfrrllfrflrrfrflfflrllffll"/>
        <trajectory sample="185" generation="185000"
                    bestEnergy="-36.0" averageEnergy="-33.2443" worstEnergy="-33.0"
                    bestConformation="Conformation 38.0 -38.0 Flfrllrffllrrfrfllfrrllrrflfrrlffffrfrrlffflrllrlrrllflfflrrfrffllrflrlrllfrrllfrflrrfrflfflrllffll"/>
        <trajectory sample="186" generation="186000"
                    bestEnergy="-36.0" averageEnergy="-33.2637" worstEnergy="-33.0"
                    bestConformation="Conformation 38.0 -38.0 Flfrllrffllrrfrfllfrrllrrflfrrlffffrfrrlffflrllrlrrllflfflrrfrffllrflrlrllfrrllfrflrrfrflfflrllffll"/>
        <trajectory sample="187" generation="187000"
                    bestEnergy="-36.0" averageEnergy="-33.2813" worstEnergy="-28.0"
                    bestConformation="Conformation 38.0 -38.0 Flfrllrffllrrfrfllfrrllrrflfrrlffffrfrrlffflrllrlrrllflfflrrfrffllrflrlrllfrrllfrflrrfrflfflrllffll"/>
        <trajectory sample="188" generation="188000"
                    bestEnergy="-36.0" averageEnergy="-33.2997" worstEnergy="-33.0"
                    bestConformation="Conformation 38.0 -38.0 Flfrllrffllrrfrfllfrrllrrflfrrlffffrfrrlffflrllrlrrllflfflrrfrffllrflrlrllfrrllfrflrrfrflfflrllffll"/>
        <trajectory sample="189" generation="189000"
                    bestEnergy="-36.0" averageEnergy="-33.3166" worstEnergy="-33.0"
                    bestConformation="Conformation 38.0 -38.0 Flfrllrffllrrfrfllfrrllrrflfrrlffffrfrrlffflrllrlrrllflfflrrfrffllrflrlrllfrrllfrflrrfrflfflrllffll"/>
        <trajectory sample="190" generation="190000"
                    bestEnergy="-36.0" averageEnergy="-33.3356" worstEnergy="-29.0"
                    bestConformation="Conformation 38.0 -38.0 Flfrllrffllrrfrfllfrrllrrflfrrlffffrfrrlffflrllrlrrllflfflrrfrffllrflrlrllfrrllfrflrrfrflfflrllffll"/>
        <trajectory sample="191" generation="191000"
                    bestEnergy="-36.0" averageEnergy="-33.355" worstEnergy="-31.0"
                    bestConformation="Conformation 38.0 -38.0 Flfrllrffllrrfrfllfrrllrrflfrrlffffrfrrlffflrllrlrrllflfflrrfrffllrflrlrllfrrllfrflrrfrflfflrllffll"/>
        <trajectory sample="192" generation="192000"
                    bestEnergy="-36.0" averageEnergy="-33.3742" worstEnergy="-20.0"
                    bestConformation="Conformation 38.0 -38.0 Flfrllrffllrrfrfllfrrllrrflfrrlffffrfrrlffflrllrlrrllflfflrrfrffllrflrlrllfrrllfrflrrfrflfflrllffll"/>
        <trajectory sample="193" generation="193000"
                    bestEnergy="-36.0" averageEnergy="-33.3959" worstEnergy="-33.0"
                    bestConformation="Conformation 38.0 -38.0 Flfrllrffllrrfrfllfrrllrrflfrrlffffrfrrlffflrllrlrrllflfflrrfrffllrflrlrllfrrllfrflrrfrflfflrllffll"/>
        <trajectory sample="194" generation="194000"
                    bestEnergy="-36.0" averageEnergy="-33.4154" worstEnergy="-32.0"
                    bestConformation="Conformation 38.0 -38.0 Flfrllrffllrrfrfllfrrllrrflfrrlffffrfrrlffflrllrlrrllflfflrrfrffllrflrlrllfrrllfrflrrfrflfflrllffll"/>
        <trajectory sample="195" generation="195000"
                    bestEnergy="-36.0" averageEnergy="-33.4378" worstEnergy="-26.0"
                    bestConformation="Conformation 38.0 -38.0 Flfrllrffllrrfrfllfrrllrrflfrrlffffrfrrlffflrllrlrrllflfflrrfrffllrflrlrllfrrllfrflrrfrflfflrllffll"/>
        <trajectory sample="196" generation="196000"
                    bestEnergy="-36.0" averageEnergy="-33.4646" worstEnergy="-33.0"
                    bestConformation="Conformation 38.0 -38.0 Flfrllrffllrrfrfllfrrllrrflfrrlffffrfrrlffflrllrlrrllflfflrrfrffllrflrlrllfrrllfrflrrfrflfflrllffll"/>
        <trajectory sample="197" generation="197000"
                    bestEnergy="-36.0" averageEnergy="-33.4908" worstEnergy="-33.0"
                    bestConformation="Conformation 38.0 -38.0 Flfrllrffllrrfrfllfrrllrrflfrrlffffrfrrlffflrllrlrrllflfflrrfrffllrflrlrllfrrllfrflrrfrflfflrllffll"/>
        <trajectory sample="198" generation="198000"
                    bestEnergy="-36.0" averageEnergy="-33.5173" worstEnergy="-33.0"
                    bestConformation="Conformation 38.0 -38.0 Flfrllrffllrrfrfllfrrllrrflfrrlffffrfrrlffflrllrlrrllflfflrrfrffllrflrlrllfrrllfrflrrfrflfflrllffll"/>
        <trajectory sample="199" generation="199000"
                    bestEnergy="-36.0" averageEnergy="-33.5449" worstEnergy="-31.0"
                    bestConformation="Conformation 38.0 -38.0 Flfrllrffllrrfrfllfrrllrrflfrrlffffrfrrlffflrllrlrrllflfflrrfrffllrflrlrllfrrllfrflrrfrflfflrllffll"/>
        <trajectory sample="200" generation="200000"
                    bestEnergy="-36.0" averageEnergy="-33.5759" worstEnergy="-33.0"
                    bestConformation="Conformation 38.0 -38.0 Flfrllrffllrrfrfllfrrllrrflfrrlffffrfrrlffflrllrlrrllflfflrrfrffllrflrlrllfrrllfrflrrfrflfflrllffll"/>
        <trajectory sample="201" generation="201000"
                    bestEnergy="-36.0" averageEnergy="-33.6059" worstEnergy="-33.0"
                    bestConformation="Conformation 38.0 -38.0 Flfrllrffllrrfrfllfrrllrrflfrrlffffrfrrlffflrllrlrrllflfflrrfrffllrflrlrllfrrllfrflrrfrflfflrllffll"/>
        <trajectory sample="202" generation="202000"
                    bestEnergy="-36.0" averageEnergy="-33.6386" worstEnergy="-33.0"
                    bestConformation="Conformation 38.0 -38.0 Flfrllrffllrrfrfllfrrllrrflfrrlffffrfrrlffflrllrlrrllflfflrrfrffllrflrlrllfrrllfrflrrfrflfflrllffll"/>
        <trajectory sample="203" generation="203000"
                    bestEnergy="-36.0" averageEnergy="-33.6686" worstEnergy="-30.0"
                    bestConformation="Conformation 38.0 -38.0 Flfrllrffllrrfrfllfrrllrrflfrrlffffrfrrlffflrllrlrrllflfflrrfrffllrflrlrllfrrllfrflrrfrflfflrllffll"/>
        <trajectory sample="204" generation="204000"
                    bestEnergy="-37.0" averageEnergy="-33.7022" worstEnergy="-33.0"
                    bestConformation="Conformation 39.0 -39.0 Flfrfrflrrffflffllfrrllrrflfrrlffffrfrrlffflrllrlrrllflfflrrfrffllrflfrfllfrrllfrflrrfrflfflrllffll"/>
        <trajectory sample="205" generation="205000"
                    bestEnergy="-37.0" averageEnergy="-33.7352" worstEnergy="-30.0"
                    bestConformation="Conformation 39.0 -39.0 Flfrfrflrrffflffllfrrllrrflfrrlffffrfrrlffflrllrlrrllflfflrrfrffllrflfrfllfrrllfrflrrfrflfflrllffll"/>
        <trajectory sample="206" generation="206000"
                    bestEnergy="-37.0" averageEnergy="-33.7734" worstEnergy="-22.0"
                    bestConformation="Conformation 39.0 -39.0 Flfrfrflrrffflffllfrrllrrflfrrlffffrfrrlffflrllrlrrllflfflrrfrffllrflfrfllfrrllfrflrrfrflfflrllffll"/>
        <trajectory sample="207" generation="207000"
                    bestEnergy="-37.0" averageEnergy="-33.814" worstEnergy="-33.0"
                    bestConformation="Conformation 39.0 -39.0 Flfrfrflrrffflffllfrrllrrflfrrlffffrfrrlffflrllrlrrllflfflrrfrffllrflfrfllfrrllfrflrrfrflfflrllffll"/>
        <trajectory sample="208" generation="208000"
                    bestEnergy="-37.0" averageEnergy="-33.8545" worstEnergy="-28.0"
                    bestConformation="Conformation 39.0 -39.0 Flfrfrflrrffflffllfrrllrrflfrrlffffrfrrlffflrllrlrrllflfflrrfrffllrflfrfllfrrllfrflrrfrflfflrllffll"/>
        <trajectory sample="209" generation="209000"
                    bestEnergy="-37.0" averageEnergy="-33.8975" worstEnergy="-24.0"
                    bestConformation="Conformation 39.0 -39.0 Flfrfrflrrffflffllfrrllrrflfrrlffffrfrrlffflrllrlrrllflfflrrfrffllrflfrfllfrrllfrflrrfrflfflrllffll"/>
        <trajectory sample="210" generation="210000"
                    bestEnergy="-37.0" averageEnergy="-33.9429" worstEnergy="-28.0"
                    bestConformation="Conformation 39.0 -39.0 Flfrfrflrrffflffllfrrllrrflfrrlffffrfrrlffflrllrlrrllflfflrrfrffllrflfrfllfrrllfrflrrfrflfflrllffll"/>
        <trajectory sample="211" generation="211000"
                    bestEnergy="-37.0" averageEnergy="-33.9855" worstEnergy="-29.0"
                    bestConformation="Conformation 39.0 -39.0 Flfrfrflrrffflffllfrrllrrflfrrlffffrfrrlffflrllrlrrllflfflrrfrffllrflfrfllfrrllfrflrrfrflfflrllffll"/>
        <trajectory sample="212" generation="212000"
                    bestEnergy="-37.0" averageEnergy="-34.0314" worstEnergy="-32.0"
                    bestConformation="Conformation 39.0 -39.0 Flfrfrflrrffflffllfrrllrrflfrrlffffrfrrlffflrllrlrrllflfflrrfrffllrflfrfllfrrllfrflrrfrflfflrllffll"/>
        <trajectory sample="213" generation="213000"
                    bestEnergy="-37.0" averageEnergy="-34.0776" worstEnergy="-33.0"
                    bestConformation="Conformation 39.0 -39.0 Flfrfrflrrffflffllfrrllrrflfrrlffffrfrrlffflrllrlrrllflfflrrfrffllrflfrfllfrrllfrflrrfrflfflrllffll"/>
        <trajectory sample="214" generation="214000"
                    bestEnergy="-37.0" averageEnergy="-34.126" worstEnergy="-32.0"
                    bestConformation="Conformation 39.0 -39.0 Flfrfrflrrffflffllfrrllrrflfrrlffffrfrrlffflrllrlrrllflfflrrfrffllrflfrfllfrrllfrflrrfrflfflrllffll"/>
        <trajectory sample="215" generation="215000"
                    bestEnergy="-37.0" averageEnergy="-34.1822" worstEnergy="-28.0"
                    bestConformation="Conformation 39.0 -39.0 Flfrfrflrrffflffllfrrllrrflfrrlffffrfrrlffflrllrlrrllflfflrrfrffllrflfrfllfrrllfrflrrfrflfflrllffll"/>
        <trajectory sample="216" generation="216000"
                    bestEnergy="-37.0" averageEnergy="-34.2338" worstEnergy="-30.0"
                    bestConformation="Conformation 39.0 -39.0 Flfrfrflrrffflffllfrrllrrflfrrlffffrfrrlffflrllrlrrllflfflrrfrffllrflfrfllfrrllfrflrrfrflfflrllffll"/>
        <trajectory sample="217" generation="217000"
                    bestEnergy="-37.0" averageEnergy="-34.2666" worstEnergy="-27.0"
                    bestConformation="Conformation 39.0 -39.0 Flfrfrflrrffflffllfrrllrrflfrrlffffrfrrlffflrllrlrrllflfflrrfrffllrflfrfllfrrllfrflrrfrflfflrllffll"/>
        <trajectory sample="218" generation="218000"
                    bestEnergy="-37.0" averageEnergy="-34.2814" worstEnergy="-31.0"
                    bestConformation="Conformation 39.0 -39.0 Flfrfrflrrffflffllfrrllrrflfrrlffffrfrrlffflrllrlrrllflfflrrfrffllrflfrfllfrrllfrflrrfrflfflrllffll"/>
        <trajectory sample="219" generation="219000"
                    bestEnergy="-37.0" averageEnergy="-34.2985" worstEnergy="-32.0"
                    bestConformation="Conformation 39.0 -39.0 Flfrfrflrrffflffllfrrllrrflfrrlffffrfrrlffflrllrlrrllflfflrrfrffllrflfrfllfrrllfrflrrfrflfflrllffll"/>
        <trajectory sample="220" generation="220000"
                    bestEnergy="-37.0" averageEnergy="-34.3162" worstEnergy="-32.0"
                    bestConformation="Conformation 39.0 -39.0 Flfrfrflrrffflffllfrrllrrflfrrlffffrfrrlffflrllrlrrllflfflrrfrffllrflfrfllfrrllfrflrrfrflfflrllffll"/>
        <trajectory sample="221" generation="221000"
                    bestEnergy="-37.0" averageEnergy="-34.3396" worstEnergy="-34.0"
                    bestConformation="Conformation 39.0 -39.0 Flfrfrflrrffflffllfrrllrrflfrrlffffrfrrlffflrllrlrrllflfflrrfrffllrflfrfllfrrllfrflrrfrflfflrllffll"/>
        <trajectory sample="222" generation="222000"
                    bestEnergy="-37.0" averageEnergy="-34.3585" worstEnergy="-28.0"
                    bestConformation="Conformation 39.0 -39.0 Flfrfrflrrffflffllfrrllrrflfrrlffffrfrrlffflrllrlrrllflfflrrfrffllrflfrfllfrrllfrflrrfrflfflrllffll"/>
        <trajectory sample="223" generation="223000"
                    bestEnergy="-37.0" averageEnergy="-34.3795" worstEnergy="-25.0"
                    bestConformation="Conformation 39.0 -39.0 Flfrfrflrrffflffllfrrllrrflfrrlffffrfrrlffflrllrlrrllflfflrrfrffllrflfrfllfrrllfrflrrfrflfflrllffll"/>
        <trajectory sample="224" generation="224000"
                    bestEnergy="-37.0" averageEnergy="-34.4006" worstEnergy="-34.0"
                    bestConformation="Conformation 39.0 -39.0 Flfrfrflrrffflffllfrrllrrflfrrlffffrfrrlffflrllrlrrllflfflrrfrffllrflfrfllfrrllfrflrrfrflfflrllffll"/>
        <trajectory sample="225" generation="225000"
                    bestEnergy="-37.0" averageEnergy="-34.4219" worstEnergy="-25.0"
                    bestConformation="Conformation 39.0 -39.0 Flfrfrflrrffflffllfrrllrrflfrrlffffrfrrlffflrllrlrrllflfflrrfrffllrflfrfllfrrllfrflrrfrflfflrllffll"/>
        <trajectory sample="226" generation="226000"
                    bestEnergy="-37.0" averageEnergy="-34.4459" worstEnergy="-34.0"
                    bestConformation="Conformation 39.0 -39.0 Flfrfrflrrffflffllfrrllrrflfrrlffffrfrrlffflrllrlrrllflfflrrfrffllrflfrfllfrrllfrflrrfrflfflrllffll"/>
        <trajectory sample="227" generation="227000"
                    bestEnergy="-37.0" averageEnergy="-34.4729" worstEnergy="-28.0"
                    bestConformation="Conformation 39.0 -39.0 Flfrfrflrrffflffllfrrllrrflfrrlffffrfrrlffflrllrlrrllflfflrrfrffllrflfrfllfrrllfrflrrfrflfflrllffll"/>
        <trajectory sample="228" generation="228000"
                    bestEnergy="-37.0" averageEnergy="-34.5001" worstEnergy="-31.0"
                    bestConformation="Conformation 39.0 -39.0 Flfrfrflrrffflffllfrrllrrflfrrlffffrfrrlffflrllrlrrllflfflrrfrffllrflfrfllfrrllfrflrrfrflfflrllffll"/>
        <trajectory sample="229" generation="229000"
                    bestEnergy="-37.0" averageEnergy="-34.527" worstEnergy="-34.0"
                    bestConformation="Conformation 39.0 -39.0 Flfrfrflrrffflffllfrrllrrflfrrlffffrfrrlffflrllrlrrllflfflrrfrffllrflfrfllfrrllfrflrrfrflfflrllffll"/>
        <trajectory sample="230" generation="230000"
                    bestEnergy="-37.0" averageEnergy="-34.5546" worstEnergy="-28.0"
                    bestConformation="Conformation 39.0 -39.0 Flfrfrflrrffflffllfrrllrrflfrrlffffrfrrlffflrllrlrrllflfflrrfrffllrflfrfllfrrllfrflrrfrflfflrllffll"/>
        <trajectory sample="231" generation="231000"
                    bestEnergy="-37.0" averageEnergy="-34.584" worstEnergy="-34.0"
                    bestConformation="Conformation 39.0 -39.0 Flfrfrflrrffflffllfrrllrrflfrrlffffrfrrlffflrllrlrrllflfflrrfrffllrflfrfllfrrllfrflrrfrflfflrllffll"/>
        <trajectory sample="232" generation="232000"
                    bestEnergy="-37.0" averageEnergy="-34.615" worstEnergy="-34.0"
                    bestConformation="Conformation 39.0 -39.0 Flfrfrflrrffflffllfrrllrrflfrrlffffrfrrlffflrllrlrrllflfflrrfrffllrflfrfllfrrllfrflrrfrflfflrllffll"/>
        <trajectory sample="233" generation="233000"
                    bestEnergy="-37.0" averageEnergy="-34.6498" worstEnergy="-34.0"
                    bestConformation="Conformation 39.0 -39.0 Flfrfrflrrffflffllfrrllrrflfrrlffffrfrrlffflrllrlrrllflfflrrfrffllrflfrfllfrrllfrflrrfrflfflrllffll"/>
        <trajectory sample="234" generation="234000"
                    bestEnergy="-37.0" averageEnergy="-34.6842" worstEnergy="-34.0"
                    bestConformation="Conformation 39.0 -39.0 Flfrfrflrrffflffllfrrllrrflfrrlffffrfrrlffflrllrlrrllflfflrrfrffllrflfrfllfrrllfrflrrfrflfflrllffll"/>
        <trajectory sample="235" generation="235000"
                    bestEnergy="-37.0" averageEnergy="-34.7178" worstEnergy="-24.0"
                    bestConformation="Conformation 39.0 -39.0 Flfrfrflrrffflffllfrrllrrflfrrlffffrfrrlffflrllrlrrllflfflrrfrffllrflfrfllfrrllfrflrrfrflfflrllffll"/>
        <trajectory sample="236" generation="236000"
                    bestEnergy="-37.0" averageEnergy="-34.7603" worstEnergy="-34.0"
                    bestConformation="Conformation 39.0 -39.0 Flfrfrflrrffflffllfrrllrrflfrrlffffrfrrlffflrllrlrrllflfflrrfrffllrflfrfllfrrllfrflrrfrflfflrllffll"/>
        <trajectory sample="237" generation="237000"
                    bestEnergy="-37.0" averageEnergy="-34.7975" worstEnergy="-31.0"
                    bestConformation="Conformation 39.0 -39.0 Flfrfrflrrffflffllfrrllrrflfrrlffffrfrrlffflrllrlrrllflfflrrfrffllrflfrfllfrrllfrflrrfrflfflrllffll"/>
        <trajectory sample="238" generation="238000"
                    bestEnergy="-37.0" averageEnergy="-34.8374" worstEnergy="-30.0"
                    bestConformation="Conformation 39.0 -39.0 Flfrfrflrrffflffllfrrllrrflfrrlffffrfrrlffflrllrlrrllflfflrrfrffllrflfrfllfrrllfrflrrfrflfflrllffll"/>
        <trajectory sample="239" generation="239000"
                    bestEnergy="-37.0" averageEnergy="-34.8791" worstEnergy="-29.0"
                    bestConformation="Conformation 39.0 -39.0 Flfrfrflrrffflffllfrrllrrflfrrlffffrfrrlffflrllrlrrllflfflrrfrffllrflfrfllfrrllfrflrrfrflfflrllffll"/>
        <trajectory sample="240" generation="240000"
                    bestEnergy="-37.0" averageEnergy="-34.9236" worstEnergy="-34.0"
                    bestConformation="Conformation 39.0 -39.0 Flfrfrflrrffflffllfrrllrrflfrrlffffrfrrlffflrllrlrrllflfflrrfrffllrflfrfllfrrllfrflrrfrflfflrllffll"/>
        <trajectory sample="241" generation="241000"
                    bestEnergy="-37.0" averageEnergy="-34.97" worstEnergy="-34.0"
                    bestConformation="Conformation 39.0 -39.0 Flfrfrflrrffflffllfrrllrrflfrrlffffrfrrlffflrllrlrrllflfflrrfrffllrflfrfllfrrllfrflrrfrflfflrllffll"/>
        <trajectory sample="242" generation="242000"
                    bestEnergy="-37.0" averageEnergy="-35.0162" worstEnergy="-33.0"
                    bestConformation="Conformation 39.0 -39.0 Flfrfrflrrffflffllfrrllrrflfrrlffffrfrrlffflrllrlrrllflfflrrfrffllrflfrfllfrrllfrflrrfrflfflrllffll"/>
        <trajectory sample="243" generation="243000"
                    bestEnergy="-37.0" averageEnergy="-35.0629" worstEnergy="-28.0"
                    bestConformation="Conformation 39.0 -39.0 Flfrfrflrrffflffllfrrllrrflfrrlffffrfrrlffflrllrlrrllflfflrrfrffllrflfrfllfrrllfrflrrfrflfflrllffll"/>
        <trajectory sample="244" generation="244000"
                    bestEnergy="-37.0" averageEnergy="-35.1114" worstEnergy="-34.0"
                    bestConformation="Conformation 39.0 -39.0 Flfrfrflrrffflffllfrrllrrflfrrlffffrfrrlffflrllrlrrllflfflrrfrffllrflfrfllfrrllfrflrrfrflfflrllffll"/>
        <trajectory sample="245" generation="245000"
                    bestEnergy="-37.0" averageEnergy="-35.159" worstEnergy="-33.0"
                    bestConformation="Conformation 39.0 -39.0 Flfrfrflrrffflffllfrrllrrflfrrlffffrfrrlffflrllrlrrllflfflrrfrffllrflfrfllfrrllfrflrrfrflfflrllffll"/>
        <trajectory sample="246" generation="246000"
                    bestEnergy="-37.0" averageEnergy="-35.2142" worstEnergy="-34.0"
                    bestConformation="Conformation 39.0 -39.0 Flfrfrflrrffflffllfrrllrrflfrrlffffrfrrlffflrllrlrrllflfflrrfrffllrflfrfllfrrllfrflrrfrflfflrllffll"/>
        <trajectory sample="247" generation="247000"
                    bestEnergy="-37.0" averageEnergy="-35.2636" worstEnergy="-29.0"
                    bestConformation="Conformation 39.0 -39.0 Flfrfrflrrffflffllfrrllrrflfrrlffffrfrrlffflrllrlrrllflfflrrfrffllrflfrfllfrrllfrflrrfrflfflrllffll"/>
        <trajectory sample="248" generation="248000"
                    bestEnergy="-37.0" averageEnergy="-35.3263" worstEnergy="-34.0"
                    bestConformation="Conformation 39.0 -39.0 Flfrfrflrrffflffllfrrllrrflfrrlffffrfrrlffflrllrlrrllflfflrrfrffllrflfrfllfrrllfrflrrfrflfflrllffll"/>
        <trajectory sample="249" generation="249000"
                    bestEnergy="-37.0" averageEnergy="-35.3535" worstEnergy="-35.0"
                    bestConformation="Conformation 39.0 -39.0 Flfrfrflrrffflffllfrrllrrflfrrlffffrfrrlffflrllrlrrllflfflrrfrffllrflfrfllfrrllfrflrrfrflfflrllffll"/>
        <trajectory sample="250" generation="250000"
                    bestEnergy="-37.0" averageEnergy="-35.3768" worstEnergy="-35.0"
                    bestConformation="Conformation 39.0 -39.0 Flfrfrflrrffflffllfrrllrrflfrrlffffrfrrlffflrllrlrrllflfflrrfrffllrflfrfllfrrllfrflrrfrflfflrllffll"/>
        <trajectory sample="251" generation="251000"
                    bestEnergy="-37.0" averageEnergy="-35.3983" worstEnergy="-31.0"
                    bestConformation="Conformation 39.0 -39.0 Flfrfrflrrffflffllfrrllrrflfrrlffffrfrrlffflrllrlrrllflfflrrfrffllrflfrfllfrrllfrflrrfrflfflrllffll"/>
        <trajectory sample="252" generation="252000"
                    bestEnergy="-38.0" averageEnergy="-35.4207" worstEnergy="-30.0"
                    bestConformation="Conformation 38.0 -38.0 Flfrfrllrflffrrflfrrfllfflfrfrrllrrlrrllfrffrrfllfrllfffrllflrfffffrlrrfrlflfrrfllrllrlfrfflfllrrll"/>
        <trajectory sample="253" generation="253000"
                    bestEnergy="-38.0" averageEnergy="-35.4419" worstEnergy="-35.0"
                    bestConformation="Conformation 38.0 -38.0 Flfrfrllrflffrrflfrrfllfflfrfrrllrrlrrllfrffrrfllfrllfffrllflrfffffrlrrfrlflfrrfllrllrlfrfflfllrrll"/>
        <trajectory sample="254" generation="254000"
                    bestEnergy="-38.0" averageEnergy="-35.4693" worstEnergy="-35.0"
                    bestConformation="Conformation 38.0 -38.0 Flfrfrllrflffrrflfrrfllfflfrfrrllrrlrrllfrffrrfllfrllfffrllflrfffffrlrrfrlflfrrfllrllrlfrfflfllrrll"/>
        <trajectory sample="255" generation="255000"
                    bestEnergy="-38.0" averageEnergy="-35.4929" worstEnergy="-34.0"
                    bestConformation="Conformation 38.0 -38.0 Flfrfrllrflffrrflfrrfllfflfrfrrllrrlrrllfrffrrfllfrllfffrllflrfffffrlrrfrlflfrrfllrllrlfrfflfllrrll"/>
        <trajectory sample="256" generation="256000"
                    bestEnergy="-38.0" averageEnergy="-35.5177" worstEnergy="-26.0"
                    bestConformation="Conformation 38.0 -38.0 Flfrfrllrflffrrflfrrfllfflfrfrrllrrlrrllfrffrrfllfrllfffrllflrfffffrlrrfrlflfrrfllrllrlfrfflfllrrll"/>
        <trajectory sample="257" generation="257000"
                    bestEnergy="-38.0" averageEnergy="-35.5476" worstEnergy="-35.0"
                    bestConformation="Conformation 38.0 -38.0 Flfrfrllrflffrrflfrrfllfflfrfrrllrrlrrllfrffrrfllfrllfffrllflrfffffrlrrfrlflfrrfllrllrlfrfflfllrrll"/>
        <trajectory sample="258" generation="258000"
                    bestEnergy="-38.0" averageEnergy="-35.5753" worstEnergy="-32.0"
                    bestConformation="Conformation 38.0 -38.0 Flfrfrllrflffrrflfrrfllfflfrfrrllrrlrrllfrffrrfllfrllfffrllflrfffffrlrrfrlflfrrfllrllrlfrfflfllrrll"/>
        <trajectory sample="259" generation="259000"
                    bestEnergy="-38.0" averageEnergy="-35.6051" worstEnergy="-32.0"
                    bestConformation="Conformation 38.0 -38.0 Flfrfrllrflffrrflfrrfllfflfrfrrllrrlrrllfrffrrfllfrllfffrllflrfffffrlrrfrlflfrrfllrllrlfrfflfllrrll"/>
        <trajectory sample="260" generation="260000"
                    bestEnergy="-38.0" averageEnergy="-35.6337" worstEnergy="-34.0"
                    bestConformation="Conformation 38.0 -38.0 Flfrfrllrflffrrflfrrfllfflfrfrrllrrlrrllfrffrrfllfrllfffrllflrfffffrlrrfrlflfrrfllrllrlfrfflfllrrll"/>
        <trajectory sample="261" generation="261000"
                    bestEnergy="-38.0" averageEnergy="-35.6648" worstEnergy="-30.0"
                    bestConformation="Conformation 38.0 -38.0 Flfrfrllrflffrrflfrrfllfflfrfrrllrrlrrllfrffrrfllfrllfffrllflrfffffrlrrfrlflfrrfllrllrlfrfflfllrrll"/>
        <trajectory sample="262" generation="262000"
                    bestEnergy="-38.0" averageEnergy="-35.6928" worstEnergy="-33.0"
                    bestConformation="Conformation 38.0 -38.0 Flfrfrllrflffrrflfrrfllfflfrfrrllrrlrrllfrffrrfllfrllfffrllflrfffffrlrrfrlflfrrfllrllrlfrfflfllrrll"/>
        <trajectory sample="263" generation="263000"
                    bestEnergy="-38.0" averageEnergy="-35.7295" worstEnergy="-30.0"
                    bestConformation="Conformation 38.0 -38.0 Flfrfrllrflffrrflfrrfllfflfrfrrllrrlrrllfrffrrfllfrllfffrllflrfffffrlrrfrlflfrrfllrllrlfrfflfllrrll"/>
        <trajectory sample="264" generation="264000"
                    bestEnergy="-38.0" averageEnergy="-35.7638" worstEnergy="-30.0"
                    bestConformation="Conformation 38.0 -38.0 Flfrfrllrflffrrflfrrfllfflfrfrrllrrlrrllfrffrrfllfrllfffrllflrfffffrlrrfrlflfrrfllrllrlfrfflfllrrll"/>
        <trajectory sample="265" generation="265000"
                    bestEnergy="-38.0" averageEnergy="-35.7999" worstEnergy="-34.0"
                    bestConformation="Conformation 38.0 -38.0 Flfrfrllrflffrrflfrrfllfflfrfrrllrrlrrllfrffrrfllfrllfffrllflrfffffrlrrfrlflfrrfllrllrlfrfflfllrrll"/>
        <trajectory sample="266" generation="266000"
                    bestEnergy="-38.0" averageEnergy="-35.8339" worstEnergy="-35.0"
                    bestConformation="Conformation 38.0 -38.0 Flfrfrllrflffrrflfrrfllfflfrfrrllrrlrrllfrffrrfllfrllfffrllflrfffffrlrrfrlflfrrfllrllrlfrfflfllrrll"/>
        <trajectory sample="267" generation="267000"
                    bestEnergy="-38.0" averageEnergy="-35.8711" worstEnergy="-30.0"
                    bestConformation="Conformation 38.0 -38.0 Flfrfrllrflffrrflfrrfllfflfrfrrllrrlrrllfrffrrfllfrllfffrllflrfffffrlrrfrlflfrrfllrllrlfrfflfllrrll"/>
        <trajectory sample="268" generation="268000"
                    bestEnergy="-38.0" averageEnergy="-35.9103" worstEnergy="-25.0"
                    bestConformation="Conformation 38.0 -38.0 Flfrfrllrflffrrflfrrfllfflfrfrrllrrlrrllfrffrrfllfrllfffrllflrfffffrlrrfrlflfrrfllrllrlfrfflfllrrll"/>
        <trajectory sample="269" generation="269000"
                    bestEnergy="-38.0" averageEnergy="-35.95" worstEnergy="-31.0"
                    bestConformation="Conformation 38.0 -38.0 Flfrfrllrflffrrflfrrfllfflfrfrrllrrlrrllfrffrrfllfrllfffrllflrfffffrlrrfrlflfrrfllrllrlfrfflfllrrll"/>
        <trajectory sample="270" generation="270000"
                    bestEnergy="-38.0" averageEnergy="-35.9888" worstEnergy="-32.0"
                    bestConformation="Conformation 38.0 -38.0 Flfrfrllrflffrrflfrrfllfflfrfrrllrrlrrllfrffrrfllfrllfffrllflrfffffrlrrfrlflfrrfllrllrlfrfflfllrrll"/>
        <trajectory sample="271" generation="271000"
                    bestEnergy="-38.0" averageEnergy="-36.0356" worstEnergy="-35.0"
                    bestConformation="Conformation 38.0 -38.0 Flfrfrllrflffrrflfrrfllfflfrfrrllrrlrrllfrffrrfllfrllfffrllflrfffffrlrrfrlflfrrfllrllrlfrfflfllrrll"/>
        <trajectory sample="272" generation="272000"
                    bestEnergy="-38.0" averageEnergy="-36.0841" worstEnergy="-35.0"
                    bestConformation="Conformation 38.0 -38.0 Flfrfrllrflffrrflfrrfllfflfrfrrllrrlrrllfrffrrfllfrllfffrllflrfffffrlrrfrlflfrrfllrllrlfrfflfllrrll"/>
        <trajectory sample="273" generation="273000"
                    bestEnergy="-38.0" averageEnergy="-36.1123" worstEnergy="-32.0"
                    bestConformation="Conformation 38.0 -38.0 Flfrfrllrflffrrflfrrfllfflfrfrrllrrlrrllfrffrrfllfrllfffrllflrfffffrlrrfrlflfrrfllrllrlfrfflfllrrll"/>
        <trajectory sample="274" generation="274000"
                    bestEnergy="-38.0" averageEnergy="-36.1203" worstEnergy="-25.0"
                    bestConformation="Conformation 38.0 -38.0 Flfrfrllrflffrrflfrrfllfflfrfrrllrrlrrllfrffrrfllfrllfffrllflrfffffrlrrfrlflfrrfllrllrlfrfflfllrrll"/>
        <trajectory sample="275" generation="275000"
                    bestEnergy="-38.0" averageEnergy="-36.127" worstEnergy="-25.0"
                    bestConformation="Conformation 38.0 -38.0 Flfrfrllrflffrrflfrrfllfflfrfrrllrrlrrllfrffrrfllfrllfffrllflrfffffrlrrfrlflfrrfllrllrlfrfflfllrrll"/>
        <trajectory sample="276" generation="276000"
                    bestEnergy="-38.0" averageEnergy="-36.136" worstEnergy="-32.0"
                    bestConformation="Conformation 38.0 -38.0 Flfrfrllrflffrrflfrrfllfflfrfrrllrrlrrllfrffrrfllfrllfffrllflrfffffrlrrfrlflfrrfllrllrlfrfflfllrrll"/>
        <trajectory sample="277" generation="277000"
                    bestEnergy="-38.0" averageEnergy="-36.1433" worstEnergy="-26.0"
                    bestConformation="Conformation 38.0 -38.0 Flfrfrllrflffrrflfrrfllfflfrfrrllrrlrrllfrffrrfllfrllfffrllflrfffffrlrrfrlflfrrfllrllrlfrfflfllrrll"/>
        <trajectory sample="278" generation="278000"
                    bestEnergy="-38.0" averageEnergy="-36.1529" worstEnergy="-32.0"
                    bestConformation="Conformation 38.0 -38.0 Flfrfrllrflffrrflfrrfllfflfrfrrllrrlrrllfrffrrfllfrllfffrllflrfffffrlrrfrlflfrrfllrllrlfrfflfllrrll"/>
        <trajectory sample="279" generation="279000"
                    bestEnergy="-38.0" averageEnergy="-36.163" worstEnergy="-36.0"
                    bestConformation="Conformation 38.0 -38.0 Flfrfrllrflffrrflfrrfllfflfrfrrllrrlrrllfrffrrfllfrllfffrllflrfffffrlrrfrlflfrrfllrllrlfrfflfllrrll"/>
        <trajectory sample="280" generation="280000"
                    bestEnergy="-38.0" averageEnergy="-36.1741" worstEnergy="-36.0"
                    bestConformation="Conformation 38.0 -38.0 Flfrfrllrflffrrflfrrfllfflfrfrrllrrlrrllfrffrrfllfrllfffrllflrfffffrlrrfrlflfrrfllrllrlfrfflfllrrll"/>
        <trajectory sample="281" generation="281000"
                    bestEnergy="-38.0" averageEnergy="-36.1851" worstEnergy="-36.0"
                    bestConformation="Conformation 38.0 -38.0 Flfrfrllrflffrrflfrrfllfflfrfrrllrrlrrllfrffrrfllfrllfffrllflrfffffrlrrfrlflfrrfllrllrlfrfflfllrrll"/>
        <trajectory sample="282" generation="282000"
                    bestEnergy="-38.0" averageEnergy="-36.1974" worstEnergy="-36.0"
                    bestConformation="Conformation 38.0 -38.0 Flfrfrllrflffrrflfrrfllfflfrfrrllrrlrrllfrffrrfllfrllfffrllflrfffffrlrrfrlflfrrfllrllrlfrfflfllrrll"/>
        <trajectory sample="283" generation="283000"
                    bestEnergy="-38.0" averageEnergy="-36.2097" worstEnergy="-32.0"
                    bestConformation="Conformation 38.0 -38.0 Flfrfrllrflffrrflfrrfllfflfrfrrllrrlrrllfrffrrfllfrllfffrllflrfffffrlrrfrlflfrrfllrllrlfrfflfllrrll"/>
        <trajectory sample="284" generation="284000"
                    bestEnergy="-38.0" averageEnergy="-36.2219" worstEnergy="-31.0"
                    bestConformation="Conformation 38.0 -38.0 Flfrfrllrflffrrflfrrfllfflfrfrrllrrlrrllfrffrrfllfrllfffrllflrfffffrlrrfrlflfrrfllrllrlfrfflfllrrll"/>
        <trajectory sample="285" generation="285000"
                    bestEnergy="-38.0" averageEnergy="-36.2368" worstEnergy="-34.0"
                    bestConformation="Conformation 38.0 -38.0 Flfrfrllrflffrrflfrrfllfflfrfrrllrrlrrllfrffrrfllfrllfffrllflrfffffrlrrfrlflfrrfllrllrlfrfflfllrrll"/>
        <trajectory sample="286" generation="286000"
                    bestEnergy="-38.0" averageEnergy="-36.2498" worstEnergy="-30.0"
                    bestConformation="Conformation 38.0 -38.0 Flfrfrllrflffrrflfrrfllfflfrfrrllrrlrrllfrffrrfllfrllfffrllflrfffffrlrrfrlflfrrfllrllrlfrfflfllrrll"/>
        <trajectory sample="287" generation="287000"
                    bestEnergy="-38.0" averageEnergy="-36.2659" worstEnergy="-28.0"
                    bestConformation="Conformation 38.0 -38.0 Flfrfrllrflffrrflfrrfllfflfrfrrllrrlrrllfrffrrfllfrllfffrllflrfffffrlrrfrlflfrrfllrllrlfrfflfllrrll"/>
        <trajectory sample="288" generation="288000"
                    bestEnergy="-38.0" averageEnergy="-36.2819" worstEnergy="-23.0"
                    bestConformation="Conformation 38.0 -38.0 Flfrfrllrflffrrflfrrfllfflfrfrrllrrlrrllfrffrrfllfrllfffrllflrfffffrlrrfrlflfrrfllrllrlfrfflfllrrll"/>
        <trajectory sample="289" generation="289000"
                    bestEnergy="-38.0" averageEnergy="-36.299" worstEnergy="-36.0"
                    bestConformation="Conformation 38.0 -38.0 Flfrfrllrflffrrflfrrfllfflfrfrrllrrlrrllfrffrrfllfrllfffrllflrfffffrlrrfrlflfrrfllrllrlfrfflfllrrll"/>
        <trajectory sample="290" generation="290000"
                    bestEnergy="-38.0" averageEnergy="-36.3145" worstEnergy="-35.0"
                    bestConformation="Conformation 38.0 -38.0 Flfrfrllrflffrrflfrrfllfflfrfrrllrrlrrllfrffrrfllfrllfffrllflrfffffrlrrfrlflfrrfllrllrlfrfflfllrrll"/>
        <trajectory sample="291" generation="291000"
                    bestEnergy="-38.0" averageEnergy="-36.3318" worstEnergy="-30.0"
                    bestConformation="Conformation 38.0 -38.0 Flfrfrllrflffrrflfrrfllfflfrfrrllrrlrrllfrffrrfllfrllfffrllflrfffffrlrrfrlflfrrfllrllrlfrfflfllrrll"/>
        <trajectory sample="292" generation="292000"
                    bestEnergy="-38.0" averageEnergy="-36.3513" worstEnergy="-36.0"
                    bestConformation="Conformation 38.0 -38.0 Flfrfrllrflffrrflfrrfllfflfrfrrllrrlrrllfrffrrfllfrllfffrllflrfffffrlrrfrlflfrrfllrllrlfrfflfllrrll"/>
        <trajectory sample="293" generation="293000"
                    bestEnergy="-38.0" averageEnergy="-36.3688" worstEnergy="-36.0"
                    bestConformation="Conformation 38.0 -38.0 Flfrfrllrflffrrflfrrfllfflfrfrrllrrlrrllfrffrrfllfrllfffrllflrfffffrlrrfrlflfrrfllrllrlfrfflfllrrll"/>
        <trajectory sample="294" generation="294000"
                    bestEnergy="-38.0" averageEnergy="-36.3902" worstEnergy="-36.0"
                    bestConformation="Conformation 38.0 -38.0 Flfrfrllrflffrrflfrrfllfflfrfrrllrrlrrllfrffrrfllfrllfffrllflrfffffrlrrfrlflfrrfllrllrlfrfflfllrrll"/>
        <trajectory sample="295" generation="295000"
                    bestEnergy="-38.0" averageEnergy="-36.4104" worstEnergy="-36.0"
                    bestConformation="Conformation 38.0 -38.0 Flfrfrllrflffrrflfrrfllfflfrfrrllrrlrrllfrffrrfllfrllfffrllflrfffffrlrrfrlflfrrfllrllrlfrfflfllrrll"/>
        <trajectory sample="296" generation="296000"
                    bestEnergy="-38.0" averageEnergy="-36.4317" worstEnergy="-36.0"
                    bestConformation="Conformation 38.0 -38.0 Flfrfrllrflffrrflfrrfllfflfrfrrllrrlrrllfrffrrfllfrllfffrllflrfffffrlrrfrlflfrrfllrllrlfrfflfllrrll"/>
        <trajectory sample="297" generation="297000"
                    bestEnergy="-38.0" averageEnergy="-36.4545" worstEnergy="-36.0"
                    bestConformation="Conformation 38.0 -38.0 Flfrfrllrflffrrflfrrfllfflfrfrrllrrlrrllfrffrrfllfrllfffrllflrfffffrlrrfrlflfrrfllrllrlfrfflfllrrll"/>
        <trajectory sample="298" generation="298000"
                    bestEnergy="-38.0" averageEnergy="-36.4762" worstEnergy="-33.0"
                    bestConformation="Conformation 38.0 -38.0 Flfrfrllrflffrrflfrrfllfflfrfrrllrrlrrllfrffrrfllfrllfffrllflrfffffrlrrfrlflfrrfllrllrlfrfflfllrrll"/>
        <trajectory sample="299" generation="299000"
                    bestEnergy="-38.0" averageEnergy="-36.5011" worstEnergy="-35.0"
                    bestConformation="Conformation 38.0 -38.0 Flfrfrllrflffrrflfrrfllfflfrfrrllrrlrrllfrffrrfllfrllfffrllflrfffffrlrrfrlflfrrfllrllrlfrfflfllrrll"/>
        <trajectory sample="300" generation="300000"
                    bestEnergy="-38.0" averageEnergy="-36.5254" worstEnergy="-36.0"
                    bestConformation="Conformation 38.0 -38.0 Flfrfrllrflffrrflfrrfllfflfrfrrllrrlrrllfrffrrfllfrllfffrllflrfffffrlrrfrlflfrrfllrllrlfrfflfllrrll"/>
        <trajectory sample="301" generation="301000"
                    bestEnergy="-38.0" averageEnergy="-36.5496" worstEnergy="-30.0"
                    bestConformation="Conformation 38.0 -38.0 Flfrfrllrflffrrflfrrfllfflfrfrrllrrlrrllfrffrrfllfrllfffrllflrfffffrlrrfrlflfrrfllrllrlfrfflfllrrll"/>
        <trajectory sample="302" generation="302000"
                    bestEnergy="-38.0" averageEnergy="-36.5795" worstEnergy="-36.0"
                    bestConformation="Conformation 38.0 -38.0 Flfrfrllrflffrrflfrrfllfflfrfrrllrrlrrllfrffrrfllfrllfffrllflrfffffrlrrfrlflfrrfllrllrlfrfflfllrrll"/>
        <trajectory sample="303" generation="303000"
                    bestEnergy="-38.0" averageEnergy="-36.6049" worstEnergy="-31.0"
                    bestConformation="Conformation 38.0 -38.0 Flfrfrllrflffrrflfrrfllfflfrfrrllrrlrrllfrffrrfllfrllfffrllflrfffffrlrrfrlflfrrfllrllrlfrfflfllrrll"/>
        <trajectory sample="304" generation="304000"
                    bestEnergy="-38.0" averageEnergy="-36.6347" worstEnergy="-36.0"
                    bestConformation="Conformation 38.0 -38.0 Flfrfrllrflffrrflfrrfllfflfrfrrllrrlrrllfrffrrfllfrllfffrllflrfffffrlrrfrlflfrrfllrllrlfrfflfllrrll"/>
        <trajectory sample="305" generation="305000"
                    bestEnergy="-38.0" averageEnergy="-36.6643" worstEnergy="-36.0"
                    bestConformation="Conformation 38.0 -38.0 Flfrfrllrflffrrflfrrfllfflfrfrrllrrlrrllfrffrrfllfrllfffrllflrfffffrlrrfrlflfrrfllrllrlfrfflfllrrll"/>
        <trajectory sample="306" generation="306000"
                    bestEnergy="-38.0" averageEnergy="-36.6961" worstEnergy="-36.0"
                    bestConformation="Conformation 38.0 -38.0 Flfrfrllrflffrrflfrrfllfflfrfrrllrrlrrllfrffrrfllfrllfffrllflrfffffrlrrfrlflfrrfllrllrlfrfflfllrrll"/>
        <trajectory sample="307" generation="307000"
                    bestEnergy="-38.0" averageEnergy="-36.7254" worstEnergy="-36.0"
                    bestConformation="Conformation 38.0 -38.0 Flfrfrllrflffrrflfrrfllfflfrfrrllrrlrrllfrffrrfllfrllfffrllflrfffffrlrrfrlflfrrfllrllrlfrfflfllrrll"/>
        <trajectory sample="308" generation="308000"
                    bestEnergy="-38.0" averageEnergy="-36.7575" worstEnergy="-36.0"
                    bestConformation="Conformation 38.0 -38.0 Flfrfrllrflffrrflfrrfllfflfrfrrllrrlrrllfrffrrfllfrllfffrllflrfffffrlrrfrlflfrrfllrllrlfrfflfllrrll"/>
        <trajectory sample="309" generation="309000"
                    bestEnergy="-38.0" averageEnergy="-36.7902" worstEnergy="-36.0"
                    bestConformation="Conformation 38.0 -38.0 Flfrfrllrflffrrflfrrfllfflfrfrrllrrlrrllfrffrrfllfrllfffrllflrfffffrlrrfrlflfrrfllrllrlfrfflfllrrll"/>
        <trajectory sample="310" generation="310000"
                    bestEnergy="-38.0" averageEnergy="-36.8229" worstEnergy="-36.0"
                    bestConformation="Conformation 38.0 -38.0 Flfrfrllrflffrrflfrrfllfflfrfrrllrrlrrllfrffrrfllfrllfffrllflrfffffrlrrfrlflfrrfllrllrlfrfflfllrrll"/>
        <trajectory sample="311" generation="311000"
                    bestEnergy="-38.0" averageEnergy="-36.8557" worstEnergy="-36.0"
                    bestConformation="Conformation 38.0 -38.0 Flfrfrllrflffrrflfrrfllfflfrfrrllrrlrrllfrffrrfllfrllfffrllflrfffffrlrrfrlflfrrfllrllrlfrfflfllrrll"/>
        <trajectory sample="312" generation="312000"
                    bestEnergy="-38.0" averageEnergy="-36.8943" worstEnergy="-36.0"
                    bestConformation="Conformation 38.0 -38.0 Flfrfrllrflffrrflfrrfllfflfrfrrllrrlrrllfrffrrfllfrllfffrllflrfffffrlrrfrlflfrrfllrllrlfrfflfllrrll"/>
        <trajectory sample="313" generation="313000"
                    bestEnergy="-38.0" averageEnergy="-36.9324" worstEnergy="-31.0"
                    bestConformation="Conformation 38.0 -38.0 Flfrfrllrflffrrflfrrfllfflfrfrrllrrlrrllfrffrrfllfrllfffrllflrfffffrlrrfrlflfrrfllrllrlfrfflfllrrll"/>
        <trajectory sample="314" generation="314000"
                    bestEnergy="-38.0" averageEnergy="-36.9691" worstEnergy="-36.0"
                    bestConformation="Conformation 38.0 -38.0 Flfrfrllrflffrrflfrrfllfflfrfrrllrrlrrllfrffrrfllfrllfffrllflrfffffrlrrfrlflfrrfllrllrlfrfflfllrrll"/>
        <trajectory sample="315" generation="315000"
                    bestEnergy="-38.0" averageEnergy="-37.0067" worstEnergy="-36.0"
                    bestConformation="Conformation 38.0 -38.0 Flfrfrllrflffrrflfrrfllfflfrfrrllrrlrrllfrffrrfllfrllfffrllflrfffffrlrrfrlflfrrfllrllrlfrfflfllrrll"/>
        <trajectory sample="316" generation="316000"
                    bestEnergy="-38.0" averageEnergy="-37.0263" worstEnergy="-32.0"
                    bestConformation="Conformation 38.0 -38.0 Flfrfrllrflffrrflfrrfllfflfrfrrllrrlrrllfrffrrfllfrllfffrllflrfffffrlrrfrlflfrrfllrllrlfrfflfllrrll"/>
        <trajectory sample="317" generation="317000"
                    bestEnergy="-38.0" averageEnergy="-37.0286" worstEnergy="-36.0"
                    bestConformation="Conformation 38.0 -38.0 Flfrfrllrflffrrflfrrfllfflfrfrrllrrlrrllfrffrrfllfrllfffrllflrfffffrlrrfrlflfrrfllrllrlfrfflfllrrll"/>
        <trajectory sample="318" generation="318000"
                    bestEnergy="-38.0" averageEnergy="-37.0304" worstEnergy="-31.0"
                    bestConformation="Conformation 38.0 -38.0 Flfrfrllrflffrrflfrrfllfflfrfrrllrrlrrllfrffrrfllfrllfffrllflrfffffrlrrfrlflfrrfllrllrlfrfflfllrrll"/>
        <trajectory sample="319" generation="319000"
                    bestEnergy="-38.0" averageEnergy="-37.0322" worstEnergy="-35.0"
                    bestConformation="Conformation 38.0 -38.0 Flfrfrllrflffrrflfrrfllfflfrfrrllrrlrrllfrffrrfllfrllfffrllflrfffffrlrrfrlflfrrfllrllrlfrfflfllrrll"/>
        <trajectory sample="320" generation="320000"
                    bestEnergy="-38.0" averageEnergy="-37.0343" worstEnergy="-32.0"
                    bestConformation="Conformation 38.0 -38.0 Flfrfrllrflffrrflfrrfllfflfrfrrllrrlrrllfrffrrfllfrllfffrllflrfffffrlrrfrlflfrrfllrllrlfrfflfllrrll"/>
        <trajectory sample="321" generation="321000"
                    bestEnergy="-38.0" averageEnergy="-37.0378" worstEnergy="-34.0"
                    bestConformation="Conformation 38.0 -38.0 Flfrfrllrflffrrflfrrfllfflfrfrrllrrlrrllfrffrrfllfrllfffrllflrfffffrlrrfrlflfrrfllrllrlfrfflfllrrll"/>
        <trajectory sample="322" generation="322000"
                    bestEnergy="-38.0" averageEnergy="-37.0399" worstEnergy="-37.0"
                    bestConformation="Conformation 38.0 -38.0 Flfrfrllrflffrrflfrrfllfflfrfrrllrrlrrllfrffrrfllfrllfffrllflrfffffrlrrfrlflfrrfllrllrlfrfflfllrrll"/>
        <trajectory sample="323" generation="323000"
                    bestEnergy="-38.0" averageEnergy="-37.0421" worstEnergy="-34.0"
                    bestConformation="Conformation 38.0 -38.0 Flfrfrllrflffrrflfrrfllfflfrfrrllrrlrrllfrffrrfllfrllfffrllflrfffffrlrrfrlflfrrfllrllrlfrfflfllrrll"/>
        <trajectory sample="324" generation="324000"
                    bestEnergy="-38.0" averageEnergy="-37.0451" worstEnergy="-37.0"
                    bestConformation="Conformation 38.0 -38.0 Flfrfrllrflffrrflfrrfllfflfrfrrllrrlrrllfrffrrfllfrllfffrllflrfffffrlrrfrlflfrrfllrllrlfrfflfllrrll"/>
        <trajectory sample="325" generation="325000"
                    bestEnergy="-38.0" averageEnergy="-37.0481" worstEnergy="-37.0"
                    bestConformation="Conformation 38.0 -38.0 Flfrfrllrflffrrflfrrfllfflfrfrrllrrlrrllfrffrrfllfrllfffrllflrfffffrlrrfrlflfrrfllrllrlfrfflfllrrll"/>
        <trajectory sample="326" generation="326000"
                    bestEnergy="-39.0" averageEnergy="-37.0519" worstEnergy="-37.0"
                    bestConformation="Conformation 39.0 -39.0 Flfllffrllffrrffllfrrllrrflfrrlffffrfrrlffflrllrlrrllflfflrrfrffflflfrlfrllrrllfrflrrfrflfflrllflrr"/>
        <trajectory sample="327" generation="327000"
                    bestEnergy="-39.0" averageEnergy="-37.0553" worstEnergy="-36.0"
                    bestConformation="Conformation 39.0 -39.0 Flfllffrllffrrffllfrrllrrflfrrlffffrfrrlffflrllrlrrllflfflrrfrffflflfrlfrllrrllfrflrrfrflfflrllflrr"/>
        <trajectory sample="328" generation="328000"
                    bestEnergy="-39.0" averageEnergy="-37.0595" worstEnergy="-37.0"
                    bestConformation="Conformation 39.0 -39.0 Flfllffrllffrrffllfrrllrrflfrrlffffrfrrlffflrllrlrrllflfflrrfrffflflfrlfrllrrllfrflrrfrflfflrllflrr"/>
        <trajectory sample="329" generation="329000"
                    bestEnergy="-39.0" averageEnergy="-37.0635" worstEnergy="-35.0"
                    bestConformation="Conformation 39.0 -39.0 Flfllffrllffrrffllfrrllrrflfrrlffffrfrrlffflrllrlrrllflfflrrfrffflflfrlfrllrrllfrflrrfrflfflrllflrr"/>
        <trajectory sample="330" generation="330000"
                    bestEnergy="-39.0" averageEnergy="-37.0666" worstEnergy="-30.0"
                    bestConformation="Conformation 39.0 -39.0 Flfllffrllffrrffllfrrllrrflfrrlffffrfrrlffflrllrlrrllflfflrrfrffflflfrlfrllrrllfrflrrfrflfflrllflrr"/>
        <trajectory sample="331" generation="331000"
                    bestEnergy="-39.0" averageEnergy="-37.071" worstEnergy="-37.0"
                    bestConformation="Conformation 39.0 -39.0 Flfllffrllffrrffllfrrllrrflfrrlffffrfrrlffflrllrlrrllflfflrrfrffflflfrlfrllrrllfrflrrfrflfflrllflrr"/>
        <trajectory sample="332" generation="332000"
                    bestEnergy="-39.0" averageEnergy="-37.074" worstEnergy="-30.0"
                    bestConformation="Conformation 39.0 -39.0 Flfllffrllffrrffllfrrllrrflfrrlffffrfrrlffflrllrlrrllflfflrrfrffflflfrlfrllrrllfrflrrfrflfflrllflrr"/>
        <trajectory sample="333" generation="333000"
                    bestEnergy="-39.0" averageEnergy="-37.0808" worstEnergy="-37.0"
                    bestConformation="Conformation 39.0 -39.0 Flfllffrllffrrffllfrrllrrflfrrlffffrfrrlffflrllrlrrllflfflrrfrffflflfrlfrllrrllfrflrrfrflfflrllflrr"/>
        <trajectory sample="334" generation="334000"
                    bestEnergy="-39.0" averageEnergy="-37.0861" worstEnergy="-37.0"
                    bestConformation="Conformation 39.0 -39.0 Flfllffrllffrrffllfrrllrrflfrrlffffrfrrlffflrllrlrrllflfflrrfrffflflfrlfrllrrllfrflrrfrflfflrllflrr"/>
        <trajectory sample="335" generation="335000"
                    bestEnergy="-39.0" averageEnergy="-37.091" worstEnergy="-29.0"
                    bestConformation="Conformation 39.0 -39.0 Flfllffrllffrrffllfrrllrrflfrrlffffrfrrlffflrllrlrrllflfflrrfrffflflfrlfrllrrllfrflrrfrflfflrllflrr"/>
        <trajectory sample="336" generation="336000"
                    bestEnergy="-39.0" averageEnergy="-37.0981" worstEnergy="-33.0"
                    bestConformation="Conformation 39.0 -39.0 Flfllffrllffrrffllfrrllrrflfrrlffffrfrrlffflrllrlrrllflfflrrfrffflflfrlfrllrrllfrflrrfrflfflrllflrr"/>
        <trajectory sample="337" generation="337000"
                    bestEnergy="-39.0" averageEnergy="-37.1053" worstEnergy="-34.0"
                    bestConformation="Conformation 39.0 -39.0 Flfllffrllffrrffllfrrllrrflfrrlffffrfrrlffflrllrlrrllflfflrrfrffflflfrlfrllrrllfrflrrfrflfflrllflrr"/>
        <trajectory sample="338" generation="338000"
                    bestEnergy="-39.0" averageEnergy="-37.1121" worstEnergy="-30.0"
                    bestConformation="Conformation 39.0 -39.0 Flfllffrllffrrffllfrrllrrflfrrlffffrfrrlffflrllrlrrllflfflrrfrffflflfrlfrllrrllfrflrrfrflfflrllflrr"/>
        <trajectory sample="339" generation="339000"
                    bestEnergy="-39.0" averageEnergy="-37.1206" worstEnergy="-29.0"
                    bestConformation="Conformation 39.0 -39.0 Flfllffrllffrrffllfrrllrrflfrrlffffrfrrlffflrllrlrrllflfflrrfrffflflfrlfrllrrllfrflrrfrflfflrllflrr"/>
        <trajectory sample="340" generation="340000"
                    bestEnergy="-39.0" averageEnergy="-37.1285" worstEnergy="-37.0"
                    bestConformation="Conformation 39.0 -39.0 Flfllffrllffrrffllfrrllrrflfrrlffffrfrrlffflrllrlrrllflfflrrfrffflflfrlfrllrrllfrflrrfrflfflrllflrr"/>
        <trajectory sample="341" generation="341000"
                    bestEnergy="-39.0" averageEnergy="-37.1364" worstEnergy="-37.0"
                    bestConformation="Conformation 39.0 -39.0 Flfllffrllffrrffllfrrllrrflfrrlffffrfrrlffflrllrlrrllflfflrrfrffflflfrlfrllrrllfrflrrfrflfflrllflrr"/>
        <trajectory sample="342" generation="342000"
                    bestEnergy="-39.0" averageEnergy="-37.1443" worstEnergy="-31.0"
                    bestConformation="Conformation 39.0 -39.0 Flfllffrllffrrffllfrrllrrflfrrlffffrfrrlffflrllrlrrllflfflrrfrffflflfrlfrllrrllfrflrrfrflfflrllflrr"/>
        <trajectory sample="343" generation="343000"
                    bestEnergy="-39.0" averageEnergy="-37.1542" worstEnergy="-30.0"
                    bestConformation="Conformation 39.0 -39.0 Flfllffrllffrrffllfrrllrrflfrrlffffrfrrlffflrllrlrrllflfflrrfrffflflfrlfrllrrllfrflrrfrflfflrllflrr"/>
        <trajectory sample="344" generation="344000"
                    bestEnergy="-39.0" averageEnergy="-37.1648" worstEnergy="-34.0"
                    bestConformation="Conformation 39.0 -39.0 Flfllffrllffrrffllfrrllrrflfrrlffffrfrrlffflrllrlrrllflfflrrfrffflflfrlfrllrrllfrflrrfrflfflrllflrr"/>
        <trajectory sample="345" generation="345000"
                    bestEnergy="-39.0" averageEnergy="-37.1767" worstEnergy="-37.0"
                    bestConformation="Conformation 39.0 -39.0 Flfllffrllffrrffllfrrllrrflfrrlffffrfrrlffflrllrlrrllflfflrrfrffflflfrlfrllrrllfrflrrfrflfflrllflrr"/>
        <trajectory sample="346" generation="346000"
                    bestEnergy="-39.0" averageEnergy="-37.1884" worstEnergy="-37.0"
                    bestConformation="Conformation 39.0 -39.0 Flfllffrllffrrffllfrrllrrflfrrlffffrfrrlffflrllrlrrllflfflrrfrffflflfrlfrllrrllfrflrrfrflfflrllflrr"/>
        <trajectory sample="347" generation="347000"
                    bestEnergy="-39.0" averageEnergy="-37.2002" worstEnergy="-37.0"
                    bestConformation="Conformation 39.0 -39.0 Flfllffrllffrrffllfrrllrrflfrrlffffrfrrlffflrllrlrrllflfflrrfrffflflfrlfrllrrllfrflrrfrflfflrllflrr"/>
        <trajectory sample="348" generation="348000"
                    bestEnergy="-39.0" averageEnergy="-37.2109" worstEnergy="-32.0"
                    bestConformation="Conformation 39.0 -39.0 Flfllffrllffrrffllfrrllrrflfrrlffffrfrrlffflrllrlrrllflfflrrfrffflflfrlfrllrrllfrflrrfrflfflrllflrr"/>
        <trajectory sample="349" generation="349000"
                    bestEnergy="-39.0" averageEnergy="-37.2252" worstEnergy="-35.0"
                    bestConformation="Conformation 39.0 -39.0 Flfllffrllffrrffllfrrllrrflfrrlffffrfrrlffflrllrlrrllflfflrrfrffflflfrlfrllrrllfrflrrfrflfflrllflrr"/>
        <trajectory sample="350" generation="350000"
                    bestEnergy="-39.0" averageEnergy="-37.2378" worstEnergy="-36.0"
                    bestConformation="Conformation 39.0 -39.0 Flfllffrllffrrffllfrrllrrflfrrlffffrfrrlffflrllrlrrllflfflrrfrffflflfrlfrllrrllfrflrrfrflfflrllflrr"/>
        <trajectory sample="351" generation="351000"
                    bestEnergy="-39.0" averageEnergy="-37.2505" worstEnergy="-30.0"
                    bestConformation="Conformation 39.0 -39.0 Flfllffrllffrrffllfrrllrrflfrrlffffrfrrlffflrllrlrrllflfflrrfrffflflfrlfrllrrllfrflrrfrflfflrllflrr"/>
        <trajectory sample="352" generation="352000"
                    bestEnergy="-39.0" averageEnergy="-37.2671" worstEnergy="-37.0"
                    bestConformation="Conformation 39.0 -39.0 Flfllffrllffrrffllfrrllrrflfrrlffffrfrrlffflrllrlrrllflfflrrfrffflflfrlfrllrrllfrflrrfrflfflrllflrr"/>
        <trajectory sample="353" generation="353000"
                    bestEnergy="-39.0" averageEnergy="-37.2805" worstEnergy="-32.0"
                    bestConformation="Conformation 39.0 -39.0 Flfllffrllffrrffllfrrllrrflfrrlffffrfrrlffflrllrlrrllflfflrrfrffflflfrlfrllrrllfrflrrfrflfflrllflrr"/>
        <trajectory sample="354" generation="354000"
                    bestEnergy="-39.0" averageEnergy="-37.2948" worstEnergy="-26.0"
                    bestConformation="Conformation 39.0 -39.0 Flfllffrllffrrffllfrrllrrflfrrlffffrfrrlffflrllrlrrllflfflrrfrffflflfrlfrllrrllfrflrrfrflfflrllflrr"/>
        <trajectory sample="355" generation="355000"
                    bestEnergy="-39.0" averageEnergy="-37.3113" worstEnergy="-31.0"
                    bestConformation="Conformation 39.0 -39.0 Flfllffrllffrrffllfrrllrrflfrrlffffrfrrlffflrllrlrrllflfflrrfrffflflfrlfrllrrllfrflrrfrflfflrllflrr"/>
        <trajectory sample="356" generation="356000"
                    bestEnergy="-39.0" averageEnergy="-37.3287" worstEnergy="-33.0"
                    bestConformation="Conformation 39.0 -39.0 Flfllffrllffrrffllfrrllrrflfrrlffffrfrrlffflrllrlrrllflfflrrfrffflflfrlfrllrrllfrflrrfrflfflrllflrr"/>
        <trajectory sample="357" generation="357000"
                    bestEnergy="-39.0" averageEnergy="-37.3472" worstEnergy="-37.0"
                    bestConformation="Conformation 39.0 -39.0 Flfllffrllffrrffllfrrllrrflfrrlffffrfrrlffflrllrlrrllflfflrrfrffflflfrlfrllrrllfrflrrfrflfflrllflrr"/>
        <trajectory sample="358" generation="358000"
                    bestEnergy="-39.0" averageEnergy="-37.3652" worstEnergy="-36.0"
                    bestConformation="Conformation 39.0 -39.0 Flfllffrllffrrffllfrrllrrflfrrlffffrfrrlffflrllrlrrllflfflrrfrffflflfrlfrllrrllfrflrrfrflfflrllflrr"/>
        <trajectory sample="359" generation="359000"
                    bestEnergy="-39.0" averageEnergy="-37.3851" worstEnergy="-37.0"
                    bestConformation="Conformation 39.0 -39.0 Flfllffrllffrrffllfrrllrrflfrrlffffrfrrlffflrllrlrrllflfflrrfrffflflfrlfrllrrllfrflrrfrflfflrllflrr"/>
        <trajectory sample="360" generation="360000"
                    bestEnergy="-39.0" averageEnergy="-37.4049" worstEnergy="-34.0"
                    bestConformation="Conformation 39.0 -39.0 Flfllffrllffrrffllfrrllrrflfrrlffffrfrrlffflrllrlrrllflfflrrfrffflflfrlfrllrrllfrflrrfrflfflrllflrr"/>
        <trajectory sample="361" generation="361000"
                    bestEnergy="-39.0" averageEnergy="-37.4293" worstEnergy="-37.0"
                    bestConformation="Conformation 39.0 -39.0 Flfllffrllffrrffllfrrllrrflfrrlffffrfrrlffflrllrlrrllflfflrrfrffflflfrlfrllrrllfrflrrfrflfflrllflrr"/>
        <trajectory sample="362" generation="362000"
                    bestEnergy="-39.0" averageEnergy="-37.4504" worstEnergy="-26.0"
                    bestConformation="Conformation 39.0 -39.0 Flfllffrllffrrffllfrrllrrflfrrlffffrfrrlffflrllrlrrllflfflrrfrffflflfrlfrllrrllfrflrrfrflfflrllflrr"/>
        <trajectory sample="363" generation="363000"
                    bestEnergy="-39.0" averageEnergy="-37.4729" worstEnergy="-37.0"
                    bestConformation="Conformation 39.0 -39.0 Flfllffrllffrrffllfrrllrrflfrrlffffrfrrlffflrllrlrrllflfflrrfrffflflfrlfrllrrllfrflrrfrflfflrllflrr"/>
        <trajectory sample="364" generation="364000"
                    bestEnergy="-39.0" averageEnergy="-37.4948" worstEnergy="-36.0"
                    bestConformation="Conformation 39.0 -39.0 Flfllffrllffrrffllfrrllrrflfrrlffffrfrrlffflrllrlrrllflfflrrfrffflflfrlfrllrrllfrflrrfrflfflrllflrr"/>
        <trajectory sample="365" generation="365000"
                    bestEnergy="-39.0" averageEnergy="-37.5182" worstEnergy="-36.0"
                    bestConformation="Conformation 39.0 -39.0 Flfllffrllffrrffllfrrllrrflfrrlffffrfrrlffflrllrlrrllflfflrrfrffflflfrlfrllrrllfrflrrfrflfflrllflrr"/>
        <trajectory sample="366" generation="366000"
                    bestEnergy="-39.0" averageEnergy="-37.544" worstEnergy="-34.0"
                    bestConformation="Conformation 39.0 -39.0 Flfllffrllffrrffllfrrllrrflfrrlffffrfrrlffflrllrlrrllflfflrrfrffflflfrlfrllrrllfrflrrfrflfflrllflrr"/>
        <trajectory sample="367" generation="367000"
                    bestEnergy="-39.0" averageEnergy="-37.5699" worstEnergy="-30.0"
                    bestConformation="Conformation 39.0 -39.0 Flfllffrllffrrffllfrrllrrflfrrlffffrfrrlffflrllrlrrllflfflrrfrffflflfrlfrllrrllfrflrrfrflfflrllflrr"/>
        <trajectory sample="368" generation="368000"
                    bestEnergy="-39.0" averageEnergy="-37.6004" worstEnergy="-32.0"
                    bestConformation="Conformation 39.0 -39.0 Flfllffrllffrrffllfrrllrrflfrrlffffrfrrlffflrllrlrrllflfflrrfrffflflfrlfrllrrllfrflrrfrflfflrllflrr"/>
        <trajectory sample="369" generation="369000"
                    bestEnergy="-39.0" averageEnergy="-37.6268" worstEnergy="-37.0"
                    bestConformation="Conformation 39.0 -39.0 Flfllffrllffrrffllfrrllrrflfrrlffffrfrrlffflrllrlrrllflfflrrfrffflflfrlfrllrrllfrflrrfrflfflrllflrr"/>
        <trajectory sample="370" generation="370000"
                    bestEnergy="-39.0" averageEnergy="-37.6576" worstEnergy="-36.0"
                    bestConformation="Conformation 39.0 -39.0 Flfllffrllffrrffllfrrllrrflfrrlffffrfrrlffflrllrlrrllflfflrrfrffflflfrlfrllrrllfrflrrfrflfflrllflrr"/>
        <trajectory sample="371" generation="371000"
                    bestEnergy="-39.0" averageEnergy="-37.6862" worstEnergy="-36.0"
                    bestConformation="Conformation 39.0 -39.0 Flfllffrllffrrffllfrrllrrflfrrlffffrfrrlffflrllrlrrllflfflrrfrffflflfrlfrllrrllfrflrrfrflfflrllflrr"/>
        <trajectory sample="372" generation="372000"
                    bestEnergy="-39.0" averageEnergy="-37.7131" worstEnergy="-26.0"
                    bestConformation="Conformation 39.0 -39.0 Flfllffrllffrrffllfrrllrrflfrrlffffrfrrlffflrllrlrrllflfflrrfrffflflfrlfrllrrllfrflrrfrflfflrllflrr"/>
        <trajectory sample="373" generation="373000"
                    bestEnergy="-39.0" averageEnergy="-37.7444" worstEnergy="-37.0"
                    bestConformation="Conformation 39.0 -39.0 Flfllffrllffrrffllfrrllrrflfrrlffffrfrrlffflrllrlrrllflfflrrfrffflflfrlfrllrrllfrflrrfrflfflrllflrr"/>
        <trajectory sample="374" generation="374000"
                    bestEnergy="-39.0" averageEnergy="-37.7742" worstEnergy="-36.0"
                    bestConformation="Conformation 39.0 -39.0 Flfllffrllffrrffllfrrllrrflfrrlffffrfrrlffflrllrlrrllflfflrrfrffflflfrlfrllrrllfrflrrfrflfflrllflrr"/>
        <trajectory sample="375" generation="375000"
                    bestEnergy="-39.0" averageEnergy="-37.8079" worstEnergy="-35.0"
                    bestConformation="Conformation 39.0 -39.0 Flfllffrllffrrffllfrrllrrflfrrlffffrfrrlffflrllrlrrllflfflrrfrffflflfrlfrllrrllfrflrrfrflfflrllflrr"/>
        <trajectory sample="376" generation="376000"
                    bestEnergy="-39.0" averageEnergy="-37.845" worstEnergy="-27.0"
                    bestConformation="Conformation 39.0 -39.0 Flfllffrllffrrffllfrrllrrflfrrlffffrfrrlffflrllrlrrllflfflrrfrffflflfrlfrllrrllfrflrrfrflfflrllflrr"/>
        <trajectory sample="377" generation="377000"
                    bestEnergy="-39.0" averageEnergy="-37.8792" worstEnergy="-37.0"
                    bestConformation="Conformation 39.0 -39.0 Flfllffrllffrrffllfrrllrrflfrrlffffrfrrlffflrllrlrrllflfflrrfrffflflfrlfrllrrllfrflrrfrflfflrllflrr"/>
        <trajectory sample="378" generation="378000"
                    bestEnergy="-39.0" averageEnergy="-37.9147" worstEnergy="-35.0"
                    bestConformation="Conformation 39.0 -39.0 Flfllffrllffrrffllfrrllrrflfrrlffffrfrrlffflrllrlrrllflfflrrfrffflflfrlfrllrrllfrflrrfrflfflrllflrr"/>
        <trajectory sample="379" generation="379000"
                    bestEnergy="-39.0" averageEnergy="-37.9507" worstEnergy="-33.0"
                    bestConformation="Conformation 39.0 -39.0 Flfllffrllffrrffllfrrllrrflfrrlffffrfrrlffflrllrlrrllflfflrrfrffflflfrlfrllrrllfrflrrfrflfflrllflrr"/>
        <trajectory sample="380" generation="380000"
                    bestEnergy="-39.0" averageEnergy="-37.9886" worstEnergy="-37.0"
                    bestConformation="Conformation 39.0 -39.0 Flfllffrllffrrffllfrrllrrflfrrlffffrfrrlffflrllrlrrllflfflrrfrffflflfrlfrllrrllfrflrrfrflfflrllflrr"/>
        <trajectory sample="381" generation="381000"
                    bestEnergy="-39.0" averageEnergy="-38.0036" worstEnergy="-38.0"
                    bestConformation="Conformation 39.0 -39.0 Flfllffrllffrrffllfrrllrrflfrrlffffrfrrlffflrllrlrrllflfflrrfrffflflfrlfrllrrllfrflrrfrflfflrllflrr"/>
        <trajectory sample="382" generation="382000"
                    bestEnergy="-39.0" averageEnergy="-38.004" worstEnergy="-36.0"
                    bestConformation="Conformation 39.0 -39.0 Flfllffrllffrrffllfrrllrrflfrrlffffrfrrlffflrllrlrrllflfflrrfrffflflfrlfrllrrllfrflrrfrflfflrllflrr"/>
        <trajectory sample="383" generation="383000"
                    bestEnergy="-39.0" averageEnergy="-38.005" worstEnergy="-38.0"
                    bestConformation="Conformation 39.0 -39.0 Flfllffrllffrrffllfrrllrrflfrrlffffrfrrlffflrllrlrrllflfflrrfrffflflfrlfrllrrllfrflrrfrflfflrllflrr"/>
        <trajectory sample="384" generation="384000"
                    bestEnergy="-39.0" averageEnergy="-38.0048" worstEnergy="-33.0"
                    bestConformation="Conformation 39.0 -39.0 Flfllffrllffrrffllfrrllrrflfrrlffffrfrrlffflrllrlrrllflfflrrfrffflflfrlfrllrrllfrflrrfrflfflrllflrr"/>
        <trajectory sample="385" generation="385000"
                    bestEnergy="-39.0" averageEnergy="-38.0056" worstEnergy="-36.0"
                    bestConformation="Conformation 39.0 -39.0 Flfllffrllffrrffllfrrllrrflfrrlffffrfrrlffflrllrlrrllflfflrrfrffflflfrlfrllrrllfrflrrfrflfflrllflrr"/>
        <trajectory sample="386" generation="386000"
                    bestEnergy="-39.0" averageEnergy="-38.0056" worstEnergy="-31.0"
                    bestConformation="Conformation 39.0 -39.0 Flfllffrllffrrffllfrrllrrflfrrlffffrfrrlffflrllrlrrllflfflrrfrffflflfrlfrllrrllfrflrrfrflfflrllflrr"/>
        <trajectory sample="387" generation="387000"
                    bestEnergy="-39.0" averageEnergy="-38.0067" worstEnergy="-35.0"
                    bestConformation="Conformation 39.0 -39.0 Flfllffrllffrrffllfrrllrrflfrrlffffrfrrlffflrllrlrrllflfflrrfrffflflfrlfrllrrllfrflrrfrflfflrllflrr"/>
        <trajectory sample="388" generation="388000"
                    bestEnergy="-39.0" averageEnergy="-38.0069" worstEnergy="-35.0"
                    bestConformation="Conformation 39.0 -39.0 Flfllffrllffrrffllfrrllrrflfrrlffffrfrrlffflrllrlrrllflfflrrfrffflflfrlfrllrrllfrflrrfrflfflrllflrr"/>
        <trajectory sample="389" generation="389000"
                    bestEnergy="-39.0" averageEnergy="-38.0074" worstEnergy="-36.0"
                    bestConformation="Conformation 39.0 -39.0 Flfllffrllffrrffllfrrllrrflfrrlffffrfrrlffflrllrlrrllflfflrrfrffflflfrlfrllrrllfrflrrfrflfflrllflrr"/>
        <trajectory sample="390" generation="390000"
                    bestEnergy="-39.0" averageEnergy="-38.008" worstEnergy="-36.0"
                    bestConformation="Conformation 39.0 -39.0 Flfllffrllffrrffllfrrllrrflfrrlffffrfrrlffflrllrlrrllflfflrrfrffflflfrlfrllrrllfrflrrfrflfflrllflrr"/>
        <trajectory sample="391" generation="391000"
                    bestEnergy="-39.0" averageEnergy="-38.0085" worstEnergy="-36.0"
                    bestConformation="Conformation 39.0 -39.0 Flfllffrllffrrffllfrrllrrflfrrlffffrfrrlffflrllrlrrllflfflrrfrffflflfrlfrllrrllfrflrrfrflfflrllflrr"/>
        <trajectory sample="392" generation="392000"
                    bestEnergy="-39.0" averageEnergy="-38.0084" worstEnergy="-29.0"
                    bestConformation="Conformation 39.0 -39.0 Flfllffrllffrrffllfrrllrrflfrrlffffrfrrlffflrllrlrrllflfflrrfrffflflfrlfrllrrllfrflrrfrflfflrllflrr"/>
        <trajectory sample="393" generation="393000"
                    bestEnergy="-39.0" averageEnergy="-38.0101" worstEnergy="-36.0"
                    bestConformation="Conformation 39.0 -39.0 Flfllffrllffrrffllfrrllrrflfrrlffffrfrrlffflrllrlrrllflfflrrfrffflflfrlfrllrrllfrflrrfrflfflrllflrr"/>
        <trajectory sample="394" generation="394000"
                    bestEnergy="-39.0" averageEnergy="-38.0104" worstEnergy="-31.0"
                    bestConformation="Conformation 39.0 -39.0 Flfllffrllffrrffllfrrllrrflfrrlffffrfrrlffflrllrlrrllflfflrrfrffflflfrlfrllrrllfrflrrfrflfflrllflrr"/>
        <trajectory sample="395" generation="395000"
                    bestEnergy="-39.0" averageEnergy="-38.0107" worstEnergy="-27.0"
                    bestConformation="Conformation 39.0 -39.0 Flfllffrllffrrffllfrrllrrflfrrlffffrfrrlffflrllrlrrllflfflrrfrffflflfrlfrllrrllfrflrrfrflfflrllflrr"/>
        <trajectory sample="396" generation="396000"
                    bestEnergy="-39.0" averageEnergy="-38.0128" worstEnergy="-38.0"
                    bestConformation="Conformation 39.0 -39.0 Flfllffrllffrrffllfrrllrrflfrrlffffrfrrlffflrllrlrrllflfflrrfrffflflfrlfrllrrllfrflrrfrflfflrllflrr"/>
        <trajectory sample="397" generation="397000"
                    bestEnergy="-39.0" averageEnergy="-38.013" worstEnergy="-35.0"
                    bestConformation="Conformation 39.0 -39.0 Flfllffrllffrrffllfrrllrrflfrrlffffrfrrlffflrllrlrrllflfflrrfrffflflfrlfrllrrllfrflrrfrflfflrllflrr"/>
        <trajectory sample="398" generation="398000"
                    bestEnergy="-39.0" averageEnergy="-38.014" worstEnergy="-38.0"
                    bestConformation="Conformation 39.0 -39.0 Flfllffrllffrrffllfrrllrrflfrrlffffrfrrlffflrllrlrrllflfflrrfrffflflfrlfrllrrllfrflrrfrflfflrllflrr"/>
        <trajectory sample="399" generation="399000"
                    bestEnergy="-39.0" averageEnergy="-38.0148" worstEnergy="-38.0"
                    bestConformation="Conformation 39.0 -39.0 Flfllffrllffrrffllfrrllrrflfrrlffffrfrrlffflrllrlrrllflfflrrfrffflflfrlfrllrrllfrflrrfrflfflrllflrr"/>
        <trajectory sample="400" generation="400000"
                    bestEnergy="-39.0" averageEnergy="-38.0166" worstEnergy="-36.0"
                    bestConformation="Conformation 39.0 -39.0 Flfllffrllffrrffllfrrllrrflfrrlffffrfrrlffflrllrlrrllflfflrrfrffflflfrlfrllrrllfrflrrfrflfflrllflrr"/>
    </run>
    <run number="8" numberOfGenerations="400001" populationSize="10000">
        <trajectory sample="0" generation="0"
                    bestEnergy="-29.0" averageEnergy="-10.6746" worstEnergy="-1.0"
                    bestConformation="Conformation 40.0 -40.0 Flflrllrllfrfrrlfrllfrfrrlfllrlfrllfrllrflrrflrrfrllrffrllflrrllrfrllflrlrlflfrrffrllrflffrffrfrlrr"/>
        <trajectory sample="1" generation="1000"
                    bestEnergy="-29.0" averageEnergy="-11.3651" worstEnergy="-6.0"
                    bestConformation="Conformation 40.0 -40.0 Flflrllrllfrfrrlfrllfrfrrlfllrlfrllfrllrflrrflrrfrllrffrllflrrllrfrllflrlrlflfrrffrllrflffrffrfrlrr"/>
        <trajectory sample="2" generation="2000"
                    bestEnergy="-29.0" averageEnergy="-11.9147" worstEnergy="-7.0"
                    bestConformation="Conformation 40.0 -40.0 Flflrllrllfrfrrlfrllfrfrrlfllrlfrllfrllrflrrflrrfrllrffrllflrrllrfrllflrlrlflfrrffrllrflffrffrfrlrr"/>
        <trajectory sample="3" generation="3000"
                    bestEnergy="-29.0" averageEnergy="-12.3774" worstEnergy="-8.0"
                    bestConformation="Conformation 40.0 -40.0 Flflrllrllfrfrrlfrllfrfrrlfllrlfrllfrllrflrrflrrfrllrffrllflrrllrfrllflrlrlflfrrffrllrflffrffrfrlrr"/>
        <trajectory sample="4" generation="4000"
                    bestEnergy="-29.0" averageEnergy="-12.8134" worstEnergy="-9.0"
                    bestConformation="Conformation 40.0 -40.0 Flflrllrllfrfrrlfrllfrfrrlfllrlfrllfrllrflrrflrrfrllrffrllflrrllrfrllflrlrlflfrrffrllrflffrffrfrlrr"/>
        <trajectory sample="5" generation="5000"
                    bestEnergy="-29.0" averageEnergy="-13.229" worstEnergy="-10.0"
                    bestConformation="Conformation 40.0 -40.0 Flflrllrllfrfrrlfrllfrfrrlfllrlfrllfrllrflrrflrrfrllrffrllflrrllrfrllflrlrlflfrrffrllrflffrffrfrlrr"/>
        <trajectory sample="6" generation="6000"
                    bestEnergy="-29.0" averageEnergy="-13.5895" worstEnergy="-10.0"
                    bestConformation="Conformation 40.0 -40.0 Flflrllrllfrfrrlfrllfrfrrlfllrlfrllfrllrflrrflrrfrllrffrllflrrllrfrllflrlrlflfrrffrllrflffrffrfrlrr"/>
        <trajectory sample="7" generation="7000"
                    bestEnergy="-29.0" averageEnergy="-13.9586" worstEnergy="-11.0"
                    bestConformation="Conformation 40.0 -40.0 Flflrllrllfrfrrlfrllfrfrrlfllrlfrllfrllrflrrflrrfrllrffrllflrrllrfrllflrlrlflfrrffrllrflffrffrfrlrr"/>
        <trajectory sample="8" generation="8000"
                    bestEnergy="-29.0" averageEnergy="-14.2858" worstEnergy="-11.0"
                    bestConformation="Conformation 40.0 -40.0 Flflrllrllfrfrrlfrllfrfrrlfllrlfrllfrllrflrrflrrfrllrffrllflrrllrfrllflrlrlflfrrffrllrflffrffrfrlrr"/>
        <trajectory sample="9" generation="9000"
                    bestEnergy="-29.0" averageEnergy="-14.6187" worstEnergy="-12.0"
                    bestConformation="Conformation 40.0 -40.0 Flflrllrllfrfrrlfrllfrfrrlfllrlfrllfrllrflrrflrrfrllrffrllflrrllrfrllflrlrlflfrrffrllrflffrffrfrlrr"/>
        <trajectory sample="10" generation="10000"
                    bestEnergy="-29.0" averageEnergy="-14.9064" worstEnergy="-12.0"
                    bestConformation="Conformation 40.0 -40.0 Flflrllrllfrfrrlfrllfrfrrlfllrlfrllfrllrflrrflrrfrllrffrllflrrllrfrllflrlrlflfrrffrllrflffrffrfrlrr"/>
        <trajectory sample="11" generation="11000"
                    bestEnergy="-29.0" averageEnergy="-15.2236" worstEnergy="-12.0"
                    bestConformation="Conformation 40.0 -40.0 Flflrllrllfrfrrlfrllfrfrrlfllrlfrllfrllrflrrflrrfrllrffrllflrrllrfrllflrlrlflfrrffrllrflffrffrfrlrr"/>
        <trajectory sample="12" generation="12000"
                    bestEnergy="-29.0" averageEnergy="-15.4888" worstEnergy="-13.0"
                    bestConformation="Conformation 40.0 -40.0 Flflrllrllfrfrrlfrllfrfrrlfllrlfrllfrllrflrrflrrfrllrffrllflrrllrfrllflrlrlflfrrffrllrflffrffrfrlrr"/>
        <trajectory sample="13" generation="13000"
                    bestEnergy="-29.0" averageEnergy="-15.7546" worstEnergy="-13.0"
                    bestConformation="Conformation 40.0 -40.0 Flflrllrllfrfrrlfrllfrfrrlfllrlfrllfrllrflrrflrrfrllrffrllflrrllrfrllflrlrlflfrrffrllrflffrffrfrlrr"/>
        <trajectory sample="14" generation="14000"
                    bestEnergy="-29.0" averageEnergy="-16.0452" worstEnergy="-13.0"
                    bestConformation="Conformation 40.0 -40.0 Flflrllrllfrfrrlfrllfrfrrlfllrlfrllfrllrflrrflrrfrllrffrllflrrllrfrllflrlrlflfrrffrllrflffrffrfrlrr"/>
        <trajectory sample="15" generation="15000"
                    bestEnergy="-29.0" averageEnergy="-16.2849" worstEnergy="-14.0"
                    bestConformation="Conformation 40.0 -40.0 Flflrllrllfrfrrlfrllfrfrrlfllrlfrllfrllrflrrflrrfrllrffrllflrrllrfrllflrlrlflfrrffrllrflffrffrfrlrr"/>
        <trajectory sample="16" generation="16000"
                    bestEnergy="-29.0" averageEnergy="-16.5267" worstEnergy="-8.0"
                    bestConformation="Conformation 40.0 -40.0 Flflrllrllfrfrrlfrllfrfrrlfllrlfrllfrllrflrrflrrfrllrffrllflrrllrfrllflrlrlflfrrffrllrflffrffrfrlrr"/>
        <trajectory sample="17" generation="17000"
                    bestEnergy="-29.0" averageEnergy="-16.7927" worstEnergy="-14.0"
                    bestConformation="Conformation 40.0 -40.0 Flflrllrllfrfrrlfrllfrfrrlfllrlfrllfrllrflrrflrrfrllrffrllflrrllrfrllflrlrlflfrrffrllrflffrffrfrlrr"/>
        <trajectory sample="18" generation="18000"
                    bestEnergy="-29.0" averageEnergy="-17.042" worstEnergy="-15.0"
                    bestConformation="Conformation 40.0 -40.0 Flflrllrllfrfrrlfrllfrfrrlfllrlfrllfrllrflrrflrrfrllrffrllflrrllrfrllflrlrlflfrrffrllrflffrffrfrlrr"/>
        <trajectory sample="19" generation="19000"
                    bestEnergy="-29.0" averageEnergy="-17.2678" worstEnergy="-14.0"
                    bestConformation="Conformation 40.0 -40.0 Flflrllrllfrfrrlfrllfrfrrlfllrlfrllfrllrflrrflrrfrllrffrllflrrllrfrllflrlrlflfrrffrllrflffrffrfrlrr"/>
        <trajectory sample="20" generation="20000"
                    bestEnergy="-29.0" averageEnergy="-17.5021" worstEnergy="-15.0"
                    bestConformation="Conformation 40.0 -40.0 Flflrllrllfrfrrlfrllfrfrrlfllrlfrllfrllrflrrflrrfrllrffrllflrrllrfrllflrlrlflfrrffrllrflffrffrfrlrr"/>
        <trajectory sample="21" generation="21000"
                    bestEnergy="-29.0" averageEnergy="-17.7509" worstEnergy="-15.0"
                    bestConformation="Conformation 40.0 -40.0 Flflrllrllfrfrrlfrllfrfrrlfllrlfrllfrllrflrrflrrfrllrffrllflrrllrfrllflrlrlflfrrffrllrflffrffrfrlrr"/>
        <trajectory sample="22" generation="22000"
                    bestEnergy="-29.0" averageEnergy="-17.9706" worstEnergy="-16.0"
                    bestConformation="Conformation 40.0 -40.0 Flflrllrllfrfrrlfrllfrfrrlfllrlfrllfrllrflrrflrrfrllrffrllflrrllrfrllflrlrlflfrrffrllrflffrffrfrlrr"/>
        <trajectory sample="23" generation="23000"
                    bestEnergy="-29.0" averageEnergy="-18.1742" worstEnergy="-15.0"
                    bestConformation="Conformation 40.0 -40.0 Flflrllrllfrfrrlfrllfrfrrlfllrlfrllfrllrflrrflrrfrllrffrllflrrllrfrllflrlrlflfrrffrllrflffrffrfrlrr"/>
        <trajectory sample="24" generation="24000"
                    bestEnergy="-29.0" averageEnergy="-18.3811" worstEnergy="-16.0"
                    bestConformation="Conformation 40.0 -40.0 Flflrllrllfrfrrlfrllfrfrrlfllrlfrllfrllrflrrflrrfrllrffrllflrrllrfrllflrlrlflfrrffrllrflffrffrfrlrr"/>
        <trajectory sample="25" generation="25000"
                    bestEnergy="-29.0" averageEnergy="-18.6225" worstEnergy="-16.0"
                    bestConformation="Conformation 40.0 -40.0 Flflrllrllfrfrrlfrllfrfrrlfllrlfrllfrllrflrrflrrfrllrffrllflrrllrfrllflrlrlflfrrffrllrflffrffrfrlrr"/>
        <trajectory sample="26" generation="26000"
                    bestEnergy="-29.0" averageEnergy="-18.8338" worstEnergy="-16.0"
                    bestConformation="Conformation 40.0 -40.0 Flflrllrllfrfrrlfrllfrfrrlfllrlfrllfrllrflrrflrrfrllrffrllflrrllrfrllflrlrlflfrrffrllrflffrffrfrlrr"/>
        <trajectory sample="27" generation="27000"
                    bestEnergy="-29.0" averageEnergy="-19.0217" worstEnergy="-17.0"
                    bestConformation="Conformation 40.0 -40.0 Flflrllrllfrfrrlfrllfrfrrlfllrlfrllfrllrflrrflrrfrllrffrllflrrllrfrllflrlrlflfrrffrllrflffrffrfrlrr"/>
        <trajectory sample="28" generation="28000"
                    bestEnergy="-29.0" averageEnergy="-19.2179" worstEnergy="-17.0"
                    bestConformation="Conformation 40.0 -40.0 Flflrllrllfrfrrlfrllfrfrrlfllrlfrllfrllrflrrflrrfrllrffrllflrrllrfrllflrlrlflfrrffrllrflffrffrfrlrr"/>
        <trajectory sample="29" generation="29000"
                    bestEnergy="-29.0" averageEnergy="-19.437" worstEnergy="-17.0"
                    bestConformation="Conformation 40.0 -40.0 Flflrllrllfrfrrlfrllfrfrrlfllrlfrllfrllrflrrflrrfrllrffrllflrrllrfrllflrlrlflfrrffrllrflffrffrfrlrr"/>
        <trajectory sample="30" generation="30000"
                    bestEnergy="-29.0" averageEnergy="-19.6509" worstEnergy="-18.0"
                    bestConformation="Conformation 40.0 -40.0 Flflrllrllfrfrrlfrllfrfrrlfllrlfrllfrllrflrrflrrfrllrffrllflrrllrfrllflrlrlflfrrffrllrflffrffrfrlrr"/>
        <trajectory sample="31" generation="31000"
                    bestEnergy="-29.0" averageEnergy="-19.807" worstEnergy="-18.0"
                    bestConformation="Conformation 40.0 -40.0 Flflrllrllfrfrrlfrllfrfrrlfllrlfrllfrllrflrrflrrfrllrffrllflrrllrfrllflrlrlflfrrffrllrflffrffrfrlrr"/>
        <trajectory sample="32" generation="32000"
                    bestEnergy="-29.0" averageEnergy="-19.9801" worstEnergy="-18.0"
                    bestConformation="Conformation 40.0 -40.0 Flflrllrllfrfrrlfrllfrfrrlfllrlfrllfrllrflrrflrrfrllrffrllflrrllrfrllflrlrlflfrrffrllrflffrffrfrlrr"/>
        <trajectory sample="33" generation="33000"
                    bestEnergy="-29.0" averageEnergy="-20.1715" worstEnergy="-18.0"
                    bestConformation="Conformation 40.0 -40.0 Flflrllrllfrfrrlfrllfrfrrlfllrlfrllfrllrflrrflrrfrllrffrllflrrllrfrllflrlrlflfrrffrllrflffrffrfrlrr"/>
        <trajectory sample="34" generation="34000"
                    bestEnergy="-29.0" averageEnergy="-20.3781" worstEnergy="-18.0"
                    bestConformation="Conformation 40.0 -40.0 Flflrllrllfrfrrlfrllfrfrrlfllrlfrllfrllrflrrflrrfrllrffrllflrrllrfrllflrlrlflfrrffrllrflffrffrfrlrr"/>
        <trajectory sample="35" generation="35000"
                    bestEnergy="-29.0" averageEnergy="-20.5624" worstEnergy="-17.0"
                    bestConformation="Conformation 40.0 -40.0 Flflrllrllfrfrrlfrllfrfrrlfllrlfrllfrllrflrrflrrfrllrffrllflrrllrfrllflrlrlflfrrffrllrflffrffrfrlrr"/>
        <trajectory sample="36" generation="36000"
                    bestEnergy="-29.0" averageEnergy="-20.7034" worstEnergy="-18.0"
                    bestConformation="Conformation 40.0 -40.0 Flflrllrllfrfrrlfrllfrfrrlfllrlfrllfrllrflrrflrrfrllrffrllflrrllrfrllflrlrlflfrrffrllrflffrffrfrlrr"/>
        <trajectory sample="37" generation="37000"
                    bestEnergy="-31.0" averageEnergy="-20.872" worstEnergy="-19.0"
                    bestConformation="Conformation 41.0 -41.0 Flllrfrrllfrfrrlfrllfrfrflffllfrrllfrllrflrrflrrfrllrffrllflrrllrrlflflrlrlflfrrffrllrflffrffrfrlrr"/>
        <trajectory sample="38" generation="38000"
                    bestEnergy="-31.0" averageEnergy="-21.0435" worstEnergy="-18.0"
                    bestConformation="Conformation 41.0 -41.0 Flllrfrrllfrfrrlfrllfrfrflffllfrrllfrllrflrrflrrfrllrffrllflrrllrrlflflrlrlflfrrffrllrflffrffrfrlrr"/>
        <trajectory sample="39" generation="39000"
                    bestEnergy="-31.0" averageEnergy="-21.2324" worstEnergy="-19.0"
                    bestConformation="Conformation 41.0 -41.0 Flllrfrrllfrfrrlfrllfrfrflffllfrrllfrllrflrrflrrfrllrffrllflrrllrrlflflrlrlflfrrffrllrflffrffrfrlrr"/>
        <trajectory sample="40" generation="40000"
                    bestEnergy="-33.0" averageEnergy="-21.4112" worstEnergy="-20.0"
                    bestConformation="Conformation 40.0 -40.0 Flllrfrrllfrfrrlfrllfrrlrrllflffrllfrllrflrrflrrfrllrffrllflrrllrfrllflfrflflfrrffrllrflffrffrfrlrr"/>
        <trajectory sample="41" generation="41000"
                    bestEnergy="-33.0" averageEnergy="-21.5518" worstEnergy="-18.0"
                    bestConformation="Conformation 40.0 -40.0 Flllrfrrllfrfrrlfrllfrrlrrllflffrllfrllrflrrflrrfrllrffrllflrrllrfrllflfrflflfrrffrllrflffrffrfrlrr"/>
        <trajectory sample="42" generation="42000"
                    bestEnergy="-33.0" averageEnergy="-21.6952" worstEnergy="-20.0"
                    bestConformation="Conformation 40.0 -40.0 Flllrfrrllfrfrrlfrllfrrlrrllflffrllfrllrflrrflrrfrllrffrllflrrllrfrllflfrflflfrrffrllrflffrffrfrlrr"/>
        <trajectory sample="43" generation="43000"
                    bestEnergy="-33.0" averageEnergy="-21.8499" worstEnergy="-19.0"
                    bestConformation="Conformation 40.0 -40.0 Flllrfrrllfrfrrlfrllfrrlrrllflffrllfrllrflrrflrrfrllrffrllflrrllrfrllflfrflflfrrffrllrflffrffrfrlrr"/>
        <trajectory sample="44" generation="44000"
                    bestEnergy="-33.0" averageEnergy="-22.0236" worstEnergy="-19.0"
                    bestConformation="Conformation 40.0 -40.0 Flllrfrrllfrfrrlfrllfrrlrrllflffrllfrllrflrrflrrfrllrffrllflrrllrfrllflfrflflfrrffrllrflffrffrfrlrr"/>
        <trajectory sample="45" generation="45000"
                    bestEnergy="-33.0" averageEnergy="-22.194" worstEnergy="-20.0"
                    bestConformation="Conformation 40.0 -40.0 Flllrfrrllfrfrrlfrllfrrlrrllflffrllfrllrflrrflrrfrllrffrllflrrllrfrllflfrflflfrrffrllrflffrffrfrlrr"/>
        <trajectory sample="46" generation="46000"
                    bestEnergy="-33.0" averageEnergy="-22.3824" worstEnergy="-20.0"
                    bestConformation="Conformation 40.0 -40.0 Flllrfrrllfrfrrlfrllfrrlrrllflffrllfrllrflrrflrrfrllrffrllflrrllrfrllflfrflflfrrffrllrflffrffrfrlrr"/>
        <trajectory sample="47" generation="47000"
                    bestEnergy="-33.0" averageEnergy="-22.5155" worstEnergy="-21.0"
                    bestConformation="Conformation 40.0 -40.0 Flllrfrrllfrfrrlfrllfrrlrrllflffrllfrllrflrrflrrfrllrffrllflrrllrfrllflfrflflfrrffrllrflffrffrfrlrr"/>
        <trajectory sample="48" generation="48000"
                    bestEnergy="-33.0" averageEnergy="-22.6494" worstEnergy="-21.0"
                    bestConformation="Conformation 40.0 -40.0 Flllrfrrllfrfrrlfrllfrrlrrllflffrllfrllrflrrflrrfrllrffrllflrrllrfrllflfrflflfrrffrllrflffrffrfrlrr"/>
        <trajectory sample="49" generation="49000"
                    bestEnergy="-33.0" averageEnergy="-22.7927" worstEnergy="-21.0"
                    bestConformation="Conformation 40.0 -40.0 Flllrfrrllfrfrrlfrllfrrlrrllflffrllfrllrflrrflrrfrllrffrllflrrllrfrllflfrflflfrrffrllrflffrffrfrlrr"/>
        <trajectory sample="50" generation="50000"
                    bestEnergy="-33.0" averageEnergy="-22.9496" worstEnergy="-21.0"
                    bestConformation="Conformation 40.0 -40.0 Flllrfrrllfrfrrlfrllfrrlrrllflffrllfrllrflrrflrrfrllrffrllflrrllrfrllflfrflflfrrffrllrflffrffrfrlrr"/>
        <trajectory sample="51" generation="51000"
                    bestEnergy="-33.0" averageEnergy="-23.1137" worstEnergy="-20.0"
                    bestConformation="Conformation 40.0 -40.0 Flllrfrrllfrfrrlfrllfrrlrrllflffrllfrllrflrrflrrfrllrffrllflrrllrfrllflfrflflfrrffrllrflffrffrfrlrr"/>
        <trajectory sample="52" generation="52000"
                    bestEnergy="-33.0" averageEnergy="-23.2978" worstEnergy="-21.0"
                    bestConformation="Conformation 40.0 -40.0 Flllrfrrllfrfrrlfrllfrrlrrllflffrllfrllrflrrflrrfrllrffrllflrrllrfrllflfrflflfrrffrllrflffrffrfrlrr"/>
        <trajectory sample="53" generation="53000"
                    bestEnergy="-33.0" averageEnergy="-23.4191" worstEnergy="-22.0"
                    bestConformation="Conformation 40.0 -40.0 Flllrfrrllfrfrrlfrllfrrlrrllflffrllfrllrflrrflrrfrllrffrllflrrllrfrllflfrflflfrrffrllrflffrffrfrlrr"/>
        <trajectory sample="54" generation="54000"
                    bestEnergy="-33.0" averageEnergy="-23.5503" worstEnergy="-22.0"
                    bestConformation="Conformation 40.0 -40.0 Flllrfrrllfrfrrlfrllfrrlrrllflffrllfrllrflrrflrrfrllrffrllflrrllrfrllflfrflflfrrffrllrflffrffrfrlrr"/>
        <trajectory sample="55" generation="55000"
                    bestEnergy="-33.0" averageEnergy="-23.6839" worstEnergy="-21.0"
                    bestConformation="Conformation 40.0 -40.0 Flllrfrrllfrfrrlfrllfrrlrrllflffrllfrllrflrrflrrfrllrffrllflrrllrfrllflfrflflfrrffrllrflffrffrfrlrr"/>
        <trajectory sample="56" generation="56000"
                    bestEnergy="-33.0" averageEnergy="-23.8333" worstEnergy="-22.0"
                    bestConformation="Conformation 40.0 -40.0 Flllrfrrllfrfrrlfrllfrrlrrllflffrllfrllrflrrflrrfrllrffrllflrrllrfrllflfrflflfrrffrllrflffrffrfrlrr"/>
        <trajectory sample="57" generation="57000"
                    bestEnergy="-33.0" averageEnergy="-23.9905" worstEnergy="-22.0"
                    bestConformation="Conformation 40.0 -40.0 Flllrfrrllfrfrrlfrllfrrlrrllflffrllfrllrflrrflrrfrllrffrllflrrllrfrllflfrflflfrrffrllrflffrffrfrlrr"/>
        <trajectory sample="58" generation="58000"
                    bestEnergy="-33.0" averageEnergy="-24.1583" worstEnergy="-22.0"
                    bestConformation="Conformation 40.0 -40.0 Flllrfrrllfrfrrlfrllfrrlrrllflffrllfrllrflrrflrrfrllrffrllflrrllrfrllflfrflflfrrffrllrflffrffrfrlrr"/>
        <trajectory sample="59" generation="59000"
                    bestEnergy="-33.0" averageEnergy="-24.32" worstEnergy="-18.0"
                    bestConformation="Conformation 40.0 -40.0 Flllrfrrllfrfrrlfrllfrrlrrllflffrllfrllrflrrflrrfrllrffrllflrrllrfrllflfrflflfrrffrllrflffrffrfrlrr"/>
        <trajectory sample="60" generation="60000"
                    bestEnergy="-33.0" averageEnergy="-24.446" worstEnergy="-23.0"
                    bestConformation="Conformation 40.0 -40.0 Flllrfrrllfrfrrlfrllfrrlrrllflffrllfrllrflrrflrrfrllrffrllflrrllrfrllflfrflflfrrffrllrflffrffrfrlrr"/>
        <trajectory sample="61" generation="61000"
                    bestEnergy="-33.0" averageEnergy="-24.5762" worstEnergy="-23.0"
                    bestConformation="Conformation 40.0 -40.0 Flllrfrrllfrfrrlfrllfrrlrrllflffrllfrllrflrrflrrfrllrffrllflrrllrfrllflfrflflfrrffrllrflffrffrfrlrr"/>
        <trajectory sample="62" generation="62000"
                    bestEnergy="-33.0" averageEnergy="-24.7105" worstEnergy="-23.0"
                    bestConformation="Conformation 40.0 -40.0 Flllrfrrllfrfrrlfrllfrrlrrllflffrllfrllrflrrflrrfrllrffrllflrrllrfrllflfrflflfrrffrllrflffrffrfrlrr"/>
        <trajectory sample="63" generation="63000"
                    bestEnergy="-33.0" averageEnergy="-24.8653" worstEnergy="-23.0"
                    bestConformation="Conformation 40.0 -40.0 Flllrfrrllfrfrrlfrllfrrlrrllflffrllfrllrflrrflrrfrllrffrllflrrllrfrllflfrflflfrrffrllrflffrffrfrlrr"/>
        <trajectory sample="64" generation="64000"
                    bestEnergy="-33.0" averageEnergy="-25.0249" worstEnergy="-23.0"
                    bestConformation="Conformation 40.0 -40.0 Flllrfrrllfrfrrlfrllfrrlrrllflffrllfrllrflrrflrrfrllrffrllflrrllrfrllflfrflflfrrffrllrflffrffrfrlrr"/>
        <trajectory sample="65" generation="65000"
                    bestEnergy="-33.0" averageEnergy="-25.1941" worstEnergy="-23.0"
                    bestConformation="Conformation 40.0 -40.0 Flllrfrrllfrfrrlfrllfrrlrrllflffrllfrllrflrrflrrfrllrffrllflrrllrfrllflfrflflfrrffrllrflffrffrfrlrr"/>
        <trajectory sample="66" generation="66000"
                    bestEnergy="-33.0" averageEnergy="-25.3612" worstEnergy="-21.0"
                    bestConformation="Conformation 40.0 -40.0 Flllrfrrllfrfrrlfrllfrrlrrllflffrllfrllrflrrflrrfrllrffrllflrrllrfrllflfrflflfrrffrllrflffrffrfrlrr"/>
        <trajectory sample="67" generation="67000"
                    bestEnergy="-33.0" averageEnergy="-25.4815" worstEnergy="-24.0"
                    bestConformation="Conformation 40.0 -40.0 Flllrfrrllfrfrrlfrllfrrlrrllflffrllfrllrflrrflrrfrllrffrllflrrllrfrllflfrflflfrrffrllrflffrffrfrlrr"/>
        <trajectory sample="68" generation="68000"
                    bestEnergy="-33.0" averageEnergy="-25.6096" worstEnergy="-24.0"
                    bestConformation="Conformation 40.0 -40.0 Flllrfrrllfrfrrlfrllfrrlrrllflffrllfrllrflrrflrrfrllrffrllflrrllrfrllflfrflflfrrffrllrflffrffrfrlrr"/>
        <trajectory sample="69" generation="69000"
                    bestEnergy="-33.0" averageEnergy="-25.7524" worstEnergy="-24.0"
                    bestConformation="Conformation 40.0 -40.0 Flllrfrrllfrfrrlfrllfrrlrrllflffrllfrllrflrrflrrfrllrffrllflrrllrfrllflfrflflfrrffrllrflffrffrfrlrr"/>
        <trajectory sample="70" generation="70000"
                    bestEnergy="-33.0" averageEnergy="-25.9013" worstEnergy="-24.0"
                    bestConformation="Conformation 40.0 -40.0 Flllrfrrllfrfrrlfrllfrrlrrllflffrllfrllrflrrflrrfrllrffrllflrrllrfrllflfrflflfrrffrllrflffrffrfrlrr"/>
        <trajectory sample="71" generation="71000"
                    bestEnergy="-33.0" averageEnergy="-26.0577" worstEnergy="-24.0"
                    bestConformation="Conformation 40.0 -40.0 Flllrfrrllfrfrrlfrllfrrlrrllflffrllfrllrflrrflrrfrllrffrllflrrllrfrllflfrflflfrrffrllrflffrffrfrlrr"/>
        <trajectory sample="72" generation="72000"
                    bestEnergy="-33.0" averageEnergy="-26.2322" worstEnergy="-24.0"
                    bestConformation="Conformation 40.0 -40.0 Flllrfrrllfrfrrlfrllfrrlrrllflffrllfrllrflrrflrrfrllrffrllflrrllrfrllflfrflflfrrffrllrflffrffrfrlrr"/>
        <trajectory sample="73" generation="73000"
                    bestEnergy="-33.0" averageEnergy="-26.351" worstEnergy="-25.0"
                    bestConformation="Conformation 40.0 -40.0 Flllrfrrllfrfrrlfrllfrrlrrllflffrllfrllrflrrflrrfrllrffrllflrrllrfrllflfrflflfrrffrllrflffrffrfrlrr"/>
        <trajectory sample="74" generation="74000"
                    bestEnergy="-33.0" averageEnergy="-26.4666" worstEnergy="-25.0"
                    bestConformation="Conformation 40.0 -40.0 Flllrfrrllfrfrrlfrllfrrlrrllflffrllfrllrflrrflrrfrllrffrllflrrllrfrllflfrflflfrrffrllrflffrffrfrlrr"/>
        <trajectory sample="75" generation="75000"
                    bestEnergy="-33.0" averageEnergy="-26.5851" worstEnergy="-21.0"
                    bestConformation="Conformation 40.0 -40.0 Flllrfrrllfrfrrlfrllfrrlrrllflffrllfrllrflrrflrrfrllrffrllflrrllrfrllflfrflflfrrffrllrflffrffrfrlrr"/>
        <trajectory sample="76" generation="76000"
                    bestEnergy="-33.0" averageEnergy="-26.7224" worstEnergy="-20.0"
                    bestConformation="Conformation 40.0 -40.0 Flllrfrrllfrfrrlfrllfrrlrrllflffrllfrllrflrrflrrfrllrffrllflrrllrfrllflfrflflfrrffrllrflffrffrfrlrr"/>
        <trajectory sample="77" generation="77000"
                    bestEnergy="-33.0" averageEnergy="-26.8141" worstEnergy="-26.0"
                    bestConformation="Conformation 40.0 -40.0 Flllrfrrllfrfrrlfrllfrrlrrllflffrllfrllrflrrflrrfrllrffrllflrrllrfrllflfrflflfrrffrllrflffrffrfrlrr"/>
        <trajectory sample="78" generation="78000"
                    bestEnergy="-33.0" averageEnergy="-26.8914" worstEnergy="-20.0"
                    bestConformation="Conformation 40.0 -40.0 Flllrfrrllfrfrrlfrllfrrlrrllflffrllfrllrflrrflrrfrllrffrllflrrllrfrllflfrflflfrrffrllrflffrffrfrlrr"/>
        <trajectory sample="79" generation="79000"
                    bestEnergy="-33.0" averageEnergy="-26.98" worstEnergy="-26.0"
                    bestConformation="Conformation 40.0 -40.0 Flllrfrrllfrfrrlfrllfrrlrrllflffrllfrllrflrrflrrfrllrffrllflrrllrfrllflfrflflfrrffrllrflffrffrfrlrr"/>
        <trajectory sample="80" generation="80000"
                    bestEnergy="-33.0" averageEnergy="-27.069" worstEnergy="-23.0"
                    bestConformation="Conformation 40.0 -40.0 Flllrfrrllfrfrrlfrllfrrlrrllflffrllfrllrflrrflrrfrllrffrllflrrllrfrllflfrflflfrrffrllrflffrffrfrlrr"/>
        <trajectory sample="81" generation="81000"
                    bestEnergy="-33.0" averageEnergy="-27.1652" worstEnergy="-26.0"
                    bestConformation="Conformation 40.0 -40.0 Flllrfrrllfrfrrlfrllfrrlrrllflffrllfrllrflrrflrrfrllrffrllflrrllrfrllflfrflflfrrffrllrflffrffrfrlrr"/>
        <trajectory sample="82" generation="82000"
                    bestEnergy="-33.0" averageEnergy="-27.2702" worstEnergy="-26.0"
                    bestConformation="Conformation 40.0 -40.0 Flllrfrrllfrfrrlfrllfrrlrrllflffrllfrllrflrrflrrfrllrffrllflrrllrfrllflfrflflfrrffrllrflffrffrfrlrr"/>
        <trajectory sample="83" generation="83000"
                    bestEnergy="-33.0" averageEnergy="-27.3819" worstEnergy="-26.0"
                    bestConformation="Conformation 40.0 -40.0 Flllrfrrllfrfrrlfrllfrrlrrllflffrllfrllrflrrflrrfrllrffrllflrrllrfrllflfrflflfrrffrllrflffrffrfrlrr"/>
        <trajectory sample="84" generation="84000"
                    bestEnergy="-33.0" averageEnergy="-27.4967" worstEnergy="-20.0"
                    bestConformation="Conformation 40.0 -40.0 Flllrfrrllfrfrrlfrllfrrlrrllflffrllfrllrflrrflrrfrllrffrllflrrllrfrllflfrflflfrrffrllrflffrffrfrlrr"/>
        <trajectory sample="85" generation="85000"
                    bestEnergy="-33.0" averageEnergy="-27.6236" worstEnergy="-26.0"
                    bestConformation="Conformation 40.0 -40.0 Flllrfrrllfrfrrlfrllfrrlrrllflffrllfrllrflrrflrrfrllrffrllflrrllrfrllflfrflflfrrffrllrflffrffrfrlrr"/>
        <trajectory sample="86" generation="86000"
                    bestEnergy="-34.0" averageEnergy="-27.7547" worstEnergy="-21.0"
                    bestConformation="Conformation 41.0 -41.0 Frlfffrrllfrfrrlfrllfrfrflffllfrrllfrllrflrrflrrfrllrffrllflrrllrfrllflrlfrllfrrffrllrflffrffrfrlrr"/>
        <trajectory sample="87" generation="87000"
                    bestEnergy="-34.0" averageEnergy="-27.8915" worstEnergy="-26.0"
                    bestConformation="Conformation 41.0 -41.0 Frlfffrrllfrfrrlfrllfrfrflffllfrrllfrllrflrrflrrfrllrffrllflrrllrfrllflrlfrllfrrffrllrflffrffrfrlrr"/>
        <trajectory sample="88" generation="88000"
                    bestEnergy="-34.0" averageEnergy="-27.9656" worstEnergy="-27.0"
                    bestConformation="Conformation 41.0 -41.0 Frlfffrrllfrfrrlfrllfrfrflffllfrrllfrllrflrrflrrfrllrffrllflrrllrfrllflrlfrllfrrffrllrflffrffrfrlrr"/>
        <trajectory sample="89" generation="89000"
                    bestEnergy="-34.0" averageEnergy="-28.0437" worstEnergy="-27.0"
                    bestConformation="Conformation 41.0 -41.0 Frlfffrrllfrfrrlfrllfrfrflffllfrrllfrllrflrrflrrfrllrffrllflrrllrfrllflrlfrllfrrffrllrflffrffrfrlrr"/>
        <trajectory sample="90" generation="90000"
                    bestEnergy="-34.0" averageEnergy="-28.1342" worstEnergy="-27.0"
                    bestConformation="Conformation 41.0 -41.0 Frlfffrrllfrfrrlfrllfrfrflffllfrrllfrllrflrrflrrfrllrffrllflrrllrfrllflrlfrllfrrffrllrflffrffrfrlrr"/>
        <trajectory sample="91" generation="91000"
                    bestEnergy="-34.0" averageEnergy="-28.2368" worstEnergy="-27.0"
                    bestConformation="Conformation 41.0 -41.0 Frlfffrrllfrfrrlfrllfrfrflffllfrrllfrllrflrrflrrfrllrffrllflrrllrfrllflrlfrllfrrffrllrflffrffrfrlrr"/>
        <trajectory sample="92" generation="92000"
                    bestEnergy="-34.0" averageEnergy="-28.3404" worstEnergy="-19.0"
                    bestConformation="Conformation 41.0 -41.0 Frlfffrrllfrfrrlfrllfrfrflffllfrrllfrllrflrrflrrfrllrffrllflrrllrfrllflrlfrllfrrffrllrflffrffrfrlrr"/>
        <trajectory sample="93" generation="93000"
                    bestEnergy="-34.0" averageEnergy="-28.4482" worstEnergy="-27.0"
                    bestConformation="Conformation 41.0 -41.0 Frlfffrrllfrfrrlfrllfrfrflffllfrrllfrllrflrrflrrfrllrffrllflrrllrfrllflrlfrllfrrffrllrflffrffrfrlrr"/>
        <trajectory sample="94" generation="94000"
                    bestEnergy="-34.0" averageEnergy="-28.5587" worstEnergy="-27.0"
                    bestConformation="Conformation 41.0 -41.0 Frlfffrrllfrfrrlfrllfrfrflffllfrrllfrllrflrrflrrfrllrffrllflrrllrfrllflrlfrllfrrffrllrflffrffrfrlrr"/>
        <trajectory sample="95" generation="95000"
                    bestEnergy="-34.0" averageEnergy="-28.6711" worstEnergy="-19.0"
                    bestConformation="Conformation 41.0 -41.0 Frlfffrrllfrfrrlfrllfrfrflffllfrrllfrllrflrrflrrfrllrffrllflrrllrfrllflrlfrllfrrffrllrflffrffrfrlrr"/>
        <trajectory sample="96" generation="96000"
                    bestEnergy="-34.0" averageEnergy="-28.7981" worstEnergy="-20.0"
                    bestConformation="Conformation 41.0 -41.0 Frlfffrrllfrfrrlfrllfrfrflffllfrrllfrllrflrrflrrfrllrffrllflrrllrfrllflrlfrllfrrffrllrflffrffrfrlrr"/>
        <trajectory sample="97" generation="97000"
                    bestEnergy="-34.0" averageEnergy="-28.9145" worstEnergy="-26.0"
                    bestConformation="Conformation 41.0 -41.0 Frlfffrrllfrfrrlfrllfrfrflffllfrrllfrllrflrrflrrfrllrffrllflrrllrfrllflrlfrllfrrffrllrflffrffrfrlrr"/>
        <trajectory sample="98" generation="98000"
                    bestEnergy="-34.0" averageEnergy="-28.9875" worstEnergy="-27.0"
                    bestConformation="Conformation 41.0 -41.0 Frlfffrrllfrfrrlfrllfrfrflffllfrrllfrllrflrrflrrfrllrffrllflrrllrfrllflrlfrllfrrffrllrflffrffrfrlrr"/>
        <trajectory sample="99" generation="99000"
                    bestEnergy="-34.0" averageEnergy="-29.0721" worstEnergy="-28.0"
                    bestConformation="Conformation 41.0 -41.0 Frlfffrrllfrfrrlfrllfrfrflffllfrrllfrllrflrrflrrfrllrffrllflrrllrfrllflrlfrllfrrffrllrflffrffrfrlrr"/>
        <trajectory sample="100" generation="100000"
                    bestEnergy="-34.0" averageEnergy="-29.1585" worstEnergy="-28.0"
                    bestConformation="Conformation 41.0 -41.0 Frlfffrrllfrfrrlfrllfrfrflffllfrrllfrllrflrrflrrfrllrffrllflrrllrfrllflrlfrllfrrffrllrflffrffrfrlrr"/>
        <trajectory sample="101" generation="101000"
                    bestEnergy="-34.0" averageEnergy="-29.2439" worstEnergy="-27.0"
                    bestConformation="Conformation 41.0 -41.0 Frlfffrrllfrfrrlfrllfrfrflffllfrrllfrllrflrrflrrfrllrffrllflrrllrfrllflrlfrllfrrffrllrflffrffrfrlrr"/>
        <trajectory sample="102" generation="102000"
                    bestEnergy="-34.0" averageEnergy="-29.3339" worstEnergy="-28.0"
                    bestConformation="Conformation 41.0 -41.0 Frlfffrrllfrfrrlfrllfrfrflffllfrrllfrllrflrrflrrfrllrffrllflrrllrfrllflrlfrllfrrffrllrflffrffrfrlrr"/>
        <trajectory sample="103" generation="103000"
                    bestEnergy="-34.0" averageEnergy="-29.4344" worstEnergy="-28.0"
                    bestConformation="Conformation 41.0 -41.0 Frlfffrrllfrfrrlfrllfrfrflffllfrrllfrllrflrrflrrfrllrffrllflrrllrfrllflrlfrllfrrffrllrflffrffrfrlrr"/>
        <trajectory sample="104" generation="104000"
                    bestEnergy="-34.0" averageEnergy="-29.5411" worstEnergy="-19.0"
                    bestConformation="Conformation 41.0 -41.0 Frlfffrrllfrfrrlfrllfrfrflffllfrrllfrllrflrrflrrfrllrffrllflrrllrfrllflrlfrllfrrffrllrflffrffrfrlrr"/>
        <trajectory sample="105" generation="105000"
                    bestEnergy="-34.0" averageEnergy="-29.5987" worstEnergy="-29.0"
                    bestConformation="Conformation 41.0 -41.0 Frlfffrrllfrfrrlfrllfrfrflffllfrrllfrllrflrrflrrfrllrffrllflrrllrfrllflrlfrllfrrffrllrflffrffrfrlrr"/>
        <trajectory sample="106" generation="106000"
                    bestEnergy="-34.0" averageEnergy="-29.6559" worstEnergy="-29.0"
                    bestConformation="Conformation 41.0 -41.0 Frlfffrrllfrfrrlfrllfrfrflffllfrrllfrllrflrrflrrfrllrffrllflrrllrfrllflrlfrllfrrffrllrflffrffrfrlrr"/>
        <trajectory sample="107" generation="107000"
                    bestEnergy="-34.0" averageEnergy="-29.7124" worstEnergy="-22.0"
                    bestConformation="Conformation 41.0 -41.0 Frlfffrrllfrfrrlfrllfrfrflffllfrrllfrllrflrrflrrfrllrffrllflrrllrfrllflrlfrllfrrffrllrflffrffrfrlrr"/>
        <trajectory sample="108" generation="108000"
                    bestEnergy="-34.0" averageEnergy="-29.7719" worstEnergy="-20.0"
                    bestConformation="Conformation 41.0 -41.0 Frlfffrrllfrfrrlfrllfrfrflffllfrrllfrllrflrrflrrfrllrffrllflrrllrfrllflrlfrllfrrffrllrflffrffrfrlrr"/>
        <trajectory sample="109" generation="109000"
                    bestEnergy="-34.0" averageEnergy="-29.8457" worstEnergy="-29.0"
                    bestConformation="Conformation 41.0 -41.0 Frlfffrrllfrfrrlfrllfrfrflffllfrrllfrllrflrrflrrfrllrffrllflrrllrfrllflrlfrllfrrffrllrflffrffrfrlrr"/>
        <trajectory sample="110" generation="110000"
                    bestEnergy="-35.0" averageEnergy="-29.9074" worstEnergy="-26.0"
                    bestConformation="Conformation 41.0 -41.0 Flllrfrrllfrfrrlfrllfrfrflffllfrrllfrllrflrrflrrfrllrffrllflrrllrrlflflfrlrllfrrffrllrflffrffrfrlrr"/>
        <trajectory sample="111" generation="111000"
                    bestEnergy="-35.0" averageEnergy="-29.9797" worstEnergy="-29.0"
                    bestConformation="Conformation 41.0 -41.0 Flllrfrrllfrfrrlfrllfrfrflffllfrrllfrllrflrrflrrfrllrffrllflrrllrrlflflfrlrllfrrffrllrflffrffrfrlrr"/>
        <trajectory sample="112" generation="112000"
                    bestEnergy="-35.0" averageEnergy="-30.0607" worstEnergy="-29.0"
                    bestConformation="Conformation 41.0 -41.0 Flllrfrrllfrfrrlfrllfrfrflffllfrrllfrllrflrrflrrfrllrffrllflrrllrrlflflfrlrllfrrffrllrflffrffrfrlrr"/>
        <trajectory sample="113" generation="113000"
                    bestEnergy="-35.0" averageEnergy="-30.1463" worstEnergy="-23.0"
                    bestConformation="Conformation 41.0 -41.0 Flllrfrrllfrfrrlfrllfrfrflffllfrrllfrllrflrrflrrfrllrffrllflrrllrrlflflfrlrllfrrffrllrflffrffrfrlrr"/>
        <trajectory sample="114" generation="114000"
                    bestEnergy="-35.0" averageEnergy="-30.2323" worstEnergy="-29.0"
                    bestConformation="Conformation 41.0 -41.0 Flllrfrrllfrfrrlfrllfrfrflffllfrrllfrllrflrrflrrfrllrffrllflrrllrrlflflfrlrllfrrffrllrflffrffrfrlrr"/>
        <trajectory sample="115" generation="115000"
                    bestEnergy="-35.0" averageEnergy="-30.3233" worstEnergy="-29.0"
                    bestConformation="Conformation 41.0 -41.0 Flllrfrrllfrfrrlfrllfrfrflffllfrrllfrllrflrrflrrfrllrffrllflrrllrrlflflfrlrllfrrffrllrflffrffrfrlrr"/>
        <trajectory sample="116" generation="116000"
                    bestEnergy="-35.0" averageEnergy="-30.4207" worstEnergy="-29.0"
                    bestConformation="Conformation 41.0 -41.0 Flllrfrrllfrfrrlfrllfrfrflffllfrrllfrllrflrrflrrfrllrffrllflrrllrrlflflfrlrllfrrffrllrflffrffrfrlrr"/>
        <trajectory sample="117" generation="117000"
                    bestEnergy="-35.0" averageEnergy="-30.5163" worstEnergy="-29.0"
                    bestConformation="Conformation 41.0 -41.0 Flllrfrrllfrfrrlfrllfrfrflffllfrrllfrllrflrrflrrfrllrffrllflrrllrrlflflfrlrllfrrffrllrflffrffrfrlrr"/>
        <trajectory sample="118" generation="118000"
                    bestEnergy="-36.0" averageEnergy="-30.6208" worstEnergy="-29.0"
                    bestConformation="Conformation 40.0 -40.0 Flllrfrrllfrfrrlfrllfrfrflffllfrrllfrllrflrrflrrfrllrffrllflrrllrfrllfffllrflrfrffrllrflfrfffrrflrr"/>
        <trajectory sample="119" generation="119000"
                    bestEnergy="-36.0" averageEnergy="-30.7221" worstEnergy="-18.0"
                    bestConformation="Conformation 40.0 -40.0 Flllrfrrllfrfrrlfrllfrfrflffllfrrllfrllrflrrflrrfrllrffrllflrrllrfrllfffllrflrfrffrllrflfrfffrrflrr"/>
        <trajectory sample="120" generation="120000"
                    bestEnergy="-36.0" averageEnergy="-30.7819" worstEnergy="-30.0"
                    bestConformation="Conformation 40.0 -40.0 Flllrfrrllfrfrrlfrllfrfrflffllfrrllfrllrflrrflrrfrllrffrllflrrllrfrllfffllrflrfrffrllrflfrfffrrflrr"/>
        <trajectory sample="121" generation="121000"
                    bestEnergy="-36.0" averageEnergy="-30.8424" worstEnergy="-23.0"
                    bestConformation="Conformation 40.0 -40.0 Flllrfrrllfrfrrlfrllfrfrflffllfrrllfrllrflrrflrrfrllrffrllflrrllrfrllfffllrflrfrffrllrflfrfffrrflrr"/>
        <trajectory sample="122" generation="122000"
                    bestEnergy="-36.0" averageEnergy="-30.9075" worstEnergy="-20.0"
                    bestConformation="Conformation 40.0 -40.0 Flllrfrrllfrfrrlfrllfrfrflffllfrrllfrllrflrrflrrfrllrffrllflrrllrfrllfffllrflrfrffrllrflfrfffrrflrr"/>
        <trajectory sample="123" generation="123000"
                    bestEnergy="-36.0" averageEnergy="-30.9777" worstEnergy="-29.0"
                    bestConformation="Conformation 40.0 -40.0 Flllrfrrllfrfrrlfrllfrfrflffllfrrllfrllrflrrflrrfrllrffrllflrrllrfrllfffllrflrfrffrllrflfrfffrrflrr"/>
        <trajectory sample="124" generation="124000"
                    bestEnergy="-36.0" averageEnergy="-31.0457" worstEnergy="-21.0"
                    bestConformation="Conformation 40.0 -40.0 Flllrfrrllfrfrrlfrllfrfrflffllfrrllfrllrflrrflrrfrllrffrllflrrllrfrllfffllrflrfrffrllrflfrfffrrflrr"/>
        <trajectory sample="125" generation="125000"
                    bestEnergy="-36.0" averageEnergy="-31.1176" worstEnergy="-30.0"
                    bestConformation="Conformation 40.0 -40.0 Flllrfrrllfrfrrlfrllfrfrflffllfrrllfrllrflrrflrrfrllrffrllflrrllrfrllfffllrflrfrffrllrflfrfffrrflrr"/>
        <trajectory sample="126" generation="126000"
                    bestEnergy="-36.0" averageEnergy="-31.1938" worstEnergy="-30.0"
                    bestConformation="Conformation 40.0 -40.0 Flllrfrrllfrfrrlfrllfrfrflffllfrrllfrllrflrrflrrfrllrffrllflrrllrfrllfffllrflrfrffrllrflfrfffrrflrr"/>
        <trajectory sample="127" generation="127000"
                    bestEnergy="-36.0" averageEnergy="-31.2771" worstEnergy="-30.0"
                    bestConformation="Conformation 40.0 -40.0 Flllrfrrllfrfrrlfrllfrfrflffllfrrllfrllrflrrflrrfrllrffrllflrrllrfrllfffllrflrfrffrllrflfrfffrrflrr"/>
        <trajectory sample="128" generation="128000"
                    bestEnergy="-37.0" averageEnergy="-31.3692" worstEnergy="-30.0"
                    bestConformation="Conformation 41.0 -41.0 Flllrfrrllfrfrrlfrllfrfrflffllfrrllfrllrflrrflrrfrllrffrllflrrllrfrllflrlrlflfrrffrllrflfrfffrrflrr"/>
        <trajectory sample="129" generation="129000"
                    bestEnergy="-37.0" averageEnergy="-31.4587" worstEnergy="-30.0"
                    bestConformation="Conformation 41.0 -41.0 Flllrfrrllfrfrrlfrllfrfrflffllfrrllfrllrflrrflrrfrllrffrllflrrllrfrllflrlrlflfrrffrllrflfrfffrrflrr"/>
        <trajectory sample="130" generation="130000"
                    bestEnergy="-37.0" averageEnergy="-31.5508" worstEnergy="-30.0"
                    bestConformation="Conformation 41.0 -41.0 Flllrfrrllfrfrrlfrllfrfrflffllfrrllfrllrflrrflrrfrllrffrllflrrllrfrllflrlrlflfrrffrllrflfrfffrrflrr"/>
        <trajectory sample="131" generation="131000"
                    bestEnergy="-37.0" averageEnergy="-31.6258" worstEnergy="-25.0"
                    bestConformation="Conformation 41.0 -41.0 Flllrfrrllfrfrrlfrllfrfrflffllfrrllfrllrflrrflrrfrllrffrllflrrllrfrllflrlrlflfrrffrllrflfrfffrrflrr"/>
        <trajectory sample="132" generation="132000"
                    bestEnergy="-37.0" averageEnergy="-31.6786" worstEnergy="-31.0"
                    bestConformation="Conformation 41.0 -41.0 Flllrfrrllfrfrrlfrllfrfrflffllfrrllfrllrflrrflrrfrllrffrllflrrllrfrllflrlrlflfrrffrllrflfrfffrrflrr"/>
        <trajectory sample="133" generation="133000"
                    bestEnergy="-37.0" averageEnergy="-31.7313" worstEnergy="-31.0"
                    bestConformation="Conformation 41.0 -41.0 Flllrfrrllfrfrrlfrllfrfrflffllfrrllfrllrflrrflrrfrllrffrllflrrllrfrllflrlrlflfrrffrllrflfrfffrrflrr"/>
        <trajectory sample="134" generation="134000"
                    bestEnergy="-37.0" averageEnergy="-31.7894" worstEnergy="-31.0"
                    bestConformation="Conformation 41.0 -41.0 Flllrfrrllfrfrrlfrllfrfrflffllfrrllfrllrflrrflrrfrllrffrllflrrllrfrllflrlrlflfrrffrllrflfrfffrrflrr"/>
        <trajectory sample="135" generation="135000"
                    bestEnergy="-37.0" averageEnergy="-31.8436" worstEnergy="-31.0"
                    bestConformation="Conformation 41.0 -41.0 Flllrfrrllfrfrrlfrllfrfrflffllfrrllfrllrflrrflrrfrllrffrllflrrllrfrllflrlrlflfrrffrllrflfrfffrrflrr"/>
        <trajectory sample="136" generation="136000"
                    bestEnergy="-37.0" averageEnergy="-31.9076" worstEnergy="-31.0"
                    bestConformation="Conformation 41.0 -41.0 Flllrfrrllfrfrrlfrllfrfrflffllfrrllfrllrflrrflrrfrllrffrllflrrllrfrllflrlrlflfrrffrllrflfrfffrrflrr"/>
        <trajectory sample="137" generation="137000"
                    bestEnergy="-37.0" averageEnergy="-31.9747" worstEnergy="-31.0"
                    bestConformation="Conformation 41.0 -41.0 Flllrfrrllfrfrrlfrllfrfrflffllfrrllfrllrflrrflrrfrllrffrllflrrllrfrllflrlrlflfrrffrllrflfrfffrrflrr"/>
        <trajectory sample="138" generation="138000"
                    bestEnergy="-37.0" averageEnergy="-32.0431" worstEnergy="-31.0"
                    bestConformation="Conformation 41.0 -41.0 Flllrfrrllfrfrrlfrllfrfrflffllfrrllfrllrflrrflrrfrllrffrllflrrllrfrllflrlrlflfrrffrllrflfrfffrrflrr"/>
        <trajectory sample="139" generation="139000"
                    bestEnergy="-37.0" averageEnergy="-32.1181" worstEnergy="-31.0"
                    bestConformation="Conformation 41.0 -41.0 Flllrfrrllfrfrrlfrllfrfrflffllfrrllfrllrflrrflrrfrllrffrllflrrllrfrllflrlrlflfrrffrllrflfrfffrrflrr"/>
        <trajectory sample="140" generation="140000"
                    bestEnergy="-37.0" averageEnergy="-32.1901" worstEnergy="-26.0"
                    bestConformation="Conformation 41.0 -41.0 Flllrfrrllfrfrrlfrllfrfrflffllfrrllfrllrflrrflrrfrllrffrllflrrllrfrllflrlrlflfrrffrllrflfrfffrrflrr"/>
        <trajectory sample="141" generation="141000"
                    bestEnergy="-37.0" averageEnergy="-32.2644" worstEnergy="-17.0"
                    bestConformation="Conformation 41.0 -41.0 Flllrfrrllfrfrrlfrllfrfrflffllfrrllfrllrflrrflrrfrllrffrllflrrllrfrllflrlrlflfrrffrllrflfrfffrrflrr"/>
        <trajectory sample="142" generation="142000"
                    bestEnergy="-37.0" averageEnergy="-32.3442" worstEnergy="-28.0"
                    bestConformation="Conformation 41.0 -41.0 Flllrfrrllfrfrrlfrllfrfrflffllfrrllfrllrflrrflrrfrllrffrllflrrllrfrllflrlrlflfrrffrllrflfrfffrrflrr"/>
        <trajectory sample="143" generation="143000"
                    bestEnergy="-37.0" averageEnergy="-32.4262" worstEnergy="-31.0"
                    bestConformation="Conformation 41.0 -41.0 Flllrfrrllfrfrrlfrllfrfrflffllfrrllfrllrflrrflrrfrllrffrllflrrllrfrllflrlrlflfrrffrllrflfrfffrrflrr"/>
        <trajectory sample="144" generation="144000"
                    bestEnergy="-37.0" averageEnergy="-32.518" worstEnergy="-31.0"
                    bestConformation="Conformation 41.0 -41.0 Flllrfrrllfrfrrlfrllfrfrflffllfrrllfrllrflrrflrrfrllrffrllflrrllrfrllflrlrlflfrrffrllrflfrfffrrflrr"/>
        <trajectory sample="145" generation="145000"
                    bestEnergy="-37.0" averageEnergy="-32.6137" worstEnergy="-31.0"
                    bestConformation="Conformation 41.0 -41.0 Flllrfrrllfrfrrlfrllfrfrflffllfrrllfrllrflrrflrrfrllrffrllflrrllrfrllflrlrlflfrrffrllrflfrfffrrflrr"/>
        <trajectory sample="146" generation="146000"
                    bestEnergy="-37.0" averageEnergy="-32.6833" worstEnergy="-32.0"
                    bestConformation="Conformation 41.0 -41.0 Flllrfrrllfrfrrlfrllfrfrflffllfrrllfrllrflrrflrrfrllrffrllflrrllrfrllflrlrlflfrrffrllrflfrfffrrflrr"/>
        <trajectory sample="147" generation="147000"
                    bestEnergy="-37.0" averageEnergy="-32.7297" worstEnergy="-32.0"
                    bestConformation="Conformation 41.0 -41.0 Flllrfrrllfrfrrlfrllfrfrflffllfrrllfrllrflrrflrrfrllrffrllflrrllrfrllflrlrlflfrrffrllrflfrfffrrflrr"/>
        <trajectory sample="148" generation="148000"
                    bestEnergy="-37.0" averageEnergy="-32.782" worstEnergy="-32.0"
                    bestConformation="Conformation 41.0 -41.0 Flllrfrrllfrfrrlfrllfrfrflffllfrrllfrllrflrrflrrfrllrffrllflrrllrfrllflrlrlflfrrffrllrflfrfffrrflrr"/>
        <trajectory sample="149" generation="149000"
                    bestEnergy="-37.0" averageEnergy="-32.8379" worstEnergy="-20.0"
                    bestConformation="Conformation 41.0 -41.0 Flllrfrrllfrfrrlfrllfrfrflffllfrrllfrllrflrrflrrfrllrffrllflrrllrfrllflrlrlflfrrffrllrflfrfffrrflrr"/>
        <trajectory sample="150" generation="150000"
                    bestEnergy="-37.0" averageEnergy="-32.8979" worstEnergy="-32.0"
                    bestConformation="Conformation 41.0 -41.0 Flllrfrrllfrfrrlfrllfrfrflffllfrrllfrllrflrrflrrfrllrffrllflrrllrfrllflrlrlflfrrffrllrflfrfffrrflrr"/>
        <trajectory sample="151" generation="151000"
                    bestEnergy="-38.0" averageEnergy="-32.9544" worstEnergy="-25.0"
                    bestConformation="Conformation 40.0 -40.0 Flllrfrrllfrfrrlfrllfrfrflffllfrrllfrllrflrrflrrfrllrffrllflrrllrfrllfffllrlrffrffrllrflfrfffrrflrr"/>
        <trajectory sample="152" generation="152000"
                    bestEnergy="-38.0" averageEnergy="-33.0164" worstEnergy="-28.0"
                    bestConformation="Conformation 40.0 -40.0 Flllrfrrllfrfrrlfrllfrfrflffllfrrllfrllrflrrflrrfrllrffrllflrrllrfrllfffllrlrffrffrllrflfrfffrrflrr"/>
        <trajectory sample="153" generation="153000"
                    bestEnergy="-38.0" averageEnergy="-33.0799" worstEnergy="-23.0"
                    bestConformation="Conformation 40.0 -40.0 Flllrfrrllfrfrrlfrllfrfrflffllfrrllfrllrflrrflrrfrllrffrllflrrllrfrllfffllrlrffrffrllrflfrfffrrflrr"/>
        <trajectory sample="154" generation="154000"
                    bestEnergy="-38.0" averageEnergy="-33.1438" worstEnergy="-32.0"
                    bestConformation="Conformation 40.0 -40.0 Flllrfrrllfrfrrlfrllfrfrflffllfrrllfrllrflrrflrrfrllrffrllflrrllrfrllfffllrlrffrffrllrflfrfffrrflrr"/>
        <trajectory sample="155" generation="155000"
                    bestEnergy="-38.0" averageEnergy="-33.2156" worstEnergy="-27.0"
                    bestConformation="Conformation 40.0 -40.0 Flllrfrrllfrfrrlfrllfrfrflffllfrrllfrllrflrrflrrfrllrffrllflrrllrfrllfffllrlrffrffrllrflfrfffrrflrr"/>
        <trajectory sample="156" generation="156000"
                    bestEnergy="-38.0" averageEnergy="-33.2938" worstEnergy="-32.0"
                    bestConformation="Conformation 40.0 -40.0 Flllrfrrllfrfrrlfrllfrfrflffllfrrllfrllrflrrflrrfrllrffrllflrrllrfrllfffllrlrffrffrllrflfrfffrrflrr"/>
        <trajectory sample="157" generation="157000"
                    bestEnergy="-38.0" averageEnergy="-33.3765" worstEnergy="-32.0"
                    bestConformation="Conformation 40.0 -40.0 Flllrfrrllfrfrrlfrllfrfrflffllfrrllfrllrflrrflrrfrllrffrllflrrllrfrllfffllrlrffrffrllrflfrfffrrflrr"/>
        <trajectory sample="158" generation="158000"
                    bestEnergy="-38.0" averageEnergy="-33.4388" worstEnergy="-33.0"
                    bestConformation="Conformation 40.0 -40.0 Flllrfrrllfrfrrlfrllfrfrflffllfrrllfrllrflrrflrrfrllrffrllflrrllrfrllfffllrlrffrffrllrflfrfffrrflrr"/>
        <trajectory sample="159" generation="159000"
                    bestEnergy="-38.0" averageEnergy="-33.4743" worstEnergy="-33.0"
                    bestConformation="Conformation 40.0 -40.0 Flllrfrrllfrfrrlfrllfrfrflffllfrrllfrllrflrrflrrfrllrffrllflrrllrfrllfffllrlrffrffrllrflfrfffrrflrr"/>
        <trajectory sample="160" generation="160000"
                    bestEnergy="-38.0" averageEnergy="-33.5126" worstEnergy="-31.0"
                    bestConformation="Conformation 40.0 -40.0 Flllrfrrllfrfrrlfrllfrfrflffllfrrllfrllrflrrflrrfrllrffrllflrrllrfrllfffllrlrffrffrllrflfrfffrrflrr"/>
        <trajectory sample="161" generation="161000"
                    bestEnergy="-38.0" averageEnergy="-33.5478" worstEnergy="-33.0"
                    bestConformation="Conformation 40.0 -40.0 Flllrfrrllfrfrrlfrllfrfrflffllfrrllfrllrflrrflrrfrllrffrllflrrllrfrllfffllrlrffrffrllrflfrfffrrflrr"/>
        <trajectory sample="162" generation="162000"
                    bestEnergy="-38.0" averageEnergy="-33.5904" worstEnergy="-26.0"
                    bestConformation="Conformation 40.0 -40.0 Flllrfrrllfrfrrlfrllfrfrflffllfrrllfrllrflrrflrrfrllrffrllflrrllrfrllfffllrlrffrffrllrflfrfffrrflrr"/>
        <trajectory sample="163" generation="163000"
                    bestEnergy="-38.0" averageEnergy="-33.6349" worstEnergy="-26.0"
                    bestConformation="Conformation 40.0 -40.0 Flllrfrrllfrfrrlfrllfrfrflffllfrrllfrllrflrrflrrfrllrffrllflrrllrfrllfffllrlrffrffrllrflfrfffrrflrr"/>
        <trajectory sample="164" generation="164000"
                    bestEnergy="-38.0" averageEnergy="-33.6826" worstEnergy="-33.0"
                    bestConformation="Conformation 40.0 -40.0 Flllrfrrllfrfrrlfrllfrfrflffllfrrllfrllrflrrflrrfrllrffrllflrrllrfrllfffllrlrffrffrllrflfrfffrrflrr"/>
        <trajectory sample="165" generation="165000"
                    bestEnergy="-38.0" averageEnergy="-33.7276" worstEnergy="-21.0"
                    bestConformation="Conformation 40.0 -40.0 Flllrfrrllfrfrrlfrllfrfrflffllfrrllfrllrflrrflrrfrllrffrllflrrllrfrllfffllrlrffrffrllrflfrfffrrflrr"/>
        <trajectory sample="166" generation="166000"
                    bestEnergy="-38.0" averageEnergy="-33.7804" worstEnergy="-31.0"
                    bestConformation="Conformation 40.0 -40.0 Flllrfrrllfrfrrlfrllfrfrflffllfrrllfrllrflrrflrrfrllrffrllflrrllrfrllfffllrlrffrffrllrflfrfffrrflrr"/>
        <trajectory sample="167" generation="167000"
                    bestEnergy="-38.0" averageEnergy="-33.8354" worstEnergy="-33.0"
                    bestConformation="Conformation 40.0 -40.0 Flllrfrrllfrfrrlfrllfrfrflffllfrrllfrllrflrrflrrfrllrffrllflrrllrfrllfffllrlrffrffrllrflfrfffrrflrr"/>
        <trajectory sample="168" generation="168000"
                    bestEnergy="-38.0" averageEnergy="-33.8959" worstEnergy="-32.0"
                    bestConformation="Conformation 40.0 -40.0 Flllrfrrllfrfrrlfrllfrfrflffllfrrllfrllrflrrflrrfrllrffrllflrrllrfrllfffllrlrffrffrllrflfrfffrrflrr"/>
        <trajectory sample="169" generation="169000"
                    bestEnergy="-38.0" averageEnergy="-33.9563" worstEnergy="-33.0"
                    bestConformation="Conformation 40.0 -40.0 Flllrfrrllfrfrrlfrllfrfrflffllfrrllfrllrflrrflrrfrllrffrllflrrllrfrllfffllrlrffrffrllrflfrfffrrflrr"/>
        <trajectory sample="170" generation="170000"
                    bestEnergy="-38.0" averageEnergy="-34.0227" worstEnergy="-27.0"
                    bestConformation="Conformation 40.0 -40.0 Flllrfrrllfrfrrlfrllfrfrflffllfrrllfrllrflrrflrrfrllrffrllflrrllrfrllfffllrlrffrffrllrflfrfffrrflrr"/>
        <trajectory sample="171" generation="171000"
                    bestEnergy="-38.0" averageEnergy="-34.0916" worstEnergy="-33.0"
                    bestConformation="Conformation 40.0 -40.0 Flllrfrrllfrfrrlfrllfrfrflffllfrrllfrllrflrrflrrfrllrffrllflrrllrfrllfffllrlrffrffrllrflfrfffrrflrr"/>
        <trajectory sample="172" generation="172000"
                    bestEnergy="-38.0" averageEnergy="-34.1695" worstEnergy="-33.0"
                    bestConformation="Conformation 40.0 -40.0 Flllrfrrllfrfrrlfrllfrfrflffllfrrllfrllrflrrflrrfrllrffrllflrrllrfrllfffllrlrffrffrllrflfrfffrrflrr"/>
        <trajectory sample="173" generation="173000"
                    bestEnergy="-38.0" averageEnergy="-34.2434" worstEnergy="-33.0"
                    bestConformation="Conformation 40.0 -40.0 Flllrfrrllfrfrrlfrllfrfrflffllfrrllfrllrflrrflrrfrllrffrllflrrllrfrllfffllrlrffrffrllrflfrfffrrflrr"/>
        <trajectory sample="174" generation="174000"
                    bestEnergy="-38.0" averageEnergy="-34.3211" worstEnergy="-30.0"
                    bestConformation="Conformation 40.0 -40.0 Flllrfrrllfrfrrlfrllfrfrflffllfrrllfrllrflrrflrrfrllrffrllflrrllrfrllfffllrlrffrffrllrflfrfffrrflrr"/>
        <trajectory sample="175" generation="175000"
                    bestEnergy="-38.0" averageEnergy="-34.4092" worstEnergy="-25.0"
                    bestConformation="Conformation 40.0 -40.0 Flllrfrrllfrfrrlfrllfrfrflffllfrrllfrllrflrrflrrfrllrffrllflrrllrfrllfffllrlrffrffrllrflfrfffrrflrr"/>
        <trajectory sample="176" generation="176000"
                    bestEnergy="-38.0" averageEnergy="-34.4869" worstEnergy="-29.0"
                    bestConformation="Conformation 40.0 -40.0 Flllrfrrllfrfrrlfrllfrfrflffllfrrllfrllrflrrflrrfrllrffrllflrrllrfrllfffllrlrffrffrllrflfrfffrrflrr"/>
        <trajectory sample="177" generation="177000"
                    bestEnergy="-38.0" averageEnergy="-34.5293" worstEnergy="-32.0"
                    bestConformation="Conformation 40.0 -40.0 Flllrfrrllfrfrrlfrllfrfrflffllfrrllfrllrflrrflrrfrllrffrllflrrllrfrllfffllrlrffrffrllrflfrfffrrflrr"/>
        <trajectory sample="178" generation="178000"
                    bestEnergy="-38.0" averageEnergy="-34.5735" worstEnergy="-34.0"
                    bestConformation="Conformation 40.0 -40.0 Flllrfrrllfrfrrlfrllfrfrflffllfrrllfrllrflrrflrrfrllrffrllflrrllrfrllfffllrlrffrffrllrflfrfffrrflrr"/>
        <trajectory sample="179" generation="179000"
                    bestEnergy="-38.0" averageEnergy="-34.6166" worstEnergy="-34.0"
                    bestConformation="Conformation 40.0 -40.0 Flllrfrrllfrfrrlfrllfrfrflffllfrrllfrllrflrrflrrfrllrffrllflrrllrfrllfffllrlrffrffrllrflfrfffrrflrr"/>
        <trajectory sample="180" generation="180000"
                    bestEnergy="-38.0" averageEnergy="-34.6637" worstEnergy="-26.0"
                    bestConformation="Conformation 40.0 -40.0 Flllrfrrllfrfrrlfrllfrfrflffllfrrllfrllrflrrflrrfrllrffrllflrrllrfrllfffllrlrffrffrllrflfrfffrrflrr"/>
        <trajectory sample="181" generation="181000"
                    bestEnergy="-38.0" averageEnergy="-34.7189" worstEnergy="-32.0"
                    bestConformation="Conformation 40.0 -40.0 Flllrfrrllfrfrrlfrllfrfrflffllfrrllfrllrflrrflrrfrllrffrllflrrllrfrllfffllrlrffrffrllrflfrfffrrflrr"/>
        <trajectory sample="182" generation="182000"
                    bestEnergy="-38.0" averageEnergy="-34.7796" worstEnergy="-34.0"
                    bestConformation="Conformation 40.0 -40.0 Flllrfrrllfrfrrlfrllfrfrflffllfrrllfrllrflrrflrrfrllrffrllflrrllrfrllfffllrlrffrffrllrflfrfffrrflrr"/>
        <trajectory sample="183" generation="183000"
                    bestEnergy="-38.0" averageEnergy="-34.8421" worstEnergy="-34.0"
                    bestConformation="Conformation 40.0 -40.0 Flllrfrrllfrfrrlfrllfrfrflffllfrrllfrllrflrrflrrfrllrffrllflrrllrfrllfffllrlrffrffrllrflfrfffrrflrr"/>
        <trajectory sample="184" generation="184000"
                    bestEnergy="-38.0" averageEnergy="-34.9051" worstEnergy="-34.0"
                    bestConformation="Conformation 40.0 -40.0 Flllrfrrllfrfrrlfrllfrfrflffllfrrllfrllrflrrflrrfrllrffrllflrrllrfrllfffllrlrffrffrllrflfrfffrrflrr"/>
        <trajectory sample="185" generation="185000"
                    bestEnergy="-38.0" averageEnergy="-34.9732" worstEnergy="-34.0"
                    bestConformation="Conformation 40.0 -40.0 Flllrfrrllfrfrrlfrllfrfrflffllfrrllfrllrflrrflrrfrllrffrllflrrllrfrllfffllrlrffrffrllrflfrfffrrflrr"/>
        <trajectory sample="186" generation="186000"
                    bestEnergy="-38.0" averageEnergy="-35.0541" worstEnergy="-33.0"
                    bestConformation="Conformation 40.0 -40.0 Flllrfrrllfrfrrlfrllfrfrflffllfrrllfrllrflrrflrrfrllrffrllflrrllrfrllfffllrlrffrffrllrflfrfffrrflrr"/>
        <trajectory sample="187" generation="187000"
                    bestEnergy="-38.0" averageEnergy="-35.1332" worstEnergy="-33.0"
                    bestConformation="Conformation 40.0 -40.0 Flllrfrrllfrfrrlfrllfrfrflffllfrrllfrllrflrrflrrfrllrffrllflrrllrfrllfffllrlrffrffrllrflfrfffrrflrr"/>
        <trajectory sample="188" generation="188000"
                    bestEnergy="-38.0" averageEnergy="-35.2155" worstEnergy="-32.0"
                    bestConformation="Conformation 40.0 -40.0 Flllrfrrllfrfrrlfrllfrfrflffllfrrllfrllrflrrflrrfrllrffrllflrrllrfrllfffllrlrffrffrllrflfrfffrrflrr"/>
        <trajectory sample="189" generation="189000"
                    bestEnergy="-38.0" averageEnergy="-35.3113" worstEnergy="-34.0"
                    bestConformation="Conformation 40.0 -40.0 Flllrfrrllfrfrrlfrllfrfrflffllfrrllfrllrflrrflrrfrllrffrllflrrllrfrllfffllrlrffrffrllrflfrfffrrflrr"/>
        <trajectory sample="190" generation="190000"
                    bestEnergy="-38.0" averageEnergy="-35.3994" worstEnergy="-34.0"
                    bestConformation="Conformation 40.0 -40.0 Flllrfrrllfrfrrlfrllfrfrflffllfrrllfrllrflrrflrrfrllrffrllflrrllrfrllfffllrlrffrffrllrflfrfffrrflrr"/>
        <trajectory sample="191" generation="191000"
                    bestEnergy="-38.0" averageEnergy="-35.4959" worstEnergy="-34.0"
                    bestConformation="Conformation 40.0 -40.0 Flllrfrrllfrfrrlfrllfrfrflffllfrrllfrllrflrrflrrfrllrffrllflrrllrfrllfffllrlrffrffrllrflfrfffrrflrr"/>
        <trajectory sample="192" generation="192000"
                    bestEnergy="-38.0" averageEnergy="-35.6003" worstEnergy="-34.0"
                    bestConformation="Conformation 40.0 -40.0 Flllrfrrllfrfrrlfrllfrfrflffllfrrllfrllrflrrflrrfrllrffrllflrrllrfrllfffllrlrffrffrllrflfrfffrrflrr"/>
        <trajectory sample="193" generation="193000"
                    bestEnergy="-38.0" averageEnergy="-35.6709" worstEnergy="-33.0"
                    bestConformation="Conformation 40.0 -40.0 Flllrfrrllfrfrrlfrllfrfrflffllfrrllfrllrflrrflrrfrllrffrllflrrllrfrllfffllrlrffrffrllrflfrfffrrflrr"/>
        <trajectory sample="194" generation="194000"
                    bestEnergy="-38.0" averageEnergy="-35.7289" worstEnergy="-26.0"
                    bestConformation="Conformation 40.0 -40.0 Flllrfrrllfrfrrlfrllfrfrflffllfrrllfrllrflrrflrrfrllrffrllflrrllrfrllfffllrlrffrffrllrflfrfffrrflrr"/>
        <trajectory sample="195" generation="195000"
                    bestEnergy="-38.0" averageEnergy="-35.7818" worstEnergy="-35.0"
                    bestConformation="Conformation 40.0 -40.0 Flllrfrrllfrfrrlfrllfrfrflffllfrrllfrllrflrrflrrfrllrffrllflrrllrfrllfffllrlrffrffrllrflfrfffrrflrr"/>
        <trajectory sample="196" generation="196000"
                    bestEnergy="-38.0" averageEnergy="-35.8377" worstEnergy="-35.0"
                    bestConformation="Conformation 40.0 -40.0 Flllrfrrllfrfrrlfrllfrfrflffllfrrllfrllrflrrflrrfrllrffrllflrrllrfrllfffllrlrffrffrllrflfrfffrrflrr"/>
        <trajectory sample="197" generation="197000"
                    bestEnergy="-38.0" averageEnergy="-35.8984" worstEnergy="-35.0"
                    bestConformation="Conformation 40.0 -40.0 Flllrfrrllfrfrrlfrllfrfrflffllfrrllfrllrflrrflrrfrllrffrllflrrllrfrllfffllrlrffrffrllrflfrfffrrflrr"/>
        <trajectory sample="198" generation="198000"
                    bestEnergy="-38.0" averageEnergy="-35.9676" worstEnergy="-23.0"
                    bestConformation="Conformation 40.0 -40.0 Flllrfrrllfrfrrlfrllfrfrflffllfrrllfrllrflrrflrrfrllrffrllflrrllrfrllfffllrlrffrffrllrflfrfffrrflrr"/>
        <trajectory sample="199" generation="199000"
                    bestEnergy="-38.0" averageEnergy="-36.0359" worstEnergy="-28.0"
                    bestConformation="Conformation 40.0 -40.0 Flllrfrrllfrfrrlfrllfrfrflffllfrrllfrllrflrrflrrfrllrffrllflrrllrfrllfffllrlrffrffrllrflfrfffrrflrr"/>
        <trajectory sample="200" generation="200000"
                    bestEnergy="-38.0" averageEnergy="-36.1068" worstEnergy="-29.0"
                    bestConformation="Conformation 40.0 -40.0 Flllrfrrllfrfrrlfrllfrfrflffllfrrllfrllrflrrflrrfrllrffrllflrrllrfrllfffllrlrffrffrllrflfrfffrrflrr"/>
        <trajectory sample="201" generation="201000"
                    bestEnergy="-38.0" averageEnergy="-36.1853" worstEnergy="-33.0"
                    bestConformation="Conformation 40.0 -40.0 Flllrfrrllfrfrrlfrllfrfrflffllfrrllfrllrflrrflrrfrllrffrllflrrllrfrllfffllrlrffrffrllrflfrfffrrflrr"/>
        <trajectory sample="202" generation="202000"
                    bestEnergy="-38.0" averageEnergy="-36.2719" worstEnergy="-35.0"
                    bestConformation="Conformation 40.0 -40.0 Flllrfrrllfrfrrlfrllfrfrflffllfrrllfrllrflrrflrrfrllrffrllflrrllrfrllfffllrlrffrffrllrflfrfffrrflrr"/>
        <trajectory sample="203" generation="203000"
                    bestEnergy="-38.0" averageEnergy="-36.3584" worstEnergy="-34.0"
                    bestConformation="Conformation 40.0 -40.0 Flllrfrrllfrfrrlfrllfrfrflffllfrrllfrllrflrrflrrfrllrffrllflrrllrfrllfffllrlrffrffrllrflfrfffrrflrr"/>
        <trajectory sample="204" generation="204000"
                    bestEnergy="-38.0" averageEnergy="-36.4423" worstEnergy="-35.0"
                    bestConformation="Conformation 40.0 -40.0 Flllrfrrllfrfrrlfrllfrfrflffllfrrllfrllrflrrflrrfrllrffrllflrrllrfrllfffllrlrffrffrllrflfrfffrrflrr"/>
        <trajectory sample="205" generation="205000"
                    bestEnergy="-38.0" averageEnergy="-36.4792" worstEnergy="-36.0"
                    bestConformation="Conformation 40.0 -40.0 Flllrfrrllfrfrrlfrllfrfrflffllfrrllfrllrflrrflrrfrllrffrllflrrllrfrllfffllrlrffrffrllrflfrfffrrflrr"/>
        <trajectory sample="206" generation="206000"
                    bestEnergy="-39.0" averageEnergy="-36.5191" worstEnergy="-36.0"
                    bestConformation="Conformation 41.0 -41.0 Flllrffrllfrfrrlfrllfrfrflffllfrrllfrllrflrrflrrfrllrffrllflrrllrfrllflrlrlflfrrffrllrflfrfffrrflrr"/>
        <trajectory sample="207" generation="207000"
                    bestEnergy="-39.0" averageEnergy="-36.5604" worstEnergy="-36.0"
                    bestConformation="Conformation 41.0 -41.0 Flllrffrllfrfrrlfrllfrfrflffllfrrllfrllrflrrflrrfrllrffrllflrrllrfrllflrlrlflfrrffrllrflfrfffrrflrr"/>
        <trajectory sample="208" generation="208000"
                    bestEnergy="-39.0" averageEnergy="-36.6048" worstEnergy="-29.0"
                    bestConformation="Conformation 41.0 -41.0 Flllrffrllfrfrrlfrllfrfrflffllfrrllfrllrflrrflrrfrllrffrllflrrllrfrllflrlrlflfrrffrllrflfrfffrrflrr"/>
        <trajectory sample="209" generation="209000"
                    bestEnergy="-39.0" averageEnergy="-36.657" worstEnergy="-36.0"
                    bestConformation="Conformation 41.0 -41.0 Flllrffrllfrfrrlfrllfrfrflffllfrrllfrllrflrrflrrfrllrffrllflrrllrfrllflrlrlflfrrffrllrflfrfffrrflrr"/>
        <trajectory sample="210" generation="210000"
                    bestEnergy="-39.0" averageEnergy="-36.7076" worstEnergy="-33.0"
                    bestConformation="Conformation 41.0 -41.0 Flllrffrllfrfrrlfrllfrfrflffllfrrllfrllrflrrflrrfrllrffrllflrrllrfrllflrlrlflfrrffrllrflfrfffrrflrr"/>
        <trajectory sample="211" generation="211000"
                    bestEnergy="-39.0" averageEnergy="-36.7616" worstEnergy="-36.0"
                    bestConformation="Conformation 41.0 -41.0 Flllrffrllfrfrrlfrllfrfrflffllfrrllfrllrflrrflrrfrllrffrllflrrllrfrllflrlrlflfrrffrllrflfrfffrrflrr"/>
        <trajectory sample="212" generation="212000"
                    bestEnergy="-39.0" averageEnergy="-36.8216" worstEnergy="-36.0"
                    bestConformation="Conformation 41.0 -41.0 Flllrffrllfrfrrlfrllfrfrflffllfrrllfrllrflrrflrrfrllrffrllflrrllrfrllflrlrlflfrrffrllrflfrfffrrflrr"/>
        <trajectory sample="213" generation="213000"
                    bestEnergy="-39.0" averageEnergy="-36.8854" worstEnergy="-36.0"
                    bestConformation="Conformation 41.0 -41.0 Flllrffrllfrfrrlfrllfrfrflffllfrrllfrllrflrrflrrfrllrffrllflrrllrfrllflrlrlflfrrffrllrflfrfffrrflrr"/>
        <trajectory sample="214" generation="214000"
                    bestEnergy="-39.0" averageEnergy="-36.949" worstEnergy="-36.0"
                    bestConformation="Conformation 41.0 -41.0 Flllrffrllfrfrrlfrllfrfrflffllfrrllfrllrflrrflrrfrllrffrllflrrllrfrllflrlrlflfrrffrllrflfrfffrrflrr"/>
        <trajectory sample="215" generation="215000"
                    bestEnergy="-39.0" averageEnergy="-37.0126" worstEnergy="-36.0"
                    bestConformation="Conformation 41.0 -41.0 Flllrffrllfrfrrlfrllfrfrflffllfrrllfrllrflrrflrrfrllrffrllflrrllrfrllflrlrlflfrrffrllrflfrfffrrflrr"/>
        <trajectory sample="216" generation="216000"
                    bestEnergy="-39.0" averageEnergy="-37.0809" worstEnergy="-35.0"
                    bestConformation="Conformation 41.0 -41.0 Flllrffrllfrfrrlfrllfrfrflffllfrrllfrllrflrrflrrfrllrffrllflrrllrfrllflrlrlflfrrffrllrflfrfffrrflrr"/>
        <trajectory sample="217" generation="217000"
                    bestEnergy="-39.0" averageEnergy="-37.1513" worstEnergy="-36.0"
                    bestConformation="Conformation 41.0 -41.0 Flllrffrllfrfrrlfrllfrfrflffllfrrllfrllrflrrflrrfrllrffrllflrrllrfrllflrlrlflfrrffrllrflfrfffrrflrr"/>
        <trajectory sample="218" generation="218000"
                    bestEnergy="-39.0" averageEnergy="-37.2315" worstEnergy="-32.0"
                    bestConformation="Conformation 41.0 -41.0 Flllrffrllfrfrrlfrllfrfrflffllfrrllfrllrflrrflrrfrllrffrllflrrllrfrllflrlrlflfrrffrllrflfrfffrrflrr"/>
        <trajectory sample="219" generation="219000"
                    bestEnergy="-39.0" averageEnergy="-37.3079" worstEnergy="-36.0"
                    bestConformation="Conformation 41.0 -41.0 Flllrffrllfrfrrlfrllfrfrflffllfrrllfrllrflrrflrrfrllrffrllflrrllrfrllflrlrlflfrrffrllrflfrfffrrflrr"/>
        <trajectory sample="220" generation="220000"
                    bestEnergy="-39.0" averageEnergy="-37.3864" worstEnergy="-31.0"
                    bestConformation="Conformation 41.0 -41.0 Flllrffrllfrfrrlfrllfrfrflffllfrrllfrllrflrrflrrfrllrffrllflrrllrfrllflrlrlflfrrffrllrflfrfffrrflrr"/>
        <trajectory sample="221" generation="221000"
                    bestEnergy="-39.0" averageEnergy="-37.4421" worstEnergy="-37.0"
                    bestConformation="Conformation 41.0 -41.0 Flllrffrllfrfrrlfrllfrfrflffllfrrllfrllrflrrflrrfrllrffrllflrrllrfrllflrlrlflfrrffrllrflfrfffrrflrr"/>
        <trajectory sample="222" generation="222000"
                    bestEnergy="-39.0" averageEnergy="-37.474" worstEnergy="-37.0"
                    bestConformation="Conformation 41.0 -41.0 Flllrffrllfrfrrlfrllfrfrflffllfrrllfrllrflrrflrrfrllrffrllflrrllrfrllflrlrlflfrrffrllrflfrfffrrflrr"/>
        <trajectory sample="223" generation="223000"
                    bestEnergy="-39.0" averageEnergy="-37.5069" worstEnergy="-35.0"
                    bestConformation="Conformation 41.0 -41.0 Flllrffrllfrfrrlfrllfrfrflffllfrrllfrllrflrrflrrfrllrffrllflrrllrfrllflrlrlflfrrffrllrflfrfffrrflrr"/>
        <trajectory sample="224" generation="224000"
                    bestEnergy="-39.0" averageEnergy="-37.5439" worstEnergy="-37.0"
                    bestConformation="Conformation 41.0 -41.0 Flllrffrllfrfrrlfrllfrfrflffllfrrllfrllrflrrflrrfrllrffrllflrrllrfrllflrlrlflfrrffrllrflfrfffrrflrr"/>
        <trajectory sample="225" generation="225000"
                    bestEnergy="-39.0" averageEnergy="-37.5775" worstEnergy="-37.0"
                    bestConformation="Conformation 41.0 -41.0 Flllrffrllfrfrrlfrllfrfrflffllfrrllfrllrflrrflrrfrllrffrllflrrllrfrllflrlrlflfrrffrllrflfrfffrrflrr"/>
        <trajectory sample="226" generation="226000"
                    bestEnergy="-39.0" averageEnergy="-37.6153" worstEnergy="-27.0"
                    bestConformation="Conformation 41.0 -41.0 Flllrffrllfrfrrlfrllfrfrflffllfrrllfrllrflrrflrrfrllrffrllflrrllrfrllflrlrlflfrrffrllrflfrfffrrflrr"/>
        <trajectory sample="227" generation="227000"
                    bestEnergy="-39.0" averageEnergy="-37.657" worstEnergy="-35.0"
                    bestConformation="Conformation 41.0 -41.0 Flllrffrllfrfrrlfrllfrfrflffllfrrllfrllrflrrflrrfrllrffrllflrrllrfrllflrlrlflfrrffrllrflfrfffrrflrr"/>
        <trajectory sample="228" generation="228000"
                    bestEnergy="-39.0" averageEnergy="-37.6988" worstEnergy="-37.0"
                    bestConformation="Conformation 41.0 -41.0 Flllrffrllfrfrrlfrllfrfrflffllfrrllfrllrflrrflrrfrllrffrllflrrllrfrllflrlrlflfrrffrllrflfrfffrrflrr"/>
        <trajectory sample="229" generation="229000"
                    bestEnergy="-39.0" averageEnergy="-37.7402" worstEnergy="-37.0"
                    bestConformation="Conformation 41.0 -41.0 Flllrffrllfrfrrlfrllfrfrflffllfrrllfrllrflrrflrrfrllrffrllflrrllrfrllflrlrlflfrrffrllrflfrfffrrflrr"/>
        <trajectory sample="230" generation="230000"
                    bestEnergy="-39.0" averageEnergy="-37.7821" worstEnergy="-28.0"
                    bestConformation="Conformation 41.0 -41.0 Flllrffrllfrfrrlfrllfrfrflffllfrrllfrllrflrrflrrfrllrffrllflrrllrfrllflrlrlflfrrffrllrflfrfffrrflrr"/>
        <trajectory sample="231" generation="231000"
                    bestEnergy="-39.0" averageEnergy="-37.8264" worstEnergy="-37.0"
                    bestConformation="Conformation 41.0 -41.0 Flllrffrllfrfrrlfrllfrfrflffllfrrllfrllrflrrflrrfrllrffrllflrrllrfrllflrlrlflfrrffrllrflfrfffrrflrr"/>
        <trajectory sample="232" generation="232000"
                    bestEnergy="-39.0" averageEnergy="-37.8701" worstEnergy="-29.0"
                    bestConformation="Conformation 41.0 -41.0 Flllrffrllfrfrrlfrllfrfrflffllfrrllfrllrflrrflrrfrllrffrllflrrllrfrllflrlrlflfrrffrllrflfrfffrrflrr"/>
        <trajectory sample="233" generation="233000"
                    bestEnergy="-39.0" averageEnergy="-37.9183" worstEnergy="-37.0"
                    bestConformation="Conformation 41.0 -41.0 Flllrffrllfrfrrlfrllfrfrflffllfrrllfrllrflrrflrrfrllrffrllflrrllrfrllflrlrlflfrrffrllrflfrfffrrflrr"/>
        <trajectory sample="234" generation="234000"
                    bestEnergy="-39.0" averageEnergy="-37.9686" worstEnergy="-35.0"
                    bestConformation="Conformation 41.0 -41.0 Flllrffrllfrfrrlfrllfrfrflffllfrrllfrllrflrrflrrfrllrffrllflrrllrfrllflrlrlflfrrffrllrflfrfffrrflrr"/>
        <trajectory sample="235" generation="235000"
                    bestEnergy="-39.0" averageEnergy="-38.0" worstEnergy="-28.0"
                    bestConformation="Conformation 41.0 -41.0 Flllrffrllfrfrrlfrllfrfrflffllfrrllfrllrflrrflrrfrllrffrllflrrllrfrllflrlrlflfrrffrllrflfrfffrrflrr"/>
        <trajectory sample="236" generation="236000"
                    bestEnergy="-39.0" averageEnergy="-38.0001" worstEnergy="-28.0"
                    bestConformation="Conformation 41.0 -41.0 Flllrffrllfrfrrlfrllfrfrflffllfrrllfrllrflrrflrrfrllrffrllflrrllrfrllflrlrlflfrrffrllrflfrfffrrflrr"/>
        <trajectory sample="237" generation="237000"
                    bestEnergy="-39.0" averageEnergy="-38.0004" worstEnergy="-31.0"
                    bestConformation="Conformation 41.0 -41.0 Flllrffrllfrfrrlfrllfrfrflffllfrrllfrllrflrrflrrfrllrffrllflrrllrfrllflrlrlflfrrffrllrflfrfffrrflrr"/>
        <trajectory sample="238" generation="238000"
                    bestEnergy="-39.0" averageEnergy="-38.0008" worstEnergy="-33.0"
                    bestConformation="Conformation 41.0 -41.0 Flllrffrllfrfrrlfrllfrfrflffllfrrllfrllrflrrflrrfrllrffrllflrrllrfrllflrlrlflfrrffrllrflfrfffrrflrr"/>
        <trajectory sample="239" generation="239000"
                    bestEnergy="-39.0" averageEnergy="-38.0002" worstEnergy="-26.0"
                    bestConformation="Conformation 41.0 -41.0 Flllrffrllfrfrrlfrllfrfrflffllfrrllfrllrflrrflrrfrllrffrllflrrllrfrllflrlrlflfrrffrllrflfrfffrrflrr"/>
        <trajectory sample="240" generation="240000"
                    bestEnergy="-39.0" averageEnergy="-38.0016" worstEnergy="-38.0"
                    bestConformation="Conformation 41.0 -41.0 Flllrffrllfrfrrlfrllfrfrflffllfrrllfrllrflrrflrrfrllrffrllflrrllrfrllflrlrlflfrrffrllrflfrfffrrflrr"/>
        <trajectory sample="241" generation="241000"
                    bestEnergy="-39.0" averageEnergy="-38.0017" worstEnergy="-36.0"
                    bestConformation="Conformation 41.0 -41.0 Flllrffrllfrfrrlfrllfrfrflffllfrrllfrllrflrrflrrfrllrffrllflrrllrfrllflrlrlflfrrffrllrflfrfffrrflrr"/>
        <trajectory sample="242" generation="242000"
                    bestEnergy="-39.0" averageEnergy="-38.0019" worstEnergy="-36.0"
                    bestConformation="Conformation 41.0 -41.0 Flllrffrllfrfrrlfrllfrfrflffllfrrllfrllrflrrflrrfrllrffrllflrrllrfrllflrlrlflfrrffrllrflfrfffrrflrr"/>
        <trajectory sample="243" generation="243000"
                    bestEnergy="-39.0" averageEnergy="-38.0024" worstEnergy="-38.0"
                    bestConformation="Conformation 41.0 -41.0 Flllrffrllfrfrrlfrllfrfrflffllfrrllfrllrflrrflrrfrllrffrllflrrllrfrllflrlrlflfrrffrllrflfrfffrrflrr"/>
        <trajectory sample="244" generation="244000"
                    bestEnergy="-39.0" averageEnergy="-38.0016" worstEnergy="-28.0"
                    bestConformation="Conformation 41.0 -41.0 Flllrffrllfrfrrlfrllfrfrflffllfrrllfrllrflrrflrrfrllrffrllflrrllrfrllflrlrlflfrrffrllrflfrfffrrflrr"/>
        <trajectory sample="245" generation="245000"
                    bestEnergy="-39.0" averageEnergy="-38.0031" worstEnergy="-38.0"
                    bestConformation="Conformation 41.0 -41.0 Flllrffrllfrfrrlfrllfrfrflffllfrrllfrllrflrrflrrfrllrffrllflrrllrfrllflrlrlflfrrffrllrflfrfffrrflrr"/>
        <trajectory sample="246" generation="246000"
                    bestEnergy="-39.0" averageEnergy="-38.0022" worstEnergy="-26.0"
                    bestConformation="Conformation 41.0 -41.0 Flllrffrllfrfrrlfrllfrfrflffllfrrllfrllrflrrflrrfrllrffrllflrrllrfrllflrlrlflfrrffrllrflfrfffrrflrr"/>
        <trajectory sample="247" generation="247000"
                    bestEnergy="-39.0" averageEnergy="-38.0027" worstEnergy="-27.0"
                    bestConformation="Conformation 41.0 -41.0 Flllrffrllfrfrrlfrllfrfrflffllfrrllfrllrflrrflrrfrllrffrllflrrllrfrllflrlrlflfrrffrllrflfrfffrrflrr"/>
        <trajectory sample="248" generation="248000"
                    bestEnergy="-39.0" averageEnergy="-38.0038" worstEnergy="-35.0"
                    bestConformation="Conformation 41.0 -41.0 Flllrffrllfrfrrlfrllfrfrflffllfrrllfrllrflrrflrrfrllrffrllflrrllrfrllflrlrlflfrrffrllrflfrfffrrflrr"/>
        <trajectory sample="249" generation="249000"
                    bestEnergy="-39.0" averageEnergy="-38.004" worstEnergy="-33.0"
                    bestConformation="Conformation 41.0 -41.0 Flllrffrllfrfrrlfrllfrfrflffllfrrllfrllrflrrflrrfrllrffrllflrrllrfrllflrlrlflfrrffrllrflfrfffrrflrr"/>
        <trajectory sample="250" generation="250000"
                    bestEnergy="-39.0" averageEnergy="-38.005" worstEnergy="-38.0"
                    bestConformation="Conformation 41.0 -41.0 Flllrffrllfrfrrlfrllfrfrflffllfrrllfrllrflrrflrrfrllrffrllflrrllrfrllflrlrlflfrrffrllrflfrfffrrflrr"/>
        <trajectory sample="251" generation="251000"
                    bestEnergy="-39.0" averageEnergy="-38.0039" worstEnergy="-26.0"
                    bestConformation="Conformation 41.0 -41.0 Flllrffrllfrfrrlfrllfrfrflffllfrrllfrllrflrrflrrfrllrffrllflrrllrfrllflrlrlflfrrffrllrflfrfffrrflrr"/>
        <trajectory sample="252" generation="252000"
                    bestEnergy="-39.0" averageEnergy="-38.0055" worstEnergy="-36.0"
                    bestConformation="Conformation 41.0 -41.0 Flllrffrllfrfrrlfrllfrfrflffllfrrllfrllrflrrflrrfrllrffrllflrrllrfrllflrlrlflfrrffrllrflfrfffrrflrr"/>
        <trajectory sample="253" generation="253000"
                    bestEnergy="-39.0" averageEnergy="-38.0059" worstEnergy="-38.0"
                    bestConformation="Conformation 41.0 -41.0 Flllrffrllfrfrrlfrllfrfrflffllfrrllfrllrflrrflrrfrllrffrllflrrllrfrllflrlrlflfrrffrllrflfrfffrrflrr"/>
        <trajectory sample="254" generation="254000"
                    bestEnergy="-39.0" averageEnergy="-38.007" worstEnergy="-36.0"
                    bestConformation="Conformation 41.0 -41.0 Flllrffrllfrfrrlfrllfrfrflffllfrrllfrllrflrrflrrfrllrffrllflrrllrfrllflrlrlflfrrffrllrflfrfffrrflrr"/>
        <trajectory sample="255" generation="255000"
                    bestEnergy="-39.0" averageEnergy="-38.0074" worstEnergy="-38.0"
                    bestConformation="Conformation 41.0 -41.0 Flllrffrllfrfrrlfrllfrfrflffllfrrllfrllrflrrflrrfrllrffrllflrrllrfrllflrlrlflfrrffrllrflfrfffrrflrr"/>
        <trajectory sample="256" generation="256000"
                    bestEnergy="-39.0" averageEnergy="-38.0072" worstEnergy="-26.0"
                    bestConformation="Conformation 41.0 -41.0 Flllrffrllfrfrrlfrllfrfrflffllfrrllfrllrflrrflrrfrllrffrllflrrllrfrllflrlrlflfrrffrllrflfrfffrrflrr"/>
        <trajectory sample="257" generation="257000"
                    bestEnergy="-39.0" averageEnergy="-38.0083" worstEnergy="-31.0"
                    bestConformation="Conformation 41.0 -41.0 Flllrffrllfrfrrlfrllfrfrflffllfrrllfrllrflrrflrrfrllrffrllflrrllrfrllflrlrlflfrrffrllrflfrfffrrflrr"/>
        <trajectory sample="258" generation="258000"
                    bestEnergy="-39.0" averageEnergy="-38.0097" worstEnergy="-34.0"
                    bestConformation="Conformation 41.0 -41.0 Flllrffrllfrfrrlfrllfrfrflffllfrrllfrllrflrrflrrfrllrffrllflrrllrfrllflrlrlflfrrffrllrflfrfffrrflrr"/>
        <trajectory sample="259" generation="259000"
                    bestEnergy="-39.0" averageEnergy="-38.011" worstEnergy="-38.0"
                    bestConformation="Conformation 41.0 -41.0 Flllrffrllfrfrrlfrllfrfrflffllfrrllfrllrflrrflrrfrllrffrllflrrllrfrllflrlrlflfrrffrllrflfrfffrrflrr"/>
        <trajectory sample="260" generation="260000"
                    bestEnergy="-39.0" averageEnergy="-38.0124" worstEnergy="-38.0"
                    bestConformation="Conformation 41.0 -41.0 Flllrffrllfrfrrlfrllfrfrflffllfrrllfrllrflrrflrrfrllrffrllflrrllrfrllflrlrlflfrrffrllrflfrfffrrflrr"/>
        <trajectory sample="261" generation="261000"
                    bestEnergy="-39.0" averageEnergy="-38.0126" worstEnergy="-31.0"
                    bestConformation="Conformation 41.0 -41.0 Flllrffrllfrfrrlfrllfrfrflffllfrrllfrllrflrrflrrfrllrffrllflrrllrfrllflrlrlflfrrffrllrflfrfffrrflrr"/>
        <trajectory sample="262" generation="262000"
                    bestEnergy="-39.0" averageEnergy="-38.0143" worstEnergy="-38.0"
                    bestConformation="Conformation 41.0 -41.0 Flllrffrllfrfrrlfrllfrfrflffllfrrllfrllrflrrflrrfrllrffrllflrrllrfrllflrlrlflfrrffrllrflfrfffrrflrr"/>
        <trajectory sample="263" generation="263000"
                    bestEnergy="-39.0" averageEnergy="-38.0156" worstEnergy="-38.0"
                    bestConformation="Conformation 41.0 -41.0 Flllrffrllfrfrrlfrllfrfrflffllfrrllfrllrflrrflrrfrllrffrllflrrllrfrllflrlrlflfrrffrllrflfrfffrrflrr"/>
        <trajectory sample="264" generation="264000"
                    bestEnergy="-39.0" averageEnergy="-38.0176" worstEnergy="-38.0"
                    bestConformation="Conformation 41.0 -41.0 Flllrffrllfrfrrlfrllfrfrflffllfrrllfrllrflrrflrrfrllrffrllflrrllrfrllflrlrlflfrrffrllrflfrfffrrflrr"/>
        <trajectory sample="265" generation="265000"
                    bestEnergy="-39.0" averageEnergy="-38.0192" worstEnergy="-33.0"
                    bestConformation="Conformation 41.0 -41.0 Flllrffrllfrfrrlfrllfrfrflffllfrrllfrllrflrrflrrfrllrffrllflrrllrfrllflrlrlflfrrffrllrflfrfffrrflrr"/>
        <trajectory sample="266" generation="266000"
                    bestEnergy="-39.0" averageEnergy="-38.0213" worstEnergy="-37.0"
                    bestConformation="Conformation 41.0 -41.0 Flllrffrllfrfrrlfrllfrfrflffllfrrllfrllrflrrflrrfrllrffrllflrrllrfrllflrlrlflfrrffrllrflfrfffrrflrr"/>
        <trajectory sample="267" generation="267000"
                    bestEnergy="-39.0" averageEnergy="-38.0238" worstEnergy="-38.0"
                    bestConformation="Conformation 41.0 -41.0 Flllrffrllfrfrrlfrllfrfrflffllfrrllfrllrflrrflrrfrllrffrllflrrllrfrllflrlrlflfrrffrllrflfrfffrrflrr"/>
        <trajectory sample="268" generation="268000"
                    bestEnergy="-39.0" averageEnergy="-38.0244" worstEnergy="-26.0"
                    bestConformation="Conformation 41.0 -41.0 Flllrffrllfrfrrlfrllfrfrflffllfrrllfrllrflrrflrrfrllrffrllflrrllrfrllflrlrlflfrrffrllrflfrfffrrflrr"/>
        <trajectory sample="269" generation="269000"
                    bestEnergy="-39.0" averageEnergy="-38.0284" worstEnergy="-38.0"
                    bestConformation="Conformation 41.0 -41.0 Flllrffrllfrfrrlfrllfrfrflffllfrrllfrllrflrrflrrfrllrffrllflrrllrfrllflrlrlflfrrffrllrflfrfffrrflrr"/>
        <trajectory sample="270" generation="270000"
                    bestEnergy="-39.0" averageEnergy="-38.0309" worstEnergy="-35.0"
                    bestConformation="Conformation 41.0 -41.0 Flllrffrllfrfrrlfrllfrfrflffllfrrllfrllrflrrflrrfrllrffrllflrrllrfrllflrlrlflfrrffrllrflfrfffrrflrr"/>
        <trajectory sample="271" generation="271000"
                    bestEnergy="-39.0" averageEnergy="-38.0335" worstEnergy="-28.0"
                    bestConformation="Conformation 41.0 -41.0 Flllrffrllfrfrrlfrllfrfrflffllfrrllfrllrflrrflrrfrllrffrllflrrllrfrllflrlrlflfrrffrllrflfrfffrrflrr"/>
        <trajectory sample="272" generation="272000"
                    bestEnergy="-39.0" averageEnergy="-38.0384" worstEnergy="-38.0"
                    bestConformation="Conformation 41.0 -41.0 Flllrffrllfrfrrlfrllfrfrflffllfrrllfrllrflrrflrrfrllrffrllflrrllrfrllflrlrlflfrrffrllrflfrfffrrflrr"/>
        <trajectory sample="273" generation="273000"
                    bestEnergy="-39.0" averageEnergy="-38.04" worstEnergy="-26.0"
                    bestConformation="Conformation 41.0 -41.0 Flllrffrllfrfrrlfrllfrfrflffllfrrllfrllrflrrflrrfrllrffrllflrrllrfrllflrlrlflfrrffrllrflfrfffrrflrr"/>
        <trajectory sample="274" generation="274000"
                    bestEnergy="-39.0" averageEnergy="-38.0444" worstEnergy="-37.0"
                    bestConformation="Conformation 41.0 -41.0 Flllrffrllfrfrrlfrllfrfrflffllfrrllfrllrflrrflrrfrllrffrllflrrllrfrllflrlrlflfrrffrllrflfrfffrrflrr"/>
        <trajectory sample="275" generation="275000"
                    bestEnergy="-39.0" averageEnergy="-38.0503" worstEnergy="-33.0"
                    bestConformation="Conformation 41.0 -41.0 Flllrffrllfrfrrlfrllfrfrflffllfrrllfrllrflrrflrrfrllrffrllflrrllrfrllflrlrlflfrrffrllrflfrfffrrflrr"/>
        <trajectory sample="276" generation="276000"
                    bestEnergy="-39.0" averageEnergy="-38.0557" worstEnergy="-34.0"
                    bestConformation="Conformation 41.0 -41.0 Flllrffrllfrfrrlfrllfrfrflffllfrrllfrllrflrrflrrfrllrffrllflrrllrfrllflrlrlflfrrffrllrflfrfffrrflrr"/>
        <trajectory sample="277" generation="277000"
                    bestEnergy="-40.0" averageEnergy="-38.0615" worstEnergy="-38.0"
                    bestConformation="Conformation 40.0 -40.0 Flllrfrrllfrfrrlfrllfrfrflffllfrrllfrllrflrrflrrfrllrffrllflrrllrfrllfffllrlrffrffrllrflfrfffrrflrr"/>
        <trajectory sample="278" generation="278000"
                    bestEnergy="-40.0" averageEnergy="-38.0665" worstEnergy="-38.0"
                    bestConformation="Conformation 40.0 -40.0 Flllrfrrllfrfrrlfrllfrfrflffllfrrllfrllrflrrflrrfrllrffrllflrrllrfrllfffllrlrffrffrllrflfrfffrrflrr"/>
        <trajectory sample="279" generation="279000"
                    bestEnergy="-40.0" averageEnergy="-38.0724" worstEnergy="-32.0"
                    bestConformation="Conformation 40.0 -40.0 Flllrfrrllfrfrrlfrllfrfrflffllfrrllfrllrflrrflrrfrllrffrllflrrllrfrllfffllrlrffrffrllrflfrfffrrflrr"/>
        <trajectory sample="280" generation="280000"
                    bestEnergy="-40.0" averageEnergy="-38.0789" worstEnergy="-38.0"
                    bestConformation="Conformation 40.0 -40.0 Flllrfrrllfrfrrlfrllfrfrflffllfrrllfrllrflrrflrrfrllrffrllflrrllrfrllfffllrlrffrffrllrflfrfffrrflrr"/>
        <trajectory sample="281" generation="281000"
                    bestEnergy="-40.0" averageEnergy="-38.0876" worstEnergy="-38.0"
                    bestConformation="Conformation 40.0 -40.0 Flllrfrrllfrfrrlfrllfrfrflffllfrrllfrllrflrrflrrfrllrffrllflrrllrfrllfffllrlrffrffrllrflfrfffrrflrr"/>
        <trajectory sample="282" generation="282000"
                    bestEnergy="-40.0" averageEnergy="-38.0964" worstEnergy="-35.0"
                    bestConformation="Conformation 40.0 -40.0 Flllrfrrllfrfrrlfrllfrfrflffllfrrllfrllrflrrflrrfrllrffrllflrrllrfrllfffllrlrffrffrllrflfrfffrrflrr"/>
        <trajectory sample="283" generation="283000"
                    bestEnergy="-40.0" averageEnergy="-38.1053" worstEnergy="-35.0"
                    bestConformation="Conformation 40.0 -40.0 Flllrfrrllfrfrrlfrllfrfrflffllfrrllfrllrflrrflrrfrllrffrllflrrllrfrllfffllrlrffrffrllrflfrfffrrflrr"/>
        <trajectory sample="284" generation="284000"
                    bestEnergy="-40.0" averageEnergy="-38.1172" worstEnergy="-38.0"
                    bestConformation="Conformation 40.0 -40.0 Flllrfrrllfrfrrlfrllfrfrflffllfrrllfrllrflrrflrrfrllrffrllflrrllrfrllfffllrlrffrffrllrflfrfffrrflrr"/>
        <trajectory sample="285" generation="285000"
                    bestEnergy="-40.0" averageEnergy="-38.1279" worstEnergy="-28.0"
                    bestConformation="Conformation 40.0 -40.0 Flllrfrrllfrfrrlfrllfrfrflffllfrrllfrllrflrrflrrfrllrffrllflrrllrfrllfffllrlrffrffrllrflfrfffrrflrr"/>
        <trajectory sample="286" generation="286000"
                    bestEnergy="-40.0" averageEnergy="-38.142" worstEnergy="-38.0"
                    bestConformation="Conformation 40.0 -40.0 Flllrfrrllfrfrrlfrllfrfrflffllfrrllfrllrflrrflrrfrllrffrllflrrllrfrllfffllrlrffrffrllrflfrfffrrflrr"/>
        <trajectory sample="287" generation="287000"
                    bestEnergy="-40.0" averageEnergy="-38.1544" worstEnergy="-38.0"
                    bestConformation="Conformation 40.0 -40.0 Flllrfrrllfrfrrlfrllfrfrflffllfrrllfrllrflrrflrrfrllrffrllflrrllrfrllfffllrlrffrffrllrflfrfffrrflrr"/>
        <trajectory sample="288" generation="288000"
                    bestEnergy="-40.0" averageEnergy="-38.1671" worstEnergy="-38.0"
                    bestConformation="Conformation 40.0 -40.0 Flllrfrrllfrfrrlfrllfrfrflffllfrrllfrllrflrrflrrfrllrffrllflrrllrfrllfffllrlrffrffrllrflfrfffrrflrr"/>
        <trajectory sample="289" generation="289000"
                    bestEnergy="-40.0" averageEnergy="-38.1822" worstEnergy="-36.0"
                    bestConformation="Conformation 40.0 -40.0 Flllrfrrllfrfrrlfrllfrfrflffllfrrllfrllrflrrflrrfrllrffrllflrrllrfrllfffllrlrffrffrllrflfrfffrrflrr"/>
        <trajectory sample="290" generation="290000"
                    bestEnergy="-40.0" averageEnergy="-38.1981" worstEnergy="-38.0"
                    bestConformation="Conformation 40.0 -40.0 Flllrfrrllfrfrrlfrllfrfrflffllfrrllfrllrflrrflrrfrllrffrllflrrllrfrllfffllrlrffrffrllrflfrfffrrflrr"/>
        <trajectory sample="291" generation="291000"
                    bestEnergy="-40.0" averageEnergy="-38.2167" worstEnergy="-35.0"
                    bestConformation="Conformation 40.0 -40.0 Flllrfrrllfrfrrlfrllfrfrflffllfrrllfrllrflrrflrrfrllrffrllflrrllrfrllfffllrlrffrffrllrflfrfffrrflrr"/>
        <trajectory sample="292" generation="292000"
                    bestEnergy="-40.0" averageEnergy="-38.2359" worstEnergy="-38.0"
                    bestConformation="Conformation 40.0 -40.0 Flllrfrrllfrfrrlfrllfrfrflffllfrrllfrllrflrrflrrfrllrffrllflrrllrfrllfffllrlrffrffrllrflfrfffrrflrr"/>
        <trajectory sample="293" generation="293000"
                    bestEnergy="-40.0" averageEnergy="-38.2549" worstEnergy="-38.0"
                    bestConformation="Conformation 40.0 -40.0 Flllrfrrllfrfrrlfrllfrfrflffllfrrllfrllrflrrflrrfrllrffrllflrrllrfrllfffllrlrffrffrllrflfrfffrrflrr"/>
        <trajectory sample="294" generation="294000"
                    bestEnergy="-40.0" averageEnergy="-38.2758" worstEnergy="-38.0"
                    bestConformation="Conformation 40.0 -40.0 Flllrfrrllfrfrrlfrllfrfrflffllfrrllfrllrflrrflrrfrllrffrllflrrllrfrllfffllrlrffrffrllrflfrfffrrflrr"/>
        <trajectory sample="295" generation="295000"
                    bestEnergy="-40.0" averageEnergy="-38.2972" worstEnergy="-32.0"
                    bestConformation="Conformation 40.0 -40.0 Flllrfrrllfrfrrlfrllfrfrflffllfrrllfrllrflrrflrrfrllrffrllflrrllrfrllfffllrlrffrffrllrflfrfffrrflrr"/>
        <trajectory sample="296" generation="296000"
                    bestEnergy="-40.0" averageEnergy="-38.3224" worstEnergy="-32.0"
                    bestConformation="Conformation 40.0 -40.0 Flllrfrrllfrfrrlfrllfrfrflffllfrrllfrllrflrrflrrfrllrffrllflrrllrfrllfffllrlrffrffrllrflfrfffrrflrr"/>
        <trajectory sample="297" generation="297000"
                    bestEnergy="-40.0" averageEnergy="-38.3489" worstEnergy="-38.0"
                    bestConformation="Conformation 40.0 -40.0 Flllrfrrllfrfrrlfrllfrfrflffllfrrllfrllrflrrflrrfrllrffrllflrrllrfrllfffllrlrffrffrllrflfrfffrrflrr"/>
        <trajectory sample="298" generation="298000"
                    bestEnergy="-40.0" averageEnergy="-38.3744" worstEnergy="-35.0"
                    bestConformation="Conformation 40.0 -40.0 Flllrfrrllfrfrrlfrllfrfrflffllfrrllfrllrflrrflrrfrllrffrllflrrllrfrllfffllrlrffrffrllrflfrfffrrflrr"/>
        <trajectory sample="299" generation="299000"
                    bestEnergy="-40.0" averageEnergy="-38.4034" worstEnergy="-25.0"
                    bestConformation="Conformation 40.0 -40.0 Flllrfrrllfrfrrlfrllfrfrflffllfrrllfrllrflrrflrrfrllrffrllflrrllrfrllfffllrlrffrffrllrflfrfffrrflrr"/>
        <trajectory sample="300" generation="300000"
                    bestEnergy="-40.0" averageEnergy="-38.4335" worstEnergy="-33.0"
                    bestConformation="Conformation 40.0 -40.0 Flllrfrrllfrfrrlfrllfrfrflffllfrrllfrllrflrrflrrfrllrffrllflrrllrfrllfffllrlrffrffrllrflfrfffrrflrr"/>
        <trajectory sample="301" generation="301000"
                    bestEnergy="-40.0" averageEnergy="-38.4633" worstEnergy="-38.0"
                    bestConformation="Conformation 40.0 -40.0 Flllrfrrllfrfrrlfrllfrfrflffllfrrllfrllrflrrflrrfrllrffrllflrrllrfrllfffllrlrffrffrllrflfrfffrrflrr"/>
        <trajectory sample="302" generation="302000"
                    bestEnergy="-40.0" averageEnergy="-38.4956" worstEnergy="-26.0"
                    bestConformation="Conformation 40.0 -40.0 Flllrfrrllfrfrrlfrllfrfrflffllfrrllfrllrflrrflrrfrllrffrllflrrllrfrllfffllrlrffrffrllrflfrfffrrflrr"/>
        <trajectory sample="303" generation="303000"
                    bestEnergy="-40.0" averageEnergy="-38.5336" worstEnergy="-38.0"
                    bestConformation="Conformation 40.0 -40.0 Flllrfrrllfrfrrlfrllfrfrflffllfrrllfrllrflrrflrrfrllrffrllflrrllrfrllfffllrlrffrffrllrflfrfffrrflrr"/>
        <trajectory sample="304" generation="304000"
                    bestEnergy="-40.0" averageEnergy="-38.5687" worstEnergy="-30.0"
                    bestConformation="Conformation 40.0 -40.0 Flllrfrrllfrfrrlfrllfrfrflffllfrrllfrllrflrrflrrfrllrffrllflrrllrfrllfffllrlrffrffrllrflfrfffrrflrr"/>
        <trajectory sample="305" generation="305000"
                    bestEnergy="-40.0" averageEnergy="-38.6086" worstEnergy="-38.0"
                    bestConformation="Conformation 40.0 -40.0 Flllrfrrllfrfrrlfrllfrfrflffllfrrllfrllrflrrflrrfrllrffrllflrrllrfrllfffllrlrffrffrllrflfrfffrrflrr"/>
        <trajectory sample="306" generation="306000"
                    bestEnergy="-40.0" averageEnergy="-38.648" worstEnergy="-38.0"
                    bestConformation="Conformation 40.0 -40.0 Flllrfrrllfrfrrlfrllfrfrflffllfrrllfrllrflrrflrrfrllrffrllflrrllrfrllfffllrlrffrffrllrflfrfffrrflrr"/>
        <trajectory sample="307" generation="307000"
                    bestEnergy="-40.0" averageEnergy="-38.6872" worstEnergy="-38.0"
                    bestConformation="Conformation 40.0 -40.0 Flllrfrrllfrfrrlfrllfrfrflffllfrrllfrllrflrrflrrfrllrffrllflrrllrfrllfffllrlrffrffrllrflfrfffrrflrr"/>
        <trajectory sample="308" generation="308000"
                    bestEnergy="-40.0" averageEnergy="-38.7314" worstEnergy="-38.0"
                    bestConformation="Conformation 40.0 -40.0 Flllrfrrllfrfrrlfrllfrfrflffllfrrllfrllrflrrflrrfrllrffrllflrrllrfrllfffllrlrffrffrllrflfrfffrrflrr"/>
        <trajectory sample="309" generation="309000"
                    bestEnergy="-40.0" averageEnergy="-38.7742" worstEnergy="-38.0"
                    bestConformation="Conformation 40.0 -40.0 Flllrfrrllfrfrrlfrllfrfrflffllfrrllfrllrflrrflrrfrllrffrllflrrllrfrllfffllrlrffrffrllrflfrfffrrflrr"/>
        <trajectory sample="310" generation="310000"
                    bestEnergy="-40.0" averageEnergy="-38.8237" worstEnergy="-37.0"
                    bestConformation="Conformation 40.0 -40.0 Flllrfrrllfrfrrlfrllfrfrflffllfrrllfrllrflrrflrrfrllrffrllflrrllrfrllfffllrlrffrffrllrflfrfffrrflrr"/>
        <trajectory sample="311" generation="311000"
                    bestEnergy="-40.0" averageEnergy="-38.8702" worstEnergy="-33.0"
                    bestConformation="Conformation 40.0 -40.0 Flllrfrrllfrfrrlfrllfrfrflffllfrrllfrllrflrrflrrfrllrffrllflrrllrfrllfffllrlrffrffrllrflfrfffrrflrr"/>
        <trajectory sample="312" generation="312000"
                    bestEnergy="-40.0" averageEnergy="-38.916" worstEnergy="-38.0"
                    bestConformation="Conformation 40.0 -40.0 Flllrfrrllfrfrrlfrllfrfrflffllfrrllfrllrflrrflrrfrllrffrllflrrllrfrllfffllrlrffrffrllrflfrfffrrflrr"/>
        <trajectory sample="313" generation="313000"
                    bestEnergy="-40.0" averageEnergy="-38.9642" worstEnergy="-28.0"
                    bestConformation="Conformation 40.0 -40.0 Flllrfrrllfrfrrlfrllfrfrflffllfrrllfrllrflrrflrrfrllrffrllflrrllrfrllfffllrlrffrffrllrflfrfffrrflrr"/>
        <trajectory sample="314" generation="314000"
                    bestEnergy="-40.0" averageEnergy="-39.002" worstEnergy="-39.0"
                    bestConformation="Conformation 40.0 -40.0 Flllrfrrllfrfrrlfrllfrfrflffllfrrllfrllrflrrflrrfrllrffrllflrrllrfrllfffllrlrffrffrllrflfrfffrrflrr"/>
        <trajectory sample="315" generation="315000"
                    bestEnergy="-40.0" averageEnergy="-39.0022" worstEnergy="-39.0"
                    bestConformation="Conformation 40.0 -40.0 Flllrfrrllfrfrrlfrllfrfrflffllfrrllfrllrflrrflrrfrllrffrllflrrllrfrllfffllrlrffrffrllrflfrfffrrflrr"/>
        <trajectory sample="316" generation="316000"
                    bestEnergy="-40.0" averageEnergy="-39.0024" worstEnergy="-39.0"
                    bestConformation="Conformation 40.0 -40.0 Flllrfrrllfrfrrlfrllfrfrflffllfrrllfrllrflrrflrrfrllrffrllflrrllrfrllfffllrlrffrffrllrflfrfffrrflrr"/>
        <trajectory sample="317" generation="317000"
                    bestEnergy="-40.0" averageEnergy="-39.0021" worstEnergy="-31.0"
                    bestConformation="Conformation 40.0 -40.0 Flllrfrrllfrfrrlfrllfrfrflffllfrrllfrllrflrrflrrfrllrffrllflrrllrfrllfffllrlrffrffrllrflfrfffrrflrr"/>
        <trajectory sample="318" generation="318000"
                    bestEnergy="-40.0" averageEnergy="-39.0032" worstEnergy="-39.0"
                    bestConformation="Conformation 40.0 -40.0 Flllrfrrllfrfrrlfrllfrfrflffllfrrllfrllrflrrflrrfrllrffrllflrrllrfrllfffllrlrffrffrllrflfrfffrrflrr"/>
        <trajectory sample="319" generation="319000"
                    bestEnergy="-40.0" averageEnergy="-39.0037" worstEnergy="-39.0"
                    bestConformation="Conformation 40.0 -40.0 Flllrfrrllfrfrrlfrllfrfrflffllfrrllfrllrflrrflrrfrllrffrllflrrllrfrllfffllrlrffrffrllrflfrfffrrflrr"/>
        <trajectory sample="320" generation="320000"
                    bestEnergy="-40.0" averageEnergy="-39.0039" worstEnergy="-37.0"
                    bestConformation="Conformation 40.0 -40.0 Flllrfrrllfrfrrlfrllfrfrflffllfrrllfrllrflrrflrrfrllrffrllflrrllrfrllfffllrlrffrffrllrflfrfffrrflrr"/>
        <trajectory sample="321" generation="321000"
                    bestEnergy="-40.0" averageEnergy="-39.0044" worstEnergy="-36.0"
                    bestConformation="Conformation 40.0 -40.0 Flllrfrrllfrfrrlfrllfrfrflffllfrrllfrllrflrrflrrfrllrffrllflrrllrfrllfffllrlrffrffrllrflfrfffrrflrr"/>
        <trajectory sample="322" generation="322000"
                    bestEnergy="-40.0" averageEnergy="-39.0049" worstEnergy="-36.0"
                    bestConformation="Conformation 40.0 -40.0 Flllrfrrllfrfrrlfrllfrfrflffllfrrllfrllrflrrflrrfrllrffrllflrrllrfrllfffllrlrffrffrllrflfrfffrrflrr"/>
        <trajectory sample="323" generation="323000"
                    bestEnergy="-40.0" averageEnergy="-39.0061" worstEnergy="-39.0"
                    bestConformation="Conformation 40.0 -40.0 Flllrfrrllfrfrrlfrllfrfrflffllfrrllfrllrflrrflrrfrllrffrllflrrllrfrllfffllrlrffrffrllrflfrfffrrflrr"/>
        <trajectory sample="324" generation="324000"
                    bestEnergy="-40.0" averageEnergy="-39.0072" worstEnergy="-39.0"
                    bestConformation="Conformation 40.0 -40.0 Flllrfrrllfrfrrlfrllfrfrflffllfrrllfrllrflrrflrrfrllrffrllflrrllrfrllfffllrlrffrffrllrflfrfffrrflrr"/>
        <trajectory sample="325" generation="325000"
                    bestEnergy="-40.0" averageEnergy="-39.0073" worstEnergy="-39.0"
                    bestConformation="Conformation 40.0 -40.0 Flllrfrrllfrfrrlfrllfrfrflffllfrrllfrllrflrrflrrfrllrffrllflrrllrfrllfffllrlrffrffrllrflfrfffrrflrr"/>
        <trajectory sample="326" generation="326000"
                    bestEnergy="-40.0" averageEnergy="-39.0069" worstEnergy="-29.0"
                    bestConformation="Conformation 40.0 -40.0 Flllrfrrllfrfrrlfrllfrfrflffllfrrllfrllrflrrflrrfrllrffrllflrrllrfrllfffllrlrffrffrllrflfrfffrrflrr"/>
        <trajectory sample="327" generation="327000"
                    bestEnergy="-40.0" averageEnergy="-39.0087" worstEnergy="-37.0"
                    bestConformation="Conformation 40.0 -40.0 Flllrfrrllfrfrrlfrllfrfrflffllfrrllfrllrflrrflrrfrllrffrllflrrllrfrllfffllrlrffrffrllrflfrfffrrflrr"/>
        <trajectory sample="328" generation="328000"
                    bestEnergy="-40.0" averageEnergy="-39.0101" worstEnergy="-39.0"
                    bestConformation="Conformation 40.0 -40.0 Flllrfrrllfrfrrlfrllfrfrflffllfrrllfrllrflrrflrrfrllrffrllflrrllrfrllfffllrlrffrffrllrflfrfffrrflrr"/>
        <trajectory sample="329" generation="329000"
                    bestEnergy="-40.0" averageEnergy="-39.0105" worstEnergy="-34.0"
                    bestConformation="Conformation 40.0 -40.0 Flllrfrrllfrfrrlfrllfrfrflffllfrrllfrllrflrrflrrfrllrffrllflrrllrfrllfffllrlrffrffrllrflfrfffrrflrr"/>
        <trajectory sample="330" generation="330000"
                    bestEnergy="-40.0" averageEnergy="-39.0113" worstEnergy="-32.0"
                    bestConformation="Conformation 40.0 -40.0 Flllrfrrllfrfrrlfrllfrfrflffllfrrllfrllrflrrflrrfrllrffrllflrrllrfrllfffllrlrffrffrllrflfrfffrrflrr"/>
        <trajectory sample="331" generation="331000"
                    bestEnergy="-40.0" averageEnergy="-39.014" worstEnergy="-36.0"
                    bestConformation="Conformation 40.0 -40.0 Flllrfrrllfrfrrlfrllfrfrflffllfrrllfrllrflrrflrrfrllrffrllflrrllrfrllfffllrlrffrffrllrflfrfffrrflrr"/>
        <trajectory sample="332" generation="332000"
                    bestEnergy="-40.0" averageEnergy="-39.015" worstEnergy="-32.0"
                    bestConformation="Conformation 40.0 -40.0 Flllrfrrllfrfrrlfrllfrfrflffllfrrllfrllrflrrflrrfrllrffrllflrrllrfrllfffllrlrffrffrllrflfrfffrrflrr"/>
        <trajectory sample="333" generation="333000"
                    bestEnergy="-40.0" averageEnergy="-39.0173" worstEnergy="-39.0"
                    bestConformation="Conformation 40.0 -40.0 Flllrfrrllfrfrrlfrllfrfrflffllfrrllfrllrflrrflrrfrllrffrllflrrllrfrllfffllrlrffrffrllrflfrfffrrflrr"/>
        <trajectory sample="334" generation="334000"
                    bestEnergy="-40.0" averageEnergy="-39.0187" worstEnergy="-39.0"
                    bestConformation="Conformation 40.0 -40.0 Flllrfrrllfrfrrlfrllfrfrflffllfrrllfrllrflrrflrrfrllrffrllflrrllrfrllfffllrlrffrffrllrflfrfffrrflrr"/>
        <trajectory sample="335" generation="335000"
                    bestEnergy="-40.0" averageEnergy="-39.0194" worstEnergy="-30.0"
                    bestConformation="Conformation 40.0 -40.0 Flllrfrrllfrfrrlfrllfrfrflffllfrrllfrllrflrrflrrfrllrffrllflrrllrfrllfffllrlrffrffrllrflfrfffrrflrr"/>
        <trajectory sample="336" generation="336000"
                    bestEnergy="-40.0" averageEnergy="-39.023" worstEnergy="-39.0"
                    bestConformation="Conformation 40.0 -40.0 Flllrfrrllfrfrrlfrllfrfrflffllfrrllfrllrflrrflrrfrllrffrllflrrllrfrllfffllrlrffrffrllrflfrfffrrflrr"/>
        <trajectory sample="337" generation="337000"
                    bestEnergy="-40.0" averageEnergy="-39.0245" worstEnergy="-29.0"
                    bestConformation="Conformation 40.0 -40.0 Flllrfrrllfrfrrlfrllfrfrflffllfrrllfrllrflrrflrrfrllrffrllflrrllrfrllfffllrlrffrffrllrflfrfffrrflrr"/>
        <trajectory sample="338" generation="338000"
                    bestEnergy="-40.0" averageEnergy="-39.0277" worstEnergy="-37.0"
                    bestConformation="Conformation 40.0 -40.0 Flllrfrrllfrfrrlfrllfrfrflffllfrrllfrllrflrrflrrfrllrffrllflrrllrfrllfffllrlrffrffrllrflfrfffrrflrr"/>
        <trajectory sample="339" generation="339000"
                    bestEnergy="-40.0" averageEnergy="-39.0308" worstEnergy="-33.0"
                    bestConformation="Conformation 40.0 -40.0 Flllrfrrllfrfrrlfrllfrfrflffllfrrllfrllrflrrflrrfrllrffrllflrrllrfrllfffllrlrffrffrllrflfrfffrrflrr"/>
        <trajectory sample="340" generation="340000"
                    bestEnergy="-41.0" averageEnergy="-39.0343" worstEnergy="-39.0"
                    bestConformation="Conformation 41.0 -41.0 Flllrfrrllfrfrrlfrllfrfrflffllfrrllfrllrflrrflrrfrllrffrllflrrllrfrllflrlrlflfrrffrllrflffrffrfrlrr"/>
        <trajectory sample="341" generation="341000"
                    bestEnergy="-41.0" averageEnergy="-39.0369" worstEnergy="-37.0"
                    bestConformation="Conformation 41.0 -41.0 Flllrfrrllfrfrrlfrllfrfrflffllfrrllfrllrflrrflrrfrllrffrllflrrllrfrllflrlrlflfrrffrllrflffrffrfrlrr"/>
        <trajectory sample="342" generation="342000"
                    bestEnergy="-41.0" averageEnergy="-39.0396" worstEnergy="-30.0"
                    bestConformation="Conformation 41.0 -41.0 Flllrfrrllfrfrrlfrllfrfrflffllfrrllfrllrflrrflrrfrllrffrllflrrllrfrllflrlrlflfrrffrllrflffrffrfrlrr"/>
        <trajectory sample="343" generation="343000"
                    bestEnergy="-41.0" averageEnergy="-39.0433" worstEnergy="-30.0"
                    bestConformation="Conformation 41.0 -41.0 Flllrfrrllfrfrrlfrllfrfrflffllfrrllfrllrflrrflrrfrllrffrllflrrllrfrllflrlrlflfrrffrllrflffrffrfrlrr"/>
        <trajectory sample="344" generation="344000"
                    bestEnergy="-41.0" averageEnergy="-39.0494" worstEnergy="-39.0"
                    bestConformation="Conformation 41.0 -41.0 Flllrfrrllfrfrrlfrllfrfrflffllfrrllfrllrflrrflrrfrllrffrllflrrllrfrllflrlrlflfrrffrllrflffrffrfrlrr"/>
        <trajectory sample="345" generation="345000"
                    bestEnergy="-41.0" averageEnergy="-39.0538" worstEnergy="-39.0"
                    bestConformation="Conformation 41.0 -41.0 Flllrfrrllfrfrrlfrllfrfrflffllfrrllfrllrflrrflrrfrllrffrllflrrllrfrllflrlrlflfrrffrllrflffrffrfrlrr"/>
        <trajectory sample="346" generation="346000"
                    bestEnergy="-41.0" averageEnergy="-39.0595" worstEnergy="-39.0"
                    bestConformation="Conformation 41.0 -41.0 Flllrfrrllfrfrrlfrllfrfrflffllfrrllfrllrflrrflrrfrllrffrllflrrllrfrllflrlrlflfrrffrllrflffrffrfrlrr"/>
        <trajectory sample="347" generation="347000"
                    bestEnergy="-41.0" averageEnergy="-39.0654" worstEnergy="-39.0"
                    bestConformation="Conformation 41.0 -41.0 Flllrfrrllfrfrrlfrllfrfrflffllfrrllfrllrflrrflrrfrllrffrllflrrllrfrllflrlrlflfrrffrllrflffrffrfrlrr"/>
        <trajectory sample="348" generation="348000"
                    bestEnergy="-41.0" averageEnergy="-39.0731" worstEnergy="-39.0"
                    bestConformation="Conformation 41.0 -41.0 Flllrfrrllfrfrrlfrllfrfrflffllfrrllfrllrflrrflrrfrllrffrllflrrllrfrllflrlrlflfrrffrllrflffrffrfrlrr"/>
        <trajectory sample="349" generation="349000"
                    bestEnergy="-41.0" averageEnergy="-39.0806" worstEnergy="-39.0"
                    bestConformation="Conformation 41.0 -41.0 Flllrfrrllfrfrrlfrllfrfrflffllfrrllfrllrflrrflrrfrllrffrllflrrllrfrllflrlrlflfrrffrllrflffrffrfrlrr"/>
        <trajectory sample="350" generation="350000"
                    bestEnergy="-41.0" averageEnergy="-39.0891" worstEnergy="-39.0"
                    bestConformation="Conformation 41.0 -41.0 Flllrfrrllfrfrrlfrllfrfrflffllfrrllfrllrflrrflrrfrllrffrllflrrllrfrllflrlrlflfrrffrllrflffrffrfrlrr"/>
        <trajectory sample="351" generation="351000"
                    bestEnergy="-41.0" averageEnergy="-39.0987" worstEnergy="-39.0"
                    bestConformation="Conformation 41.0 -41.0 Flllrfrrllfrfrrlfrllfrfrflffllfrrllfrllrflrrflrrfrllrffrllflrrllrfrllflrlrlflfrrffrllrflffrffrfrlrr"/>
        <trajectory sample="352" generation="352000"
                    bestEnergy="-41.0" averageEnergy="-39.1086" worstEnergy="-39.0"
                    bestConformation="Conformation 41.0 -41.0 Flllrfrrllfrfrrlfrllfrfrflffllfrrllfrllrflrrflrrfrllrffrllflrrllrfrllflrlrlflfrrffrllrflffrffrfrlrr"/>
        <trajectory sample="353" generation="353000"
                    bestEnergy="-41.0" averageEnergy="-39.119" worstEnergy="-28.0"
                    bestConformation="Conformation 41.0 -41.0 Flllrfrrllfrfrrlfrllfrfrflffllfrrllfrllrflrrflrrfrllrffrllflrrllrfrllflrlrlflfrrffrllrflffrffrfrlrr"/>
        <trajectory sample="354" generation="354000"
                    bestEnergy="-41.0" averageEnergy="-39.1299" worstEnergy="-30.0"
                    bestConformation="Conformation 41.0 -41.0 Flllrfrrllfrfrrlfrllfrfrflffllfrrllfrllrflrrflrrfrllrffrllflrrllrfrllflrlrlflfrrffrllrflffrffrfrlrr"/>
        <trajectory sample="355" generation="355000"
                    bestEnergy="-41.0" averageEnergy="-39.1435" worstEnergy="-35.0"
                    bestConformation="Conformation 41.0 -41.0 Flllrfrrllfrfrrlfrllfrfrflffllfrrllfrllrflrrflrrfrllrffrllflrrllrfrllflrlrlflfrrffrllrflffrffrfrlrr"/>
        <trajectory sample="356" generation="356000"
                    bestEnergy="-41.0" averageEnergy="-39.1559" worstEnergy="-39.0"
                    bestConformation="Conformation 41.0 -41.0 Flllrfrrllfrfrrlfrllfrfrflffllfrrllfrllrflrrflrrfrllrffrllflrrllrfrllflrlrlflfrrffrllrflffrffrfrlrr"/>
        <trajectory sample="357" generation="357000"
                    bestEnergy="-41.0" averageEnergy="-39.1683" worstEnergy="-39.0"
                    bestConformation="Conformation 41.0 -41.0 Flllrfrrllfrfrrlfrllfrfrflffllfrrllfrllrflrrflrrfrllrffrllflrrllrfrllflrlrlflfrrffrllrflffrffrfrlrr"/>
        <trajectory sample="358" generation="358000"
                    bestEnergy="-41.0" averageEnergy="-39.1824" worstEnergy="-32.0"
                    bestConformation="Conformation 41.0 -41.0 Flllrfrrllfrfrrlfrllfrfrflffllfrrllfrllrflrrflrrfrllrffrllflrrllrfrllflrlrlflfrrffrllrflffrffrfrlrr"/>
        <trajectory sample="359" generation="359000"
                    bestEnergy="-41.0" averageEnergy="-39.1987" worstEnergy="-39.0"
                    bestConformation="Conformation 41.0 -41.0 Flllrfrrllfrfrrlfrllfrfrflffllfrrllfrllrflrrflrrfrllrffrllflrrllrfrllflrlrlflfrrffrllrflffrffrfrlrr"/>
        <trajectory sample="360" generation="360000"
                    bestEnergy="-41.0" averageEnergy="-39.2154" worstEnergy="-39.0"
                    bestConformation="Conformation 41.0 -41.0 Flllrfrrllfrfrrlfrllfrfrflffllfrrllfrllrflrrflrrfrllrffrllflrrllrfrllflrlrlflfrrffrllrflffrffrfrlrr"/>
        <trajectory sample="361" generation="361000"
                    bestEnergy="-41.0" averageEnergy="-39.2327" worstEnergy="-39.0"
                    bestConformation="Conformation 41.0 -41.0 Flllrfrrllfrfrrlfrllfrfrflffllfrrllfrllrflrrflrrfrllrffrllflrrllrfrllflrlrlflfrrffrllrflffrffrfrlrr"/>
        <trajectory sample="362" generation="362000"
                    bestEnergy="-41.0" averageEnergy="-39.2524" worstEnergy="-39.0"
                    bestConformation="Conformation 41.0 -41.0 Flllrfrrllfrfrrlfrllfrfrflffllfrrllfrllrflrrflrrfrllrffrllflrrllrfrllflrlrlflfrrffrllrflffrffrfrlrr"/>
        <trajectory sample="363" generation="363000"
                    bestEnergy="-41.0" averageEnergy="-39.2745" worstEnergy="-37.0"
                    bestConformation="Conformation 41.0 -41.0 Flllrfrrllfrfrrlfrllfrfrflffllfrrllfrllrflrrflrrfrllrffrllflrrllrfrllflrlrlflfrrffrllrflffrffrfrlrr"/>
        <trajectory sample="364" generation="364000"
                    bestEnergy="-41.0" averageEnergy="-39.2937" worstEnergy="-30.0"
                    bestConformation="Conformation 41.0 -41.0 Flllrfrrllfrfrrlfrllfrfrflffllfrrllfrllrflrrflrrfrllrffrllflrrllrfrllflrlrlflfrrffrllrflffrffrfrlrr"/>
        <trajectory sample="365" generation="365000"
                    bestEnergy="-41.0" averageEnergy="-39.3165" worstEnergy="-37.0"
                    bestConformation="Conformation 41.0 -41.0 Flllrfrrllfrfrrlfrllfrfrflffllfrrllfrllrflrrflrrfrllrffrllflrrllrfrllflrlrlflfrrffrllrflffrffrfrlrr"/>
        <trajectory sample="366" generation="366000"
                    bestEnergy="-41.0" averageEnergy="-39.3428" worstEnergy="-39.0"
                    bestConformation="Conformation 41.0 -41.0 Flllrfrrllfrfrrlfrllfrfrflffllfrrllfrllrflrrflrrfrllrffrllflrrllrfrllflrlrlflfrrffrllrflffrffrfrlrr"/>
        <trajectory sample="367" generation="367000"
                    bestEnergy="-41.0" averageEnergy="-39.3685" worstEnergy="-39.0"
                    bestConformation="Conformation 41.0 -41.0 Flllrfrrllfrfrrlfrllfrfrflffllfrrllfrllrflrrflrrfrllrffrllflrrllrfrllflrlrlflfrrffrllrflffrffrfrlrr"/>
        <trajectory sample="368" generation="368000"
                    bestEnergy="-41.0" averageEnergy="-39.3935" worstEnergy="-36.0"
                    bestConformation="Conformation 41.0 -41.0 Flllrfrrllfrfrrlfrllfrfrflffllfrrllfrllrflrrflrrfrllrffrllflrrllrfrllflrlrlflfrrffrllrflffrffrfrlrr"/>
        <trajectory sample="369" generation="369000"
                    bestEnergy="-41.0" averageEnergy="-39.4224" worstEnergy="-33.0"
                    bestConformation="Conformation 41.0 -41.0 Flllrfrrllfrfrrlfrllfrfrflffllfrrllfrllrflrrflrrfrllrffrllflrrllrfrllflrlrlflfrrffrllrflffrffrfrlrr"/>
        <trajectory sample="370" generation="370000"
                    bestEnergy="-41.0" averageEnergy="-39.452" worstEnergy="-27.0"
                    bestConformation="Conformation 41.0 -41.0 Flllrfrrllfrfrrlfrllfrfrflffllfrrllfrllrflrrflrrfrllrffrllflrrllrfrllflrlrlflfrrffrllrflffrffrfrlrr"/>
        <trajectory sample="371" generation="371000"
                    bestEnergy="-41.0" averageEnergy="-39.4863" worstEnergy="-39.0"
                    bestConformation="Conformation 41.0 -41.0 Flllrfrrllfrfrrlfrllfrfrflffllfrrllfrllrflrrflrrfrllrffrllflrrllrfrllflrlrlflfrrffrllrflffrffrfrlrr"/>
        <trajectory sample="372" generation="372000"
                    bestEnergy="-41.0" averageEnergy="-39.5229" worstEnergy="-39.0"
                    bestConformation="Conformation 41.0 -41.0 Flllrfrrllfrfrrlfrllfrfrflffllfrrllfrllrflrrflrrfrllrffrllflrrllrfrllflrlrlflfrrffrllrflffrffrfrlrr"/>
        <trajectory sample="373" generation="373000"
                    bestEnergy="-41.0" averageEnergy="-39.5597" worstEnergy="-39.0"
                    bestConformation="Conformation 41.0 -41.0 Flllrfrrllfrfrrlfrllfrfrflffllfrrllfrllrflrrflrrfrllrffrllflrrllrfrllflrlrlflfrrffrllrflffrffrfrlrr"/>
        <trajectory sample="374" generation="374000"
                    bestEnergy="-41.0" averageEnergy="-39.5979" worstEnergy="-28.0"
                    bestConformation="Conformation 41.0 -41.0 Flllrfrrllfrfrrlfrllfrfrflffllfrrllfrllrflrrflrrfrllrffrllflrrllrfrllflrlrlflfrrffrllrflffrffrfrlrr"/>
        <trajectory sample="375" generation="375000"
                    bestEnergy="-41.0" averageEnergy="-39.6409" worstEnergy="-39.0"
                    bestConformation="Conformation 41.0 -41.0 Flllrfrrllfrfrrlfrllfrfrflffllfrrllfrllrflrrflrrfrllrffrllflrrllrfrllflrlrlflfrrffrllrflffrffrfrlrr"/>
        <trajectory sample="376" generation="376000"
                    bestEnergy="-41.0" averageEnergy="-39.6815" worstEnergy="-32.0"
                    bestConformation="Conformation 41.0 -41.0 Flllrfrrllfrfrrlfrllfrfrflffllfrrllfrllrflrrflrrfrllrffrllflrrllrfrllflrlrlflfrrffrllrflffrffrfrlrr"/>
        <trajectory sample="377" generation="377000"
                    bestEnergy="-41.0" averageEnergy="-39.7243" worstEnergy="-38.0"
                    bestConformation="Conformation 41.0 -41.0 Flllrfrrllfrfrrlfrllfrfrflffllfrrllfrllrflrrflrrfrllrffrllflrrllrfrllflrlrlflfrrffrllrflffrffrfrlrr"/>
        <trajectory sample="378" generation="378000"
                    bestEnergy="-41.0" averageEnergy="-39.7707" worstEnergy="-33.0"
                    bestConformation="Conformation 41.0 -41.0 Flllrfrrllfrfrrlfrllfrfrflffllfrrllfrllrflrrflrrfrllrffrllflrrllrfrllflrlrlflfrrffrllrflffrffrfrlrr"/>
        <trajectory sample="379" generation="379000"
                    bestEnergy="-41.0" averageEnergy="-39.8164" worstEnergy="-31.0"
                    bestConformation="Conformation 41.0 -41.0 Flllrfrrllfrfrrlfrllfrfrflffllfrrllfrllrflrrflrrfrllrffrllflrrllrfrllflrlrlflfrrffrllrflffrffrfrlrr"/>
        <trajectory sample="380" generation="380000"
                    bestEnergy="-41.0" averageEnergy="-39.8708" worstEnergy="-38.0"
                    bestConformation="Conformation 41.0 -41.0 Flllrfrrllfrfrrlfrllfrfrflffllfrrllfrllrflrrflrrfrllrffrllflrrllrfrllflrlrlflfrrffrllrflffrffrfrlrr"/>
        <trajectory sample="381" generation="381000"
                    bestEnergy="-41.0" averageEnergy="-39.9246" worstEnergy="-39.0"
                    bestConformation="Conformation 41.0 -41.0 Flllrfrrllfrfrrlfrllfrfrflffllfrrllfrllrflrrflrrfrllrffrllflrrllrfrllflrlrlflfrrffrllrflffrffrfrlrr"/>
        <trajectory sample="382" generation="382000"
                    bestEnergy="-41.0" averageEnergy="-39.9799" worstEnergy="-39.0"
                    bestConformation="Conformation 41.0 -41.0 Flllrfrrllfrfrrlfrllfrfrflffllfrrllfrllrflrrflrrfrllrffrllflrrllrfrllflrlrlflfrrffrllrflffrffrfrlrr"/>
        <trajectory sample="383" generation="383000"
                    bestEnergy="-41.0" averageEnergy="-40.0319" worstEnergy="-33.0"
                    bestConformation="Conformation 41.0 -41.0 Flllrfrrllfrfrrlfrllfrfrflffllfrrllfrllrflrrflrrfrllrffrllflrrllrfrllflrlrlflfrrffrllrflffrffrfrlrr"/>
        <trajectory sample="384" generation="384000"
                    bestEnergy="-41.0" averageEnergy="-40.0895" worstEnergy="-37.0"
                    bestConformation="Conformation 41.0 -41.0 Flllrfrrllfrfrrlfrllfrfrflffllfrrllfrllrflrrflrrfrllrffrllflrrllrfrllflrlrlflfrrffrllrflffrffrfrlrr"/>
        <trajectory sample="385" generation="385000"
                    bestEnergy="-41.0" averageEnergy="-40.1044" worstEnergy="-32.0"
                    bestConformation="Conformation 41.0 -41.0 Flllrfrrllfrfrrlfrllfrfrflffllfrrllfrllrflrrflrrfrllrffrllflrrllrfrllflrlrlflfrrffrllrflffrffrfrlrr"/>
        <trajectory sample="386" generation="386000"
                    bestEnergy="-41.0" averageEnergy="-40.1152" worstEnergy="-40.0"
                    bestConformation="Conformation 41.0 -41.0 Flllrfrrllfrfrrlfrllfrfrflffllfrrllfrllrflrrflrrfrllrffrllflrrllrfrllflrlrlflfrrffrllrflffrffrfrlrr"/>
        <trajectory sample="387" generation="387000"
                    bestEnergy="-41.0" averageEnergy="-40.1274" worstEnergy="-28.0"
                    bestConformation="Conformation 41.0 -41.0 Flllrfrrllfrfrrlfrllfrfrflffllfrrllfrllrflrrflrrfrllrffrllflrrllrfrllflrlrlflfrrffrllrflffrffrfrlrr"/>
        <trajectory sample="388" generation="388000"
                    bestEnergy="-41.0" averageEnergy="-40.141" worstEnergy="-30.0"
                    bestConformation="Conformation 41.0 -41.0 Flllrfrrllfrfrrlfrllfrfrflffllfrrllfrllrflrrflrrfrllrffrllflrrllrfrllflrlrlflfrrffrllrflffrffrfrlrr"/>
        <trajectory sample="389" generation="389000"
                    bestEnergy="-41.0" averageEnergy="-40.1566" worstEnergy="-35.0"
                    bestConformation="Conformation 41.0 -41.0 Flllrfrrllfrfrrlfrllfrfrflffllfrrllfrllrflrrflrrfrllrffrllflrrllrfrllflrlrlflfrrffrllrflffrffrfrlrr"/>
        <trajectory sample="390" generation="390000"
                    bestEnergy="-41.0" averageEnergy="-40.1721" worstEnergy="-29.0"
                    bestConformation="Conformation 41.0 -41.0 Flllrfrrllfrfrrlfrllfrfrflffllfrrllfrllrflrrflrrfrllrffrllflrrllrfrllflrlrlflfrrffrllrflffrffrfrlrr"/>
        <trajectory sample="391" generation="391000"
                    bestEnergy="-41.0" averageEnergy="-40.1886" worstEnergy="-32.0"
                    bestConformation="Conformation 41.0 -41.0 Flllrfrrllfrfrrlfrllfrfrflffllfrrllfrllrflrrflrrfrllrffrllflrrllrfrllflrlrlflfrrffrllrflffrffrfrlrr"/>
        <trajectory sample="392" generation="392000"
                    bestEnergy="-41.0" averageEnergy="-40.2079" worstEnergy="-37.0"
                    bestConformation="Conformation 41.0 -41.0 Flllrfrrllfrfrrlfrllfrfrflffllfrrllfrllrflrrflrrfrllrffrllflrrllrfrllflrlrlflfrrffrllrflffrffrfrlrr"/>
        <trajectory sample="393" generation="393000"
                    bestEnergy="-41.0" averageEnergy="-40.2259" worstEnergy="-40.0"
                    bestConformation="Conformation 41.0 -41.0 Flllrfrrllfrfrrlfrllfrfrflffllfrrllfrllrflrrflrrfrllrffrllflrrllrfrllflrlrlflfrrffrllrflffrffrfrlrr"/>
        <trajectory sample="394" generation="394000"
                    bestEnergy="-41.0" averageEnergy="-40.2455" worstEnergy="-39.0"
                    bestConformation="Conformation 41.0 -41.0 Flllrfrrllfrfrrlfrllfrfrflffllfrrllfrllrflrrflrrfrllrffrllflrrllrfrllflrlrlflfrrffrllrflffrffrfrlrr"/>
        <trajectory sample="395" generation="395000"
                    bestEnergy="-41.0" averageEnergy="-40.2686" worstEnergy="-40.0"
                    bestConformation="Conformation 41.0 -41.0 Flllrfrrllfrfrrlfrllfrfrflffllfrrllfrllrflrrflrrfrllrffrllflrrllrfrllflrlrlflfrrffrllrflffrffrfrlrr"/>
        <trajectory sample="396" generation="396000"
                    bestEnergy="-41.0" averageEnergy="-40.2913" worstEnergy="-40.0"
                    bestConformation="Conformation 41.0 -41.0 Flllrfrrllfrfrrlfrllfrfrflffllfrrllfrllrflrrflrrfrllrffrllflrrllrfrllflrlrlflfrrffrllrflffrffrfrlrr"/>
        <trajectory sample="397" generation="397000"
                    bestEnergy="-41.0" averageEnergy="-40.3161" worstEnergy="-40.0"
                    bestConformation="Conformation 41.0 -41.0 Flllrfrrllfrfrrlfrllfrfrflffllfrrllfrllrflrrflrrfrllrffrllflrrllrfrllflrlrlflfrrffrllrflffrffrfrlrr"/>
        <trajectory sample="398" generation="398000"
                    bestEnergy="-41.0" averageEnergy="-40.3415" worstEnergy="-40.0"
                    bestConformation="Conformation 41.0 -41.0 Flllrfrrllfrfrrlfrllfrfrflffllfrrllfrllrflrrflrrfrllrffrllflrrllrfrllflrlrlflfrrffrllrflffrffrfrlrr"/>
        <trajectory sample="399" generation="399000"
                    bestEnergy="-41.0" averageEnergy="-40.3676" worstEnergy="-33.0"
                    bestConformation="Conformation 41.0 -41.0 Flllrfrrllfrfrrlfrllfrfrflffllfrrllfrllrflrrflrrfrllrffrllflrrllrfrllflrlrlflfrrffrllrflffrffrfrlrr"/>
        <trajectory sample="400" generation="400000"
                    bestEnergy="-41.0" averageEnergy="-40.3947" worstEnergy="-33.0"
                    bestConformation="Conformation 41.0 -41.0 Flllrfrrllfrfrrlfrllfrfrflffllfrrllfrllrflrrflrrfrllrffrllflrrllrfrllflrlrlflfrrffrllrflffrffrfrlrr"/>
    </run>
    <run number="9" numberOfGenerations="400001" populationSize="10000">
        <trajectory sample="0" generation="0"
                    bestEnergy="-28.0" averageEnergy="-10.6997" worstEnergy="-1.0"
                    bestConformation="Conformation 41.0 -41.0 Fflrfrflrlrffrlrrfrllrlrllrfrllfrllflrffrrfllfrrffrlfflfllrrlfffrllrrfrflfrrfflffffllfffrffrffrrfll"/>
        <trajectory sample="1" generation="1000"
                    bestEnergy="-28.0" averageEnergy="-11.3713" worstEnergy="-6.0"
                    bestConformation="Conformation 41.0 -41.0 Fflrfrflrlrffrlrrfrllrlrllrfrllfrllflrffrrfllfrrffrlfflfllrrlfffrllrrfrflfrrfflffffllfffrffrffrrfll"/>
        <trajectory sample="2" generation="2000"
                    bestEnergy="-28.0" averageEnergy="-11.9207" worstEnergy="-7.0"
                    bestConformation="Conformation 41.0 -41.0 Fflrfrflrlrffrlrrfrllrlrllrfrllfrllflrffrrfllfrrffrlfflfllrrlfffrllrrfrflfrrfflffffllfffrffrffrrfll"/>
        <trajectory sample="3" generation="3000"
                    bestEnergy="-28.0" averageEnergy="-12.38" worstEnergy="-8.0"
                    bestConformation="Conformation 41.0 -41.0 Fflrfrflrlrffrlrrfrllrlrllrfrllfrllflrffrrfllfrrffrlfflfllrrlfffrllrrfrflfrrfflffffllfffrffrffrrfll"/>
        <trajectory sample="4" generation="4000"
                    bestEnergy="-28.0" averageEnergy="-12.8171" worstEnergy="-9.0"
                    bestConformation="Conformation 41.0 -41.0 Fflrfrflrlrffrlrrfrllrlrllrfrllfrllflrffrrfllfrrffrlfflfllrrlfffrllrrfrflfrrfflffffllfffrffrffrrfll"/>
        <trajectory sample="5" generation="5000"
                    bestEnergy="-28.0" averageEnergy="-13.2447" worstEnergy="-10.0"
                    bestConformation="Conformation 41.0 -41.0 Fflrfrflrlrffrlrrfrllrlrllrfrllfrllflrffrrfllfrrffrlfflfllrrlfffrllrrfrflfrrfflffffllfffrffrffrrfll"/>
        <trajectory sample="6" generation="6000"
                    bestEnergy="-28.0" averageEnergy="-13.6064" worstEnergy="-10.0"
                    bestConformation="Conformation 41.0 -41.0 Fflrfrflrlrffrlrrfrllrlrllrfrllfrllflrffrrfllfrrffrlfflfllrrlfffrllrrfrflfrrfflffffllfffrffrffrrfll"/>
        <trajectory sample="7" generation="7000"
                    bestEnergy="-28.0" averageEnergy="-13.9897" worstEnergy="-11.0"
                    bestConformation="Conformation 41.0 -41.0 Fflrfrflrlrffrlrrfrllrlrllrfrllfrllflrffrrfllfrrffrlfflfllrrlfffrllrrfrflfrrfflffffllfffrffrffrrfll"/>
        <trajectory sample="8" generation="8000"
                    bestEnergy="-28.0" averageEnergy="-14.3338" worstEnergy="-11.0"
                    bestConformation="Conformation 41.0 -41.0 Fflrfrflrlrffrlrrfrllrlrllrfrllfrllflrffrrfllfrrffrlfflfllrrlfffrllrrfrflfrrfflffffllfffrffrffrrfll"/>
        <trajectory sample="9" generation="9000"
                    bestEnergy="-28.0" averageEnergy="-14.6782" worstEnergy="-10.0"
                    bestConformation="Conformation 41.0 -41.0 Fflrfrflrlrffrlrrfrllrlrllrfrllfrllflrffrrfllfrrffrlfflfllrrlfffrllrrfrflfrrfflffffllfffrffrffrrfll"/>
        <trajectory sample="10" generation="10000"
                    bestEnergy="-28.0" averageEnergy="-14.9688" worstEnergy="-12.0"
                    bestConformation="Conformation 41.0 -41.0 Fflrfrflrlrffrlrrfrllrlrllrfrllfrllflrffrrfllfrrffrlfflfllrrlfffrllrrfrflfrrfflffffllfffrffrffrrfll"/>
        <trajectory sample="11" generation="11000"
                    bestEnergy="-28.0" averageEnergy="-15.2726" worstEnergy="-12.0"
                    bestConformation="Conformation 41.0 -41.0 Fflrfrflrlrffrlrrfrllrlrllrfrllfrllflrffrrfllfrrffrlfflfllrrlfffrllrrfrflfrrfflffffllfffrffrffrrfll"/>
        <trajectory sample="12" generation="12000"
                    bestEnergy="-28.0" averageEnergy="-15.5543" worstEnergy="-10.0"
                    bestConformation="Conformation 41.0 -41.0 Fflrfrflrlrffrlrrfrllrlrllrfrllfrllflrffrrfllfrrffrlfflfllrrlfffrllrrfrflfrrfflffffllfffrffrffrrfll"/>
        <trajectory sample="13" generation="13000"
                    bestEnergy="-28.0" averageEnergy="-15.8194" worstEnergy="-12.0"
                    bestConformation="Conformation 41.0 -41.0 Fflrfrflrlrffrlrrfrllrlrllrfrllfrllflrffrrfllfrrffrlfflfllrrlfffrllrrfrflfrrfflffffllfffrffrffrrfll"/>
        <trajectory sample="14" generation="14000"
                    bestEnergy="-28.0" averageEnergy="-16.1123" worstEnergy="-13.0"
                    bestConformation="Conformation 41.0 -41.0 Fflrfrflrlrffrlrrfrllrlrllrfrllfrllflrffrrfllfrrffrlfflfllrrlfffrllrrfrflfrrfflffffllfffrffrffrrfll"/>
        <trajectory sample="15" generation="15000"
                    bestEnergy="-28.0" averageEnergy="-16.3555" worstEnergy="-13.0"
                    bestConformation="Conformation 41.0 -41.0 Fflrfrflrlrffrlrrfrllrlrllrfrllfrllflrffrrfllfrrffrlfflfllrrlfffrllrrfrflfrrfflffffllfffrffrffrrfll"/>
        <trajectory sample="16" generation="16000"
                    bestEnergy="-28.0" averageEnergy="-16.6099" worstEnergy="-14.0"
                    bestConformation="Conformation 41.0 -41.0 Fflrfrflrlrffrlrrfrllrlrllrfrllfrllflrffrrfllfrrffrlfflfllrrlfffrllrrfrflfrrfflffffllfffrffrffrrfll"/>
        <trajectory sample="17" generation="17000"
                    bestEnergy="-28.0" averageEnergy="-16.8782" worstEnergy="-14.0"
                    bestConformation="Conformation 41.0 -41.0 Fflrfrflrlrffrlrrfrllrlrllrfrllfrllflrffrrfllfrrffrlfflfllrrlfffrllrrfrflfrrfflffffllfffrffrffrrfll"/>
        <trajectory sample="18" generation="18000"
                    bestEnergy="-28.0" averageEnergy="-17.1315" worstEnergy="-15.0"
                    bestConformation="Conformation 41.0 -41.0 Fflrfrflrlrffrlrrfrllrlrllrfrllfrllflrffrrfllfrrffrlfflfllrrlfffrllrrfrflfrrfflffffllfffrffrffrrfll"/>
        <trajectory sample="19" generation="19000"
                    bestEnergy="-28.0" averageEnergy="-17.3529" worstEnergy="-14.0"
                    bestConformation="Conformation 41.0 -41.0 Fflrfrflrlrffrlrrfrllrlrllrfrllfrllflrffrrfllfrrffrlfflfllrrlfffrllrrfrflfrrfflffffllfffrffrffrrfll"/>
        <trajectory sample="20" generation="20000"
                    bestEnergy="-28.0" averageEnergy="-17.5936" worstEnergy="-15.0"
                    bestConformation="Conformation 41.0 -41.0 Fflrfrflrlrffrlrrfrllrlrllrfrllfrllflrffrrfllfrrffrlfflfllrrlfffrllrrfrflfrrfflffffllfffrffrffrrfll"/>
        <trajectory sample="21" generation="21000"
                    bestEnergy="-29.0" averageEnergy="-17.8557" worstEnergy="-15.0"
                    bestConformation="Conformation 41.0 -41.0 Fflrffllrlrffrlrrfrllrlrllrfrllfrllflrffrrfllfrrffrlfflfllrrlffffrlrrlffrrflrflffffllfffrffrffrrfll"/>
        <trajectory sample="22" generation="22000"
                    bestEnergy="-29.0" averageEnergy="-18.065" worstEnergy="-16.0"
                    bestConformation="Conformation 41.0 -41.0 Fflrffllrlrffrlrrfrllrlrllrfrllfrllflrffrrfllfrrffrlfflfllrrlffffrlrrlffrrflrflffffllfffrffrffrrfll"/>
        <trajectory sample="23" generation="23000"
                    bestEnergy="-29.0" averageEnergy="-18.2737" worstEnergy="-16.0"
                    bestConformation="Conformation 41.0 -41.0 Fflrffllrlrffrlrrfrllrlrllrfrllfrllflrffrrfllfrrffrlfflfllrrlffffrlrrlffrrflrflffffllfffrffrffrrfll"/>
        <trajectory sample="24" generation="24000"
                    bestEnergy="-29.0" averageEnergy="-18.5116" worstEnergy="-16.0"
                    bestConformation="Conformation 41.0 -41.0 Fflrffllrlrffrlrrfrllrlrllrfrllfrllflrffrrfllfrrffrlfflfllrrlffffrlrrlffrrflrflffffllfffrffrffrrfll"/>
        <trajectory sample="25" generation="25000"
                    bestEnergy="-29.0" averageEnergy="-18.7562" worstEnergy="-17.0"
                    bestConformation="Conformation 41.0 -41.0 Fflrffllrlrffrlrrfrllrlrllrfrllfrllflrffrrfllfrrffrlfflfllrrlffffrlrrlffrrflrflffffllfffrffrffrrfll"/>
        <trajectory sample="26" generation="26000"
                    bestEnergy="-29.0" averageEnergy="-18.9276" worstEnergy="-17.0"
                    bestConformation="Conformation 41.0 -41.0 Fflrffllrlrffrlrrfrllrlrllrfrllfrllflrffrrfllfrrffrlfflfllrrlffffrlrrlffrrflrflffffllfffrffrffrrfll"/>
        <trajectory sample="27" generation="27000"
                    bestEnergy="-29.0" averageEnergy="-19.1132" worstEnergy="-17.0"
                    bestConformation="Conformation 41.0 -41.0 Fflrffllrlrffrlrrfrllrlrllrfrllfrllflrffrrfllfrrffrlfflfllrrlffffrlrrlffrrflrflffffllfffrffrffrrfll"/>
        <trajectory sample="28" generation="28000"
                    bestEnergy="-29.0" averageEnergy="-19.3264" worstEnergy="-15.0"
                    bestConformation="Conformation 41.0 -41.0 Fflrffllrlrffrlrrfrllrlrllrfrllfrllflrffrrfllfrrffrlfflfllrrlffffrlrrlffrrflrflffffllfffrffrffrrfll"/>
        <trajectory sample="29" generation="29000"
                    bestEnergy="-29.0" averageEnergy="-19.5483" worstEnergy="-17.0"
                    bestConformation="Conformation 41.0 -41.0 Fflrffllrlrffrlrrfrllrlrllrfrllfrllflrffrrfllfrrffrlfflfllrrlffffrlrrlffrrflrflffffllfffrffrffrrfll"/>
        <trajectory sample="30" generation="30000"
                    bestEnergy="-29.0" averageEnergy="-19.7408" worstEnergy="-18.0"
                    bestConformation="Conformation 41.0 -41.0 Fflrffllrlrffrlrrfrllrlrllrfrllfrllflrffrrfllfrrffrlfflfllrrlffffrlrrlffrrflrflffffllfffrffrffrrfll"/>
        <trajectory sample="31" generation="31000"
                    bestEnergy="-29.0" averageEnergy="-19.9217" worstEnergy="-18.0"
                    bestConformation="Conformation 41.0 -41.0 Fflrffllrlrffrlrrfrllrlrllrfrllfrllflrffrrfllfrrffrlfflfllrrlffffrlrrlffrrflrflffffllfffrffrffrrfll"/>
        <trajectory sample="32" generation="32000"
                    bestEnergy="-29.0" averageEnergy="-20.1137" worstEnergy="-15.0"
                    bestConformation="Conformation 41.0 -41.0 Fflrffllrlrffrlrrfrllrlrllrfrllfrllflrffrrfllfrrffrlfflfllrrlffffrlrrlffrrflrflffffllfffrffrffrrfll"/>
        <trajectory sample="33" generation="33000"
                    bestEnergy="-30.0" averageEnergy="-20.3098" worstEnergy="-18.0"
                    bestConformation="Conformation 41.0 -41.0 Fflrfrflrlrffrlrrfrllrlrllrrllrlrllflrffrrfllfrrffrlfflfllrrlffffrlrrlffrrflrflffffllfffrffrffrrfll"/>
        <trajectory sample="34" generation="34000"
                    bestEnergy="-30.0" averageEnergy="-20.5275" worstEnergy="-18.0"
                    bestConformation="Conformation 41.0 -41.0 Fflrfrflrlrffrlrrfrllrlrllrrllrlrllflrffrrfllfrrffrlfflfllrrlffffrlrrlffrrflrflffffllfffrffrffrrfll"/>
        <trajectory sample="35" generation="35000"
                    bestEnergy="-30.0" averageEnergy="-20.6988" worstEnergy="-19.0"
                    bestConformation="Conformation 41.0 -41.0 Fflrfrflrlrffrlrrfrllrlrllrrllrlrllflrffrrfllfrrffrlfflfllrrlffffrlrrlffrrflrflffffllfffrffrffrrfll"/>
        <trajectory sample="36" generation="36000"
                    bestEnergy="-30.0" averageEnergy="-20.8663" worstEnergy="-19.0"
                    bestConformation="Conformation 41.0 -41.0 Fflrfrflrlrffrlrrfrllrlrllrrllrlrllflrffrrfllfrrffrlfflfllrrlffffrlrrlffrrflrflffffllfffrffrffrrfll"/>
        <trajectory sample="37" generation="37000"
                    bestEnergy="-30.0" averageEnergy="-21.0513" worstEnergy="-19.0"
                    bestConformation="Conformation 41.0 -41.0 Fflrfrflrlrffrlrrfrllrlrllrrllrlrllflrffrrfllfrrffrlfflfllrrlffffrlrrlffrrflrflffffllfffrffrffrrfll"/>
        <trajectory sample="38" generation="38000"
                    bestEnergy="-30.0" averageEnergy="-21.2311" worstEnergy="-19.0"
                    bestConformation="Conformation 41.0 -41.0 Fflrfrflrlrffrlrrfrllrlrllrrllrlrllflrffrrfllfrrffrlfflfllrrlffffrlrrlffrrflrflffffllfffrffrffrrfll"/>
        <trajectory sample="39" generation="39000"
                    bestEnergy="-30.0" averageEnergy="-21.4389" worstEnergy="-19.0"
                    bestConformation="Conformation 41.0 -41.0 Fflrfrflrlrffrlrrfrllrlrllrrllrlrllflrffrrfllfrrffrlfflfllrrlffffrlrrlffrrflrflffffllfffrffrffrrfll"/>
        <trajectory sample="40" generation="40000"
                    bestEnergy="-30.0" averageEnergy="-21.5953" worstEnergy="-20.0"
                    bestConformation="Conformation 41.0 -41.0 Fflrfrflrlrffrlrrfrllrlrllrrllrlrllflrffrrfllfrrffrlfflfllrrlffffrlrrlffrrflrflffffllfffrffrffrrfll"/>
        <trajectory sample="41" generation="41000"
                    bestEnergy="-30.0" averageEnergy="-21.7391" worstEnergy="-20.0"
                    bestConformation="Conformation 41.0 -41.0 Fflrfrflrlrffrlrrfrllrlrllrrllrlrllflrffrrfllfrrffrlfflfllrrlffffrlrrlffrrflrflffffllfffrffrffrrfll"/>
        <trajectory sample="42" generation="42000"
                    bestEnergy="-30.0" averageEnergy="-21.899" worstEnergy="-20.0"
                    bestConformation="Conformation 41.0 -41.0 Fflrfrflrlrffrlrrfrllrlrllrrllrlrllflrffrrfllfrrffrlfflfllrrlffffrlrrlffrrflrflffffllfffrffrffrrfll"/>
        <trajectory sample="43" generation="43000"
                    bestEnergy="-30.0" averageEnergy="-22.0774" worstEnergy="-20.0"
                    bestConformation="Conformation 41.0 -41.0 Fflrfrflrlrffrlrrfrllrlrllrrllrlrllflrffrrfllfrrffrlfflfllrrlffffrlrrlffrrflrflffffllfffrffrffrrfll"/>
        <trajectory sample="44" generation="44000"
                    bestEnergy="-30.0" averageEnergy="-22.249" worstEnergy="-20.0"
                    bestConformation="Conformation 41.0 -41.0 Fflrfrflrlrffrlrrfrllrlrllrrllrlrllflrffrrfllfrrffrlfflfllrrlffffrlrrlffrrflrflffffllfffrffrffrrfll"/>
        <trajectory sample="45" generation="45000"
                    bestEnergy="-30.0" averageEnergy="-22.3995" worstEnergy="-21.0"
                    bestConformation="Conformation 41.0 -41.0 Fflrfrflrlrffrlrrfrllrlrllrrllrlrllflrffrrfllfrrffrlfflfllrrlffffrlrrlffrrflrflffffllfffrffrffrrfll"/>
        <trajectory sample="46" generation="46000"
                    bestEnergy="-30.0" averageEnergy="-22.5341" worstEnergy="-21.0"
                    bestConformation="Conformation 41.0 -41.0 Fflrfrflrlrffrlrrfrllrlrllrrllrlrllflrffrrfllfrrffrlfflfllrrlffffrlrrlffrrflrflffffllfffrffrffrrfll"/>
        <trajectory sample="47" generation="47000"
                    bestEnergy="-30.0" averageEnergy="-22.6706" worstEnergy="-21.0"
                    bestConformation="Conformation 41.0 -41.0 Fflrfrflrlrffrlrrfrllrlrllrrllrlrllflrffrrfllfrrffrlfflfllrrlffffrlrrlffrrflrflffffllfffrffrffrrfll"/>
        <trajectory sample="48" generation="48000"
                    bestEnergy="-30.0" averageEnergy="-22.8212" worstEnergy="-21.0"
                    bestConformation="Conformation 41.0 -41.0 Fflrfrflrlrffrlrrfrllrlrllrrllrlrllflrffrrfllfrrffrlfflfllrrlffffrlrrlffrrflrflffffllfffrffrffrrfll"/>
        <trajectory sample="49" generation="49000"
                    bestEnergy="-31.0" averageEnergy="-22.977" worstEnergy="-18.0"
                    bestConformation="Conformation 41.0 -41.0 Flfflrflrlrffrlrrfrllrlrllrfrllfrllflrffrrfllfrrffrlfflfllrrlffffffrflrrlrrlrflffffllfffrffrffrrfll"/>
        <trajectory sample="50" generation="50000"
                    bestEnergy="-31.0" averageEnergy="-23.1468" worstEnergy="-21.0"
                    bestConformation="Conformation 41.0 -41.0 Flfflrflrlrffrlrrfrllrlrllrfrllfrllflrffrrfllfrrffrlfflfllrrlffffffrflrrlrrlrflffffllfffrffrffrrfll"/>
        <trajectory sample="51" generation="51000"
                    bestEnergy="-31.0" averageEnergy="-23.3004" worstEnergy="-22.0"
                    bestConformation="Conformation 41.0 -41.0 Flfflrflrlrffrlrrfrllrlrllrfrllfrllflrffrrfllfrrffrlfflfllrrlffffffrflrrlrrlrflffffllfffrffrffrrfll"/>
        <trajectory sample="52" generation="52000"
                    bestEnergy="-31.0" averageEnergy="-23.4129" worstEnergy="-22.0"
                    bestConformation="Conformation 41.0 -41.0 Flfflrflrlrffrlrrfrllrlrllrfrllfrllflrffrrfllfrrffrlfflfllrrlffffffrflrrlrrlrflffffllfffrffrffrrfll"/>
        <trajectory sample="53" generation="53000"
                    bestEnergy="-31.0" averageEnergy="-23.5369" worstEnergy="-22.0"
                    bestConformation="Conformation 41.0 -41.0 Flfflrflrlrffrlrrfrllrlrllrfrllfrllflrffrrfllfrrffrlfflfllrrlffffffrflrrlrrlrflffffllfffrffrffrrfll"/>
        <trajectory sample="54" generation="54000"
                    bestEnergy="-31.0" averageEnergy="-23.6684" worstEnergy="-22.0"
                    bestConformation="Conformation 41.0 -41.0 Flfflrflrlrffrlrrfrllrlrllrfrllfrllflrffrrfllfrrffrlfflfllrrlffffffrflrrlrrlrflffffllfffrffrffrrfll"/>
        <trajectory sample="55" generation="55000"
                    bestEnergy="-31.0" averageEnergy="-23.8155" worstEnergy="-22.0"
                    bestConformation="Conformation 41.0 -41.0 Flfflrflrlrffrlrrfrllrlrllrfrllfrllflrffrrfllfrrffrlfflfllrrlffffffrflrrlrrlrflffffllfffrffrffrrfll"/>
        <trajectory sample="56" generation="56000"
                    bestEnergy="-31.0" averageEnergy="-23.9758" worstEnergy="-22.0"
                    bestConformation="Conformation 41.0 -41.0 Flfflrflrlrffrlrrfrllrlrllrfrllfrllflrffrrfllfrrffrlfflfllrrlffffffrflrrlrrlrflffffllfffrffrffrrfll"/>
        <trajectory sample="57" generation="57000"
                    bestEnergy="-31.0" averageEnergy="-24.1382" worstEnergy="-22.0"
                    bestConformation="Conformation 41.0 -41.0 Flfflrflrlrffrlrrfrllrlrllrfrllfrllflrffrrfllfrrffrlfflfllrrlffffffrflrrlrrlrflffffllfffrffrffrrfll"/>
        <trajectory sample="58" generation="58000"
                    bestEnergy="-31.0" averageEnergy="-24.2586" worstEnergy="-23.0"
                    bestConformation="Conformation 41.0 -41.0 Flfflrflrlrffrlrrfrllrlrllrfrllfrllflrffrrfllfrrffrlfflfllrrlffffffrflrrlrrlrflffffllfffrffrffrrfll"/>
        <trajectory sample="59" generation="59000"
                    bestEnergy="-31.0" averageEnergy="-24.3703" worstEnergy="-20.0"
                    bestConformation="Conformation 41.0 -41.0 Flfflrflrlrffrlrrfrllrlrllrfrllfrllflrffrrfllfrrffrlfflfllrrlffffffrflrrlrrlrflffffllfffrffrffrrfll"/>
        <trajectory sample="60" generation="60000"
                    bestEnergy="-31.0" averageEnergy="-24.4881" worstEnergy="-23.0"
                    bestConformation="Conformation 41.0 -41.0 Flfflrflrlrffrlrrfrllrlrllrfrllfrllflrffrrfllfrrffrlfflfllrrlffffffrflrrlrrlrflffffllfffrffrffrrfll"/>
        <trajectory sample="61" generation="61000"
                    bestEnergy="-31.0" averageEnergy="-24.6046" worstEnergy="-16.0"
                    bestConformation="Conformation 41.0 -41.0 Flfflrflrlrffrlrrfrllrlrllrfrllfrllflrffrrfllfrrffrlfflfllrrlffffffrflrrlrrlrflffffllfffrffrffrrfll"/>
        <trajectory sample="62" generation="62000"
                    bestEnergy="-31.0" averageEnergy="-24.7356" worstEnergy="-23.0"
                    bestConformation="Conformation 41.0 -41.0 Flfflrflrlrffrlrrfrllrlrllrfrllfrllflrffrrfllfrrffrlfflfllrrlffffffrflrrlrrlrflffffllfffrffrffrrfll"/>
        <trajectory sample="63" generation="63000"
                    bestEnergy="-31.0" averageEnergy="-24.8696" worstEnergy="-22.0"
                    bestConformation="Conformation 41.0 -41.0 Flfflrflrlrffrlrrfrllrlrllrfrllfrllflrffrrfllfrrffrlfflfllrrlffffffrflrrlrrlrflffffllfffrffrffrrfll"/>
        <trajectory sample="64" generation="64000"
                    bestEnergy="-31.0" averageEnergy="-25.0133" worstEnergy="-21.0"
                    bestConformation="Conformation 41.0 -41.0 Flfflrflrlrffrlrrfrllrlrllrfrllfrllflrffrrfllfrrffrlfflfllrrlffffffrflrrlrrlrflffffllfffrffrffrrfll"/>
        <trajectory sample="65" generation="65000"
                    bestEnergy="-31.0" averageEnergy="-25.1609" worstEnergy="-24.0"
                    bestConformation="Conformation 41.0 -41.0 Flfflrflrlrffrlrrfrllrlrllrfrllfrllflrffrrfllfrrffrlfflfllrrlffffffrflrrlrrlrflffffllfffrffrffrrfll"/>
        <trajectory sample="66" generation="66000"
                    bestEnergy="-31.0" averageEnergy="-25.2558" worstEnergy="-24.0"
                    bestConformation="Conformation 41.0 -41.0 Flfflrflrlrffrlrrfrllrlrllrfrllfrllflrffrrfllfrrffrlfflfllrrlffffffrflrrlrrlrflffffllfffrffrffrrfll"/>
        <trajectory sample="67" generation="67000"
                    bestEnergy="-31.0" averageEnergy="-25.3554" worstEnergy="-24.0"
                    bestConformation="Conformation 41.0 -41.0 Flfflrflrlrffrlrrfrllrlrllrfrllfrllflrffrrfllfrrffrlfflfllrrlffffffrflrrlrrlrflffffllfffrffrffrrfll"/>
        <trajectory sample="68" generation="68000"
                    bestEnergy="-31.0" averageEnergy="-25.4629" worstEnergy="-21.0"
                    bestConformation="Conformation 41.0 -41.0 Flfflrflrlrffrlrrfrllrlrllrfrllfrllflrffrrfllfrrffrlfflfllrrlffffffrflrrlrrlrflffffllfffrffrffrrfll"/>
        <trajectory sample="69" generation="69000"
                    bestEnergy="-31.0" averageEnergy="-25.5869" worstEnergy="-24.0"
                    bestConformation="Conformation 41.0 -41.0 Flfflrflrlrffrlrrfrllrlrllrfrllfrllflrffrrfllfrrffrlfflfllrrlffffffrflrrlrrlrflffffllfffrffrffrrfll"/>
        <trajectory sample="70" generation="70000"
                    bestEnergy="-31.0" averageEnergy="-25.7065" worstEnergy="-24.0"
                    bestConformation="Conformation 41.0 -41.0 Flfflrflrlrffrlrrfrllrlrllrfrllfrllflrffrrfllfrrffrlfflfllrrlffffffrflrrlrrlrflffffllfffrffrffrrfll"/>
        <trajectory sample="71" generation="71000"
                    bestEnergy="-31.0" averageEnergy="-25.8327" worstEnergy="-18.0"
                    bestConformation="Conformation 41.0 -41.0 Flfflrflrlrffrlrrfrllrlrllrfrllfrllflrffrrfllfrrffrlfflfllrrlffffffrflrrlrrlrflffffllfffrffrffrrfll"/>
        <trajectory sample="72" generation="72000"
                    bestEnergy="-31.0" averageEnergy="-25.9624" worstEnergy="-24.0"
                    bestConformation="Conformation 41.0 -41.0 Flfflrflrlrffrlrrfrllrlrllrfrllfrllflrffrrfllfrrffrlfflfllrrlffffffrflrrlrrlrflffffllfffrffrffrrfll"/>
        <trajectory sample="73" generation="73000"
                    bestEnergy="-31.0" averageEnergy="-26.0987" worstEnergy="-24.0"
                    bestConformation="Conformation 41.0 -41.0 Flfflrflrlrffrlrrfrllrlrllrfrllfrllflrffrrfllfrrffrlfflfllrrlffffffrflrrlrrlrflffffllfffrffrffrrfll"/>
        <trajectory sample="74" generation="74000"
                    bestEnergy="-31.0" averageEnergy="-26.1944" worstEnergy="-25.0"
                    bestConformation="Conformation 41.0 -41.0 Flfflrflrlrffrlrrfrllrlrllrfrllfrllflrffrrfllfrrffrlfflfllrrlffffffrflrrlrrlrflffffllfffrffrffrrfll"/>
        <trajectory sample="75" generation="75000"
                    bestEnergy="-32.0" averageEnergy="-26.2933" worstEnergy="-23.0"
                    bestConformation="Conformation 41.0 -41.0 Fflrfrflrlrffrlrrfrllrlrllrfrllfrllflrffrrfllfrrffrlfflfllrrlfffrlfrfrlfrrflrflffffllfffrffrffrrfll"/>
        <trajectory sample="76" generation="76000"
                    bestEnergy="-32.0" averageEnergy="-26.3887" worstEnergy="-25.0"
                    bestConformation="Conformation 41.0 -41.0 Fflrfrflrlrffrlrrfrllrlrllrfrllfrllflrffrrfllfrrffrlfflfllrrlfffrlfrfrlfrrflrflffffllfffrffrffrrfll"/>
        <trajectory sample="77" generation="77000"
                    bestEnergy="-32.0" averageEnergy="-26.4895" worstEnergy="-25.0"
                    bestConformation="Conformation 41.0 -41.0 Fflrfrflrlrffrlrrfrllrlrllrfrllfrllflrffrrfllfrrffrlfflfllrrlfffrlfrfrlfrrflrflffffllfffrffrffrrfll"/>
        <trajectory sample="78" generation="78000"
                    bestEnergy="-32.0" averageEnergy="-26.6048" worstEnergy="-25.0"
                    bestConformation="Conformation 41.0 -41.0 Fflrfrflrlrffrlrrfrllrlrllrfrllfrllflrffrrfllfrrffrlfflfllrrlfffrlfrfrlfrrflrflffffllfffrffrffrrfll"/>
        <trajectory sample="79" generation="79000"
                    bestEnergy="-32.0" averageEnergy="-26.7217" worstEnergy="-22.0"
                    bestConformation="Conformation 41.0 -41.0 Fflrfrflrlrffrlrrfrllrlrllrfrllfrllflrffrrfllfrrffrlfflfllrrlfffrlfrfrlfrrflrflffffllfffrffrffrrfll"/>
        <trajectory sample="80" generation="80000"
                    bestEnergy="-32.0" averageEnergy="-26.8495" worstEnergy="-25.0"
                    bestConformation="Conformation 41.0 -41.0 Fflrfrflrlrffrlrrfrllrlrllrfrllfrllflrffrrfllfrrffrlfflfllrrlfffrlfrfrlfrrflrflffffllfffrffrffrrfll"/>
        <trajectory sample="81" generation="81000"
                    bestEnergy="-32.0" averageEnergy="-26.9876" worstEnergy="-25.0"
                    bestConformation="Conformation 41.0 -41.0 Fflrfrflrlrffrlrrfrllrlrllrfrllfrllflrffrrfllfrrffrlfflfllrrlfffrlfrfrlfrrflrflffffllfffrffrffrrfll"/>
        <trajectory sample="82" generation="82000"
                    bestEnergy="-32.0" averageEnergy="-27.0785" worstEnergy="-26.0"
                    bestConformation="Conformation 41.0 -41.0 Fflrfrflrlrffrlrrfrllrlrllrfrllfrllflrffrrfllfrrffrlfflfllrrlfffrlfrfrlfrrflrflffffllfffrffrffrrfll"/>
        <trajectory sample="83" generation="83000"
                    bestEnergy="-32.0" averageEnergy="-27.1678" worstEnergy="-26.0"
                    bestConformation="Conformation 41.0 -41.0 Fflrfrflrlrffrlrrfrllrlrllrfrllfrllflrffrrfllfrrffrlfflfllrrlfffrlfrfrlfrrflrflffffllfffrffrffrrfll"/>
        <trajectory sample="84" generation="84000"
                    bestEnergy="-32.0" averageEnergy="-27.256" worstEnergy="-26.0"
                    bestConformation="Conformation 41.0 -41.0 Fflrfrflrlrffrlrrfrllrlrllrfrllfrllflrffrrfllfrrffrlfflfllrrlfffrlfrfrlfrrflrflffffllfffrffrffrrfll"/>
        <trajectory sample="85" generation="85000"
                    bestEnergy="-32.0" averageEnergy="-27.3485" worstEnergy="-26.0"
                    bestConformation="Conformation 41.0 -41.0 Fflrfrflrlrffrlrrfrllrlrllrfrllfrllflrffrrfllfrrffrlfflfllrrlfffrlfrfrlfrrflrflffffllfffrffrffrrfll"/>
        <trajectory sample="86" generation="86000"
                    bestEnergy="-33.0" averageEnergy="-27.4566" worstEnergy="-26.0"
                    bestConformation="Conformation 41.0 -41.0 Fflrffllrlrffrlrrfrllrlrllrfrllfrllflrffrrfllfrrffrlfflfllrrlfffrlrflrfrrlrlrflffffllfffrffrffrrfll"/>
        <trajectory sample="87" generation="87000"
                    bestEnergy="-33.0" averageEnergy="-27.5661" worstEnergy="-26.0"
                    bestConformation="Conformation 41.0 -41.0 Fflrffllrlrffrlrrfrllrlrllrfrllfrllflrffrrfllfrrffrlfflfllrrlfffrlrflrfrrlrlrflffffllfffrffrffrrfll"/>
        <trajectory sample="88" generation="88000"
                    bestEnergy="-33.0" averageEnergy="-27.6757" worstEnergy="-26.0"
                    bestConformation="Conformation 41.0 -41.0 Fflrffllrlrffrlrrfrllrlrllrfrllfrllflrffrrfllfrrffrlfflfllrrlfffrlrflrfrrlrlrflffffllfffrffrffrrfll"/>
        <trajectory sample="89" generation="89000"
                    bestEnergy="-34.0" averageEnergy="-27.7883" worstEnergy="-26.0"
                    bestConformation="Conformation 41.0 -41.0 Fflrfrflrlrfffrfrfrllrlrllrfrllfrllflrffrrfllfrrffrlfflfllrrlfffrlfrfrlfrrflrflffffllfffrffrffrrfll"/>
        <trajectory sample="90" generation="90000"
                    bestEnergy="-34.0" averageEnergy="-27.9063" worstEnergy="-26.0"
                    bestConformation="Conformation 41.0 -41.0 Fflrfrflrlrfffrfrfrllrlrllrfrllfrllflrffrrfllfrrffrlfflfllrrlfffrlfrfrlfrrflrflffffllfffrffrffrrfll"/>
        <trajectory sample="91" generation="91000"
                    bestEnergy="-34.0" averageEnergy="-28.006" worstEnergy="-26.0"
                    bestConformation="Conformation 41.0 -41.0 Fflrfrflrlrfffrfrfrllrlrllrfrllfrllflrffrrfllfrrffrlfflfllrrlfffrlfrfrlfrrflrflffffllfffrffrffrrfll"/>
        <trajectory sample="92" generation="92000"
                    bestEnergy="-34.0" averageEnergy="-28.075" worstEnergy="-26.0"
                    bestConformation="Conformation 41.0 -41.0 Fflrfrflrlrfffrfrfrllrlrllrfrllfrllflrffrrfllfrrffrlfflfllrrlfffrlfrfrlfrrflrflffffllfffrffrffrrfll"/>
        <trajectory sample="93" generation="93000"
                    bestEnergy="-34.0" averageEnergy="-28.1513" worstEnergy="-26.0"
                    bestConformation="Conformation 41.0 -41.0 Fflrfrflrlrfffrfrfrllrlrllrfrllfrllflrffrrfllfrrffrlfflfllrrlfffrlfrfrlfrrflrflffffllfffrffrffrrfll"/>
        <trajectory sample="94" generation="94000"
                    bestEnergy="-34.0" averageEnergy="-28.2386" worstEnergy="-27.0"
                    bestConformation="Conformation 41.0 -41.0 Fflrfrflrlrfffrfrfrllrlrllrfrllfrllflrffrrfllfrrffrlfflfllrrlfffrlfrfrlfrrflrflffffllfffrffrffrrfll"/>
        <trajectory sample="95" generation="95000"
                    bestEnergy="-34.0" averageEnergy="-28.3168" worstEnergy="-27.0"
                    bestConformation="Conformation 41.0 -41.0 Fflrfrflrlrfffrfrfrllrlrllrfrllfrllflrffrrfllfrrffrlfflfllrrlfffrlfrfrlfrrflrflffffllfffrffrffrrfll"/>
        <trajectory sample="96" generation="96000"
                    bestEnergy="-34.0" averageEnergy="-28.4053" worstEnergy="-26.0"
                    bestConformation="Conformation 41.0 -41.0 Fflrfrflrlrfffrfrfrllrlrllrfrllfrllflrffrrfllfrrffrlfflfllrrlfffrlfrfrlfrrflrflffffllfffrffrffrrfll"/>
        <trajectory sample="97" generation="97000"
                    bestEnergy="-34.0" averageEnergy="-28.5016" worstEnergy="-27.0"
                    bestConformation="Conformation 41.0 -41.0 Fflrfrflrlrfffrfrfrllrlrllrfrllfrllflrffrrfllfrrffrlfflfllrrlfffrlfrfrlfrrflrflffffllfffrffrffrrfll"/>
        <trajectory sample="98" generation="98000"
                    bestEnergy="-34.0" averageEnergy="-28.6022" worstEnergy="-27.0"
                    bestConformation="Conformation 41.0 -41.0 Fflrfrflrlrfffrfrfrllrlrllrfrllfrllflrffrrfllfrrffrlfflfllrrlfffrlfrfrlfrrflrflffffllfffrffrffrrfll"/>
        <trajectory sample="99" generation="99000"
                    bestEnergy="-34.0" averageEnergy="-28.7064" worstEnergy="-25.0"
                    bestConformation="Conformation 41.0 -41.0 Fflrfrflrlrfffrfrfrllrlrllrfrllfrllflrffrrfllfrrffrlfflfllrrlfffrlfrfrlfrrflrflffffllfffrffrffrrfll"/>
        <trajectory sample="100" generation="100000"
                    bestEnergy="-34.0" averageEnergy="-28.8174" worstEnergy="-27.0"
                    bestConformation="Conformation 41.0 -41.0 Fflrfrflrlrfffrfrfrllrlrllrfrllfrllflrffrrfllfrrffrlfflfllrrlfffrlfrfrlfrrflrflffffllfffrffrffrrfll"/>
        <trajectory sample="101" generation="101000"
                    bestEnergy="-34.0" averageEnergy="-28.8973" worstEnergy="-28.0"
                    bestConformation="Conformation 41.0 -41.0 Fflrfrflrlrfffrfrfrllrlrllrfrllfrllflrffrrfllfrrffrlfflfllrrlfffrlfrfrlfrrflrflffffllfffrffrffrrfll"/>
        <trajectory sample="102" generation="102000"
                    bestEnergy="-34.0" averageEnergy="-28.9611" worstEnergy="-19.0"
                    bestConformation="Conformation 41.0 -41.0 Fflrfrflrlrfffrfrfrllrlrllrfrllfrllflrffrrfllfrrffrlfflfllrrlfffrlfrfrlfrrflrflffffllfffrffrffrrfll"/>
        <trajectory sample="103" generation="103000"
                    bestEnergy="-34.0" averageEnergy="-29.0339" worstEnergy="-28.0"
                    bestConformation="Conformation 41.0 -41.0 Fflrfrflrlrfffrfrfrllrlrllrfrllfrllflrffrrfllfrrffrlfflfllrrlfffrlfrfrlfrrflrflffffllfffrffrffrrfll"/>
        <trajectory sample="104" generation="104000"
                    bestEnergy="-34.0" averageEnergy="-29.1022" worstEnergy="-28.0"
                    bestConformation="Conformation 41.0 -41.0 Fflrfrflrlrfffrfrfrllrlrllrfrllfrllflrffrrfllfrrffrlfflfllrrlfffrlfrfrlfrrflrflffffllfffrffrffrrfll"/>
        <trajectory sample="105" generation="105000"
                    bestEnergy="-34.0" averageEnergy="-29.1766" worstEnergy="-28.0"
                    bestConformation="Conformation 41.0 -41.0 Fflrfrflrlrfffrfrfrllrlrllrfrllfrllflrffrrfllfrrffrlfflfllrrlfffrlfrfrlfrrflrflffffllfffrffrffrrfll"/>
        <trajectory sample="106" generation="106000"
                    bestEnergy="-34.0" averageEnergy="-29.2498" worstEnergy="-28.0"
                    bestConformation="Conformation 41.0 -41.0 Fflrfrflrlrfffrfrfrllrlrllrfrllfrllflrffrrfllfrrffrlfflfllrrlfffrlfrfrlfrrflrflffffllfffrffrffrrfll"/>
        <trajectory sample="107" generation="107000"
                    bestEnergy="-34.0" averageEnergy="-29.3234" worstEnergy="-18.0"
                    bestConformation="Conformation 41.0 -41.0 Fflrfrflrlrfffrfrfrllrlrllrfrllfrllflrffrrfllfrrffrlfflfllrrlfffrlfrfrlfrrflrflffffllfffrffrffrrfll"/>
        <trajectory sample="108" generation="108000"
                    bestEnergy="-34.0" averageEnergy="-29.4085" worstEnergy="-21.0"
                    bestConformation="Conformation 41.0 -41.0 Fflrfrflrlrfffrfrfrllrlrllrfrllfrllflrffrrfllfrrffrlfflfllrrlfffrlfrfrlfrrflrflffffllfffrffrffrrfll"/>
        <trajectory sample="109" generation="109000"
                    bestEnergy="-34.0" averageEnergy="-29.489" worstEnergy="-27.0"
                    bestConformation="Conformation 41.0 -41.0 Fflrfrflrlrfffrfrfrllrlrllrfrllfrllflrffrrfllfrrffrlfflfllrrlfffrlfrfrlfrrflrflffffllfffrffrffrrfll"/>
        <trajectory sample="110" generation="110000"
                    bestEnergy="-34.0" averageEnergy="-29.584" worstEnergy="-23.0"
                    bestConformation="Conformation 41.0 -41.0 Fflrfrflrlrfffrfrfrllrlrllrfrllfrllflrffrrfllfrrffrlfflfllrrlfffrlfrfrlfrrflrflffffllfffrffrffrrfll"/>
        <trajectory sample="111" generation="111000"
                    bestEnergy="-34.0" averageEnergy="-29.6264" worstEnergy="-27.0"
                    bestConformation="Conformation 41.0 -41.0 Fflrfrflrlrfffrfrfrllrlrllrfrllfrllflrffrrfllfrrffrlfflfllrrlfffrlfrfrlfrrflrflffffllfffrffrffrrfll"/>
        <trajectory sample="112" generation="112000"
                    bestEnergy="-34.0" averageEnergy="-29.6746" worstEnergy="-29.0"
                    bestConformation="Conformation 41.0 -41.0 Fflrfrflrlrfffrfrfrllrlrllrfrllfrllflrffrrfllfrrffrlfflfllrrlfffrlfrfrlfrrflrflffffllfffrffrffrrfll"/>
        <trajectory sample="113" generation="113000"
                    bestEnergy="-34.0" averageEnergy="-29.7207" worstEnergy="-24.0"
                    bestConformation="Conformation 41.0 -41.0 Fflrfrflrlrfffrfrfrllrlrllrfrllfrllflrffrrfllfrrffrlfflfllrrlfffrlfrfrlfrrflrflffffllfffrffrffrrfll"/>
        <trajectory sample="114" generation="114000"
                    bestEnergy="-34.0" averageEnergy="-29.7691" worstEnergy="-29.0"
                    bestConformation="Conformation 41.0 -41.0 Fflrfrflrlrfffrfrfrllrlrllrfrllfrllflrffrrfllfrrffrlfflfllrrlfffrlfrfrlfrrflrflffffllfffrffrffrrfll"/>
        <trajectory sample="115" generation="115000"
                    bestEnergy="-34.0" averageEnergy="-29.8226" worstEnergy="-24.0"
                    bestConformation="Conformation 41.0 -41.0 Fflrfrflrlrfffrfrfrllrlrllrfrllfrllflrffrrfllfrrffrlfflfllrrlfffrlfrfrlfrrflrflffffllfffrffrffrrfll"/>
        <trajectory sample="116" generation="116000"
                    bestEnergy="-34.0" averageEnergy="-29.8762" worstEnergy="-22.0"
                    bestConformation="Conformation 41.0 -41.0 Fflrfrflrlrfffrfrfrllrlrllrfrllfrllflrffrrfllfrrffrlfflfllrrlfffrlfrfrlfrrflrflffffllfffrffrffrrfll"/>
        <trajectory sample="117" generation="117000"
                    bestEnergy="-34.0" averageEnergy="-29.9316" worstEnergy="-22.0"
                    bestConformation="Conformation 41.0 -41.0 Fflrfrflrlrfffrfrfrllrlrllrfrllfrllflrffrrfllfrrffrlfflfllrrlfffrlfrfrlfrrflrflffffllfffrffrffrrfll"/>
        <trajectory sample="118" generation="118000"
                    bestEnergy="-34.0" averageEnergy="-29.9956" worstEnergy="-26.0"
                    bestConformation="Conformation 41.0 -41.0 Fflrfrflrlrfffrfrfrllrlrllrfrllfrllflrffrrfllfrrffrlfflfllrrlfffrlfrfrlfrrflrflffffllfffrffrffrrfll"/>
        <trajectory sample="119" generation="119000"
                    bestEnergy="-34.0" averageEnergy="-30.061" worstEnergy="-27.0"
                    bestConformation="Conformation 41.0 -41.0 Fflrfrflrlrfffrfrfrllrlrllrfrllfrllflrffrrfllfrrffrlfflfllrrlfffrlfrfrlfrrflrflffffllfffrffrffrrfll"/>
        <trajectory sample="120" generation="120000"
                    bestEnergy="-34.0" averageEnergy="-30.1311" worstEnergy="-29.0"
                    bestConformation="Conformation 41.0 -41.0 Fflrfrflrlrfffrfrfrllrlrllrfrllfrllflrffrrfllfrrffrlfflfllrrlfffrlfrfrlfrrflrflffffllfffrffrffrrfll"/>
        <trajectory sample="121" generation="121000"
                    bestEnergy="-34.0" averageEnergy="-30.1995" worstEnergy="-29.0"
                    bestConformation="Conformation 41.0 -41.0 Fflrfrflrlrfffrfrfrllrlrllrfrllfrllflrffrrfllfrrffrlfflfllrrlfffrlfrfrlfrrflrflffffllfffrffrffrrfll"/>
        <trajectory sample="122" generation="122000"
                    bestEnergy="-34.0" averageEnergy="-30.277" worstEnergy="-22.0"
                    bestConformation="Conformation 41.0 -41.0 Fflrfrflrlrfffrfrfrllrlrllrfrllfrllflrffrrfllfrrffrlfflfllrrlfffrlfrfrlfrrflrflffffllfffrffrffrrfll"/>
        <trajectory sample="123" generation="123000"
                    bestEnergy="-35.0" averageEnergy="-30.3533" worstEnergy="-29.0"
                    bestConformation="Conformation 41.0 -41.0 Fflrfrflrlrffrlrrfrllrlrllrfrllfrllflrffrrfllfrrffrlfflfllrrlffffrrllrfrlrrffflffffllfffrffrffrrfll"/>
        <trajectory sample="124" generation="124000"
                    bestEnergy="-35.0" averageEnergy="-30.4379" worstEnergy="-28.0"
                    bestConformation="Conformation 41.0 -41.0 Fflrfrflrlrffrlrrfrllrlrllrfrllfrllflrffrrfllfrrffrlfflfllrrlffffrrllrfrlrrffflffffllfffrffrffrrfll"/>
        <trajectory sample="125" generation="125000"
                    bestEnergy="-35.0" averageEnergy="-30.4983" worstEnergy="-23.0"
                    bestConformation="Conformation 41.0 -41.0 Fflrfrflrlrffrlrrfrllrlrllrfrllfrllflrffrrfllfrrffrlfflfllrrlffffrrllrfrlrrffflffffllfffrffrffrrfll"/>
        <trajectory sample="126" generation="126000"
                    bestEnergy="-35.0" averageEnergy="-30.5339" worstEnergy="-24.0"
                    bestConformation="Conformation 41.0 -41.0 Fflrfrflrlrffrlrrfrllrlrllrfrllfrllflrffrrfllfrrffrlfflfllrrlffffrrllrfrlrrffflffffllfffrffrffrrfll"/>
        <trajectory sample="127" generation="127000"
                    bestEnergy="-35.0" averageEnergy="-30.5728" worstEnergy="-26.0"
                    bestConformation="Conformation 41.0 -41.0 Fflrfrflrlrffrlrrfrllrlrllrfrllfrllflrffrrfllfrrffrlfflfllrrlffffrrllrfrlrrffflffffllfffrffrffrrfll"/>
        <trajectory sample="128" generation="128000"
                    bestEnergy="-35.0" averageEnergy="-30.6154" worstEnergy="-30.0"
                    bestConformation="Conformation 41.0 -41.0 Fflrfrflrlrffrlrrfrllrlrllrfrllfrllflrffrrfllfrrffrlfflfllrrlffffrrllrfrlrrffflffffllfffrffrffrrfll"/>
        <trajectory sample="129" generation="129000"
                    bestEnergy="-35.0" averageEnergy="-30.6625" worstEnergy="-30.0"
                    bestConformation="Conformation 41.0 -41.0 Fflrfrflrlrffrlrrfrllrlrllrfrllfrllflrffrrfllfrrffrlfflfllrrlffffrrllrfrlrrffflffffllfffrffrffrrfll"/>
        <trajectory sample="130" generation="130000"
                    bestEnergy="-35.0" averageEnergy="-30.7095" worstEnergy="-30.0"
                    bestConformation="Conformation 41.0 -41.0 Fflrfrflrlrffrlrrfrllrlrllrfrllfrllflrffrrfllfrrffrlfflfllrrlffffrrllrfrlrrffflffffllfffrffrffrrfll"/>
        <trajectory sample="131" generation="131000"
                    bestEnergy="-35.0" averageEnergy="-30.7588" worstEnergy="-30.0"
                    bestConformation="Conformation 41.0 -41.0 Fflrfrflrlrffrlrrfrllrlrllrfrllfrllflrffrrfllfrrffrlfflfllrrlffffrrllrfrlrrffflffffllfffrffrffrrfll"/>
        <trajectory sample="132" generation="132000"
                    bestEnergy="-35.0" averageEnergy="-30.8092" worstEnergy="-27.0"
                    bestConformation="Conformation 41.0 -41.0 Fflrfrflrlrffrlrrfrllrlrllrfrllfrllflrffrrfllfrrffrlfflfllrrlffffrrllrfrlrrffflffffllfffrffrffrrfll"/>
        <trajectory sample="133" generation="133000"
                    bestEnergy="-35.0" averageEnergy="-30.8586" worstEnergy="-30.0"
                    bestConformation="Conformation 41.0 -41.0 Fflrfrflrlrffrlrrfrllrlrllrfrllfrllflrffrrfllfrrffrlfflfllrrlffffrrllrfrlrrffflffffllfffrffrffrrfll"/>
        <trajectory sample="134" generation="134000"
                    bestEnergy="-35.0" averageEnergy="-30.9187" worstEnergy="-30.0"
                    bestConformation="Conformation 41.0 -41.0 Fflrfrflrlrffrlrrfrllrlrllrfrllfrllflrffrrfllfrrffrlfflfllrrlffffrrllrfrlrrffflffffllfffrffrffrrfll"/>
        <trajectory sample="135" generation="135000"
                    bestEnergy="-35.0" averageEnergy="-30.9795" worstEnergy="-30.0"
                    bestConformation="Conformation 41.0 -41.0 Fflrfrflrlrffrlrrfrllrlrllrfrllfrllflrffrrfllfrrffrlfflfllrrlffffrrllrfrlrrffflffffllfffrffrffrrfll"/>
        <trajectory sample="136" generation="136000"
                    bestEnergy="-35.0" averageEnergy="-31.0473" worstEnergy="-30.0"
                    bestConformation="Conformation 41.0 -41.0 Fflrfrflrlrffrlrrfrllrlrllrfrllfrllflrffrrfllfrrffrlfflfllrrlffffrrllrfrlrrffflffffllfffrffrffrrfll"/>
        <trajectory sample="137" generation="137000"
                    bestEnergy="-35.0" averageEnergy="-31.1067" worstEnergy="-28.0"
                    bestConformation="Conformation 41.0 -41.0 Fflrfrflrlrffrlrrfrllrlrllrfrllfrllflrffrrfllfrrffrlfflfllrrlffffrrllrfrlrrffflffffllfffrffrffrrfll"/>
        <trajectory sample="138" generation="138000"
                    bestEnergy="-35.0" averageEnergy="-31.1698" worstEnergy="-30.0"
                    bestConformation="Conformation 41.0 -41.0 Fflrfrflrlrffrlrrfrllrlrllrfrllfrllflrffrrfllfrrffrlfflfllrrlffffrrllrfrlrrffflffffllfffrffrffrrfll"/>
        <trajectory sample="139" generation="139000"
                    bestEnergy="-35.0" averageEnergy="-31.2384" worstEnergy="-25.0"
                    bestConformation="Conformation 41.0 -41.0 Fflrfrflrlrffrlrrfrllrlrllrfrllfrllflrffrrfllfrrffrlfflfllrrlffffrrllrfrlrrffflffffllfffrffrffrrfll"/>
        <trajectory sample="140" generation="140000"
                    bestEnergy="-35.0" averageEnergy="-31.3133" worstEnergy="-30.0"
                    bestConformation="Conformation 41.0 -41.0 Fflrfrflrlrffrlrrfrllrlrllrfrllfrllflrffrrfllfrrffrlfflfllrrlffffrrllrfrlrrffflffffllfffrffrffrrfll"/>
        <trajectory sample="141" generation="141000"
                    bestEnergy="-35.0" averageEnergy="-31.3924" worstEnergy="-30.0"
                    bestConformation="Conformation 41.0 -41.0 Fflrfrflrlrffrlrrfrllrlrllrfrllfrllflrffrrfllfrrffrlfflfllrrlffffrrllrfrlrrffflffffllfffrffrffrrfll"/>
        <trajectory sample="142" generation="142000"
                    bestEnergy="-35.0" averageEnergy="-31.4719" worstEnergy="-31.0"
                    bestConformation="Conformation 41.0 -41.0 Fflrfrflrlrffrlrrfrllrlrllrfrllfrllflrffrrfllfrrffrlfflfllrrlffffrrllrfrlrrffflffffllfffrffrffrrfll"/>
        <trajectory sample="143" generation="143000"
                    bestEnergy="-35.0" averageEnergy="-31.5075" worstEnergy="-31.0"
                    bestConformation="Conformation 41.0 -41.0 Fflrfrflrlrffrlrrfrllrlrllrfrllfrllflrffrrfllfrrffrlfflfllrrlffffrrllrfrlrrffflffffllfffrffrffrrfll"/>
        <trajectory sample="144" generation="144000"
                    bestEnergy="-35.0" averageEnergy="-31.5435" worstEnergy="-30.0"
                    bestConformation="Conformation 41.0 -41.0 Fflrfrflrlrffrlrrfrllrlrllrfrllfrllflrffrrfllfrrffrlfflfllrrlffffrrllrfrlrrffflffffllfffrffrffrrfll"/>
        <trajectory sample="145" generation="145000"
                    bestEnergy="-36.0" averageEnergy="-31.5792" worstEnergy="-31.0"
                    bestConformation="Conformation 41.0 -41.0 Flllflflrlrffrlrrfrllrlrllrrlflfrllflrffrrfllfrrffrlfflfllrrlfffrlfrrlfrlrrffflffffllfffrffrffrrfll"/>
        <trajectory sample="146" generation="146000"
                    bestEnergy="-36.0" averageEnergy="-31.621" worstEnergy="-31.0"
                    bestConformation="Conformation 41.0 -41.0 Flllflflrlrffrlrrfrllrlrllrrlflfrllflrffrrfllfrrffrlfflfllrrlfffrlfrrlfrlrrffflffffllfffrffrffrrfll"/>
        <trajectory sample="147" generation="147000"
                    bestEnergy="-36.0" averageEnergy="-31.6661" worstEnergy="-29.0"
                    bestConformation="Conformation 41.0 -41.0 Flllflflrlrffrlrrfrllrlrllrrlflfrllflrffrrfllfrrffrlfflfllrrlfffrlfrrlfrlrrffflffffllfffrffrffrrfll"/>
        <trajectory sample="148" generation="148000"
                    bestEnergy="-36.0" averageEnergy="-31.7105" worstEnergy="-31.0"
                    bestConformation="Conformation 41.0 -41.0 Flllflflrlrffrlrrfrllrlrllrrlflfrllflrffrrfllfrrffrlfflfllrrlfffrlfrrlfrlrrffflffffllfffrffrffrrfll"/>
        <trajectory sample="149" generation="149000"
                    bestEnergy="-36.0" averageEnergy="-31.7568" worstEnergy="-29.0"
                    bestConformation="Conformation 41.0 -41.0 Flllflflrlrffrlrrfrllrlrllrrlflfrllflrffrrfllfrrffrlfflfllrrlfffrlfrrlfrlrrffflffffllfffrffrffrrfll"/>
        <trajectory sample="150" generation="150000"
                    bestEnergy="-36.0" averageEnergy="-31.8103" worstEnergy="-31.0"
                    bestConformation="Conformation 41.0 -41.0 Flllflflrlrffrlrrfrllrlrllrrlflfrllflrffrrfllfrrffrlfflfllrrlfffrlfrrlfrlrrffflffffllfffrffrffrrfll"/>
        <trajectory sample="151" generation="151000"
                    bestEnergy="-36.0" averageEnergy="-31.8613" worstEnergy="-31.0"
                    bestConformation="Conformation 41.0 -41.0 Flllflflrlrffrlrrfrllrlrllrrlflfrllflrffrrfllfrrffrlfflfllrrlfffrlfrrlfrlrrffflffffllfffrffrffrrfll"/>
        <trajectory sample="152" generation="152000"
                    bestEnergy="-36.0" averageEnergy="-31.9168" worstEnergy="-29.0"
                    bestConformation="Conformation 41.0 -41.0 Flllflflrlrffrlrrfrllrlrllrrlflfrllflrffrrfllfrrffrlfflfllrrlfffrlfrrlfrlrrffflffffllfffrffrffrrfll"/>
        <trajectory sample="153" generation="153000"
                    bestEnergy="-36.0" averageEnergy="-31.9775" worstEnergy="-21.0"
                    bestConformation="Conformation 41.0 -41.0 Flllflflrlrffrlrrfrllrlrllrrlflfrllflrffrrfllfrrffrlfflfllrrlfffrlfrrlfrlrrffflffffllfffrffrffrrfll"/>
        <trajectory sample="154" generation="154000"
                    bestEnergy="-36.0" averageEnergy="-32.037" worstEnergy="-28.0"
                    bestConformation="Conformation 41.0 -41.0 Flllflflrlrffrlrrfrllrlrllrrlflfrllflrffrrfllfrrffrlfflfllrrlfffrlfrrlfrlrrffflffffllfffrffrffrrfll"/>
        <trajectory sample="155" generation="155000"
                    bestEnergy="-36.0" averageEnergy="-32.1038" worstEnergy="-25.0"
                    bestConformation="Conformation 41.0 -41.0 Flllflflrlrffrlrrfrllrlrllrrlflfrllflrffrrfllfrrffrlfflfllrrlfffrlfrrlfrlrrffflffffllfffrffrffrrfll"/>
        <trajectory sample="156" generation="156000"
                    bestEnergy="-36.0" averageEnergy="-32.1702" worstEnergy="-30.0"
                    bestConformation="Conformation 41.0 -41.0 Flllflflrlrffrlrrfrllrlrllrrlflfrllflrffrrfllfrrffrlfflfllrrlfffrlfrrlfrlrrffflffffllfffrffrffrrfll"/>
        <trajectory sample="157" generation="157000"
                    bestEnergy="-36.0" averageEnergy="-32.2419" worstEnergy="-28.0"
                    bestConformation="Conformation 41.0 -41.0 Flllflflrlrffrlrrfrllrlrllrrlflfrllflrffrrfllfrrffrlfflfllrrlfffrlfrrlfrlrrffflffffllfffrffrffrrfll"/>
        <trajectory sample="158" generation="158000"
                    bestEnergy="-36.0" averageEnergy="-32.322" worstEnergy="-31.0"
                    bestConformation="Conformation 41.0 -41.0 Flllflflrlrffrlrrfrllrlrllrrlflfrllflrffrrfllfrrffrlfflfllrrlfffrlfrrlfrlrrffflffffllfffrffrffrrfll"/>
        <trajectory sample="159" generation="159000"
                    bestEnergy="-36.0" averageEnergy="-32.3989" worstEnergy="-28.0"
                    bestConformation="Conformation 41.0 -41.0 Flllflflrlrffrlrrfrllrlrllrrlflfrllflrffrrfllfrrffrlfflfllrrlfffrlfrrlfrlrrffflffffllfffrffrffrrfll"/>
        <trajectory sample="160" generation="160000"
                    bestEnergy="-36.0" averageEnergy="-32.4467" worstEnergy="-31.0"
                    bestConformation="Conformation 41.0 -41.0 Flllflflrlrffrlrrfrllrlrllrrlflfrllflrffrrfllfrrffrlfflfllrrlfffrlfrrlfrlrrffflffffllfffrffrffrrfll"/>
        <trajectory sample="161" generation="161000"
                    bestEnergy="-36.0" averageEnergy="-32.4798" worstEnergy="-30.0"
                    bestConformation="Conformation 41.0 -41.0 Flllflflrlrffrlrrfrllrlrllrrlflfrllflrffrrfllfrrffrlfflfllrrlfffrlfrrlfrlrrffflffffllfffrffrffrrfll"/>
        <trajectory sample="162" generation="162000"
                    bestEnergy="-36.0" averageEnergy="-32.5174" worstEnergy="-30.0"
                    bestConformation="Conformation 41.0 -41.0 Flllflflrlrffrlrrfrllrlrllrrlflfrllflrffrrfllfrrffrlfflfllrrlfffrlfrrlfrlrrffflffffllfffrffrffrrfll"/>
        <trajectory sample="163" generation="163000"
                    bestEnergy="-36.0" averageEnergy="-32.553" worstEnergy="-28.0"
                    bestConformation="Conformation 41.0 -41.0 Flllflflrlrffrlrrfrllrlrllrrlflfrllflrffrrfllfrrffrlfflfllrrlfffrlfrrlfrlrrffflffffllfffrffrffrrfll"/>
        <trajectory sample="164" generation="164000"
                    bestEnergy="-36.0" averageEnergy="-32.5975" worstEnergy="-32.0"
                    bestConformation="Conformation 41.0 -41.0 Flllflflrlrffrlrrfrllrlrllrrlflfrllflrffrrfllfrrffrlfflfllrrlfffrlfrrlfrlrrffflffffllfffrffrffrrfll"/>
        <trajectory sample="165" generation="165000"
                    bestEnergy="-37.0" averageEnergy="-32.6393" worstEnergy="-28.0"
                    bestConformation="Conformation 41.0 -41.0 Ffflrlflrlrffrlrrfrllrlrllrfrllfrllflrffrrfllfrrffrlfflfllrrlfffrlfrrlfrlrrffflffffllfffrffrffrrfll"/>
        <trajectory sample="166" generation="166000"
                    bestEnergy="-37.0" averageEnergy="-32.6863" worstEnergy="-31.0"
                    bestConformation="Conformation 41.0 -41.0 Ffflrlflrlrffrlrrfrllrlrllrfrllfrllflrffrrfllfrrffrlfflfllrrlfffrlfrrlfrlrrffflffffllfffrffrffrrfll"/>
        <trajectory sample="167" generation="167000"
                    bestEnergy="-37.0" averageEnergy="-32.7318" worstEnergy="-31.0"
                    bestConformation="Conformation 41.0 -41.0 Ffflrlflrlrffrlrrfrllrlrllrfrllfrllflrffrrfllfrrffrlfflfllrrlfffrlfrrlfrlrrffflffffllfffrffrffrrfll"/>
        <trajectory sample="168" generation="168000"
                    bestEnergy="-37.0" averageEnergy="-32.7825" worstEnergy="-32.0"
                    bestConformation="Conformation 41.0 -41.0 Ffflrlflrlrffrlrrfrllrlrllrfrllfrllflrffrrfllfrrffrlfflfllrrlfffrlfrrlfrlrrffflffffllfffrffrffrrfll"/>
        <trajectory sample="169" generation="169000"
                    bestEnergy="-38.0" averageEnergy="-32.8328" worstEnergy="-28.0"
                    bestConformation="Conformation 41.0 -41.0 Fllfrfllrlrffrlrrfrllrlrllrfrllfrllflrffrrfllfrrffrlfflfllrrlfffrlfrlrrflrrlrflffffllfffrffrffrrfll"/>
        <trajectory sample="170" generation="170000"
                    bestEnergy="-38.0" averageEnergy="-32.8828" worstEnergy="-32.0"
                    bestConformation="Conformation 41.0 -41.0 Fllfrfllrlrffrlrrfrllrlrllrfrllfrllflrffrrfllfrrffrlfflfllrrlfffrlfrlrrflrrlrflffffllfffrffrffrrfll"/>
        <trajectory sample="171" generation="171000"
                    bestEnergy="-38.0" averageEnergy="-32.9379" worstEnergy="-29.0"
                    bestConformation="Conformation 41.0 -41.0 Fllfrfllrlrffrlrrfrllrlrllrfrllfrllflrffrrfllfrrffrlfflfllrrlfffrlfrlrrflrrlrflffffllfffrffrffrrfll"/>
        <trajectory sample="172" generation="172000"
                    bestEnergy="-38.0" averageEnergy="-33.0047" worstEnergy="-32.0"
                    bestConformation="Conformation 41.0 -41.0 Fllfrfllrlrffrlrrfrllrlrllrfrllfrllflrffrrfllfrrffrlfflfllrrlfffrlfrlrrflrrlrflffffllfffrffrffrrfll"/>
        <trajectory sample="173" generation="173000"
                    bestEnergy="-38.0" averageEnergy="-33.0702" worstEnergy="-27.0"
                    bestConformation="Conformation 41.0 -41.0 Fllfrfllrlrffrlrrfrllrlrllrfrllfrllflrffrrfllfrrffrlfflfllrrlfffrlfrlrrflrrlrflffffllfffrffrffrrfll"/>
        <trajectory sample="174" generation="174000"
                    bestEnergy="-38.0" averageEnergy="-33.1394" worstEnergy="-32.0"
                    bestConformation="Conformation 41.0 -41.0 Fllfrfllrlrffrlrrfrllrlrllrfrllfrllflrffrrfllfrrffrlfflfllrrlfffrlfrlrrflrrlrflffffllfffrffrffrrfll"/>
        <trajectory sample="175" generation="175000"
                    bestEnergy="-38.0" averageEnergy="-33.2075" worstEnergy="-32.0"
                    bestConformation="Conformation 41.0 -41.0 Fllfrfllrlrffrlrrfrllrlrllrfrllfrllflrffrrfllfrrffrlfflfllrrlfffrlfrlrrflrrlrflffffllfffrffrffrrfll"/>
        <trajectory sample="176" generation="176000"
                    bestEnergy="-38.0" averageEnergy="-33.2904" worstEnergy="-32.0"
                    bestConformation="Conformation 41.0 -41.0 Fllfrfllrlrffrlrrfrllrlrllrfrllfrllflrffrrfllfrrffrlfflfllrrlfffrlfrlrrflrrlrflffffllfffrffrffrrfll"/>
        <trajectory sample="177" generation="177000"
                    bestEnergy="-38.0" averageEnergy="-33.3514" worstEnergy="-30.0"
                    bestConformation="Conformation 41.0 -41.0 Fllfrfllrlrffrlrrfrllrlrllrfrllfrllflrffrrfllfrrffrlfflfllrrlfffrlfrlrrflrrlrflffffllfffrffrffrrfll"/>
        <trajectory sample="178" generation="178000"
                    bestEnergy="-38.0" averageEnergy="-33.3821" worstEnergy="-28.0"
                    bestConformation="Conformation 41.0 -41.0 Fllfrfllrlrffrlrrfrllrlrllrfrllfrllflrffrrfllfrrffrlfflfllrrlfffrlfrlrrflrrlrflffffllfffrffrffrrfll"/>
        <trajectory sample="179" generation="179000"
                    bestEnergy="-38.0" averageEnergy="-33.4172" worstEnergy="-32.0"
                    bestConformation="Conformation 41.0 -41.0 Fllfrfllrlrffrlrrfrllrlrllrfrllfrllflrffrrfllfrrffrlfflfllrrlfffrlfrlrrflrrlrflffffllfffrffrffrrfll"/>
        <trajectory sample="180" generation="180000"
                    bestEnergy="-39.0" averageEnergy="-33.4507" worstEnergy="-27.0"
                    bestConformation="Conformation 41.0 -41.0 Fflfrfllrlrffrlrrfrllrlrllrfrllfrllflrffrrfllfrrffrlfflfllrrlfffrlfrrlffrrlrfflffffllfffrffrffrrfll"/>
        <trajectory sample="181" generation="181000"
                    bestEnergy="-39.0" averageEnergy="-33.4931" worstEnergy="-32.0"
                    bestConformation="Conformation 41.0 -41.0 Fflfrfllrlrffrlrrfrllrlrllrfrllfrllflrffrrfllfrrffrlfflfllrrlfffrlfrrlffrrlrfflffffllfffrffrffrrfll"/>
        <trajectory sample="182" generation="182000"
                    bestEnergy="-39.0" averageEnergy="-33.5325" worstEnergy="-26.0"
                    bestConformation="Conformation 41.0 -41.0 Fflfrfllrlrffrlrrfrllrlrllrfrllfrllflrffrrfllfrrffrlfflfllrrlfffrlfrrlffrrlrfflffffllfffrffrffrrfll"/>
        <trajectory sample="183" generation="183000"
                    bestEnergy="-39.0" averageEnergy="-33.5721" worstEnergy="-29.0"
                    bestConformation="Conformation 41.0 -41.0 Fflfrfllrlrffrlrrfrllrlrllrfrllfrllflrffrrfllfrrffrlfflfllrrlfffrlfrrlffrrlrfflffffllfffrffrffrrfll"/>
        <trajectory sample="184" generation="184000"
                    bestEnergy="-39.0" averageEnergy="-33.619" worstEnergy="-28.0"
                    bestConformation="Conformation 41.0 -41.0 Fflfrfllrlrffrlrrfrllrlrllrfrllfrllflrffrrfllfrrffrlfflfllrrlfffrlfrrlffrrlrfflffffllfffrffrffrrfll"/>
        <trajectory sample="185" generation="185000"
                    bestEnergy="-39.0" averageEnergy="-33.6639" worstEnergy="-28.0"
                    bestConformation="Conformation 41.0 -41.0 Fflfrfllrlrffrlrrfrllrlrllrfrllfrllflrffrrfllfrrffrlfflfllrrlfffrlfrrlffrrlrfflffffllfffrffrffrrfll"/>
        <trajectory sample="186" generation="186000"
                    bestEnergy="-39.0" averageEnergy="-33.7169" worstEnergy="-33.0"
                    bestConformation="Conformation 41.0 -41.0 Fflfrfllrlrffrlrrfrllrlrllrfrllfrllflrffrrfllfrrffrlfflfllrrlfffrlfrrlffrrlrfflffffllfffrffrffrrfll"/>
        <trajectory sample="187" generation="187000"
                    bestEnergy="-39.0" averageEnergy="-33.7716" worstEnergy="-33.0"
                    bestConformation="Conformation 41.0 -41.0 Fflfrfllrlrffrlrrfrllrlrllrfrllfrllflrffrrfllfrrffrlfflfllrrlfffrlfrrlffrrlrfflffffllfffrffrffrrfll"/>
        <trajectory sample="188" generation="188000"
                    bestEnergy="-39.0" averageEnergy="-33.8238" worstEnergy="-28.0"
                    bestConformation="Conformation 41.0 -41.0 Fflfrfllrlrffrlrrfrllrlrllrfrllfrllflrffrrfllfrrffrlfflfllrrlfffrlfrrlffrrlrfflffffllfffrffrffrrfll"/>
        <trajectory sample="189" generation="189000"
                    bestEnergy="-39.0" averageEnergy="-33.887" worstEnergy="-26.0"
                    bestConformation="Conformation 41.0 -41.0 Fflfrfllrlrffrlrrfrllrlrllrfrllfrllflrffrrfllfrrffrlfflfllrrlfffrlfrrlffrrlrfflffffllfffrffrffrrfll"/>
        <trajectory sample="190" generation="190000"
                    bestEnergy="-39.0" averageEnergy="-33.9536" worstEnergy="-33.0"
                    bestConformation="Conformation 41.0 -41.0 Fflfrfllrlrffrlrrfrllrlrllrfrllfrllflrffrrfllfrrffrlfflfllrrlfffrlfrrlffrrlrfflffffllfffrffrffrrfll"/>
        <trajectory sample="191" generation="191000"
                    bestEnergy="-39.0" averageEnergy="-34.0261" worstEnergy="-24.0"
                    bestConformation="Conformation 41.0 -41.0 Fflfrfllrlrffrlrrfrllrlrllrfrllfrllflrffrrfllfrrffrlfflfllrrlfffrlfrrlffrrlrfflffffllfffrffrffrrfll"/>
        <trajectory sample="192" generation="192000"
                    bestEnergy="-39.0" averageEnergy="-34.0976" worstEnergy="-33.0"
                    bestConformation="Conformation 41.0 -41.0 Fflfrfllrlrffrlrrfrllrlrllrfrllfrllflrffrrfllfrrffrlfflfllrrlfffrlfrrlffrrlrfflffffllfffrffrffrrfll"/>
        <trajectory sample="193" generation="193000"
                    bestEnergy="-39.0" averageEnergy="-34.1749" worstEnergy="-33.0"
                    bestConformation="Conformation 41.0 -41.0 Fflfrfllrlrffrlrrfrllrlrllrfrllfrllflrffrrfllfrrffrlfflfllrrlfffrlfrrlffrrlrfflffffllfffrffrffrrfll"/>
        <trajectory sample="194" generation="194000"
                    bestEnergy="-39.0" averageEnergy="-34.2537" worstEnergy="-33.0"
                    bestConformation="Conformation 41.0 -41.0 Fflfrfllrlrffrlrrfrllrlrllrfrllfrllflrffrrfllfrrffrlfflfllrrlfffrlfrrlffrrlrfflffffllfffrffrffrrfll"/>
        <trajectory sample="195" generation="195000"
                    bestEnergy="-39.0" averageEnergy="-34.3362" worstEnergy="-28.0"
                    bestConformation="Conformation 41.0 -41.0 Fflfrfllrlrffrlrrfrllrlrllrfrllfrllflrffrrfllfrrffrlfflfllrrlfffrlfrrlffrrlrfflffffllfffrffrffrrfll"/>
        <trajectory sample="196" generation="196000"
                    bestEnergy="-39.0" averageEnergy="-34.4297" worstEnergy="-33.0"
                    bestConformation="Conformation 41.0 -41.0 Fflfrfllrlrffrlrrfrllrlrllrfrllfrllflrffrrfllfrrffrlfflfllrrlfffrlfrrlffrrlrfflffffllfffrffrffrrfll"/>
        <trajectory sample="197" generation="197000"
                    bestEnergy="-39.0" averageEnergy="-34.4946" worstEnergy="-34.0"
                    bestConformation="Conformation 41.0 -41.0 Fflfrfllrlrffrlrrfrllrlrllrfrllfrllflrffrrfllfrrffrlfflfllrrlfffrlfrrlffrrlrfflffffllfffrffrffrrfll"/>
        <trajectory sample="198" generation="198000"
                    bestEnergy="-39.0" averageEnergy="-34.5379" worstEnergy="-34.0"
                    bestConformation="Conformation 41.0 -41.0 Fflfrfllrlrffrlrrfrllrlrllrfrllfrllflrffrrfllfrrffrlfflfllrrlfffrlfrrlffrrlrfflffffllfffrffrffrrfll"/>
        <trajectory sample="199" generation="199000"
                    bestEnergy="-39.0" averageEnergy="-34.5855" worstEnergy="-28.0"
                    bestConformation="Conformation 41.0 -41.0 Fflfrfllrlrffrlrrfrllrlrllrfrllfrllflrffrrfllfrrffrlfflfllrrlfffrlfrrlffrrlrfflffffllfffrffrffrrfll"/>
        <trajectory sample="200" generation="200000"
                    bestEnergy="-39.0" averageEnergy="-34.6359" worstEnergy="-29.0"
                    bestConformation="Conformation 41.0 -41.0 Fflfrfllrlrffrlrrfrllrlrllrfrllfrllflrffrrfllfrrffrlfflfllrrlfffrlfrrlffrrlrfflffffllfffrffrffrrfll"/>
        <trajectory sample="201" generation="201000"
                    bestEnergy="-39.0" averageEnergy="-34.6909" worstEnergy="-34.0"
                    bestConformation="Conformation 41.0 -41.0 Fflfrfllrlrffrlrrfrllrlrllrfrllfrllflrffrrfllfrrffrlfflfllrrlfffrlfrrlffrrlrfflffffllfffrffrffrrfll"/>
        <trajectory sample="202" generation="202000"
                    bestEnergy="-39.0" averageEnergy="-34.7469" worstEnergy="-33.0"
                    bestConformation="Conformation 41.0 -41.0 Fflfrfllrlrffrlrrfrllrlrllrfrllfrllflrffrrfllfrrffrlfflfllrrlfffrlfrrlffrrlrfflffffllfffrffrffrrfll"/>
        <trajectory sample="203" generation="203000"
                    bestEnergy="-39.0" averageEnergy="-34.8016" worstEnergy="-34.0"
                    bestConformation="Conformation 41.0 -41.0 Fflfrfllrlrffrlrrfrllrlrllrfrllfrllflrffrrfllfrrffrlfflfllrrlfffrlfrrlffrrlrfflffffllfffrffrffrrfll"/>
        <trajectory sample="204" generation="204000"
                    bestEnergy="-39.0" averageEnergy="-34.8631" worstEnergy="-34.0"
                    bestConformation="Conformation 41.0 -41.0 Fflfrfllrlrffrlrrfrllrlrllrfrllfrllflrffrrfllfrrffrlfflfllrrlfffrlfrrlffrrlrfflffffllfffrffrffrrfll"/>
        <trajectory sample="205" generation="205000"
                    bestEnergy="-40.0" averageEnergy="-34.9283" worstEnergy="-29.0"
                    bestConformation="Conformation 41.0 -41.0 Fflrfrflrlrffrlrrfrllrlrllrfrllfrllflrffrrfllfrrffrlfflfllrrlfffrlfrrlffrrflrflffffllfffrffrffrrfll"/>
        <trajectory sample="206" generation="206000"
                    bestEnergy="-40.0" averageEnergy="-35.0025" worstEnergy="-33.0"
                    bestConformation="Conformation 41.0 -41.0 Fflrfrflrlrffrlrrfrllrlrllrfrllfrllflrffrrfllfrrffrlfflfllrrlfffrlfrrlffrrflrflffffllfffrffrffrrfll"/>
        <trajectory sample="207" generation="207000"
                    bestEnergy="-40.0" averageEnergy="-35.0825" worstEnergy="-30.0"
                    bestConformation="Conformation 41.0 -41.0 Fflrfrflrlrffrlrrfrllrlrllrfrllfrllflrffrrfllfrrffrlfflfllrrlfffrlfrrlffrrflrflffffllfffrffrffrrfll"/>
        <trajectory sample="208" generation="208000"
                    bestEnergy="-40.0" averageEnergy="-35.1632" worstEnergy="-34.0"
                    bestConformation="Conformation 41.0 -41.0 Fflrfrflrlrffrlrrfrllrlrllrfrllfrllflrffrrfllfrrffrlfflfllrrlfffrlfrrlffrrflrflffffllfffrffrffrrfll"/>
        <trajectory sample="209" generation="209000"
                    bestEnergy="-40.0" averageEnergy="-35.2511" worstEnergy="-34.0"
                    bestConformation="Conformation 41.0 -41.0 Fflrfrflrlrffrlrrfrllrlrllrfrllfrllflrffrrfllfrrffrlfflfllrrlfffrlfrrlffrrflrflffffllfffrffrffrrfll"/>
        <trajectory sample="210" generation="210000"
                    bestEnergy="-40.0" averageEnergy="-35.3409" worstEnergy="-34.0"
                    bestConformation="Conformation 41.0 -41.0 Fflrfrflrlrffrlrrfrllrlrllrfrllfrllflrffrrfllfrrffrlfflfllrrlfffrlfrrlffrrflrflffffllfffrffrffrrfll"/>
        <trajectory sample="211" generation="211000"
                    bestEnergy="-40.0" averageEnergy="-35.429" worstEnergy="-32.0"
                    bestConformation="Conformation 41.0 -41.0 Fflrfrflrlrffrlrrfrllrlrllrfrllfrllflrffrrfllfrrffrlfflfllrrlfffrlfrrlffrrflrflffffllfffrffrffrrfll"/>
        <trajectory sample="212" generation="212000"
                    bestEnergy="-40.0" averageEnergy="-35.526" worstEnergy="-34.0"
                    bestConformation="Conformation 41.0 -41.0 Fflrfrflrlrffrlrrfrllrlrllrfrllfrllflrffrrfllfrrffrlfflfllrrlfffrlfrrlffrrflrflffffllfffrffrffrrfll"/>
        <trajectory sample="213" generation="213000"
                    bestEnergy="-40.0" averageEnergy="-35.6131" worstEnergy="-35.0"
                    bestConformation="Conformation 41.0 -41.0 Fflrfrflrlrffrlrrfrllrlrllrfrllfrllflrffrrfllfrrffrlfflfllrrlfffrlfrrlffrrflrflffffllfffrffrffrrfll"/>
        <trajectory sample="214" generation="214000"
                    bestEnergy="-40.0" averageEnergy="-35.6703" worstEnergy="-31.0"
                    bestConformation="Conformation 41.0 -41.0 Fflrfrflrlrffrlrrfrllrlrllrfrllfrllflrffrrfllfrrffrlfflfllrrlfffrlfrrlffrrflrflffffllfffrffrffrrfll"/>
        <trajectory sample="215" generation="215000"
                    bestEnergy="-40.0" averageEnergy="-35.7279" worstEnergy="-34.0"
                    bestConformation="Conformation 41.0 -41.0 Fflrfrflrlrffrlrrfrllrlrllrfrllfrllflrffrrfllfrrffrlfflfllrrlfffrlfrrlffrrflrflffffllfffrffrffrrfll"/>
        <trajectory sample="216" generation="216000"
                    bestEnergy="-40.0" averageEnergy="-35.7934" worstEnergy="-30.0"
                    bestConformation="Conformation 41.0 -41.0 Fflrfrflrlrffrlrrfrllrlrllrfrllfrllflrffrrfllfrrffrlfflfllrrlfffrlfrrlffrrflrflffffllfffrffrffrrfll"/>
        <trajectory sample="217" generation="217000"
                    bestEnergy="-40.0" averageEnergy="-35.8592" worstEnergy="-35.0"
                    bestConformation="Conformation 41.0 -41.0 Fflrfrflrlrffrlrrfrllrlrllrfrllfrllflrffrrfllfrrffrlfflfllrrlfffrlfrrlffrrflrflffffllfffrffrffrrfll"/>
        <trajectory sample="218" generation="218000"
                    bestEnergy="-40.0" averageEnergy="-35.9297" worstEnergy="-30.0"
                    bestConformation="Conformation 41.0 -41.0 Fflrfrflrlrffrlrrfrllrlrllrfrllfrllflrffrrfllfrrffrlfflfllrrlfffrlfrrlffrrflrflffffllfffrffrffrrfll"/>
        <trajectory sample="219" generation="219000"
                    bestEnergy="-40.0" averageEnergy="-36.0093" worstEnergy="-34.0"
                    bestConformation="Conformation 41.0 -41.0 Fflrfrflrlrffrlrrfrllrlrllrfrllfrllflrffrrfllfrrffrlfflfllrrlfffrlfrrlffrrflrflffffllfffrffrffrrfll"/>
        <trajectory sample="220" generation="220000"
                    bestEnergy="-40.0" averageEnergy="-36.0817" worstEnergy="-30.0"
                    bestConformation="Conformation 41.0 -41.0 Fflrfrflrlrffrlrrfrllrlrllrfrllfrllflrffrrfllfrrffrlfflfllrrlfffrlfrrlffrrflrflffffllfffrffrffrrfll"/>
        <trajectory sample="221" generation="221000"
                    bestEnergy="-40.0" averageEnergy="-36.1726" worstEnergy="-31.0"
                    bestConformation="Conformation 41.0 -41.0 Fflrfrflrlrffrlrrfrllrlrllrfrllfrllflrffrrfllfrrffrlfflfllrrlfffrlfrrlffrrflrflffffllfffrffrffrrfll"/>
        <trajectory sample="222" generation="222000"
                    bestEnergy="-40.0" averageEnergy="-36.2572" worstEnergy="-35.0"
                    bestConformation="Conformation 41.0 -41.0 Fflrfrflrlrffrlrrfrllrlrllrfrllfrllflrffrrfllfrrffrlfflfllrrlfffrlfrrlffrrflrflffffllfffrffrffrrfll"/>
        <trajectory sample="223" generation="223000"
                    bestEnergy="-41.0" averageEnergy="-36.35" worstEnergy="-30.0"
                    bestConformation="Conformation 41.0 -41.0 Fflrfrflrlrffrlrrfrllrlrllrfrllfrllflrffrrfllfrrffrlfflfllrrlfffrlfrrlffrrflrflffffllfffrffrffrrfll"/>
        <trajectory sample="224" generation="224000"
                    bestEnergy="-41.0" averageEnergy="-36.4505" worstEnergy="-30.0"
                    bestConformation="Conformation 41.0 -41.0 Fflrfrflrlrffrlrrfrllrlrllrfrllfrllflrffrrfllfrrffrlfflfllrrlfffrlfrrlffrrflrflffffllfffrffrffrrfll"/>
        <trajectory sample="225" generation="225000"
                    bestEnergy="-41.0" averageEnergy="-36.5523" worstEnergy="-35.0"
                    bestConformation="Conformation 41.0 -41.0 Fflrfrflrlrffrlrrfrllrlrllrfrllfrllflrffrrfllfrrffrlfflfllrrlfffrlfrrlffrrflrflffffllfffrffrffrrfll"/>
        <trajectory sample="226" generation="226000"
                    bestEnergy="-41.0" averageEnergy="-36.6615" worstEnergy="-34.0"
                    bestConformation="Conformation 41.0 -41.0 Fflrfrflrlrffrlrrfrllrlrllrfrllfrllflrffrrfllfrrffrlfflfllrrlfffrlfrrlffrrflrflffffllfffrffrffrrfll"/>
        <trajectory sample="227" generation="227000"
                    bestEnergy="-41.0" averageEnergy="-36.7359" worstEnergy="-36.0"
                    bestConformation="Conformation 41.0 -41.0 Fflrfrflrlrffrlrrfrllrlrllrfrllfrllflrffrrfllfrrffrlfflfllrrlfffrlfrrlffrrflrflffffllfffrffrffrrfll"/>
        <trajectory sample="228" generation="228000"
                    bestEnergy="-41.0" averageEnergy="-36.8036" worstEnergy="-33.0"
                    bestConformation="Conformation 41.0 -41.0 Fflrfrflrlrffrlrrfrllrlrllrfrllfrllflrffrrfllfrrffrlfflfllrrlfffrlfrrlffrrflrflffffllfffrffrffrrfll"/>
        <trajectory sample="229" generation="229000"
                    bestEnergy="-41.0" averageEnergy="-36.8641" worstEnergy="-34.0"
                    bestConformation="Conformation 41.0 -41.0 Fflrfrflrlrffrlrrfrllrlrllrfrllfrllflrffrrfllfrrffrlfflfllrrlfffrlfrrlffrrflrflffffllfffrffrffrrfll"/>
        <trajectory sample="230" generation="230000"
                    bestEnergy="-41.0" averageEnergy="-36.9308" worstEnergy="-33.0"
                    bestConformation="Conformation 41.0 -41.0 Fflrfrflrlrffrlrrfrllrlrllrfrllfrllflrffrrfllfrrffrlfflfllrrlfffrlfrrlffrrflrflffffllfffrffrffrrfll"/>
        <trajectory sample="231" generation="231000"
                    bestEnergy="-41.0" averageEnergy="-36.9996" worstEnergy="-30.0"
                    bestConformation="Conformation 41.0 -41.0 Fflrfrflrlrffrlrrfrllrlrllrfrllfrllflrffrrfllfrrffrlfflfllrrlfffrlfrrlffrrflrflffffllfffrffrffrrfll"/>
        <trajectory sample="232" generation="232000"
                    bestEnergy="-41.0" averageEnergy="-37.0835" worstEnergy="-36.0"
                    bestConformation="Conformation 41.0 -41.0 Fflrfrflrlrffrlrrfrllrlrllrfrllfrllflrffrrfllfrrffrlfflfllrrlfffrlfrrlffrrflrflffffllfffrffrffrrfll"/>
        <trajectory sample="233" generation="233000"
                    bestEnergy="-41.0" averageEnergy="-37.1673" worstEnergy="-35.0"
                    bestConformation="Conformation 41.0 -41.0 Fflrfrflrlrffrlrrfrllrlrllrfrllfrllflrffrrfllfrrffrlfflfllrrlfffrlfrrlffrrflrflffffllfffrffrffrrfll"/>
        <trajectory sample="234" generation="234000"
                    bestEnergy="-41.0" averageEnergy="-37.2481" worstEnergy="-36.0"
                    bestConformation="Conformation 41.0 -41.0 Fflrfrflrlrffrlrrfrllrlrllrfrllfrllflrffrrfllfrrffrlfflfllrrlfffrlfrrlffrrflrflffffllfffrffrffrrfll"/>
        <trajectory sample="235" generation="235000"
                    bestEnergy="-41.0" averageEnergy="-37.3405" worstEnergy="-33.0"
                    bestConformation="Conformation 41.0 -41.0 Fflrfrflrlrffrlrrfrllrlrllrfrllfrllflrffrrfllfrrffrlfflfllrrlfffrlfrrlffrrflrflffffllfffrffrffrrfll"/>
        <trajectory sample="236" generation="236000"
                    bestEnergy="-41.0" averageEnergy="-37.4342" worstEnergy="-36.0"
                    bestConformation="Conformation 41.0 -41.0 Fflrfrflrlrffrlrrfrllrlrllrfrllfrllflrffrrfllfrrffrlfflfllrrlfffrlfrrlffrrflrflffffllfffrffrffrrfll"/>
        <trajectory sample="237" generation="237000"
                    bestEnergy="-41.0" averageEnergy="-37.5412" worstEnergy="-36.0"
                    bestConformation="Conformation 41.0 -41.0 Fflrfrflrlrffrlrrfrllrlrllrfrllfrllflrffrrfllfrrffrlfflfllrrlfffrlfrrlffrrflrflffffllfffrffrffrrfll"/>
        <trajectory sample="238" generation="238000"
                    bestEnergy="-41.0" averageEnergy="-37.642" worstEnergy="-36.0"
                    bestConformation="Conformation 41.0 -41.0 Fflrfrflrlrffrlrrfrllrlrllrfrllfrllflrffrrfllfrrffrlfflfllrrlfffrlfrrlffrrflrflffffllfffrffrffrrfll"/>
        <trajectory sample="239" generation="239000"
                    bestEnergy="-41.0" averageEnergy="-37.7488" worstEnergy="-37.0"
                    bestConformation="Conformation 41.0 -41.0 Fflrfrflrlrffrlrrfrllrlrllrfrllfrllflrffrrfllfrrffrlfflfllrrlfffrlfrrlffrrflrflffffllfffrffrffrrfll"/>
        <trajectory sample="240" generation="240000"
                    bestEnergy="-41.0" averageEnergy="-37.8044" worstEnergy="-37.0"
                    bestConformation="Conformation 41.0 -41.0 Fflrfrflrlrffrlrrfrllrlrllrfrllfrllflrffrrfllfrrffrlfflfllrrlfffrlfrrlffrrflrflffffllfffrffrffrrfll"/>
        <trajectory sample="241" generation="241000"
                    bestEnergy="-41.0" averageEnergy="-37.8646" worstEnergy="-37.0"
                    bestConformation="Conformation 41.0 -41.0 Fflrfrflrlrffrlrrfrllrlrllrfrllfrllflrffrrfllfrrffrlfflfllrrlfffrlfrrlffrrflrflffffllfffrffrffrrfll"/>
        <trajectory sample="242" generation="242000"
                    bestEnergy="-41.0" averageEnergy="-37.9258" worstEnergy="-33.0"
                    bestConformation="Conformation 41.0 -41.0 Fflrfrflrlrffrlrrfrllrlrllrfrllfrllflrffrrfllfrrffrlfflfllrrlfffrlfrrlffrrflrflffffllfffrffrffrrfll"/>
        <trajectory sample="243" generation="243000"
                    bestEnergy="-41.0" averageEnergy="-37.9903" worstEnergy="-37.0"
                    bestConformation="Conformation 41.0 -41.0 Fflrfrflrlrffrlrrfrllrlrllrfrllfrllflrffrrfllfrrffrlfflfllrrlfffrlfrrlffrrflrflffffllfffrffrffrrfll"/>
        <trajectory sample="244" generation="244000"
                    bestEnergy="-41.0" averageEnergy="-38.0544" worstEnergy="-34.0"
                    bestConformation="Conformation 41.0 -41.0 Fflrfrflrlrffrlrrfrllrlrllrfrllfrllflrffrrfllfrrffrlfflfllrrlfffrlfrrlffrrflrflffffllfffrffrffrrfll"/>
        <trajectory sample="245" generation="245000"
                    bestEnergy="-41.0" averageEnergy="-38.1259" worstEnergy="-37.0"
                    bestConformation="Conformation 41.0 -41.0 Fflrfrflrlrffrlrrfrllrlrllrfrllfrllflrffrrfllfrrffrlfflfllrrlfffrlfrrlffrrflrflffffllfffrffrffrrfll"/>
        <trajectory sample="246" generation="246000"
                    bestEnergy="-41.0" averageEnergy="-38.198" worstEnergy="-37.0"
                    bestConformation="Conformation 41.0 -41.0 Fflrfrflrlrffrlrrfrllrlrllrfrllfrllflrffrrfllfrrffrlfflfllrrlfffrlfrrlffrrflrflffffllfffrffrffrrfll"/>
        <trajectory sample="247" generation="247000"
                    bestEnergy="-41.0" averageEnergy="-38.2719" worstEnergy="-34.0"
                    bestConformation="Conformation 41.0 -41.0 Fflrfrflrlrffrlrrfrllrlrllrfrllfrllflrffrrfllfrrffrlfflfllrrlfffrlfrrlffrrflrflffffllfffrffrffrrfll"/>
        <trajectory sample="248" generation="248000"
                    bestEnergy="-41.0" averageEnergy="-38.3516" worstEnergy="-35.0"
                    bestConformation="Conformation 41.0 -41.0 Fflrfrflrlrffrlrrfrllrlrllrfrllfrllflrffrrfllfrrffrlfflfllrrlfffrlfrrlffrrflrflffffllfffrffrffrrfll"/>
        <trajectory sample="249" generation="249000"
                    bestEnergy="-41.0" averageEnergy="-38.437" worstEnergy="-37.0"
                    bestConformation="Conformation 41.0 -41.0 Fflrfrflrlrffrlrrfrllrlrllrfrllfrllflrffrrfllfrrffrlfflfllrrlfffrlfrrlffrrflrflffffllfffrffrffrrfll"/>
        <trajectory sample="250" generation="250000"
                    bestEnergy="-41.0" averageEnergy="-38.5191" worstEnergy="-37.0"
                    bestConformation="Conformation 41.0 -41.0 Fflrfrflrlrffrlrrfrllrlrllrfrllfrllflrffrrfllfrrffrlfflfllrrlfffrlfrrlffrrflrflffffllfffrffrffrrfll"/>
        <trajectory sample="251" generation="251000"
                    bestEnergy="-41.0" averageEnergy="-38.5592" worstEnergy="-33.0"
                    bestConformation="Conformation 41.0 -41.0 Fflrfrflrlrffrlrrfrllrlrllrfrllfrllflrffrrfllfrrffrlfflfllrrlfffrlfrrlffrrflrflffffllfffrffrffrrfll"/>
        <trajectory sample="252" generation="252000"
                    bestEnergy="-41.0" averageEnergy="-38.598" worstEnergy="-38.0"
                    bestConformation="Conformation 41.0 -41.0 Fflrfrflrlrffrlrrfrllrlrllrfrllfrllflrffrrfllfrrffrlfflfllrrlfffrlfrrlffrrflrflffffllfffrffrffrrfll"/>
        <trajectory sample="253" generation="253000"
                    bestEnergy="-41.0" averageEnergy="-38.6341" worstEnergy="-36.0"
                    bestConformation="Conformation 41.0 -41.0 Fflrfrflrlrffrlrrfrllrlrllrfrllfrllflrffrrfllfrrffrlfflfllrrlfffrlfrrlffrrflrflffffllfffrffrffrrfll"/>
        <trajectory sample="254" generation="254000"
                    bestEnergy="-41.0" averageEnergy="-38.6778" worstEnergy="-36.0"
                    bestConformation="Conformation 41.0 -41.0 Fflrfrflrlrffrlrrfrllrlrllrfrllfrllflrffrrfllfrrffrlfflfllrrlfffrlfrrlffrrflrflffffllfffrffrffrrfll"/>
        <trajectory sample="255" generation="255000"
                    bestEnergy="-41.0" averageEnergy="-38.724" worstEnergy="-36.0"
                    bestConformation="Conformation 41.0 -41.0 Fflrfrflrlrffrlrrfrllrlrllrfrllfrllflrffrrfllfrrffrlfflfllrrlfffrlfrrlffrrflrflffffllfffrffrffrrfll"/>
        <trajectory sample="256" generation="256000"
                    bestEnergy="-41.0" averageEnergy="-38.7727" worstEnergy="-38.0"
                    bestConformation="Conformation 41.0 -41.0 Fflrfrflrlrffrlrrfrllrlrllrfrllfrllflrffrrfllfrrffrlfflfllrrlfffrlfrrlffrrflrflffffllfffrffrffrrfll"/>
        <trajectory sample="257" generation="257000"
                    bestEnergy="-41.0" averageEnergy="-38.8278" worstEnergy="-37.0"
                    bestConformation="Conformation 41.0 -41.0 Fflrfrflrlrffrlrrfrllrlrllrfrllfrllflrffrrfllfrrffrlfflfllrrlfffrlfrrlffrrflrflffffllfffrffrffrrfll"/>
        <trajectory sample="258" generation="258000"
                    bestEnergy="-41.0" averageEnergy="-38.8825" worstEnergy="-38.0"
                    bestConformation="Conformation 41.0 -41.0 Fflrfrflrlrffrlrrfrllrlrllrfrllfrllflrffrrfllfrrffrlfflfllrrlfffrlfrrlffrrflrflffffllfffrffrffrrfll"/>
        <trajectory sample="259" generation="259000"
                    bestEnergy="-41.0" averageEnergy="-38.9341" worstEnergy="-32.0"
                    bestConformation="Conformation 41.0 -41.0 Fflrfrflrlrffrlrrfrllrlrllrfrllfrllflrffrrfllfrrffrlfflfllrrlfffrlfrrlffrrflrflffffllfffrffrffrrfll"/>
        <trajectory sample="260" generation="260000"
                    bestEnergy="-41.0" averageEnergy="-38.9938" worstEnergy="-38.0"
                    bestConformation="Conformation 41.0 -41.0 Fflrfrflrlrffrlrrfrllrlrllrfrllfrllflrffrrfllfrrffrlfflfllrrlfffrlfrrlffrrflrflffffllfffrffrffrrfll"/>
        <trajectory sample="261" generation="261000"
                    bestEnergy="-41.0" averageEnergy="-39.0557" worstEnergy="-38.0"
                    bestConformation="Conformation 41.0 -41.0 Fflrfrflrlrffrlrrfrllrlrllrfrllfrllflrffrrfllfrrffrlfflfllrrlfffrlfrrlffrrflrflffffllfffrffrffrrfll"/>
        <trajectory sample="262" generation="262000"
                    bestEnergy="-41.0" averageEnergy="-39.1173" worstEnergy="-30.0"
                    bestConformation="Conformation 41.0 -41.0 Fflrfrflrlrffrlrrfrllrlrllrfrllfrllflrffrrfllfrrffrlfflfllrrlfffrlfrrlffrrflrflffffllfffrffrffrrfll"/>
        <trajectory sample="263" generation="263000"
                    bestEnergy="-41.0" averageEnergy="-39.1866" worstEnergy="-38.0"
                    bestConformation="Conformation 41.0 -41.0 Fflrfrflrlrffrlrrfrllrlrllrfrllfrllflrffrrfllfrrffrlfflfllrrlfffrlfrrlffrrflrflffffllfffrffrffrrfll"/>
        <trajectory sample="264" generation="264000"
                    bestEnergy="-41.0" averageEnergy="-39.26" worstEnergy="-35.0"
                    bestConformation="Conformation 41.0 -41.0 Fflrfrflrlrffrlrrfrllrlrllrfrllfrllflrffrrfllfrrffrlfflfllrrlfffrlfrrlffrrflrflffffllfffrffrffrrfll"/>
        <trajectory sample="265" generation="265000"
                    bestEnergy="-41.0" averageEnergy="-39.3318" worstEnergy="-39.0"
                    bestConformation="Conformation 41.0 -41.0 Fflrfrflrlrffrlrrfrllrlrllrfrllfrllflrffrrfllfrrffrlfflfllrrlfffrlfrrlffrrflrflffffllfffrffrffrrfll"/>
        <trajectory sample="266" generation="266000"
                    bestEnergy="-41.0" averageEnergy="-39.3586" worstEnergy="-39.0"
                    bestConformation="Conformation 41.0 -41.0 Fflrfrflrlrffrlrrfrllrlrllrfrllfrllflrffrrfllfrrffrlfflfllrrlfffrlfrrlffrrflrflffffllfffrffrffrrfll"/>
        <trajectory sample="267" generation="267000"
                    bestEnergy="-41.0" averageEnergy="-39.3865" worstEnergy="-35.0"
                    bestConformation="Conformation 41.0 -41.0 Fflrfrflrlrffrlrrfrllrlrllrfrllfrllflrffrrfllfrrffrlfflfllrrlfffrlfrrlffrrflrflffffllfffrffrffrrfll"/>
        <trajectory sample="268" generation="268000"
                    bestEnergy="-41.0" averageEnergy="-39.4168" worstEnergy="-39.0"
                    bestConformation="Conformation 41.0 -41.0 Fflrfrflrlrffrlrrfrllrlrllrfrllfrllflrffrrfllfrrffrlfflfllrrlfffrlfrrlffrrflrflffffllfffrffrffrrfll"/>
        <trajectory sample="269" generation="269000"
                    bestEnergy="-41.0" averageEnergy="-39.4491" worstEnergy="-39.0"
                    bestConformation="Conformation 41.0 -41.0 Fflrfrflrlrffrlrrfrllrlrllrfrllfrllflrffrrfllfrrffrlfflfllrrlfffrlfrrlffrrflrflffffllfffrffrffrrfll"/>
        <trajectory sample="270" generation="270000"
                    bestEnergy="-41.0" averageEnergy="-39.483" worstEnergy="-39.0"
                    bestConformation="Conformation 41.0 -41.0 Fflrfrflrlrffrlrrfrllrlrllrfrllfrllflrffrrfllfrrffrlfflfllrrlfffrlfrrlffrrflrflffffllfffrffrffrrfll"/>
        <trajectory sample="271" generation="271000"
                    bestEnergy="-41.0" averageEnergy="-39.5184" worstEnergy="-35.0"
                    bestConformation="Conformation 41.0 -41.0 Fflrfrflrlrffrlrrfrllrlrllrfrllfrllflrffrrfllfrrffrlfflfllrrlfffrlfrrlffrrflrflffffllfffrffrffrrfll"/>
        <trajectory sample="272" generation="272000"
                    bestEnergy="-41.0" averageEnergy="-39.5534" worstEnergy="-36.0"
                    bestConformation="Conformation 41.0 -41.0 Fflrfrflrlrffrlrrfrllrlrllrfrllfrllflrffrrfllfrrffrlfflfllrrlfffrlfrrlffrrflrflffffllfffrffrffrrfll"/>
        <trajectory sample="273" generation="273000"
                    bestEnergy="-41.0" averageEnergy="-39.5882" worstEnergy="-36.0"
                    bestConformation="Conformation 41.0 -41.0 Fflrfrflrlrffrlrrfrllrlrllrfrllfrllflrffrrfllfrrffrlfflfllrrlfffrlfrrlffrrflrflffffllfffrffrffrrfll"/>
        <trajectory sample="274" generation="274000"
                    bestEnergy="-41.0" averageEnergy="-39.6254" worstEnergy="-39.0"
                    bestConformation="Conformation 41.0 -41.0 Fflrfrflrlrffrlrrfrllrlrllrfrllfrllflrffrrfllfrrffrlfflfllrrlfffrlfrrlffrrflrflffffllfffrffrffrrfll"/>
        <trajectory sample="275" generation="275000"
                    bestEnergy="-41.0" averageEnergy="-39.664" worstEnergy="-39.0"
                    bestConformation="Conformation 41.0 -41.0 Fflrfrflrlrffrlrrfrllrlrllrfrllfrllflrffrrfllfrrffrlfflfllrrlfffrlfrrlffrrflrflffffllfffrffrffrrfll"/>
        <trajectory sample="276" generation="276000"
                    bestEnergy="-41.0" averageEnergy="-39.708" worstEnergy="-39.0"
                    bestConformation="Conformation 41.0 -41.0 Fflrfrflrlrffrlrrfrllrlrllrfrllfrllflrffrrfllfrrffrlfflfllrrlfffrlfrrlffrrflrflffffllfffrffrffrrfll"/>
        <trajectory sample="277" generation="277000"
                    bestEnergy="-41.0" averageEnergy="-39.7504" worstEnergy="-39.0"
                    bestConformation="Conformation 41.0 -41.0 Fflrfrflrlrffrlrrfrllrlrllrfrllfrllflrffrrfllfrrffrlfflfllrrlfffrlfrrlffrrflrflffffllfffrffrffrrfll"/>
        <trajectory sample="278" generation="278000"
                    bestEnergy="-41.0" averageEnergy="-39.7948" worstEnergy="-39.0"
                    bestConformation="Conformation 41.0 -41.0 Fflrfrflrlrffrlrrfrllrlrllrfrllfrllflrffrrfllfrrffrlfflfllrrlfffrlfrrlffrrflrflffffllfffrffrffrrfll"/>
        <trajectory sample="279" generation="279000"
                    bestEnergy="-41.0" averageEnergy="-39.8397" worstEnergy="-36.0"
                    bestConformation="Conformation 41.0 -41.0 Fflrfrflrlrffrlrrfrllrlrllrfrllfrllflrffrrfllfrrffrlfflfllrrlfffrlfrrlffrrflrflffffllfffrffrffrrfll"/>
        <trajectory sample="280" generation="280000"
                    bestEnergy="-41.0" averageEnergy="-39.8897" worstEnergy="-34.0"
                    bestConformation="Conformation 41.0 -41.0 Fflrfrflrlrffrlrrfrllrlrllrfrllfrllflrffrrfllfrrffrlfflfllrrlfffrlfrrlffrrflrflffffllfffrffrffrrfll"/>
        <trajectory sample="281" generation="281000"
                    bestEnergy="-41.0" averageEnergy="-39.939" worstEnergy="-39.0"
                    bestConformation="Conformation 41.0 -41.0 Fflrfrflrlrffrlrrfrllrlrllrfrllfrllflrffrrfllfrrffrlfflfllrrlfffrlfrrlffrrflrflffffllfffrffrffrrfll"/>
        <trajectory sample="282" generation="282000"
                    bestEnergy="-41.0" averageEnergy="-39.9911" worstEnergy="-35.0"
                    bestConformation="Conformation 41.0 -41.0 Fflrfrflrlrffrlrrfrllrlrllrfrllfrllflrffrrfllfrrffrlfflfllrrlfffrlfrrlffrrflrflffffllfffrffrffrrfll"/>
        <trajectory sample="283" generation="283000"
                    bestEnergy="-41.0" averageEnergy="-40.0477" worstEnergy="-39.0"
                    bestConformation="Conformation 41.0 -41.0 Fflrfrflrlrffrlrrfrllrlrllrfrllfrllflrffrrfllfrrffrlfflfllrrlfffrlfrrlffrrflrflffffllfffrffrffrrfll"/>
        <trajectory sample="284" generation="284000"
                    bestEnergy="-41.0" averageEnergy="-40.102" worstEnergy="-36.0"
                    bestConformation="Conformation 41.0 -41.0 Fflrfrflrlrffrlrrfrllrlrllrfrllfrllflrffrrfllfrrffrlfflfllrrlfffrlfrrlffrrflrflffffllfffrffrffrrfll"/>
        <trajectory sample="285" generation="285000"
                    bestEnergy="-41.0" averageEnergy="-40.1129" worstEnergy="-40.0"
                    bestConformation="Conformation 41.0 -41.0 Fflrfrflrlrffrlrrfrllrlrllrfrllfrllflrffrrfllfrrffrlfflfllrrlfffrlfrrlffrrflrflffffllfffrffrffrrfll"/>
        <trajectory sample="286" generation="286000"
                    bestEnergy="-41.0" averageEnergy="-40.1248" worstEnergy="-40.0"
                    bestConformation="Conformation 41.0 -41.0 Fflrfrflrlrffrlrrfrllrlrllrfrllfrllflrffrrfllfrrffrlfflfllrrlfffrlfrrlffrrflrflffffllfffrffrffrrfll"/>
        <trajectory sample="287" generation="287000"
                    bestEnergy="-41.0" averageEnergy="-40.1359" worstEnergy="-35.0"
                    bestConformation="Conformation 41.0 -41.0 Fflrfrflrlrffrlrrfrllrlrllrfrllfrllflrffrrfllfrrffrlfflfllrrlfffrlfrrlffrrflrflffffllfffrffrffrrfll"/>
        <trajectory sample="288" generation="288000"
                    bestEnergy="-41.0" averageEnergy="-40.1482" worstEnergy="-40.0"
                    bestConformation="Conformation 41.0 -41.0 Fflrfrflrlrffrlrrfrllrlrllrfrllfrllflrffrrfllfrrffrlfflfllrrlfffrlfrrlffrrflrflffffllfffrffrffrrfll"/>
        <trajectory sample="289" generation="289000"
                    bestEnergy="-41.0" averageEnergy="-40.1623" worstEnergy="-37.0"
                    bestConformation="Conformation 41.0 -41.0 Fflrfrflrlrffrlrrfrllrlrllrfrllfrllflrffrrfllfrrffrlfflfllrrlfffrlfrrlffrrflrflffffllfffrffrffrrfll"/>
        <trajectory sample="290" generation="290000"
                    bestEnergy="-41.0" averageEnergy="-40.1762" worstEnergy="-33.0"
                    bestConformation="Conformation 41.0 -41.0 Fflrfrflrlrffrlrrfrllrlrllrfrllfrllflrffrrfllfrrffrlfflfllrrlfffrlfrrlffrrflrflffffllfffrffrffrrfll"/>
        <trajectory sample="291" generation="291000"
                    bestEnergy="-41.0" averageEnergy="-40.1934" worstEnergy="-39.0"
                    bestConformation="Conformation 41.0 -41.0 Fflrfrflrlrffrlrrfrllrlrllrfrllfrllflrffrrfllfrrffrlfflfllrrlfffrlfrrlffrrflrflffffllfffrffrffrrfll"/>
        <trajectory sample="292" generation="292000"
                    bestEnergy="-41.0" averageEnergy="-40.2099" worstEnergy="-40.0"
                    bestConformation="Conformation 41.0 -41.0 Fflrfrflrlrffrlrrfrllrlrllrfrllfrllflrffrrfllfrrffrlfflfllrrlfffrlfrrlffrrflrflffffllfffrffrffrrfll"/>
        <trajectory sample="293" generation="293000"
                    bestEnergy="-41.0" averageEnergy="-40.2298" worstEnergy="-37.0"
                    bestConformation="Conformation 41.0 -41.0 Fflrfrflrlrffrlrrfrllrlrllrfrllfrllflrffrrfllfrrffrlfflfllrrlfffrlfrrlffrrflrflffffllfffrffrffrrfll"/>
        <trajectory sample="294" generation="294000"
                    bestEnergy="-41.0" averageEnergy="-40.247" worstEnergy="-38.0"
                    bestConformation="Conformation 41.0 -41.0 Fflrfrflrlrffrlrrfrllrlrllrfrllfrllflrffrrfllfrrffrlfflfllrrlfffrlfrrlffrrflrflffffllfffrffrffrrfll"/>
        <trajectory sample="295" generation="295000"
                    bestEnergy="-41.0" averageEnergy="-40.2671" worstEnergy="-40.0"
                    bestConformation="Conformation 41.0 -41.0 Fflrfrflrlrffrlrrfrllrlrllrfrllfrllflrffrrfllfrrffrlfflfllrrlfffrlfrrlffrrflrflffffllfffrffrffrrfll"/>
        <trajectory sample="296" generation="296000"
                    bestEnergy="-41.0" averageEnergy="-40.2865" worstEnergy="-38.0"
                    bestConformation="Conformation 41.0 -41.0 Fflrfrflrlrffrlrrfrllrlrllrfrllfrllflrffrrfllfrrffrlfflfllrrlfffrlfrrlffrrflrflffffllfffrffrffrrfll"/>
        <trajectory sample="297" generation="297000"
                    bestEnergy="-41.0" averageEnergy="-40.3087" worstEnergy="-37.0"
                    bestConformation="Conformation 41.0 -41.0 Fflrfrflrlrffrlrrfrllrlrllrfrllfrllflrffrrfllfrrffrlfflfllrrlfffrlfrrlffrrflrflffffllfffrffrffrrfll"/>
        <trajectory sample="298" generation="298000"
                    bestEnergy="-41.0" averageEnergy="-40.3341" worstEnergy="-36.0"
                    bestConformation="Conformation 41.0 -41.0 Fflrfrflrlrffrlrrfrllrlrllrfrllfrllflrffrrfllfrrffrlfflfllrrlfffrlfrrlffrrflrflffffllfffrffrffrrfll"/>
        <trajectory sample="299" generation="299000"
                    bestEnergy="-41.0" averageEnergy="-40.3575" worstEnergy="-40.0"
                    bestConformation="Conformation 41.0 -41.0 Fflrfrflrlrffrlrrfrllrlrllrfrllfrllflrffrrfllfrrffrlfflfllrrlfffrlfrrlffrrflrflffffllfffrffrffrrfll"/>
        <trajectory sample="300" generation="300000"
                    bestEnergy="-41.0" averageEnergy="-40.385" worstEnergy="-33.0"
                    bestConformation="Conformation 41.0 -41.0 Fflrfrflrlrffrlrrfrllrlrllrfrllfrllflrffrrfllfrrffrlfflfllrrlfffrlfrrlffrrflrflffffllfffrffrffrrfll"/>
        <trajectory sample="301" generation="301000"
                    bestEnergy="-41.0" averageEnergy="-40.4106" worstEnergy="-33.0"
                    bestConformation="Conformation 41.0 -41.0 Fflrfrflrlrffrlrrfrllrlrllrfrllfrllflrffrrfllfrrffrlfflfllrrlfffrlfrrlffrrflrflffffllfffrffrffrrfll"/>
        <trajectory sample="302" generation="302000"
                    bestEnergy="-41.0" averageEnergy="-40.4407" worstEnergy="-40.0"
                    bestConformation="Conformation 41.0 -41.0 Fflrfrflrlrffrlrrfrllrlrllrfrllfrllflrffrrfllfrrffrlfflfllrrlfffrlfrrlffrrflrflffffllfffrffrffrrfll"/>
        <trajectory sample="303" generation="303000"
                    bestEnergy="-41.0" averageEnergy="-40.4693" worstEnergy="-37.0"
                    bestConformation="Conformation 41.0 -41.0 Fflrfrflrlrffrlrrfrllrlrllrfrllfrllflrffrrfllfrrffrlfflfllrrlfffrlfrrlffrrflrflffffllfffrffrffrrfll"/>
        <trajectory sample="304" generation="304000"
                    bestEnergy="-41.0" averageEnergy="-40.4999" worstEnergy="-33.0"
                    bestConformation="Conformation 41.0 -41.0 Fflrfrflrlrffrlrrfrllrlrllrfrllfrllflrffrrfllfrrffrlfflfllrrlfffrlfrrlffrrflrflffffllfffrffrffrrfll"/>
        <trajectory sample="305" generation="305000"
                    bestEnergy="-41.0" averageEnergy="-40.536" worstEnergy="-37.0"
                    bestConformation="Conformation 41.0 -41.0 Fflrfrflrlrffrlrrfrllrlrllrfrllfrllflrffrrfllfrrffrlfflfllrrlfffrlfrrlffrrflrflffffllfffrffrffrrfll"/>
        <trajectory sample="306" generation="306000"
                    bestEnergy="-41.0" averageEnergy="-40.5728" worstEnergy="-38.0"
                    bestConformation="Conformation 41.0 -41.0 Fflrfrflrlrffrlrrfrllrlrllrfrllfrllflrffrrfllfrrffrlfflfllrrlfffrlfrrlffrrflrflffffllfffrffrffrrfll"/>
        <trajectory sample="307" generation="307000"
                    bestEnergy="-41.0" averageEnergy="-40.6097" worstEnergy="-40.0"
                    bestConformation="Conformation 41.0 -41.0 Fflrfrflrlrffrlrrfrllrlrllrfrllfrllflrffrrfllfrrffrlfflfllrrlfffrlfrrlffrrflrflffffllfffrffrffrrfll"/>
        <trajectory sample="308" generation="308000"
                    bestEnergy="-41.0" averageEnergy="-40.6441" worstEnergy="-34.0"
                    bestConformation="Conformation 41.0 -41.0 Fflrfrflrlrffrlrrfrllrlrllrfrllfrllflrffrrfllfrrffrlfflfllrrlfffrlfrrlffrrflrflffffllfffrffrffrrfll"/>
        <trajectory sample="309" generation="309000"
                    bestEnergy="-41.0" averageEnergy="-40.6809" worstEnergy="-40.0"
                    bestConformation="Conformation 41.0 -41.0 Fflrfrflrlrffrlrrfrllrlrllrfrllfrllflrffrrfllfrrffrlfflfllrrlfffrlfrrlffrrflrflffffllfffrffrffrrfll"/>
        <trajectory sample="310" generation="310000"
                    bestEnergy="-41.0" averageEnergy="-40.7197" worstEnergy="-40.0"
                    bestConformation="Conformation 41.0 -41.0 Fflrfrflrlrffrlrrfrllrlrllrfrllfrllflrffrrfllfrrffrlfflfllrrlfffrlfrrlffrrflrflffffllfffrffrffrrfll"/>
        <trajectory sample="311" generation="311000"
                    bestEnergy="-41.0" averageEnergy="-40.761" worstEnergy="-37.0"
                    bestConformation="Conformation 41.0 -41.0 Fflrfrflrlrffrlrrfrllrlrllrfrllfrllflrffrrfllfrrffrlfflfllrrlfffrlfrrlffrrflrflffffllfffrffrffrrfll"/>
        <trajectory sample="312" generation="312000"
                    bestEnergy="-41.0" averageEnergy="-40.805" worstEnergy="-33.0"
                    bestConformation="Conformation 41.0 -41.0 Fflrfrflrlrffrlrrfrllrlrllrfrllfrllflrffrrfllfrrffrlfflfllrrlfffrlfrrlffrrflrflffffllfffrffrffrrfll"/>
        <trajectory sample="313" generation="313000"
                    bestEnergy="-41.0" averageEnergy="-40.8489" worstEnergy="-40.0"
                    bestConformation="Conformation 41.0 -41.0 Fflrfrflrlrffrlrrfrllrlrllrfrllfrllflrffrrfllfrrffrlfflfllrrlfffrlfrrlffrrflrflffffllfffrffrffrrfll"/>
        <trajectory sample="314" generation="314000"
                    bestEnergy="-41.0" averageEnergy="-40.898" worstEnergy="-40.0"
                    bestConformation="Conformation 41.0 -41.0 Fflrfrflrlrffrlrrfrllrlrllrfrllfrllflrffrrfllfrrffrlfflfllrrlfffrlfrrlffrrflrflffffllfffrffrffrrfll"/>
        <trajectory sample="315" generation="315000"
                    bestEnergy="-41.0" averageEnergy="-40.942" worstEnergy="-33.0"
                    bestConformation="Conformation 41.0 -41.0 Fflrfrflrlrffrlrrfrllrlrllrfrllfrllflrffrrfllfrrffrlfflfllrrlfffrlfrrlffrrflrflffffllfffrffrffrrfll"/>
        <trajectory sample="316" generation="316000"
                    bestEnergy="-41.0" averageEnergy="-40.9921" worstEnergy="-34.0"
                    bestConformation="Conformation 41.0 -41.0 Fflrfrflrlrffrlrrfrllrlrllrfrllfrllflrffrrfllfrrffrlfflfllrrlfffrlfrrlffrrflrflffffllfffrffrffrrfll"/>
        <trajectory sample="317" generation="317000"
                    bestEnergy="-41.0" averageEnergy="-41.0" worstEnergy="-41.0"
                    bestConformation="Conformation 41.0 -41.0 Fflrfrflrlrffrlrrfrllrlrllrfrllfrllflrffrrfllfrrffrlfflfllrrlfffrlfrrlffrrflrflffffllfffrffrffrrfll"/>
        <trajectory sample="318" generation="318000"
                    bestEnergy="-41.0" averageEnergy="-40.9999" worstEnergy="-40.0"
                    bestConformation="Conformation 41.0 -41.0 Fflrfrflrlrffrlrrfrllrlrllrfrllfrllflrffrrfllfrrffrlfflfllrrlfffrlfrrlffrrflrflffffllfffrffrffrrfll"/>
        <trajectory sample="319" generation="319000"
                    bestEnergy="-41.0" averageEnergy="-40.9994" worstEnergy="-35.0"
                    bestConformation="Conformation 41.0 -41.0 Fflrfrflrlrffrlrrfrllrlrllrfrllfrllflrffrrfllfrrffrlfflfllrrlfffrlfrrlffrrflrflffffllfffrffrffrrfll"/>
        <trajectory sample="320" generation="320000"
                    bestEnergy="-41.0" averageEnergy="-41.0" worstEnergy="-41.0"
                    bestConformation="Conformation 41.0 -41.0 Fflrfrflrlrffrlrrfrllrlrllrfrllfrllflrffrrfllfrrffrlfflfllrrlfffrlfrrlffrrflrflffffllfffrffrffrrfll"/>
        <trajectory sample="321" generation="321000"
                    bestEnergy="-41.0" averageEnergy="-41.0" worstEnergy="-41.0"
                    bestConformation="Conformation 41.0 -41.0 Fflrfrflrlrffrlrrfrllrlrllrfrllfrllflrffrrfllfrrffrlfflfllrrlfffrlfrrlffrrflrflffffllfffrffrffrrfll"/>
        <trajectory sample="322" generation="322000"
                    bestEnergy="-41.0" averageEnergy="-40.9992" worstEnergy="-33.0"
                    bestConformation="Conformation 41.0 -41.0 Fflrfrflrlrffrlrrfrllrlrllrfrllfrllflrffrrfllfrrffrlfflfllrrlfffrlfrrlffrrflrflffffllfffrffrffrrfll"/>
        <trajectory sample="323" generation="323000"
                    bestEnergy="-41.0" averageEnergy="-41.0" worstEnergy="-41.0"
                    bestConformation="Conformation 41.0 -41.0 Fflrfrflrlrffrlrrfrllrlrllrfrllfrllflrffrrfllfrrffrlfflfllrrlfffrlfrrlffrrflrflffffllfffrffrffrrfll"/>
        <trajectory sample="324" generation="324000"
                    bestEnergy="-41.0" averageEnergy="-41.0" worstEnergy="-41.0"
                    bestConformation="Conformation 41.0 -41.0 Fflrfrflrlrffrlrrfrllrlrllrfrllfrllflrffrrfllfrrffrlfflfllrrlfffrlfrrlffrrflrflffffllfffrffrffrrfll"/>
        <trajectory sample="325" generation="325000"
                    bestEnergy="-41.0" averageEnergy="-40.9992" worstEnergy="-33.0"
                    bestConformation="Conformation 41.0 -41.0 Fflrfrflrlrffrlrrfrllrlrllrfrllfrllflrffrrfllfrrffrlfflfllrrlfffrlfrrlffrrflrflffffllfffrffrffrrfll"/>
        <trajectory sample="326" generation="326000"
                    bestEnergy="-41.0" averageEnergy="-40.9993" worstEnergy="-34.0"
                    bestConformation="Conformation 41.0 -41.0 Fflrfrflrlrffrlrrfrllrlrllrfrllfrllflrffrrfllfrrffrlfflfllrrlfffrlfrrlffrrflrflffffllfffrffrffrrfll"/>
        <trajectory sample="327" generation="327000"
                    bestEnergy="-41.0" averageEnergy="-40.9997" worstEnergy="-38.0"
                    bestConformation="Conformation 41.0 -41.0 Fflrfrflrlrffrlrrfrllrlrllrfrllfrllflrffrrfllfrrffrlfflfllrrlfffrlfrrlffrrflrflffffllfffrffrffrrfll"/>
        <trajectory sample="328" generation="328000"
                    bestEnergy="-41.0" averageEnergy="-40.9992" worstEnergy="-33.0"
                    bestConformation="Conformation 41.0 -41.0 Fflrfrflrlrffrlrrfrllrlrllrfrllfrllflrffrrfllfrrffrlfflfllrrlfffrlfrrlffrrflrflffffllfffrffrffrrfll"/>
        <trajectory sample="329" generation="329000"
                    bestEnergy="-41.0" averageEnergy="-41.0" worstEnergy="-41.0"
                    bestConformation="Conformation 41.0 -41.0 Fflrfrflrlrffrlrrfrllrlrllrfrllfrllflrffrrfllfrrffrlfflfllrrlfffrlfrrlffrrflrflffffllfffrffrffrrfll"/>
        <trajectory sample="330" generation="330000"
                    bestEnergy="-41.0" averageEnergy="-41.0" worstEnergy="-41.0"
                    bestConformation="Conformation 41.0 -41.0 Fflrfrflrlrffrlrrfrllrlrllrfrllfrllflrffrrfllfrrffrlfflfllrrlfffrlfrrlffrrflrflffffllfffrffrffrrfll"/>
        <trajectory sample="331" generation="331000"
                    bestEnergy="-41.0" averageEnergy="-40.9996" worstEnergy="-37.0"
                    bestConformation="Conformation 41.0 -41.0 Fflrfrflrlrffrlrrfrllrlrllrfrllfrllflrffrrfllfrrffrlfflfllrrlfffrlfrrlffrrflrflffffllfffrffrffrrfll"/>
        <trajectory sample="332" generation="332000"
                    bestEnergy="-41.0" averageEnergy="-41.0" worstEnergy="-41.0"
                    bestConformation="Conformation 41.0 -41.0 Fflrfrflrlrffrlrrfrllrlrllrfrllfrllflrffrrfllfrrffrlfflfllrrlfffrlfrrlffrrflrflffffllfffrffrffrrfll"/>
        <trajectory sample="333" generation="333000"
                    bestEnergy="-41.0" averageEnergy="-41.0" worstEnergy="-41.0"
                    bestConformation="Conformation 41.0 -41.0 Fflrfrflrlrffrlrrfrllrlrllrfrllfrllflrffrrfllfrrffrlfflfllrrlfffrlfrrlffrrflrflffffllfffrffrffrrfll"/>
        <trajectory sample="334" generation="334000"
                    bestEnergy="-41.0" averageEnergy="-41.0" worstEnergy="-41.0"
                    bestConformation="Conformation 41.0 -41.0 Fflrfrflrlrffrlrrfrllrlrllrfrllfrllflrffrrfllfrrffrlfflfllrrlfffrlfrrlffrrflrflffffllfffrffrffrrfll"/>
        <trajectory sample="335" generation="335000"
                    bestEnergy="-41.0" averageEnergy="-41.0" worstEnergy="-41.0"
                    bestConformation="Conformation 41.0 -41.0 Fflrfrflrlrffrlrrfrllrlrllrfrllfrllflrffrrfllfrrffrlfflfllrrlfffrlfrrlffrrflrflffffllfffrffrffrrfll"/>
        <trajectory sample="336" generation="336000"
                    bestEnergy="-41.0" averageEnergy="-40.9991" worstEnergy="-32.0"
                    bestConformation="Conformation 41.0 -41.0 Fflrfrflrlrffrlrrfrllrlrllrfrllfrllflrffrrfllfrrffrlfflfllrrlfffrlfrrlffrrflrflffffllfffrffrffrrfll"/>
        <trajectory sample="337" generation="337000"
                    bestEnergy="-41.0" averageEnergy="-40.9994" worstEnergy="-35.0"
                    bestConformation="Conformation 41.0 -41.0 Fflrfrflrlrffrlrrfrllrlrllrfrllfrllflrffrrfllfrrffrlfflfllrrlfffrlfrrlffrrflrflffffllfffrffrffrrfll"/>
        <trajectory sample="338" generation="338000"
                    bestEnergy="-41.0" averageEnergy="-40.9996" worstEnergy="-37.0"
                    bestConformation="Conformation 41.0 -41.0 Fflrfrflrlrffrlrrfrllrlrllrfrllfrllflrffrrfllfrrffrlfflfllrrlfffrlfrrlffrrflrflffffllfffrffrffrrfll"/>
        <trajectory sample="339" generation="339000"
                    bestEnergy="-41.0" averageEnergy="-41.0" worstEnergy="-41.0"
                    bestConformation="Conformation 41.0 -41.0 Fflrfrflrlrffrlrrfrllrlrllrfrllfrllflrffrrfllfrrffrlfflfllrrlfffrlfrrlffrrflrflffffllfffrffrffrrfll"/>
        <trajectory sample="340" generation="340000"
                    bestEnergy="-41.0" averageEnergy="-41.0" worstEnergy="-41.0"
                    bestConformation="Conformation 41.0 -41.0 Fflrfrflrlrffrlrrfrllrlrllrfrllfrllflrffrrfllfrrffrlfflfllrrlfffrlfrrlffrrflrflffffllfffrffrffrrfll"/>
        <trajectory sample="341" generation="341000"
                    bestEnergy="-41.0" averageEnergy="-40.9996" worstEnergy="-37.0"
                    bestConformation="Conformation 41.0 -41.0 Fflrfrflrlrffrlrrfrllrlrllrfrllfrllflrffrrfllfrrffrlfflfllrrlfffrlfrrlffrrflrflffffllfffrffrffrrfll"/>
        <trajectory sample="342" generation="342000"
                    bestEnergy="-41.0" averageEnergy="-41.0" worstEnergy="-41.0"
                    bestConformation="Conformation 41.0 -41.0 Fflrfrflrlrffrlrrfrllrlrllrfrllfrllflrffrrfllfrrffrlfflfllrrlfffrlfrrlffrrflrflffffllfffrffrffrrfll"/>
        <trajectory sample="343" generation="343000"
                    bestEnergy="-41.0" averageEnergy="-41.0" worstEnergy="-41.0"
                    bestConformation="Conformation 41.0 -41.0 Fflrfrflrlrffrlrrfrllrlrllrfrllfrllflrffrrfllfrrffrlfflfllrrlfffrlfrrlffrrflrflffffllfffrffrffrrfll"/>
        <trajectory sample="344" generation="344000"
                    bestEnergy="-41.0" averageEnergy="-40.9996" worstEnergy="-37.0"
                    bestConformation="Conformation 41.0 -41.0 Fflrfrflrlrffrlrrfrllrlrllrfrllfrllflrffrrfllfrrffrlfflfllrrlfffrlfrrlffrrflrflffffllfffrffrffrrfll"/>
        <trajectory sample="345" generation="345000"
                    bestEnergy="-41.0" averageEnergy="-40.9998" worstEnergy="-39.0"
                    bestConformation="Conformation 41.0 -41.0 Fflrfrflrlrffrlrrfrllrlrllrfrllfrllflrffrrfllfrrffrlfflfllrrlfffrlfrrlffrrflrflffffllfffrffrffrrfll"/>
        <trajectory sample="346" generation="346000"
                    bestEnergy="-41.0" averageEnergy="-41.0" worstEnergy="-41.0"
                    bestConformation="Conformation 41.0 -41.0 Fflrfrflrlrffrlrrfrllrlrllrfrllfrllflrffrrfllfrrffrlfflfllrrlfffrlfrrlffrrflrflffffllfffrffrffrrfll"/>
        <trajectory sample="347" generation="347000"
                    bestEnergy="-41.0" averageEnergy="-41.0" worstEnergy="-41.0"
                    bestConformation="Conformation 41.0 -41.0 Fflrfrflrlrffrlrrfrllrlrllrfrllfrllflrffrrfllfrrffrlfflfllrrlfffrlfrrlffrrflrflffffllfffrffrffrrfll"/>
        <trajectory sample="348" generation="348000"
                    bestEnergy="-41.0" averageEnergy="-40.9998" worstEnergy="-39.0"
                    bestConformation="Conformation 41.0 -41.0 Fflrfrflrlrffrlrrfrllrlrllrfrllfrllflrffrrfllfrrffrlfflfllrrlfffrlfrrlffrrflrflffffllfffrffrffrrfll"/>
        <trajectory sample="349" generation="349000"
                    bestEnergy="-41.0" averageEnergy="-40.9996" worstEnergy="-37.0"
                    bestConformation="Conformation 41.0 -41.0 Fflrfrflrlrffrlrrfrllrlrllrfrllfrllflrffrrfllfrrffrlfflfllrrlfffrlfrrlffrrflrflffffllfffrffrffrrfll"/>
        <trajectory sample="350" generation="350000"
                    bestEnergy="-41.0" averageEnergy="-40.9996" worstEnergy="-37.0"
                    bestConformation="Conformation 41.0 -41.0 Fflrfrflrlrffrlrrfrllrlrllrfrllfrllflrffrrfllfrrffrlfflfllrrlfffrlfrrlffrrflrflffffllfffrffrffrrfll"/>
        <trajectory sample="351" generation="351000"
                    bestEnergy="-41.0" averageEnergy="-40.9998" worstEnergy="-39.0"
                    bestConformation="Conformation 41.0 -41.0 Fflrfrflrlrffrlrrfrllrlrllrfrllfrllflrffrrfllfrrffrlfflfllrrlfffrlfrrlffrrflrflffffllfffrffrffrrfll"/>
        <trajectory sample="352" generation="352000"
                    bestEnergy="-41.0" averageEnergy="-40.9996" worstEnergy="-37.0"
                    bestConformation="Conformation 41.0 -41.0 Fflrfrflrlrffrlrrfrllrlrllrfrllfrllflrffrrfllfrrffrlfflfllrrlfffrlfrrlffrrflrflffffllfffrffrffrrfll"/>
        <trajectory sample="353" generation="353000"
                    bestEnergy="-41.0" averageEnergy="-41.0" worstEnergy="-41.0"
                    bestConformation="Conformation 41.0 -41.0 Fflrfrflrlrffrlrrfrllrlrllrfrllfrllflrffrrfllfrrffrlfflfllrrlfffrlfrrlffrrflrflffffllfffrffrffrrfll"/>
        <trajectory sample="354" generation="354000"
                    bestEnergy="-41.0" averageEnergy="-40.9998" worstEnergy="-39.0"
                    bestConformation="Conformation 41.0 -41.0 Fflrfrflrlrffrlrrfrllrlrllrfrllfrllflrffrrfllfrrffrlfflfllrrlfffrlfrrlffrrflrflffffllfffrffrffrrfll"/>
        <trajectory sample="355" generation="355000"
                    bestEnergy="-41.0" averageEnergy="-41.0" worstEnergy="-41.0"
                    bestConformation="Conformation 41.0 -41.0 Fflrfrflrlrffrlrrfrllrlrllrfrllfrllflrffrrfllfrrffrlfflfllrrlfffrlfrrlffrrflrflffffllfffrffrffrrfll"/>
        <trajectory sample="356" generation="356000"
                    bestEnergy="-41.0" averageEnergy="-40.9995" worstEnergy="-36.0"
                    bestConformation="Conformation 41.0 -41.0 Fflrfrflrlrffrlrrfrllrlrllrfrllfrllflrffrrfllfrrffrlfflfllrrlfffrlfrrlffrrflrflffffllfffrffrffrrfll"/>
        <trajectory sample="357" generation="357000"
                    bestEnergy="-41.0" averageEnergy="-40.9994" worstEnergy="-35.0"
                    bestConformation="Conformation 41.0 -41.0 Fflrfrflrlrffrlrrfrllrlrllrfrllfrllflrffrrfllfrrffrlfflfllrrlfffrlfrrlffrrflrflffffllfffrffrffrrfll"/>
        <trajectory sample="358" generation="358000"
                    bestEnergy="-41.0" averageEnergy="-40.9992" worstEnergy="-33.0"
                    bestConformation="Conformation 41.0 -41.0 Fflrfrflrlrffrlrrfrllrlrllrfrllfrllflrffrrfllfrrffrlfflfllrrlfffrlfrrlffrrflrflffffllfffrffrffrrfll"/>
        <trajectory sample="359" generation="359000"
                    bestEnergy="-41.0" averageEnergy="-40.9995" worstEnergy="-36.0"
                    bestConformation="Conformation 41.0 -41.0 Fflrfrflrlrffrlrrfrllrlrllrfrllfrllflrffrrfllfrrffrlfflfllrrlfffrlfrrlffrrflrflffffllfffrffrffrrfll"/>
        <trajectory sample="360" generation="360000"
                    bestEnergy="-41.0" averageEnergy="-40.9994" worstEnergy="-35.0"
                    bestConformation="Conformation 41.0 -41.0 Fflrfrflrlrffrlrrfrllrlrllrfrllfrllflrffrrfllfrrffrlfflfllrrlfffrlfrrlffrrflrflffffllfffrffrffrrfll"/>
        <trajectory sample="361" generation="361000"
                    bestEnergy="-41.0" averageEnergy="-40.9996" worstEnergy="-37.0"
                    bestConformation="Conformation 41.0 -41.0 Fflrfrflrlrffrlrrfrllrlrllrfrllfrllflrffrrfllfrrffrlfflfllrrlfffrlfrrlffrrflrflffffllfffrffrffrrfll"/>
        <trajectory sample="362" generation="362000"
                    bestEnergy="-41.0" averageEnergy="-41.0" worstEnergy="-41.0"
                    bestConformation="Conformation 41.0 -41.0 Fflrfrflrlrffrlrrfrllrlrllrfrllfrllflrffrrfllfrrffrlfflfllrrlfffrlfrrlffrrflrflffffllfffrffrffrrfll"/>
        <trajectory sample="363" generation="363000"
                    bestEnergy="-41.0" averageEnergy="-40.9994" worstEnergy="-35.0"
                    bestConformation="Conformation 41.0 -41.0 Fflrfrflrlrffrlrrfrllrlrllrfrllfrllflrffrrfllfrrffrlfflfllrrlfffrlfrrlffrrflrflffffllfffrffrffrrfll"/>
        <trajectory sample="364" generation="364000"
                    bestEnergy="-41.0" averageEnergy="-41.0" worstEnergy="-41.0"
                    bestConformation="Conformation 41.0 -41.0 Fflrfrflrlrffrlrrfrllrlrllrfrllfrllflrffrrfllfrrffrlfflfllrrlfffrlfrrlffrrflrflffffllfffrffrffrrfll"/>
        <trajectory sample="365" generation="365000"
                    bestEnergy="-41.0" averageEnergy="-41.0" worstEnergy="-41.0"
                    bestConformation="Conformation 41.0 -41.0 Fflrfrflrlrffrlrrfrllrlrllrfrllfrllflrffrrfllfrrffrlfflfllrrlfffrlfrrlffrrflrflffffllfffrffrffrrfll"/>
        <trajectory sample="366" generation="366000"
                    bestEnergy="-41.0" averageEnergy="-40.9996" worstEnergy="-37.0"
                    bestConformation="Conformation 41.0 -41.0 Fflrfrflrlrffrlrrfrllrlrllrfrllfrllflrffrrfllfrrffrlfflfllrrlfffrlfrrlffrrflrflffffllfffrffrffrrfll"/>
        <trajectory sample="367" generation="367000"
                    bestEnergy="-41.0" averageEnergy="-40.9996" worstEnergy="-37.0"
                    bestConformation="Conformation 41.0 -41.0 Fflrfrflrlrffrlrrfrllrlrllrfrllfrllflrffrrfllfrrffrlfflfllrrlfffrlfrrlffrrflrflffffllfffrffrffrrfll"/>
        <trajectory sample="368" generation="368000"
                    bestEnergy="-41.0" averageEnergy="-41.0" worstEnergy="-41.0"
                    bestConformation="Conformation 41.0 -41.0 Fflrfrflrlrffrlrrfrllrlrllrfrllfrllflrffrrfllfrrffrlfflfllrrlfffrlfrrlffrrflrflffffllfffrffrffrrfll"/>
        <trajectory sample="369" generation="369000"
                    bestEnergy="-41.0" averageEnergy="-41.0" worstEnergy="-41.0"
                    bestConformation="Conformation 41.0 -41.0 Fflrfrflrlrffrlrrfrllrlrllrfrllfrllflrffrrfllfrrffrlfflfllrrlfffrlfrrlffrrflrflffffllfffrffrffrrfll"/>
        <trajectory sample="370" generation="370000"
                    bestEnergy="-41.0" averageEnergy="-41.0" worstEnergy="-41.0"
                    bestConformation="Conformation 41.0 -41.0 Fflrfrflrlrffrlrrfrllrlrllrfrllfrllflrffrrfllfrrffrlfflfllrrlfffrlfrrlffrrflrflffffllfffrffrffrrfll"/>
        <trajectory sample="371" generation="371000"
                    bestEnergy="-41.0" averageEnergy="-40.9995" worstEnergy="-36.0"
                    bestConformation="Conformation 41.0 -41.0 Fflrfrflrlrffrlrrfrllrlrllrfrllfrllflrffrrfllfrrffrlfflfllrrlfffrlfrrlffrrflrflffffllfffrffrffrrfll"/>
        <trajectory sample="372" generation="372000"
                    bestEnergy="-41.0" averageEnergy="-40.9992" worstEnergy="-33.0"
                    bestConformation="Conformation 41.0 -41.0 Fflrfrflrlrffrlrrfrllrlrllrfrllfrllflrffrrfllfrrffrlfflfllrrlfffrlfrrlffrrflrflffffllfffrffrffrrfll"/>
        <trajectory sample="373" generation="373000"
                    bestEnergy="-41.0" averageEnergy="-41.0" worstEnergy="-41.0"
                    bestConformation="Conformation 41.0 -41.0 Fflrfrflrlrffrlrrfrllrlrllrfrllfrllflrffrrfllfrrffrlfflfllrrlfffrlfrrlffrrflrflffffllfffrffrffrrfll"/>
        <trajectory sample="374" generation="374000"
                    bestEnergy="-41.0" averageEnergy="-40.9996" worstEnergy="-37.0"
                    bestConformation="Conformation 41.0 -41.0 Fflrfrflrlrffrlrrfrllrlrllrfrllfrllflrffrrfllfrrffrlfflfllrrlfffrlfrrlffrrflrflffffllfffrffrffrrfll"/>
        <trajectory sample="375" generation="375000"
                    bestEnergy="-41.0" averageEnergy="-40.9994" worstEnergy="-35.0"
                    bestConformation="Conformation 41.0 -41.0 Fflrfrflrlrffrlrrfrllrlrllrfrllfrllflrffrrfllfrrffrlfflfllrrlfffrlfrrlffrrflrflffffllfffrffrffrrfll"/>
        <trajectory sample="376" generation="376000"
                    bestEnergy="-41.0" averageEnergy="-41.0" worstEnergy="-41.0"
                    bestConformation="Conformation 41.0 -41.0 Fflrfrflrlrffrlrrfrllrlrllrfrllfrllflrffrrfllfrrffrlfflfllrrlfffrlfrrlffrrflrflffffllfffrffrffrrfll"/>
        <trajectory sample="377" generation="377000"
                    bestEnergy="-41.0" averageEnergy="-41.0" worstEnergy="-41.0"
                    bestConformation="Conformation 41.0 -41.0 Fflrfrflrlrffrlrrfrllrlrllrfrllfrllflrffrrfllfrrffrlfflfllrrlfffrlfrrlffrrflrflffffllfffrffrffrrfll"/>
        <trajectory sample="378" generation="378000"
                    bestEnergy="-41.0" averageEnergy="-40.9997" worstEnergy="-38.0"
                    bestConformation="Conformation 41.0 -41.0 Fflrfrflrlrffrlrrfrllrlrllrfrllfrllflrffrrfllfrrffrlfflfllrrlfffrlfrrlffrrflrflffffllfffrffrffrrfll"/>
        <trajectory sample="379" generation="379000"
                    bestEnergy="-41.0" averageEnergy="-41.0" worstEnergy="-41.0"
                    bestConformation="Conformation 41.0 -41.0 Fflrfrflrlrffrlrrfrllrlrllrfrllfrllflrffrrfllfrrffrlfflfllrrlfffrlfrrlffrrflrflffffllfffrffrffrrfll"/>
        <trajectory sample="380" generation="380000"
                    bestEnergy="-41.0" averageEnergy="-41.0" worstEnergy="-41.0"
                    bestConformation="Conformation 41.0 -41.0 Fflrfrflrlrffrlrrfrllrlrllrfrllfrllflrffrrfllfrrffrlfflfllrrlfffrlfrrlffrrflrflffffllfffrffrffrrfll"/>
        <trajectory sample="381" generation="381000"
                    bestEnergy="-41.0" averageEnergy="-41.0" worstEnergy="-41.0"
                    bestConformation="Conformation 41.0 -41.0 Fflrfrflrlrffrlrrfrllrlrllrfrllfrllflrffrrfllfrrffrlfflfllrrlfffrlfrrlffrrflrflffffllfffrffrffrrfll"/>
        <trajectory sample="382" generation="382000"
                    bestEnergy="-41.0" averageEnergy="-41.0" worstEnergy="-41.0"
                    bestConformation="Conformation 41.0 -41.0 Fflrfrflrlrffrlrrfrllrlrllrfrllfrllflrffrrfllfrrffrlfflfllrrlfffrlfrrlffrrflrflffffllfffrffrffrrfll"/>
        <trajectory sample="383" generation="383000"
                    bestEnergy="-41.0" averageEnergy="-40.9996" worstEnergy="-37.0"
                    bestConformation="Conformation 41.0 -41.0 Fflrfrflrlrffrlrrfrllrlrllrfrllfrllflrffrrfllfrrffrlfflfllrrlfffrlfrrlffrrflrflffffllfffrffrffrrfll"/>
        <trajectory sample="384" generation="384000"
                    bestEnergy="-41.0" averageEnergy="-40.9996" worstEnergy="-37.0"
                    bestConformation="Conformation 41.0 -41.0 Fflrfrflrlrffrlrrfrllrlrllrfrllfrllflrffrrfllfrrffrlfflfllrrlfffrlfrrlffrrflrflffffllfffrffrffrrfll"/>
        <trajectory sample="385" generation="385000"
                    bestEnergy="-41.0" averageEnergy="-40.9996" worstEnergy="-37.0"
                    bestConformation="Conformation 41.0 -41.0 Fflrfrflrlrffrlrrfrllrlrllrfrllfrllflrffrrfllfrrffrlfflfllrrlfffrlfrrlffrrflrflffffllfffrffrffrrfll"/>
        <trajectory sample="386" generation="386000"
                    bestEnergy="-41.0" averageEnergy="-40.9996" worstEnergy="-37.0"
                    bestConformation="Conformation 41.0 -41.0 Fflrfrflrlrffrlrrfrllrlrllrfrllfrllflrffrrfllfrrffrlfflfllrrlfffrlfrrlffrrflrflffffllfffrffrffrrfll"/>
        <trajectory sample="387" generation="387000"
                    bestEnergy="-41.0" averageEnergy="-40.9996" worstEnergy="-37.0"
                    bestConformation="Conformation 41.0 -41.0 Fflrfrflrlrffrlrrfrllrlrllrfrllfrllflrffrrfllfrrffrlfflfllrrlfffrlfrrlffrrflrflffffllfffrffrffrrfll"/>
        <trajectory sample="388" generation="388000"
                    bestEnergy="-41.0" averageEnergy="-40.9994" worstEnergy="-35.0"
                    bestConformation="Conformation 41.0 -41.0 Fflrfrflrlrffrlrrfrllrlrllrfrllfrllflrffrrfllfrrffrlfflfllrrlfffrlfrrlffrrflrflffffllfffrffrffrrfll"/>
        <trajectory sample="389" generation="389000"
                    bestEnergy="-41.0" averageEnergy="-41.0" worstEnergy="-41.0"
                    bestConformation="Conformation 41.0 -41.0 Fflrfrflrlrffrlrrfrllrlrllrfrllfrllflrffrrfllfrrffrlfflfllrrlfffrlfrrlffrrflrflffffllfffrffrffrrfll"/>
        <trajectory sample="390" generation="390000"
                    bestEnergy="-41.0" averageEnergy="-40.9998" worstEnergy="-39.0"
                    bestConformation="Conformation 41.0 -41.0 Fflrfrflrlrffrlrrfrllrlrllrfrllfrllflrffrrfllfrrffrlfflfllrrlfffrlfrrlffrrflrflffffllfffrffrffrrfll"/>
        <trajectory sample="391" generation="391000"
                    bestEnergy="-41.0" averageEnergy="-40.9998" worstEnergy="-39.0"
                    bestConformation="Conformation 41.0 -41.0 Fflrfrflrlrffrlrrfrllrlrllrfrllfrllflrffrrfllfrrffrlfflfllrrlfffrlfrrlffrrflrflffffllfffrffrffrrfll"/>
        <trajectory sample="392" generation="392000"
                    bestEnergy="-41.0" averageEnergy="-40.9996" worstEnergy="-37.0"
                    bestConformation="Conformation 41.0 -41.0 Fflrfrflrlrffrlrrfrllrlrllrfrllfrllflrffrrfllfrrffrlfflfllrrlfffrlfrrlffrrflrflffffllfffrffrffrrfll"/>
        <trajectory sample="393" generation="393000"
                    bestEnergy="-41.0" averageEnergy="-40.9995" worstEnergy="-36.0"
                    bestConformation="Conformation 41.0 -41.0 Fflrfrflrlrffrlrrfrllrlrllrfrllfrllflrffrrfllfrrffrlfflfllrrlfffrlfrrlffrrflrflffffllfffrffrffrrfll"/>
        <trajectory sample="394" generation="394000"
                    bestEnergy="-41.0" averageEnergy="-41.0" worstEnergy="-41.0"
                    bestConformation="Conformation 41.0 -41.0 Fflrfrflrlrffrlrrfrllrlrllrfrllfrllflrffrrfllfrrffrlfflfllrrlfffrlfrrlffrrflrflffffllfffrffrffrrfll"/>
        <trajectory sample="395" generation="395000"
                    bestEnergy="-41.0" averageEnergy="-41.0" worstEnergy="-41.0"
                    bestConformation="Conformation 41.0 -41.0 Fflrfrflrlrffrlrrfrllrlrllrfrllfrllflrffrrfllfrrffrlfflfllrrlfffrlfrrlffrrflrflffffllfffrffrffrrfll"/>
        <trajectory sample="396" generation="396000"
                    bestEnergy="-41.0" averageEnergy="-40.9992" worstEnergy="-33.0"
                    bestConformation="Conformation 41.0 -41.0 Fflrfrflrlrffrlrrfrllrlrllrfrllfrllflrffrrfllfrrffrlfflfllrrlfffrlfrrlffrrflrflffffllfffrffrffrrfll"/>
        <trajectory sample="397" generation="397000"
                    bestEnergy="-41.0" averageEnergy="-41.0" worstEnergy="-41.0"
                    bestConformation="Conformation 41.0 -41.0 Fflrfrflrlrffrlrrfrllrlrllrfrllfrllflrffrrfllfrrffrlfflfllrrlfffrlfrrlffrrflrflffffllfffrffrffrrfll"/>
        <trajectory sample="398" generation="398000"
                    bestEnergy="-41.0" averageEnergy="-41.0" worstEnergy="-41.0"
                    bestConformation="Conformation 41.0 -41.0 Fflrfrflrlrffrlrrfrllrlrllrfrllfrllflrffrrfllfrrffrlfflfllrrlfffrlfrrlffrrflrflffffllfffrffrffrrfll"/>
        <trajectory sample="399" generation="399000"
                    bestEnergy="-41.0" averageEnergy="-41.0" worstEnergy="-41.0"
                    bestConformation="Conformation 41.0 -41.0 Fflrfrflrlrffrlrrfrllrlrllrfrllfrllflrffrrfllfrrffrlfflfllrrlfffrlfrrlffrrflrflffffllfffrffrffrrfll"/>
        <trajectory sample="400" generation="400000"
                    bestEnergy="-41.0" averageEnergy="-40.9998" worstEnergy="-39.0"
                    bestConformation="Conformation 41.0 -41.0 Fflrfrflrlrffrlrrfrllrlrllrfrllfrllflrffrrfllfrrffrlfflfllrrlfffrlfrrlffrrflrflffffllfffrffrffrrfll"/>
    </run>
</runList>
